INFO [11-06|01:25:08] Starting peer-to-peer node               instance=Geth/v1.6.7-unstable-b6a0e85f/darwin-amd64/go1.9.7
INFO [11-06|01:25:08] Allocated cache and file handles         database=/Users/sujianwei20/new_misgcode/go_ethereum_cosi/examples/data/node1/geth/chaindata cache=128 handles=1024
WARN [11-06|01:25:08] Upgrading chain database to use sequential keys 
INFO [11-06|01:25:08] Initialised chain configuration          config="{ChainID: 2235 Homestead: 1 DAO: <nil> DAOSupport: false EIP150: 2 EIP155: 3 EIP158: 3 Metropolis: <nil> Engine: ethash}"
INFO [11-06|01:25:08] config bft is                            bft=true
WARN [11-06|01:25:08] Upgrading db log bloom bins 
INFO [11-06|01:25:08] Bloom-bin upgrade completed              elapsed=235.472µs
INFO [11-06|01:25:08] Initialising Ethereum protocol           versions="[63 62]" network=2234
INFO [11-06|01:25:08] Database conversion successful 
INFO [11-06|01:25:08] Loaded most recent local header          number=0 hash=6f3c1c…1bf138 td=1048576
INFO [11-06|01:25:08] Loaded most recent local full block      number=0 hash=6f3c1c…1bf138 td=1048576
INFO [11-06|01:25:08] Loaded most recent local fast block      number=0 hash=6f3c1c…1bf138 td=1048576
INFO [11-06|01:25:08] in NewTxPool, call resetState 
INFO [11-06|01:25:08] in NewTxPool, call pool.eventLoog() 
INFO [11-06|01:25:08] Allocated cache and file handles         database=/Users/sujianwei20/new_misgcode/go_ethereum_cosi/examples/data/node1/geth/bftData   cache=128 handles=1024
INFO [11-06|01:25:08] addVote to                               height=0 round=0 from=0x82a978b3f5962a5b0957d9ee9eef472ee55b42f1 success=true cm.coinbase=0x82a978b3f5962a5b0957d9ee9eef472ee55b42f1
ready: 1 need: 2.6666667
INFO [11-06|01:25:08] consensusManager not ready  
ready: 1 need: 2.6666667
INFO [11-06|01:25:08] Starting P2P networking 
INFO [11-06|01:25:08] ---In BFTvalidatorCommitBlock--- 
INFO [11-06|01:25:08] RLPx listener up                         self="enode://d67104e65b61fca1fc73a74175667c11f16c037fa8e414499189df9d68706aca6e1a1b4ea02b702f101eb609c4cd2964d4790047a06458ba8a1a19040ab1fe0d@[::]:30303?discport=0"
INFO [11-06|01:25:08] HTTP endpoint opened: http://127.0.0.1:8545 
INFO [11-06|01:25:08] IPC endpoint opened: /Users/sujianwei20/new_misgcode/go_ethereum_cosi/examples/data/node1/geth.ipc 
INFO [11-06|01:25:09] Handle BFT Msg,                          msg="msg #8 (78 bytes)"
INFO [11-06|01:25:09] ------Received ReadMsg------ 
AddReady from: [89 132 67 241 136 14 245 133 178 31 29 117 133 189 5 119 64 40 97 229]
INFO [11-06|01:25:09] send Ready msg 
INFO [11-06|01:25:09] send Ready msg 
INFO [11-06|01:25:09] send Ready msg 
INFO [11-06|01:25:09] Handle BFT Msg,                          msg="msg #8 (78 bytes)"
INFO [11-06|01:25:09] ------Received ReadMsg------ 
AddReady from: [89 132 67 241 136 14 245 133 178 31 29 117 133 189 5 119 64 40 97 229]
INFO [11-06|01:25:09] Handle BFT Msg,                          msg="msg #8 (78 bytes)"
INFO [11-06|01:25:09] ------Received ReadMsg------ 
AddReady from: [89 132 67 241 136 14 245 133 178 31 29 117 133 189 5 119 64 40 97 229]
INFO [11-06|01:25:09] Handle BFT Msg,                          msg="msg #8 (78 bytes)"
INFO [11-06|01:25:09] ------Received ReadMsg------ 
AddReady from: [89 132 67 241 136 14 245 133 178 31 29 117 133 189 5 119 64 40 97 229]
ready: 2 need: 2.6666667
INFO [11-06|01:25:09] consensusManager not ready  
ready: 2 need: 2.6666667
INFO [11-06|01:25:09] send Ready msg 
INFO [11-06|01:25:09] send Ready msg 
INFO [11-06|01:25:09] send Ready msg 
INFO [11-06|01:25:09] Handle BFT Msg,                          msg="msg #8 (78 bytes)"
INFO [11-06|01:25:09] ------Received ReadMsg------ 
INFO [11-06|01:25:09] Handle BFT Msg,                          msg="msg #8 (78 bytes)"
INFO [11-06|01:25:09] ------Received ReadMsg------ 
AddReady from: [130 169 120 179 245 150 42 91 9 87 217 238 158 239 71 46 229 91 66 241]
AddReady from: [130 169 120 179 245 150 42 91 9 87 217 238 158 239 71 46 229 91 66 241]
INFO [11-06|01:25:09] Handle BFT Msg,                          msg="msg #8 (78 bytes)"
INFO [11-06|01:25:09] ------Received ReadMsg------ 
AddReady from: [130 169 120 179 245 150 42 91 9 87 217 238 158 239 71 46 229 91 66 241]
INFO [11-06|01:25:09] Handle BFT Msg,                          msg="msg #8 (78 bytes)"
INFO [11-06|01:25:09] ------Received ReadMsg------ 
AddReady from: [130 169 120 179 245 150 42 91 9 87 217 238 158 239 71 46 229 91 66 241]
INFO [11-06|01:25:09] Handle BFT Msg,                          msg="msg #8 (78 bytes)"
INFO [11-06|01:25:09] ------Received ReadMsg------ 
INFO [11-06|01:25:09] Handle BFT Msg,                          msg="msg #8 (78 bytes)"
INFO [11-06|01:25:09] ------Received ReadMsg------ 
AddReady from: [220 236 234 243 252 92 10 99 209 149 214 155 26 144 1 27 123 25 101 13]
INFO [11-06|01:25:09] send Ready msg 
INFO [11-06|01:25:09] send Ready msg 
INFO [11-06|01:25:09] send Ready msg 
AddReady from: [220 236 234 243 252 92 10 99 209 149 214 155 26 144 1 27 123 25 101 13]
INFO [11-06|01:25:09] Handle BFT Msg,                          msg="msg #8 (78 bytes)"
INFO [11-06|01:25:09] ------Received ReadMsg------ 
AddReady from: [220 236 234 243 252 92 10 99 209 149 214 155 26 144 1 27 123 25 101 13]
INFO [11-06|01:25:09] Handle BFT Msg,                          msg="msg #8 (78 bytes)"
INFO [11-06|01:25:09] ------Received ReadMsg------ 
AddReady from: [125 87 122 89 123 39 66 180 152 203 92 240 194 108 220 215 38 211 158 110]
INFO [11-06|01:25:09] send Ready msg 
INFO [11-06|01:25:09] send Ready msg 
INFO [11-06|01:25:09] Handle BFT Msg,                          msg="msg #8 (78 bytes)"
INFO [11-06|01:25:09] ------Received ReadMsg------ 
INFO [11-06|01:25:09] send Ready msg 
AddReady from: [125 87 122 89 123 39 66 180 152 203 92 240 194 108 220 215 38 211 158 110]
INFO [11-06|01:25:09] Handle BFT Msg,                          msg="msg #8 (78 bytes)"
INFO [11-06|01:25:09] ------Received ReadMsg------ 
AddReady from: [125 87 122 89 123 39 66 180 152 203 92 240 194 108 220 215 38 211 158 110]
INFO [11-06|01:25:09] Handle BFT Msg,                          msg="msg #8 (78 bytes)"
INFO [11-06|01:25:09] ------Received ReadMsg------ 
AddReady from: [89 132 67 241 136 14 245 133 178 31 29 117 133 189 5 119 64 40 97 229]
INFO [11-06|01:25:09] send Ready msg 
INFO [11-06|01:25:09] send Ready msg 
INFO [11-06|01:25:09] send Ready msg 
INFO [11-06|01:25:09] Handle BFT Msg,                          msg="msg #8 (78 bytes)"
INFO [11-06|01:25:09] ------Received ReadMsg------ 
INFO [11-06|01:25:09] Handle BFT Msg,                          msg="msg #8 (78 bytes)"
INFO [11-06|01:25:09] ------Received ReadMsg------ 
AddReady from: [89 132 67 241 136 14 245 133 178 31 29 117 133 189 5 119 64 40 97 229]
AddReady from: [89 132 67 241 136 14 245 133 178 31 29 117 133 189 5 119 64 40 97 229]
ready: 4 need: 2.6666667
ready: 4 need: 2.6666667
INFO [11-06|01:25:09] send Ready msg 
INFO [11-06|01:25:09] send Ready msg 
INFO [11-06|01:25:09] send Ready msg 
INFO [11-06|01:25:09] -----------------consensusManager Ready------------------------- 
INFO [11-06|01:25:09] Handle BFT Msg,                          msg="msg #8 (78 bytes)"
INFO [11-06|01:25:09] ------Received ReadMsg------ 
AddReady from: [130 169 120 179 245 150 42 91 9 87 217 238 158 239 71 46 229 91 66 241]
INFO [11-06|01:25:09] Handle BFT Msg,                          msg="msg #8 (78 bytes)"
INFO [11-06|01:25:09] ------Received ReadMsg------ 
AddReady from: [130 169 120 179 245 150 42 91 9 87 217 238 158 239 71 46 229 91 66 241]
INFO [11-06|01:25:09] Handle BFT Msg,                          msg="msg #8 (78 bytes)"
INFO [11-06|01:25:09] ------Received ReadMsg------ 
AddReady from: [130 169 120 179 245 150 42 91 9 87 217 238 158 239 71 46 229 91 66 241]
INFO [11-06|01:27:21] Transaction pool price threshold updated price=18000000000
INFO [11-06|01:27:21] Starting mining operation 
INFO [11-06|01:27:23] Commit new mining work                   number=1 txs=1598 uncles=0 elapsed=1.680s
INFO [11-06|01:27:23] Sealing                                  block n=1
StartConsensus, 1541438843060241000
INFO [11-06|01:27:23] Start Process 
INFO [11-06|01:27:23] in cm.Process, check lastCommittingLockset() 
INFO [11-06|01:27:23] In IsValid() 
len(lockset.Votes): 1 lockset.EligibleVotesNum: 0
INFO [11-06|01:27:23] in HasQuorum 
INFO [11-06|01:27:23] In IsValid() 
len(lockset.Votes): 1 lockset.EligibleVotesNum: 0
=====CM.COINBASE IS:===== [130 169 120 179 245 150 42 91 9 87 217 238 158 239 71 46 229 91 66 241] block number is: 1
INFO [11-06|01:27:23] case: default, cm.process 
ready: 4 need: 2.6666667
INFO [11-06|01:27:23] ---------------process------------------ 
INFO [11-06|01:27:23] In RM Process                            height=1 round=0
INFO [11-06|01:27:23] --------In rm.propose------- 
INFO [11-06|01:27:23] ---------------in rm.vote----------------- 
INFO [11-06|01:27:23] in vote in RM                            height=1 round=0
INFO [11-06|01:27:23] Timeout time not reach, curr vs timeout: curr=1541438843.000 timeout=1541438848.000
INFO [11-06|01:27:23] in rm.process, check lockset HasQuorum 
INFO [11-06|01:27:23] in HasQuorum 
INFO [11-06|01:27:23] In IsValid() 
len(lockset.Votes): 0 lockset.EligibleVotesNum: 4
INFO [11-06|01:27:23] rm lockset is not valid yet 
INFO [11-06|01:27:23] after cm.process() 
INFO [11-06|01:27:23] case: default, cm.process 
ready: 4 need: 2.6666667
INFO [11-06|01:27:23] ---------------process------------------ 
INFO [11-06|01:27:23] In RM Process                            height=1 round=0
INFO [11-06|01:27:23] --------In rm.propose------- 
INFO [11-06|01:27:23] ---------------in rm.vote----------------- 
INFO [11-06|01:27:23] in vote in RM                            height=1 round=0
INFO [11-06|01:27:23] Timeout time not reach, curr vs timeout: curr=1541438843.000 timeout=1541438848.000
INFO [11-06|01:27:23] in rm.process, check lockset HasQuorum 
INFO [11-06|01:27:23] in HasQuorum 
INFO [11-06|01:27:23] In IsValid() 
len(lockset.Votes): 0 lockset.EligibleVotesNum: 4
INFO [11-06|01:27:23] rm lockset is not valid yet 
INFO [11-06|01:27:23] after cm.process() 
INFO [11-06|01:27:23] case: default, cm.process 
ready: 4 need: 2.6666667
INFO [11-06|01:27:23] ---------------process------------------ 
INFO [11-06|01:27:23] In RM Process                            height=1 round=0
INFO [11-06|01:27:23] --------In rm.propose------- 
INFO [11-06|01:27:23] ---------------in rm.vote----------------- 
INFO [11-06|01:27:23] in vote in RM                            height=1 round=0
INFO [11-06|01:27:23] Timeout time not reach, curr vs timeout: curr=1541438843.000 timeout=1541438848.000
INFO [11-06|01:27:23] in rm.process, check lockset HasQuorum 
INFO [11-06|01:27:23] in HasQuorum 
INFO [11-06|01:27:23] In IsValid() 
len(lockset.Votes): 0 lockset.EligibleVotesNum: 4
INFO [11-06|01:27:23] rm lockset is not valid yet 
INFO [11-06|01:27:23] after cm.process() 
INFO [11-06|01:27:23] case: default, cm.process 
ready: 4 need: 2.6666667
INFO [11-06|01:27:23] ---------------process------------------ 
INFO [11-06|01:27:23] In RM Process                            height=1 round=0
INFO [11-06|01:27:23] --------In rm.propose------- 
INFO [11-06|01:27:23] ---------------in rm.vote----------------- 
INFO [11-06|01:27:23] in vote in RM                            height=1 round=0
INFO [11-06|01:27:23] Timeout time not reach, curr vs timeout: curr=1541438843.000 timeout=1541438848.000
INFO [11-06|01:27:23] in rm.process, check lockset HasQuorum 
INFO [11-06|01:27:23] in HasQuorum 
INFO [11-06|01:27:23] In IsValid() 
len(lockset.Votes): 0 lockset.EligibleVotesNum: 4
INFO [11-06|01:27:23] rm lockset is not valid yet 
INFO [11-06|01:27:23] after cm.process() 
INFO [11-06|01:27:23] case: default, cm.process 
ready: 4 need: 2.6666667
INFO [11-06|01:27:23] ---------------process------------------ 
INFO [11-06|01:27:23] In RM Process                            height=1 round=0
INFO [11-06|01:27:23] --------In rm.propose------- 
INFO [11-06|01:27:23] ---------------in rm.vote----------------- 
INFO [11-06|01:27:23] in vote in RM                            height=1 round=0
INFO [11-06|01:27:23] Timeout time not reach, curr vs timeout: curr=1541438843.000 timeout=1541438848.000
INFO [11-06|01:27:23] in rm.process, check lockset HasQuorum 
INFO [11-06|01:27:23] in HasQuorum 
INFO [11-06|01:27:23] In IsValid() 
len(lockset.Votes): 0 lockset.EligibleVotesNum: 4
INFO [11-06|01:27:23] rm lockset is not valid yet 
INFO [11-06|01:27:23] after cm.process() 
INFO [11-06|01:27:23] Handle BFT Msg,                          msg="msg #11 (172922 bytes)"
INFO [11-06|01:27:23] -------Received NewBlockProposalMsg------- 
bpHR: H: 1 R: 0
cmHR: H: 1 R: 0
INFO [11-06|01:27:23] --------------------------------------- 
# collMsig from = Peer 6d11b37ef4fc909a [eth/63]
cmHR: H: 1 R: 0
this is rm.proposerPeer  Peer 6d11b37ef4fc909a [eth/63]
INFO [11-06|01:27:23] In IsValid() 
len(lockset.Votes): 0 lockset.EligibleVotesNum: 0
INFO [11-06|01:27:23] cm add BlockProposal                     h=1 r=0
INFO [11-06|01:27:23] in HasQuorum 
INFO [11-06|01:27:23] In IsValid() 
len(lockset.Votes): 1 lockset.EligibleVotesNum: 0
INFO [11-06|01:27:23] In addBlockCandidates!! 
INFO [11-06|01:27:23] -------in handle NewBlockProposalMsg, success!------- 
INFO [11-06|01:27:23] Handle BFT Msg,                          msg="msg #18 (345 bytes)"
INFO [11-06|01:27:23] ------Received MsigProposalMsg------ 
mpHR: H: 1 R: 0 hash: [1 94 229 210 22 66 83 236 30 206 246 194 17 59 32 162 62 84 52 173 126 86 138 237 208 56 224 200 245 222 224 66]
cmHR: H: 1 R: 0
INFO [11-06|01:27:23] --------------------------------------- 
INFO [11-06|01:27:23] 1111111 
INFO [11-06|01:27:23] in MsigFinished 
len(mp.Msig.MsigVs): 2 mp.MsigVs: [0 27]
H====:  1 P==== 0
INFO [11-06|01:27:23] ------addmsigproposal success!------- 
INFO [11-06|01:27:23] case: default, cm.process 
ready: 4 need: 2.6666667
INFO [11-06|01:27:23] ---------------process------------------ 
INFO [11-06|01:27:23] In RM Process                            height=1 round=0
INFO [11-06|01:27:23] --------In rm.propose------- 
INFO [11-06|01:27:23] ---------------in rm.vote----------------- 
INFO [11-06|01:27:23] in vote in RM                            height=1 round=0
INFO [11-06|01:27:23] vote mp 
INFO [11-06|01:27:23] vote success in                          height=1 round=0
INFO [11-06|01:27:23] Send VoteMsg 
INFO [11-06|01:27:23] in rm.process, check lockset HasQuorum 
INFO [11-06|01:27:23] in HasQuorum 
INFO [11-06|01:27:23] In IsValid() 
len(lockset.Votes): 1 lockset.EligibleVotesNum: 4
INFO [11-06|01:27:23] rm lockset is not valid yet 
INFO [11-06|01:27:23] after cm.process() 
INFO [11-06|01:27:23] Handle BFT Msg,                          msg="msg #17 (107 bytes)"
INFO [11-06|01:27:23] ------Received VoteMsg------ 
voteHR: H: 1 R: 0 voteType:: 1 voteHash: [1 94 229 210 22 66 83 236 30 206 246 194 17 59 32 162 62 84 52 173 126 86 138 237 208 56 224 200 245 222 224 66]
cmHR: H: 1 R: 0
INFO [11-06|01:27:23] --------------------------------------- 
INFO [11-06|01:27:23] addVote to                               height=1 round=0 from=0x7d577a597b2742b498cb5cf0c26cdcd726d39e6e success=true cm.coinbase=0x82a978b3f5962a5b0957d9ee9eef472ee55b42f1
INFO [11-06|01:27:23] ------in handle VoteMsg, success!------ 
INFO [11-06|01:27:23] Handle BFT Msg,                          msg="msg #17 (107 bytes)"
INFO [11-06|01:27:23] ------Received VoteMsg------ 
voteHR: H: 1 R: 0 voteType:: 1 voteHash: [1 94 229 210 22 66 83 236 30 206 246 194 17 59 32 162 62 84 52 173 126 86 138 237 208 56 224 200 245 222 224 66]
cmHR: H: 1 R: 0
INFO [11-06|01:27:23] --------------------------------------- 
INFO [11-06|01:27:23] addVote to                               height=1 round=0 from=0xdceceaf3fc5c0a63d195d69b1a90011b7b19650d success=true cm.coinbase=0x82a978b3f5962a5b0957d9ee9eef472ee55b42f1
INFO [11-06|01:27:23] ------in handle VoteMsg, success!------ 
INFO [11-06|01:27:23] received NewBlockMsg! 
INFO [11-06|01:27:23] ***in BFT.VVVVerifyHeader*** 
INFO [11-06|01:27:23] ***in BFT.verifyHeader*** 
INFO [11-06|01:27:23] ***in BFT.verifySeal*** 
INFO [11-06|01:27:23] In verifyVotes 
INFO [11-06|01:27:23] ***in sync.request()*** 
INFO [11-06|01:27:23] case: default, cm.process 
ready: 4 need: 2.6666667
INFO [11-06|01:27:23] ---------------process------------------ 
INFO [11-06|01:27:23] In RM Process                            height=1 round=0
INFO [11-06|01:27:23] --------In rm.propose------- 
INFO [11-06|01:27:23] ---------------in rm.vote----------------- 
INFO [11-06|01:27:23] voted 
INFO [11-06|01:27:23] in rm.process, check lockset HasQuorum 
INFO [11-06|01:27:23] in HasQuorum 
INFO [11-06|01:27:23] In IsValid() 
len(lockset.Votes): 3 lockset.EligibleVotesNum: 4
INFO [11-06|01:27:23] There is a quorum                        height=1 round=0
--- in rm.process p.id: --- Peer 6d11b37ef4fc909a [eth/63]
INFO [11-06|01:27:23] ============in cm.commitLockset============ 
INFO [11-06|01:27:23] in commitLockset, check ls HasQuorum 
INFO [11-06|01:27:23] in HasQuorum 
INFO [11-06|01:27:23] In IsValid() 
len(lockset.Votes): 3 lockset.EligibleVotesNum: 4
INFO [11-06|01:27:23] cm.found is not nil 
INFO [11-06|01:27:23] store lockset 
peerid: 6d11b37ef4fc909a
INFO [11-06|01:27:23] ---storeLockset--- 
cmH 1
INFO [11-06|01:27:23] have a consensus on the block 
INFO [11-06|01:27:23] result.Header().Coinbase != b.signer 
result.Header().Coinbase: [125 87 122 89 123 39 66 180 152 203 92 240 194 108 220 215 38 211 158 110] b.signer: [130 169 120 179 245 150 42 91 9 87 217 238 158 239 71 46 229 91 66 241]
INFO [11-06|01:27:23] after cm.process() 
INFO [11-06|01:27:23] in validatorCommit1 
ConsensusTime, 627492622 , txs, 1598 , blockNum, 1
pid: 6d11b37ef4fc909a
block number 1
-------in NewBFTValidatorBlock-------
FinishedConsensus, 1541438843687624000
INFO [11-06|01:27:23] in validatorCommit2 
validatorCommit time: 259.96µs
INFO [11-06|01:27:23] **in eth.handler**, get result from ch 
INFO [11-06|01:27:23] result is nil 
INFO [11-06|01:27:23] === Finished Mine() === 
INFO [11-06|01:27:23] received NewBlockMsg! 
INFO [11-06|01:27:23] In verifyVotes 
INFO [11-06|01:27:23] in HasQuorum 
INFO [11-06|01:27:23] In IsValid() 
len(lockset.Votes): 3 lockset.EligibleVotesNum: 4
INFO [11-06|01:27:23] ***in BFT.VerifyHeaderSSSS*** 
INFO [11-06|01:27:23] ***in BFT.verifyHeader*** 
INFO [11-06|01:27:23] ***in BFT.verifySeal*** 
INFO [11-06|01:27:23] In verifyVotes 
INFO [11-06|01:27:23] in HasQuorum 
INFO [11-06|01:27:23] In IsValid() 
len(lockset.Votes): 3 lockset.EligibleVotesNum: 4
INFO [11-06|01:27:23] Handle BFT Msg,                          msg="msg #17 (107 bytes)"
INFO [11-06|01:27:23] ------Received VoteMsg------ 
voteHR: H: 1 R: 0 voteType:: 1 voteHash: [1 94 229 210 22 66 83 236 30 206 246 194 17 59 32 162 62 84 52 173 126 86 138 237 208 56 224 200 245 222 224 66]
cmHR: H: 1 R: 0
INFO [11-06|01:27:23] --------------------------------------- 
INFO [11-06|01:27:23] addVote to                               height=1 round=0 from=0x598443f1880ef585b21f1d7585bd0577402861e5 success=true cm.coinbase=0x82a978b3f5962a5b0957d9ee9eef472ee55b42f1
INFO [11-06|01:27:23] ------in handle VoteMsg, success!------ 
INFO [11-06|01:27:25] Imported new chain segment               blocks=1 txs=1598 mgas=33.558 elapsed=1.249s    mgasps=26.860 number=1 hash=015ee5…dee042
FinishedPostExec, 1541438845073878000 , txs, 1598
PostExecTime, 1.24936014s
INFO [11-06|01:27:25] in pool.evenLoop, call pool.resetState 
INFO [11-06|01:27:27] Handle BFT Msg,                          msg="msg #11 (173334 bytes)"
INFO [11-06|01:27:27] -------Received NewBlockProposalMsg------- 
bpHR: H: 2 R: 0
cmHR: H: 2 R: 0
INFO [11-06|01:27:27] --------------------------------------- 
# collMsig from = Peer 94dd98401cf6ca04 [eth/63]
cmHR: H: 2 R: 0
this is rm.proposerPeer  Peer 94dd98401cf6ca04 [eth/63]
INFO [11-06|01:27:27] In IsValid() 
len(lockset.Votes): 0 lockset.EligibleVotesNum: 0
INFO [11-06|01:27:27] cm add BlockProposal                     h=2 r=0
INFO [11-06|01:27:27] in HasQuorum 
INFO [11-06|01:27:27] In IsValid() 
len(lockset.Votes): 4 lockset.EligibleVotesNum: 4
INFO [11-06|01:27:27] In addBlockCandidates!! 
INFO [11-06|01:27:27] -------in handle NewBlockProposalMsg, success!------- 
INFO [11-06|01:27:27] Handle BFT Msg,                          msg="msg #18 (662 bytes)"
INFO [11-06|01:27:27] ------Received MsigProposalMsg------ 
mpHR: H: 2 R: 0 hash: [195 237 193 1 208 141 166 113 30 184 131 25 47 126 187 117 96 53 221 94 239 4 85 151 163 71 76 60 182 45 187 177]
cmHR: H: 2 R: 0
INFO [11-06|01:27:27] --------------------------------------- 
INFO [11-06|01:27:27] 1111111 
INFO [11-06|01:27:27] in MsigFinished 
len(mp.Msig.MsigVs): 2 mp.MsigVs: [0 27]
H====:  2 P==== 0
INFO [11-06|01:27:27] ------addmsigproposal success!------- 
INFO [11-06|01:27:27] Commit new mining work                   number=2 txs=1599 uncles=0 elapsed=2.126s
INFO [11-06|01:27:27] Sealing                                  block n=2
StartConsensus, 1541438847200204000
INFO [11-06|01:27:27] Start Process 
INFO [11-06|01:27:27] in cm.Process, check lastCommittingLockset() 
INFO [11-06|01:27:27] In IsValid() 
len(lockset.Votes): 4 lockset.EligibleVotesNum: 4
INFO [11-06|01:27:27] in HasQuorum 
INFO [11-06|01:27:27] In IsValid() 
len(lockset.Votes): 4 lockset.EligibleVotesNum: 4
=====CM.COINBASE IS:===== [130 169 120 179 245 150 42 91 9 87 217 238 158 239 71 46 229 91 66 241] block number is: 2
INFO [11-06|01:27:27] case: default, cm.process 
ready: 4 need: 2.6666667
INFO [11-06|01:27:27] ---------------process------------------ 
INFO [11-06|01:27:27] In RM Process                            height=2 round=0
INFO [11-06|01:27:27] --------In rm.propose------- 
INFO [11-06|01:27:27] ---------------in rm.vote----------------- 
INFO [11-06|01:27:27] in vote in RM                            height=2 round=0
INFO [11-06|01:27:27] vote mp 
INFO [11-06|01:27:27] vote success in                          height=2 round=0
INFO [11-06|01:27:27] Send VoteMsg 
INFO [11-06|01:27:27] in rm.process, check lockset HasQuorum 
INFO [11-06|01:27:27] in HasQuorum 
INFO [11-06|01:27:27] In IsValid() 
len(lockset.Votes): 1 lockset.EligibleVotesNum: 4
INFO [11-06|01:27:27] rm lockset is not valid yet 
INFO [11-06|01:27:27] after cm.process() 
INFO [11-06|01:27:27] Handle BFT Msg,                          msg="msg #17 (107 bytes)"
INFO [11-06|01:27:27] ------Received VoteMsg------ 
voteHR: H: 2 R: 0 voteType:: 1 voteHash: [195 237 193 1 208 141 166 113 30 184 131 25 47 126 187 117 96 53 221 94 239 4 85 151 163 71 76 60 182 45 187 177]
cmHR: H: 2 R: 0
INFO [11-06|01:27:27] --------------------------------------- 
INFO [11-06|01:27:27] addVote to                               height=2 round=0 from=0x7d577a597b2742b498cb5cf0c26cdcd726d39e6e success=true cm.coinbase=0x82a978b3f5962a5b0957d9ee9eef472ee55b42f1
INFO [11-06|01:27:27] ------in handle VoteMsg, success!------ 
INFO [11-06|01:27:27] Handle BFT Msg,                          msg="msg #17 (107 bytes)"
INFO [11-06|01:27:27] ------Received VoteMsg------ 
voteHR: H: 2 R: 0 voteType:: 1 voteHash: [195 237 193 1 208 141 166 113 30 184 131 25 47 126 187 117 96 53 221 94 239 4 85 151 163 71 76 60 182 45 187 177]
cmHR: H: 2 R: 0
INFO [11-06|01:27:27] --------------------------------------- 
INFO [11-06|01:27:27] addVote to                               height=2 round=0 from=0xdceceaf3fc5c0a63d195d69b1a90011b7b19650d success=true cm.coinbase=0x82a978b3f5962a5b0957d9ee9eef472ee55b42f1
INFO [11-06|01:27:27] ------in handle VoteMsg, success!------ 
INFO [11-06|01:27:27] case: default, cm.process 
ready: 4 need: 2.6666667
INFO [11-06|01:27:27] ---------------process------------------ 
INFO [11-06|01:27:27] In RM Process                            height=2 round=0
INFO [11-06|01:27:27] --------In rm.propose------- 
INFO [11-06|01:27:27] ---------------in rm.vote----------------- 
INFO [11-06|01:27:27] voted 
INFO [11-06|01:27:27] in rm.process, check lockset HasQuorum 
INFO [11-06|01:27:27] in HasQuorum 
INFO [11-06|01:27:27] In IsValid() 
len(lockset.Votes): 3 lockset.EligibleVotesNum: 4
INFO [11-06|01:27:27] There is a quorum                        height=2 round=0
--- in rm.process p.id: --- Peer 94dd98401cf6ca04 [eth/63]
INFO [11-06|01:27:27] ============in cm.commitLockset============ 
INFO [11-06|01:27:27] in commitLockset, check ls HasQuorum 
INFO [11-06|01:27:27] in HasQuorum 
INFO [11-06|01:27:27] In IsValid() 
len(lockset.Votes): 3 lockset.EligibleVotesNum: 4
INFO [11-06|01:27:27] cm.found is not nil 
INFO [11-06|01:27:27] store lockset 
peerid: 94dd98401cf6ca04
INFO [11-06|01:27:27] ---storeLockset--- 
INFO [11-06|01:27:27] after cm.process() 
cmH 2
INFO [11-06|01:27:27] in validatorCommit1 
pid: 94dd98401cf6ca04
block number 2
-------in NewBFTValidatorBlock-------
INFO [11-06|01:27:27] in validatorCommit2 
validatorCommit time: 81.909µs
INFO [11-06|01:27:27] **in eth.handler**, get result from ch 
INFO [11-06|01:27:27] ***in BFT.VVVVerifyHeader*** 
INFO [11-06|01:27:27] ***in BFT.verifyHeader*** 
INFO [11-06|01:27:27] ***in BFT.verifySeal*** 
INFO [11-06|01:27:27] In verifyVotes 
INFO [11-06|01:27:27] in HasQuorum 
INFO [11-06|01:27:27] In IsValid() 
len(lockset.Votes): 3 lockset.EligibleVotesNum: 4
INFO [11-06|01:27:27] ***in BFT.VerifyHeaderSSSS*** 
INFO [11-06|01:27:27] ***in BFT.verifyHeader*** 
INFO [11-06|01:27:27] ***in BFT.verifySeal*** 
INFO [11-06|01:27:27] In verifyVotes 
INFO [11-06|01:27:27] in HasQuorum 
INFO [11-06|01:27:27] In IsValid() 
len(lockset.Votes): 3 lockset.EligibleVotesNum: 4
INFO [11-06|01:27:27] received NewBlockMsg! 
INFO [11-06|01:27:27] Handle BFT Msg,                          msg="msg #9 (3 bytes)"
INFO [11-06|01:27:27] -------GetLocksetsMsg------- 
GetLockSetsMsg request:  [{2}] from:  d9d5b902798f5c42
INFO [11-06|01:27:27] Request future block 
INFO [11-06|01:27:27] have a consensus on the block 
INFO [11-06|01:27:27] result.Header().Coinbase != b.signer 
result.Header().Coinbase: [220 236 234 243 252 92 10 99 209 149 214 155 26 144 1 27 123 25 101 13] b.signer: [130 169 120 179 245 150 42 91 9 87 217 238 158 239 71 46 229 91 66 241]
ConsensusTime, 138012375 , txs, 1599 , blockNum, 2
FinishedConsensus, 1541438847338200000
INFO [11-06|01:27:27] result is nil 
INFO [11-06|01:27:27] === Finished Mine() === 
INFO [11-06|01:27:27] Handle BFT Msg,                          msg="msg #9 (3 bytes)"
INFO [11-06|01:27:27] -------GetLocksetsMsg------- 
GetLockSetsMsg request:  [{2}] from:  d9d5b902798f5c42
INFO [11-06|01:27:27] Request future block 
INFO [11-06|01:27:27] Handle BFT Msg,                          msg="msg #17 (107 bytes)"
INFO [11-06|01:27:27] ------Received VoteMsg------ 
voteHR: H: 2 R: 0 voteType:: 1 voteHash: [195 237 193 1 208 141 166 113 30 184 131 25 47 126 187 117 96 53 221 94 239 4 85 151 163 71 76 60 182 45 187 177]
cmHR: H: 2 R: 0
INFO [11-06|01:27:27] --------------------------------------- 
INFO [11-06|01:27:27] addVote to                               height=2 round=0 from=0x598443f1880ef585b21f1d7585bd0577402861e5 success=true cm.coinbase=0x82a978b3f5962a5b0957d9ee9eef472ee55b42f1
INFO [11-06|01:27:27] ------in handle VoteMsg, success!------ 
INFO [11-06|01:27:29] Imported new chain segment               blocks=1 txs=1599 mgas=33.579 elapsed=2.116s    mgasps=15.867 number=2 hash=c3edc1…2dbbb1
FinishedPostExec, 1541438849430644000 , txs, 1599
PostExecTime, 2.116326166s
INFO [11-06|01:27:29] in pool.evenLoop, call pool.resetState 
INFO [11-06|01:27:31] Commit new mining work                   number=3 txs=1599 uncles=0 elapsed=1.988s
INFO [11-06|01:27:31] Sealing                                  block n=3
StartConsensus, 1541438851420763000
INFO [11-06|01:27:31] Start Process 
INFO [11-06|01:27:31] in cm.Process, check lastCommittingLockset() 
INFO [11-06|01:27:31] In IsValid() 
len(lockset.Votes): 4 lockset.EligibleVotesNum: 4
INFO [11-06|01:27:31] in HasQuorum 
INFO [11-06|01:27:31] In IsValid() 
len(lockset.Votes): 4 lockset.EligibleVotesNum: 4
=====CM.COINBASE IS:===== [130 169 120 179 245 150 42 91 9 87 217 238 158 239 71 46 229 91 66 241] block number is: 3
INFO [11-06|01:27:31] case: default, cm.process 
ready: 4 need: 2.6666667
INFO [11-06|01:27:31] ---------------process------------------ 
INFO [11-06|01:27:31] In RM Process                            height=3 round=0
INFO [11-06|01:27:31] --------In rm.propose------- 
INFO [11-06|01:27:31] ---------------in rm.vote----------------- 
INFO [11-06|01:27:31] in vote in RM                            height=3 round=0
INFO [11-06|01:27:31] Timeout time not reach, curr vs timeout: curr=1541438851.000 timeout=1541438856.000
INFO [11-06|01:27:31] in rm.process, check lockset HasQuorum 
INFO [11-06|01:27:31] in HasQuorum 
INFO [11-06|01:27:31] In IsValid() 
len(lockset.Votes): 0 lockset.EligibleVotesNum: 4
INFO [11-06|01:27:31] rm lockset is not valid yet 
INFO [11-06|01:27:31] after cm.process() 
INFO [11-06|01:27:31] Handle BFT Msg,                          msg="msg #11 (173336 bytes)"
INFO [11-06|01:27:31] -------Received NewBlockProposalMsg------- 
bpHR: H: 3 R: 0
cmHR: H: 3 R: 0
INFO [11-06|01:27:31] --------------------------------------- 
# collMsig from = Peer d9d5b902798f5c42 [eth/63]
cmHR: H: 3 R: 0
this is rm.proposerPeer  Peer d9d5b902798f5c42 [eth/63]
INFO [11-06|01:27:31] In IsValid() 
len(lockset.Votes): 0 lockset.EligibleVotesNum: 0
INFO [11-06|01:27:31] cm add BlockProposal                     h=3 r=0
INFO [11-06|01:27:31] in HasQuorum 
INFO [11-06|01:27:31] In IsValid() 
len(lockset.Votes): 4 lockset.EligibleVotesNum: 4
INFO [11-06|01:27:31] in collectMsig, i am msig wintness 
INFO [11-06|01:27:31] Return MsigProposalMsg to                LOG15_ERROR= LOG15_ERROR="Normalized odd number of arguments by adding nil"
INFO [11-06|01:27:31] Sending MsigProposalMsg 
in cm.collectMsig, mp.MsigVs: [<nil> 27]
INFO [11-06|01:27:31] In addBlockCandidates!! 
INFO [11-06|01:27:31] -------in handle NewBlockProposalMsg, success!------- 
INFO [11-06|01:27:31] Handle BFT Msg,                          msg="msg #18 (662 bytes)"
INFO [11-06|01:27:31] ------Received MsigProposalMsg------ 
mpHR: H: 3 R: 0 hash: [178 148 91 249 157 221 154 172 12 221 137 253 74 161 16 213 86 238 32 64 192 208 246 176 53 91 251 101 207 59 70 43]
cmHR: H: 3 R: 0
INFO [11-06|01:27:31] --------------------------------------- 
INFO [11-06|01:27:31] 1111111 
INFO [11-06|01:27:31] in MsigFinished 
len(mp.Msig.MsigVs): 2 mp.MsigVs: [0 27]
H====:  3 P==== 0
INFO [11-06|01:27:31] ------addmsigproposal success!------- 
INFO [11-06|01:27:31] case: default, cm.process 
ready: 4 need: 2.6666667
INFO [11-06|01:27:31] ---------------process------------------ 
INFO [11-06|01:27:31] In RM Process                            height=3 round=0
INFO [11-06|01:27:31] --------In rm.propose------- 
INFO [11-06|01:27:31] ---------------in rm.vote----------------- 
INFO [11-06|01:27:31] in vote in RM                            height=3 round=0
INFO [11-06|01:27:31] vote mp 
INFO [11-06|01:27:31] vote success in                          height=3 round=0
INFO [11-06|01:27:31] Send VoteMsg 
INFO [11-06|01:27:31] in rm.process, check lockset HasQuorum 
INFO [11-06|01:27:31] in HasQuorum 
INFO [11-06|01:27:31] In IsValid() 
len(lockset.Votes): 1 lockset.EligibleVotesNum: 4
INFO [11-06|01:27:31] rm lockset is not valid yet 
INFO [11-06|01:27:31] after cm.process() 
INFO [11-06|01:27:31] Handle BFT Msg,                          msg="msg #17 (107 bytes)"
INFO [11-06|01:27:31] ------Received VoteMsg------ 
voteHR: H: 3 R: 0 voteType:: 1 voteHash: [178 148 91 249 157 221 154 172 12 221 137 253 74 161 16 213 86 238 32 64 192 208 246 176 53 91 251 101 207 59 70 43]
cmHR: H: 3 R: 0
INFO [11-06|01:27:31] --------------------------------------- 
INFO [11-06|01:27:31] addVote to                               height=3 round=0 from=0xdceceaf3fc5c0a63d195d69b1a90011b7b19650d success=true cm.coinbase=0x82a978b3f5962a5b0957d9ee9eef472ee55b42f1
INFO [11-06|01:27:31] ------in handle VoteMsg, success!------ 
INFO [11-06|01:27:31] Handle BFT Msg,                          msg="msg #17 (107 bytes)"
INFO [11-06|01:27:31] ------Received VoteMsg------ 
voteHR: H: 3 R: 0 voteType:: 1 voteHash: [178 148 91 249 157 221 154 172 12 221 137 253 74 161 16 213 86 238 32 64 192 208 246 176 53 91 251 101 207 59 70 43]
cmHR: H: 3 R: 0
INFO [11-06|01:27:31] --------------------------------------- 
INFO [11-06|01:27:31] addVote to                               height=3 round=0 from=0x598443f1880ef585b21f1d7585bd0577402861e5 success=true cm.coinbase=0x82a978b3f5962a5b0957d9ee9eef472ee55b42f1
INFO [11-06|01:27:31] ------in handle VoteMsg, success!------ 
INFO [11-06|01:27:31] case: default, cm.process 
ready: 4 need: 2.6666667
INFO [11-06|01:27:31] ---------------process------------------ 
INFO [11-06|01:27:31] In RM Process                            height=3 round=0
INFO [11-06|01:27:31] --------In rm.propose------- 
INFO [11-06|01:27:31] ---------------in rm.vote----------------- 
INFO [11-06|01:27:31] voted 
INFO [11-06|01:27:31] in rm.process, check lockset HasQuorum 
INFO [11-06|01:27:31] in HasQuorum 
INFO [11-06|01:27:31] In IsValid() 
len(lockset.Votes): 3 lockset.EligibleVotesNum: 4
INFO [11-06|01:27:31] There is a quorum                        height=3 round=0
--- in rm.process p.id: --- Peer d9d5b902798f5c42 [eth/63]
INFO [11-06|01:27:31] ============in cm.commitLockset============ 
INFO [11-06|01:27:31] in commitLockset, check ls HasQuorum 
INFO [11-06|01:27:31] in HasQuorum 
INFO [11-06|01:27:31] In IsValid() 
len(lockset.Votes): 3 lockset.EligibleVotesNum: 4
INFO [11-06|01:27:31] cm.found is not nil 
INFO [11-06|01:27:31] store lockset 
peerid: d9d5b902798f5c42
INFO [11-06|01:27:31] ---storeLockset--- 
INFO [11-06|01:27:31] have a consensus on the block 
INFO [11-06|01:27:31] result.Header().Coinbase != b.signer 
result.Header().Coinbase: [89 132 67 241 136 14 245 133 178 31 29 117 133 189 5 119 64 40 97 229] b.signer: [130 169 120 179 245 150 42 91 9 87 217 238 158 239 71 46 229 91 66 241]
ConsensusTime, 209984239 , txs, 1599 , blockNum, 3
FinishedConsensus, 1541438851630574000
INFO [11-06|01:27:31] result is nil 
INFO [11-06|01:27:31] === Finished Mine() === 
cmH 3
INFO [11-06|01:27:31] in validatorCommit1 
pid: d9d5b902798f5c42
block number 3
-------in NewBFTValidatorBlock-------
INFO [11-06|01:27:31] in validatorCommit2 
validatorCommit time: 87.885µs
INFO [11-06|01:27:31] **in eth.handler**, get result from ch 
INFO [11-06|01:27:31] ***in BFT.VVVVerifyHeader*** 
INFO [11-06|01:27:31] ***in BFT.verifyHeader*** 
INFO [11-06|01:27:31] ***in BFT.verifySeal*** 
INFO [11-06|01:27:31] In verifyVotes 
INFO [11-06|01:27:31] ***in sync.request()*** 
INFO [11-06|01:27:31] after cm.process() 
INFO [11-06|01:27:31] received NewBlockMsg! 
INFO [11-06|01:27:31] received NewBlockMsg! 
INFO [11-06|01:27:31] In verifyVotes 
INFO [11-06|01:27:31] in HasQuorum 
INFO [11-06|01:27:31] In IsValid() 
len(lockset.Votes): 3 lockset.EligibleVotesNum: 4
INFO [11-06|01:27:31] ***in BFT.VerifyHeaderSSSS*** 
INFO [11-06|01:27:31] ***in BFT.verifyHeader*** 
INFO [11-06|01:27:31] ***in BFT.verifySeal*** 
INFO [11-06|01:27:31] In verifyVotes 
INFO [11-06|01:27:31] in HasQuorum 
INFO [11-06|01:27:31] In IsValid() 
len(lockset.Votes): 3 lockset.EligibleVotesNum: 4
INFO [11-06|01:27:32] Handle BFT Msg,                          msg="msg #9 (3 bytes)"
INFO [11-06|01:27:32] -------GetLocksetsMsg------- 
GetLockSetsMsg request:  [{3}] from:  6d11b37ef4fc909a
INFO [11-06|01:27:32] Request future block 
INFO [11-06|01:27:32] Imported new chain segment               blocks=1 txs=1599 mgas=33.579 elapsed=1.092s    mgasps=30.745 number=3 hash=b2945b…3b462b
FinishedPostExec, 1541438852925070000 , txs, 1599
PostExecTime, 1.092172974s
INFO [11-06|01:27:32] in pool.evenLoop, call pool.resetState 
INFO [11-06|01:27:34] Handle BFT Msg,                          msg="msg #17 (107 bytes)"
INFO [11-06|01:27:34] ------Received VoteMsg------ 
voteHR: H: 3 R: 0 voteType:: 2 voteHash: [0 0 0 0 0 0 0 0 0 0 0 0 0 0 0 0 0 0 0 0 0 0 0 0 0 0 0 0 0 0 0 0]
cmHR: H: 4 R: 0
INFO [11-06|01:27:34] --------------------------------------- 
INFO [11-06|01:27:34] addVote to                               height=3 round=0 from=0x7d577a597b2742b498cb5cf0c26cdcd726d39e6e success=true cm.coinbase=0x82a978b3f5962a5b0957d9ee9eef472ee55b42f1
INFO [11-06|01:27:34] ------in handle VoteMsg, success!------ 
INFO [11-06|01:27:35] Commit new mining work                   number=4 txs=1600 uncles=0 elapsed=2.310s
INFO [11-06|01:27:35] Sealing                                  block n=4
StartConsensus, 1541438855236273000
INFO [11-06|01:27:35] Start Process 
INFO [11-06|01:27:35] in cm.Process, check lastCommittingLockset() 
INFO [11-06|01:27:35] In IsValid() 
len(lockset.Votes): 4 lockset.EligibleVotesNum: 4
INFO [11-06|01:27:35] in HasQuorum 
INFO [11-06|01:27:35] In IsValid() 
len(lockset.Votes): 4 lockset.EligibleVotesNum: 4
=====CM.COINBASE IS:===== [130 169 120 179 245 150 42 91 9 87 217 238 158 239 71 46 229 91 66 241] block number is: 4
INFO [11-06|01:27:35] case: default, cm.process 
ready: 4 need: 2.6666667
INFO [11-06|01:27:35] ---------------process------------------ 
INFO [11-06|01:27:35] In RM Process                            height=4 round=0
INFO [11-06|01:27:35] --------In rm.propose------- 
INFO [11-06|01:27:35] I am a proposer in                       height=4 round=0
INFO [11-06|01:27:35] in propose, check lastRoundLockset 
lastRoundLockset, hm.activeround: 0
INFO [11-06|01:27:35] ------in mkProposal------ 
INFO [11-06|01:27:35] In IsValid() 
len(lockset.Votes): 4 lockset.EligibleVotesNum: 4
INFO [11-06|01:27:35] in HasQuorum 
INFO [11-06|01:27:35] In IsValid() 
len(lockset.Votes): 4 lockset.EligibleVotesNum: 4
INFO [11-06|01:27:35] LockSet(R-1) is nil (rm.round should equal to zero) 
INFO [11-06|01:27:35] in HasQuorum 
INFO [11-06|01:27:35] In IsValid() 
len(lockset.Votes): 4 lockset.EligibleVotesNum: 4
INFO [11-06|01:27:35] in HasQuorum 
INFO [11-06|01:27:35] In IsValid() 
len(lockset.Votes): 4 lockset.EligibleVotesNum: 4
Create block blockhash :  [2 99 105 200 100 46 154 178 81 161 232 123 79 124 102 174 111 159 188 37 71 68 85 146 190 79 203 185 128 157 216 185]
INFO [11-06|01:27:35] In addBlockCandidates!! 
INFO [11-06|01:27:35] Send NewBlockProposalMsg:                LOG15_ERROR=                                                   LOG15_ERROR="Normalized odd number of arguments by adding nil"
INFO [11-06|01:27:35] ---------------in rm.vote----------------- 
INFO [11-06|01:27:35] in vote in RM                            height=4 round=0
INFO [11-06|01:27:35] Timeout time not reach, curr vs timeout: curr=1541438855.000 timeout=1541438860.000
INFO [11-06|01:27:35] in rm.process, check lockset HasQuorum 
INFO [11-06|01:27:35] in HasQuorum 
INFO [11-06|01:27:35] In IsValid() 
len(lockset.Votes): 0 lockset.EligibleVotesNum: 4
INFO [11-06|01:27:35] rm lockset is not valid yet 
INFO [11-06|01:27:35] after cm.process() 
INFO [11-06|01:27:35] Handle BFT Msg,                          msg="msg #18 (662 bytes)"
INFO [11-06|01:27:35] ------Received MsigProposalMsg------ 
mpHR: H: 4 R: 0 hash: [2 99 105 200 100 46 154 178 81 161 232 123 79 124 102 174 111 159 188 37 71 68 85 146 190 79 203 185 128 157 216 185]
cmHR: H: 4 R: 0
INFO [11-06|01:27:35] --------------------------------------- 
INFO [11-06|01:27:35] 1111111 
INFO [11-06|01:27:35] in MsigFinished 
len(mp.Msig.MsigVs): 2 mp.MsigVs: [0 28]
H====:  4 P==== 0
INFO [11-06|01:27:35] In addMsig I am leader 
mp= &{0xc424cfc180 28 89188027780028183990390810968839514276447281691240527974288954362489689838086 8025504244371311115613332750336799248635212712292551361183923103342601469299 0xc4257341e0 4 0 [2 99 105 200 100 46 154 178 81 161 232 123 79 124 102 174 111 159 188 37 71 68 85 146 190 79 203 185 128 157 216 185] 0xc4277c4190 0xc4277c41e0}
cosiproposal =nil !
 mp=  &{0xc424cfc180 28 89188027780028183990390810968839514276447281691240527974288954362489689838086 8025504244371311115613332750336799248635212712292551361183923103342601469299 0xc4257341e0 4 0 [2 99 105 200 100 46 154 178 81 161 232 123 79 124 102 174 111 159 188 37 71 68 85 146 190 79 203 185 128 157 216 185] 0xc4277c4190 0xc4277c41e0}
cosiproposal =  <nil>
INFO [11-06|01:27:35] in bfthandler Send MsigProposalMsg 
INFO [11-06|01:27:35] Sending MsigProposalMsg 
INFO [11-06|01:27:35] Sending MsigProposalMsg 
INFO [11-06|01:27:35] Sending MsigProposalMsg 
INFO [11-06|01:27:35] ------addmsigproposal success!------- 
INFO [11-06|01:27:35] Handle BFT Msg,                          msg="msg #17 (107 bytes)"
INFO [11-06|01:27:35] ------Received VoteMsg------ 
voteHR: H: 4 R: 0 voteType:: 1 voteHash: [2 99 105 200 100 46 154 178 81 161 232 123 79 124 102 174 111 159 188 37 71 68 85 146 190 79 203 185 128 157 216 185]
cmHR: H: 4 R: 0
INFO [11-06|01:27:35] --------------------------------------- 
INFO [11-06|01:27:35] addVote to                               height=4 round=0 from=0xdceceaf3fc5c0a63d195d69b1a90011b7b19650d success=true cm.coinbase=0x82a978b3f5962a5b0957d9ee9eef472ee55b42f1
INFO [11-06|01:27:35] ------in handle VoteMsg, success!------ 
INFO [11-06|01:27:35] Handle BFT Msg,                          msg="msg #17 (107 bytes)"
INFO [11-06|01:27:35] ------Received VoteMsg------ 
voteHR: H: 4 R: 0 voteType:: 1 voteHash: [2 99 105 200 100 46 154 178 81 161 232 123 79 124 102 174 111 159 188 37 71 68 85 146 190 79 203 185 128 157 216 185]
cmHR: H: 4 R: 0
INFO [11-06|01:27:35] --------------------------------------- 
INFO [11-06|01:27:35] addVote to                               height=4 round=0 from=0x598443f1880ef585b21f1d7585bd0577402861e5 success=true cm.coinbase=0x82a978b3f5962a5b0957d9ee9eef472ee55b42f1
INFO [11-06|01:27:35] ------in handle VoteMsg, success!------ 
INFO [11-06|01:27:35] Handle BFT Msg,                          msg="msg #17 (107 bytes)"
INFO [11-06|01:27:35] ------Received VoteMsg------ 
voteHR: H: 4 R: 0 voteType:: 1 voteHash: [2 99 105 200 100 46 154 178 81 161 232 123 79 124 102 174 111 159 188 37 71 68 85 146 190 79 203 185 128 157 216 185]
cmHR: H: 4 R: 0
INFO [11-06|01:27:35] --------------------------------------- 
INFO [11-06|01:27:35] case: default, cm.process 
ready: 4 need: 2.6666667
INFO [11-06|01:27:35] ---------------process------------------ 
INFO [11-06|01:27:35] In RM Process                            height=4 round=0
INFO [11-06|01:27:35] --------In rm.propose------- 
INFO [11-06|01:27:35] I am a proposer in                       height=4 round=0
INFO [11-06|01:27:35] ---------------in rm.vote----------------- 
INFO [11-06|01:27:35] in vote in RM                            height=4 round=0
INFO [11-06|01:27:35] vote mp 
INFO [11-06|01:27:35] vote success in                          height=4 round=0
INFO [11-06|01:27:35] Send VoteMsg 
INFO [11-06|01:27:35] in rm.process, check lockset HasQuorum 
INFO [11-06|01:27:35] in HasQuorum 
INFO [11-06|01:27:35] In IsValid() 
len(lockset.Votes): 3 lockset.EligibleVotesNum: 4
INFO [11-06|01:27:35] There is a quorum                        height=4 round=0
INFO [11-06|01:27:35] ============in cm.commitLockset============ 
INFO [11-06|01:27:35] in commitLockset, check ls HasQuorum 
INFO [11-06|01:27:35] in HasQuorum 
INFO [11-06|01:27:35] In IsValid() 
len(lockset.Votes): 3 lockset.EligibleVotesNum: 4
INFO [11-06|01:27:35] cm.found is not nil 
INFO [11-06|01:27:35] store lockset 
INFO [11-06|01:27:35] ---storeLockset--- 
INFO [11-06|01:27:35] after cm.process() 
INFO [11-06|01:27:35] addVote to                               height=4 round=0 from=0x7d577a597b2742b498cb5cf0c26cdcd726d39e6e success=true cm.coinbase=0x82a978b3f5962a5b0957d9ee9eef472ee55b42f1
INFO [11-06|01:27:35] ------in handle VoteMsg, success!------ 
INFO [11-06|01:27:35] have a consensus on the block 
ConsensusTime, 164085170 , txs, 1600 , blockNum, 4
FinishedConsensus, 1541438855400318000
INFO [11-06|01:27:35] Successfully sealed new block            number=4 hash=026369…9dd8b9
INFO [11-06|01:27:35] === Finished Mine() === 
INFO [11-06|01:27:35] received NewBlockMsg! 
INFO [11-06|01:27:35] 🔨 mined potential block                  number=4 hash=026369…9dd8b9
INFO [11-06|01:27:35] in pool.evenLoop, call pool.resetState 
INFO [11-06|01:27:35] received NewBlockMsg! 
INFO [11-06|01:27:38] Commit new mining work                   number=5 txs=1601 uncles=0 elapsed=3.079s
INFO [11-06|01:27:38] Sealing                                  block n=5
StartConsensus, 1541438858562768000
INFO [11-06|01:27:38] Start Process 
INFO [11-06|01:27:38] in cm.Process, check lastCommittingLockset() 
INFO [11-06|01:27:38] In IsValid() 
len(lockset.Votes): 4 lockset.EligibleVotesNum: 4
INFO [11-06|01:27:38] in HasQuorum 
INFO [11-06|01:27:38] In IsValid() 
len(lockset.Votes): 4 lockset.EligibleVotesNum: 4
=====CM.COINBASE IS:===== [130 169 120 179 245 150 42 91 9 87 217 238 158 239 71 46 229 91 66 241] block number is: 5
INFO [11-06|01:27:38] case: default, cm.process 
ready: 4 need: 2.6666667
INFO [11-06|01:27:38] ---------------process------------------ 
INFO [11-06|01:27:38] In RM Process                            height=5 round=0
INFO [11-06|01:27:38] --------In rm.propose------- 
INFO [11-06|01:27:38] ---------------in rm.vote----------------- 
INFO [11-06|01:27:38] in vote in RM                            height=5 round=0
INFO [11-06|01:27:38] Timeout time not reach, curr vs timeout: curr=1541438858.000 timeout=1541438863.000
INFO [11-06|01:27:38] in rm.process, check lockset HasQuorum 
INFO [11-06|01:27:38] in HasQuorum 
INFO [11-06|01:27:38] In IsValid() 
len(lockset.Votes): 0 lockset.EligibleVotesNum: 4
INFO [11-06|01:27:38] rm lockset is not valid yet 
INFO [11-06|01:27:38] after cm.process() 
INFO [11-06|01:27:38] case: default, cm.process 
ready: 4 need: 2.6666667
INFO [11-06|01:27:38] ---------------process------------------ 
INFO [11-06|01:27:38] In RM Process                            height=5 round=0
INFO [11-06|01:27:38] --------In rm.propose------- 
INFO [11-06|01:27:38] ---------------in rm.vote----------------- 
INFO [11-06|01:27:38] in vote in RM                            height=5 round=0
INFO [11-06|01:27:38] Timeout time not reach, curr vs timeout: curr=1541438858.000 timeout=1541438863.000
INFO [11-06|01:27:38] in rm.process, check lockset HasQuorum 
INFO [11-06|01:27:38] in HasQuorum 
INFO [11-06|01:27:38] In IsValid() 
len(lockset.Votes): 0 lockset.EligibleVotesNum: 4
INFO [11-06|01:27:38] rm lockset is not valid yet 
INFO [11-06|01:27:38] after cm.process() 
INFO [11-06|01:27:38] case: default, cm.process 
ready: 4 need: 2.6666667
INFO [11-06|01:27:38] ---------------process------------------ 
INFO [11-06|01:27:38] In RM Process                            height=5 round=0
INFO [11-06|01:27:38] --------In rm.propose------- 
INFO [11-06|01:27:38] ---------------in rm.vote----------------- 
INFO [11-06|01:27:38] in vote in RM                            height=5 round=0
INFO [11-06|01:27:38] Timeout time not reach, curr vs timeout: curr=1541438858.000 timeout=1541438863.000
INFO [11-06|01:27:38] in rm.process, check lockset HasQuorum 
INFO [11-06|01:27:38] in HasQuorum 
INFO [11-06|01:27:38] In IsValid() 
len(lockset.Votes): 0 lockset.EligibleVotesNum: 4
INFO [11-06|01:27:38] rm lockset is not valid yet 
INFO [11-06|01:27:38] after cm.process() 
INFO [11-06|01:27:38] case: default, cm.process 
ready: 4 need: 2.6666667
INFO [11-06|01:27:38] ---------------process------------------ 
INFO [11-06|01:27:38] In RM Process                            height=5 round=0
INFO [11-06|01:27:38] --------In rm.propose------- 
INFO [11-06|01:27:38] ---------------in rm.vote----------------- 
INFO [11-06|01:27:38] in vote in RM                            height=5 round=0
INFO [11-06|01:27:38] Timeout time not reach, curr vs timeout: curr=1541438858.000 timeout=1541438863.000
INFO [11-06|01:27:38] in rm.process, check lockset HasQuorum 
INFO [11-06|01:27:38] in HasQuorum 
INFO [11-06|01:27:38] In IsValid() 
len(lockset.Votes): 0 lockset.EligibleVotesNum: 4
INFO [11-06|01:27:38] rm lockset is not valid yet 
INFO [11-06|01:27:38] after cm.process() 
INFO [11-06|01:27:38] case: default, cm.process 
ready: 4 need: 2.6666667
INFO [11-06|01:27:38] ---------------process------------------ 
INFO [11-06|01:27:38] In RM Process                            height=5 round=0
INFO [11-06|01:27:38] --------In rm.propose------- 
INFO [11-06|01:27:38] ---------------in rm.vote----------------- 
INFO [11-06|01:27:38] in vote in RM                            height=5 round=0
INFO [11-06|01:27:38] Timeout time not reach, curr vs timeout: curr=1541438858.000 timeout=1541438863.000
INFO [11-06|01:27:38] in rm.process, check lockset HasQuorum 
INFO [11-06|01:27:38] in HasQuorum 
INFO [11-06|01:27:38] In IsValid() 
len(lockset.Votes): 0 lockset.EligibleVotesNum: 4
INFO [11-06|01:27:38] rm lockset is not valid yet 
INFO [11-06|01:27:38] after cm.process() 
INFO [11-06|01:27:39] case: default, cm.process 
ready: 4 need: 2.6666667
INFO [11-06|01:27:39] ---------------process------------------ 
INFO [11-06|01:27:39] In RM Process                            height=5 round=0
INFO [11-06|01:27:39] --------In rm.propose------- 
INFO [11-06|01:27:39] ---------------in rm.vote----------------- 
INFO [11-06|01:27:39] in vote in RM                            height=5 round=0
INFO [11-06|01:27:39] Timeout time not reach, curr vs timeout: curr=1541438859.000 timeout=1541438863.000
INFO [11-06|01:27:39] in rm.process, check lockset HasQuorum 
INFO [11-06|01:27:39] in HasQuorum 
INFO [11-06|01:27:39] In IsValid() 
len(lockset.Votes): 0 lockset.EligibleVotesNum: 4
INFO [11-06|01:27:39] rm lockset is not valid yet 
INFO [11-06|01:27:39] after cm.process() 
INFO [11-06|01:27:39] case: default, cm.process 
ready: 4 need: 2.6666667
INFO [11-06|01:27:39] ---------------process------------------ 
INFO [11-06|01:27:39] In RM Process                            height=5 round=0
INFO [11-06|01:27:39] --------In rm.propose------- 
INFO [11-06|01:27:39] ---------------in rm.vote----------------- 
INFO [11-06|01:27:39] in vote in RM                            height=5 round=0
INFO [11-06|01:27:39] Timeout time not reach, curr vs timeout: curr=1541438859.000 timeout=1541438863.000
INFO [11-06|01:27:39] in rm.process, check lockset HasQuorum 
INFO [11-06|01:27:39] in HasQuorum 
INFO [11-06|01:27:39] In IsValid() 
len(lockset.Votes): 0 lockset.EligibleVotesNum: 4
INFO [11-06|01:27:39] rm lockset is not valid yet 
INFO [11-06|01:27:39] after cm.process() 
INFO [11-06|01:27:39] case: default, cm.process 
ready: 4 need: 2.6666667
INFO [11-06|01:27:39] ---------------process------------------ 
INFO [11-06|01:27:39] In RM Process                            height=5 round=0
INFO [11-06|01:27:39] --------In rm.propose------- 
INFO [11-06|01:27:39] ---------------in rm.vote----------------- 
INFO [11-06|01:27:39] in vote in RM                            height=5 round=0
INFO [11-06|01:27:39] Timeout time not reach, curr vs timeout: curr=1541438859.000 timeout=1541438863.000
INFO [11-06|01:27:39] in rm.process, check lockset HasQuorum 
INFO [11-06|01:27:39] in HasQuorum 
INFO [11-06|01:27:39] In IsValid() 
len(lockset.Votes): 0 lockset.EligibleVotesNum: 4
INFO [11-06|01:27:39] rm lockset is not valid yet 
INFO [11-06|01:27:39] after cm.process() 
INFO [11-06|01:27:39] case: default, cm.process 
ready: 4 need: 2.6666667
INFO [11-06|01:27:39] ---------------process------------------ 
INFO [11-06|01:27:39] In RM Process                            height=5 round=0
INFO [11-06|01:27:39] --------In rm.propose------- 
INFO [11-06|01:27:39] ---------------in rm.vote----------------- 
INFO [11-06|01:27:39] in vote in RM                            height=5 round=0
INFO [11-06|01:27:39] Timeout time not reach, curr vs timeout: curr=1541438859.000 timeout=1541438863.000
INFO [11-06|01:27:39] in rm.process, check lockset HasQuorum 
INFO [11-06|01:27:39] in HasQuorum 
INFO [11-06|01:27:39] In IsValid() 
len(lockset.Votes): 0 lockset.EligibleVotesNum: 4
INFO [11-06|01:27:39] rm lockset is not valid yet 
INFO [11-06|01:27:39] after cm.process() 
INFO [11-06|01:27:39] case: default, cm.process 
ready: 4 need: 2.6666667
INFO [11-06|01:27:39] ---------------process------------------ 
INFO [11-06|01:27:39] In RM Process                            height=5 round=0
INFO [11-06|01:27:39] --------In rm.propose------- 
INFO [11-06|01:27:39] ---------------in rm.vote----------------- 
INFO [11-06|01:27:39] in vote in RM                            height=5 round=0
INFO [11-06|01:27:39] Timeout time not reach, curr vs timeout: curr=1541438859.000 timeout=1541438863.000
INFO [11-06|01:27:39] in rm.process, check lockset HasQuorum 
INFO [11-06|01:27:39] in HasQuorum 
INFO [11-06|01:27:39] In IsValid() 
len(lockset.Votes): 0 lockset.EligibleVotesNum: 4
INFO [11-06|01:27:39] rm lockset is not valid yet 
INFO [11-06|01:27:39] after cm.process() 
INFO [11-06|01:27:39] case: default, cm.process 
ready: 4 need: 2.6666667
INFO [11-06|01:27:39] ---------------process------------------ 
INFO [11-06|01:27:39] In RM Process                            height=5 round=0
INFO [11-06|01:27:39] --------In rm.propose------- 
INFO [11-06|01:27:39] ---------------in rm.vote----------------- 
INFO [11-06|01:27:39] in vote in RM                            height=5 round=0
INFO [11-06|01:27:39] Timeout time not reach, curr vs timeout: curr=1541438859.000 timeout=1541438863.000
INFO [11-06|01:27:39] in rm.process, check lockset HasQuorum 
INFO [11-06|01:27:39] in HasQuorum 
INFO [11-06|01:27:39] In IsValid() 
len(lockset.Votes): 0 lockset.EligibleVotesNum: 4
INFO [11-06|01:27:39] rm lockset is not valid yet 
INFO [11-06|01:27:39] after cm.process() 
INFO [11-06|01:27:39] case: default, cm.process 
ready: 4 need: 2.6666667
INFO [11-06|01:27:39] ---------------process------------------ 
INFO [11-06|01:27:39] In RM Process                            height=5 round=0
INFO [11-06|01:27:39] --------In rm.propose------- 
INFO [11-06|01:27:39] ---------------in rm.vote----------------- 
INFO [11-06|01:27:39] in vote in RM                            height=5 round=0
INFO [11-06|01:27:39] Timeout time not reach, curr vs timeout: curr=1541438859.000 timeout=1541438863.000
INFO [11-06|01:27:39] in rm.process, check lockset HasQuorum 
INFO [11-06|01:27:39] in HasQuorum 
INFO [11-06|01:27:39] In IsValid() 
len(lockset.Votes): 0 lockset.EligibleVotesNum: 4
INFO [11-06|01:27:39] rm lockset is not valid yet 
INFO [11-06|01:27:39] after cm.process() 
INFO [11-06|01:27:39] case: default, cm.process 
ready: 4 need: 2.6666667
INFO [11-06|01:27:39] ---------------process------------------ 
INFO [11-06|01:27:39] In RM Process                            height=5 round=0
INFO [11-06|01:27:39] --------In rm.propose------- 
INFO [11-06|01:27:39] ---------------in rm.vote----------------- 
INFO [11-06|01:27:39] in vote in RM                            height=5 round=0
INFO [11-06|01:27:39] Timeout time not reach, curr vs timeout: curr=1541438859.000 timeout=1541438863.000
INFO [11-06|01:27:39] in rm.process, check lockset HasQuorum 
INFO [11-06|01:27:39] in HasQuorum 
INFO [11-06|01:27:39] In IsValid() 
len(lockset.Votes): 0 lockset.EligibleVotesNum: 4
INFO [11-06|01:27:39] rm lockset is not valid yet 
INFO [11-06|01:27:39] after cm.process() 
INFO [11-06|01:27:39] case: default, cm.process 
ready: 4 need: 2.6666667
INFO [11-06|01:27:39] ---------------process------------------ 
INFO [11-06|01:27:39] In RM Process                            height=5 round=0
INFO [11-06|01:27:39] --------In rm.propose------- 
INFO [11-06|01:27:39] ---------------in rm.vote----------------- 
INFO [11-06|01:27:39] in vote in RM                            height=5 round=0
INFO [11-06|01:27:39] Timeout time not reach, curr vs timeout: curr=1541438859.000 timeout=1541438863.000
INFO [11-06|01:27:39] in rm.process, check lockset HasQuorum 
INFO [11-06|01:27:39] in HasQuorum 
INFO [11-06|01:27:39] In IsValid() 
len(lockset.Votes): 0 lockset.EligibleVotesNum: 4
INFO [11-06|01:27:39] rm lockset is not valid yet 
INFO [11-06|01:27:39] after cm.process() 
INFO [11-06|01:27:40] case: default, cm.process 
ready: 4 need: 2.6666667
INFO [11-06|01:27:40] ---------------process------------------ 
INFO [11-06|01:27:40] In RM Process                            height=5 round=0
INFO [11-06|01:27:40] --------In rm.propose------- 
INFO [11-06|01:27:40] ---------------in rm.vote----------------- 
INFO [11-06|01:27:40] in vote in RM                            height=5 round=0
INFO [11-06|01:27:40] Timeout time not reach, curr vs timeout: curr=1541438860.000 timeout=1541438863.000
INFO [11-06|01:27:40] in rm.process, check lockset HasQuorum 
INFO [11-06|01:27:40] in HasQuorum 
INFO [11-06|01:27:40] In IsValid() 
len(lockset.Votes): 0 lockset.EligibleVotesNum: 4
INFO [11-06|01:27:40] rm lockset is not valid yet 
INFO [11-06|01:27:40] after cm.process() 
INFO [11-06|01:27:40] case: default, cm.process 
ready: 4 need: 2.6666667
INFO [11-06|01:27:40] ---------------process------------------ 
INFO [11-06|01:27:40] In RM Process                            height=5 round=0
INFO [11-06|01:27:40] --------In rm.propose------- 
INFO [11-06|01:27:40] ---------------in rm.vote----------------- 
INFO [11-06|01:27:40] in vote in RM                            height=5 round=0
INFO [11-06|01:27:40] Timeout time not reach, curr vs timeout: curr=1541438860.000 timeout=1541438863.000
INFO [11-06|01:27:40] in rm.process, check lockset HasQuorum 
INFO [11-06|01:27:40] in HasQuorum 
INFO [11-06|01:27:40] In IsValid() 
len(lockset.Votes): 0 lockset.EligibleVotesNum: 4
INFO [11-06|01:27:40] rm lockset is not valid yet 
INFO [11-06|01:27:40] after cm.process() 
INFO [11-06|01:27:40] case: default, cm.process 
ready: 4 need: 2.6666667
INFO [11-06|01:27:40] ---------------process------------------ 
INFO [11-06|01:27:40] In RM Process                            height=5 round=0
INFO [11-06|01:27:40] --------In rm.propose------- 
INFO [11-06|01:27:40] ---------------in rm.vote----------------- 
INFO [11-06|01:27:40] in vote in RM                            height=5 round=0
INFO [11-06|01:27:40] Timeout time not reach, curr vs timeout: curr=1541438860.000 timeout=1541438863.000
INFO [11-06|01:27:40] in rm.process, check lockset HasQuorum 
INFO [11-06|01:27:40] in HasQuorum 
INFO [11-06|01:27:40] In IsValid() 
len(lockset.Votes): 0 lockset.EligibleVotesNum: 4
INFO [11-06|01:27:40] rm lockset is not valid yet 
INFO [11-06|01:27:40] after cm.process() 
INFO [11-06|01:27:40] case: default, cm.process 
ready: 4 need: 2.6666667
INFO [11-06|01:27:40] ---------------process------------------ 
INFO [11-06|01:27:40] In RM Process                            height=5 round=0
INFO [11-06|01:27:40] --------In rm.propose------- 
INFO [11-06|01:27:40] ---------------in rm.vote----------------- 
INFO [11-06|01:27:40] in vote in RM                            height=5 round=0
INFO [11-06|01:27:40] Timeout time not reach, curr vs timeout: curr=1541438860.000 timeout=1541438863.000
INFO [11-06|01:27:40] in rm.process, check lockset HasQuorum 
INFO [11-06|01:27:40] in HasQuorum 
INFO [11-06|01:27:40] In IsValid() 
len(lockset.Votes): 0 lockset.EligibleVotesNum: 4
INFO [11-06|01:27:40] rm lockset is not valid yet 
INFO [11-06|01:27:40] after cm.process() 
INFO [11-06|01:27:40] Handle BFT Msg,                          msg="msg #11 (173950 bytes)"
INFO [11-06|01:27:40] -------Received NewBlockProposalMsg------- 
bpHR: H: 5 R: 0
cmHR: H: 5 R: 0
INFO [11-06|01:27:40] --------------------------------------- 
# collMsig from = Peer 6d11b37ef4fc909a [eth/63]
cmHR: H: 5 R: 0
this is rm.proposerPeer  Peer 6d11b37ef4fc909a [eth/63]
INFO [11-06|01:27:40] In IsValid() 
len(lockset.Votes): 0 lockset.EligibleVotesNum: 0
INFO [11-06|01:27:40] cm add BlockProposal                     h=5 r=0
INFO [11-06|01:27:40] in HasQuorum 
INFO [11-06|01:27:40] In IsValid() 
len(lockset.Votes): 4 lockset.EligibleVotesNum: 4
INFO [11-06|01:27:40] In addBlockCandidates!! 
INFO [11-06|01:27:40] -------in handle NewBlockProposalMsg, success!------- 
INFO [11-06|01:27:40] Handle BFT Msg,                          msg="msg #18 (662 bytes)"
INFO [11-06|01:27:40] ------Received MsigProposalMsg------ 
mpHR: H: 5 R: 0 hash: [76 155 112 120 84 240 138 154 102 93 111 209 160 66 112 52 231 88 128 98 245 78 129 61 99 53 251 155 224 8 73 97]
cmHR: H: 5 R: 0
INFO [11-06|01:27:40] --------------------------------------- 
INFO [11-06|01:27:40] 1111111 
INFO [11-06|01:27:40] in MsigFinished 
len(mp.Msig.MsigVs): 2 mp.MsigVs: [0 28]
H====:  5 P==== 0
INFO [11-06|01:27:40] ------addmsigproposal success!------- 
INFO [11-06|01:27:40] Handle BFT Msg,                          msg="msg #17 (107 bytes)"
INFO [11-06|01:27:40] ------Received VoteMsg------ 
voteHR: H: 5 R: 0 voteType:: 1 voteHash: [76 155 112 120 84 240 138 154 102 93 111 209 160 66 112 52 231 88 128 98 245 78 129 61 99 53 251 155 224 8 73 97]
cmHR: H: 5 R: 0
INFO [11-06|01:27:40] --------------------------------------- 
INFO [11-06|01:27:40] addVote to                               height=5 round=0 from=0xdceceaf3fc5c0a63d195d69b1a90011b7b19650d success=true cm.coinbase=0x82a978b3f5962a5b0957d9ee9eef472ee55b42f1
INFO [11-06|01:27:40] ------in handle VoteMsg, success!------ 
INFO [11-06|01:27:40] case: default, cm.process 
ready: 4 need: 2.6666667
INFO [11-06|01:27:40] ---------------process------------------ 
INFO [11-06|01:27:40] In RM Process                            height=5 round=0
INFO [11-06|01:27:40] --------In rm.propose------- 
INFO [11-06|01:27:40] ---------------in rm.vote----------------- 
INFO [11-06|01:27:40] in vote in RM                            height=5 round=0
INFO [11-06|01:27:40] vote mp 
INFO [11-06|01:27:40] vote success in                          height=5 round=0
INFO [11-06|01:27:40] Send VoteMsg 
INFO [11-06|01:27:40] in rm.process, check lockset HasQuorum 
INFO [11-06|01:27:40] in HasQuorum 
INFO [11-06|01:27:40] In IsValid() 
len(lockset.Votes): 2 lockset.EligibleVotesNum: 4
INFO [11-06|01:27:40] rm lockset is not valid yet 
INFO [11-06|01:27:40] after cm.process() 
INFO [11-06|01:27:40] Handle BFT Msg,                          msg="msg #17 (107 bytes)"
INFO [11-06|01:27:40] ------Received VoteMsg------ 
voteHR: H: 5 R: 0 voteType:: 1 voteHash: [76 155 112 120 84 240 138 154 102 93 111 209 160 66 112 52 231 88 128 98 245 78 129 61 99 53 251 155 224 8 73 97]
cmHR: H: 5 R: 0
INFO [11-06|01:27:40] --------------------------------------- 
INFO [11-06|01:27:40] addVote to                               height=5 round=0 from=0x7d577a597b2742b498cb5cf0c26cdcd726d39e6e success=true cm.coinbase=0x82a978b3f5962a5b0957d9ee9eef472ee55b42f1
INFO [11-06|01:27:40] ------in handle VoteMsg, success!------ 
INFO [11-06|01:27:40] received NewBlockMsg! 
INFO [11-06|01:27:40] ***in BFT.VVVVerifyHeader*** 
INFO [11-06|01:27:40] ***in BFT.verifyHeader*** 
INFO [11-06|01:27:40] ***in BFT.verifySeal*** 
INFO [11-06|01:27:40] In verifyVotes 
INFO [11-06|01:27:40] ***in sync.request()*** 
INFO [11-06|01:27:40] case: default, cm.process 
ready: 4 need: 2.6666667
INFO [11-06|01:27:40] ---------------process------------------ 
INFO [11-06|01:27:40] In RM Process                            height=5 round=0
INFO [11-06|01:27:40] --------In rm.propose------- 
INFO [11-06|01:27:40] ---------------in rm.vote----------------- 
INFO [11-06|01:27:40] voted 
INFO [11-06|01:27:40] in rm.process, check lockset HasQuorum 
INFO [11-06|01:27:40] in HasQuorum 
INFO [11-06|01:27:40] In IsValid() 
len(lockset.Votes): 3 lockset.EligibleVotesNum: 4
INFO [11-06|01:27:40] There is a quorum                        height=5 round=0
--- in rm.process p.id: --- Peer 6d11b37ef4fc909a [eth/63]
INFO [11-06|01:27:40] ============in cm.commitLockset============ 
INFO [11-06|01:27:40] in commitLockset, check ls HasQuorum 
INFO [11-06|01:27:40] in HasQuorum 
INFO [11-06|01:27:40] In IsValid() 
len(lockset.Votes): 3 lockset.EligibleVotesNum: 4
INFO [11-06|01:27:40] cm.found is not nil 
INFO [11-06|01:27:40] store lockset 
peerid: 6d11b37ef4fc909a
cmH 5
INFO [11-06|01:27:40] have a consensus on the block 
INFO [11-06|01:27:40] result.Header().Coinbase != b.signer 
result.Header().Coinbase: [125 87 122 89 123 39 66 180 152 203 92 240 194 108 220 215 38 211 158 110] b.signer: [130 169 120 179 245 150 42 91 9 87 217 238 158 239 71 46 229 91 66 241]
INFO [11-06|01:27:40] ---storeLockset--- 
ConsensusTime, 1988077310 , txs, 1601 , blockNum, 5
FinishedConsensus, 1541438860550985000
INFO [11-06|01:27:40] result is nil 
INFO [11-06|01:27:40] === Finished Mine() === 
INFO [11-06|01:27:40] in validatorCommit1 
pid: 6d11b37ef4fc909a
block number 5
-------in NewBFTValidatorBlock-------
INFO [11-06|01:27:40] after cm.process() 
INFO [11-06|01:27:40] in validatorCommit2 
validatorCommit time: 571.651µs
INFO [11-06|01:27:40] **in eth.handler**, get result from ch 
INFO [11-06|01:27:40] received NewBlockMsg! 
INFO [11-06|01:27:40] In verifyVotes 
INFO [11-06|01:27:40] in HasQuorum 
INFO [11-06|01:27:40] In IsValid() 
len(lockset.Votes): 3 lockset.EligibleVotesNum: 4
INFO [11-06|01:27:40] ***in BFT.VerifyHeaderSSSS*** 
INFO [11-06|01:27:40] ***in BFT.verifyHeader*** 
INFO [11-06|01:27:40] ***in BFT.verifySeal*** 
INFO [11-06|01:27:40] In verifyVotes 
INFO [11-06|01:27:40] in HasQuorum 
INFO [11-06|01:27:40] In IsValid() 
len(lockset.Votes): 3 lockset.EligibleVotesNum: 4
INFO [11-06|01:27:40] Handle BFT Msg,                          msg="msg #9 (3 bytes)"
INFO [11-06|01:27:40] -------GetLocksetsMsg------- 
GetLockSetsMsg request:  [{5}] from:  d9d5b902798f5c42
INFO [11-06|01:27:40] Request future block 
INFO [11-06|01:27:40] Handle BFT Msg,                          msg="msg #9 (3 bytes)"
INFO [11-06|01:27:40] -------GetLocksetsMsg------- 
GetLockSetsMsg request:  [{5}] from:  d9d5b902798f5c42
INFO [11-06|01:27:40] Request future block 
INFO [11-06|01:27:41] Handle BFT Msg,                          msg="msg #9 (3 bytes)"
INFO [11-06|01:27:41] -------GetLocksetsMsg------- 
GetLockSetsMsg request:  [{5}] from:  d9d5b902798f5c42
INFO [11-06|01:27:41] Request future block 
INFO [11-06|01:27:41] Handle BFT Msg,                          msg="msg #9 (3 bytes)"
INFO [11-06|01:27:41] -------GetLocksetsMsg------- 
GetLockSetsMsg request:  [{5}] from:  d9d5b902798f5c42
INFO [11-06|01:27:41] Request future block 
INFO [11-06|01:27:41] Handle BFT Msg,                          msg="msg #9 (3 bytes)"
INFO [11-06|01:27:41] -------GetLocksetsMsg------- 
GetLockSetsMsg request:  [{5}] from:  d9d5b902798f5c42
INFO [11-06|01:27:41] Request future block 
INFO [11-06|01:27:41] Imported new chain segment               blocks=1 txs=1601 mgas=33.621 elapsed=1.174s    mgasps=28.638 number=5 hash=4c9b70…084961
FinishedPostExec, 1541438861912777000 , txs, 1601
PostExecTime, 1.174006644s
INFO [11-06|01:27:41] in pool.evenLoop, call pool.resetState 
INFO [11-06|01:27:42] Handle BFT Msg,                          msg="msg #9 (3 bytes)"
INFO [11-06|01:27:42] -------GetLocksetsMsg------- 
GetLockSetsMsg request:  [{5}] from:  d9d5b902798f5c42
INFO [11-06|01:27:42]  Sending Lockset                         LOG15_ERROR=                                                   LOG15_ERROR="Normalized odd number of arguments by adding nil"
INFO [11-06|01:27:43] Handle BFT Msg,                          msg="msg #17 (107 bytes)"
INFO [11-06|01:27:43] ------Received VoteMsg------ 
voteHR: H: 5 R: 0 voteType:: 2 voteHash: [0 0 0 0 0 0 0 0 0 0 0 0 0 0 0 0 0 0 0 0 0 0 0 0 0 0 0 0 0 0 0 0]
cmHR: H: 6 R: 0
INFO [11-06|01:27:43] --------------------------------------- 
INFO [11-06|01:27:43] addVote to                               height=5 round=0 from=0x598443f1880ef585b21f1d7585bd0577402861e5 success=true cm.coinbase=0x82a978b3f5962a5b0957d9ee9eef472ee55b42f1
INFO [11-06|01:27:43] ------in handle VoteMsg, success!------ 
INFO [11-06|01:27:44] Commit new mining work                   number=6 txs=1602 uncles=0 elapsed=2.147s
INFO [11-06|01:27:44] Sealing                                  block n=6
StartConsensus, 1541438864060797000
INFO [11-06|01:27:44] Start Process 
INFO [11-06|01:27:44] in cm.Process, check lastCommittingLockset() 
INFO [11-06|01:27:44] In IsValid() 
len(lockset.Votes): 4 lockset.EligibleVotesNum: 4
INFO [11-06|01:27:44] in HasQuorum 
INFO [11-06|01:27:44] In IsValid() 
len(lockset.Votes): 4 lockset.EligibleVotesNum: 4
=====CM.COINBASE IS:===== [130 169 120 179 245 150 42 91 9 87 217 238 158 239 71 46 229 91 66 241] block number is: 6
INFO [11-06|01:27:44] case: default, cm.process 
ready: 4 need: 2.6666667
INFO [11-06|01:27:44] ---------------process------------------ 
INFO [11-06|01:27:44] In RM Process                            height=6 round=0
INFO [11-06|01:27:44] --------In rm.propose------- 
INFO [11-06|01:27:44] ---------------in rm.vote----------------- 
INFO [11-06|01:27:44] in vote in RM                            height=6 round=0
INFO [11-06|01:27:44] Timeout time not reach, curr vs timeout: curr=1541438864.000 timeout=1541438869.000
INFO [11-06|01:27:44] in rm.process, check lockset HasQuorum 
INFO [11-06|01:27:44] in HasQuorum 
INFO [11-06|01:27:44] In IsValid() 
len(lockset.Votes): 0 lockset.EligibleVotesNum: 4
INFO [11-06|01:27:44] rm lockset is not valid yet 
INFO [11-06|01:27:44] after cm.process() 
INFO [11-06|01:27:44] Handle BFT Msg,                          msg="msg #11 (174050 bytes)"
INFO [11-06|01:27:44] -------Received NewBlockProposalMsg------- 
bpHR: H: 6 R: 0
cmHR: H: 6 R: 0
INFO [11-06|01:27:44] --------------------------------------- 
# collMsig from = Peer 94dd98401cf6ca04 [eth/63]
cmHR: H: 6 R: 0
this is rm.proposerPeer  Peer 94dd98401cf6ca04 [eth/63]
INFO [11-06|01:27:44] In IsValid() 
len(lockset.Votes): 0 lockset.EligibleVotesNum: 0
INFO [11-06|01:27:44] cm add BlockProposal                     h=6 r=0
INFO [11-06|01:27:44] in HasQuorum 
INFO [11-06|01:27:44] In IsValid() 
len(lockset.Votes): 4 lockset.EligibleVotesNum: 4
INFO [11-06|01:27:44] In addBlockCandidates!! 
INFO [11-06|01:27:44] -------in handle NewBlockProposalMsg, success!------- 
INFO [11-06|01:27:44] Handle BFT Msg,                          msg="msg #18 (662 bytes)"
INFO [11-06|01:27:44] ------Received MsigProposalMsg------ 
mpHR: H: 6 R: 0 hash: [130 183 122 177 133 168 128 116 169 34 156 200 23 79 178 212 158 238 15 3 105 188 98 237 202 246 197 14 68 100 142 234]
cmHR: H: 6 R: 0
INFO [11-06|01:27:44] --------------------------------------- 
INFO [11-06|01:27:44] 1111111 
INFO [11-06|01:27:44] in MsigFinished 
len(mp.Msig.MsigVs): 2 mp.MsigVs: [0 27]
H====:  6 P==== 0
INFO [11-06|01:27:44] ------addmsigproposal success!------- 
INFO [11-06|01:27:44] Handle BFT Msg,                          msg="msg #17 (107 bytes)"
INFO [11-06|01:27:44] ------Received VoteMsg------ 
voteHR: H: 6 R: 0 voteType:: 1 voteHash: [130 183 122 177 133 168 128 116 169 34 156 200 23 79 178 212 158 238 15 3 105 188 98 237 202 246 197 14 68 100 142 234]
cmHR: H: 6 R: 0
INFO [11-06|01:27:44] --------------------------------------- 
INFO [11-06|01:27:44] addVote to                               height=6 round=0 from=0x7d577a597b2742b498cb5cf0c26cdcd726d39e6e success=true cm.coinbase=0x82a978b3f5962a5b0957d9ee9eef472ee55b42f1
INFO [11-06|01:27:44] ------in handle VoteMsg, success!------ 
INFO [11-06|01:27:44] Handle BFT Msg,                          msg="msg #17 (107 bytes)"
INFO [11-06|01:27:44] ------Received VoteMsg------ 
voteHR: H: 6 R: 0 voteType:: 1 voteHash: [130 183 122 177 133 168 128 116 169 34 156 200 23 79 178 212 158 238 15 3 105 188 98 237 202 246 197 14 68 100 142 234]
cmHR: H: 6 R: 0
INFO [11-06|01:27:44] --------------------------------------- 
INFO [11-06|01:27:44] addVote to                               height=6 round=0 from=0x598443f1880ef585b21f1d7585bd0577402861e5 success=true cm.coinbase=0x82a978b3f5962a5b0957d9ee9eef472ee55b42f1
INFO [11-06|01:27:44] ------in handle VoteMsg, success!------ 
INFO [11-06|01:27:44] Handle BFT Msg,                          msg="msg #17 (107 bytes)"
INFO [11-06|01:27:44] ------Received VoteMsg------ 
voteHR: H: 6 R: 0 voteType:: 1 voteHash: [130 183 122 177 133 168 128 116 169 34 156 200 23 79 178 212 158 238 15 3 105 188 98 237 202 246 197 14 68 100 142 234]
cmHR: H: 6 R: 0
INFO [11-06|01:27:44] --------------------------------------- 
INFO [11-06|01:27:44] addVote to                               height=6 round=0 from=0xdceceaf3fc5c0a63d195d69b1a90011b7b19650d success=true cm.coinbase=0x82a978b3f5962a5b0957d9ee9eef472ee55b42f1
INFO [11-06|01:27:44] ------in handle VoteMsg, success!------ 
INFO [11-06|01:27:44] case: default, cm.process 
ready: 4 need: 2.6666667
INFO [11-06|01:27:44] ---------------process------------------ 
INFO [11-06|01:27:44] In RM Process                            height=6 round=0
INFO [11-06|01:27:44] --------In rm.propose------- 
INFO [11-06|01:27:44] ---------------in rm.vote----------------- 
INFO [11-06|01:27:44] in vote in RM                            height=6 round=0
INFO [11-06|01:27:44] vote mp 
INFO [11-06|01:27:44] vote success in                          height=6 round=0
INFO [11-06|01:27:44] Send VoteMsg 
INFO [11-06|01:27:44] in rm.process, check lockset HasQuorum 
INFO [11-06|01:27:44] in HasQuorum 
INFO [11-06|01:27:44] In IsValid() 
len(lockset.Votes): 4 lockset.EligibleVotesNum: 4
INFO [11-06|01:27:44] There is a quorum                        height=6 round=0
--- in rm.process p.id: --- Peer 94dd98401cf6ca04 [eth/63]
INFO [11-06|01:27:44] ============in cm.commitLockset============ 
INFO [11-06|01:27:44] in commitLockset, check ls HasQuorum 
INFO [11-06|01:27:44] in HasQuorum 
INFO [11-06|01:27:44] In IsValid() 
len(lockset.Votes): 4 lockset.EligibleVotesNum: 4
INFO [11-06|01:27:44] cm.found is not nil 
INFO [11-06|01:27:44] store lockset 
peerid: 94dd98401cf6ca04
INFO [11-06|01:27:44] ---storeLockset--- 
INFO [11-06|01:27:44] have a consensus on the block 
cmH 6
INFO [11-06|01:27:44] in validatorCommit1 
pid: 94dd98401cf6ca04
block number 6
-------in NewBFTValidatorBlock-------
INFO [11-06|01:27:44] in validatorCommit2 
validatorCommit time: 108.116µs
INFO [11-06|01:27:44] result.Header().Coinbase != b.signer 
result.Header().Coinbase: [220 236 234 243 252 92 10 99 209 149 214 155 26 144 1 27 123 25 101 13] b.signer: [130 169 120 179 245 150 42 91 9 87 217 238 158 239 71 46 229 91 66 241]
ConsensusTime, 124238959 , txs, 1602 , blockNum, 6
FinishedConsensus, 1541438864185154000
INFO [11-06|01:27:44] result is nil 
INFO [11-06|01:27:44] === Finished Mine() === 
INFO [11-06|01:27:44] after cm.process() 
INFO [11-06|01:27:44] **in eth.handler**, get result from ch 
INFO [11-06|01:27:44] ***in BFT.VVVVerifyHeader*** 
INFO [11-06|01:27:44] ***in BFT.verifyHeader*** 
INFO [11-06|01:27:44] ***in BFT.verifySeal*** 
INFO [11-06|01:27:44] In verifyVotes 
INFO [11-06|01:27:44] in HasQuorum 
INFO [11-06|01:27:44] In IsValid() 
len(lockset.Votes): 4 lockset.EligibleVotesNum: 4
INFO [11-06|01:27:44] ***in BFT.VerifyHeaderSSSS*** 
INFO [11-06|01:27:44] ***in BFT.verifyHeader*** 
INFO [11-06|01:27:44] ***in BFT.verifySeal*** 
INFO [11-06|01:27:44] In verifyVotes 
INFO [11-06|01:27:44] in HasQuorum 
INFO [11-06|01:27:44] In IsValid() 
len(lockset.Votes): 4 lockset.EligibleVotesNum: 4
INFO [11-06|01:27:44] received NewBlockMsg! 
INFO [11-06|01:27:44] received NewBlockMsg! 
INFO [11-06|01:27:46] Imported new chain segment               blocks=1 txs=1602 mgas=33.642 elapsed=1.865s    mgasps=18.031 number=6 hash=82b77a…648eea
FinishedPostExec, 1541438866051492000 , txs, 1602
PostExecTime, 1.86576109s
INFO [11-06|01:27:46] in pool.evenLoop, call pool.resetState 
INFO [11-06|01:27:48] Handle BFT Msg,                          msg="msg #11 (174160 bytes)"
INFO [11-06|01:27:48] -------Received NewBlockProposalMsg------- 
bpHR: H: 7 R: 0
cmHR: H: 7 R: 0
INFO [11-06|01:27:48] --------------------------------------- 
# collMsig from = Peer d9d5b902798f5c42 [eth/63]
cmHR: H: 7 R: 0
this is rm.proposerPeer  Peer d9d5b902798f5c42 [eth/63]
INFO [11-06|01:27:48] In IsValid() 
len(lockset.Votes): 0 lockset.EligibleVotesNum: 0
INFO [11-06|01:27:48] cm add BlockProposal                     h=7 r=0
INFO [11-06|01:27:48] in HasQuorum 
INFO [11-06|01:27:48] In IsValid() 
len(lockset.Votes): 4 lockset.EligibleVotesNum: 4
INFO [11-06|01:27:48] in collectMsig, i am msig wintness 
INFO [11-06|01:27:48] Return MsigProposalMsg to                LOG15_ERROR=                                                   LOG15_ERROR="Normalized odd number of arguments by adding nil"
INFO [11-06|01:27:48] Sending MsigProposalMsg 
in cm.collectMsig, mp.MsigVs: [<nil> 27]
INFO [11-06|01:27:48] In addBlockCandidates!! 
INFO [11-06|01:27:48] -------in handle NewBlockProposalMsg, success!------- 
INFO [11-06|01:27:48] Handle BFT Msg,                          msg="msg #18 (662 bytes)"
INFO [11-06|01:27:48] ------Received MsigProposalMsg------ 
mpHR: H: 7 R: 0 hash: [206 245 33 209 34 220 69 31 186 118 235 0 111 15 38 124 205 50 233 227 69 148 189 149 136 32 128 225 119 163 173 36]
cmHR: H: 7 R: 0
INFO [11-06|01:27:48] --------------------------------------- 
INFO [11-06|01:27:48] 1111111 
INFO [11-06|01:27:48] in MsigFinished 
len(mp.Msig.MsigVs): 2 mp.MsigVs: [0 27]
H====:  7 P==== 0
INFO [11-06|01:27:48] ------addmsigproposal success!------- 
INFO [11-06|01:27:48] Commit new mining work                   number=7 txs=1603 uncles=0 elapsed=2.501s
INFO [11-06|01:27:48] Sealing                                  block n=7
StartConsensus, 1541438868556440000
INFO [11-06|01:27:48] Start Process 
INFO [11-06|01:27:48] in cm.Process, check lastCommittingLockset() 
INFO [11-06|01:27:48] In IsValid() 
len(lockset.Votes): 4 lockset.EligibleVotesNum: 4
INFO [11-06|01:27:48] in HasQuorum 
INFO [11-06|01:27:48] In IsValid() 
len(lockset.Votes): 4 lockset.EligibleVotesNum: 4
=====CM.COINBASE IS:===== [130 169 120 179 245 150 42 91 9 87 217 238 158 239 71 46 229 91 66 241] block number is: 7
INFO [11-06|01:27:48] case: default, cm.process 
ready: 4 need: 2.6666667
INFO [11-06|01:27:48] ---------------process------------------ 
INFO [11-06|01:27:48] In RM Process                            height=7 round=0
INFO [11-06|01:27:48] --------In rm.propose------- 
INFO [11-06|01:27:48] ---------------in rm.vote----------------- 
INFO [11-06|01:27:48] in vote in RM                            height=7 round=0
INFO [11-06|01:27:48] vote mp 
INFO [11-06|01:27:48] vote success in                          height=7 round=0
INFO [11-06|01:27:48] Send VoteMsg 
INFO [11-06|01:27:48] in rm.process, check lockset HasQuorum 
INFO [11-06|01:27:48] in HasQuorum 
INFO [11-06|01:27:48] In IsValid() 
len(lockset.Votes): 1 lockset.EligibleVotesNum: 4
INFO [11-06|01:27:48] rm lockset is not valid yet 
INFO [11-06|01:27:48] after cm.process() 
INFO [11-06|01:27:48] Handle BFT Msg,                          msg="msg #17 (107 bytes)"
INFO [11-06|01:27:48] ------Received VoteMsg------ 
voteHR: H: 7 R: 0 voteType:: 1 voteHash: [206 245 33 209 34 220 69 31 186 118 235 0 111 15 38 124 205 50 233 227 69 148 189 149 136 32 128 225 119 163 173 36]
cmHR: H: 7 R: 0
INFO [11-06|01:27:48] --------------------------------------- 
INFO [11-06|01:27:48] addVote to                               height=7 round=0 from=0x598443f1880ef585b21f1d7585bd0577402861e5 success=true cm.coinbase=0x82a978b3f5962a5b0957d9ee9eef472ee55b42f1
INFO [11-06|01:27:48] ------in handle VoteMsg, success!------ 
INFO [11-06|01:27:48] Handle BFT Msg,                          msg="msg #17 (107 bytes)"
INFO [11-06|01:27:48] ------Received VoteMsg------ 
voteHR: H: 7 R: 0 voteType:: 1 voteHash: [206 245 33 209 34 220 69 31 186 118 235 0 111 15 38 124 205 50 233 227 69 148 189 149 136 32 128 225 119 163 173 36]
cmHR: H: 7 R: 0
INFO [11-06|01:27:48] --------------------------------------- 
INFO [11-06|01:27:48] addVote to                               height=7 round=0 from=0x7d577a597b2742b498cb5cf0c26cdcd726d39e6e success=true cm.coinbase=0x82a978b3f5962a5b0957d9ee9eef472ee55b42f1
INFO [11-06|01:27:48] ------in handle VoteMsg, success!------ 
INFO [11-06|01:27:48] received NewBlockMsg! 
INFO [11-06|01:27:48] ***in BFT.VVVVerifyHeader*** 
INFO [11-06|01:27:48] ***in BFT.verifyHeader*** 
INFO [11-06|01:27:48] ***in BFT.verifySeal*** 
INFO [11-06|01:27:48] In verifyVotes 
INFO [11-06|01:27:48] ***in sync.request()*** 
INFO [11-06|01:27:48] case: default, cm.process 
ready: 4 need: 2.6666667
INFO [11-06|01:27:48] ---------------process------------------ 
INFO [11-06|01:27:48] In RM Process                            height=7 round=0
INFO [11-06|01:27:48] --------In rm.propose------- 
INFO [11-06|01:27:48] ---------------in rm.vote----------------- 
INFO [11-06|01:27:48] voted 
INFO [11-06|01:27:48] in rm.process, check lockset HasQuorum 
INFO [11-06|01:27:48] in HasQuorum 
INFO [11-06|01:27:48] In IsValid() 
len(lockset.Votes): 3 lockset.EligibleVotesNum: 4
INFO [11-06|01:27:48] There is a quorum                        height=7 round=0
--- in rm.process p.id: --- Peer d9d5b902798f5c42 [eth/63]
INFO [11-06|01:27:48] ============in cm.commitLockset============ 
INFO [11-06|01:27:48] in commitLockset, check ls HasQuorum 
INFO [11-06|01:27:48] in HasQuorum 
INFO [11-06|01:27:48] In IsValid() 
len(lockset.Votes): 3 lockset.EligibleVotesNum: 4
INFO [11-06|01:27:48] cm.found is not nil 
INFO [11-06|01:27:48] store lockset 
peerid: d9d5b902798f5c42
INFO [11-06|01:27:48] ---storeLockset--- 
INFO [11-06|01:27:48] after cm.process() 
cmH 7
INFO [11-06|01:27:48] in validatorCommit1 
pid: d9d5b902798f5c42
block number 7
-------in NewBFTValidatorBlock-------
INFO [11-06|01:27:48] in validatorCommit2 
validatorCommit time: 92.921µs
INFO [11-06|01:27:48] **in eth.handler**, get result from ch 
INFO [11-06|01:27:48] have a consensus on the block 
INFO [11-06|01:27:48] result.Header().Coinbase != b.signer 
result.Header().Coinbase: [89 132 67 241 136 14 245 133 178 31 29 117 133 189 5 119 64 40 97 229] b.signer: [130 169 120 179 245 150 42 91 9 87 217 238 158 239 71 46 229 91 66 241]
ConsensusTime, 110378988 , txs, 1603 , blockNum, 7
FinishedConsensus, 1541438868666858000
INFO [11-06|01:27:48] result is nil 
INFO [11-06|01:27:48] === Finished Mine() === 
INFO [11-06|01:27:48] In verifyVotes 
INFO [11-06|01:27:48] in HasQuorum 
INFO [11-06|01:27:48] In IsValid() 
len(lockset.Votes): 3 lockset.EligibleVotesNum: 4
INFO [11-06|01:27:48] ***in BFT.VerifyHeaderSSSS*** 
INFO [11-06|01:27:48] ***in BFT.verifyHeader*** 
INFO [11-06|01:27:48] ***in BFT.verifySeal*** 
INFO [11-06|01:27:48] In verifyVotes 
INFO [11-06|01:27:48] in HasQuorum 
INFO [11-06|01:27:48] In IsValid() 
len(lockset.Votes): 3 lockset.EligibleVotesNum: 4
INFO [11-06|01:27:49] Handle BFT Msg,                          msg="msg #9 (3 bytes)"
INFO [11-06|01:27:49] -------GetLocksetsMsg------- 
GetLockSetsMsg request:  [{7}] from:  94dd98401cf6ca04
INFO [11-06|01:27:49] Request future block 
INFO [11-06|01:27:49] Handle BFT Msg,                          msg="msg #17 (107 bytes)"
INFO [11-06|01:27:49] ------Received VoteMsg------ 
voteHR: H: 7 R: 0 voteType:: 1 voteHash: [206 245 33 209 34 220 69 31 186 118 235 0 111 15 38 124 205 50 233 227 69 148 189 149 136 32 128 225 119 163 173 36]
cmHR: H: 7 R: 0
INFO [11-06|01:27:49] --------------------------------------- 
INFO [11-06|01:27:49] addVote to                               height=7 round=0 from=0xdceceaf3fc5c0a63d195d69b1a90011b7b19650d success=true cm.coinbase=0x82a978b3f5962a5b0957d9ee9eef472ee55b42f1
INFO [11-06|01:27:49] ------in handle VoteMsg, success!------ 
INFO [11-06|01:27:50] Imported new chain segment               blocks=1 txs=1603 mgas=33.663 elapsed=1.515s    mgasps=22.205 number=7 hash=cef521…a3ad24
FinishedPostExec, 1541438870312500000 , txs, 1603
PostExecTime, 1.515980561s
INFO [11-06|01:27:50] in pool.evenLoop, call pool.resetState 
./node1.sh: line 16: 73533 Terminated: 15          ../build/bin/geth --networkid 2234 --port 30303 --rpcport 8545 --datadir "data/node1" --nodiscover --rpc --rpccorsdomain "*" --rpcapi "eth,net,debug" --bft --allow-empty --num-validators 4 --node-num 0
