INFO [11-06|01:25:08] Starting peer-to-peer node               instance=Geth/v1.6.7-unstable-b6a0e85f/darwin-amd64/go1.9.7
INFO [11-06|01:25:08] Allocated cache and file handles         database=/Users/sujianwei20/new_misgcode/go_ethereum_cosi/examples/data/node3/geth/chaindata cache=128 handles=1024
WARN [11-06|01:25:08] Upgrading chain database to use sequential keys 
INFO [11-06|01:25:08] Initialised chain configuration          config="{ChainID: 2235 Homestead: 1 DAO: <nil> DAOSupport: false EIP150: 2 EIP155: 3 EIP158: 3 Metropolis: <nil> Engine: ethash}"
INFO [11-06|01:25:08] config bft is                            bft=true
INFO [11-06|01:25:08] Database conversion successful 
WARN [11-06|01:25:08] Upgrading db log bloom bins 
INFO [11-06|01:25:08] Bloom-bin upgrade completed              elapsed=159.835µs
INFO [11-06|01:25:08] Initialising Ethereum protocol           versions="[63 62]" network=2234
INFO [11-06|01:25:08] Loaded most recent local header          number=0 hash=6f3c1c…1bf138 td=1048576
INFO [11-06|01:25:08] Loaded most recent local full block      number=0 hash=6f3c1c…1bf138 td=1048576
INFO [11-06|01:25:08] Loaded most recent local fast block      number=0 hash=6f3c1c…1bf138 td=1048576
INFO [11-06|01:25:08] in NewTxPool, call resetState 
INFO [11-06|01:25:08] in NewTxPool, call pool.eventLoog() 
INFO [11-06|01:25:08] Allocated cache and file handles         database=/Users/sujianwei20/new_misgcode/go_ethereum_cosi/examples/data/node3/geth/bftData   cache=128 handles=1024
INFO [11-06|01:25:08] addVote to                               height=0 round=0 from=0xdceceaf3fc5c0a63d195d69b1a90011b7b19650d success=true cm.coinbase=0xdceceaf3fc5c0a63d195d69b1a90011b7b19650d
ready: 1 need: 2.6666667
INFO [11-06|01:25:08] consensusManager not ready  
ready: 1 need: 2.6666667
INFO [11-06|01:25:08] Starting P2P networking 
INFO [11-06|01:25:08] ---In BFTvalidatorCommitBlock--- 
INFO [11-06|01:25:08] RLPx listener up                         self="enode://94dd98401cf6ca0418580bb77ad0606a35ae8f442b22ab0f81011d8d2c78e70ff779c1d53d015640d79a13f0be99161ae3ff3adb60633ca03a7b542cbe116882@[::]:30305?discport=0"
INFO [11-06|01:25:09] HTTP endpoint opened: http://127.0.0.1:8547 
INFO [11-06|01:25:09] IPC endpoint opened: /Users/sujianwei20/new_misgcode/go_ethereum_cosi/examples/data/node3/geth.ipc 
INFO [11-06|01:25:09] Handle BFT Msg,                          msg="msg #8 (78 bytes)"
INFO [11-06|01:25:09] ------Received ReadMsg------ 
INFO [11-06|01:25:09] Handle BFT Msg,                          msg="msg #8 (78 bytes)"
INFO [11-06|01:25:09] ------Received ReadMsg------ 
AddReady from: [89 132 67 241 136 14 245 133 178 31 29 117 133 189 5 119 64 40 97 229]
INFO [11-06|01:25:09] send Ready msg 
INFO [11-06|01:25:09] send Ready msg 
AddReady from: [89 132 67 241 136 14 245 133 178 31 29 117 133 189 5 119 64 40 97 229]
INFO [11-06|01:25:09] send Ready msg 
INFO [11-06|01:25:09] send Ready msg 
INFO [11-06|01:25:09] Handle BFT Msg,                          msg="msg #8 (78 bytes)"
INFO [11-06|01:25:09] ------Received ReadMsg------ 
AddReady from: [89 132 67 241 136 14 245 133 178 31 29 117 133 189 5 119 64 40 97 229]
INFO [11-06|01:25:09] Handle BFT Msg,                          msg="msg #8 (78 bytes)"
INFO [11-06|01:25:09] ------Received ReadMsg------ 
INFO [11-06|01:25:09] Handle BFT Msg,                          msg="msg #8 (78 bytes)"
INFO [11-06|01:25:09] ------Received ReadMsg------ 
AddReady from: [130 169 120 179 245 150 42 91 9 87 217 238 158 239 71 46 229 91 66 241]
AddReady from: [130 169 120 179 245 150 42 91 9 87 217 238 158 239 71 46 229 91 66 241]
INFO [11-06|01:25:09] send Ready msg 
INFO [11-06|01:25:09] Handle BFT Msg,                          msg="msg #8 (78 bytes)"
INFO [11-06|01:25:09] ------Received ReadMsg------ 
INFO [11-06|01:25:09] send Ready msg 
INFO [11-06|01:25:09] send Ready msg 
INFO [11-06|01:25:09] send Ready msg 
AddReady from: [130 169 120 179 245 150 42 91 9 87 217 238 158 239 71 46 229 91 66 241]
INFO [11-06|01:25:09] send Ready msg 
INFO [11-06|01:25:09] send Ready msg 
ready: 3 need: 2.6666667
ready: 3 need: 2.6666667
INFO [11-06|01:25:09] send Ready msg 
INFO [11-06|01:25:09] send Ready msg 
INFO [11-06|01:25:09] send Ready msg 
INFO [11-06|01:25:09] Handle BFT Msg,                          msg="msg #8 (78 bytes)"
INFO [11-06|01:25:09] ------Received ReadMsg------ 
INFO [11-06|01:25:09] Handle BFT Msg,                          msg="msg #8 (78 bytes)"
INFO [11-06|01:25:09] ------Received ReadMsg------ 
AddReady from: [220 236 234 243 252 92 10 99 209 149 214 155 26 144 1 27 123 25 101 13]
AddReady from: [220 236 234 243 252 92 10 99 209 149 214 155 26 144 1 27 123 25 101 13]
INFO [11-06|01:25:09] Handle BFT Msg,                          msg="msg #8 (78 bytes)"
INFO [11-06|01:25:09] ------Received ReadMsg------ 
AddReady from: [220 236 234 243 252 92 10 99 209 149 214 155 26 144 1 27 123 25 101 13]
INFO [11-06|01:25:09] -----------------consensusManager Ready------------------------- 
INFO [11-06|01:25:09] Handle BFT Msg,                          msg="msg #8 (78 bytes)"
INFO [11-06|01:25:09] ------Received ReadMsg------ 
AddReady from: [125 87 122 89 123 39 66 180 152 203 92 240 194 108 220 215 38 211 158 110]
INFO [11-06|01:25:09] send Ready msg 
INFO [11-06|01:25:09] send Ready msg 
INFO [11-06|01:25:09] send Ready msg 
INFO [11-06|01:25:09] Handle BFT Msg,                          msg="msg #8 (78 bytes)"
INFO [11-06|01:25:09] ------Received ReadMsg------ 
INFO [11-06|01:25:09] Handle BFT Msg,                          msg="msg #8 (78 bytes)"
INFO [11-06|01:25:09] ------Received ReadMsg------ 
AddReady from: [125 87 122 89 123 39 66 180 152 203 92 240 194 108 220 215 38 211 158 110]
AddReady from: [125 87 122 89 123 39 66 180 152 203 92 240 194 108 220 215 38 211 158 110]
INFO [11-06|01:25:09] Handle BFT Msg,                          msg="msg #8 (78 bytes)"
INFO [11-06|01:25:09] ------Received ReadMsg------ 
AddReady from: [89 132 67 241 136 14 245 133 178 31 29 117 133 189 5 119 64 40 97 229]
INFO [11-06|01:25:09] send Ready msg 
INFO [11-06|01:25:09] send Ready msg 
INFO [11-06|01:25:09] Handle BFT Msg,                          msg="msg #8 (78 bytes)"
INFO [11-06|01:25:09] ------Received ReadMsg------ 
INFO [11-06|01:25:09] send Ready msg 
INFO [11-06|01:25:09] Handle BFT Msg,                          msg="msg #8 (78 bytes)"
INFO [11-06|01:25:09] ------Received ReadMsg------ 
AddReady from: [89 132 67 241 136 14 245 133 178 31 29 117 133 189 5 119 64 40 97 229]
AddReady from: [89 132 67 241 136 14 245 133 178 31 29 117 133 189 5 119 64 40 97 229]
INFO [11-06|01:25:09] Handle BFT Msg,                          msg="msg #8 (78 bytes)"
INFO [11-06|01:25:09] ------Received ReadMsg------ 
AddReady from: [130 169 120 179 245 150 42 91 9 87 217 238 158 239 71 46 229 91 66 241]
INFO [11-06|01:25:09] send Ready msg 
INFO [11-06|01:25:09] send Ready msg 
INFO [11-06|01:25:09] send Ready msg 
INFO [11-06|01:25:09] Handle BFT Msg,                          msg="msg #8 (78 bytes)"
INFO [11-06|01:25:09] ------Received ReadMsg------ 
INFO [11-06|01:25:09] Handle BFT Msg,                          msg="msg #8 (78 bytes)"
INFO [11-06|01:25:09] ------Received ReadMsg------ 
AddReady from: [130 169 120 179 245 150 42 91 9 87 217 238 158 239 71 46 229 91 66 241]
AddReady from: [130 169 120 179 245 150 42 91 9 87 217 238 158 239 71 46 229 91 66 241]
INFO [11-06|01:27:21] Transaction pool price threshold updated price=18000000000
INFO [11-06|01:27:21] Starting mining operation 
INFO [11-06|01:27:23] Handle BFT Msg,                          msg="msg #11 (172922 bytes)"
INFO [11-06|01:27:23] -------Received NewBlockProposalMsg------- 
bpHR: H: 1 R: 0
cmHR: H: 1 R: 0
INFO [11-06|01:27:23] --------------------------------------- 
# collMsig from = Peer 6d11b37ef4fc909a [eth/63]
cmHR: H: 1 R: 0
this is rm.proposerPeer  Peer 6d11b37ef4fc909a [eth/63]
INFO [11-06|01:27:23] In IsValid() 
len(lockset.Votes): 0 lockset.EligibleVotesNum: 0
INFO [11-06|01:27:23] cm add BlockProposal                     h=1 r=0
INFO [11-06|01:27:23] in HasQuorum 
INFO [11-06|01:27:23] In IsValid() 
len(lockset.Votes): 1 lockset.EligibleVotesNum: 0
INFO [11-06|01:27:23] in collectMsig, i am msig wintness 
INFO [11-06|01:27:23] Return MsigProposalMsg to                LOG15_ERROR= LOG15_ERROR="Normalized odd number of arguments by adding nil"
INFO [11-06|01:27:23] Sending MsigProposalMsg 
in cm.collectMsig, mp.MsigVs: [<nil> 27]
INFO [11-06|01:27:23] In addBlockCandidates!! 
INFO [11-06|01:27:23] -------in handle NewBlockProposalMsg, success!------- 
INFO [11-06|01:27:23] Handle BFT Msg,                          msg="msg #18 (345 bytes)"
INFO [11-06|01:27:23] ------Received MsigProposalMsg------ 
mpHR: H: 1 R: 0 hash: [1 94 229 210 22 66 83 236 30 206 246 194 17 59 32 162 62 84 52 173 126 86 138 237 208 56 224 200 245 222 224 66]
cmHR: H: 1 R: 0
INFO [11-06|01:27:23] --------------------------------------- 
INFO [11-06|01:27:23] 1111111 
INFO [11-06|01:27:23] in MsigFinished 
len(mp.Msig.MsigVs): 2 mp.MsigVs: [0 27]
H====:  1 P==== 0
INFO [11-06|01:27:23] ------addmsigproposal success!------- 
INFO [11-06|01:27:23] Handle BFT Msg,                          msg="msg #17 (107 bytes)"
INFO [11-06|01:27:23] ------Received VoteMsg------ 
voteHR: H: 1 R: 0 voteType:: 1 voteHash: [1 94 229 210 22 66 83 236 30 206 246 194 17 59 32 162 62 84 52 173 126 86 138 237 208 56 224 200 245 222 224 66]
cmHR: H: 1 R: 0
INFO [11-06|01:27:23] --------------------------------------- 
INFO [11-06|01:27:23] addVote to                               height=1 round=0 from=0x82a978b3f5962a5b0957d9ee9eef472ee55b42f1 success=true cm.coinbase=0xdceceaf3fc5c0a63d195d69b1a90011b7b19650d
INFO [11-06|01:27:23] ------in handle VoteMsg, success!------ 
INFO [11-06|01:27:23] Handle BFT Msg,                          msg="msg #17 (107 bytes)"
INFO [11-06|01:27:23] ------Received VoteMsg------ 
voteHR: H: 1 R: 0 voteType:: 1 voteHash: [1 94 229 210 22 66 83 236 30 206 246 194 17 59 32 162 62 84 52 173 126 86 138 237 208 56 224 200 245 222 224 66]
cmHR: H: 1 R: 0
INFO [11-06|01:27:23] --------------------------------------- 
INFO [11-06|01:27:23] addVote to                               height=1 round=0 from=0x7d577a597b2742b498cb5cf0c26cdcd726d39e6e success=true cm.coinbase=0xdceceaf3fc5c0a63d195d69b1a90011b7b19650d
INFO [11-06|01:27:23] ------in handle VoteMsg, success!------ 
INFO [11-06|01:27:23] Commit new mining work                   number=1 txs=1598 uncles=0 elapsed=1.726s
INFO [11-06|01:27:23] Sealing                                  block n=1
StartConsensus, 1541438843608079000
INFO [11-06|01:27:23] Start Process 
INFO [11-06|01:27:23] in cm.Process, check lastCommittingLockset() 
INFO [11-06|01:27:23] In IsValid() 
len(lockset.Votes): 2 lockset.EligibleVotesNum: 0
INFO [11-06|01:27:23] in HasQuorum 
INFO [11-06|01:27:23] In IsValid() 
len(lockset.Votes): 2 lockset.EligibleVotesNum: 0
=====CM.COINBASE IS:===== [220 236 234 243 252 92 10 99 209 149 214 155 26 144 1 27 123 25 101 13] block number is: 1
INFO [11-06|01:27:23] case: default, cm.process 
ready: 4 need: 2.6666667
INFO [11-06|01:27:23] ---------------process------------------ 
INFO [11-06|01:27:23] In RM Process                            height=1 round=0
INFO [11-06|01:27:23] --------In rm.propose------- 
INFO [11-06|01:27:23] ---------------in rm.vote----------------- 
INFO [11-06|01:27:23] in vote in RM                            height=1 round=0
INFO [11-06|01:27:23] vote mp 
INFO [11-06|01:27:23] vote success in                          height=1 round=0
INFO [11-06|01:27:23] Send VoteMsg 
INFO [11-06|01:27:23] in rm.process, check lockset HasQuorum 
INFO [11-06|01:27:23] in HasQuorum 
INFO [11-06|01:27:23] In IsValid() 
len(lockset.Votes): 3 lockset.EligibleVotesNum: 4
INFO [11-06|01:27:23] There is a quorum                        height=1 round=0
--- in rm.process p.id: --- Peer 6d11b37ef4fc909a [eth/63]
INFO [11-06|01:27:23] ============in cm.commitLockset============ 
INFO [11-06|01:27:23] in commitLockset, check ls HasQuorum 
INFO [11-06|01:27:23] in HasQuorum 
INFO [11-06|01:27:23] In IsValid() 
len(lockset.Votes): 3 lockset.EligibleVotesNum: 4
INFO [11-06|01:27:23] cm.found is not nil 
INFO [11-06|01:27:23] store lockset 
peerid: 6d11b37ef4fc909a
INFO [11-06|01:27:23] ---storeLockset--- 
INFO [11-06|01:27:23] after cm.process() 
cmH 1
INFO [11-06|01:27:23] in validatorCommit1 
pid: 6d11b37ef4fc909a
block number 1
-------in NewBFTValidatorBlock-------
INFO [11-06|01:27:23] in validatorCommit2 
validatorCommit time: 83.017µs
INFO [11-06|01:27:23] **in eth.handler**, get result from ch 
INFO [11-06|01:27:23] have a consensus on the block 
INFO [11-06|01:27:23] result.Header().Coinbase != b.signer 
result.Header().Coinbase: [125 87 122 89 123 39 66 180 152 203 92 240 194 108 220 215 38 211 158 110] b.signer: [220 236 234 243 252 92 10 99 209 149 214 155 26 144 1 27 123 25 101 13]
ConsensusTime, 1661571 , txs, 1598 , blockNum, 1
FinishedConsensus, 1541438843609757000
INFO [11-06|01:27:23] result is nil 
INFO [11-06|01:27:23] === Finished Mine() === 
INFO [11-06|01:27:23] ***in BFT.VVVVerifyHeader*** 
INFO [11-06|01:27:23] ***in BFT.verifyHeader*** 
INFO [11-06|01:27:23] ***in BFT.verifySeal*** 
INFO [11-06|01:27:23] In verifyVotes 
INFO [11-06|01:27:23] in HasQuorum 
INFO [11-06|01:27:23] In IsValid() 
len(lockset.Votes): 3 lockset.EligibleVotesNum: 4
INFO [11-06|01:27:23] ***in BFT.VerifyHeaderSSSS*** 
INFO [11-06|01:27:23] ***in BFT.verifyHeader*** 
INFO [11-06|01:27:23] ***in BFT.verifySeal*** 
INFO [11-06|01:27:23] In verifyVotes 
INFO [11-06|01:27:23] in HasQuorum 
INFO [11-06|01:27:23] In IsValid() 
len(lockset.Votes): 3 lockset.EligibleVotesNum: 4
INFO [11-06|01:27:23] Handle BFT Msg,                          msg="msg #9 (3 bytes)"
INFO [11-06|01:27:23] -------GetLocksetsMsg------- 
GetLockSetsMsg request:  [{1}] from:  d9d5b902798f5c42
INFO [11-06|01:27:23] Request future block 
INFO [11-06|01:27:23] Handle BFT Msg,                          msg="msg #17 (107 bytes)"
INFO [11-06|01:27:23] ------Received VoteMsg------ 
voteHR: H: 1 R: 0 voteType:: 1 voteHash: [1 94 229 210 22 66 83 236 30 206 246 194 17 59 32 162 62 84 52 173 126 86 138 237 208 56 224 200 245 222 224 66]
cmHR: H: 1 R: 0
INFO [11-06|01:27:23] --------------------------------------- 
INFO [11-06|01:27:23] addVote to                               height=1 round=0 from=0x598443f1880ef585b21f1d7585bd0577402861e5 success=true cm.coinbase=0xdceceaf3fc5c0a63d195d69b1a90011b7b19650d
INFO [11-06|01:27:23] ------in handle VoteMsg, success!------ 
INFO [11-06|01:27:24] received NewBlockMsg! 
INFO [11-06|01:27:24] Imported new chain segment               blocks=1 txs=1598 mgas=33.558 elapsed=1.327s    mgasps=25.284 number=1 hash=015ee5…dee042
FinishedPostExec, 1541438844938291000 , txs, 1598
PostExecTime, 1.327268592s
INFO [11-06|01:27:24] in pool.evenLoop, call pool.resetState 
INFO [11-06|01:27:27] Commit new mining work                   number=2 txs=1599 uncles=0 elapsed=2.125s
INFO [11-06|01:27:27] Sealing                                  block n=2
StartConsensus, 1541438847063932000
INFO [11-06|01:27:27] Start Process 
INFO [11-06|01:27:27] in cm.Process, check lastCommittingLockset() 
INFO [11-06|01:27:27] In IsValid() 
len(lockset.Votes): 4 lockset.EligibleVotesNum: 4
INFO [11-06|01:27:27] in HasQuorum 
INFO [11-06|01:27:27] In IsValid() 
len(lockset.Votes): 4 lockset.EligibleVotesNum: 4
=====CM.COINBASE IS:===== [220 236 234 243 252 92 10 99 209 149 214 155 26 144 1 27 123 25 101 13] block number is: 2
INFO [11-06|01:27:27] case: default, cm.process 
ready: 4 need: 2.6666667
INFO [11-06|01:27:27] ---------------process------------------ 
INFO [11-06|01:27:27] In RM Process                            height=2 round=0
INFO [11-06|01:27:27] --------In rm.propose------- 
INFO [11-06|01:27:27] I am a proposer in                       height=2 round=0
INFO [11-06|01:27:27] in propose, check lastRoundLockset 
lastRoundLockset, hm.activeround: 0
INFO [11-06|01:27:27] ------in mkProposal------ 
INFO [11-06|01:27:27] In IsValid() 
len(lockset.Votes): 4 lockset.EligibleVotesNum: 4
INFO [11-06|01:27:27] in HasQuorum 
INFO [11-06|01:27:27] In IsValid() 
len(lockset.Votes): 4 lockset.EligibleVotesNum: 4
INFO [11-06|01:27:27] LockSet(R-1) is nil (rm.round should equal to zero) 
INFO [11-06|01:27:27] in HasQuorum 
INFO [11-06|01:27:27] In IsValid() 
len(lockset.Votes): 4 lockset.EligibleVotesNum: 4
INFO [11-06|01:27:27] in HasQuorum 
INFO [11-06|01:27:27] In IsValid() 
len(lockset.Votes): 4 lockset.EligibleVotesNum: 4
Create block blockhash :  [195 237 193 1 208 141 166 113 30 184 131 25 47 126 187 117 96 53 221 94 239 4 85 151 163 71 76 60 182 45 187 177]
INFO [11-06|01:27:27] In addBlockCandidates!! 
INFO [11-06|01:27:27] Send NewBlockProposalMsg:                LOG15_ERROR=                                                   LOG15_ERROR="Normalized odd number of arguments by adding nil"
INFO [11-06|01:27:27] Handle BFT Msg,                          msg="msg #18 (662 bytes)"
INFO [11-06|01:27:27] ------Received MsigProposalMsg------ 
mpHR: H: 2 R: 0 hash: [195 237 193 1 208 141 166 113 30 184 131 25 47 126 187 117 96 53 221 94 239 4 85 151 163 71 76 60 182 45 187 177]
cmHR: H: 2 R: 0
INFO [11-06|01:27:27] --------------------------------------- 
INFO [11-06|01:27:27] 1111111 
INFO [11-06|01:27:27] in MsigFinished 
len(mp.Msig.MsigVs): 2 mp.MsigVs: [0 27]
H====:  2 P==== 0
INFO [11-06|01:27:27] In addMsig I am leader 
mp= &{0xc427cae3e0 27 43263172668860358318608571857117276160762361390154823634369747957716920112874 36351554730669773446673868099896913064212457249708281929508003000205123007816 0xc425d5c060 2 0 [195 237 193 1 208 141 166 113 30 184 131 25 47 126 187 117 96 53 221 94 239 4 85 151 163 71 76 60 182 45 187 177] 0xc4262c6000 0xc4262c6050}
cosiproposal =nil !
 mp=  &{0xc427cae3e0 27 43263172668860358318608571857117276160762361390154823634369747957716920112874 36351554730669773446673868099896913064212457249708281929508003000205123007816 0xc425d5c060 2 0 [195 237 193 1 208 141 166 113 30 184 131 25 47 126 187 117 96 53 221 94 239 4 85 151 163 71 76 60 182 45 187 177] 0xc4262c6000 0xc4262c6050}
cosiproposal =  <nil>
INFO [11-06|01:27:27] in bfthandler Send MsigProposalMsg 
INFO [11-06|01:27:27] Sending MsigProposalMsg 
INFO [11-06|01:27:27] Sending MsigProposalMsg 
INFO [11-06|01:27:27] Sending MsigProposalMsg 
INFO [11-06|01:27:27] ---------------in rm.vote----------------- 
INFO [11-06|01:27:27] in vote in RM                            height=2 round=0
INFO [11-06|01:27:27] Timeout time not reach, curr vs timeout: curr=1541438847.000 timeout=1541438852.000
INFO [11-06|01:27:27] in rm.process, check lockset HasQuorum 
INFO [11-06|01:27:27] in HasQuorum 
INFO [11-06|01:27:27] In IsValid() 
len(lockset.Votes): 0 lockset.EligibleVotesNum: 4
INFO [11-06|01:27:27] rm lockset is not valid yet 
INFO [11-06|01:27:27] after cm.process() 
INFO [11-06|01:27:27] ------addmsigproposal success!------- 
INFO [11-06|01:27:27] Handle BFT Msg,                          msg="msg #17 (107 bytes)"
INFO [11-06|01:27:27] ------Received VoteMsg------ 
voteHR: H: 2 R: 0 voteType:: 1 voteHash: [195 237 193 1 208 141 166 113 30 184 131 25 47 126 187 117 96 53 221 94 239 4 85 151 163 71 76 60 182 45 187 177]
cmHR: H: 2 R: 0
INFO [11-06|01:27:27] --------------------------------------- 
INFO [11-06|01:27:27] addVote to                               height=2 round=0 from=0x82a978b3f5962a5b0957d9ee9eef472ee55b42f1 success=true cm.coinbase=0xdceceaf3fc5c0a63d195d69b1a90011b7b19650d
INFO [11-06|01:27:27] ------in handle VoteMsg, success!------ 
INFO [11-06|01:27:27] Handle BFT Msg,                          msg="msg #17 (107 bytes)"
INFO [11-06|01:27:27] ------Received VoteMsg------ 
voteHR: H: 2 R: 0 voteType:: 1 voteHash: [195 237 193 1 208 141 166 113 30 184 131 25 47 126 187 117 96 53 221 94 239 4 85 151 163 71 76 60 182 45 187 177]
cmHR: H: 2 R: 0
INFO [11-06|01:27:27] --------------------------------------- 
INFO [11-06|01:27:27] addVote to                               height=2 round=0 from=0x7d577a597b2742b498cb5cf0c26cdcd726d39e6e success=true cm.coinbase=0xdceceaf3fc5c0a63d195d69b1a90011b7b19650d
INFO [11-06|01:27:27] ------in handle VoteMsg, success!------ 
INFO [11-06|01:27:27] case: default, cm.process 
ready: 4 need: 2.6666667
INFO [11-06|01:27:27] ---------------process------------------ 
INFO [11-06|01:27:27] In RM Process                            height=2 round=0
INFO [11-06|01:27:27] --------In rm.propose------- 
INFO [11-06|01:27:27] I am a proposer in                       height=2 round=0
INFO [11-06|01:27:27] ---------------in rm.vote----------------- 
INFO [11-06|01:27:27] in vote in RM                            height=2 round=0
INFO [11-06|01:27:27] vote mp 
INFO [11-06|01:27:27] vote success in                          height=2 round=0
INFO [11-06|01:27:27] Send VoteMsg 
INFO [11-06|01:27:27] in rm.process, check lockset HasQuorum 
INFO [11-06|01:27:27] in HasQuorum 
INFO [11-06|01:27:27] In IsValid() 
len(lockset.Votes): 3 lockset.EligibleVotesNum: 4
INFO [11-06|01:27:27] There is a quorum                        height=2 round=0
INFO [11-06|01:27:27] ============in cm.commitLockset============ 
INFO [11-06|01:27:27] in commitLockset, check ls HasQuorum 
INFO [11-06|01:27:27] in HasQuorum 
INFO [11-06|01:27:27] In IsValid() 
len(lockset.Votes): 3 lockset.EligibleVotesNum: 4
INFO [11-06|01:27:27] cm.found is not nil 
INFO [11-06|01:27:27] store lockset 
INFO [11-06|01:27:27] ---storeLockset--- 
INFO [11-06|01:27:27] after cm.process() 
INFO [11-06|01:27:27] have a consensus on the block 
ConsensusTime, 193737659 , txs, 1599 , blockNum, 2
FinishedConsensus, 1541438847257651000
INFO [11-06|01:27:27] Successfully sealed new block            number=2 hash=c3edc1…2dbbb1
INFO [11-06|01:27:27] === Finished Mine() === 
INFO [11-06|01:27:27] 🔨 mined potential block                  number=2 hash=c3edc1…2dbbb1
INFO [11-06|01:27:27] in pool.evenLoop, call pool.resetState 
INFO [11-06|01:27:27] Handle BFT Msg,                          msg="msg #17 (107 bytes)"
INFO [11-06|01:27:27] ------Received VoteMsg------ 
voteHR: H: 2 R: 0 voteType:: 1 voteHash: [195 237 193 1 208 141 166 113 30 184 131 25 47 126 187 117 96 53 221 94 239 4 85 151 163 71 76 60 182 45 187 177]
cmHR: H: 3 R: 0
INFO [11-06|01:27:27] --------------------------------------- 
INFO [11-06|01:27:27] addVote to                               height=2 round=0 from=0x598443f1880ef585b21f1d7585bd0577402861e5 success=true cm.coinbase=0xdceceaf3fc5c0a63d195d69b1a90011b7b19650d
INFO [11-06|01:27:27] ------in handle VoteMsg, success!------ 
INFO [11-06|01:27:30] Commit new mining work                   number=3 txs=1599 uncles=0 elapsed=3.092s
INFO [11-06|01:27:30] Sealing                                  block n=3
StartConsensus, 1541438850398829000
INFO [11-06|01:27:30] Start Process 
INFO [11-06|01:27:30] in cm.Process, check lastCommittingLockset() 
INFO [11-06|01:27:30] In IsValid() 
len(lockset.Votes): 4 lockset.EligibleVotesNum: 4
INFO [11-06|01:27:30] in HasQuorum 
INFO [11-06|01:27:30] In IsValid() 
len(lockset.Votes): 4 lockset.EligibleVotesNum: 4
=====CM.COINBASE IS:===== [220 236 234 243 252 92 10 99 209 149 214 155 26 144 1 27 123 25 101 13] block number is: 3
INFO [11-06|01:27:30] case: default, cm.process 
ready: 4 need: 2.6666667
INFO [11-06|01:27:30] ---------------process------------------ 
INFO [11-06|01:27:30] In RM Process                            height=3 round=0
INFO [11-06|01:27:30] --------In rm.propose------- 
INFO [11-06|01:27:30] ---------------in rm.vote----------------- 
INFO [11-06|01:27:30] in vote in RM                            height=3 round=0
INFO [11-06|01:27:30] Timeout time not reach, curr vs timeout: curr=1541438850.000 timeout=1541438855.000
INFO [11-06|01:27:30] in rm.process, check lockset HasQuorum 
INFO [11-06|01:27:30] in HasQuorum 
INFO [11-06|01:27:30] In IsValid() 
len(lockset.Votes): 0 lockset.EligibleVotesNum: 4
INFO [11-06|01:27:30] rm lockset is not valid yet 
INFO [11-06|01:27:30] after cm.process() 
INFO [11-06|01:27:30] case: default, cm.process 
ready: 4 need: 2.6666667
INFO [11-06|01:27:30] ---------------process------------------ 
INFO [11-06|01:27:30] In RM Process                            height=3 round=0
INFO [11-06|01:27:30] --------In rm.propose------- 
INFO [11-06|01:27:30] ---------------in rm.vote----------------- 
INFO [11-06|01:27:30] in vote in RM                            height=3 round=0
INFO [11-06|01:27:30] Timeout time not reach, curr vs timeout: curr=1541438850.000 timeout=1541438855.000
INFO [11-06|01:27:30] in rm.process, check lockset HasQuorum 
INFO [11-06|01:27:30] in HasQuorum 
INFO [11-06|01:27:30] In IsValid() 
len(lockset.Votes): 0 lockset.EligibleVotesNum: 4
INFO [11-06|01:27:30] rm lockset is not valid yet 
INFO [11-06|01:27:30] after cm.process() 
INFO [11-06|01:27:30] case: default, cm.process 
ready: 4 need: 2.6666667
INFO [11-06|01:27:30] ---------------process------------------ 
INFO [11-06|01:27:30] In RM Process                            height=3 round=0
INFO [11-06|01:27:30] --------In rm.propose------- 
INFO [11-06|01:27:30] ---------------in rm.vote----------------- 
INFO [11-06|01:27:30] in vote in RM                            height=3 round=0
INFO [11-06|01:27:30] Timeout time not reach, curr vs timeout: curr=1541438850.000 timeout=1541438855.000
INFO [11-06|01:27:30] in rm.process, check lockset HasQuorum 
INFO [11-06|01:27:30] in HasQuorum 
INFO [11-06|01:27:30] In IsValid() 
len(lockset.Votes): 0 lockset.EligibleVotesNum: 4
INFO [11-06|01:27:30] rm lockset is not valid yet 
INFO [11-06|01:27:30] after cm.process() 
INFO [11-06|01:27:30] case: default, cm.process 
ready: 4 need: 2.6666667
INFO [11-06|01:27:30] ---------------process------------------ 
INFO [11-06|01:27:30] In RM Process                            height=3 round=0
INFO [11-06|01:27:30] --------In rm.propose------- 
INFO [11-06|01:27:30] ---------------in rm.vote----------------- 
INFO [11-06|01:27:30] in vote in RM                            height=3 round=0
INFO [11-06|01:27:30] Timeout time not reach, curr vs timeout: curr=1541438850.000 timeout=1541438855.000
INFO [11-06|01:27:30] in rm.process, check lockset HasQuorum 
INFO [11-06|01:27:30] in HasQuorum 
INFO [11-06|01:27:30] In IsValid() 
len(lockset.Votes): 0 lockset.EligibleVotesNum: 4
INFO [11-06|01:27:30] rm lockset is not valid yet 
INFO [11-06|01:27:30] after cm.process() 
INFO [11-06|01:27:30] case: default, cm.process 
ready: 4 need: 2.6666667
INFO [11-06|01:27:30] ---------------process------------------ 
INFO [11-06|01:27:30] In RM Process                            height=3 round=0
INFO [11-06|01:27:30] --------In rm.propose------- 
INFO [11-06|01:27:30] ---------------in rm.vote----------------- 
INFO [11-06|01:27:30] in vote in RM                            height=3 round=0
INFO [11-06|01:27:30] Timeout time not reach, curr vs timeout: curr=1541438850.000 timeout=1541438855.000
INFO [11-06|01:27:30] in rm.process, check lockset HasQuorum 
INFO [11-06|01:27:30] in HasQuorum 
INFO [11-06|01:27:30] In IsValid() 
len(lockset.Votes): 0 lockset.EligibleVotesNum: 4
INFO [11-06|01:27:30] rm lockset is not valid yet 
INFO [11-06|01:27:30] after cm.process() 
INFO [11-06|01:27:30] case: default, cm.process 
ready: 4 need: 2.6666667
INFO [11-06|01:27:30] ---------------process------------------ 
INFO [11-06|01:27:30] In RM Process                            height=3 round=0
INFO [11-06|01:27:30] --------In rm.propose------- 
INFO [11-06|01:27:30] ---------------in rm.vote----------------- 
INFO [11-06|01:27:30] in vote in RM                            height=3 round=0
INFO [11-06|01:27:30] Timeout time not reach, curr vs timeout: curr=1541438850.000 timeout=1541438855.000
INFO [11-06|01:27:30] in rm.process, check lockset HasQuorum 
INFO [11-06|01:27:30] in HasQuorum 
INFO [11-06|01:27:30] In IsValid() 
len(lockset.Votes): 0 lockset.EligibleVotesNum: 4
INFO [11-06|01:27:30] rm lockset is not valid yet 
INFO [11-06|01:27:30] after cm.process() 
INFO [11-06|01:27:31] case: default, cm.process 
ready: 4 need: 2.6666667
INFO [11-06|01:27:31] ---------------process------------------ 
INFO [11-06|01:27:31] In RM Process                            height=3 round=0
INFO [11-06|01:27:31] --------In rm.propose------- 
INFO [11-06|01:27:31] ---------------in rm.vote----------------- 
INFO [11-06|01:27:31] in vote in RM                            height=3 round=0
INFO [11-06|01:27:31] Timeout time not reach, curr vs timeout: curr=1541438851.000 timeout=1541438855.000
INFO [11-06|01:27:31] in rm.process, check lockset HasQuorum 
INFO [11-06|01:27:31] in HasQuorum 
INFO [11-06|01:27:31] In IsValid() 
len(lockset.Votes): 0 lockset.EligibleVotesNum: 4
INFO [11-06|01:27:31] rm lockset is not valid yet 
INFO [11-06|01:27:31] after cm.process() 
INFO [11-06|01:27:31] case: default, cm.process 
ready: 4 need: 2.6666667
INFO [11-06|01:27:31] ---------------process------------------ 
INFO [11-06|01:27:31] In RM Process                            height=3 round=0
INFO [11-06|01:27:31] --------In rm.propose------- 
INFO [11-06|01:27:31] ---------------in rm.vote----------------- 
INFO [11-06|01:27:31] in vote in RM                            height=3 round=0
INFO [11-06|01:27:31] Timeout time not reach, curr vs timeout: curr=1541438851.000 timeout=1541438855.000
INFO [11-06|01:27:31] in rm.process, check lockset HasQuorum 
INFO [11-06|01:27:31] in HasQuorum 
INFO [11-06|01:27:31] In IsValid() 
len(lockset.Votes): 0 lockset.EligibleVotesNum: 4
INFO [11-06|01:27:31] rm lockset is not valid yet 
INFO [11-06|01:27:31] after cm.process() 
INFO [11-06|01:27:31] case: default, cm.process 
ready: 4 need: 2.6666667
INFO [11-06|01:27:31] ---------------process------------------ 
INFO [11-06|01:27:31] In RM Process                            height=3 round=0
INFO [11-06|01:27:31] --------In rm.propose------- 
INFO [11-06|01:27:31] ---------------in rm.vote----------------- 
INFO [11-06|01:27:31] in vote in RM                            height=3 round=0
INFO [11-06|01:27:31] Timeout time not reach, curr vs timeout: curr=1541438851.000 timeout=1541438855.000
INFO [11-06|01:27:31] in rm.process, check lockset HasQuorum 
INFO [11-06|01:27:31] in HasQuorum 
INFO [11-06|01:27:31] In IsValid() 
len(lockset.Votes): 0 lockset.EligibleVotesNum: 4
INFO [11-06|01:27:31] rm lockset is not valid yet 
INFO [11-06|01:27:31] after cm.process() 
INFO [11-06|01:27:31] case: default, cm.process 
ready: 4 need: 2.6666667
INFO [11-06|01:27:31] ---------------process------------------ 
INFO [11-06|01:27:31] In RM Process                            height=3 round=0
INFO [11-06|01:27:31] --------In rm.propose------- 
INFO [11-06|01:27:31] ---------------in rm.vote----------------- 
INFO [11-06|01:27:31] in vote in RM                            height=3 round=0
INFO [11-06|01:27:31] Timeout time not reach, curr vs timeout: curr=1541438851.000 timeout=1541438855.000
INFO [11-06|01:27:31] in rm.process, check lockset HasQuorum 
INFO [11-06|01:27:31] in HasQuorum 
INFO [11-06|01:27:31] In IsValid() 
len(lockset.Votes): 0 lockset.EligibleVotesNum: 4
INFO [11-06|01:27:31] rm lockset is not valid yet 
INFO [11-06|01:27:31] after cm.process() 
INFO [11-06|01:27:31] case: default, cm.process 
ready: 4 need: 2.6666667
INFO [11-06|01:27:31] ---------------process------------------ 
INFO [11-06|01:27:31] In RM Process                            height=3 round=0
INFO [11-06|01:27:31] --------In rm.propose------- 
INFO [11-06|01:27:31] ---------------in rm.vote----------------- 
INFO [11-06|01:27:31] in vote in RM                            height=3 round=0
INFO [11-06|01:27:31] Timeout time not reach, curr vs timeout: curr=1541438851.000 timeout=1541438855.000
INFO [11-06|01:27:31] in rm.process, check lockset HasQuorum 
INFO [11-06|01:27:31] in HasQuorum 
INFO [11-06|01:27:31] In IsValid() 
len(lockset.Votes): 0 lockset.EligibleVotesNum: 4
INFO [11-06|01:27:31] rm lockset is not valid yet 
INFO [11-06|01:27:31] after cm.process() 
INFO [11-06|01:27:31] Handle BFT Msg,                          msg="msg #11 (173336 bytes)"
INFO [11-06|01:27:31] -------Received NewBlockProposalMsg------- 
bpHR: H: 3 R: 0
cmHR: H: 3 R: 0
INFO [11-06|01:27:31] --------------------------------------- 
# collMsig from = Peer d9d5b902798f5c42 [eth/63]
cmHR: H: 3 R: 0
this is rm.proposerPeer  Peer d9d5b902798f5c42 [eth/63]
INFO [11-06|01:27:31] In IsValid() 
len(lockset.Votes): 0 lockset.EligibleVotesNum: 0
INFO [11-06|01:27:31] cm add BlockProposal                     h=3 r=0
INFO [11-06|01:27:31] in HasQuorum 
INFO [11-06|01:27:31] In IsValid() 
len(lockset.Votes): 4 lockset.EligibleVotesNum: 4
INFO [11-06|01:27:31] In addBlockCandidates!! 
INFO [11-06|01:27:31] -------in handle NewBlockProposalMsg, success!------- 
INFO [11-06|01:27:31] Handle BFT Msg,                          msg="msg #18 (662 bytes)"
INFO [11-06|01:27:31] ------Received MsigProposalMsg------ 
mpHR: H: 3 R: 0 hash: [178 148 91 249 157 221 154 172 12 221 137 253 74 161 16 213 86 238 32 64 192 208 246 176 53 91 251 101 207 59 70 43]
cmHR: H: 3 R: 0
INFO [11-06|01:27:31] --------------------------------------- 
INFO [11-06|01:27:31] 1111111 
INFO [11-06|01:27:31] in MsigFinished 
len(mp.Msig.MsigVs): 2 mp.MsigVs: [0 27]
H====:  3 P==== 0
INFO [11-06|01:27:31] ------addmsigproposal success!------- 
INFO [11-06|01:27:31] Handle BFT Msg,                          msg="msg #17 (107 bytes)"
INFO [11-06|01:27:31] ------Received VoteMsg------ 
voteHR: H: 3 R: 0 voteType:: 1 voteHash: [178 148 91 249 157 221 154 172 12 221 137 253 74 161 16 213 86 238 32 64 192 208 246 176 53 91 251 101 207 59 70 43]
cmHR: H: 3 R: 0
INFO [11-06|01:27:31] --------------------------------------- 
INFO [11-06|01:27:31] addVote to                               height=3 round=0 from=0x82a978b3f5962a5b0957d9ee9eef472ee55b42f1 success=true cm.coinbase=0xdceceaf3fc5c0a63d195d69b1a90011b7b19650d
INFO [11-06|01:27:31] ------in handle VoteMsg, success!------ 
INFO [11-06|01:27:31] case: default, cm.process 
ready: 4 need: 2.6666667
INFO [11-06|01:27:31] ---------------process------------------ 
INFO [11-06|01:27:31] In RM Process                            height=3 round=0
INFO [11-06|01:27:31] --------In rm.propose------- 
INFO [11-06|01:27:31] ---------------in rm.vote----------------- 
INFO [11-06|01:27:31] in vote in RM                            height=3 round=0
INFO [11-06|01:27:31] vote mp 
INFO [11-06|01:27:31] vote success in                          height=3 round=0
INFO [11-06|01:27:31] Send VoteMsg 
INFO [11-06|01:27:31] in rm.process, check lockset HasQuorum 
INFO [11-06|01:27:31] in HasQuorum 
INFO [11-06|01:27:31] In IsValid() 
len(lockset.Votes): 2 lockset.EligibleVotesNum: 4
INFO [11-06|01:27:31] rm lockset is not valid yet 
INFO [11-06|01:27:31] after cm.process() 
INFO [11-06|01:27:31] Handle BFT Msg,                          msg="msg #17 (107 bytes)"
INFO [11-06|01:27:31] ------Received VoteMsg------ 
voteHR: H: 3 R: 0 voteType:: 1 voteHash: [178 148 91 249 157 221 154 172 12 221 137 253 74 161 16 213 86 238 32 64 192 208 246 176 53 91 251 101 207 59 70 43]
cmHR: H: 3 R: 0
INFO [11-06|01:27:31] --------------------------------------- 
INFO [11-06|01:27:31] addVote to                               height=3 round=0 from=0x598443f1880ef585b21f1d7585bd0577402861e5 success=true cm.coinbase=0xdceceaf3fc5c0a63d195d69b1a90011b7b19650d
INFO [11-06|01:27:31] ------in handle VoteMsg, success!------ 
INFO [11-06|01:27:31] case: default, cm.process 
ready: 4 need: 2.6666667
INFO [11-06|01:27:31] ---------------process------------------ 
INFO [11-06|01:27:31] In RM Process                            height=3 round=0
INFO [11-06|01:27:31] --------In rm.propose------- 
INFO [11-06|01:27:31] ---------------in rm.vote----------------- 
INFO [11-06|01:27:31] voted 
INFO [11-06|01:27:31] in rm.process, check lockset HasQuorum 
INFO [11-06|01:27:31] in HasQuorum 
INFO [11-06|01:27:31] In IsValid() 
len(lockset.Votes): 3 lockset.EligibleVotesNum: 4
INFO [11-06|01:27:31] There is a quorum                        height=3 round=0
--- in rm.process p.id: --- Peer d9d5b902798f5c42 [eth/63]
INFO [11-06|01:27:31] ============in cm.commitLockset============ 
INFO [11-06|01:27:31] in commitLockset, check ls HasQuorum 
INFO [11-06|01:27:31] in HasQuorum 
INFO [11-06|01:27:31] In IsValid() 
len(lockset.Votes): 3 lockset.EligibleVotesNum: 4
INFO [11-06|01:27:31] cm.found is not nil 
INFO [11-06|01:27:31] store lockset 
peerid: d9d5b902798f5c42
INFO [11-06|01:27:31] ---storeLockset--- 
cmH 3
INFO [11-06|01:27:31] have a consensus on the block 
INFO [11-06|01:27:31] in validatorCommit1 
pid: d9d5b902798f5c42
INFO [11-06|01:27:31] after cm.process() 
block number 3
-------in NewBFTValidatorBlock-------
INFO [11-06|01:27:31] in validatorCommit2 
validatorCommit time: 385.845µs
INFO [11-06|01:27:31] **in eth.handler**, get result from ch 
INFO [11-06|01:27:31] ***in BFT.VVVVerifyHeader*** 
INFO [11-06|01:27:31] ***in BFT.verifyHeader*** 
INFO [11-06|01:27:31] ***in BFT.verifySeal*** 
INFO [11-06|01:27:31] In verifyVotes 
INFO [11-06|01:27:31] in HasQuorum 
INFO [11-06|01:27:31] In IsValid() 
len(lockset.Votes): 3 lockset.EligibleVotesNum: 4
INFO [11-06|01:27:31] ***in BFT.VerifyHeaderSSSS*** 
INFO [11-06|01:27:31] ***in BFT.verifyHeader*** 
INFO [11-06|01:27:31] ***in BFT.verifySeal*** 
INFO [11-06|01:27:31] In verifyVotes 
INFO [11-06|01:27:31] in HasQuorum 
INFO [11-06|01:27:31] In IsValid() 
len(lockset.Votes): 3 lockset.EligibleVotesNum: 4
INFO [11-06|01:27:31] result.Header().Coinbase != b.signer 
result.Header().Coinbase: [89 132 67 241 136 14 245 133 178 31 29 117 133 189 5 119 64 40 97 229] b.signer: [220 236 234 243 252 92 10 99 209 149 214 155 26 144 1 27 123 25 101 13]
ConsensusTime, 1274955021 , txs, 1599 , blockNum, 3
FinishedConsensus, 1541438851673931000
INFO [11-06|01:27:31] result is nil 
INFO [11-06|01:27:31] === Finished Mine() === 
INFO [11-06|01:27:31] Handle BFT Msg,                          msg="msg #9 (3 bytes)"
INFO [11-06|01:27:31] -------GetLocksetsMsg------- 
GetLockSetsMsg request:  [{3}] from:  6d11b37ef4fc909a
INFO [11-06|01:27:31] Request future block 
INFO [11-06|01:27:32] Handle BFT Msg,                          msg="msg #9 (3 bytes)"
INFO [11-06|01:27:32] -------GetLocksetsMsg------- 
GetLockSetsMsg request:  [{3}] from:  6d11b37ef4fc909a
INFO [11-06|01:27:32] Request future block 
INFO [11-06|01:27:32] Handle BFT Msg,                          msg="msg #9 (3 bytes)"
INFO [11-06|01:27:32] -------GetLocksetsMsg------- 
GetLockSetsMsg request:  [{3}] from:  6d11b37ef4fc909a
INFO [11-06|01:27:32] Request future block 
INFO [11-06|01:27:32] Handle BFT Msg,                          msg="msg #9 (3 bytes)"
INFO [11-06|01:27:32] -------GetLocksetsMsg------- 
GetLockSetsMsg request:  [{3}] from:  6d11b37ef4fc909a
INFO [11-06|01:27:32]  Sending Lockset                         LOG15_ERROR=                                                   LOG15_ERROR="Normalized odd number of arguments by adding nil"
INFO [11-06|01:27:32] Imported new chain segment               blocks=1 txs=1599 mgas=33.579 elapsed=1.237s    mgasps=27.142 number=3 hash=b2945b…3b462b
FinishedPostExec, 1541438852882683000 , txs, 1599
PostExecTime, 1.237151248s
INFO [11-06|01:27:32] in pool.evenLoop, call pool.resetState 
INFO [11-06|01:27:34] Handle BFT Msg,                          msg="msg #17 (107 bytes)"
INFO [11-06|01:27:34] ------Received VoteMsg------ 
voteHR: H: 3 R: 0 voteType:: 2 voteHash: [0 0 0 0 0 0 0 0 0 0 0 0 0 0 0 0 0 0 0 0 0 0 0 0 0 0 0 0 0 0 0 0]
cmHR: H: 4 R: 0
INFO [11-06|01:27:34] --------------------------------------- 
INFO [11-06|01:27:34] addVote to                               height=3 round=0 from=0x7d577a597b2742b498cb5cf0c26cdcd726d39e6e success=true cm.coinbase=0xdceceaf3fc5c0a63d195d69b1a90011b7b19650d
INFO [11-06|01:27:34] ------in handle VoteMsg, success!------ 
INFO [11-06|01:27:35] Commit new mining work                   number=4 txs=1600 uncles=0 elapsed=2.341s
INFO [11-06|01:27:35] Sealing                                  block n=4
StartConsensus, 1541438855224280000
INFO [11-06|01:27:35] Start Process 
INFO [11-06|01:27:35] in cm.Process, check lastCommittingLockset() 
INFO [11-06|01:27:35] In IsValid() 
len(lockset.Votes): 4 lockset.EligibleVotesNum: 4
INFO [11-06|01:27:35] in HasQuorum 
INFO [11-06|01:27:35] In IsValid() 
len(lockset.Votes): 4 lockset.EligibleVotesNum: 4
=====CM.COINBASE IS:===== [220 236 234 243 252 92 10 99 209 149 214 155 26 144 1 27 123 25 101 13] block number is: 4
INFO [11-06|01:27:35] case: default, cm.process 
ready: 4 need: 2.6666667
INFO [11-06|01:27:35] ---------------process------------------ 
INFO [11-06|01:27:35] In RM Process                            height=4 round=0
INFO [11-06|01:27:35] --------In rm.propose------- 
INFO [11-06|01:27:35] ---------------in rm.vote----------------- 
INFO [11-06|01:27:35] in vote in RM                            height=4 round=0
INFO [11-06|01:27:35] Timeout time not reach, curr vs timeout: curr=1541438855.000 timeout=1541438860.000
INFO [11-06|01:27:35] in rm.process, check lockset HasQuorum 
INFO [11-06|01:27:35] in HasQuorum 
INFO [11-06|01:27:35] In IsValid() 
len(lockset.Votes): 0 lockset.EligibleVotesNum: 4
INFO [11-06|01:27:35] rm lockset is not valid yet 
INFO [11-06|01:27:35] after cm.process() 
INFO [11-06|01:27:35] Handle BFT Msg,                          msg="msg #11 (173453 bytes)"
INFO [11-06|01:27:35] -------Received NewBlockProposalMsg------- 
bpHR: H: 4 R: 0
cmHR: H: 4 R: 0
INFO [11-06|01:27:35] --------------------------------------- 
# collMsig from = Peer d67104e65b61fca1 [eth/63]
cmHR: H: 4 R: 0
this is rm.proposerPeer  Peer d67104e65b61fca1 [eth/63]
INFO [11-06|01:27:35] In IsValid() 
len(lockset.Votes): 0 lockset.EligibleVotesNum: 0
INFO [11-06|01:27:35] cm add BlockProposal                     h=4 r=0
INFO [11-06|01:27:35] in HasQuorum 
INFO [11-06|01:27:35] In IsValid() 
len(lockset.Votes): 4 lockset.EligibleVotesNum: 4
INFO [11-06|01:27:35] In addBlockCandidates!! 
INFO [11-06|01:27:35] -------in handle NewBlockProposalMsg, success!------- 
INFO [11-06|01:27:35] Handle BFT Msg,                          msg="msg #18 (662 bytes)"
INFO [11-06|01:27:35] ------Received MsigProposalMsg------ 
mpHR: H: 4 R: 0 hash: [2 99 105 200 100 46 154 178 81 161 232 123 79 124 102 174 111 159 188 37 71 68 85 146 190 79 203 185 128 157 216 185]
cmHR: H: 4 R: 0
INFO [11-06|01:27:35] --------------------------------------- 
INFO [11-06|01:27:35] 1111111 
INFO [11-06|01:27:35] in MsigFinished 
len(mp.Msig.MsigVs): 2 mp.MsigVs: [0 28]
H====:  4 P==== 0
INFO [11-06|01:27:35] ------addmsigproposal success!------- 
INFO [11-06|01:27:35] case: default, cm.process 
ready: 4 need: 2.6666667
INFO [11-06|01:27:35] ---------------process------------------ 
INFO [11-06|01:27:35] In RM Process                            height=4 round=0
INFO [11-06|01:27:35] --------In rm.propose------- 
INFO [11-06|01:27:35] ---------------in rm.vote----------------- 
INFO [11-06|01:27:35] in vote in RM                            height=4 round=0
INFO [11-06|01:27:35] vote mp 
INFO [11-06|01:27:35] vote success in                          height=4 round=0
INFO [11-06|01:27:35] Send VoteMsg 
INFO [11-06|01:27:35] in rm.process, check lockset HasQuorum 
INFO [11-06|01:27:35] in HasQuorum 
INFO [11-06|01:27:35] In IsValid() 
len(lockset.Votes): 1 lockset.EligibleVotesNum: 4
INFO [11-06|01:27:35] rm lockset is not valid yet 
INFO [11-06|01:27:35] after cm.process() 
INFO [11-06|01:27:35] Handle BFT Msg,                          msg="msg #17 (107 bytes)"
INFO [11-06|01:27:35] ------Received VoteMsg------ 
voteHR: H: 4 R: 0 voteType:: 1 voteHash: [2 99 105 200 100 46 154 178 81 161 232 123 79 124 102 174 111 159 188 37 71 68 85 146 190 79 203 185 128 157 216 185]
cmHR: H: 4 R: 0
INFO [11-06|01:27:35] --------------------------------------- 
INFO [11-06|01:27:35] addVote to                               height=4 round=0 from=0x598443f1880ef585b21f1d7585bd0577402861e5 success=true cm.coinbase=0xdceceaf3fc5c0a63d195d69b1a90011b7b19650d
INFO [11-06|01:27:35] ------in handle VoteMsg, success!------ 
INFO [11-06|01:27:35] Handle BFT Msg,                          msg="msg #17 (107 bytes)"
INFO [11-06|01:27:35] ------Received VoteMsg------ 
voteHR: H: 4 R: 0 voteType:: 1 voteHash: [2 99 105 200 100 46 154 178 81 161 232 123 79 124 102 174 111 159 188 37 71 68 85 146 190 79 203 185 128 157 216 185]
cmHR: H: 4 R: 0
INFO [11-06|01:27:35] --------------------------------------- 
INFO [11-06|01:27:35] addVote to                               height=4 round=0 from=0x7d577a597b2742b498cb5cf0c26cdcd726d39e6e success=true cm.coinbase=0xdceceaf3fc5c0a63d195d69b1a90011b7b19650d
INFO [11-06|01:27:35] ------in handle VoteMsg, success!------ 
INFO [11-06|01:27:35] Handle BFT Msg,                          msg="msg #17 (107 bytes)"
INFO [11-06|01:27:35] ------Received VoteMsg------ 
voteHR: H: 4 R: 0 voteType:: 1 voteHash: [2 99 105 200 100 46 154 178 81 161 232 123 79 124 102 174 111 159 188 37 71 68 85 146 190 79 203 185 128 157 216 185]
cmHR: H: 4 R: 0
INFO [11-06|01:27:35] --------------------------------------- 
INFO [11-06|01:27:35] addVote to                               height=4 round=0 from=0x82a978b3f5962a5b0957d9ee9eef472ee55b42f1 success=true cm.coinbase=0xdceceaf3fc5c0a63d195d69b1a90011b7b19650d
INFO [11-06|01:27:35] ------in handle VoteMsg, success!------ 
INFO [11-06|01:27:35] case: default, cm.process 
ready: 4 need: 2.6666667
INFO [11-06|01:27:35] ---------------process------------------ 
INFO [11-06|01:27:35] In RM Process                            height=4 round=0
INFO [11-06|01:27:35] --------In rm.propose------- 
INFO [11-06|01:27:35] ---------------in rm.vote----------------- 
INFO [11-06|01:27:35] voted 
INFO [11-06|01:27:35] in rm.process, check lockset HasQuorum 
INFO [11-06|01:27:35] in HasQuorum 
INFO [11-06|01:27:35] In IsValid() 
len(lockset.Votes): 4 lockset.EligibleVotesNum: 4
INFO [11-06|01:27:35] There is a quorum                        height=4 round=0
--- in rm.process p.id: --- Peer d67104e65b61fca1 [eth/63]
INFO [11-06|01:27:35] ============in cm.commitLockset============ 
INFO [11-06|01:27:35] in commitLockset, check ls HasQuorum 
INFO [11-06|01:27:35] in HasQuorum 
INFO [11-06|01:27:35] In IsValid() 
len(lockset.Votes): 4 lockset.EligibleVotesNum: 4
INFO [11-06|01:27:35] cm.found is not nil 
INFO [11-06|01:27:35] store lockset 
peerid: d67104e65b61fca1
INFO [11-06|01:27:35] ---storeLockset--- 
INFO [11-06|01:27:35] after cm.process() 
cmH 4
INFO [11-06|01:27:35] in validatorCommit1 
pid: d67104e65b61fca1
block number 4
-------in NewBFTValidatorBlock-------
INFO [11-06|01:27:35] in validatorCommit2 
validatorCommit time: 78.437µs
INFO [11-06|01:27:35] **in eth.handler**, get result from ch 
INFO [11-06|01:27:35] ***in BFT.VVVVerifyHeader*** 
INFO [11-06|01:27:35] ***in BFT.verifyHeader*** 
INFO [11-06|01:27:35] ***in BFT.verifySeal*** 
INFO [11-06|01:27:35] In verifyVotes 
INFO [11-06|01:27:35] in HasQuorum 
INFO [11-06|01:27:35] In IsValid() 
len(lockset.Votes): 4 lockset.EligibleVotesNum: 4
INFO [11-06|01:27:35] ***in BFT.VerifyHeaderSSSS*** 
INFO [11-06|01:27:35] ***in BFT.verifyHeader*** 
INFO [11-06|01:27:35] ***in BFT.verifySeal*** 
INFO [11-06|01:27:35] In verifyVotes 
INFO [11-06|01:27:35] in HasQuorum 
INFO [11-06|01:27:35] In IsValid() 
len(lockset.Votes): 4 lockset.EligibleVotesNum: 4
INFO [11-06|01:27:35] have a consensus on the block 
INFO [11-06|01:27:35] result.Header().Coinbase != b.signer 
result.Header().Coinbase: [130 169 120 179 245 150 42 91 9 87 217 238 158 239 71 46 229 91 66 241] b.signer: [220 236 234 243 252 92 10 99 209 149 214 155 26 144 1 27 123 25 101 13]
ConsensusTime, 220617673 , txs, 1600 , blockNum, 4
FinishedConsensus, 1541438855445066000
INFO [11-06|01:27:35] result is nil 
INFO [11-06|01:27:35] === Finished Mine() === 
INFO [11-06|01:27:37] Imported new chain segment               blocks=1 txs=1600 mgas=33.600 elapsed=2.128s    mgasps=15.783 number=4 hash=026369…9dd8b9
FinishedPostExec, 1541438857562958000 , txs, 1600
PostExecTime, 2.128913024s
INFO [11-06|01:27:37] in pool.evenLoop, call pool.resetState 
INFO [11-06|01:27:40] Commit new mining work                   number=5 txs=1601 uncles=0 elapsed=2.714s
INFO [11-06|01:27:40] Sealing                                  block n=5
StartConsensus, 1541438860277997000
INFO [11-06|01:27:40] Start Process 
INFO [11-06|01:27:40] in cm.Process, check lastCommittingLockset() 
INFO [11-06|01:27:40] In IsValid() 
len(lockset.Votes): 4 lockset.EligibleVotesNum: 4
INFO [11-06|01:27:40] in HasQuorum 
INFO [11-06|01:27:40] In IsValid() 
len(lockset.Votes): 4 lockset.EligibleVotesNum: 4
=====CM.COINBASE IS:===== [220 236 234 243 252 92 10 99 209 149 214 155 26 144 1 27 123 25 101 13] block number is: 5
INFO [11-06|01:27:40] case: default, cm.process 
ready: 4 need: 2.6666667
INFO [11-06|01:27:40] ---------------process------------------ 
INFO [11-06|01:27:40] In RM Process                            height=5 round=0
INFO [11-06|01:27:40] --------In rm.propose------- 
INFO [11-06|01:27:40] ---------------in rm.vote----------------- 
INFO [11-06|01:27:40] in vote in RM                            height=5 round=0
INFO [11-06|01:27:40] Timeout time not reach, curr vs timeout: curr=1541438860.000 timeout=1541438865.000
INFO [11-06|01:27:40] in rm.process, check lockset HasQuorum 
INFO [11-06|01:27:40] in HasQuorum 
INFO [11-06|01:27:40] In IsValid() 
len(lockset.Votes): 0 lockset.EligibleVotesNum: 4
INFO [11-06|01:27:40] rm lockset is not valid yet 
INFO [11-06|01:27:40] after cm.process() 
INFO [11-06|01:27:40] Handle BFT Msg,                          msg="msg #11 (173950 bytes)"
INFO [11-06|01:27:40] -------Received NewBlockProposalMsg------- 
bpHR: H: 5 R: 0
cmHR: H: 5 R: 0
INFO [11-06|01:27:40] --------------------------------------- 
# collMsig from = Peer 6d11b37ef4fc909a [eth/63]
cmHR: H: 5 R: 0
this is rm.proposerPeer  Peer 6d11b37ef4fc909a [eth/63]
INFO [11-06|01:27:40] In IsValid() 
len(lockset.Votes): 0 lockset.EligibleVotesNum: 0
INFO [11-06|01:27:40] cm add BlockProposal                     h=5 r=0
INFO [11-06|01:27:40] in HasQuorum 
INFO [11-06|01:27:40] In IsValid() 
len(lockset.Votes): 4 lockset.EligibleVotesNum: 4
INFO [11-06|01:27:40] in collectMsig, i am msig wintness 
INFO [11-06|01:27:40] Return MsigProposalMsg to                LOG15_ERROR=                                                   LOG15_ERROR="Normalized odd number of arguments by adding nil"
INFO [11-06|01:27:40] Sending MsigProposalMsg 
in cm.collectMsig, mp.MsigVs: [<nil> 28]
INFO [11-06|01:27:40] In addBlockCandidates!! 
INFO [11-06|01:27:40] -------in handle NewBlockProposalMsg, success!------- 
INFO [11-06|01:27:40] Handle BFT Msg,                          msg="msg #18 (662 bytes)"
INFO [11-06|01:27:40] ------Received MsigProposalMsg------ 
mpHR: H: 5 R: 0 hash: [76 155 112 120 84 240 138 154 102 93 111 209 160 66 112 52 231 88 128 98 245 78 129 61 99 53 251 155 224 8 73 97]
cmHR: H: 5 R: 0
INFO [11-06|01:27:40] --------------------------------------- 
INFO [11-06|01:27:40] 1111111 
INFO [11-06|01:27:40] in MsigFinished 
len(mp.Msig.MsigVs): 2 mp.MsigVs: [0 28]
H====:  5 P==== 0
INFO [11-06|01:27:40] ------addmsigproposal success!------- 
INFO [11-06|01:27:40] case: default, cm.process 
ready: 4 need: 2.6666667
INFO [11-06|01:27:40] ---------------process------------------ 
INFO [11-06|01:27:40] In RM Process                            height=5 round=0
INFO [11-06|01:27:40] --------In rm.propose------- 
INFO [11-06|01:27:40] ---------------in rm.vote----------------- 
INFO [11-06|01:27:40] in vote in RM                            height=5 round=0
INFO [11-06|01:27:40] vote mp 
INFO [11-06|01:27:40] vote success in                          height=5 round=0
INFO [11-06|01:27:40] Send VoteMsg 
INFO [11-06|01:27:40] in rm.process, check lockset HasQuorum 
INFO [11-06|01:27:40] in HasQuorum 
INFO [11-06|01:27:40] In IsValid() 
len(lockset.Votes): 1 lockset.EligibleVotesNum: 4
INFO [11-06|01:27:40] rm lockset is not valid yet 
INFO [11-06|01:27:40] after cm.process() 
INFO [11-06|01:27:40] Handle BFT Msg,                          msg="msg #17 (107 bytes)"
INFO [11-06|01:27:40] ------Received VoteMsg------ 
voteHR: H: 5 R: 0 voteType:: 1 voteHash: [76 155 112 120 84 240 138 154 102 93 111 209 160 66 112 52 231 88 128 98 245 78 129 61 99 53 251 155 224 8 73 97]
cmHR: H: 5 R: 0
INFO [11-06|01:27:40] --------------------------------------- 
INFO [11-06|01:27:40] addVote to                               height=5 round=0 from=0x82a978b3f5962a5b0957d9ee9eef472ee55b42f1 success=true cm.coinbase=0xdceceaf3fc5c0a63d195d69b1a90011b7b19650d
INFO [11-06|01:27:40] ------in handle VoteMsg, success!------ 
INFO [11-06|01:27:40] Handle BFT Msg,                          msg="msg #17 (107 bytes)"
INFO [11-06|01:27:40] ------Received VoteMsg------ 
voteHR: H: 5 R: 0 voteType:: 1 voteHash: [76 155 112 120 84 240 138 154 102 93 111 209 160 66 112 52 231 88 128 98 245 78 129 61 99 53 251 155 224 8 73 97]
cmHR: H: 5 R: 0
INFO [11-06|01:27:40] --------------------------------------- 
INFO [11-06|01:27:40] addVote to                               height=5 round=0 from=0x7d577a597b2742b498cb5cf0c26cdcd726d39e6e success=true cm.coinbase=0xdceceaf3fc5c0a63d195d69b1a90011b7b19650d
INFO [11-06|01:27:40] ------in handle VoteMsg, success!------ 
INFO [11-06|01:27:40] case: default, cm.process 
ready: 4 need: 2.6666667
INFO [11-06|01:27:40] ---------------process------------------ 
INFO [11-06|01:27:40] In RM Process                            height=5 round=0
INFO [11-06|01:27:40] --------In rm.propose------- 
INFO [11-06|01:27:40] ---------------in rm.vote----------------- 
INFO [11-06|01:27:40] voted 
INFO [11-06|01:27:40] in rm.process, check lockset HasQuorum 
INFO [11-06|01:27:40] in HasQuorum 
INFO [11-06|01:27:40] In IsValid() 
len(lockset.Votes): 3 lockset.EligibleVotesNum: 4
INFO [11-06|01:27:40] There is a quorum                        height=5 round=0
--- in rm.process p.id: --- Peer 6d11b37ef4fc909a [eth/63]
INFO [11-06|01:27:40] ============in cm.commitLockset============ 
INFO [11-06|01:27:40] in commitLockset, check ls HasQuorum 
INFO [11-06|01:27:40] in HasQuorum 
INFO [11-06|01:27:40] In IsValid() 
len(lockset.Votes): 3 lockset.EligibleVotesNum: 4
INFO [11-06|01:27:40] cm.found is not nil 
INFO [11-06|01:27:40] have a consensus on the block 
INFO [11-06|01:27:40] result.Header().Coinbase != b.signer 
result.Header().Coinbase: [125 87 122 89 123 39 66 180 152 203 92 240 194 108 220 215 38 211 158 110] b.signer: [220 236 234 243 252 92 10 99 209 149 214 155 26 144 1 27 123 25 101 13]
ConsensusTime, 211357326 , txs, 1601 , blockNum, 5
FinishedConsensus, 1541438860489357000
INFO [11-06|01:27:40] result is nil 
INFO [11-06|01:27:40] === Finished Mine() === 
INFO [11-06|01:27:40] store lockset 
peerid: 6d11b37ef4fc909a
cmH 5
INFO [11-06|01:27:40] in validatorCommit1 
pid: 6d11b37ef4fc909a
block number 5
-------in NewBFTValidatorBlock-------
INFO [11-06|01:27:40] in validatorCommit2 
validatorCommit time: 95.697µs
INFO [11-06|01:27:40] **in eth.handler**, get result from ch 
INFO [11-06|01:27:40] ***in BFT.VVVVerifyHeader*** 
INFO [11-06|01:27:40] ***in BFT.verifyHeader*** 
INFO [11-06|01:27:40] ---storeLockset--- 
INFO [11-06|01:27:40] ***in BFT.verifySeal*** 
INFO [11-06|01:27:40] In verifyVotes 
INFO [11-06|01:27:40] ***in sync.request()*** 
INFO [11-06|01:27:40] after cm.process() 
INFO [11-06|01:27:40] Handle BFT Msg,                          msg="msg #10 (328 bytes)"
INFO [11-06|01:27:40] -------Received LocksetMsg------- 
lockset: &{<nil> 0 0 0 4 [0xc428388840 0xc4283888a0 0xc428388900] false}
INFO [11-06|01:27:40] in HasQuorum 
INFO [11-06|01:27:40] In IsValid() 
len(lockset.Votes): 3 lockset.EligibleVotesNum: 4
INFO [11-06|01:27:40] ---storeLockset--- 
INFO [11-06|01:27:40] In verifyVotes 
INFO [11-06|01:27:40] in HasQuorum 
INFO [11-06|01:27:40] In IsValid() 
len(lockset.Votes): 3 lockset.EligibleVotesNum: 4
INFO [11-06|01:27:40] ***in BFT.VerifyHeaderSSSS*** 
INFO [11-06|01:27:40] ***in BFT.verifyHeader*** 
INFO [11-06|01:27:40] ***in BFT.verifySeal*** 
INFO [11-06|01:27:40] In verifyVotes 
INFO [11-06|01:27:40] in HasQuorum 
INFO [11-06|01:27:40] In IsValid() 
len(lockset.Votes): 3 lockset.EligibleVotesNum: 4
INFO [11-06|01:27:41] Handle BFT Msg,                          msg="msg #9 (3 bytes)"
INFO [11-06|01:27:41] -------GetLocksetsMsg------- 
GetLockSetsMsg request:  [{5}] from:  d9d5b902798f5c42
INFO [11-06|01:27:41] Request future block 
INFO [11-06|01:27:42] Imported new chain segment               blocks=1 txs=1601 mgas=33.621 elapsed=1.355s    mgasps=24.797 number=5 hash=4c9b70…084961
FinishedPostExec, 1541438862051408000 , txs, 1601
PostExecTime, 1.355868668s
INFO [11-06|01:27:42] in pool.evenLoop, call pool.resetState 
INFO [11-06|01:27:43] Handle BFT Msg,                          msg="msg #17 (107 bytes)"
INFO [11-06|01:27:43] ------Received VoteMsg------ 
voteHR: H: 5 R: 0 voteType:: 2 voteHash: [0 0 0 0 0 0 0 0 0 0 0 0 0 0 0 0 0 0 0 0 0 0 0 0 0 0 0 0 0 0 0 0]
cmHR: H: 6 R: 0
INFO [11-06|01:27:43] --------------------------------------- 
INFO [11-06|01:27:43] addVote to                               height=5 round=0 from=0x598443f1880ef585b21f1d7585bd0577402861e5 success=true cm.coinbase=0xdceceaf3fc5c0a63d195d69b1a90011b7b19650d
INFO [11-06|01:27:43] ------in handle VoteMsg, success!------ 
INFO [11-06|01:27:44] Commit new mining work                   number=6 txs=1602 uncles=0 elapsed=1.971s
INFO [11-06|01:27:44] Sealing                                  block n=6
StartConsensus, 1541438864023001000
INFO [11-06|01:27:44] Start Process 
INFO [11-06|01:27:44] in cm.Process, check lastCommittingLockset() 
INFO [11-06|01:27:44] In IsValid() 
len(lockset.Votes): 4 lockset.EligibleVotesNum: 4
INFO [11-06|01:27:44] in HasQuorum 
INFO [11-06|01:27:44] In IsValid() 
len(lockset.Votes): 4 lockset.EligibleVotesNum: 4
=====CM.COINBASE IS:===== [220 236 234 243 252 92 10 99 209 149 214 155 26 144 1 27 123 25 101 13] block number is: 6
INFO [11-06|01:27:44] case: default, cm.process 
ready: 4 need: 2.6666667
INFO [11-06|01:27:44] ---------------process------------------ 
INFO [11-06|01:27:44] In RM Process                            height=6 round=0
INFO [11-06|01:27:44] --------In rm.propose------- 
INFO [11-06|01:27:44] I am a proposer in                       height=6 round=0
INFO [11-06|01:27:44] in propose, check lastRoundLockset 
lastRoundLockset, hm.activeround: 0
INFO [11-06|01:27:44] ------in mkProposal------ 
INFO [11-06|01:27:44] In IsValid() 
len(lockset.Votes): 4 lockset.EligibleVotesNum: 4
INFO [11-06|01:27:44] in HasQuorum 
INFO [11-06|01:27:44] In IsValid() 
len(lockset.Votes): 4 lockset.EligibleVotesNum: 4
INFO [11-06|01:27:44] LockSet(R-1) is nil (rm.round should equal to zero) 
INFO [11-06|01:27:44] in HasQuorum 
INFO [11-06|01:27:44] In IsValid() 
len(lockset.Votes): 4 lockset.EligibleVotesNum: 4
INFO [11-06|01:27:44] in HasQuorum 
INFO [11-06|01:27:44] In IsValid() 
len(lockset.Votes): 4 lockset.EligibleVotesNum: 4
Create block blockhash :  [130 183 122 177 133 168 128 116 169 34 156 200 23 79 178 212 158 238 15 3 105 188 98 237 202 246 197 14 68 100 142 234]
INFO [11-06|01:27:44] In addBlockCandidates!! 
INFO [11-06|01:27:44] Send NewBlockProposalMsg:                LOG15_ERROR=                                                   LOG15_ERROR="Normalized odd number of arguments by adding nil"
INFO [11-06|01:27:44] ---------------in rm.vote----------------- 
INFO [11-06|01:27:44] in vote in RM                            height=6 round=0
INFO [11-06|01:27:44] Timeout time not reach, curr vs timeout: curr=1541438864.000 timeout=1541438869.000
INFO [11-06|01:27:44] in rm.process, check lockset HasQuorum 
INFO [11-06|01:27:44] in HasQuorum 
INFO [11-06|01:27:44] In IsValid() 
len(lockset.Votes): 0 lockset.EligibleVotesNum: 4
INFO [11-06|01:27:44] rm lockset is not valid yet 
INFO [11-06|01:27:44] after cm.process() 
INFO [11-06|01:27:44] Handle BFT Msg,                          msg="msg #18 (662 bytes)"
INFO [11-06|01:27:44] ------Received MsigProposalMsg------ 
mpHR: H: 6 R: 0 hash: [130 183 122 177 133 168 128 116 169 34 156 200 23 79 178 212 158 238 15 3 105 188 98 237 202 246 197 14 68 100 142 234]
cmHR: H: 6 R: 0
INFO [11-06|01:27:44] --------------------------------------- 
INFO [11-06|01:27:44] 1111111 
INFO [11-06|01:27:44] in MsigFinished 
len(mp.Msig.MsigVs): 2 mp.MsigVs: [0 27]
H====:  6 P==== 0
INFO [11-06|01:27:44] In addMsig I am leader 
mp= &{0xc425a4b740 27 88917185160020359340477009730566579967597625619212275162186712544846324314559 34640186385846762321161341230361878311545621203236002533297145514723845407402 0xc424a4c180 6 0 [130 183 122 177 133 168 128 116 169 34 156 200 23 79 178 212 158 238 15 3 105 188 98 237 202 246 197 14 68 100 142 234] 0xc42a266230 0xc42a266280}
cosiproposal =nil !
 mp=  &{0xc425a4b740 27 88917185160020359340477009730566579967597625619212275162186712544846324314559 34640186385846762321161341230361878311545621203236002533297145514723845407402 0xc424a4c180 6 0 [130 183 122 177 133 168 128 116 169 34 156 200 23 79 178 212 158 238 15 3 105 188 98 237 202 246 197 14 68 100 142 234] 0xc42a266230 0xc42a266280}
cosiproposal =  <nil>
INFO [11-06|01:27:44] in bfthandler Send MsigProposalMsg 
INFO [11-06|01:27:44] Sending MsigProposalMsg 
INFO [11-06|01:27:44] Sending MsigProposalMsg 
INFO [11-06|01:27:44] Sending MsigProposalMsg 
INFO [11-06|01:27:44] ------addmsigproposal success!------- 
INFO [11-06|01:27:44] Handle BFT Msg,                          msg="msg #17 (107 bytes)"
INFO [11-06|01:27:44] ------Received VoteMsg------ 
voteHR: H: 6 R: 0 voteType:: 1 voteHash: [130 183 122 177 133 168 128 116 169 34 156 200 23 79 178 212 158 238 15 3 105 188 98 237 202 246 197 14 68 100 142 234]
cmHR: H: 6 R: 0
INFO [11-06|01:27:44] --------------------------------------- 
INFO [11-06|01:27:44] addVote to                               height=6 round=0 from=0x7d577a597b2742b498cb5cf0c26cdcd726d39e6e success=true cm.coinbase=0xdceceaf3fc5c0a63d195d69b1a90011b7b19650d
INFO [11-06|01:27:44] ------in handle VoteMsg, success!------ 
INFO [11-06|01:27:44] Handle BFT Msg,                          msg="msg #17 (107 bytes)"
INFO [11-06|01:27:44] ------Received VoteMsg------ 
voteHR: H: 6 R: 0 voteType:: 1 voteHash: [130 183 122 177 133 168 128 116 169 34 156 200 23 79 178 212 158 238 15 3 105 188 98 237 202 246 197 14 68 100 142 234]
cmHR: H: 6 R: 0
INFO [11-06|01:27:44] --------------------------------------- 
INFO [11-06|01:27:44] addVote to                               height=6 round=0 from=0x598443f1880ef585b21f1d7585bd0577402861e5 success=true cm.coinbase=0xdceceaf3fc5c0a63d195d69b1a90011b7b19650d
INFO [11-06|01:27:44] ------in handle VoteMsg, success!------ 
INFO [11-06|01:27:44] case: default, cm.process 
ready: 4 need: 2.6666667
INFO [11-06|01:27:44] ---------------process------------------ 
INFO [11-06|01:27:44] In RM Process                            height=6 round=0
INFO [11-06|01:27:44] --------In rm.propose------- 
INFO [11-06|01:27:44] I am a proposer in                       height=6 round=0
INFO [11-06|01:27:44] ---------------in rm.vote----------------- 
INFO [11-06|01:27:44] in vote in RM                            height=6 round=0
INFO [11-06|01:27:44] vote mp 
INFO [11-06|01:27:44] vote success in                          height=6 round=0
INFO [11-06|01:27:44] Send VoteMsg 
INFO [11-06|01:27:44] in rm.process, check lockset HasQuorum 
INFO [11-06|01:27:44] in HasQuorum 
INFO [11-06|01:27:44] In IsValid() 
len(lockset.Votes): 3 lockset.EligibleVotesNum: 4
INFO [11-06|01:27:44] There is a quorum                        height=6 round=0
INFO [11-06|01:27:44] ============in cm.commitLockset============ 
INFO [11-06|01:27:44] in commitLockset, check ls HasQuorum 
INFO [11-06|01:27:44] in HasQuorum 
INFO [11-06|01:27:44] In IsValid() 
len(lockset.Votes): 3 lockset.EligibleVotesNum: 4
INFO [11-06|01:27:44] cm.found is not nil 
INFO [11-06|01:27:44] store lockset 
INFO [11-06|01:27:44] ---storeLockset--- 
INFO [11-06|01:27:44] have a consensus on the block 
INFO [11-06|01:27:44] after cm.process() 
ConsensusTime, 159225562 , txs, 1602 , blockNum, 6
FinishedConsensus, 1541438864182203000
INFO [11-06|01:27:44] Successfully sealed new block            number=6 hash=82b77a…648eea
INFO [11-06|01:27:44] === Finished Mine() === 
INFO [11-06|01:27:44] Handle BFT Msg,                          msg="msg #17 (107 bytes)"
INFO [11-06|01:27:44] ------Received VoteMsg------ 
voteHR: H: 6 R: 0 voteType:: 1 voteHash: [130 183 122 177 133 168 128 116 169 34 156 200 23 79 178 212 158 238 15 3 105 188 98 237 202 246 197 14 68 100 142 234]
cmHR: H: 7 R: 0
INFO [11-06|01:27:44] --------------------------------------- 
INFO [11-06|01:27:44] addVote to                               height=6 round=0 from=0x82a978b3f5962a5b0957d9ee9eef472ee55b42f1 success=true cm.coinbase=0xdceceaf3fc5c0a63d195d69b1a90011b7b19650d
INFO [11-06|01:27:44] ------in handle VoteMsg, success!------ 
INFO [11-06|01:27:44] Handle BFT Msg,                          msg="msg #9 (3 bytes)"
INFO [11-06|01:27:44] -------GetLocksetsMsg------- 
GetLockSetsMsg request:  [{6}] from:  6d11b37ef4fc909a
INFO [11-06|01:27:44]  Sending Lockset                         LOG15_ERROR=                                                   LOG15_ERROR="Normalized odd number of arguments by adding nil"
INFO [11-06|01:27:44] 🔨 mined potential block                  number=6 hash=82b77a…648eea
INFO [11-06|01:27:44] in pool.evenLoop, call pool.resetState 
INFO [11-06|01:27:44] ---atomic.LoadInt32(&self.mining) == 1 && work.tcount == 0--- 
INFO [11-06|01:27:48] Handle BFT Msg,                          msg="msg #11 (174160 bytes)"
INFO [11-06|01:27:48] -------Received NewBlockProposalMsg------- 
bpHR: H: 7 R: 0
cmHR: H: 7 R: 0
INFO [11-06|01:27:48] --------------------------------------- 
# collMsig from = Peer d9d5b902798f5c42 [eth/63]
cmHR: H: 7 R: 0
this is rm.proposerPeer  Peer d9d5b902798f5c42 [eth/63]
INFO [11-06|01:27:48] In IsValid() 
len(lockset.Votes): 0 lockset.EligibleVotesNum: 0
INFO [11-06|01:27:48] cm add BlockProposal                     h=7 r=0
INFO [11-06|01:27:48] in HasQuorum 
INFO [11-06|01:27:48] In IsValid() 
len(lockset.Votes): 4 lockset.EligibleVotesNum: 4
INFO [11-06|01:27:48] In addBlockCandidates!! 
INFO [11-06|01:27:48] -------in handle NewBlockProposalMsg, success!------- 
INFO [11-06|01:27:48] Handle BFT Msg,                          msg="msg #18 (662 bytes)"
INFO [11-06|01:27:48] ------Received MsigProposalMsg------ 
mpHR: H: 7 R: 0 hash: [206 245 33 209 34 220 69 31 186 118 235 0 111 15 38 124 205 50 233 227 69 148 189 149 136 32 128 225 119 163 173 36]
cmHR: H: 7 R: 0
INFO [11-06|01:27:48] --------------------------------------- 
INFO [11-06|01:27:48] 1111111 
INFO [11-06|01:27:48] in MsigFinished 
len(mp.Msig.MsigVs): 2 mp.MsigVs: [0 27]
H====:  7 P==== 0
INFO [11-06|01:27:48] ------addmsigproposal success!------- 
INFO [11-06|01:27:48] Handle BFT Msg,                          msg="msg #17 (107 bytes)"
INFO [11-06|01:27:48] ------Received VoteMsg------ 
voteHR: H: 7 R: 0 voteType:: 1 voteHash: [206 245 33 209 34 220 69 31 186 118 235 0 111 15 38 124 205 50 233 227 69 148 189 149 136 32 128 225 119 163 173 36]
cmHR: H: 7 R: 0
INFO [11-06|01:27:48] --------------------------------------- 
INFO [11-06|01:27:48] addVote to                               height=7 round=0 from=0x82a978b3f5962a5b0957d9ee9eef472ee55b42f1 success=true cm.coinbase=0xdceceaf3fc5c0a63d195d69b1a90011b7b19650d
INFO [11-06|01:27:48] ------in handle VoteMsg, success!------ 
INFO [11-06|01:27:48] Handle BFT Msg,                          msg="msg #17 (107 bytes)"
INFO [11-06|01:27:48] ------Received VoteMsg------ 
voteHR: H: 7 R: 0 voteType:: 1 voteHash: [206 245 33 209 34 220 69 31 186 118 235 0 111 15 38 124 205 50 233 227 69 148 189 149 136 32 128 225 119 163 173 36]
cmHR: H: 7 R: 0
INFO [11-06|01:27:48] --------------------------------------- 
INFO [11-06|01:27:48] addVote to                               height=7 round=0 from=0x598443f1880ef585b21f1d7585bd0577402861e5 success=true cm.coinbase=0xdceceaf3fc5c0a63d195d69b1a90011b7b19650d
INFO [11-06|01:27:48] ------in handle VoteMsg, success!------ 
INFO [11-06|01:27:48] Handle BFT Msg,                          msg="msg #17 (107 bytes)"
INFO [11-06|01:27:48] ------Received VoteMsg------ 
voteHR: H: 7 R: 0 voteType:: 1 voteHash: [206 245 33 209 34 220 69 31 186 118 235 0 111 15 38 124 205 50 233 227 69 148 189 149 136 32 128 225 119 163 173 36]
cmHR: H: 7 R: 0
INFO [11-06|01:27:48] --------------------------------------- 
INFO [11-06|01:27:48] addVote to                               height=7 round=0 from=0x7d577a597b2742b498cb5cf0c26cdcd726d39e6e success=true cm.coinbase=0xdceceaf3fc5c0a63d195d69b1a90011b7b19650d
INFO [11-06|01:27:48] ------in handle VoteMsg, success!------ 
INFO [11-06|01:27:48] received NewBlockMsg! 
INFO [11-06|01:27:48] ***in BFT.VVVVerifyHeader*** 
INFO [11-06|01:27:48] ***in BFT.verifyHeader*** 
INFO [11-06|01:27:48] ***in BFT.verifySeal*** 
INFO [11-06|01:27:48] In verifyVotes 
INFO [11-06|01:27:48] ***in sync.request()*** 
INFO [11-06|01:27:48] received NewBlockMsg! 
INFO [11-06|01:27:48] In verifyVotes 
INFO [11-06|01:27:48] ***in sync.request()*** 
INFO [11-06|01:27:49] In verifyVotes 
INFO [11-06|01:27:49] ***in sync.request()*** 
INFO [11-06|01:27:49] In verifyVotes 
INFO [11-06|01:27:49] ***in sync.request()*** 
INFO [11-06|01:27:49] In verifyVotes 
INFO [11-06|01:27:49] ***in sync.request()*** 
INFO [11-06|01:27:49] In verifyVotes 
INFO [11-06|01:27:49] ***in sync.request()*** 
INFO [11-06|01:27:49] Commit new mining work                   number=7 txs=1603 uncles=0 elapsed=2.590s
INFO [11-06|01:27:49] Sealing                                  block n=7
StartConsensus, 1541438869817540000
INFO [11-06|01:27:49] Start Process 
INFO [11-06|01:27:49] in cm.Process, check lastCommittingLockset() 
INFO [11-06|01:27:49] In IsValid() 
len(lockset.Votes): 4 lockset.EligibleVotesNum: 4
INFO [11-06|01:27:49] in HasQuorum 
INFO [11-06|01:27:49] In IsValid() 
len(lockset.Votes): 4 lockset.EligibleVotesNum: 4
=====CM.COINBASE IS:===== [220 236 234 243 252 92 10 99 209 149 214 155 26 144 1 27 123 25 101 13] block number is: 7
INFO [11-06|01:27:49] case: default, cm.process 
ready: 4 need: 2.6666667
INFO [11-06|01:27:49] ---------------process------------------ 
INFO [11-06|01:27:49] In RM Process                            height=7 round=0
INFO [11-06|01:27:49] --------In rm.propose------- 
INFO [11-06|01:27:49] ---------------in rm.vote----------------- 
INFO [11-06|01:27:49] in vote in RM                            height=7 round=0
INFO [11-06|01:27:49] vote mp 
INFO [11-06|01:27:49] vote success in                          height=7 round=0
INFO [11-06|01:27:49] Send VoteMsg 
INFO [11-06|01:27:49] in rm.process, check lockset HasQuorum 
INFO [11-06|01:27:49] in HasQuorum 
INFO [11-06|01:27:49] In IsValid() 
len(lockset.Votes): 4 lockset.EligibleVotesNum: 4
INFO [11-06|01:27:49] There is a quorum                        height=7 round=0
--- in rm.process p.id: --- Peer d9d5b902798f5c42 [eth/63]
INFO [11-06|01:27:49] ============in cm.commitLockset============ 
INFO [11-06|01:27:49] in commitLockset, check ls HasQuorum 
INFO [11-06|01:27:49] in HasQuorum 
INFO [11-06|01:27:49] In IsValid() 
len(lockset.Votes): 4 lockset.EligibleVotesNum: 4
INFO [11-06|01:27:49] cm.found is not nil 
INFO [11-06|01:27:49] store lockset 
peerid: d9d5b902798f5c42
INFO [11-06|01:27:49] ---storeLockset--- 
INFO [11-06|01:27:49] have a consensus on the block 
cmH 7
INFO [11-06|01:27:49] result.Header().Coinbase != b.signer 
result.Header().Coinbase: [89 132 67 241 136 14 245 133 178 31 29 117 133 189 5 119 64 40 97 229] b.signer: [220 236 234 243 252 92 10 99 209 149 214 155 26 144 1 27 123 25 101 13]
INFO [11-06|01:27:49] in validatorCommit1 
pid: d9d5b902798f5c42
block number 7
-------in NewBFTValidatorBlock-------
INFO [11-06|01:27:49] after cm.process() 
ConsensusTime, 8112668 , txs, 1603 , blockNum, 7
INFO [11-06|01:27:49] in validatorCommit2 
FinishedConsensus, 1541438869825735000
INFO [11-06|01:27:49] **in eth.handler**, get result from ch 
validatorCommit time: 159.373µs
INFO [11-06|01:27:49] result is nil 
INFO [11-06|01:27:49] === Finished Mine() === 
INFO [11-06|01:27:49] In verifyVotes 
INFO [11-06|01:27:49] in HasQuorum 
INFO [11-06|01:27:49] In IsValid() 
len(lockset.Votes): 4 lockset.EligibleVotesNum: 4
INFO [11-06|01:27:49] ***in BFT.VerifyHeaderSSSS*** 
INFO [11-06|01:27:49] ***in BFT.verifyHeader*** 
INFO [11-06|01:27:49] ***in BFT.verifySeal*** 
INFO [11-06|01:27:49] In verifyVotes 
INFO [11-06|01:27:49] in HasQuorum 
INFO [11-06|01:27:49] In IsValid() 
len(lockset.Votes): 4 lockset.EligibleVotesNum: 4
INFO [11-06|01:27:51] Imported new chain segment               blocks=1 txs=1603 mgas=33.663 elapsed=1.623s    mgasps=20.730 number=7 hash=cef521…a3ad24
FinishedPostExec, 1541438871568810000 , txs, 1603
PostExecTime, 1.6238513s
INFO [11-06|01:27:51] in pool.evenLoop, call pool.resetState 
./node3.sh: line 16: 73535 Terminated: 15          ../build/bin/geth --networkid 2234 --port 30305 --rpcport 8547 --datadir "data/node3" --nodiscover --rpc --rpccorsdomain "*" --rpcapi "eth,net,web3,debug" --bft --allow-empty --num-validators 4 --node-num 2
