INFO [11-06|02:53:43] Starting peer-to-peer node               instance=Geth/v1.6.7-unstable-30f47b18/darwin-amd64/go1.9.7
INFO [11-06|02:53:43] Allocated cache and file handles         database=/Users/sujianwei20/new_misgcode/go_ethereum_cosi/examples/data/node4/geth/chaindata cache=128 handles=1024
WARN [11-06|02:53:43] Upgrading chain database to use sequential keys 
INFO [11-06|02:53:43] Initialised chain configuration          config="{ChainID: 2235 Homestead: 1 DAO: <nil> DAOSupport: false EIP150: 2 EIP155: 3 EIP158: 3 Metropolis: <nil> Engine: ethash}"
INFO [11-06|02:53:43] config bft is                            bft=true
WARN [11-06|02:53:43] Upgrading db log bloom bins 
INFO [11-06|02:53:43] Bloom-bin upgrade completed              elapsed=281.008µs
INFO [11-06|02:53:43] Initialising Ethereum protocol           versions="[63 62]" network=2234
INFO [11-06|02:53:43] Database conversion successful 
INFO [11-06|02:53:43] Loaded most recent local header          number=0 hash=6f3c1c…1bf138 td=1048576
INFO [11-06|02:53:43] Loaded most recent local full block      number=0 hash=6f3c1c…1bf138 td=1048576
INFO [11-06|02:53:43] Loaded most recent local fast block      number=0 hash=6f3c1c…1bf138 td=1048576
INFO [11-06|02:53:43] in NewTxPool, call resetState 
INFO [11-06|02:53:43] in NewTxPool, call pool.eventLoog() 
INFO [11-06|02:53:43] Allocated cache and file handles         database=/Users/sujianwei20/new_misgcode/go_ethereum_cosi/examples/data/node4/geth/bftData   cache=128 handles=1024
INFO [11-06|02:53:43] addVote to                               height=0 round=0 from=0x598443f1880ef585b21f1d7585bd0577402861e5 success=true cm.coinbase=0x598443f1880ef585b21f1d7585bd0577402861e5
ready: 1 need: 2.6666667
INFO [11-06|02:53:43] consensusManager not ready  
ready: 1 need: 2.6666667
INFO [11-06|02:53:43] Starting P2P networking 
INFO [11-06|02:53:43] RLPx listener up                         self="enode://d9d5b902798f5c42901f3fd993e58a9fb2ded12c3996e2a3849d4fdfcd0c3516aa806f56d93a759278d1c92e88b0daccffc69312581544c9f680a13a2e556a9e@[::]:30306?discport=0"
INFO [11-06|02:53:43] HTTP endpoint opened: http://127.0.0.1:8548 
INFO [11-06|02:53:43] ---In BFTvalidatorCommitBlock--- 
INFO [11-06|02:53:43] IPC endpoint opened: /Users/sujianwei20/new_misgcode/go_ethereum_cosi/examples/data/node4/geth.ipc 
INFO [11-06|02:53:43] Handle BFT Msg,                          msg="msg #8 (78 bytes)"
INFO [11-06|02:53:43] ------Received ReadMsg------ 
INFO [11-06|02:53:43] Handle BFT Msg,                          msg="msg #8 (78 bytes)"
INFO [11-06|02:53:43] ------Received ReadMsg------ 
AddReady from: [130 169 120 179 245 150 42 91 9 87 217 238 158 239 71 46 229 91 66 241]
INFO [11-06|02:53:43] send Ready msg 
AddReady from: [220 236 234 243 252 92 10 99 209 149 214 155 26 144 1 27 123 25 101 13]
INFO [11-06|02:53:43] send Ready msg 
INFO [11-06|02:53:43] send Ready msg 
INFO [11-06|02:53:43] send Ready msg 
INFO [11-06|02:53:43] send Ready msg 
INFO [11-06|02:53:43] Handle BFT Msg,                          msg="msg #8 (78 bytes)"
INFO [11-06|02:53:43] ------Received ReadMsg------ 
AddReady from: [220 236 234 243 252 92 10 99 209 149 214 155 26 144 1 27 123 25 101 13]
INFO [11-06|02:53:43] send Ready msg 
INFO [11-06|02:53:43] Handle BFT Msg,                          msg="msg #8 (78 bytes)"
INFO [11-06|02:53:43] ------Received ReadMsg------ 
INFO [11-06|02:53:43] send Ready msg 
INFO [11-06|02:53:43] Handle BFT Msg,                          msg="msg #8 (78 bytes)"
INFO [11-06|02:53:43] ------Received ReadMsg------ 
AddReady from: [220 236 234 243 252 92 10 99 209 149 214 155 26 144 1 27 123 25 101 13]
AddReady from: [130 169 120 179 245 150 42 91 9 87 217 238 158 239 71 46 229 91 66 241]
INFO [11-06|02:53:43] Handle BFT Msg,                          msg="msg #8 (78 bytes)"
INFO [11-06|02:53:43] ------Received ReadMsg------ 
AddReady from: [130 169 120 179 245 150 42 91 9 87 217 238 158 239 71 46 229 91 66 241]
INFO [11-06|02:53:43] Handle BFT Msg,                          msg="msg #8 (78 bytes)"
INFO [11-06|02:53:43] ------Received ReadMsg------ 
AddReady from: [130 169 120 179 245 150 42 91 9 87 217 238 158 239 71 46 229 91 66 241]
ready: 3 need: 2.6666667
ready: 3 need: 2.6666667
INFO [11-06|02:53:43] send Ready msg 
INFO [11-06|02:53:43] send Ready msg 
INFO [11-06|02:53:43] send Ready msg 
INFO [11-06|02:53:43] -----------------consensusManager Ready------------------------- 
INFO [11-06|02:53:43] Handle BFT Msg,                          msg="msg #8 (78 bytes)"
INFO [11-06|02:53:43] ------Received ReadMsg------ 
INFO [11-06|02:53:43] Handle BFT Msg,                          msg="msg #8 (78 bytes)"
INFO [11-06|02:53:43] ------Received ReadMsg------ 
AddReady from: [89 132 67 241 136 14 245 133 178 31 29 117 133 189 5 119 64 40 97 229]
INFO [11-06|02:53:43] Handle BFT Msg,                          msg="msg #8 (78 bytes)"
INFO [11-06|02:53:43] ------Received ReadMsg------ 
AddReady from: [89 132 67 241 136 14 245 133 178 31 29 117 133 189 5 119 64 40 97 229]
AddReady from: [125 87 122 89 123 39 66 180 152 203 92 240 194 108 220 215 38 211 158 110]
INFO [11-06|02:53:43] send Ready msg 
INFO [11-06|02:53:43] Handle BFT Msg,                          msg="msg #8 (78 bytes)"
INFO [11-06|02:53:43] ------Received ReadMsg------ 
INFO [11-06|02:53:43] send Ready msg 
INFO [11-06|02:53:43] send Ready msg 
AddReady from: [89 132 67 241 136 14 245 133 178 31 29 117 133 189 5 119 64 40 97 229]
INFO [11-06|02:53:43] Handle BFT Msg,                          msg="msg #8 (78 bytes)"
INFO [11-06|02:53:43] ------Received ReadMsg------ 
AddReady from: [89 132 67 241 136 14 245 133 178 31 29 117 133 189 5 119 64 40 97 229]
INFO [11-06|02:53:43] Handle BFT Msg,                          msg="msg #8 (78 bytes)"
INFO [11-06|02:53:43] ------Received ReadMsg------ 
AddReady from: [125 87 122 89 123 39 66 180 152 203 92 240 194 108 220 215 38 211 158 110]
INFO [11-06|02:53:43] Handle BFT Msg,                          msg="msg #8 (78 bytes)"
INFO [11-06|02:53:43] ------Received ReadMsg------ 
AddReady from: [125 87 122 89 123 39 66 180 152 203 92 240 194 108 220 215 38 211 158 110]
INFO [11-06|02:53:43] Handle BFT Msg,                          msg="msg #8 (78 bytes)"
INFO [11-06|02:53:43] ------Received ReadMsg------ 
AddReady from: [125 87 122 89 123 39 66 180 152 203 92 240 194 108 220 215 38 211 158 110]
INFO [11-06|02:53:43] Handle BFT Msg,                          msg="msg #8 (78 bytes)"
INFO [11-06|02:53:43] ------Received ReadMsg------ 
AddReady from: [125 87 122 89 123 39 66 180 152 203 92 240 194 108 220 215 38 211 158 110]
INFO [11-06|02:53:44] Handle BFT Msg,                          msg="msg #8 (78 bytes)"
INFO [11-06|02:53:44] ------Received ReadMsg------ 
AddReady from: [130 169 120 179 245 150 42 91 9 87 217 238 158 239 71 46 229 91 66 241]
INFO [11-06|02:53:44] send Ready msg 
INFO [11-06|02:53:44] send Ready msg 
INFO [11-06|02:53:44] send Ready msg 
INFO [11-06|02:53:44] Handle BFT Msg,                          msg="msg #8 (78 bytes)"
INFO [11-06|02:53:44] ------Received ReadMsg------ 
AddReady from: [220 236 234 243 252 92 10 99 209 149 214 155 26 144 1 27 123 25 101 13]
INFO [11-06|02:53:44] send Ready msg 
INFO [11-06|02:53:44] send Ready msg 
INFO [11-06|02:53:44] send Ready msg 
INFO [11-06|02:53:44] Handle BFT Msg,                          msg="msg #8 (78 bytes)"
INFO [11-06|02:53:44] ------Received ReadMsg------ 
AddReady from: [220 236 234 243 252 92 10 99 209 149 214 155 26 144 1 27 123 25 101 13]
INFO [11-06|02:53:44] Handle BFT Msg,                          msg="msg #8 (78 bytes)"
INFO [11-06|02:53:44] ------Received ReadMsg------ 
INFO [11-06|02:53:44] Handle BFT Msg,                          msg="msg #8 (78 bytes)"
INFO [11-06|02:53:44] ------Received ReadMsg------ 
AddReady from: [130 169 120 179 245 150 42 91 9 87 217 238 158 239 71 46 229 91 66 241]
INFO [11-06|02:53:44] Handle BFT Msg,                          msg="msg #8 (78 bytes)"
INFO [11-06|02:53:44] ------Received ReadMsg------ 
AddReady from: [130 169 120 179 245 150 42 91 9 87 217 238 158 239 71 46 229 91 66 241]
AddReady from: [220 236 234 243 252 92 10 99 209 149 214 155 26 144 1 27 123 25 101 13]
INFO [11-06|02:55:56] Transaction pool price threshold updated price=18000000000
INFO [11-06|02:55:56] Starting mining operation 
INFO [11-06|02:55:57] Handle BFT Msg,                          msg="msg #11 (172922 bytes)"
INFO [11-06|02:55:57] -------Received NewBlockProposalMsg------- 
bpHR: H: 1 R: 0
cmHR: H: 1 R: 0
INFO [11-06|02:55:57] --------------------------------------- 
# collMsig from = Peer 6d11b37ef4fc909a [eth/63]
cmHR: H: 1 R: 0
this is rm.proposerPeer  Peer 6d11b37ef4fc909a [eth/63]
INFO [11-06|02:55:57] In IsValid() 
len(lockset.Votes): 0 lockset.EligibleVotesNum: 0
INFO [11-06|02:55:57] cm add BlockProposal                     h=1 r=0
INFO [11-06|02:55:57] in HasQuorum 
INFO [11-06|02:55:57] In IsValid() 
len(lockset.Votes): 1 lockset.EligibleVotesNum: 0
INFO [11-06|02:55:57] In addBlockCandidates!! 
INFO [11-06|02:55:57] -------in handle NewBlockProposalMsg, success!------- 
INFO [11-06|02:55:58] Handle BFT Msg,                          msg="msg #18 (345 bytes)"
INFO [11-06|02:55:58] ------Received MsigProposalMsg------ 
mpHR: H: 1 R: 0 hash: [171 89 202 152 168 67 68 187 159 251 194 75 192 224 168 15 81 135 130 250 35 94 79 76 25 113 123 131 45 102 251 29]
cmHR: H: 1 R: 0
INFO [11-06|02:55:58] --------------------------------------- 
H====:  1 P==== 0
INFO [11-06|02:55:58] ------addmsigproposal success!------- 
INFO [11-06|02:55:58] Handle BFT Msg,                          msg="msg #17 (107 bytes)"
INFO [11-06|02:55:58] ------Received VoteMsg------ 
voteHR: H: 1 R: 0 voteType:: 1 voteHash: [171 89 202 152 168 67 68 187 159 251 194 75 192 224 168 15 81 135 130 250 35 94 79 76 25 113 123 131 45 102 251 29]
cmHR: H: 1 R: 0
INFO [11-06|02:55:58] --------------------------------------- 
INFO [11-06|02:55:58] addVote to                               height=1 round=0 from=0x82a978b3f5962a5b0957d9ee9eef472ee55b42f1 success=true cm.coinbase=0x598443f1880ef585b21f1d7585bd0577402861e5
INFO [11-06|02:55:58] ------in handle VoteMsg, success!------ 
INFO [11-06|02:55:58] Handle BFT Msg,                          msg="msg #17 (107 bytes)"
INFO [11-06|02:55:58] ------Received VoteMsg------ 
voteHR: H: 1 R: 0 voteType:: 1 voteHash: [171 89 202 152 168 67 68 187 159 251 194 75 192 224 168 15 81 135 130 250 35 94 79 76 25 113 123 131 45 102 251 29]
cmHR: H: 1 R: 0
INFO [11-06|02:55:58] --------------------------------------- 
INFO [11-06|02:55:58] addVote to                               height=1 round=0 from=0x7d577a597b2742b498cb5cf0c26cdcd726d39e6e success=true cm.coinbase=0x598443f1880ef585b21f1d7585bd0577402861e5
INFO [11-06|02:55:58] ------in handle VoteMsg, success!------ 
INFO [11-06|02:55:58] Handle BFT Msg,                          msg="msg #17 (107 bytes)"
INFO [11-06|02:55:58] ------Received VoteMsg------ 
voteHR: H: 1 R: 0 voteType:: 1 voteHash: [171 89 202 152 168 67 68 187 159 251 194 75 192 224 168 15 81 135 130 250 35 94 79 76 25 113 123 131 45 102 251 29]
cmHR: H: 1 R: 0
INFO [11-06|02:55:58] --------------------------------------- 
INFO [11-06|02:55:58] addVote to                               height=1 round=0 from=0xdceceaf3fc5c0a63d195d69b1a90011b7b19650d success=true cm.coinbase=0x598443f1880ef585b21f1d7585bd0577402861e5
INFO [11-06|02:55:58] ------in handle VoteMsg, success!------ 
INFO [11-06|02:55:58] Commit new mining work                   number=1 txs=1598 uncles=0 elapsed=1.930s
INFO [11-06|02:55:58] Sealing                                  block n=1
StartConsensus, 1541444158210241000
INFO [11-06|02:55:58] Start Process 
INFO [11-06|02:55:58] in cm.Process, check lastCommittingLockset() 
INFO [11-06|02:55:58] In IsValid() 
len(lockset.Votes): 2 lockset.EligibleVotesNum: 0
INFO [11-06|02:55:58] in HasQuorum 
INFO [11-06|02:55:58] In IsValid() 
len(lockset.Votes): 2 lockset.EligibleVotesNum: 0
=====CM.COINBASE IS:===== [89 132 67 241 136 14 245 133 178 31 29 117 133 189 5 119 64 40 97 229] block number is: 1
INFO [11-06|02:55:58] case: default, cm.process 
ready: 4 need: 2.6666667
INFO [11-06|02:55:58] ---------------process------------------ 
INFO [11-06|02:55:58] In RM Process                            height=1 round=0
INFO [11-06|02:55:58] --------In rm.propose------- 
INFO [11-06|02:55:58] ---------------in rm.vote----------------- 
INFO [11-06|02:55:58] in vote in RM                            height=1 round=0
INFO [11-06|02:55:58] vote mp 
INFO [11-06|02:55:58] vote success in                          height=1 round=0
INFO [11-06|02:55:58] Send VoteMsg 
INFO [11-06|02:55:58] in rm.process, check lockset HasQuorum 
INFO [11-06|02:55:58] in HasQuorum 
INFO [11-06|02:55:58] In IsValid() 
len(lockset.Votes): 4 lockset.EligibleVotesNum: 4
INFO [11-06|02:55:58] There is a quorum                        height=1 round=0
--- in rm.process p.id: --- Peer 6d11b37ef4fc909a [eth/63]
INFO [11-06|02:55:58] ============in cm.commitLockset============ 
INFO [11-06|02:55:58] in commitLockset, check ls HasQuorum 
INFO [11-06|02:55:58] in HasQuorum 
INFO [11-06|02:55:58] In IsValid() 
len(lockset.Votes): 4 lockset.EligibleVotesNum: 4
INFO [11-06|02:55:58] cm.found is not nil 
INFO [11-06|02:55:58] have a consensus on the block 
INFO [11-06|02:55:58] result.Header().Coinbase != b.signer 
result.Header().Coinbase: [125 87 122 89 123 39 66 180 152 203 92 240 194 108 220 215 38 211 158 110] b.signer: [89 132 67 241 136 14 245 133 178 31 29 117 133 189 5 119 64 40 97 229]
ConsensusTime, 3715437 , txs, 1598 , blockNum, 1
FinishedConsensus, 1541444158213958000
INFO [11-06|02:55:58] result is nil 
INFO [11-06|02:55:58] === Finished Mine() === 
INFO [11-06|02:55:58] store lockset 
peerid: 6d11b37ef4fc909a
INFO [11-06|02:55:58] ---storeLockset--- 
INFO [11-06|02:55:58] after cm.process() 
cmH 1
INFO [11-06|02:55:58] in validatorCommit1 
pid: 6d11b37ef4fc909a
block number 1
-------in NewBFTValidatorBlock-------
INFO [11-06|02:55:58] in validatorCommit2 
validatorCommit time: 89.54µs
INFO [11-06|02:55:58] **in eth.handler**, get result from ch 
INFO [11-06|02:55:58] ***in BFT.VVVVerifyHeader*** 
INFO [11-06|02:55:58] ***in BFT.verifyHeader*** 
INFO [11-06|02:55:58] ***in BFT.verifySeal*** 
INFO [11-06|02:55:58] In verifyVotes 
INFO [11-06|02:55:58] in HasQuorum 
INFO [11-06|02:55:58] In IsValid() 
len(lockset.Votes): 4 lockset.EligibleVotesNum: 4
INFO [11-06|02:55:58] ***in BFT.VerifyHeaderSSSS*** 
INFO [11-06|02:55:58] ***in BFT.verifyHeader*** 
INFO [11-06|02:55:58] ***in BFT.verifySeal*** 
INFO [11-06|02:55:58] In verifyVotes 
INFO [11-06|02:55:58] in HasQuorum 
INFO [11-06|02:55:58] In IsValid() 
len(lockset.Votes): 4 lockset.EligibleVotesNum: 4
INFO [11-06|02:55:58] received NewBlockMsg! 
INFO [11-06|02:55:59] Imported new chain segment               blocks=1 txs=1598 mgas=33.558 elapsed=1.246s    mgasps=26.918 number=1 hash=ab59ca…66fb1d
FinishedPostExec, 1541444159461794000 , txs, 1598
PostExecTime, 1.246657216s
INFO [11-06|02:55:59] in pool.evenLoop, call pool.resetState 
INFO [11-06|02:56:00] Handle BFT Msg,                          msg="msg #11 (173334 bytes)"
INFO [11-06|02:56:00] -------Received NewBlockProposalMsg------- 
bpHR: H: 2 R: 0
cmHR: H: 2 R: 0
INFO [11-06|02:56:00] --------------------------------------- 
# collMsig from = Peer 94dd98401cf6ca04 [eth/63]
cmHR: H: 2 R: 0
this is rm.proposerPeer  Peer 94dd98401cf6ca04 [eth/63]
INFO [11-06|02:56:00] In IsValid() 
len(lockset.Votes): 0 lockset.EligibleVotesNum: 0
INFO [11-06|02:56:00] cm add BlockProposal                     h=2 r=0
INFO [11-06|02:56:00] in HasQuorum 
INFO [11-06|02:56:00] In IsValid() 
len(lockset.Votes): 4 lockset.EligibleVotesNum: 4
INFO [11-06|02:56:00] in collectMsig, i am msig wintness 
INFO [11-06|02:56:00] Return MsigProposalMsg to                LOG15_ERROR= LOG15_ERROR="Normalized odd number of arguments by adding nil"
INFO [11-06|02:56:00] Sending MsigProposalMsg 
in cm.collectMsig, mp.MsigVs: [<nil> 28]
INFO [11-06|02:56:00] In addBlockCandidates!! 
INFO [11-06|02:56:00] -------in handle NewBlockProposalMsg, success!------- 
INFO [11-06|02:56:00] Handle BFT Msg,                          msg="msg #18 (662 bytes)"
INFO [11-06|02:56:00] ------Received MsigProposalMsg------ 
mpHR: H: 2 R: 0 hash: [253 143 91 109 163 60 84 233 66 124 83 247 48 14 113 78 247 218 185 100 249 159 27 89 47 187 234 90 131 58 237 154]
cmHR: H: 2 R: 0
INFO [11-06|02:56:00] --------------------------------------- 
H====:  2 P==== 0
INFO [11-06|02:56:00] ------addmsigproposal success!------- 
INFO [11-06|02:56:00] Handle BFT Msg,                          msg="msg #17 (107 bytes)"
INFO [11-06|02:56:00] ------Received VoteMsg------ 
voteHR: H: 2 R: 0 voteType:: 1 voteHash: [253 143 91 109 163 60 84 233 66 124 83 247 48 14 113 78 247 218 185 100 249 159 27 89 47 187 234 90 131 58 237 154]
cmHR: H: 2 R: 0
INFO [11-06|02:56:00] --------------------------------------- 
INFO [11-06|02:56:00] addVote to                               height=2 round=0 from=0xdceceaf3fc5c0a63d195d69b1a90011b7b19650d success=true cm.coinbase=0x598443f1880ef585b21f1d7585bd0577402861e5
INFO [11-06|02:56:00] ------in handle VoteMsg, success!------ 
INFO [11-06|02:56:01] Commit new mining work                   number=2 txs=1599 uncles=0 elapsed=1.612s
INFO [11-06|02:56:01] Sealing                                  block n=2
StartConsensus, 1541444161075001000
INFO [11-06|02:56:01] Start Process 
INFO [11-06|02:56:01] in cm.Process, check lastCommittingLockset() 
INFO [11-06|02:56:01] In IsValid() 
len(lockset.Votes): 4 lockset.EligibleVotesNum: 4
INFO [11-06|02:56:01] in HasQuorum 
INFO [11-06|02:56:01] In IsValid() 
len(lockset.Votes): 4 lockset.EligibleVotesNum: 4
=====CM.COINBASE IS:===== [89 132 67 241 136 14 245 133 178 31 29 117 133 189 5 119 64 40 97 229] block number is: 2
INFO [11-06|02:56:01] case: default, cm.process 
ready: 4 need: 2.6666667
INFO [11-06|02:56:01] ---------------process------------------ 
INFO [11-06|02:56:01] In RM Process                            height=2 round=0
INFO [11-06|02:56:01] --------In rm.propose------- 
INFO [11-06|02:56:01] ---------------in rm.vote----------------- 
INFO [11-06|02:56:01] in vote in RM                            height=2 round=0
INFO [11-06|02:56:01] vote mp 
INFO [11-06|02:56:01] vote success in                          height=2 round=0
INFO [11-06|02:56:01] Send VoteMsg 
INFO [11-06|02:56:01] in rm.process, check lockset HasQuorum 
INFO [11-06|02:56:01] in HasQuorum 
INFO [11-06|02:56:01] In IsValid() 
len(lockset.Votes): 2 lockset.EligibleVotesNum: 4
INFO [11-06|02:56:01] rm lockset is not valid yet 
INFO [11-06|02:56:01] after cm.process() 
INFO [11-06|02:56:01] Handle BFT Msg,                          msg="msg #17 (107 bytes)"
INFO [11-06|02:56:01] ------Received VoteMsg------ 
voteHR: H: 2 R: 0 voteType:: 1 voteHash: [253 143 91 109 163 60 84 233 66 124 83 247 48 14 113 78 247 218 185 100 249 159 27 89 47 187 234 90 131 58 237 154]
cmHR: H: 2 R: 0
INFO [11-06|02:56:01] --------------------------------------- 
INFO [11-06|02:56:01] addVote to                               height=2 round=0 from=0x82a978b3f5962a5b0957d9ee9eef472ee55b42f1 success=true cm.coinbase=0x598443f1880ef585b21f1d7585bd0577402861e5
INFO [11-06|02:56:01] ------in handle VoteMsg, success!------ 
INFO [11-06|02:56:01] case: default, cm.process 
ready: 4 need: 2.6666667
INFO [11-06|02:56:01] ---------------process------------------ 
INFO [11-06|02:56:01] In RM Process                            height=2 round=0
INFO [11-06|02:56:01] --------In rm.propose------- 
INFO [11-06|02:56:01] ---------------in rm.vote----------------- 
INFO [11-06|02:56:01] voted 
INFO [11-06|02:56:01] in rm.process, check lockset HasQuorum 
INFO [11-06|02:56:01] in HasQuorum 
INFO [11-06|02:56:01] In IsValid() 
len(lockset.Votes): 3 lockset.EligibleVotesNum: 4
INFO [11-06|02:56:01] There is a quorum                        height=2 round=0
--- in rm.process p.id: --- Peer 94dd98401cf6ca04 [eth/63]
INFO [11-06|02:56:01] ============in cm.commitLockset============ 
INFO [11-06|02:56:01] in commitLockset, check ls HasQuorum 
INFO [11-06|02:56:01] in HasQuorum 
INFO [11-06|02:56:01] In IsValid() 
len(lockset.Votes): 3 lockset.EligibleVotesNum: 4
INFO [11-06|02:56:01] cm.found is not nil 
INFO [11-06|02:56:01] store lockset 
peerid: 94dd98401cf6ca04
INFO [11-06|02:56:01] ---storeLockset--- 
INFO [11-06|02:56:01] after cm.process() 
cmH 2
INFO [11-06|02:56:01] have a consensus on the block 
INFO [11-06|02:56:01] result.Header().Coinbase != b.signer 
INFO [11-06|02:56:01] in validatorCommit1 
pid: 94dd98401cf6ca04
block number 2
-------in NewBFTValidatorBlock-------
INFO [11-06|02:56:01] in validatorCommit2 
validatorCommit time: 196.457µs
INFO [11-06|02:56:01] **in eth.handler**, get result from ch 
INFO [11-06|02:56:01] ***in BFT.VVVVerifyHeader*** 
INFO [11-06|02:56:01] ***in BFT.verifyHeader*** 
result.Header().Coinbase: [220 236 234 243 252 92 10 99 209 149 214 155 26 144 1 27 123 25 101 13] b.signer: [89 132 67 241 136 14 245 133 178 31 29 117 133 189 5 119 64 40 97 229]
ConsensusTime, 105993674 , txs, 1599 , blockNum, 2
FinishedConsensus, 1541444161181408000
INFO [11-06|02:56:01] ***in BFT.verifySeal*** 
INFO [11-06|02:56:01] In verifyVotes 
INFO [11-06|02:56:01] result is nil 
INFO [11-06|02:56:01] === Finished Mine() === 
INFO [11-06|02:56:01] in HasQuorum 
INFO [11-06|02:56:01] In IsValid() 
len(lockset.Votes): 3 lockset.EligibleVotesNum: 4
INFO [11-06|02:56:01] ***in BFT.VerifyHeaderSSSS*** 
INFO [11-06|02:56:01] ***in BFT.verifyHeader*** 
INFO [11-06|02:56:01] ***in BFT.verifySeal*** 
INFO [11-06|02:56:01] In verifyVotes 
INFO [11-06|02:56:01] in HasQuorum 
INFO [11-06|02:56:01] In IsValid() 
len(lockset.Votes): 3 lockset.EligibleVotesNum: 4
INFO [11-06|02:56:01] Handle BFT Msg,                          msg="msg #9 (3 bytes)"
INFO [11-06|02:56:01] -------GetLocksetsMsg------- 
GetLockSetsMsg request:  [{2}] from:  6d11b37ef4fc909a
INFO [11-06|02:56:01] Request future block 
INFO [11-06|02:56:01] Handle BFT Msg,                          msg="msg #9 (3 bytes)"
INFO [11-06|02:56:01] -------GetLocksetsMsg------- 
GetLockSetsMsg request:  [{2}] from:  6d11b37ef4fc909a
INFO [11-06|02:56:01] Request future block 
INFO [11-06|02:56:02] Imported new chain segment               blocks=1 txs=1599 mgas=33.579 elapsed=1.411s    mgasps=23.795 number=2 hash=fd8f5b…3aed9a
FinishedPostExec, 1541444162592911000 , txs, 1599
PostExecTime, 1.411178126s
INFO [11-06|02:56:02] in pool.evenLoop, call pool.resetState 
INFO [11-06|02:56:03] Handle BFT Msg,                          msg="msg #17 (107 bytes)"
INFO [11-06|02:56:03] ------Received VoteMsg------ 
voteHR: H: 2 R: 0 voteType:: 1 voteHash: [253 143 91 109 163 60 84 233 66 124 83 247 48 14 113 78 247 218 185 100 249 159 27 89 47 187 234 90 131 58 237 154]
cmHR: H: 3 R: 0
INFO [11-06|02:56:03] --------------------------------------- 
INFO [11-06|02:56:03] addVote to                               height=2 round=0 from=0x7d577a597b2742b498cb5cf0c26cdcd726d39e6e success=true cm.coinbase=0x598443f1880ef585b21f1d7585bd0577402861e5
INFO [11-06|02:56:03] ------in handle VoteMsg, success!------ 
INFO [11-06|02:56:04] Commit new mining work                   number=3 txs=1599 uncles=0 elapsed=2.135s
INFO [11-06|02:56:04] Sealing                                  block n=3
StartConsensus, 1541444164728572000
INFO [11-06|02:56:04] Start Process 
INFO [11-06|02:56:04] in cm.Process, check lastCommittingLockset() 
INFO [11-06|02:56:04] In IsValid() 
len(lockset.Votes): 4 lockset.EligibleVotesNum: 4
INFO [11-06|02:56:04] in HasQuorum 
INFO [11-06|02:56:04] In IsValid() 
len(lockset.Votes): 4 lockset.EligibleVotesNum: 4
=====CM.COINBASE IS:===== [89 132 67 241 136 14 245 133 178 31 29 117 133 189 5 119 64 40 97 229] block number is: 3
INFO [11-06|02:56:04] case: default, cm.process 
ready: 4 need: 2.6666667
INFO [11-06|02:56:04] ---------------process------------------ 
INFO [11-06|02:56:04] In RM Process                            height=3 round=0
INFO [11-06|02:56:04] --------In rm.propose------- 
INFO [11-06|02:56:04] I am a proposer in                       height=3 round=0
INFO [11-06|02:56:04] in propose, check lastRoundLockset 
lastRoundLockset, hm.activeround: 0
INFO [11-06|02:56:04] ------in mkProposal------ 
INFO [11-06|02:56:04] In IsValid() 
len(lockset.Votes): 4 lockset.EligibleVotesNum: 4
INFO [11-06|02:56:04] in HasQuorum 
INFO [11-06|02:56:04] In IsValid() 
len(lockset.Votes): 4 lockset.EligibleVotesNum: 4
INFO [11-06|02:56:04] LockSet(R-1) is nil (rm.round should equal to zero) 
INFO [11-06|02:56:04] in HasQuorum 
INFO [11-06|02:56:04] In IsValid() 
len(lockset.Votes): 4 lockset.EligibleVotesNum: 4
INFO [11-06|02:56:04] in HasQuorum 
INFO [11-06|02:56:04] In IsValid() 
len(lockset.Votes): 4 lockset.EligibleVotesNum: 4
Create block blockhash :  [155 125 0 165 130 106 184 61 249 82 93 42 149 169 34 58 227 107 121 118 137 92 129 224 121 17 117 148 118 15 43 44]
INFO [11-06|02:56:04] In addBlockCandidates!! 
INFO [11-06|02:56:04] Send NewBlockProposalMsg:                LOG15_ERROR=                                                   LOG15_ERROR="Normalized odd number of arguments by adding nil"
INFO [11-06|02:56:04] Handle BFT Msg,                          msg="msg #18 (662 bytes)"
INFO [11-06|02:56:04] ------Received MsigProposalMsg------ 
mpHR: H: 3 R: 0 hash: [155 125 0 165 130 106 184 61 249 82 93 42 149 169 34 58 227 107 121 118 137 92 129 224 121 17 117 148 118 15 43 44]
cmHR: H: 3 R: 0
INFO [11-06|02:56:04] --------------------------------------- 
H====:  3 P==== 0
INFO [11-06|02:56:04] In addMsig I am leader 
mp= &{<nil> 28 111078067554491146291471802243039658898291265214870088116970782932326586000901 8754000572204439624950650145090581272331735147948764744621677774820239208609 0xc425876000 3 0 [155 125 0 165 130 106 184 61 249 82 93 42 149 169 34 58 227 107 121 118 137 92 129 224 121 17 117 148 118 15 43 44] 0xc4254f8050 0xc4254f80a0}
INFO [11-06|02:56:04] in bfthandler Send MsigProposalMsg 
INFO [11-06|02:56:04] Sending MsigProposalMsg 
INFO [11-06|02:56:04] Sending MsigProposalMsg 
INFO [11-06|02:56:04] Sending MsigProposalMsg 
INFO [11-06|02:56:04] Handle BFT Msg,                          msg="msg #18 (662 bytes)"
INFO [11-06|02:56:04] ------Received MsigProposalMsg------ 
mpHR: H: 3 R: 0 hash: [155 125 0 165 130 106 184 61 249 82 93 42 149 169 34 58 227 107 121 118 137 92 129 224 121 17 117 148 118 15 43 44]
cmHR: H: 3 R: 0
INFO [11-06|02:56:04] --------------------------------------- 
H====:  3 P==== 0
INFO [11-06|02:56:04] In addMsig I am leader 
mp= &{<nil> 28 111078067554491146291471802243039658898291265214870088116970782932326586000901 8754000572204439624950650145090581272331735147948764744621677774820239208609 0xc42569e180 3 0 [155 125 0 165 130 106 184 61 249 82 93 42 149 169 34 58 227 107 121 118 137 92 129 224 121 17 117 148 118 15 43 44] 0xc426d7a000 0xc426d7a050}
INFO [11-06|02:56:04] in bfthandler Send MsigProposalMsg 
INFO [11-06|02:56:04] Handle BFT Msg,                          msg="msg #18 (662 bytes)"
INFO [11-06|02:56:04] ------Received MsigProposalMsg------ 
mpHR: H: 3 R: 0 hash: [155 125 0 165 130 106 184 61 249 82 93 42 149 169 34 58 227 107 121 118 137 92 129 224 121 17 117 148 118 15 43 44]
cmHR: H: 3 R: 0
INFO [11-06|02:56:04] --------------------------------------- 
H====:  3 P==== 0
INFO [11-06|02:56:04] In addMsig I am leader 
mp= &{<nil> 28 111078067554491146291471802243039658898291265214870088116970782932326586000901 8754000572204439624950650145090581272331735147948764744621677774820239208609 0xc42569e3c0 3 0 [155 125 0 165 130 106 184 61 249 82 93 42 149 169 34 58 227 107 121 118 137 92 129 224 121 17 117 148 118 15 43 44] 0xc426d7a0f0 0xc426d7a140}
INFO [11-06|02:56:04] in bfthandler Send MsigProposalMsg 
INFO [11-06|02:56:04] ---------------in rm.vote----------------- 
INFO [11-06|02:56:04] in vote in RM                            height=3 round=0
INFO [11-06|02:56:04] Timeout time not reach, curr vs timeout: curr=1541444164.000 timeout=1541444169.000
INFO [11-06|02:56:04] in rm.process, check lockset HasQuorum 
INFO [11-06|02:56:04] in HasQuorum 
INFO [11-06|02:56:04] In IsValid() 
len(lockset.Votes): 0 lockset.EligibleVotesNum: 4
INFO [11-06|02:56:04] rm lockset is not valid yet 
INFO [11-06|02:56:04] ------addmsigproposal success!------- 
INFO [11-06|02:56:04] ------addmsigproposal success!------- 
INFO [11-06|02:56:04] ------addmsigproposal success!------- 
INFO [11-06|02:56:04] after cm.process() 
INFO [11-06|02:56:04] Handle BFT Msg,                          msg="msg #17 (107 bytes)"
INFO [11-06|02:56:04] ------Received VoteMsg------ 
voteHR: H: 3 R: 0 voteType:: 1 voteHash: [155 125 0 165 130 106 184 61 249 82 93 42 149 169 34 58 227 107 121 118 137 92 129 224 121 17 117 148 118 15 43 44]
cmHR: H: 3 R: 0
INFO [11-06|02:56:04] --------------------------------------- 
INFO [11-06|02:56:04] addVote to                               height=3 round=0 from=0xdceceaf3fc5c0a63d195d69b1a90011b7b19650d success=true cm.coinbase=0x598443f1880ef585b21f1d7585bd0577402861e5
INFO [11-06|02:56:04] ------in handle VoteMsg, success!------ 
INFO [11-06|02:56:04] Handle BFT Msg,                          msg="msg #17 (107 bytes)"
INFO [11-06|02:56:04] ------Received VoteMsg------ 
voteHR: H: 3 R: 0 voteType:: 1 voteHash: [155 125 0 165 130 106 184 61 249 82 93 42 149 169 34 58 227 107 121 118 137 92 129 224 121 17 117 148 118 15 43 44]
cmHR: H: 3 R: 0
INFO [11-06|02:56:04] --------------------------------------- 
INFO [11-06|02:56:04] addVote to                               height=3 round=0 from=0x82a978b3f5962a5b0957d9ee9eef472ee55b42f1 success=true cm.coinbase=0x598443f1880ef585b21f1d7585bd0577402861e5
INFO [11-06|02:56:04] ------in handle VoteMsg, success!------ 
INFO [11-06|02:56:04] case: default, cm.process 
ready: 4 need: 2.6666667
INFO [11-06|02:56:04] ---------------process------------------ 
INFO [11-06|02:56:04] In RM Process                            height=3 round=0
INFO [11-06|02:56:04] --------In rm.propose------- 
INFO [11-06|02:56:04] I am a proposer in                       height=3 round=0
INFO [11-06|02:56:04] ---------------in rm.vote----------------- 
INFO [11-06|02:56:04] in vote in RM                            height=3 round=0
INFO [11-06|02:56:04] vote mp 
INFO [11-06|02:56:04] vote success in                          height=3 round=0
INFO [11-06|02:56:04] Send VoteMsg 
INFO [11-06|02:56:04] in rm.process, check lockset HasQuorum 
INFO [11-06|02:56:04] in HasQuorum 
INFO [11-06|02:56:04] In IsValid() 
len(lockset.Votes): 3 lockset.EligibleVotesNum: 4
INFO [11-06|02:56:04] There is a quorum                        height=3 round=0
INFO [11-06|02:56:04] ============in cm.commitLockset============ 
INFO [11-06|02:56:04] in commitLockset, check ls HasQuorum 
INFO [11-06|02:56:04] in HasQuorum 
INFO [11-06|02:56:04] In IsValid() 
len(lockset.Votes): 3 lockset.EligibleVotesNum: 4
INFO [11-06|02:56:04] cm.found is not nil 
INFO [11-06|02:56:04] store lockset 
INFO [11-06|02:56:04] ---storeLockset--- 
INFO [11-06|02:56:04] after cm.process() 
INFO [11-06|02:56:04] have a consensus on the block 
ConsensusTime, 163337334 , txs, 1599 , blockNum, 3
FinishedConsensus, 1541444164891897000
INFO [11-06|02:56:04] Successfully sealed new block            number=3 hash=9b7d00…0f2b2c
INFO [11-06|02:56:04] === Finished Mine() === 
INFO [11-06|02:56:04] ---atomic.LoadInt32(&self.mining) == 1 && work.tcount == 0--- 
INFO [11-06|02:56:04] in pool.evenLoop, call pool.resetState 
INFO [11-06|02:56:04] 🔨 mined potential block                  number=3 hash=9b7d00…0f2b2c
INFO [11-06|02:56:05] Handle BFT Msg,                          msg="msg #17 (107 bytes)"
INFO [11-06|02:56:05] ------Received VoteMsg------ 
voteHR: H: 3 R: 0 voteType:: 1 voteHash: [155 125 0 165 130 106 184 61 249 82 93 42 149 169 34 58 227 107 121 118 137 92 129 224 121 17 117 148 118 15 43 44]
cmHR: H: 4 R: 0
INFO [11-06|02:56:05] --------------------------------------- 
INFO [11-06|02:56:05] addVote to                               height=3 round=0 from=0x7d577a597b2742b498cb5cf0c26cdcd726d39e6e success=true cm.coinbase=0x598443f1880ef585b21f1d7585bd0577402861e5
INFO [11-06|02:56:05] ------in handle VoteMsg, success!------ 
INFO [11-06|02:56:07] Handle BFT Msg,                          msg="msg #11 (173453 bytes)"
INFO [11-06|02:56:07] -------Received NewBlockProposalMsg------- 
bpHR: H: 4 R: 0
cmHR: H: 4 R: 0
INFO [11-06|02:56:07] --------------------------------------- 
# collMsig from = Peer d67104e65b61fca1 [eth/63]
cmHR: H: 4 R: 0
this is rm.proposerPeer  Peer d67104e65b61fca1 [eth/63]
INFO [11-06|02:56:07] In IsValid() 
len(lockset.Votes): 0 lockset.EligibleVotesNum: 0
INFO [11-06|02:56:07] cm add BlockProposal                     h=4 r=0
INFO [11-06|02:56:07] in HasQuorum 
INFO [11-06|02:56:07] In IsValid() 
len(lockset.Votes): 4 lockset.EligibleVotesNum: 4
INFO [11-06|02:56:07] In addBlockCandidates!! 
INFO [11-06|02:56:07] -------in handle NewBlockProposalMsg, success!------- 
INFO [11-06|02:56:07] Handle BFT Msg,                          msg="msg #18 (662 bytes)"
INFO [11-06|02:56:07] ------Received MsigProposalMsg------ 
mpHR: H: 4 R: 0 hash: [185 115 158 33 169 151 84 221 84 187 94 114 141 63 124 124 168 136 98 211 203 173 236 135 212 13 183 219 29 250 225 32]
cmHR: H: 4 R: 0
INFO [11-06|02:56:07] --------------------------------------- 
H====:  4 P==== 0
INFO [11-06|02:56:07] ------addmsigproposal success!------- 
INFO [11-06|02:56:07] Handle BFT Msg,                          msg="msg #17 (107 bytes)"
INFO [11-06|02:56:07] ------Received VoteMsg------ 
voteHR: H: 4 R: 0 voteType:: 1 voteHash: [185 115 158 33 169 151 84 221 84 187 94 114 141 63 124 124 168 136 98 211 203 173 236 135 212 13 183 219 29 250 225 32]
cmHR: H: 4 R: 0
INFO [11-06|02:56:07] --------------------------------------- 
INFO [11-06|02:56:07] addVote to                               height=4 round=0 from=0xdceceaf3fc5c0a63d195d69b1a90011b7b19650d success=true cm.coinbase=0x598443f1880ef585b21f1d7585bd0577402861e5
INFO [11-06|02:56:07] ------in handle VoteMsg, success!------ 
INFO [11-06|02:56:07] Handle BFT Msg,                          msg="msg #17 (107 bytes)"
INFO [11-06|02:56:07] ------Received VoteMsg------ 
voteHR: H: 4 R: 0 voteType:: 1 voteHash: [185 115 158 33 169 151 84 221 84 187 94 114 141 63 124 124 168 136 98 211 203 173 236 135 212 13 183 219 29 250 225 32]
cmHR: H: 4 R: 0
INFO [11-06|02:56:07] --------------------------------------- 
INFO [11-06|02:56:07] addVote to                               height=4 round=0 from=0x82a978b3f5962a5b0957d9ee9eef472ee55b42f1 success=true cm.coinbase=0x598443f1880ef585b21f1d7585bd0577402861e5
INFO [11-06|02:56:07] ------in handle VoteMsg, success!------ 
INFO [11-06|02:56:08] Handle BFT Msg,                          msg="msg #17 (107 bytes)"
INFO [11-06|02:56:08] ------Received VoteMsg------ 
voteHR: H: 4 R: 0 voteType:: 1 voteHash: [185 115 158 33 169 151 84 221 84 187 94 114 141 63 124 124 168 136 98 211 203 173 236 135 212 13 183 219 29 250 225 32]
cmHR: H: 4 R: 0
INFO [11-06|02:56:08] --------------------------------------- 
INFO [11-06|02:56:08] addVote to                               height=4 round=0 from=0x7d577a597b2742b498cb5cf0c26cdcd726d39e6e success=true cm.coinbase=0x598443f1880ef585b21f1d7585bd0577402861e5
INFO [11-06|02:56:08] ------in handle VoteMsg, success!------ 
INFO [11-06|02:56:08] received NewBlockMsg! 
INFO [11-06|02:56:08] ***in BFT.VVVVerifyHeader*** 
INFO [11-06|02:56:08] ***in BFT.verifyHeader*** 
INFO [11-06|02:56:08] ***in BFT.verifySeal*** 
INFO [11-06|02:56:08] In verifyVotes 
INFO [11-06|02:56:08] ***in sync.request()*** 
INFO [11-06|02:56:08] In verifyVotes 
INFO [11-06|02:56:08] ***in sync.request()*** 
INFO [11-06|02:56:08] Handle BFT Msg,                          msg="msg #10 (328 bytes)"
INFO [11-06|02:56:08] -------Received LocksetMsg------- 
lockset: &{<nil> 0 0 0 4 [0xc426c24120 0xc426c241e0 0xc426c24240] false}
INFO [11-06|02:56:08] in HasQuorum 
INFO [11-06|02:56:08] In IsValid() 
len(lockset.Votes): 3 lockset.EligibleVotesNum: 4
INFO [11-06|02:56:08] ---storeLockset--- 
INFO [11-06|02:56:08] In verifyVotes 
INFO [11-06|02:56:08] in HasQuorum 
INFO [11-06|02:56:08] In IsValid() 
len(lockset.Votes): 3 lockset.EligibleVotesNum: 4
INFO [11-06|02:56:08] ***in BFT.VerifyHeaderSSSS*** 
INFO [11-06|02:56:08] ***in BFT.verifyHeader*** 
INFO [11-06|02:56:08] ***in BFT.verifySeal*** 
INFO [11-06|02:56:08] In verifyVotes 
INFO [11-06|02:56:08] in HasQuorum 
INFO [11-06|02:56:08] In IsValid() 
len(lockset.Votes): 3 lockset.EligibleVotesNum: 4
INFO [11-06|02:56:10] Commit new mining work                   number=4 txs=1600 uncles=0 elapsed=2.203s
INFO [11-06|02:56:10] Sealing                                  block n=4
StartConsensus, 1541444170139604000
INFO [11-06|02:56:10] Start Process 
INFO [11-06|02:56:10] in cm.Process, check lastCommittingLockset() 
INFO [11-06|02:56:10] In IsValid() 
len(lockset.Votes): 4 lockset.EligibleVotesNum: 4
INFO [11-06|02:56:10] in HasQuorum 
INFO [11-06|02:56:10] In IsValid() 
len(lockset.Votes): 4 lockset.EligibleVotesNum: 4
=====CM.COINBASE IS:===== [89 132 67 241 136 14 245 133 178 31 29 117 133 189 5 119 64 40 97 229] block number is: 4
INFO [11-06|02:56:10] case: default, cm.process 
ready: 4 need: 2.6666667
INFO [11-06|02:56:10] ---------------process------------------ 
INFO [11-06|02:56:10] In RM Process                            height=4 round=0
INFO [11-06|02:56:10] --------In rm.propose------- 
INFO [11-06|02:56:10] ---------------in rm.vote----------------- 
INFO [11-06|02:56:10] in vote in RM                            height=4 round=0
INFO [11-06|02:56:10] vote mp 
INFO [11-06|02:56:10] vote success in                          height=4 round=0
INFO [11-06|02:56:10] Send VoteMsg 
INFO [11-06|02:56:10] in rm.process, check lockset HasQuorum 
INFO [11-06|02:56:10] in HasQuorum 
INFO [11-06|02:56:10] In IsValid() 
len(lockset.Votes): 4 lockset.EligibleVotesNum: 4
INFO [11-06|02:56:10] There is a quorum                        height=4 round=0
--- in rm.process p.id: --- Peer d67104e65b61fca1 [eth/63]
INFO [11-06|02:56:10] ============in cm.commitLockset============ 
INFO [11-06|02:56:10] in commitLockset, check ls HasQuorum 
INFO [11-06|02:56:10] in HasQuorum 
INFO [11-06|02:56:10] In IsValid() 
len(lockset.Votes): 4 lockset.EligibleVotesNum: 4
INFO [11-06|02:56:10] cm.found is not nil 
INFO [11-06|02:56:10] have a consensus on the block 
INFO [11-06|02:56:10] result.Header().Coinbase != b.signer 
result.Header().Coinbase: [130 169 120 179 245 150 42 91 9 87 217 238 158 239 71 46 229 91 66 241] b.signer: [89 132 67 241 136 14 245 133 178 31 29 117 133 189 5 119 64 40 97 229]
ConsensusTime, 3264038 , txs, 1600 , blockNum, 4
FinishedConsensus, 1541444170142863000
INFO [11-06|02:56:10] result is nil 
INFO [11-06|02:56:10] === Finished Mine() === 
INFO [11-06|02:56:10] store lockset 
peerid: d67104e65b61fca1
cmH 4
INFO [11-06|02:56:10] in validatorCommit1 
pid: d67104e65b61fca1
block number 4
-------in NewBFTValidatorBlock-------
INFO [11-06|02:56:10] in validatorCommit2 
validatorCommit time: 85.35µs
INFO [11-06|02:56:10] **in eth.handler**, get result from ch 
INFO [11-06|02:56:10] ---storeLockset--- 
INFO [11-06|02:56:10] after cm.process() 
INFO [11-06|02:56:10] Imported new chain segment               blocks=1 txs=1600 mgas=33.600 elapsed=1.617s    mgasps=20.778 number=4 hash=b9739e…fae120
FinishedPostExec, 1541444170577547000 , txs, 1600
PostExecTime, 1.617083778s
INFO [11-06|02:56:10] in pool.evenLoop, call pool.resetState 
INFO [11-06|02:56:12] Handle BFT Msg,                          msg="msg #11 (173950 bytes)"
INFO [11-06|02:56:12] -------Received NewBlockProposalMsg------- 
bpHR: H: 5 R: 0
cmHR: H: 5 R: 0
INFO [11-06|02:56:12] --------------------------------------- 
# collMsig from = Peer 6d11b37ef4fc909a [eth/63]
cmHR: H: 5 R: 0
this is rm.proposerPeer  Peer 6d11b37ef4fc909a [eth/63]
INFO [11-06|02:56:12] In IsValid() 
len(lockset.Votes): 0 lockset.EligibleVotesNum: 0
INFO [11-06|02:56:12] cm add BlockProposal                     h=5 r=0
INFO [11-06|02:56:12] in HasQuorum 
INFO [11-06|02:56:12] In IsValid() 
len(lockset.Votes): 4 lockset.EligibleVotesNum: 4
INFO [11-06|02:56:12] In addBlockCandidates!! 
INFO [11-06|02:56:12] -------in handle NewBlockProposalMsg, success!------- 
INFO [11-06|02:56:12] Handle BFT Msg,                          msg="msg #18 (662 bytes)"
INFO [11-06|02:56:12] ------Received MsigProposalMsg------ 
mpHR: H: 5 R: 0 hash: [215 181 139 236 127 126 175 214 154 192 78 192 71 127 204 186 170 138 188 191 140 30 202 147 49 157 104 167 186 78 167 219]
cmHR: H: 5 R: 0
INFO [11-06|02:56:12] --------------------------------------- 
H====:  5 P==== 0
INFO [11-06|02:56:12] ------addmsigproposal success!------- 
INFO [11-06|02:56:12] Handle BFT Msg,                          msg="msg #17 (107 bytes)"
INFO [11-06|02:56:12] ------Received VoteMsg------ 
voteHR: H: 5 R: 0 voteType:: 1 voteHash: [215 181 139 236 127 126 175 214 154 192 78 192 71 127 204 186 170 138 188 191 140 30 202 147 49 157 104 167 186 78 167 219]
cmHR: H: 5 R: 0
INFO [11-06|02:56:12] --------------------------------------- 
INFO [11-06|02:56:12] addVote to                               height=5 round=0 from=0x82a978b3f5962a5b0957d9ee9eef472ee55b42f1 success=true cm.coinbase=0x598443f1880ef585b21f1d7585bd0577402861e5
INFO [11-06|02:56:12] ------in handle VoteMsg, success!------ 
INFO [11-06|02:56:12] Handle BFT Msg,                          msg="msg #17 (107 bytes)"
INFO [11-06|02:56:12] ------Received VoteMsg------ 
voteHR: H: 5 R: 0 voteType:: 1 voteHash: [215 181 139 236 127 126 175 214 154 192 78 192 71 127 204 186 170 138 188 191 140 30 202 147 49 157 104 167 186 78 167 219]
cmHR: H: 5 R: 0
INFO [11-06|02:56:12] --------------------------------------- 
INFO [11-06|02:56:12] addVote to                               height=5 round=0 from=0x7d577a597b2742b498cb5cf0c26cdcd726d39e6e success=true cm.coinbase=0x598443f1880ef585b21f1d7585bd0577402861e5
INFO [11-06|02:56:12] ------in handle VoteMsg, success!------ 
INFO [11-06|02:56:12] Handle BFT Msg,                          msg="msg #17 (107 bytes)"
INFO [11-06|02:56:12] ------Received VoteMsg------ 
voteHR: H: 5 R: 0 voteType:: 1 voteHash: [215 181 139 236 127 126 175 214 154 192 78 192 71 127 204 186 170 138 188 191 140 30 202 147 49 157 104 167 186 78 167 219]
cmHR: H: 5 R: 0
INFO [11-06|02:56:12] --------------------------------------- 
INFO [11-06|02:56:12] addVote to                               height=5 round=0 from=0xdceceaf3fc5c0a63d195d69b1a90011b7b19650d success=true cm.coinbase=0x598443f1880ef585b21f1d7585bd0577402861e5
INFO [11-06|02:56:12] ------in handle VoteMsg, success!------ 
INFO [11-06|02:56:12] received NewBlockMsg! 
INFO [11-06|02:56:12] ***in BFT.VVVVerifyHeader*** 
INFO [11-06|02:56:12] ***in BFT.verifyHeader*** 
INFO [11-06|02:56:12] ***in BFT.verifySeal*** 
INFO [11-06|02:56:12] In verifyVotes 
INFO [11-06|02:56:12] ***in sync.request()*** 
INFO [11-06|02:56:12] In verifyVotes 
INFO [11-06|02:56:12] ***in sync.request()*** 
INFO [11-06|02:56:12] Commit new mining work                   number=5 txs=1601 uncles=0 elapsed=2.275s
INFO [11-06|02:56:12] Sealing                                  block n=5
StartConsensus, 1541444172852976000
INFO [11-06|02:56:12] Start Process 
INFO [11-06|02:56:12] in cm.Process, check lastCommittingLockset() 
INFO [11-06|02:56:12] In IsValid() 
len(lockset.Votes): 4 lockset.EligibleVotesNum: 4
INFO [11-06|02:56:12] in HasQuorum 
INFO [11-06|02:56:12] In IsValid() 
len(lockset.Votes): 4 lockset.EligibleVotesNum: 4
=====CM.COINBASE IS:===== [89 132 67 241 136 14 245 133 178 31 29 117 133 189 5 119 64 40 97 229] block number is: 5
INFO [11-06|02:56:12] case: default, cm.process 
ready: 4 need: 2.6666667
INFO [11-06|02:56:12] ---------------process------------------ 
INFO [11-06|02:56:12] In RM Process                            height=5 round=0
INFO [11-06|02:56:12] --------In rm.propose------- 
INFO [11-06|02:56:12] ---------------in rm.vote----------------- 
INFO [11-06|02:56:12] in vote in RM                            height=5 round=0
INFO [11-06|02:56:12] vote mp 
INFO [11-06|02:56:12] vote success in                          height=5 round=0
INFO [11-06|02:56:12] Send VoteMsg 
INFO [11-06|02:56:12] in rm.process, check lockset HasQuorum 
INFO [11-06|02:56:12] in HasQuorum 
INFO [11-06|02:56:12] In IsValid() 
len(lockset.Votes): 4 lockset.EligibleVotesNum: 4
INFO [11-06|02:56:12] There is a quorum                        height=5 round=0
--- in rm.process p.id: --- Peer 6d11b37ef4fc909a [eth/63]
INFO [11-06|02:56:12] ============in cm.commitLockset============ 
INFO [11-06|02:56:12] in commitLockset, check ls HasQuorum 
INFO [11-06|02:56:12] in HasQuorum 
INFO [11-06|02:56:12] In IsValid() 
len(lockset.Votes): 4 lockset.EligibleVotesNum: 4
INFO [11-06|02:56:12] cm.found is not nil 
INFO [11-06|02:56:12] store lockset 
peerid: 6d11b37ef4fc909a
INFO [11-06|02:56:12] ---storeLockset--- 
INFO [11-06|02:56:12] have a consensus on the block 
cmH 5
INFO [11-06|02:56:12] result.Header().Coinbase != b.signer 
result.Header().Coinbase: [125 87 122 89 123 39 66 180 152 203 92 240 194 108 220 215 38 211 158 110] b.signer: [89 132 67 241 136 14 245 133 178 31 29 117 133 189 5 119 64 40 97 229]
ConsensusTime, 14311622 , txs, 1601 , blockNum, 5
FinishedConsensus, 1541444172867282000
INFO [11-06|02:56:12] in validatorCommit1 
pid: 6d11b37ef4fc909a
block number 5
-------in NewBFTValidatorBlock-------
INFO [11-06|02:56:12] in validatorCommit2 
validatorCommit time: 143.783µs
INFO [11-06|02:56:12] **in eth.handler**, get result from ch 
INFO [11-06|02:56:12] result is nil 
INFO [11-06|02:56:12] === Finished Mine() === 
INFO [11-06|02:56:12] after cm.process() 
INFO [11-06|02:56:12] In verifyVotes 
INFO [11-06|02:56:12] in HasQuorum 
INFO [11-06|02:56:12] In IsValid() 
len(lockset.Votes): 4 lockset.EligibleVotesNum: 4
INFO [11-06|02:56:12] ***in BFT.VerifyHeaderSSSS*** 
INFO [11-06|02:56:12] ***in BFT.verifyHeader*** 
INFO [11-06|02:56:12] ***in BFT.verifySeal*** 
INFO [11-06|02:56:12] In verifyVotes 
INFO [11-06|02:56:12] in HasQuorum 
INFO [11-06|02:56:12] In IsValid() 
len(lockset.Votes): 4 lockset.EligibleVotesNum: 4
INFO [11-06|02:56:14] Imported new chain segment               blocks=1 txs=1601 mgas=33.621 elapsed=1.420s    mgasps=23.666 number=5 hash=d7b58b…4ea7db
FinishedPostExec, 1541444174362940000 , txs, 1601
PostExecTime, 1.420659876s
INFO [11-06|02:56:14] in pool.evenLoop, call pool.resetState 
INFO [11-06|02:56:15] Handle BFT Msg,                          msg="msg #11 (174050 bytes)"
INFO [11-06|02:56:15] -------Received NewBlockProposalMsg------- 
bpHR: H: 6 R: 0
cmHR: H: 6 R: 0
INFO [11-06|02:56:15] --------------------------------------- 
# collMsig from = Peer 94dd98401cf6ca04 [eth/63]
cmHR: H: 6 R: 0
this is rm.proposerPeer  Peer 94dd98401cf6ca04 [eth/63]
INFO [11-06|02:56:15] In IsValid() 
len(lockset.Votes): 0 lockset.EligibleVotesNum: 0
INFO [11-06|02:56:15] cm add BlockProposal                     h=6 r=0
INFO [11-06|02:56:15] in HasQuorum 
INFO [11-06|02:56:15] In IsValid() 
len(lockset.Votes): 4 lockset.EligibleVotesNum: 4
INFO [11-06|02:56:15] in collectMsig, i am msig wintness 
INFO [11-06|02:56:15] Return MsigProposalMsg to                LOG15_ERROR=                                                   LOG15_ERROR="Normalized odd number of arguments by adding nil"
INFO [11-06|02:56:15] Sending MsigProposalMsg 
in cm.collectMsig, mp.MsigVs: [<nil> 28]
INFO [11-06|02:56:15] In addBlockCandidates!! 
INFO [11-06|02:56:15] -------in handle NewBlockProposalMsg, success!------- 
INFO [11-06|02:56:15] Handle BFT Msg,                          msg="msg #18 (662 bytes)"
INFO [11-06|02:56:15] ------Received MsigProposalMsg------ 
mpHR: H: 6 R: 0 hash: [132 167 37 218 99 228 51 37 101 147 91 71 91 91 29 115 17 33 100 21 206 219 32 53 141 206 102 206 154 142 87 47]
cmHR: H: 6 R: 0
INFO [11-06|02:56:15] --------------------------------------- 
H====:  6 P==== 0
INFO [11-06|02:56:15] ------addmsigproposal success!------- 
INFO [11-06|02:56:15] Handle BFT Msg,                          msg="msg #17 (107 bytes)"
INFO [11-06|02:56:15] ------Received VoteMsg------ 
voteHR: H: 6 R: 0 voteType:: 1 voteHash: [132 167 37 218 99 228 51 37 101 147 91 71 91 91 29 115 17 33 100 21 206 219 32 53 141 206 102 206 154 142 87 47]
cmHR: H: 6 R: 0
INFO [11-06|02:56:15] --------------------------------------- 
INFO [11-06|02:56:15] addVote to                               height=6 round=0 from=0x7d577a597b2742b498cb5cf0c26cdcd726d39e6e success=true cm.coinbase=0x598443f1880ef585b21f1d7585bd0577402861e5
INFO [11-06|02:56:15] ------in handle VoteMsg, success!------ 
INFO [11-06|02:56:15] Handle BFT Msg,                          msg="msg #17 (107 bytes)"
INFO [11-06|02:56:15] ------Received VoteMsg------ 
voteHR: H: 6 R: 0 voteType:: 1 voteHash: [132 167 37 218 99 228 51 37 101 147 91 71 91 91 29 115 17 33 100 21 206 219 32 53 141 206 102 206 154 142 87 47]
cmHR: H: 6 R: 0
INFO [11-06|02:56:15] --------------------------------------- 
INFO [11-06|02:56:15] addVote to                               height=6 round=0 from=0x82a978b3f5962a5b0957d9ee9eef472ee55b42f1 success=true cm.coinbase=0x598443f1880ef585b21f1d7585bd0577402861e5
INFO [11-06|02:56:15] ------in handle VoteMsg, success!------ 
INFO [11-06|02:56:15] Handle BFT Msg,                          msg="msg #17 (107 bytes)"
INFO [11-06|02:56:15] ------Received VoteMsg------ 
voteHR: H: 6 R: 0 voteType:: 1 voteHash: [132 167 37 218 99 228 51 37 101 147 91 71 91 91 29 115 17 33 100 21 206 219 32 53 141 206 102 206 154 142 87 47]
cmHR: H: 6 R: 0
INFO [11-06|02:56:15] --------------------------------------- 
INFO [11-06|02:56:15] addVote to                               height=6 round=0 from=0xdceceaf3fc5c0a63d195d69b1a90011b7b19650d success=true cm.coinbase=0x598443f1880ef585b21f1d7585bd0577402861e5
INFO [11-06|02:56:15] ------in handle VoteMsg, success!------ 
INFO [11-06|02:56:15] received NewBlockMsg! 
INFO [11-06|02:56:15] ***in BFT.VVVVerifyHeader*** 
INFO [11-06|02:56:15] ***in BFT.verifyHeader*** 
INFO [11-06|02:56:15] ***in BFT.verifySeal*** 
INFO [11-06|02:56:15] In verifyVotes 
INFO [11-06|02:56:15] ***in sync.request()*** 
INFO [11-06|02:56:15] Handle BFT Msg,                          msg="msg #10 (328 bytes)"
INFO [11-06|02:56:15] -------Received LocksetMsg------- 
lockset: &{<nil> 0 0 0 4 [0xc427b6e060 0xc427b6e0c0 0xc427b6e120] false}
INFO [11-06|02:56:15] in HasQuorum 
INFO [11-06|02:56:15] In IsValid() 
len(lockset.Votes): 3 lockset.EligibleVotesNum: 4
INFO [11-06|02:56:15] ---storeLockset--- 
INFO [11-06|02:56:15] received NewBlockMsg! 
INFO [11-06|02:56:15] received NewBlockMsg! 
INFO [11-06|02:56:16] In verifyVotes 
INFO [11-06|02:56:16] in HasQuorum 
INFO [11-06|02:56:16] In IsValid() 
len(lockset.Votes): 3 lockset.EligibleVotesNum: 4
INFO [11-06|02:56:16] ***in BFT.VerifyHeaderSSSS*** 
INFO [11-06|02:56:16] ***in BFT.verifyHeader*** 
INFO [11-06|02:56:16] ***in BFT.verifySeal*** 
INFO [11-06|02:56:16] In verifyVotes 
INFO [11-06|02:56:16] in HasQuorum 
INFO [11-06|02:56:16] In IsValid() 
len(lockset.Votes): 3 lockset.EligibleVotesNum: 4
INFO [11-06|02:56:16] Commit new mining work                   number=6 txs=1602 uncles=0 elapsed=2.062s
INFO [11-06|02:56:16] Sealing                                  block n=6
StartConsensus, 1541444176425465000
INFO [11-06|02:56:16] Start Process 
INFO [11-06|02:56:16] in cm.Process, check lastCommittingLockset() 
INFO [11-06|02:56:16] In IsValid() 
len(lockset.Votes): 4 lockset.EligibleVotesNum: 4
INFO [11-06|02:56:16] in HasQuorum 
INFO [11-06|02:56:16] In IsValid() 
len(lockset.Votes): 4 lockset.EligibleVotesNum: 4
=====CM.COINBASE IS:===== [89 132 67 241 136 14 245 133 178 31 29 117 133 189 5 119 64 40 97 229] block number is: 6
INFO [11-06|02:56:16] case: default, cm.process 
ready: 4 need: 2.6666667
INFO [11-06|02:56:16] ---------------process------------------ 
INFO [11-06|02:56:16] In RM Process                            height=6 round=0
INFO [11-06|02:56:16] --------In rm.propose------- 
INFO [11-06|02:56:16] ---------------in rm.vote----------------- 
INFO [11-06|02:56:16] in vote in RM                            height=6 round=0
INFO [11-06|02:56:16] vote mp 
INFO [11-06|02:56:16] vote success in                          height=6 round=0
INFO [11-06|02:56:16] Send VoteMsg 
INFO [11-06|02:56:16] in rm.process, check lockset HasQuorum 
INFO [11-06|02:56:16] in HasQuorum 
INFO [11-06|02:56:16] In IsValid() 
len(lockset.Votes): 4 lockset.EligibleVotesNum: 4
INFO [11-06|02:56:16] There is a quorum                        height=6 round=0
--- in rm.process p.id: --- Peer 94dd98401cf6ca04 [eth/63]
INFO [11-06|02:56:16] ============in cm.commitLockset============ 
INFO [11-06|02:56:16] in commitLockset, check ls HasQuorum 
INFO [11-06|02:56:16] in HasQuorum 
INFO [11-06|02:56:16] In IsValid() 
len(lockset.Votes): 4 lockset.EligibleVotesNum: 4
INFO [11-06|02:56:16] cm.found is not nil 
INFO [11-06|02:56:16] store lockset 
peerid: 94dd98401cf6ca04
INFO [11-06|02:56:16] have a consensus on the block 
cmH 6
INFO [11-06|02:56:16] result.Header().Coinbase != b.signer 
INFO [11-06|02:56:16] ---storeLockset--- 
result.Header().Coinbase: [220 236 234 243 252 92 10 99 209 149 214 155 26 144 1 27 123 25 101 13] b.signer: [89 132 67 241 136 14 245 133 178 31 29 117 133 189 5 119 64 40 97 229]
ConsensusTime, 2578261 , txs, 1602 , blockNum, 6
INFO [11-06|02:56:16] in validatorCommit1 
FinishedConsensus, 1541444176428065000
INFO [11-06|02:56:16] result is nil 
pid: 94dd98401cf6ca04
INFO [11-06|02:56:16] === Finished Mine() === 
block number 6
-------in NewBFTValidatorBlock-------
INFO [11-06|02:56:16] in validatorCommit2 
validatorCommit time: 197.014µs
INFO [11-06|02:56:16] **in eth.handler**, get result from ch 
INFO [11-06|02:56:16] after cm.process() 
INFO [11-06|02:56:17] Imported new chain segment               blocks=1 txs=1602 mgas=33.642 elapsed=1.489s    mgasps=22.583 number=6 hash=84a725…8e572f
FinishedPostExec, 1541444177592821000 , txs, 1602
PostExecTime, 1.489717386s
INFO [11-06|02:56:17] in pool.evenLoop, call pool.resetState 
INFO [11-06|02:56:19] Commit new mining work                   number=7 txs=1603 uncles=0 elapsed=1.844s
INFO [11-06|02:56:19] Sealing                                  block n=7
StartConsensus, 1541444179437872000
INFO [11-06|02:56:19] Start Process 
INFO [11-06|02:56:19] in cm.Process, check lastCommittingLockset() 
INFO [11-06|02:56:19] In IsValid() 
len(lockset.Votes): 4 lockset.EligibleVotesNum: 4
INFO [11-06|02:56:19] in HasQuorum 
INFO [11-06|02:56:19] In IsValid() 
len(lockset.Votes): 4 lockset.EligibleVotesNum: 4
=====CM.COINBASE IS:===== [89 132 67 241 136 14 245 133 178 31 29 117 133 189 5 119 64 40 97 229] block number is: 7
INFO [11-06|02:56:19] case: default, cm.process 
ready: 4 need: 2.6666667
INFO [11-06|02:56:19] ---------------process------------------ 
INFO [11-06|02:56:19] In RM Process                            height=7 round=0
INFO [11-06|02:56:19] --------In rm.propose------- 
INFO [11-06|02:56:19] I am a proposer in                       height=7 round=0
INFO [11-06|02:56:19] in propose, check lastRoundLockset 
lastRoundLockset, hm.activeround: 0
INFO [11-06|02:56:19] ------in mkProposal------ 
INFO [11-06|02:56:19] In IsValid() 
len(lockset.Votes): 4 lockset.EligibleVotesNum: 4
INFO [11-06|02:56:19] in HasQuorum 
INFO [11-06|02:56:19] In IsValid() 
len(lockset.Votes): 4 lockset.EligibleVotesNum: 4
INFO [11-06|02:56:19] LockSet(R-1) is nil (rm.round should equal to zero) 
INFO [11-06|02:56:19] in HasQuorum 
INFO [11-06|02:56:19] In IsValid() 
len(lockset.Votes): 4 lockset.EligibleVotesNum: 4
INFO [11-06|02:56:19] in HasQuorum 
INFO [11-06|02:56:19] In IsValid() 
len(lockset.Votes): 4 lockset.EligibleVotesNum: 4
Create block blockhash :  [167 48 124 224 245 19 212 117 210 41 138 215 159 201 170 11 113 250 39 119 249 128 247 63 38 172 14 170 118 244 83 246]
INFO [11-06|02:56:19] In addBlockCandidates!! 
INFO [11-06|02:56:19] Send NewBlockProposalMsg:                LOG15_ERROR=                                                   LOG15_ERROR="Normalized odd number of arguments by adding nil"
INFO [11-06|02:56:19] ---------------in rm.vote----------------- 
INFO [11-06|02:56:19] in vote in RM                            height=7 round=0
INFO [11-06|02:56:19] Timeout time not reach, curr vs timeout: curr=1541444179.000 timeout=1541444184.000
INFO [11-06|02:56:19] in rm.process, check lockset HasQuorum 
INFO [11-06|02:56:19] in HasQuorum 
INFO [11-06|02:56:19] In IsValid() 
len(lockset.Votes): 0 lockset.EligibleVotesNum: 4
INFO [11-06|02:56:19] rm lockset is not valid yet 
INFO [11-06|02:56:19] after cm.process() 
INFO [11-06|02:56:19] Handle BFT Msg,                          msg="msg #18 (662 bytes)"
INFO [11-06|02:56:19] ------Received MsigProposalMsg------ 
mpHR: H: 7 R: 0 hash: [167 48 124 224 245 19 212 117 210 41 138 215 159 201 170 11 113 250 39 119 249 128 247 63 38 172 14 170 118 244 83 246]
cmHR: H: 7 R: 0
INFO [11-06|02:56:19] --------------------------------------- 
H====:  7 P==== 0
INFO [11-06|02:56:19] In addMsig I am leader 
mp= &{<nil> 27 71813197734884680251944365541811571403260362949818512075497728868592788891080 18082650992461008934559200312691635595743212908813658796405649963084903667227 0xc42569fc20 7 0 [167 48 124 224 245 19 212 117 210 41 138 215 159 201 170 11 113 250 39 119 249 128 247 63 38 172 14 170 118 244 83 246] 0xc4291120f0 0xc429112140}
INFO [11-06|02:56:19] in bfthandler Send MsigProposalMsg 
INFO [11-06|02:56:19] Sending MsigProposalMsg 
INFO [11-06|02:56:19] Sending MsigProposalMsg 
INFO [11-06|02:56:19] Sending MsigProposalMsg 
INFO [11-06|02:56:19] ------addmsigproposal success!------- 
INFO [11-06|02:56:19] Handle BFT Msg,                          msg="msg #17 (107 bytes)"
INFO [11-06|02:56:19] ------Received VoteMsg------ 
voteHR: H: 7 R: 0 voteType:: 1 voteHash: [167 48 124 224 245 19 212 117 210 41 138 215 159 201 170 11 113 250 39 119 249 128 247 63 38 172 14 170 118 244 83 246]
cmHR: H: 7 R: 0
INFO [11-06|02:56:19] --------------------------------------- 
INFO [11-06|02:56:19] addVote to                               height=7 round=0 from=0x82a978b3f5962a5b0957d9ee9eef472ee55b42f1 success=true cm.coinbase=0x598443f1880ef585b21f1d7585bd0577402861e5
INFO [11-06|02:56:19] ------in handle VoteMsg, success!------ 
INFO [11-06|02:56:19] Handle BFT Msg,                          msg="msg #17 (107 bytes)"
INFO [11-06|02:56:19] ------Received VoteMsg------ 
voteHR: H: 7 R: 0 voteType:: 1 voteHash: [167 48 124 224 245 19 212 117 210 41 138 215 159 201 170 11 113 250 39 119 249 128 247 63 38 172 14 170 118 244 83 246]
cmHR: H: 7 R: 0
INFO [11-06|02:56:19] --------------------------------------- 
INFO [11-06|02:56:19] addVote to                               height=7 round=0 from=0x7d577a597b2742b498cb5cf0c26cdcd726d39e6e success=true cm.coinbase=0x598443f1880ef585b21f1d7585bd0577402861e5
INFO [11-06|02:56:19] ------in handle VoteMsg, success!------ 
INFO [11-06|02:56:19] Handle BFT Msg,                          msg="msg #17 (107 bytes)"
INFO [11-06|02:56:19] ------Received VoteMsg------ 
voteHR: H: 7 R: 0 voteType:: 1 voteHash: [167 48 124 224 245 19 212 117 210 41 138 215 159 201 170 11 113 250 39 119 249 128 247 63 38 172 14 170 118 244 83 246]
cmHR: H: 7 R: 0
INFO [11-06|02:56:19] --------------------------------------- 
INFO [11-06|02:56:19] addVote to                               height=7 round=0 from=0xdceceaf3fc5c0a63d195d69b1a90011b7b19650d success=true cm.coinbase=0x598443f1880ef585b21f1d7585bd0577402861e5
INFO [11-06|02:56:19] ------in handle VoteMsg, success!------ 
INFO [11-06|02:56:19] case: default, cm.process 
ready: 4 need: 2.6666667
INFO [11-06|02:56:19] ---------------process------------------ 
INFO [11-06|02:56:19] In RM Process                            height=7 round=0
INFO [11-06|02:56:19] --------In rm.propose------- 
INFO [11-06|02:56:19] I am a proposer in                       height=7 round=0
INFO [11-06|02:56:19] ---------------in rm.vote----------------- 
INFO [11-06|02:56:19] in vote in RM                            height=7 round=0
INFO [11-06|02:56:19] vote mp 
INFO [11-06|02:56:19] vote success in                          height=7 round=0
INFO [11-06|02:56:19] Send VoteMsg 
INFO [11-06|02:56:19] in rm.process, check lockset HasQuorum 
INFO [11-06|02:56:19] in HasQuorum 
INFO [11-06|02:56:19] In IsValid() 
len(lockset.Votes): 4 lockset.EligibleVotesNum: 4
INFO [11-06|02:56:19] There is a quorum                        height=7 round=0
INFO [11-06|02:56:19] ============in cm.commitLockset============ 
INFO [11-06|02:56:19] in commitLockset, check ls HasQuorum 
INFO [11-06|02:56:19] in HasQuorum 
INFO [11-06|02:56:19] In IsValid() 
len(lockset.Votes): 4 lockset.EligibleVotesNum: 4
INFO [11-06|02:56:19] cm.found is not nil 
INFO [11-06|02:56:19] store lockset 
INFO [11-06|02:56:19] ---storeLockset--- 
INFO [11-06|02:56:19] after cm.process() 
INFO [11-06|02:56:19] have a consensus on the block 
ConsensusTime, 142451445 , txs, 1603 , blockNum, 7
FinishedConsensus, 1541444179580310000
INFO [11-06|02:56:19] Successfully sealed new block            number=7 hash=a7307c…f453f6
INFO [11-06|02:56:19] === Finished Mine() === 
INFO [11-06|02:56:19] 🔨 mined potential block                  number=7 hash=a7307c…f453f6
INFO [11-06|02:56:19] in pool.evenLoop, call pool.resetState 
INFO [11-06|02:56:22] Commit new mining work                   number=8 txs=1603 uncles=0 elapsed=2.413s
INFO [11-06|02:56:22] Sealing                                  block n=8
StartConsensus, 1541444182028811000
INFO [11-06|02:56:22] Start Process 
INFO [11-06|02:56:22] in cm.Process, check lastCommittingLockset() 
INFO [11-06|02:56:22] In IsValid() 
len(lockset.Votes): 4 lockset.EligibleVotesNum: 4
INFO [11-06|02:56:22] in HasQuorum 
INFO [11-06|02:56:22] In IsValid() 
len(lockset.Votes): 4 lockset.EligibleVotesNum: 4
=====CM.COINBASE IS:===== [89 132 67 241 136 14 245 133 178 31 29 117 133 189 5 119 64 40 97 229] block number is: 8
INFO [11-06|02:56:22] case: default, cm.process 
ready: 4 need: 2.6666667
INFO [11-06|02:56:22] ---------------process------------------ 
INFO [11-06|02:56:22] In RM Process                            height=8 round=0
INFO [11-06|02:56:22] --------In rm.propose------- 
INFO [11-06|02:56:22] ---------------in rm.vote----------------- 
INFO [11-06|02:56:22] in vote in RM                            height=8 round=0
INFO [11-06|02:56:22] Timeout time not reach, curr vs timeout: curr=1541444182.000 timeout=1541444187.000
INFO [11-06|02:56:22] in rm.process, check lockset HasQuorum 
INFO [11-06|02:56:22] in HasQuorum 
INFO [11-06|02:56:22] In IsValid() 
len(lockset.Votes): 0 lockset.EligibleVotesNum: 4
INFO [11-06|02:56:22] rm lockset is not valid yet 
INFO [11-06|02:56:22] after cm.process() 
INFO [11-06|02:56:22] case: default, cm.process 
ready: 4 need: 2.6666667
INFO [11-06|02:56:22] ---------------process------------------ 
INFO [11-06|02:56:22] In RM Process                            height=8 round=0
INFO [11-06|02:56:22] --------In rm.propose------- 
INFO [11-06|02:56:22] ---------------in rm.vote----------------- 
INFO [11-06|02:56:22] in vote in RM                            height=8 round=0
INFO [11-06|02:56:22] Timeout time not reach, curr vs timeout: curr=1541444182.000 timeout=1541444187.000
INFO [11-06|02:56:22] in rm.process, check lockset HasQuorum 
INFO [11-06|02:56:22] in HasQuorum 
INFO [11-06|02:56:22] In IsValid() 
len(lockset.Votes): 0 lockset.EligibleVotesNum: 4
INFO [11-06|02:56:22] rm lockset is not valid yet 
INFO [11-06|02:56:22] after cm.process() 
INFO [11-06|02:56:22] case: default, cm.process 
ready: 4 need: 2.6666667
INFO [11-06|02:56:22] ---------------process------------------ 
INFO [11-06|02:56:22] In RM Process                            height=8 round=0
INFO [11-06|02:56:22] --------In rm.propose------- 
INFO [11-06|02:56:22] ---------------in rm.vote----------------- 
INFO [11-06|02:56:22] in vote in RM                            height=8 round=0
INFO [11-06|02:56:22] Timeout time not reach, curr vs timeout: curr=1541444182.000 timeout=1541444187.000
INFO [11-06|02:56:22] in rm.process, check lockset HasQuorum 
INFO [11-06|02:56:22] in HasQuorum 
INFO [11-06|02:56:22] In IsValid() 
len(lockset.Votes): 0 lockset.EligibleVotesNum: 4
INFO [11-06|02:56:22] rm lockset is not valid yet 
INFO [11-06|02:56:22] after cm.process() 
INFO [11-06|02:56:22] case: default, cm.process 
ready: 4 need: 2.6666667
INFO [11-06|02:56:22] ---------------process------------------ 
INFO [11-06|02:56:22] In RM Process                            height=8 round=0
INFO [11-06|02:56:22] --------In rm.propose------- 
INFO [11-06|02:56:22] ---------------in rm.vote----------------- 
INFO [11-06|02:56:22] in vote in RM                            height=8 round=0
INFO [11-06|02:56:22] Timeout time not reach, curr vs timeout: curr=1541444182.000 timeout=1541444187.000
INFO [11-06|02:56:22] in rm.process, check lockset HasQuorum 
INFO [11-06|02:56:22] in HasQuorum 
INFO [11-06|02:56:22] In IsValid() 
len(lockset.Votes): 0 lockset.EligibleVotesNum: 4
INFO [11-06|02:56:22] rm lockset is not valid yet 
INFO [11-06|02:56:22] after cm.process() 
INFO [11-06|02:56:22] case: default, cm.process 
ready: 4 need: 2.6666667
INFO [11-06|02:56:22] ---------------process------------------ 
INFO [11-06|02:56:22] In RM Process                            height=8 round=0
INFO [11-06|02:56:22] --------In rm.propose------- 
INFO [11-06|02:56:22] ---------------in rm.vote----------------- 
INFO [11-06|02:56:22] in vote in RM                            height=8 round=0
INFO [11-06|02:56:22] Timeout time not reach, curr vs timeout: curr=1541444182.000 timeout=1541444187.000
INFO [11-06|02:56:22] in rm.process, check lockset HasQuorum 
INFO [11-06|02:56:22] in HasQuorum 
INFO [11-06|02:56:22] In IsValid() 
len(lockset.Votes): 0 lockset.EligibleVotesNum: 4
INFO [11-06|02:56:22] rm lockset is not valid yet 
INFO [11-06|02:56:22] after cm.process() 
INFO [11-06|02:56:22] case: default, cm.process 
ready: 4 need: 2.6666667
INFO [11-06|02:56:22] ---------------process------------------ 
INFO [11-06|02:56:22] In RM Process                            height=8 round=0
INFO [11-06|02:56:22] --------In rm.propose------- 
INFO [11-06|02:56:22] ---------------in rm.vote----------------- 
INFO [11-06|02:56:22] in vote in RM                            height=8 round=0
INFO [11-06|02:56:22] Timeout time not reach, curr vs timeout: curr=1541444182.000 timeout=1541444187.000
INFO [11-06|02:56:22] in rm.process, check lockset HasQuorum 
INFO [11-06|02:56:22] in HasQuorum 
INFO [11-06|02:56:22] In IsValid() 
len(lockset.Votes): 0 lockset.EligibleVotesNum: 4
INFO [11-06|02:56:22] rm lockset is not valid yet 
INFO [11-06|02:56:22] after cm.process() 
INFO [11-06|02:56:22] case: default, cm.process 
ready: 4 need: 2.6666667
INFO [11-06|02:56:22] ---------------process------------------ 
INFO [11-06|02:56:22] In RM Process                            height=8 round=0
INFO [11-06|02:56:22] --------In rm.propose------- 
INFO [11-06|02:56:22] ---------------in rm.vote----------------- 
INFO [11-06|02:56:22] in vote in RM                            height=8 round=0
INFO [11-06|02:56:22] Timeout time not reach, curr vs timeout: curr=1541444182.000 timeout=1541444187.000
INFO [11-06|02:56:22] in rm.process, check lockset HasQuorum 
INFO [11-06|02:56:22] in HasQuorum 
INFO [11-06|02:56:22] In IsValid() 
len(lockset.Votes): 0 lockset.EligibleVotesNum: 4
INFO [11-06|02:56:22] rm lockset is not valid yet 
INFO [11-06|02:56:22] after cm.process() 
INFO [11-06|02:56:22] case: default, cm.process 
ready: 4 need: 2.6666667
INFO [11-06|02:56:22] ---------------process------------------ 
INFO [11-06|02:56:22] In RM Process                            height=8 round=0
INFO [11-06|02:56:22] --------In rm.propose------- 
INFO [11-06|02:56:22] ---------------in rm.vote----------------- 
INFO [11-06|02:56:22] in vote in RM                            height=8 round=0
INFO [11-06|02:56:22] Timeout time not reach, curr vs timeout: curr=1541444182.000 timeout=1541444187.000
INFO [11-06|02:56:22] in rm.process, check lockset HasQuorum 
INFO [11-06|02:56:22] in HasQuorum 
INFO [11-06|02:56:22] In IsValid() 
len(lockset.Votes): 0 lockset.EligibleVotesNum: 4
INFO [11-06|02:56:22] rm lockset is not valid yet 
INFO [11-06|02:56:22] after cm.process() 
INFO [11-06|02:56:22] case: default, cm.process 
ready: 4 need: 2.6666667
INFO [11-06|02:56:22] ---------------process------------------ 
INFO [11-06|02:56:22] In RM Process                            height=8 round=0
INFO [11-06|02:56:22] --------In rm.propose------- 
INFO [11-06|02:56:22] ---------------in rm.vote----------------- 
INFO [11-06|02:56:22] in vote in RM                            height=8 round=0
INFO [11-06|02:56:22] Timeout time not reach, curr vs timeout: curr=1541444182.000 timeout=1541444187.000
INFO [11-06|02:56:22] in rm.process, check lockset HasQuorum 
INFO [11-06|02:56:22] in HasQuorum 
INFO [11-06|02:56:22] In IsValid() 
len(lockset.Votes): 0 lockset.EligibleVotesNum: 4
INFO [11-06|02:56:22] rm lockset is not valid yet 
INFO [11-06|02:56:22] after cm.process() 
INFO [11-06|02:56:22] case: default, cm.process 
ready: 4 need: 2.6666667
INFO [11-06|02:56:22] ---------------process------------------ 
INFO [11-06|02:56:22] In RM Process                            height=8 round=0
INFO [11-06|02:56:22] --------In rm.propose------- 
INFO [11-06|02:56:22] ---------------in rm.vote----------------- 
INFO [11-06|02:56:22] in vote in RM                            height=8 round=0
INFO [11-06|02:56:22] Timeout time not reach, curr vs timeout: curr=1541444182.000 timeout=1541444187.000
INFO [11-06|02:56:22] in rm.process, check lockset HasQuorum 
INFO [11-06|02:56:22] in HasQuorum 
INFO [11-06|02:56:22] In IsValid() 
len(lockset.Votes): 0 lockset.EligibleVotesNum: 4
INFO [11-06|02:56:22] rm lockset is not valid yet 
INFO [11-06|02:56:22] after cm.process() 
INFO [11-06|02:56:23] Handle BFT Msg,                          msg="msg #11 (174160 bytes)"
INFO [11-06|02:56:23] -------Received NewBlockProposalMsg------- 
bpHR: H: 8 R: 0
cmHR: H: 8 R: 0
INFO [11-06|02:56:23] --------------------------------------- 
# collMsig from = Peer d67104e65b61fca1 [eth/63]
cmHR: H: 8 R: 0
this is rm.proposerPeer  Peer d67104e65b61fca1 [eth/63]
INFO [11-06|02:56:23] In IsValid() 
len(lockset.Votes): 0 lockset.EligibleVotesNum: 0
INFO [11-06|02:56:23] cm add BlockProposal                     h=8 r=0
INFO [11-06|02:56:23] in HasQuorum 
INFO [11-06|02:56:23] In IsValid() 
len(lockset.Votes): 4 lockset.EligibleVotesNum: 4
INFO [11-06|02:56:23] In addBlockCandidates!! 
INFO [11-06|02:56:23] -------in handle NewBlockProposalMsg, success!------- 
INFO [11-06|02:56:23] case: default, cm.process 
ready: 4 need: 2.6666667
INFO [11-06|02:56:23] ---------------process------------------ 
INFO [11-06|02:56:23] In RM Process                            height=8 round=0
INFO [11-06|02:56:23] --------In rm.propose------- 
INFO [11-06|02:56:23] ---------------in rm.vote----------------- 
INFO [11-06|02:56:23] in vote in RM                            height=8 round=0
INFO [11-06|02:56:23] Timeout time not reach, curr vs timeout: curr=1541444183.000 timeout=1541444187.000
INFO [11-06|02:56:23] in rm.process, check lockset HasQuorum 
INFO [11-06|02:56:23] in HasQuorum 
INFO [11-06|02:56:23] In IsValid() 
len(lockset.Votes): 0 lockset.EligibleVotesNum: 4
INFO [11-06|02:56:23] rm lockset is not valid yet 
INFO [11-06|02:56:23] after cm.process() 
INFO [11-06|02:56:23] Handle BFT Msg,                          msg="msg #18 (662 bytes)"
INFO [11-06|02:56:23] ------Received MsigProposalMsg------ 
mpHR: H: 8 R: 0 hash: [202 176 204 215 138 129 41 45 248 254 51 37 62 39 191 180 253 23 86 244 168 78 88 73 87 168 34 18 109 95 110 232]
cmHR: H: 8 R: 0
INFO [11-06|02:56:23] --------------------------------------- 
H====:  8 P==== 0
INFO [11-06|02:56:23] ------addmsigproposal success!------- 
INFO [11-06|02:56:23] Handle BFT Msg,                          msg="msg #17 (107 bytes)"
INFO [11-06|02:56:23] ------Received VoteMsg------ 
voteHR: H: 8 R: 0 voteType:: 1 voteHash: [202 176 204 215 138 129 41 45 248 254 51 37 62 39 191 180 253 23 86 244 168 78 88 73 87 168 34 18 109 95 110 232]
cmHR: H: 8 R: 0
INFO [11-06|02:56:23] --------------------------------------- 
INFO [11-06|02:56:23] addVote to                               height=8 round=0 from=0xdceceaf3fc5c0a63d195d69b1a90011b7b19650d success=true cm.coinbase=0x598443f1880ef585b21f1d7585bd0577402861e5
INFO [11-06|02:56:23] ------in handle VoteMsg, success!------ 
INFO [11-06|02:56:23] Handle BFT Msg,                          msg="msg #17 (107 bytes)"
INFO [11-06|02:56:23] ------Received VoteMsg------ 
voteHR: H: 8 R: 0 voteType:: 1 voteHash: [202 176 204 215 138 129 41 45 248 254 51 37 62 39 191 180 253 23 86 244 168 78 88 73 87 168 34 18 109 95 110 232]
cmHR: H: 8 R: 0
INFO [11-06|02:56:23] --------------------------------------- 
INFO [11-06|02:56:23] addVote to                               height=8 round=0 from=0x7d577a597b2742b498cb5cf0c26cdcd726d39e6e success=true cm.coinbase=0x598443f1880ef585b21f1d7585bd0577402861e5
INFO [11-06|02:56:23] ------in handle VoteMsg, success!------ 
INFO [11-06|02:56:23] case: default, cm.process 
ready: 4 need: 2.6666667
INFO [11-06|02:56:23] ---------------process------------------ 
INFO [11-06|02:56:23] In RM Process                            height=8 round=0
INFO [11-06|02:56:23] --------In rm.propose------- 
INFO [11-06|02:56:23] ---------------in rm.vote----------------- 
INFO [11-06|02:56:23] in vote in RM                            height=8 round=0
INFO [11-06|02:56:23] vote mp 
INFO [11-06|02:56:23] vote success in                          height=8 round=0
INFO [11-06|02:56:23] Send VoteMsg 
INFO [11-06|02:56:23] in rm.process, check lockset HasQuorum 
INFO [11-06|02:56:23] in HasQuorum 
INFO [11-06|02:56:23] In IsValid() 
len(lockset.Votes): 3 lockset.EligibleVotesNum: 4
INFO [11-06|02:56:23] There is a quorum                        height=8 round=0
--- in rm.process p.id: --- Peer d67104e65b61fca1 [eth/63]
INFO [11-06|02:56:23] ============in cm.commitLockset============ 
INFO [11-06|02:56:23] in commitLockset, check ls HasQuorum 
INFO [11-06|02:56:23] in HasQuorum 
INFO [11-06|02:56:23] In IsValid() 
len(lockset.Votes): 3 lockset.EligibleVotesNum: 4
INFO [11-06|02:56:23] cm.found is not nil 
INFO [11-06|02:56:23] store lockset 
peerid: d67104e65b61fca1
INFO [11-06|02:56:23] have a consensus on the block 
INFO [11-06|02:56:23] ---storeLockset--- 
cmH 8
INFO [11-06|02:56:23] in validatorCommit1 
pid: d67104e65b61fca1
block number 8
-------in NewBFTValidatorBlock-------
INFO [11-06|02:56:23] result.Header().Coinbase != b.signer 
result.Header().Coinbase: [130 169 120 179 245 150 42 91 9 87 217 238 158 239 71 46 229 91 66 241] b.signer: [89 132 67 241 136 14 245 133 178 31 29 117 133 189 5 119 64 40 97 229]
INFO [11-06|02:56:23] in validatorCommit2 
ConsensusTime, 1146355238 , txs, 1603 , blockNum, 8
FinishedConsensus, 1541444183175342000
INFO [11-06|02:56:23] **in eth.handler**, get result from ch 
validatorCommit time: 158.688µs
INFO [11-06|02:56:23] result is nil 
INFO [11-06|02:56:23] after cm.process() 
INFO [11-06|02:56:23] === Finished Mine() === 
INFO [11-06|02:56:23] ***in BFT.VVVVerifyHeader*** 
INFO [11-06|02:56:23] ***in BFT.verifyHeader*** 
INFO [11-06|02:56:23] ***in BFT.verifySeal*** 
INFO [11-06|02:56:23] In verifyVotes 
INFO [11-06|02:56:23] in HasQuorum 
INFO [11-06|02:56:23] In IsValid() 
len(lockset.Votes): 3 lockset.EligibleVotesNum: 4
INFO [11-06|02:56:23] ***in BFT.VerifyHeaderSSSS*** 
INFO [11-06|02:56:23] ***in BFT.verifyHeader*** 
INFO [11-06|02:56:23] ***in BFT.verifySeal*** 
INFO [11-06|02:56:23] In verifyVotes 
INFO [11-06|02:56:23] in HasQuorum 
INFO [11-06|02:56:23] In IsValid() 
len(lockset.Votes): 3 lockset.EligibleVotesNum: 4
INFO [11-06|02:56:23] Handle BFT Msg,                          msg="msg #17 (107 bytes)"
INFO [11-06|02:56:23] ------Received VoteMsg------ 
voteHR: H: 8 R: 0 voteType:: 1 voteHash: [202 176 204 215 138 129 41 45 248 254 51 37 62 39 191 180 253 23 86 244 168 78 88 73 87 168 34 18 109 95 110 232]
cmHR: H: 8 R: 0
INFO [11-06|02:56:23] --------------------------------------- 
INFO [11-06|02:56:23] addVote to                               height=8 round=0 from=0x82a978b3f5962a5b0957d9ee9eef472ee55b42f1 success=true cm.coinbase=0x598443f1880ef585b21f1d7585bd0577402861e5
INFO [11-06|02:56:23] ------in handle VoteMsg, success!------ 
INFO [11-06|02:56:23] received NewBlockMsg! 
INFO [11-06|02:56:24] Imported new chain segment               blocks=1 txs=1603 mgas=33.663 elapsed=1.037s    mgasps=32.437 number=8 hash=cab0cc…5f6ee8
FinishedPostExec, 1541444184213617000 , txs, 1603
PostExecTime, 1.037799388s
INFO [11-06|02:56:24] in pool.evenLoop, call pool.resetState 
INFO [11-06|02:56:26] Commit new mining work                   number=9 txs=1604 uncles=0 elapsed=1.836s
INFO [11-06|02:56:26] 🔗 block reached canonical chain          number=3 hash=9b7d00…0f2b2c
INFO [11-06|02:56:26] Sealing                                  block n=9
StartConsensus, 1541444186050560000
INFO [11-06|02:56:26] Start Process 
INFO [11-06|02:56:26] in cm.Process, check lastCommittingLockset() 
INFO [11-06|02:56:26] In IsValid() 
len(lockset.Votes): 4 lockset.EligibleVotesNum: 4
INFO [11-06|02:56:26] in HasQuorum 
INFO [11-06|02:56:26] In IsValid() 
len(lockset.Votes): 4 lockset.EligibleVotesNum: 4
=====CM.COINBASE IS:===== [89 132 67 241 136 14 245 133 178 31 29 117 133 189 5 119 64 40 97 229] block number is: 9
INFO [11-06|02:56:26] case: default, cm.process 
ready: 4 need: 2.6666667
INFO [11-06|02:56:26] ---------------process------------------ 
INFO [11-06|02:56:26] In RM Process                            height=9 round=0
INFO [11-06|02:56:26] --------In rm.propose------- 
INFO [11-06|02:56:26] ---------------in rm.vote----------------- 
INFO [11-06|02:56:26] in vote in RM                            height=9 round=0
INFO [11-06|02:56:26] Timeout time not reach, curr vs timeout: curr=1541444186.000 timeout=1541444191.000
INFO [11-06|02:56:26] in rm.process, check lockset HasQuorum 
INFO [11-06|02:56:26] in HasQuorum 
INFO [11-06|02:56:26] In IsValid() 
len(lockset.Votes): 0 lockset.EligibleVotesNum: 4
INFO [11-06|02:56:26] rm lockset is not valid yet 
INFO [11-06|02:56:26] after cm.process() 
INFO [11-06|02:56:26] case: default, cm.process 
ready: 4 need: 2.6666667
INFO [11-06|02:56:26] ---------------process------------------ 
INFO [11-06|02:56:26] In RM Process                            height=9 round=0
INFO [11-06|02:56:26] --------In rm.propose------- 
INFO [11-06|02:56:26] ---------------in rm.vote----------------- 
INFO [11-06|02:56:26] in vote in RM                            height=9 round=0
INFO [11-06|02:56:26] Timeout time not reach, curr vs timeout: curr=1541444186.000 timeout=1541444191.000
INFO [11-06|02:56:26] in rm.process, check lockset HasQuorum 
INFO [11-06|02:56:26] in HasQuorum 
INFO [11-06|02:56:26] In IsValid() 
len(lockset.Votes): 0 lockset.EligibleVotesNum: 4
INFO [11-06|02:56:26] rm lockset is not valid yet 
INFO [11-06|02:56:26] after cm.process() 
INFO [11-06|02:56:26] Handle BFT Msg,                          msg="msg #11 (174270 bytes)"
INFO [11-06|02:56:26] -------Received NewBlockProposalMsg------- 
bpHR: H: 9 R: 0
cmHR: H: 9 R: 0
INFO [11-06|02:56:26] --------------------------------------- 
# collMsig from = Peer 6d11b37ef4fc909a [eth/63]
cmHR: H: 9 R: 0
this is rm.proposerPeer  Peer 6d11b37ef4fc909a [eth/63]
INFO [11-06|02:56:26] In IsValid() 
len(lockset.Votes): 0 lockset.EligibleVotesNum: 0
INFO [11-06|02:56:26] cm add BlockProposal                     h=9 r=0
INFO [11-06|02:56:26] in HasQuorum 
INFO [11-06|02:56:26] In IsValid() 
len(lockset.Votes): 4 lockset.EligibleVotesNum: 4
INFO [11-06|02:56:26] In addBlockCandidates!! 
INFO [11-06|02:56:26] -------in handle NewBlockProposalMsg, success!------- 
INFO [11-06|02:56:26] Handle BFT Msg,                          msg="msg #18 (662 bytes)"
INFO [11-06|02:56:26] ------Received MsigProposalMsg------ 
mpHR: H: 9 R: 0 hash: [199 9 101 73 17 250 93 98 195 37 61 49 41 187 161 125 22 118 73 92 102 30 19 248 135 97 231 108 203 138 148 242]
cmHR: H: 9 R: 0
INFO [11-06|02:56:26] --------------------------------------- 
H====:  9 P==== 0
INFO [11-06|02:56:26] ------addmsigproposal success!------- 
INFO [11-06|02:56:26] case: default, cm.process 
ready: 4 need: 2.6666667
INFO [11-06|02:56:26] ---------------process------------------ 
INFO [11-06|02:56:26] In RM Process                            height=9 round=0
INFO [11-06|02:56:26] --------In rm.propose------- 
INFO [11-06|02:56:26] ---------------in rm.vote----------------- 
INFO [11-06|02:56:26] in vote in RM                            height=9 round=0
INFO [11-06|02:56:26] vote mp 
INFO [11-06|02:56:26] vote success in                          height=9 round=0
INFO [11-06|02:56:26] Send VoteMsg 
INFO [11-06|02:56:26] in rm.process, check lockset HasQuorum 
INFO [11-06|02:56:26] in HasQuorum 
INFO [11-06|02:56:26] In IsValid() 
len(lockset.Votes): 1 lockset.EligibleVotesNum: 4
INFO [11-06|02:56:26] rm lockset is not valid yet 
INFO [11-06|02:56:26] after cm.process() 
INFO [11-06|02:56:26] Handle BFT Msg,                          msg="msg #17 (107 bytes)"
INFO [11-06|02:56:26] ------Received VoteMsg------ 
voteHR: H: 9 R: 0 voteType:: 1 voteHash: [199 9 101 73 17 250 93 98 195 37 61 49 41 187 161 125 22 118 73 92 102 30 19 248 135 97 231 108 203 138 148 242]
cmHR: H: 9 R: 0
INFO [11-06|02:56:26] --------------------------------------- 
INFO [11-06|02:56:26] addVote to                               height=9 round=0 from=0xdceceaf3fc5c0a63d195d69b1a90011b7b19650d success=true cm.coinbase=0x598443f1880ef585b21f1d7585bd0577402861e5
INFO [11-06|02:56:26] ------in handle VoteMsg, success!------ 
INFO [11-06|02:56:26] Handle BFT Msg,                          msg="msg #17 (107 bytes)"
INFO [11-06|02:56:26] ------Received VoteMsg------ 
voteHR: H: 9 R: 0 voteType:: 1 voteHash: [199 9 101 73 17 250 93 98 195 37 61 49 41 187 161 125 22 118 73 92 102 30 19 248 135 97 231 108 203 138 148 242]
cmHR: H: 9 R: 0
INFO [11-06|02:56:26] --------------------------------------- 
INFO [11-06|02:56:26] addVote to                               height=9 round=0 from=0x7d577a597b2742b498cb5cf0c26cdcd726d39e6e success=true cm.coinbase=0x598443f1880ef585b21f1d7585bd0577402861e5
INFO [11-06|02:56:26] ------in handle VoteMsg, success!------ 
./node4.sh: line 16: 75511 Terminated: 15          ../build/bin/geth --networkid 2234 --port 30306 --rpcport 8548 --datadir "data/node4" --nodiscover --rpc --rpccorsdomain "*" --rpcapi "eth,net,web3,debug" --bft --allow-empty --num-validators 4 --node-num 3
