INFO [11-06|12:53:38] Starting peer-to-peer node               instance=Geth/v1.6.7-unstable-26bb12f0/darwin-amd64/go1.9.7
INFO [11-06|12:53:38] Allocated cache and file handles         database=/Users/sujianwei20/new_misgcode/go_ethereum_cosi/examples/data/node3/geth/chaindata cache=128 handles=1024
WARN [11-06|12:53:38] Upgrading chain database to use sequential keys 
INFO [11-06|12:53:38] Initialised chain configuration          config="{ChainID: 2235 Homestead: 1 DAO: <nil> DAOSupport: false EIP150: 2 EIP155: 3 EIP158: 3 Metropolis: <nil> Engine: ethash}"
INFO [11-06|12:53:38] config bft is                            bft=true
WARN [11-06|12:53:38] Upgrading db log bloom bins 
INFO [11-06|12:53:38] Bloom-bin upgrade completed              elapsed=224.814µs
INFO [11-06|12:53:38] Initialising Ethereum protocol           versions="[63 62]" network=2234
INFO [11-06|12:53:38] Loaded most recent local header          number=0 hash=6f3c1c…1bf138 td=1048576
INFO [11-06|12:53:38] Loaded most recent local full block      number=0 hash=6f3c1c…1bf138 td=1048576
INFO [11-06|12:53:38] Loaded most recent local fast block      number=0 hash=6f3c1c…1bf138 td=1048576
INFO [11-06|12:53:38] in NewTxPool, call resetState 
INFO [11-06|12:53:38] in NewTxPool, call pool.eventLoog() 
INFO [11-06|12:53:38] Allocated cache and file handles         database=/Users/sujianwei20/new_misgcode/go_ethereum_cosi/examples/data/node3/geth/bftData   cache=128 handles=1024
INFO [11-06|12:53:38] Database conversion successful 
INFO [11-06|12:53:38] addVote to                               height=0 round=0 from=0xdceceaf3fc5c0a63d195d69b1a90011b7b19650d success=true cm.coinbase=0xdceceaf3fc5c0a63d195d69b1a90011b7b19650d
INFO [11-06|12:53:38] Starting P2P networking 
ready: 1 need: 5.3333335
INFO [11-06|12:53:38] consensusManager not ready  
ready: 1 need: 5.3333335
INFO [11-06|12:53:38] RLPx listener up                         self="enode://94dd98401cf6ca0418580bb77ad0606a35ae8f442b22ab0f81011d8d2c78e70ff779c1d53d015640d79a13f0be99161ae3ff3adb60633ca03a7b542cbe116882@[::]:30305?discport=0"
INFO [11-06|12:53:38] HTTP endpoint opened: http://127.0.0.1:8547 
INFO [11-06|12:53:38] ---In BFTvalidatorCommitBlock--- 
INFO [11-06|12:53:38] IPC endpoint opened: /Users/sujianwei20/new_misgcode/go_ethereum_cosi/examples/data/node3/geth.ipc 
INFO [11-06|12:53:38] send Ready msg 
INFO [11-06|12:53:38] send Ready msg 
INFO [11-06|12:53:38] Handle BFT Msg,                          msg="msg #8 (78 bytes)"
INFO [11-06|12:53:38] ------Received ReadMsg------ 
INFO [11-06|12:53:38] Handle BFT Msg,                          msg="msg #8 (78 bytes)"
AddReady from: [220 236 234 243 252 92 10 99 209 149 214 155 26 144 1 27 123 25 101 13]
INFO [11-06|12:53:38] ------Received ReadMsg------ 
INFO [11-06|12:53:38] send Ready msg 
INFO [11-06|12:53:38] send Ready msg 
AddReady from: [220 236 234 243 252 92 10 99 209 149 214 155 26 144 1 27 123 25 101 13]
INFO [11-06|12:53:38] Handle BFT Msg,                          msg="msg #8 (78 bytes)"
INFO [11-06|12:53:38] ------Received ReadMsg------ 
AddReady from: [220 236 234 243 252 92 10 99 209 149 214 155 26 144 1 27 123 25 101 13]
INFO [11-06|12:53:38] Handle BFT Msg,                          msg="msg #8 (78 bytes)"
INFO [11-06|12:53:38] ------Received ReadMsg------ 
AddReady from: [220 236 234 243 252 92 10 99 209 149 214 155 26 144 1 27 123 25 101 13]
INFO [11-06|12:53:38] Handle BFT Msg,                          msg="msg #8 (78 bytes)"
INFO [11-06|12:53:38] ------Received ReadMsg------ 
AddReady from: [220 236 234 243 252 92 10 99 209 149 214 155 26 144 1 27 123 25 101 13]
INFO [11-06|12:53:38] Handle BFT Msg,                          msg="msg #8 (78 bytes)"
INFO [11-06|12:53:38] ------Received ReadMsg------ 
AddReady from: [220 236 234 243 252 92 10 99 209 149 214 155 26 144 1 27 123 25 101 13]
INFO [11-06|12:53:38] send Ready msg 
INFO [11-06|12:53:38] Handle BFT Msg,                          msg="msg #8 (78 bytes)"
INFO [11-06|12:53:38] ------Received ReadMsg------ 
AddReady from: [220 236 234 243 252 92 10 99 209 149 214 155 26 144 1 27 123 25 101 13]
INFO [11-06|12:53:38] send Ready msg 
INFO [11-06|12:53:38] send Ready msg 
INFO [11-06|12:53:38] Handle BFT Msg,                          msg="msg #8 (78 bytes)"
INFO [11-06|12:53:38] ------Received ReadMsg------ 
INFO [11-06|12:53:38] Handle BFT Msg,                          msg="msg #8 (78 bytes)"
INFO [11-06|12:53:38] ------Received ReadMsg------ 
INFO [11-06|12:53:38] Handle BFT Msg,                          msg="msg #8 (78 bytes)"
INFO [11-06|12:53:38] ------Received ReadMsg------ 
AddReady from: [36 20 56 115 224 224 129 95 220 188 255 219 224 156 151 156 191 154 208 19]
INFO [11-06|12:53:38] send Ready msg 
INFO [11-06|12:53:38] send Ready msg 
INFO [11-06|12:53:38] Handle BFT Msg,                          msg="msg #8 (78 bytes)"
INFO [11-06|12:53:38] ------Received ReadMsg------ 
AddReady from: [36 20 56 115 224 224 129 95 220 188 255 219 224 156 151 156 191 154 208 19]
INFO [11-06|12:53:38] send Ready msg 
INFO [11-06|12:53:38] send Ready msg 
INFO [11-06|12:53:38] send Ready msg 
INFO [11-06|12:53:38] Handle BFT Msg,                          msg="msg #8 (78 bytes)"
INFO [11-06|12:53:38] ------Received ReadMsg------ 
INFO [11-06|12:53:38] send Ready msg 
INFO [11-06|12:53:38] send Ready msg 
AddReady from: [36 20 56 115 224 224 129 95 220 188 255 219 224 156 151 156 191 154 208 19]
INFO [11-06|12:53:38] Handle BFT Msg,                          msg="msg #8 (78 bytes)"
INFO [11-06|12:53:38] ------Received ReadMsg------ 
AddReady from: [36 20 56 115 224 224 129 95 220 188 255 219 224 156 151 156 191 154 208 19]
AddReady from: [36 20 56 115 224 224 129 95 220 188 255 219 224 156 151 156 191 154 208 19]
AddReady from: [36 20 56 115 224 224 129 95 220 188 255 219 224 156 151 156 191 154 208 19]
INFO [11-06|12:53:38] Handle BFT Msg,                          msg="msg #8 (78 bytes)"
INFO [11-06|12:53:38] ------Received ReadMsg------ 
AddReady from: [36 20 56 115 224 224 129 95 220 188 255 219 224 156 151 156 191 154 208 19]
INFO [11-06|12:53:38] Handle BFT Msg,                          msg="msg #8 (78 bytes)"
INFO [11-06|12:53:38] ------Received ReadMsg------ 
AddReady from: [36 20 56 115 224 224 129 95 220 188 255 219 224 156 151 156 191 154 208 19]
INFO [11-06|12:53:38] Handle BFT Msg,                          msg="msg #8 (78 bytes)"
INFO [11-06|12:53:38] ------Received ReadMsg------ 
AddReady from: [36 20 56 115 224 224 129 95 220 188 255 219 224 156 151 156 191 154 208 19]
INFO [11-06|12:53:38] Handle BFT Msg,                          msg="msg #8 (78 bytes)"
INFO [11-06|12:53:38] ------Received ReadMsg------ 
AddReady from: [36 20 56 115 224 224 129 95 220 188 255 219 224 156 151 156 191 154 208 19]
INFO [11-06|12:53:38] Handle BFT Msg,                          msg="msg #8 (78 bytes)"
INFO [11-06|12:53:38] ------Received ReadMsg------ 
AddReady from: [36 20 56 115 224 224 129 95 220 188 255 219 224 156 151 156 191 154 208 19]
INFO [11-06|12:53:38] Handle BFT Msg,                          msg="msg #8 (78 bytes)"
INFO [11-06|12:53:38] ------Received ReadMsg------ 
AddReady from: [36 20 56 115 224 224 129 95 220 188 255 219 224 156 151 156 191 154 208 19]
INFO [11-06|12:53:38] Handle BFT Msg,                          msg="msg #8 (78 bytes)"
INFO [11-06|12:53:38] ------Received ReadMsg------ 
INFO [11-06|12:53:38] Handle BFT Msg,                          msg="msg #8 (78 bytes)"
INFO [11-06|12:53:38] ------Received ReadMsg------ 
INFO [11-06|12:53:38] Handle BFT Msg,                          msg="msg #8 (78 bytes)"
INFO [11-06|12:53:38] Handle BFT Msg,                          msg="msg #8 (78 bytes)"
INFO [11-06|12:53:38] ------Received ReadMsg------ 
INFO [11-06|12:53:38] Handle BFT Msg,                          msg="msg #8 (78 bytes)"
INFO [11-06|12:53:38] Handle BFT Msg,                          msg="msg #8 (78 bytes)"
INFO [11-06|12:53:38] ------Received ReadMsg------ 
INFO [11-06|12:53:38] ------Received ReadMsg------ 
INFO [11-06|12:53:38] Handle BFT Msg,                          msg="msg #8 (78 bytes)"
INFO [11-06|12:53:38] ------Received ReadMsg------ 
AddReady from: [119 219 43 235 186 121 219 66 169 120 248 150 150 143 74 252 231 70 234 31]
INFO [11-06|12:53:38] send Ready msg 
AddReady from: [119 219 43 235 186 121 219 66 169 120 248 150 150 143 74 252 231 70 234 31]
INFO [11-06|12:53:38] ------Received ReadMsg------ 
AddReady from: [119 219 43 235 186 121 219 66 169 120 248 150 150 143 74 252 231 70 234 31]
INFO [11-06|12:53:38] send Ready msg 
INFO [11-06|12:53:38] send Ready msg 
INFO [11-06|12:53:38] send Ready msg 
INFO [11-06|12:53:38] send Ready msg 
INFO [11-06|12:53:38] send Ready msg 
INFO [11-06|12:53:38] send Ready msg 
INFO [11-06|12:53:38] send Ready msg 
INFO [11-06|12:53:38] send Ready msg 
INFO [11-06|12:53:38] send Ready msg 
INFO [11-06|12:53:38] send Ready msg 
INFO [11-06|12:53:38] send Ready msg 
INFO [11-06|12:53:38] send Ready msg 
INFO [11-06|12:53:38] send Ready msg 
INFO [11-06|12:53:38] send Ready msg 
INFO [11-06|12:53:38] send Ready msg 
INFO [11-06|12:53:38] send Ready msg 
INFO [11-06|12:53:38] send Ready msg 
INFO [11-06|12:53:38] send Ready msg 
AddReady from: [119 219 43 235 186 121 219 66 169 120 248 150 150 143 74 252 231 70 234 31]
AddReady from: [119 219 43 235 186 121 219 66 169 120 248 150 150 143 74 252 231 70 234 31]
AddReady from: [119 219 43 235 186 121 219 66 169 120 248 150 150 143 74 252 231 70 234 31]
AddReady from: [119 219 43 235 186 121 219 66 169 120 248 150 150 143 74 252 231 70 234 31]
INFO [11-06|12:53:38] Handle BFT Msg,                          msg="msg #8 (78 bytes)"
INFO [11-06|12:53:38] ------Received ReadMsg------ 
AddReady from: [125 87 122 89 123 39 66 180 152 203 92 240 194 108 220 215 38 211 158 110]
INFO [11-06|12:53:38] send Ready msg 
INFO [11-06|12:53:38] send Ready msg 
INFO [11-06|12:53:38] send Ready msg 
INFO [11-06|12:53:38] send Ready msg 
INFO [11-06|12:53:38] send Ready msg 
INFO [11-06|12:53:38] send Ready msg 
INFO [11-06|12:53:38] send Ready msg 
INFO [11-06|12:53:38] Handle BFT Msg,                          msg="msg #8 (78 bytes)"
INFO [11-06|12:53:38] ------Received ReadMsg------ 
AddReady from: [125 87 122 89 123 39 66 180 152 203 92 240 194 108 220 215 38 211 158 110]
INFO [11-06|12:53:38] Handle BFT Msg,                          msg="msg #8 (78 bytes)"
INFO [11-06|12:53:38] ------Received ReadMsg------ 
AddReady from: [125 87 122 89 123 39 66 180 152 203 92 240 194 108 220 215 38 211 158 110]
INFO [11-06|12:53:38] Handle BFT Msg,                          msg="msg #8 (78 bytes)"
INFO [11-06|12:53:38] ------Received ReadMsg------ 
AddReady from: [125 87 122 89 123 39 66 180 152 203 92 240 194 108 220 215 38 211 158 110]
INFO [11-06|12:53:38] Handle BFT Msg,                          msg="msg #8 (78 bytes)"
INFO [11-06|12:53:38] ------Received ReadMsg------ 
AddReady from: [125 87 122 89 123 39 66 180 152 203 92 240 194 108 220 215 38 211 158 110]
INFO [11-06|12:53:38] Handle BFT Msg,                          msg="msg #8 (78 bytes)"
INFO [11-06|12:53:38] ------Received ReadMsg------ 
AddReady from: [125 87 122 89 123 39 66 180 152 203 92 240 194 108 220 215 38 211 158 110]
INFO [11-06|12:53:38] Handle BFT Msg,                          msg="msg #8 (78 bytes)"
INFO [11-06|12:53:38] ------Received ReadMsg------ 
AddReady from: [19 203 184 217 156 108 78 15 39 40 199 215 38 6 231 138 41 196 226 36]
INFO [11-06|12:53:38] send Ready msg 
INFO [11-06|12:53:38] send Ready msg 
INFO [11-06|12:53:38] send Ready msg 
INFO [11-06|12:53:38] send Ready msg 
INFO [11-06|12:53:38] send Ready msg 
INFO [11-06|12:53:38] send Ready msg 
INFO [11-06|12:53:38] send Ready msg 
INFO [11-06|12:53:38] Handle BFT Msg,                          msg="msg #8 (78 bytes)"
INFO [11-06|12:53:38] ------Received ReadMsg------ 
AddReady from: [19 203 184 217 156 108 78 15 39 40 199 215 38 6 231 138 41 196 226 36]
INFO [11-06|12:53:38] Handle BFT Msg,                          msg="msg #8 (78 bytes)"
INFO [11-06|12:53:38] ------Received ReadMsg------ 
AddReady from: [19 203 184 217 156 108 78 15 39 40 199 215 38 6 231 138 41 196 226 36]
INFO [11-06|12:53:38] Handle BFT Msg,                          msg="msg #8 (78 bytes)"
INFO [11-06|12:53:38] ------Received ReadMsg------ 
AddReady from: [19 203 184 217 156 108 78 15 39 40 199 215 38 6 231 138 41 196 226 36]
INFO [11-06|12:53:38] Handle BFT Msg,                          msg="msg #8 (78 bytes)"
INFO [11-06|12:53:38] ------Received ReadMsg------ 
AddReady from: [19 203 184 217 156 108 78 15 39 40 199 215 38 6 231 138 41 196 226 36]
INFO [11-06|12:53:38] Handle BFT Msg,                          msg="msg #8 (78 bytes)"
INFO [11-06|12:53:38] ------Received ReadMsg------ 
AddReady from: [125 87 122 89 123 39 66 180 152 203 92 240 194 108 220 215 38 211 158 110]
INFO [11-06|12:53:38] Handle BFT Msg,                          msg="msg #8 (78 bytes)"
INFO [11-06|12:53:38] ------Received ReadMsg------ 
AddReady from: [19 203 184 217 156 108 78 15 39 40 199 215 38 6 231 138 41 196 226 36]
INFO [11-06|12:53:38] Handle BFT Msg,                          msg="msg #8 (78 bytes)"
INFO [11-06|12:53:38] ------Received ReadMsg------ 
AddReady from: [19 203 184 217 156 108 78 15 39 40 199 215 38 6 231 138 41 196 226 36]
INFO [11-06|12:53:38] Handle BFT Msg,                          msg="msg #8 (78 bytes)"
INFO [11-06|12:53:38] ------Received ReadMsg------ 
AddReady from: [19 203 184 217 156 108 78 15 39 40 199 215 38 6 231 138 41 196 226 36]
INFO [11-06|12:53:38] Handle BFT Msg,                          msg="msg #8 (78 bytes)"
INFO [11-06|12:53:38] ------Received ReadMsg------ 
AddReady from: [19 203 184 217 156 108 78 15 39 40 199 215 38 6 231 138 41 196 226 36]
INFO [11-06|12:53:38] Handle BFT Msg,                          msg="msg #8 (78 bytes)"
INFO [11-06|12:53:38] ------Received ReadMsg------ 
AddReady from: [19 203 184 217 156 108 78 15 39 40 199 215 38 6 231 138 41 196 226 36]
INFO [11-06|12:53:38] Handle BFT Msg,                          msg="msg #8 (78 bytes)"
INFO [11-06|12:53:38] ------Received ReadMsg------ 
AddReady from: [19 203 184 217 156 108 78 15 39 40 199 215 38 6 231 138 41 196 226 36]
INFO [11-06|12:53:38] Handle BFT Msg,                          msg="msg #8 (78 bytes)"
INFO [11-06|12:53:38] ------Received ReadMsg------ 
AddReady from: [130 169 120 179 245 150 42 91 9 87 217 238 158 239 71 46 229 91 66 241]
INFO [11-06|12:53:38] send Ready msg 
INFO [11-06|12:53:38] send Ready msg 
INFO [11-06|12:53:38] send Ready msg 
INFO [11-06|12:53:38] send Ready msg 
INFO [11-06|12:53:38] send Ready msg 
INFO [11-06|12:53:38] send Ready msg 
INFO [11-06|12:53:38] send Ready msg 
INFO [11-06|12:53:38] Handle BFT Msg,                          msg="msg #8 (78 bytes)"
INFO [11-06|12:53:38] ------Received ReadMsg------ 
AddReady from: [130 169 120 179 245 150 42 91 9 87 217 238 158 239 71 46 229 91 66 241]
INFO [11-06|12:53:38] Handle BFT Msg,                          msg="msg #8 (78 bytes)"
INFO [11-06|12:53:38] ------Received ReadMsg------ 
AddReady from: [130 169 120 179 245 150 42 91 9 87 217 238 158 239 71 46 229 91 66 241]
INFO [11-06|12:53:38] Handle BFT Msg,                          msg="msg #8 (78 bytes)"
INFO [11-06|12:53:38] ------Received ReadMsg------ 
AddReady from: [130 169 120 179 245 150 42 91 9 87 217 238 158 239 71 46 229 91 66 241]
INFO [11-06|12:53:38] Handle BFT Msg,                          msg="msg #8 (78 bytes)"
INFO [11-06|12:53:38] ------Received ReadMsg------ 
AddReady from: [130 169 120 179 245 150 42 91 9 87 217 238 158 239 71 46 229 91 66 241]
INFO [11-06|12:53:38] Handle BFT Msg,                          msg="msg #8 (78 bytes)"
INFO [11-06|12:53:38] ------Received ReadMsg------ 
AddReady from: [130 169 120 179 245 150 42 91 9 87 217 238 158 239 71 46 229 91 66 241]
INFO [11-06|12:53:38] Handle BFT Msg,                          msg="msg #8 (78 bytes)"
INFO [11-06|12:53:38] ------Received ReadMsg------ 
AddReady from: [130 169 120 179 245 150 42 91 9 87 217 238 158 239 71 46 229 91 66 241]
INFO [11-06|12:53:38] Handle BFT Msg,                          msg="msg #8 (78 bytes)"
INFO [11-06|12:53:38] ------Received ReadMsg------ 
AddReady from: [130 169 120 179 245 150 42 91 9 87 217 238 158 239 71 46 229 91 66 241]
INFO [11-06|12:53:38] Handle BFT Msg,                          msg="msg #8 (78 bytes)"
INFO [11-06|12:53:38] ------Received ReadMsg------ 
AddReady from: [130 169 120 179 245 150 42 91 9 87 217 238 158 239 71 46 229 91 66 241]
INFO [11-06|12:53:38] Handle BFT Msg,                          msg="msg #8 (78 bytes)"
INFO [11-06|12:53:38] ------Received ReadMsg------ 
AddReady from: [130 169 120 179 245 150 42 91 9 87 217 238 158 239 71 46 229 91 66 241]
INFO [11-06|12:53:38] Handle BFT Msg,                          msg="msg #8 (78 bytes)"
INFO [11-06|12:53:38] ------Received ReadMsg------ 
AddReady from: [130 169 120 179 245 150 42 91 9 87 217 238 158 239 71 46 229 91 66 241]
INFO [11-06|12:53:38] Handle BFT Msg,                          msg="msg #8 (78 bytes)"
INFO [11-06|12:53:38] ------Received ReadMsg------ 
AddReady from: [130 169 120 179 245 150 42 91 9 87 217 238 158 239 71 46 229 91 66 241]
INFO [11-06|12:53:38] Handle BFT Msg,                          msg="msg #8 (78 bytes)"
INFO [11-06|12:53:38] ------Received ReadMsg------ 
AddReady from: [130 169 120 179 245 150 42 91 9 87 217 238 158 239 71 46 229 91 66 241]
ready: 6 need: 5.3333335
ready: 6 need: 5.3333335
INFO [11-06|12:53:39] send Ready msg 
INFO [11-06|12:53:39] send Ready msg 
INFO [11-06|12:53:39] send Ready msg 
INFO [11-06|12:53:39] Handle BFT Msg,                          msg="msg #8 (78 bytes)"
INFO [11-06|12:53:39] ------Received ReadMsg------ 
AddReady from: [220 236 234 243 252 92 10 99 209 149 214 155 26 144 1 27 123 25 101 13]
INFO [11-06|12:53:39] send Ready msg 
INFO [11-06|12:53:39] send Ready msg 
INFO [11-06|12:53:39] send Ready msg 
INFO [11-06|12:53:39] send Ready msg 
INFO [11-06|12:53:39] Handle BFT Msg,                          msg="msg #8 (78 bytes)"
INFO [11-06|12:53:39] ------Received ReadMsg------ 
AddReady from: [220 236 234 243 252 92 10 99 209 149 214 155 26 144 1 27 123 25 101 13]
INFO [11-06|12:53:39] Handle BFT Msg,                          msg="msg #8 (78 bytes)"
INFO [11-06|12:53:39] ------Received ReadMsg------ 
AddReady from: [220 236 234 243 252 92 10 99 209 149 214 155 26 144 1 27 123 25 101 13]
INFO [11-06|12:53:39] Handle BFT Msg,                          msg="msg #8 (78 bytes)"
INFO [11-06|12:53:39] ------Received ReadMsg------ 
AddReady from: [220 236 234 243 252 92 10 99 209 149 214 155 26 144 1 27 123 25 101 13]
INFO [11-06|12:53:39] send Ready msg 
INFO [11-06|12:53:39] Handle BFT Msg,                          msg="msg #8 (78 bytes)"
INFO [11-06|12:53:39] ------Received ReadMsg------ 
INFO [11-06|12:53:39] Handle BFT Msg,                          msg="msg #8 (78 bytes)"
INFO [11-06|12:53:39] ------Received ReadMsg------ 
AddReady from: [220 236 234 243 252 92 10 99 209 149 214 155 26 144 1 27 123 25 101 13]
INFO [11-06|12:53:39] send Ready msg 
INFO [11-06|12:53:39] send Ready msg 
INFO [11-06|12:53:39] send Ready msg 
INFO [11-06|12:53:39] -----------------consensusManager Ready------------------------- 
INFO [11-06|12:53:39] Handle BFT Msg,                          msg="msg #8 (78 bytes)"
INFO [11-06|12:53:39] ------Received ReadMsg------ 
INFO [11-06|12:53:39] Handle BFT Msg,                          msg="msg #8 (78 bytes)"
INFO [11-06|12:53:39] ------Received ReadMsg------ 
INFO [11-06|12:53:39] Handle BFT Msg,                          msg="msg #8 (78 bytes)"
INFO [11-06|12:53:39] ------Received ReadMsg------ 
AddReady from: [16 161 193 203 149 201 46 195 29 63 34 198 110 239 29 159 63 37 140 107]
INFO [11-06|12:53:39] send Ready msg 
AddReady from: [16 161 193 203 149 201 46 195 29 63 34 198 110 239 29 159 63 37 140 107]
INFO [11-06|12:53:39] send Ready msg 
INFO [11-06|12:53:39] Handle BFT Msg,                          msg="msg #8 (78 bytes)"
AddReady from: [220 236 234 243 252 92 10 99 209 149 214 155 26 144 1 27 123 25 101 13]
INFO [11-06|12:53:39] ------Received ReadMsg------ 
INFO [11-06|12:53:39] Handle BFT Msg,                          msg="msg #8 (78 bytes)"
INFO [11-06|12:53:39] ------Received ReadMsg------ 
AddReady from: [220 236 234 243 252 92 10 99 209 149 214 155 26 144 1 27 123 25 101 13]
INFO [11-06|12:53:39] Handle BFT Msg,                          msg="msg #8 (78 bytes)"
AddReady from: [16 161 193 203 149 201 46 195 29 63 34 198 110 239 29 159 63 37 140 107]
INFO [11-06|12:53:39] ------Received ReadMsg------ 
INFO [11-06|12:53:39] send Ready msg 
INFO [11-06|12:53:39] send Ready msg 
INFO [11-06|12:53:39] send Ready msg 
INFO [11-06|12:53:39] send Ready msg 
INFO [11-06|12:53:39] send Ready msg 
INFO [11-06|12:53:39] Handle BFT Msg,                          msg="msg #8 (78 bytes)"
INFO [11-06|12:53:39] ------Received ReadMsg------ 
AddReady from: [16 161 193 203 149 201 46 195 29 63 34 198 110 239 29 159 63 37 140 107]
INFO [11-06|12:53:39] Handle BFT Msg,                          msg="msg #8 (78 bytes)"
INFO [11-06|12:53:39] ------Received ReadMsg------ 
AddReady from: [220 236 234 243 252 92 10 99 209 149 214 155 26 144 1 27 123 25 101 13]
INFO [11-06|12:53:39] Handle BFT Msg,                          msg="msg #8 (78 bytes)"
AddReady from: [16 161 193 203 149 201 46 195 29 63 34 198 110 239 29 159 63 37 140 107]
INFO [11-06|12:53:39] ------Received ReadMsg------ 
INFO [11-06|12:53:39] Handle BFT Msg,                          msg="msg #8 (78 bytes)"
INFO [11-06|12:53:39] ------Received ReadMsg------ 
AddReady from: [16 161 193 203 149 201 46 195 29 63 34 198 110 239 29 159 63 37 140 107]
INFO [11-06|12:53:39] Handle BFT Msg,                          msg="msg #8 (78 bytes)"
INFO [11-06|12:53:39] ------Received ReadMsg------ 
INFO [11-06|12:53:39] Handle BFT Msg,                          msg="msg #8 (78 bytes)"
INFO [11-06|12:53:39] ------Received ReadMsg------ 
AddReady from: [89 132 67 241 136 14 245 133 178 31 29 117 133 189 5 119 64 40 97 229]
INFO [11-06|12:53:39] send Ready msg 
INFO [11-06|12:53:39] send Ready msg 
AddReady from: [16 161 193 203 149 201 46 195 29 63 34 198 110 239 29 159 63 37 140 107]
AddReady from: [89 132 67 241 136 14 245 133 178 31 29 117 133 189 5 119 64 40 97 229]
INFO [11-06|12:53:39] send Ready msg 
INFO [11-06|12:53:39] send Ready msg 
INFO [11-06|12:53:39] send Ready msg 
INFO [11-06|12:53:39] send Ready msg 
INFO [11-06|12:53:39] send Ready msg 
INFO [11-06|12:53:39] send Ready msg 
INFO [11-06|12:53:39] send Ready msg 
INFO [11-06|12:53:39] send Ready msg 
INFO [11-06|12:53:39] send Ready msg 
INFO [11-06|12:53:39] send Ready msg 
INFO [11-06|12:53:39] send Ready msg 
INFO [11-06|12:53:39] Handle BFT Msg,                          msg="msg #8 (78 bytes)"
INFO [11-06|12:53:39] ------Received ReadMsg------ 
INFO [11-06|12:53:39] send Ready msg 
INFO [11-06|12:53:39] send Ready msg 
AddReady from: [89 132 67 241 136 14 245 133 178 31 29 117 133 189 5 119 64 40 97 229]
INFO [11-06|12:53:39] send Ready msg 
INFO [11-06|12:53:39] send Ready msg 
INFO [11-06|12:53:39] send Ready msg 
INFO [11-06|12:53:39] send Ready msg 
INFO [11-06|12:53:39] send Ready msg 
INFO [11-06|12:53:39] send Ready msg 
INFO [11-06|12:53:39] send Ready msg 
INFO [11-06|12:53:39] send Ready msg 
INFO [11-06|12:53:39] send Ready msg 
INFO [11-06|12:53:39] Handle BFT Msg,                          msg="msg #8 (78 bytes)"
INFO [11-06|12:53:39] ------Received ReadMsg------ 
AddReady from: [89 132 67 241 136 14 245 133 178 31 29 117 133 189 5 119 64 40 97 229]
INFO [11-06|12:53:39] Handle BFT Msg,                          msg="msg #8 (78 bytes)"
INFO [11-06|12:53:39] ------Received ReadMsg------ 
AddReady from: [89 132 67 241 136 14 245 133 178 31 29 117 133 189 5 119 64 40 97 229]
AddReady from: [16 161 193 203 149 201 46 195 29 63 34 198 110 239 29 159 63 37 140 107]
INFO [11-06|12:53:39] Handle BFT Msg,                          msg="msg #8 (78 bytes)"
INFO [11-06|12:53:39] ------Received ReadMsg------ 
INFO [11-06|12:53:39] Handle BFT Msg,                          msg="msg #8 (78 bytes)"
INFO [11-06|12:53:39] ------Received ReadMsg------ 
AddReady from: [89 132 67 241 136 14 245 133 178 31 29 117 133 189 5 119 64 40 97 229]
AddReady from: [89 132 67 241 136 14 245 133 178 31 29 117 133 189 5 119 64 40 97 229]
INFO [11-06|12:53:39] Handle BFT Msg,                          msg="msg #8 (78 bytes)"
INFO [11-06|12:53:39] ------Received ReadMsg------ 
AddReady from: [89 132 67 241 136 14 245 133 178 31 29 117 133 189 5 119 64 40 97 229]
INFO [11-06|12:53:39] Handle BFT Msg,                          msg="msg #8 (78 bytes)"
INFO [11-06|12:53:39] ------Received ReadMsg------ 
AddReady from: [36 20 56 115 224 224 129 95 220 188 255 219 224 156 151 156 191 154 208 19]
INFO [11-06|12:53:39] send Ready msg 
INFO [11-06|12:53:39] send Ready msg 
INFO [11-06|12:53:39] send Ready msg 
INFO [11-06|12:53:39] send Ready msg 
INFO [11-06|12:53:39] send Ready msg 
INFO [11-06|12:53:39] send Ready msg 
INFO [11-06|12:53:39] send Ready msg 
INFO [11-06|12:53:39] Handle BFT Msg,                          msg="msg #8 (78 bytes)"
INFO [11-06|12:53:39] ------Received ReadMsg------ 
AddReady from: [36 20 56 115 224 224 129 95 220 188 255 219 224 156 151 156 191 154 208 19]
INFO [11-06|12:53:39] Handle BFT Msg,                          msg="msg #8 (78 bytes)"
INFO [11-06|12:53:39] ------Received ReadMsg------ 
AddReady from: [36 20 56 115 224 224 129 95 220 188 255 219 224 156 151 156 191 154 208 19]
INFO [11-06|12:53:39] Handle BFT Msg,                          msg="msg #8 (78 bytes)"
INFO [11-06|12:53:39] ------Received ReadMsg------ 
AddReady from: [36 20 56 115 224 224 129 95 220 188 255 219 224 156 151 156 191 154 208 19]
INFO [11-06|12:53:39] Handle BFT Msg,                          msg="msg #8 (78 bytes)"
INFO [11-06|12:53:39] ------Received ReadMsg------ 
AddReady from: [36 20 56 115 224 224 129 95 220 188 255 219 224 156 151 156 191 154 208 19]
INFO [11-06|12:53:39] Handle BFT Msg,                          msg="msg #8 (78 bytes)"
INFO [11-06|12:53:39] ------Received ReadMsg------ 
AddReady from: [36 20 56 115 224 224 129 95 220 188 255 219 224 156 151 156 191 154 208 19]
INFO [11-06|12:53:39] Handle BFT Msg,                          msg="msg #8 (78 bytes)"
INFO [11-06|12:53:39] ------Received ReadMsg------ 
AddReady from: [36 20 56 115 224 224 129 95 220 188 255 219 224 156 151 156 191 154 208 19]
INFO [11-06|12:53:39] Handle BFT Msg,                          msg="msg #8 (78 bytes)"
INFO [11-06|12:53:39] ------Received ReadMsg------ 
AddReady from: [36 20 56 115 224 224 129 95 220 188 255 219 224 156 151 156 191 154 208 19]
INFO [11-06|12:53:39] Handle BFT Msg,                          msg="msg #8 (78 bytes)"
INFO [11-06|12:53:39] ------Received ReadMsg------ 
AddReady from: [36 20 56 115 224 224 129 95 220 188 255 219 224 156 151 156 191 154 208 19]
INFO [11-06|12:53:39] Handle BFT Msg,                          msg="msg #8 (78 bytes)"
INFO [11-06|12:53:39] ------Received ReadMsg------ 
AddReady from: [36 20 56 115 224 224 129 95 220 188 255 219 224 156 151 156 191 154 208 19]
INFO [11-06|12:53:39] Handle BFT Msg,                          msg="msg #8 (78 bytes)"
INFO [11-06|12:53:39] ------Received ReadMsg------ 
AddReady from: [36 20 56 115 224 224 129 95 220 188 255 219 224 156 151 156 191 154 208 19]
INFO [11-06|12:53:39] Handle BFT Msg,                          msg="msg #8 (78 bytes)"
INFO [11-06|12:53:39] ------Received ReadMsg------ 
AddReady from: [119 219 43 235 186 121 219 66 169 120 248 150 150 143 74 252 231 70 234 31]
INFO [11-06|12:53:39] send Ready msg 
INFO [11-06|12:53:39] send Ready msg 
INFO [11-06|12:53:39] send Ready msg 
INFO [11-06|12:53:39] send Ready msg 
INFO [11-06|12:53:39] send Ready msg 
INFO [11-06|12:53:39] send Ready msg 
INFO [11-06|12:53:39] send Ready msg 
INFO [11-06|12:53:39] Handle BFT Msg,                          msg="msg #8 (78 bytes)"
INFO [11-06|12:53:39] ------Received ReadMsg------ 
AddReady from: [119 219 43 235 186 121 219 66 169 120 248 150 150 143 74 252 231 70 234 31]
INFO [11-06|12:53:39] Handle BFT Msg,                          msg="msg #8 (78 bytes)"
INFO [11-06|12:53:39] ------Received ReadMsg------ 
AddReady from: [119 219 43 235 186 121 219 66 169 120 248 150 150 143 74 252 231 70 234 31]
INFO [11-06|12:53:39] Handle BFT Msg,                          msg="msg #8 (78 bytes)"
INFO [11-06|12:53:39] ------Received ReadMsg------ 
AddReady from: [119 219 43 235 186 121 219 66 169 120 248 150 150 143 74 252 231 70 234 31]
INFO [11-06|12:53:39] Handle BFT Msg,                          msg="msg #8 (78 bytes)"
INFO [11-06|12:53:39] ------Received ReadMsg------ 
AddReady from: [119 219 43 235 186 121 219 66 169 120 248 150 150 143 74 252 231 70 234 31]
INFO [11-06|12:53:39] Handle BFT Msg,                          msg="msg #8 (78 bytes)"
INFO [11-06|12:53:39] ------Received ReadMsg------ 
AddReady from: [119 219 43 235 186 121 219 66 169 120 248 150 150 143 74 252 231 70 234 31]
INFO [11-06|12:53:39] Handle BFT Msg,                          msg="msg #8 (78 bytes)"
INFO [11-06|12:53:39] ------Received ReadMsg------ 
AddReady from: [119 219 43 235 186 121 219 66 169 120 248 150 150 143 74 252 231 70 234 31]
INFO [11-06|12:53:39] Handle BFT Msg,                          msg="msg #8 (78 bytes)"
INFO [11-06|12:53:39] ------Received ReadMsg------ 
AddReady from: [119 219 43 235 186 121 219 66 169 120 248 150 150 143 74 252 231 70 234 31]
INFO [11-06|12:53:39] Handle BFT Msg,                          msg="msg #8 (78 bytes)"
INFO [11-06|12:53:39] ------Received ReadMsg------ 
AddReady from: [119 219 43 235 186 121 219 66 169 120 248 150 150 143 74 252 231 70 234 31]
INFO [11-06|12:53:39] Handle BFT Msg,                          msg="msg #8 (78 bytes)"
INFO [11-06|12:53:39] ------Received ReadMsg------ 
AddReady from: [119 219 43 235 186 121 219 66 169 120 248 150 150 143 74 252 231 70 234 31]
INFO [11-06|12:53:39] Handle BFT Msg,                          msg="msg #8 (78 bytes)"
INFO [11-06|12:53:39] ------Received ReadMsg------ 
AddReady from: [119 219 43 235 186 121 219 66 169 120 248 150 150 143 74 252 231 70 234 31]
INFO [11-06|12:53:39] Handle BFT Msg,                          msg="msg #8 (78 bytes)"
INFO [11-06|12:53:39] ------Received ReadMsg------ 
AddReady from: [125 87 122 89 123 39 66 180 152 203 92 240 194 108 220 215 38 211 158 110]
INFO [11-06|12:53:39] send Ready msg 
INFO [11-06|12:53:39] send Ready msg 
INFO [11-06|12:53:39] send Ready msg 
INFO [11-06|12:53:39] send Ready msg 
INFO [11-06|12:53:39] send Ready msg 
INFO [11-06|12:53:39] send Ready msg 
INFO [11-06|12:53:39] send Ready msg 
INFO [11-06|12:53:39] Handle BFT Msg,                          msg="msg #8 (78 bytes)"
INFO [11-06|12:53:39] ------Received ReadMsg------ 
AddReady from: [125 87 122 89 123 39 66 180 152 203 92 240 194 108 220 215 38 211 158 110]
INFO [11-06|12:53:39] Handle BFT Msg,                          msg="msg #8 (78 bytes)"
INFO [11-06|12:53:39] ------Received ReadMsg------ 
AddReady from: [125 87 122 89 123 39 66 180 152 203 92 240 194 108 220 215 38 211 158 110]
INFO [11-06|12:53:39] Handle BFT Msg,                          msg="msg #8 (78 bytes)"
INFO [11-06|12:53:39] ------Received ReadMsg------ 
AddReady from: [125 87 122 89 123 39 66 180 152 203 92 240 194 108 220 215 38 211 158 110]
INFO [11-06|12:53:39] Handle BFT Msg,                          msg="msg #8 (78 bytes)"
INFO [11-06|12:53:39] ------Received ReadMsg------ 
AddReady from: [125 87 122 89 123 39 66 180 152 203 92 240 194 108 220 215 38 211 158 110]
INFO [11-06|12:53:39] Handle BFT Msg,                          msg="msg #8 (78 bytes)"
INFO [11-06|12:53:39] ------Received ReadMsg------ 
AddReady from: [125 87 122 89 123 39 66 180 152 203 92 240 194 108 220 215 38 211 158 110]
INFO [11-06|12:53:39] Handle BFT Msg,                          msg="msg #8 (78 bytes)"
INFO [11-06|12:53:39] ------Received ReadMsg------ 
AddReady from: [125 87 122 89 123 39 66 180 152 203 92 240 194 108 220 215 38 211 158 110]
INFO [11-06|12:53:39] Handle BFT Msg,                          msg="msg #8 (78 bytes)"
INFO [11-06|12:53:39] ------Received ReadMsg------ 
AddReady from: [125 87 122 89 123 39 66 180 152 203 92 240 194 108 220 215 38 211 158 110]
INFO [11-06|12:53:39] Handle BFT Msg,                          msg="msg #8 (78 bytes)"
INFO [11-06|12:53:39] ------Received ReadMsg------ 
AddReady from: [125 87 122 89 123 39 66 180 152 203 92 240 194 108 220 215 38 211 158 110]
INFO [11-06|12:53:39] Handle BFT Msg,                          msg="msg #8 (78 bytes)"
INFO [11-06|12:53:39] ------Received ReadMsg------ 
AddReady from: [125 87 122 89 123 39 66 180 152 203 92 240 194 108 220 215 38 211 158 110]
INFO [11-06|12:53:39] Handle BFT Msg,                          msg="msg #8 (78 bytes)"
INFO [11-06|12:53:39] ------Received ReadMsg------ 
AddReady from: [19 203 184 217 156 108 78 15 39 40 199 215 38 6 231 138 41 196 226 36]
INFO [11-06|12:53:39] send Ready msg 
INFO [11-06|12:53:39] send Ready msg 
INFO [11-06|12:53:39] send Ready msg 
INFO [11-06|12:53:39] send Ready msg 
INFO [11-06|12:53:39] send Ready msg 
INFO [11-06|12:53:39] send Ready msg 
INFO [11-06|12:53:39] send Ready msg 
INFO [11-06|12:53:39] Handle BFT Msg,                          msg="msg #8 (78 bytes)"
INFO [11-06|12:53:39] ------Received ReadMsg------ 
AddReady from: [19 203 184 217 156 108 78 15 39 40 199 215 38 6 231 138 41 196 226 36]
INFO [11-06|12:53:39] Handle BFT Msg,                          msg="msg #8 (78 bytes)"
INFO [11-06|12:53:39] ------Received ReadMsg------ 
AddReady from: [19 203 184 217 156 108 78 15 39 40 199 215 38 6 231 138 41 196 226 36]
INFO [11-06|12:53:39] Handle BFT Msg,                          msg="msg #8 (78 bytes)"
INFO [11-06|12:53:39] ------Received ReadMsg------ 
AddReady from: [19 203 184 217 156 108 78 15 39 40 199 215 38 6 231 138 41 196 226 36]
INFO [11-06|12:53:39] Handle BFT Msg,                          msg="msg #8 (78 bytes)"
INFO [11-06|12:53:39] ------Received ReadMsg------ 
AddReady from: [19 203 184 217 156 108 78 15 39 40 199 215 38 6 231 138 41 196 226 36]
INFO [11-06|12:53:39] Handle BFT Msg,                          msg="msg #8 (78 bytes)"
INFO [11-06|12:53:39] ------Received ReadMsg------ 
AddReady from: [19 203 184 217 156 108 78 15 39 40 199 215 38 6 231 138 41 196 226 36]
INFO [11-06|12:53:39] Handle BFT Msg,                          msg="msg #8 (78 bytes)"
INFO [11-06|12:53:39] ------Received ReadMsg------ 
AddReady from: [19 203 184 217 156 108 78 15 39 40 199 215 38 6 231 138 41 196 226 36]
INFO [11-06|12:53:39] Handle BFT Msg,                          msg="msg #8 (78 bytes)"
INFO [11-06|12:53:39] ------Received ReadMsg------ 
AddReady from: [19 203 184 217 156 108 78 15 39 40 199 215 38 6 231 138 41 196 226 36]
INFO [11-06|12:55:48] Transaction pool price threshold updated price=18000000000
INFO [11-06|12:55:48] Starting mining operation 
INFO [11-06|12:55:56] Handle BFT Msg,                          msg="msg #11 (172922 bytes)"
INFO [11-06|12:55:56] -------Received NewBlockProposalMsg------- 
bpHR: H: 1 R: 0
cmHR: H: 1 R: 0
INFO [11-06|12:55:56] --------------------------------------- 
# collMsig from = Peer 6d11b37ef4fc909a [eth/63]
cmHR: H: 1 R: 0
this is rm.proposerPeer  Peer 6d11b37ef4fc909a [eth/63]
INFO [11-06|12:55:56] In IsValid() 
len(lockset.Votes): 0 lockset.EligibleVotesNum: 0
INFO [11-06|12:55:56] cm add BlockProposal                     h=1 r=0
INFO [11-06|12:55:56] in HasQuorum 
INFO [11-06|12:55:56] In IsValid() 
len(lockset.Votes): 1 lockset.EligibleVotesNum: 0
INFO [11-06|12:55:56] in collectMsig, i am msig wintness 
INFO [11-06|12:55:56] Return MsigProposalMsg to                LOG15_ERROR= LOG15_ERROR="Normalized odd number of arguments by adding nil"
INFO [11-06|12:55:56] Sending MsigProposalMsg 
in cm.collectMsig, mp.MsigVs: [<nil> 27]
INFO [11-06|12:55:56] In addBlockCandidates!! 
INFO [11-06|12:55:56] -------in handle NewBlockProposalMsg, success!------- 
INFO [11-06|12:55:56] Handle BFT Msg,                          msg="msg #18 (345 bytes)"
INFO [11-06|12:55:56] ------Received MsigProposalMsg------ 
mpHR: H: 1 R: 0 hash: [92 120 43 246 7 59 90 201 15 236 15 121 43 129 19 61 246 197 191 1 119 244 96 213 163 114 42 66 228 31 114 250]
cmHR: H: 1 R: 0
INFO [11-06|12:55:56] --------------------------------------- 
INFO [11-06|12:55:56] ------addmsigproposal success!------- 
INFO [11-06|12:55:56] Handle BFT Msg,                          msg="msg #17 (107 bytes)"
INFO [11-06|12:55:56] ------Received VoteMsg------ 
voteHR: H: 1 R: 0 voteType:: 1 voteHash: [92 120 43 246 7 59 90 201 15 236 15 121 43 129 19 61 246 197 191 1 119 244 96 213 163 114 42 66 228 31 114 250]
cmHR: H: 1 R: 0
INFO [11-06|12:55:56] --------------------------------------- 
INFO [11-06|12:55:56] addVote to                               height=1 round=0 from=0x82a978b3f5962a5b0957d9ee9eef472ee55b42f1 success=true cm.coinbase=0xdceceaf3fc5c0a63d195d69b1a90011b7b19650d
INFO [11-06|12:55:56] ------in handle VoteMsg, success!------ 
INFO [11-06|12:55:57] Commit new mining work                   number=1 txs=1598 uncles=0 elapsed=8.181s
INFO [11-06|12:55:57] Sealing                                  block n=1
StartConsensus, 1541480157078130000
INFO [11-06|12:55:57] Start Process 
INFO [11-06|12:55:57] in cm.Process, check lastCommittingLockset() 
INFO [11-06|12:55:57] In IsValid() 
len(lockset.Votes): 2 lockset.EligibleVotesNum: 0
INFO [11-06|12:55:57] in HasQuorum 
INFO [11-06|12:55:57] In IsValid() 
len(lockset.Votes): 2 lockset.EligibleVotesNum: 0
=====CM.COINBASE IS:===== [220 236 234 243 252 92 10 99 209 149 214 155 26 144 1 27 123 25 101 13] block number is: 1
INFO [11-06|12:55:57] case: default, cm.process 
ready: 8 need: 5.3333335
INFO [11-06|12:55:57] ---------------process------------------ 
INFO [11-06|12:55:57] In RM Process                            height=1 round=0
INFO [11-06|12:55:57] --------In rm.propose------- 
INFO [11-06|12:55:57] ---------------in rm.vote----------------- 
INFO [11-06|12:55:57] in vote in RM                            height=1 round=0
INFO [11-06|12:55:57] vote mp 
INFO [11-06|12:55:57] vote success in                          height=1 round=0
INFO [11-06|12:55:57] Send VoteMsg 
INFO [11-06|12:55:57] in rm.process, check lockset HasQuorum 
INFO [11-06|12:55:57] in HasQuorum 
INFO [11-06|12:55:57] In IsValid() 
len(lockset.Votes): 2 lockset.EligibleVotesNum: 8
INFO [11-06|12:55:57] rm lockset is not valid yet 
INFO [11-06|12:55:57] after cm.process() 
INFO [11-06|12:55:57] Handle BFT Msg,                          msg="msg #17 (107 bytes)"
INFO [11-06|12:55:57] ------Received VoteMsg------ 
voteHR: H: 1 R: 0 voteType:: 1 voteHash: [92 120 43 246 7 59 90 201 15 236 15 121 43 129 19 61 246 197 191 1 119 244 96 213 163 114 42 66 228 31 114 250]
cmHR: H: 1 R: 0
INFO [11-06|12:55:57] --------------------------------------- 
INFO [11-06|12:55:57] addVote to                               height=1 round=0 from=0x7d577a597b2742b498cb5cf0c26cdcd726d39e6e success=true cm.coinbase=0xdceceaf3fc5c0a63d195d69b1a90011b7b19650d
INFO [11-06|12:55:57] ------in handle VoteMsg, success!------ 
INFO [11-06|12:55:57] case: default, cm.process 
ready: 8 need: 5.3333335
INFO [11-06|12:55:57] ---------------process------------------ 
INFO [11-06|12:55:57] In RM Process                            height=1 round=0
INFO [11-06|12:55:57] --------In rm.propose------- 
INFO [11-06|12:55:57] ---------------in rm.vote----------------- 
INFO [11-06|12:55:57] voted 
INFO [11-06|12:55:57] in rm.process, check lockset HasQuorum 
INFO [11-06|12:55:57] in HasQuorum 
INFO [11-06|12:55:57] In IsValid() 
len(lockset.Votes): 3 lockset.EligibleVotesNum: 8
INFO [11-06|12:55:57] rm lockset is not valid yet 
INFO [11-06|12:55:57] after cm.process() 
INFO [11-06|12:55:57] case: default, cm.process 
ready: 8 need: 5.3333335
INFO [11-06|12:55:57] ---------------process------------------ 
INFO [11-06|12:55:57] In RM Process                            height=1 round=0
INFO [11-06|12:55:57] --------In rm.propose------- 
INFO [11-06|12:55:57] ---------------in rm.vote----------------- 
INFO [11-06|12:55:57] voted 
INFO [11-06|12:55:57] in rm.process, check lockset HasQuorum 
INFO [11-06|12:55:57] in HasQuorum 
INFO [11-06|12:55:57] In IsValid() 
len(lockset.Votes): 3 lockset.EligibleVotesNum: 8
INFO [11-06|12:55:57] rm lockset is not valid yet 
INFO [11-06|12:55:57] after cm.process() 
INFO [11-06|12:55:57] case: default, cm.process 
ready: 8 need: 5.3333335
INFO [11-06|12:55:57] ---------------process------------------ 
INFO [11-06|12:55:57] In RM Process                            height=1 round=0
INFO [11-06|12:55:57] --------In rm.propose------- 
INFO [11-06|12:55:57] ---------------in rm.vote----------------- 
INFO [11-06|12:55:57] voted 
INFO [11-06|12:55:57] in rm.process, check lockset HasQuorum 
INFO [11-06|12:55:57] in HasQuorum 
INFO [11-06|12:55:57] In IsValid() 
len(lockset.Votes): 3 lockset.EligibleVotesNum: 8
INFO [11-06|12:55:57] rm lockset is not valid yet 
INFO [11-06|12:55:57] after cm.process() 
INFO [11-06|12:55:57] Handle BFT Msg,                          msg="msg #17 (107 bytes)"
INFO [11-06|12:55:57] ------Received VoteMsg------ 
voteHR: H: 1 R: 0 voteType:: 1 voteHash: [92 120 43 246 7 59 90 201 15 236 15 121 43 129 19 61 246 197 191 1 119 244 96 213 163 114 42 66 228 31 114 250]
cmHR: H: 1 R: 0
INFO [11-06|12:55:57] --------------------------------------- 
INFO [11-06|12:55:57] addVote to                               height=1 round=0 from=0x598443f1880ef585b21f1d7585bd0577402861e5 success=true cm.coinbase=0xdceceaf3fc5c0a63d195d69b1a90011b7b19650d
INFO [11-06|12:55:57] ------in handle VoteMsg, success!------ 
INFO [11-06|12:55:57] case: default, cm.process 
ready: 8 need: 5.3333335
INFO [11-06|12:55:57] ---------------process------------------ 
INFO [11-06|12:55:57] In RM Process                            height=1 round=0
INFO [11-06|12:55:57] --------In rm.propose------- 
INFO [11-06|12:55:57] ---------------in rm.vote----------------- 
INFO [11-06|12:55:57] voted 
INFO [11-06|12:55:57] in rm.process, check lockset HasQuorum 
INFO [11-06|12:55:57] in HasQuorum 
INFO [11-06|12:55:57] In IsValid() 
len(lockset.Votes): 4 lockset.EligibleVotesNum: 8
INFO [11-06|12:55:57] rm lockset is not valid yet 
INFO [11-06|12:55:57] after cm.process() 
INFO [11-06|12:55:57] case: default, cm.process 
ready: 8 need: 5.3333335
INFO [11-06|12:55:57] ---------------process------------------ 
INFO [11-06|12:55:57] In RM Process                            height=1 round=0
INFO [11-06|12:55:57] --------In rm.propose------- 
INFO [11-06|12:55:57] ---------------in rm.vote----------------- 
INFO [11-06|12:55:57] voted 
INFO [11-06|12:55:57] in rm.process, check lockset HasQuorum 
INFO [11-06|12:55:57] in HasQuorum 
INFO [11-06|12:55:57] In IsValid() 
len(lockset.Votes): 4 lockset.EligibleVotesNum: 8
INFO [11-06|12:55:57] rm lockset is not valid yet 
INFO [11-06|12:55:57] after cm.process() 
INFO [11-06|12:55:57] case: default, cm.process 
ready: 8 need: 5.3333335
INFO [11-06|12:55:57] ---------------process------------------ 
INFO [11-06|12:55:57] In RM Process                            height=1 round=0
INFO [11-06|12:55:57] --------In rm.propose------- 
INFO [11-06|12:55:57] ---------------in rm.vote----------------- 
INFO [11-06|12:55:57] voted 
INFO [11-06|12:55:57] in rm.process, check lockset HasQuorum 
INFO [11-06|12:55:57] in HasQuorum 
INFO [11-06|12:55:57] In IsValid() 
len(lockset.Votes): 4 lockset.EligibleVotesNum: 8
INFO [11-06|12:55:57] rm lockset is not valid yet 
INFO [11-06|12:55:57] after cm.process() 
INFO [11-06|12:55:57] Handle BFT Msg,                          msg="msg #17 (107 bytes)"
INFO [11-06|12:55:57] ------Received VoteMsg------ 
voteHR: H: 1 R: 0 voteType:: 1 voteHash: [92 120 43 246 7 59 90 201 15 236 15 121 43 129 19 61 246 197 191 1 119 244 96 213 163 114 42 66 228 31 114 250]
cmHR: H: 1 R: 0
INFO [11-06|12:55:57] --------------------------------------- 
INFO [11-06|12:55:57] addVote to                               height=1 round=0 from=0x13cbb8d99c6c4e0f2728c7d72606e78a29c4e224 success=true cm.coinbase=0xdceceaf3fc5c0a63d195d69b1a90011b7b19650d
INFO [11-06|12:55:57] ------in handle VoteMsg, success!------ 
INFO [11-06|12:55:57] case: default, cm.process 
ready: 8 need: 5.3333335
INFO [11-06|12:55:57] ---------------process------------------ 
INFO [11-06|12:55:57] In RM Process                            height=1 round=0
INFO [11-06|12:55:57] --------In rm.propose------- 
INFO [11-06|12:55:57] ---------------in rm.vote----------------- 
INFO [11-06|12:55:57] voted 
INFO [11-06|12:55:57] in rm.process, check lockset HasQuorum 
INFO [11-06|12:55:57] in HasQuorum 
INFO [11-06|12:55:57] In IsValid() 
len(lockset.Votes): 5 lockset.EligibleVotesNum: 8
INFO [11-06|12:55:57] rm lockset is not valid yet 
INFO [11-06|12:55:57] after cm.process() 
INFO [11-06|12:55:57] case: default, cm.process 
ready: 8 need: 5.3333335
INFO [11-06|12:55:57] ---------------process------------------ 
INFO [11-06|12:55:57] In RM Process                            height=1 round=0
INFO [11-06|12:55:57] --------In rm.propose------- 
INFO [11-06|12:55:57] ---------------in rm.vote----------------- 
INFO [11-06|12:55:57] voted 
INFO [11-06|12:55:57] in rm.process, check lockset HasQuorum 
INFO [11-06|12:55:57] in HasQuorum 
INFO [11-06|12:55:57] In IsValid() 
len(lockset.Votes): 5 lockset.EligibleVotesNum: 8
INFO [11-06|12:55:57] rm lockset is not valid yet 
INFO [11-06|12:55:57] after cm.process() 
INFO [11-06|12:55:58] case: default, cm.process 
ready: 8 need: 5.3333335
INFO [11-06|12:55:58] ---------------process------------------ 
INFO [11-06|12:55:58] In RM Process                            height=1 round=0
INFO [11-06|12:55:58] --------In rm.propose------- 
INFO [11-06|12:55:58] ---------------in rm.vote----------------- 
INFO [11-06|12:55:58] voted 
INFO [11-06|12:55:58] in rm.process, check lockset HasQuorum 
INFO [11-06|12:55:58] in HasQuorum 
INFO [11-06|12:55:58] In IsValid() 
len(lockset.Votes): 5 lockset.EligibleVotesNum: 8
INFO [11-06|12:55:58] rm lockset is not valid yet 
INFO [11-06|12:55:58] after cm.process() 
INFO [11-06|12:55:58] Handle BFT Msg,                          msg="msg #17 (107 bytes)"
INFO [11-06|12:55:58] ------Received VoteMsg------ 
voteHR: H: 1 R: 0 voteType:: 1 voteHash: [92 120 43 246 7 59 90 201 15 236 15 121 43 129 19 61 246 197 191 1 119 244 96 213 163 114 42 66 228 31 114 250]
cmHR: H: 1 R: 0
INFO [11-06|12:55:58] --------------------------------------- 
INFO [11-06|12:55:58] addVote to                               height=1 round=0 from=0x77db2bebba79db42a978f896968f4afce746ea1f success=true cm.coinbase=0xdceceaf3fc5c0a63d195d69b1a90011b7b19650d
INFO [11-06|12:55:58] ------in handle VoteMsg, success!------ 
INFO [11-06|12:55:58] received NewBlockMsg! 
INFO [11-06|12:55:58] ***in BFT.VVVVerifyHeader*** 
INFO [11-06|12:55:58] ***in BFT.verifyHeader*** 
INFO [11-06|12:55:58] ***in BFT.verifySeal*** 
INFO [11-06|12:55:58] In verifyVotes 
INFO [11-06|12:55:58] ***in sync.request()*** 
INFO [11-06|12:55:58] Handle BFT Msg,                          msg="msg #9 (3 bytes)"
INFO [11-06|12:55:58] -------GetLocksetsMsg------- 
GetLockSetsMsg request:  [{1}] from:  d9d5b902798f5c42
INFO [11-06|12:55:58] Request future block 
INFO [11-06|12:55:58] received NewBlockMsg! 
INFO [11-06|12:55:58] case: default, cm.process 
ready: 8 need: 5.3333335
INFO [11-06|12:55:58] ---------------process------------------ 
INFO [11-06|12:55:58] In RM Process                            height=1 round=0
INFO [11-06|12:55:58] --------In rm.propose------- 
INFO [11-06|12:55:58] ---------------in rm.vote----------------- 
INFO [11-06|12:55:58] voted 
INFO [11-06|12:55:58] in rm.process, check lockset HasQuorum 
INFO [11-06|12:55:58] in HasQuorum 
INFO [11-06|12:55:58] In IsValid() 
len(lockset.Votes): 6 lockset.EligibleVotesNum: 8
INFO [11-06|12:55:58] There is a quorum                        height=1 round=0
--- in rm.process p.id: --- Peer 6d11b37ef4fc909a [eth/63]
INFO [11-06|12:55:58] ============in cm.commitLockset============ 
INFO [11-06|12:55:58] in commitLockset, check ls HasQuorum 
INFO [11-06|12:55:58] in HasQuorum 
INFO [11-06|12:55:58] In IsValid() 
len(lockset.Votes): 6 lockset.EligibleVotesNum: 8
INFO [11-06|12:55:58] cm.found is not nil 
INFO [11-06|12:55:58] store lockset 
peerid: 6d11b37ef4fc909a
INFO [11-06|12:55:58] ---storeLockset--- 
INFO [11-06|12:55:58] after cm.process() 
cmH 1
INFO [11-06|12:55:58] in validatorCommit1 
pid: 6d11b37ef4fc909a
block number 1
-------in NewBFTValidatorBlock-------
INFO [11-06|12:55:58] have a consensus on the block 
INFO [11-06|12:55:58] result.Header().Coinbase != b.signer 
result.Header().Coinbase: [125 87 122 89 123 39 66 180 152 203 92 240 194 108 220 215 38 211 158 110] b.signer: [220 236 234 243 252 92 10 99 209 149 214 155 26 144 1 27 123 25 101 13]
ConsensusTime, 1029951381 , txs, 1598 , blockNum, 1
FinishedConsensus, 1541480158108126000
INFO [11-06|12:55:58] result is nil 
INFO [11-06|12:55:58] === Finished Mine() === 
INFO [11-06|12:55:58] in validatorCommit2 
validatorCommit time: 239.902µs
INFO [11-06|12:55:58] **in eth.handler**, get result from ch 
INFO [11-06|12:55:58] In verifyVotes 
INFO [11-06|12:55:58] in HasQuorum 
INFO [11-06|12:55:58] In IsValid() 
len(lockset.Votes): 6 lockset.EligibleVotesNum: 8
INFO [11-06|12:55:58] ***in BFT.VerifyHeaderSSSS*** 
INFO [11-06|12:55:58] ***in BFT.verifyHeader*** 
INFO [11-06|12:55:58] ***in BFT.verifySeal*** 
INFO [11-06|12:55:58] In verifyVotes 
INFO [11-06|12:55:58] in HasQuorum 
INFO [11-06|12:55:58] In IsValid() 
len(lockset.Votes): 6 lockset.EligibleVotesNum: 8
INFO [11-06|12:55:58] Handle BFT Msg,                          msg="msg #9 (3 bytes)"
INFO [11-06|12:55:58] -------GetLocksetsMsg------- 
GetLockSetsMsg request:  [{1}] from:  14f2a4e39998a282
INFO [11-06|12:55:58] Request future block 
INFO [11-06|12:55:59] Handle BFT Msg,                          msg="msg #9 (3 bytes)"
INFO [11-06|12:55:59] -------GetLocksetsMsg------- 
GetLockSetsMsg request:  [{1}] from:  14f2a4e39998a282
INFO [11-06|12:55:59] Request future block 
INFO [11-06|12:55:59] Handle BFT Msg,                          msg="msg #9 (3 bytes)"
INFO [11-06|12:55:59] -------GetLocksetsMsg------- 
GetLockSetsMsg request:  [{1}] from:  14f2a4e39998a282
INFO [11-06|12:55:59] Request future block 
INFO [11-06|12:55:59] Handle BFT Msg,                          msg="msg #17 (107 bytes)"
INFO [11-06|12:55:59] ------Received VoteMsg------ 
voteHR: H: 1 R: 0 voteType:: 1 voteHash: [92 120 43 246 7 59 90 201 15 236 15 121 43 129 19 61 246 197 191 1 119 244 96 213 163 114 42 66 228 31 114 250]
cmHR: H: 1 R: 0
INFO [11-06|12:55:59] --------------------------------------- 
INFO [11-06|12:55:59] addVote to                               height=1 round=0 from=0x24143873e0e0815fdcbcffdbe09c979cbf9ad013 success=true cm.coinbase=0xdceceaf3fc5c0a63d195d69b1a90011b7b19650d
INFO [11-06|12:55:59] ------in handle VoteMsg, success!------ 
INFO [11-06|12:56:03] Imported new chain segment               blocks=1 txs=1598 mgas=33.558 elapsed=4.893s    mgasps=6.858 number=1 hash=5c782b…1f72fa
FinishedPostExec, 1541480163165070000 , txs, 1598
PostExecTime, 4.893047562s
INFO [11-06|12:56:03] in pool.evenLoop, call pool.resetState 
INFO [11-06|12:56:08] Commit new mining work                   number=2 txs=1599 uncles=0 elapsed=5.810s
INFO [11-06|12:56:08] Sealing                                  block n=2
StartConsensus, 1541480168979298000
INFO [11-06|12:56:08] Start Process 
INFO [11-06|12:56:08] in cm.Process, check lastCommittingLockset() 
INFO [11-06|12:56:08] In IsValid() 
len(lockset.Votes): 7 lockset.EligibleVotesNum: 8
INFO [11-06|12:56:08] in HasQuorum 
INFO [11-06|12:56:08] In IsValid() 
len(lockset.Votes): 7 lockset.EligibleVotesNum: 8
=====CM.COINBASE IS:===== [220 236 234 243 252 92 10 99 209 149 214 155 26 144 1 27 123 25 101 13] block number is: 2
INFO [11-06|12:56:08] case: default, cm.process 
ready: 8 need: 5.3333335
INFO [11-06|12:56:08] ---------------process------------------ 
INFO [11-06|12:56:08] In RM Process                            height=2 round=0
INFO [11-06|12:56:08] --------In rm.propose------- 
INFO [11-06|12:56:08] I am a proposer in                       height=2 round=0
INFO [11-06|12:56:08] in propose, check lastRoundLockset 
lastRoundLockset, hm.activeround: 0
INFO [11-06|12:56:08] ------in mkProposal------ 
INFO [11-06|12:56:08] In IsValid() 
len(lockset.Votes): 7 lockset.EligibleVotesNum: 8
INFO [11-06|12:56:08] in HasQuorum 
INFO [11-06|12:56:08] In IsValid() 
len(lockset.Votes): 7 lockset.EligibleVotesNum: 8
INFO [11-06|12:56:08] LockSet(R-1) is nil (rm.round should equal to zero) 
INFO [11-06|12:56:08] in HasQuorum 
INFO [11-06|12:56:08] In IsValid() 
len(lockset.Votes): 7 lockset.EligibleVotesNum: 8
INFO [11-06|12:56:08] in HasQuorum 
INFO [11-06|12:56:08] In IsValid() 
len(lockset.Votes): 7 lockset.EligibleVotesNum: 8
Create block blockhash :  [174 180 44 232 131 53 106 212 125 204 108 123 207 188 68 45 220 152 198 231 118 96 135 29 210 45 20 234 149 119 56 44]
INFO [11-06|12:56:08] In addBlockCandidates!! 
INFO [11-06|12:56:08] Send NewBlockProposalMsg:                LOG15_ERROR=                                                   LOG15_ERROR="Normalized odd number of arguments by adding nil"
INFO [11-06|12:56:09] Handle BFT Msg,                          msg="msg #17 (107 bytes)"
INFO [11-06|12:56:09] ------Received VoteMsg------ 
voteHR: H: 2 R: 0 voteType:: 2 voteHash: [0 0 0 0 0 0 0 0 0 0 0 0 0 0 0 0 0 0 0 0 0 0 0 0 0 0 0 0 0 0 0 0]
cmHR: H: 2 R: 0
INFO [11-06|12:56:09] --------------------------------------- 
INFO [11-06|12:56:09] Handle BFT Msg,                          msg="msg #18 (977 bytes)"
INFO [11-06|12:56:09] ------Received MsigProposalMsg------ 
mpHR: H: 2 R: 0 hash: [174 180 44 232 131 53 106 212 125 204 108 123 207 188 68 45 220 152 198 231 118 96 135 29 210 45 20 234 149 119 56 44]
cmHR: H: 2 R: 0
INFO [11-06|12:56:09] --------------------------------------- 
INFO [11-06|12:56:09] In addMsig I am leader 
mp= [[0 0 0 0 0 0 0 0 0 0 0 0 0 0 0 0 0 0 0 0] [89 132 67 241 136 14 245 133 178 31 29 117 133 189 5 119 64 40 97 229]]
INFO [11-06|12:56:09] in bfthandler Send MsigProposalMsg 
INFO [11-06|12:56:09] Sending MsigProposalMsg 
INFO [11-06|12:56:09] Sending MsigProposalMsg 
INFO [11-06|12:56:09] Sending MsigProposalMsg 
INFO [11-06|12:56:09] Sending MsigProposalMsg 
INFO [11-06|12:56:09] Handle BFT Msg,                          msg="msg #18 (977 bytes)"
INFO [11-06|12:56:09] ------Received MsigProposalMsg------ 
mpHR: H: 2 R: 0 hash: [174 180 44 232 131 53 106 212 125 204 108 123 207 188 68 45 220 152 198 231 118 96 135 29 210 45 20 234 149 119 56 44]
cmHR: H: 2 R: 0
INFO [11-06|12:56:09] --------------------------------------- 
INFO [11-06|12:56:09] In addMsig I am leader 
INFO [11-06|12:56:09] this is combineSign!!!! 
INFO [11-06|12:56:09] Sending MsigProposalMsg 
Msig= &{[[0 0 0 0 0 0 0 0 0 0 0 0 0 0 0 0 0 0 0 0] [89 132 67 241 136 14 245 133 178 31 29 117 133 189 5 119 64 40 97 229]] [0 28] [0 105853121716885482000793695486953772209071837454048990204220002161827598157584] [0 48700818176847599686829650823153658331408531321612770025417697489437411560333]}
INFO [11-06|12:56:09] in bfthandler Send MsigProposalMsg 
INFO [11-06|12:56:09] Sending MsigProposalMsg 
INFO [11-06|12:56:09] Sending MsigProposalMsg 
INFO [11-06|12:56:09] Sending MsigProposalMsg 
INFO [11-06|12:56:09] Sending MsigProposalMsg 
INFO [11-06|12:56:09] ---------------in rm.vote----------------- 
INFO [11-06|12:56:09] in vote in RM                            height=2 round=0
INFO [11-06|12:56:09] Timeout time not reach, curr vs timeout: curr=1541480169.000 timeout=1541480173.000
INFO [11-06|12:56:09] in rm.process, check lockset HasQuorum 
INFO [11-06|12:56:09] in HasQuorum 
INFO [11-06|12:56:09] In IsValid() 
len(lockset.Votes): 0 lockset.EligibleVotesNum: 8
INFO [11-06|12:56:09] rm lockset is not valid yet 
INFO [11-06|12:56:09] after cm.process() 
INFO [11-06|12:56:09] addVote to                               height=2 round=0 from=0x7d577a597b2742b498cb5cf0c26cdcd726d39e6e success=true cm.coinbase=0xdceceaf3fc5c0a63d195d69b1a90011b7b19650d
INFO [11-06|12:56:09] ------in handle VoteMsg, success!------ 
INFO [11-06|12:56:09] Handle BFT Msg,                          msg="msg #18 (977 bytes)"
INFO [11-06|12:56:09] ------Received MsigProposalMsg------ 
mpHR: H: 2 R: 0 hash: [174 180 44 232 131 53 106 212 125 204 108 123 207 188 68 45 220 152 198 231 118 96 135 29 210 45 20 234 149 119 56 44]
cmHR: H: 2 R: 0
INFO [11-06|12:56:09] --------------------------------------- 
INFO [11-06|12:56:09] In addMsig I am leader 
INFO [11-06|12:56:09] this is combineSign!!!! 
Msig= &{[[0 0 0 0 0 0 0 0 0 0 0 0 0 0 0 0 0 0 0 0] [89 132 67 241 136 14 245 133 178 31 29 117 133 189 5 119 64 40 97 229]] [0 28] [0 105853121716885482000793695486953772209071837454048990204220002161827598157584] [0 48700818176847599686829650823153658331408531321612770025417697489437411560333]}
INFO [11-06|12:56:09] in bfthandler Send MsigProposalMsg 
INFO [11-06|12:56:09] ------addmsigproposal success!------- 
INFO [11-06|12:56:09] ------addmsigproposal success!------- 
INFO [11-06|12:56:09] ------addmsigproposal success!------- 
INFO [11-06|12:56:09] Handle BFT Msg,                          msg="msg #17 (107 bytes)"
INFO [11-06|12:56:09] ------Received VoteMsg------ 
voteHR: H: 2 R: 0 voteType:: 1 voteHash: [174 180 44 232 131 53 106 212 125 204 108 123 207 188 68 45 220 152 198 231 118 96 135 29 210 45 20 234 149 119 56 44]
cmHR: H: 2 R: 0
INFO [11-06|12:56:09] --------------------------------------- 
INFO [11-06|12:56:09] addVote to                               height=2 round=0 from=0x598443f1880ef585b21f1d7585bd0577402861e5 success=true cm.coinbase=0xdceceaf3fc5c0a63d195d69b1a90011b7b19650d
INFO [11-06|12:56:09] ------in handle VoteMsg, success!------ 
INFO [11-06|12:56:09] Handle BFT Msg,                          msg="msg #17 (107 bytes)"
INFO [11-06|12:56:09] ------Received VoteMsg------ 
voteHR: H: 2 R: 0 voteType:: 1 voteHash: [174 180 44 232 131 53 106 212 125 204 108 123 207 188 68 45 220 152 198 231 118 96 135 29 210 45 20 234 149 119 56 44]
cmHR: H: 2 R: 0
INFO [11-06|12:56:09] --------------------------------------- 
INFO [11-06|12:56:09] addVote to                               height=2 round=0 from=0x82a978b3f5962a5b0957d9ee9eef472ee55b42f1 success=true cm.coinbase=0xdceceaf3fc5c0a63d195d69b1a90011b7b19650d
INFO [11-06|12:56:09] ------in handle VoteMsg, success!------ 
INFO [11-06|12:56:09] Handle BFT Msg,                          msg="msg #17 (107 bytes)"
INFO [11-06|12:56:09] ------Received VoteMsg------ 
voteHR: H: 2 R: 0 voteType:: 1 voteHash: [174 180 44 232 131 53 106 212 125 204 108 123 207 188 68 45 220 152 198 231 118 96 135 29 210 45 20 234 149 119 56 44]
cmHR: H: 2 R: 0
INFO [11-06|12:56:09] --------------------------------------- 
INFO [11-06|12:56:09] addVote to                               height=2 round=0 from=0x77db2bebba79db42a978f896968f4afce746ea1f success=true cm.coinbase=0xdceceaf3fc5c0a63d195d69b1a90011b7b19650d
INFO [11-06|12:56:09] ------in handle VoteMsg, success!------ 
INFO [11-06|12:56:09] Handle BFT Msg,                          msg="msg #17 (107 bytes)"
INFO [11-06|12:56:09] ------Received VoteMsg------ 
voteHR: H: 2 R: 0 voteType:: 1 voteHash: [174 180 44 232 131 53 106 212 125 204 108 123 207 188 68 45 220 152 198 231 118 96 135 29 210 45 20 234 149 119 56 44]
cmHR: H: 2 R: 0
INFO [11-06|12:56:09] --------------------------------------- 
INFO [11-06|12:56:09] addVote to                               height=2 round=0 from=0x13cbb8d99c6c4e0f2728c7d72606e78a29c4e224 success=true cm.coinbase=0xdceceaf3fc5c0a63d195d69b1a90011b7b19650d
INFO [11-06|12:56:09] ------in handle VoteMsg, success!------ 
INFO [11-06|12:56:09] case: default, cm.process 
ready: 8 need: 5.3333335
INFO [11-06|12:56:09] ---------------process------------------ 
INFO [11-06|12:56:09] In RM Process                            height=2 round=0
INFO [11-06|12:56:09] --------In rm.propose------- 
INFO [11-06|12:56:09] I am a proposer in                       height=2 round=0
INFO [11-06|12:56:09] ---------------in rm.vote----------------- 
INFO [11-06|12:56:09] in vote in RM                            height=2 round=0
INFO [11-06|12:56:09] vote mp 
INFO [11-06|12:56:09] vote success in                          height=2 round=0
INFO [11-06|12:56:09] Send VoteMsg 
INFO [11-06|12:56:09] in rm.process, check lockset HasQuorum 
INFO [11-06|12:56:09] in HasQuorum 
INFO [11-06|12:56:09] In IsValid() 
len(lockset.Votes): 6 lockset.EligibleVotesNum: 8
INFO [11-06|12:56:09] rm lockset is not valid yet 
INFO [11-06|12:56:09] after cm.process() 
INFO [11-06|12:56:09] case: default, cm.process 
ready: 8 need: 5.3333335
INFO [11-06|12:56:09] ---------------process------------------ 
INFO [11-06|12:56:09] In RM Process                            height=2 round=0
INFO [11-06|12:56:09] --------In rm.propose------- 
INFO [11-06|12:56:09] I am a proposer in                       height=2 round=0
INFO [11-06|12:56:09] ---------------in rm.vote----------------- 
INFO [11-06|12:56:09] voted 
INFO [11-06|12:56:09] in rm.process, check lockset HasQuorum 
INFO [11-06|12:56:09] in HasQuorum 
INFO [11-06|12:56:09] In IsValid() 
len(lockset.Votes): 6 lockset.EligibleVotesNum: 8
INFO [11-06|12:56:09] rm lockset is not valid yet 
INFO [11-06|12:56:09] after cm.process() 
INFO [11-06|12:56:09] case: default, cm.process 
ready: 8 need: 5.3333335
INFO [11-06|12:56:09] ---------------process------------------ 
INFO [11-06|12:56:09] In RM Process                            height=2 round=0
INFO [11-06|12:56:09] --------In rm.propose------- 
INFO [11-06|12:56:09] I am a proposer in                       height=2 round=0
INFO [11-06|12:56:09] ---------------in rm.vote----------------- 
INFO [11-06|12:56:09] voted 
INFO [11-06|12:56:09] in rm.process, check lockset HasQuorum 
INFO [11-06|12:56:09] in HasQuorum 
INFO [11-06|12:56:09] In IsValid() 
len(lockset.Votes): 6 lockset.EligibleVotesNum: 8
INFO [11-06|12:56:09] rm lockset is not valid yet 
INFO [11-06|12:56:09] after cm.process() 
INFO [11-06|12:56:09] case: default, cm.process 
ready: 8 need: 5.3333335
INFO [11-06|12:56:09] ---------------process------------------ 
INFO [11-06|12:56:09] In RM Process                            height=2 round=0
INFO [11-06|12:56:09] --------In rm.propose------- 
INFO [11-06|12:56:09] I am a proposer in                       height=2 round=0
INFO [11-06|12:56:09] ---------------in rm.vote----------------- 
INFO [11-06|12:56:09] voted 
INFO [11-06|12:56:09] in rm.process, check lockset HasQuorum 
INFO [11-06|12:56:09] in HasQuorum 
INFO [11-06|12:56:09] In IsValid() 
len(lockset.Votes): 6 lockset.EligibleVotesNum: 8
INFO [11-06|12:56:09] rm lockset is not valid yet 
INFO [11-06|12:56:09] after cm.process() 
INFO [11-06|12:56:09] case: default, cm.process 
ready: 8 need: 5.3333335
INFO [11-06|12:56:09] ---------------process------------------ 
INFO [11-06|12:56:09] In RM Process                            height=2 round=0
INFO [11-06|12:56:09] --------In rm.propose------- 
INFO [11-06|12:56:09] I am a proposer in                       height=2 round=0
INFO [11-06|12:56:09] ---------------in rm.vote----------------- 
INFO [11-06|12:56:09] voted 
INFO [11-06|12:56:09] in rm.process, check lockset HasQuorum 
INFO [11-06|12:56:09] in HasQuorum 
INFO [11-06|12:56:09] In IsValid() 
len(lockset.Votes): 6 lockset.EligibleVotesNum: 8
INFO [11-06|12:56:09] rm lockset is not valid yet 
INFO [11-06|12:56:09] after cm.process() 
INFO [11-06|12:56:09] case: default, cm.process 
ready: 8 need: 5.3333335
INFO [11-06|12:56:09] ---------------process------------------ 
INFO [11-06|12:56:09] In RM Process                            height=2 round=0
INFO [11-06|12:56:09] --------In rm.propose------- 
INFO [11-06|12:56:09] I am a proposer in                       height=2 round=0
INFO [11-06|12:56:09] ---------------in rm.vote----------------- 
INFO [11-06|12:56:09] voted 
INFO [11-06|12:56:09] in rm.process, check lockset HasQuorum 
INFO [11-06|12:56:09] in HasQuorum 
INFO [11-06|12:56:09] In IsValid() 
len(lockset.Votes): 6 lockset.EligibleVotesNum: 8
INFO [11-06|12:56:09] rm lockset is not valid yet 
INFO [11-06|12:56:09] after cm.process() 
INFO [11-06|12:56:09] case: default, cm.process 
ready: 8 need: 5.3333335
INFO [11-06|12:56:09] ---------------process------------------ 
INFO [11-06|12:56:09] In RM Process                            height=2 round=0
INFO [11-06|12:56:09] --------In rm.propose------- 
INFO [11-06|12:56:09] I am a proposer in                       height=2 round=0
INFO [11-06|12:56:09] ---------------in rm.vote----------------- 
INFO [11-06|12:56:09] voted 
INFO [11-06|12:56:09] in rm.process, check lockset HasQuorum 
INFO [11-06|12:56:09] in HasQuorum 
INFO [11-06|12:56:09] In IsValid() 
len(lockset.Votes): 6 lockset.EligibleVotesNum: 8
INFO [11-06|12:56:09] rm lockset is not valid yet 
INFO [11-06|12:56:09] after cm.process() 
INFO [11-06|12:56:10] case: default, cm.process 
ready: 8 need: 5.3333335
INFO [11-06|12:56:10] ---------------process------------------ 
INFO [11-06|12:56:10] In RM Process                            height=2 round=0
INFO [11-06|12:56:10] --------In rm.propose------- 
INFO [11-06|12:56:10] I am a proposer in                       height=2 round=0
INFO [11-06|12:56:10] ---------------in rm.vote----------------- 
INFO [11-06|12:56:10] voted 
INFO [11-06|12:56:10] in rm.process, check lockset HasQuorum 
INFO [11-06|12:56:10] in HasQuorum 
INFO [11-06|12:56:10] In IsValid() 
len(lockset.Votes): 6 lockset.EligibleVotesNum: 8
INFO [11-06|12:56:10] rm lockset is not valid yet 
INFO [11-06|12:56:10] after cm.process() 
INFO [11-06|12:56:10] case: default, cm.process 
ready: 8 need: 5.3333335
INFO [11-06|12:56:10] ---------------process------------------ 
INFO [11-06|12:56:10] In RM Process                            height=2 round=0
INFO [11-06|12:56:10] --------In rm.propose------- 
INFO [11-06|12:56:10] I am a proposer in                       height=2 round=0
INFO [11-06|12:56:10] ---------------in rm.vote----------------- 
INFO [11-06|12:56:10] voted 
INFO [11-06|12:56:10] in rm.process, check lockset HasQuorum 
INFO [11-06|12:56:10] in HasQuorum 
INFO [11-06|12:56:10] In IsValid() 
len(lockset.Votes): 6 lockset.EligibleVotesNum: 8
INFO [11-06|12:56:10] rm lockset is not valid yet 
INFO [11-06|12:56:10] after cm.process() 
INFO [11-06|12:56:10] Handle BFT Msg,                          msg="msg #17 (107 bytes)"
INFO [11-06|12:56:10] ------Received VoteMsg------ 
voteHR: H: 2 R: 0 voteType:: 1 voteHash: [174 180 44 232 131 53 106 212 125 204 108 123 207 188 68 45 220 152 198 231 118 96 135 29 210 45 20 234 149 119 56 44]
cmHR: H: 2 R: 0
INFO [11-06|12:56:10] --------------------------------------- 
INFO [11-06|12:56:10] addVote to                               height=2 round=0 from=0x24143873e0e0815fdcbcffdbe09c979cbf9ad013 success=true cm.coinbase=0xdceceaf3fc5c0a63d195d69b1a90011b7b19650d
INFO [11-06|12:56:10] ------in handle VoteMsg, success!------ 
INFO [11-06|12:56:10] received NewBlockMsg! 
INFO [11-06|12:56:10] ***in BFT.VVVVerifyHeader*** 
INFO [11-06|12:56:10] ***in BFT.verifyHeader*** 
INFO [11-06|12:56:10] ***in BFT.verifySeal*** 
INFO [11-06|12:56:10] In verifyVotes 
INFO [11-06|12:56:10] ***in sync.request()*** 
INFO [11-06|12:56:10] case: default, cm.process 
ready: 8 need: 5.3333335
INFO [11-06|12:56:10] ---------------process------------------ 
INFO [11-06|12:56:10] In RM Process                            height=2 round=0
INFO [11-06|12:56:10] --------In rm.propose------- 
INFO [11-06|12:56:10] I am a proposer in                       height=2 round=0
INFO [11-06|12:56:10] ---------------in rm.vote----------------- 
INFO [11-06|12:56:10] voted 
INFO [11-06|12:56:10] in rm.process, check lockset HasQuorum 
INFO [11-06|12:56:10] in HasQuorum 
INFO [11-06|12:56:10] In IsValid() 
len(lockset.Votes): 7 lockset.EligibleVotesNum: 8
INFO [11-06|12:56:10] There is a quorum                        height=2 round=0
INFO [11-06|12:56:10] ============in cm.commitLockset============ 
INFO [11-06|12:56:10] in commitLockset, check ls HasQuorum 
INFO [11-06|12:56:10] in HasQuorum 
INFO [11-06|12:56:10] In IsValid() 
len(lockset.Votes): 7 lockset.EligibleVotesNum: 8
INFO [11-06|12:56:10] cm.found is not nil 
INFO [11-06|12:56:10] store lockset 
INFO [11-06|12:56:10] ---storeLockset--- 
INFO [11-06|12:56:10] have a consensus on the block 
ConsensusTime, 1313512455 , txs, 1599 , blockNum, 2
FinishedConsensus, 1541480170292780000
INFO [11-06|12:56:10] Successfully sealed new block            number=2 hash=aeb42c…77382c
INFO [11-06|12:56:10] === Finished Mine() === 
INFO [11-06|12:56:10] after cm.process() 
INFO [11-06|12:56:10] received NewBlockMsg! 
INFO [11-06|12:56:10] 🔨 mined potential block                  number=2 hash=aeb42c…77382c
INFO [11-06|12:56:10] in pool.evenLoop, call pool.resetState 
INFO [11-06|12:56:10] In verifyVotes 
INFO [11-06|12:56:10] in HasQuorum 
INFO [11-06|12:56:10] In IsValid() 
len(lockset.Votes): 7 lockset.EligibleVotesNum: 8
INFO [11-06|12:56:10] ***in BFT.VerifyHeaderSSSS*** 
INFO [11-06|12:56:10] ***in BFT.verifyHeader*** 
INFO [11-06|12:56:10] ***in BFT.verifySeal*** 
INFO [11-06|12:56:10] In verifyVotes 
INFO [11-06|12:56:10] in HasQuorum 
INFO [11-06|12:56:10] In IsValid() 
len(lockset.Votes): 7 lockset.EligibleVotesNum: 8
INFO [11-06|12:56:11] Handle BFT Msg,                          msg="msg #9 (3 bytes)"
INFO [11-06|12:56:11] -------GetLocksetsMsg------- 
GetLockSetsMsg request:  [{2}] from:  afcb05e7b74b3124
INFO [11-06|12:56:11]  Sending Lockset                         LOG15_ERROR=                                                   LOG15_ERROR="Normalized odd number of arguments by adding nil"
INFO [11-06|12:56:14] Handle BFT Msg,                          msg="msg #17 (107 bytes)"
INFO [11-06|12:56:14] ------Received VoteMsg------ 
voteHR: H: 2 R: 0 voteType:: 1 voteHash: [174 180 44 232 131 53 106 212 125 204 108 123 207 188 68 45 220 152 198 231 118 96 135 29 210 45 20 234 149 119 56 44]
cmHR: H: 3 R: 0
INFO [11-06|12:56:14] --------------------------------------- 
INFO [11-06|12:56:14] addVote to                               height=2 round=0 from=0x10a1c1cb95c92ec31d3f22c66eef1d9f3f258c6b success=true cm.coinbase=0xdceceaf3fc5c0a63d195d69b1a90011b7b19650d
INFO [11-06|12:56:14] ------in handle VoteMsg, success!------ 
INFO [11-06|12:56:21] Commit new mining work                   number=3 txs=1599 uncles=0 elapsed=11.028s
INFO [11-06|12:56:21] Sealing                                  block n=3
StartConsensus, 1541480181380152000
INFO [11-06|12:56:21] Start Process 
INFO [11-06|12:56:21] in cm.Process, check lastCommittingLockset() 
INFO [11-06|12:56:21] In IsValid() 
len(lockset.Votes): 8 lockset.EligibleVotesNum: 8
INFO [11-06|12:56:21] in HasQuorum 
INFO [11-06|12:56:21] In IsValid() 
len(lockset.Votes): 8 lockset.EligibleVotesNum: 8
=====CM.COINBASE IS:===== [220 236 234 243 252 92 10 99 209 149 214 155 26 144 1 27 123 25 101 13] block number is: 3
INFO [11-06|12:56:21] case: default, cm.process 
ready: 8 need: 5.3333335
INFO [11-06|12:56:21] ---------------process------------------ 
INFO [11-06|12:56:21] In RM Process                            height=3 round=0
INFO [11-06|12:56:21] --------In rm.propose------- 
INFO [11-06|12:56:21] ---------------in rm.vote----------------- 
INFO [11-06|12:56:21] in vote in RM                            height=3 round=0
INFO [11-06|12:56:21] Timeout time not reach, curr vs timeout: curr=1541480181.000 timeout=1541480186.000
INFO [11-06|12:56:21] in rm.process, check lockset HasQuorum 
INFO [11-06|12:56:21] in HasQuorum 
INFO [11-06|12:56:21] In IsValid() 
len(lockset.Votes): 0 lockset.EligibleVotesNum: 8
INFO [11-06|12:56:21] rm lockset is not valid yet 
INFO [11-06|12:56:21] after cm.process() 
INFO [11-06|12:56:21] case: default, cm.process 
ready: 8 need: 5.3333335
INFO [11-06|12:56:21] ---------------process------------------ 
INFO [11-06|12:56:21] In RM Process                            height=3 round=0
INFO [11-06|12:56:21] --------In rm.propose------- 
INFO [11-06|12:56:21] ---------------in rm.vote----------------- 
INFO [11-06|12:56:21] in vote in RM                            height=3 round=0
INFO [11-06|12:56:21] Timeout time not reach, curr vs timeout: curr=1541480181.000 timeout=1541480186.000
INFO [11-06|12:56:21] in rm.process, check lockset HasQuorum 
INFO [11-06|12:56:21] in HasQuorum 
INFO [11-06|12:56:21] In IsValid() 
len(lockset.Votes): 0 lockset.EligibleVotesNum: 8
INFO [11-06|12:56:21] rm lockset is not valid yet 
INFO [11-06|12:56:21] after cm.process() 
INFO [11-06|12:56:21] case: default, cm.process 
ready: 8 need: 5.3333335
INFO [11-06|12:56:21] ---------------process------------------ 
INFO [11-06|12:56:21] In RM Process                            height=3 round=0
INFO [11-06|12:56:21] --------In rm.propose------- 
INFO [11-06|12:56:21] ---------------in rm.vote----------------- 
INFO [11-06|12:56:21] in vote in RM                            height=3 round=0
INFO [11-06|12:56:21] Timeout time not reach, curr vs timeout: curr=1541480181.000 timeout=1541480186.000
INFO [11-06|12:56:21] in rm.process, check lockset HasQuorum 
INFO [11-06|12:56:21] in HasQuorum 
INFO [11-06|12:56:21] In IsValid() 
len(lockset.Votes): 0 lockset.EligibleVotesNum: 8
INFO [11-06|12:56:21] rm lockset is not valid yet 
INFO [11-06|12:56:21] after cm.process() 
INFO [11-06|12:56:21] case: default, cm.process 
ready: 8 need: 5.3333335
INFO [11-06|12:56:21] ---------------process------------------ 
INFO [11-06|12:56:21] In RM Process                            height=3 round=0
INFO [11-06|12:56:21] --------In rm.propose------- 
INFO [11-06|12:56:21] ---------------in rm.vote----------------- 
INFO [11-06|12:56:21] in vote in RM                            height=3 round=0
INFO [11-06|12:56:21] Timeout time not reach, curr vs timeout: curr=1541480181.000 timeout=1541480186.000
INFO [11-06|12:56:21] in rm.process, check lockset HasQuorum 
INFO [11-06|12:56:21] in HasQuorum 
INFO [11-06|12:56:21] In IsValid() 
len(lockset.Votes): 0 lockset.EligibleVotesNum: 8
INFO [11-06|12:56:21] rm lockset is not valid yet 
INFO [11-06|12:56:21] after cm.process() 
INFO [11-06|12:56:21] case: default, cm.process 
ready: 8 need: 5.3333335
INFO [11-06|12:56:21] ---------------process------------------ 
INFO [11-06|12:56:21] In RM Process                            height=3 round=0
INFO [11-06|12:56:21] --------In rm.propose------- 
INFO [11-06|12:56:21] ---------------in rm.vote----------------- 
INFO [11-06|12:56:21] in vote in RM                            height=3 round=0
INFO [11-06|12:56:21] Timeout time not reach, curr vs timeout: curr=1541480181.000 timeout=1541480186.000
INFO [11-06|12:56:21] in rm.process, check lockset HasQuorum 
INFO [11-06|12:56:21] in HasQuorum 
INFO [11-06|12:56:21] In IsValid() 
len(lockset.Votes): 0 lockset.EligibleVotesNum: 8
INFO [11-06|12:56:21] rm lockset is not valid yet 
INFO [11-06|12:56:21] after cm.process() 
INFO [11-06|12:56:21] case: default, cm.process 
ready: 8 need: 5.3333335
INFO [11-06|12:56:21] ---------------process------------------ 
INFO [11-06|12:56:21] In RM Process                            height=3 round=0
INFO [11-06|12:56:21] --------In rm.propose------- 
INFO [11-06|12:56:21] ---------------in rm.vote----------------- 
INFO [11-06|12:56:21] in vote in RM                            height=3 round=0
INFO [11-06|12:56:21] Timeout time not reach, curr vs timeout: curr=1541480181.000 timeout=1541480186.000
INFO [11-06|12:56:21] in rm.process, check lockset HasQuorum 
INFO [11-06|12:56:21] in HasQuorum 
INFO [11-06|12:56:21] In IsValid() 
len(lockset.Votes): 0 lockset.EligibleVotesNum: 8
INFO [11-06|12:56:21] rm lockset is not valid yet 
INFO [11-06|12:56:21] after cm.process() 
INFO [11-06|12:56:22] case: default, cm.process 
ready: 8 need: 5.3333335
INFO [11-06|12:56:22] ---------------process------------------ 
INFO [11-06|12:56:22] In RM Process                            height=3 round=0
INFO [11-06|12:56:22] --------In rm.propose------- 
INFO [11-06|12:56:22] ---------------in rm.vote----------------- 
INFO [11-06|12:56:22] in vote in RM                            height=3 round=0
INFO [11-06|12:56:22] Timeout time not reach, curr vs timeout: curr=1541480182.000 timeout=1541480186.000
INFO [11-06|12:56:22] in rm.process, check lockset HasQuorum 
INFO [11-06|12:56:22] in HasQuorum 
INFO [11-06|12:56:22] In IsValid() 
len(lockset.Votes): 0 lockset.EligibleVotesNum: 8
INFO [11-06|12:56:22] rm lockset is not valid yet 
INFO [11-06|12:56:22] after cm.process() 
INFO [11-06|12:56:22] case: default, cm.process 
ready: 8 need: 5.3333335
INFO [11-06|12:56:22] ---------------process------------------ 
INFO [11-06|12:56:22] In RM Process                            height=3 round=0
INFO [11-06|12:56:22] --------In rm.propose------- 
INFO [11-06|12:56:22] ---------------in rm.vote----------------- 
INFO [11-06|12:56:22] in vote in RM                            height=3 round=0
INFO [11-06|12:56:22] Timeout time not reach, curr vs timeout: curr=1541480182.000 timeout=1541480186.000
INFO [11-06|12:56:22] in rm.process, check lockset HasQuorum 
INFO [11-06|12:56:22] in HasQuorum 
INFO [11-06|12:56:22] In IsValid() 
len(lockset.Votes): 0 lockset.EligibleVotesNum: 8
INFO [11-06|12:56:22] rm lockset is not valid yet 
INFO [11-06|12:56:22] after cm.process() 
INFO [11-06|12:56:22] case: default, cm.process 
ready: 8 need: 5.3333335
INFO [11-06|12:56:22] ---------------process------------------ 
INFO [11-06|12:56:22] In RM Process                            height=3 round=0
INFO [11-06|12:56:22] --------In rm.propose------- 
INFO [11-06|12:56:22] ---------------in rm.vote----------------- 
INFO [11-06|12:56:22] in vote in RM                            height=3 round=0
INFO [11-06|12:56:22] Timeout time not reach, curr vs timeout: curr=1541480182.000 timeout=1541480186.000
INFO [11-06|12:56:22] in rm.process, check lockset HasQuorum 
INFO [11-06|12:56:22] in HasQuorum 
INFO [11-06|12:56:22] In IsValid() 
len(lockset.Votes): 0 lockset.EligibleVotesNum: 8
INFO [11-06|12:56:22] rm lockset is not valid yet 
INFO [11-06|12:56:22] after cm.process() 
./node3.sh: line 16: 83669 Terminated: 15          ../build/bin/geth --networkid 2234 --port 30305 --rpcport 8547 --datadir "data/node3" --nodiscover --rpc --rpccorsdomain "*" --rpcapi "eth,net,web3,debug" --bft --allow-empty --num-validators 8 --node-num 2
