INFO [10-28|15:03:11] Starting peer-to-peer node               instance=Geth/v1.6.7-unstable-ebbdf5b7/darwin-amd64/go1.9.7
INFO [10-28|15:03:11] Allocated cache and file handles         database=/Users/sujianwei20/new_misgcode/go_ethereum_cosi/examples/data/node3/geth/chaindata cache=128 handles=1024
WARN [10-28|15:03:11] Upgrading chain database to use sequential keys 
INFO [10-28|15:03:11] Initialised chain configuration          config="{ChainID: 2235 Homestead: 1 DAO: <nil> DAOSupport: false EIP150: 2 EIP155: 3 EIP158: 3 Metropolis: <nil> Engine: ethash}"
INFO [10-28|15:03:11] config bft is                            bft=true
INFO [10-28|15:03:11] Database conversion successful 
WARN [10-28|15:03:11] Upgrading db log bloom bins 
INFO [10-28|15:03:11] Bloom-bin upgrade completed              elapsed=93.168µs
INFO [10-28|15:03:11] Initialising Ethereum protocol           versions="[63 62]" network=2234
INFO [10-28|15:03:11] Loaded most recent local header          number=0 hash=6f3c1c…1bf138 td=1048576
INFO [10-28|15:03:11] Loaded most recent local full block      number=0 hash=6f3c1c…1bf138 td=1048576
INFO [10-28|15:03:11] Loaded most recent local fast block      number=0 hash=6f3c1c…1bf138 td=1048576
INFO [10-28|15:03:11] in NewTxPool, call resetState 
INFO [10-28|15:03:11] in NewTxPool, call pool.eventLoog() 
INFO [10-28|15:03:11] Allocated cache and file handles         database=/Users/sujianwei20/new_misgcode/go_ethereum_cosi/examples/data/node3/geth/bftData   cache=128 handles=1024
INFO [10-28|15:03:11] addVote to                               height=0 round=0 from=0xdceceaf3fc5c0a63d195d69b1a90011b7b19650d success=true cm.coinbase=0xdceceaf3fc5c0a63d195d69b1a90011b7b19650d
ready: 1 need: 2.6666667
INFO [10-28|15:03:11] consensusManager not ready  
ready: 1 need: 2.6666667
INFO [10-28|15:03:11] Starting P2P networking 
INFO [10-28|15:03:11] RLPx listener up                         self="enode://94dd98401cf6ca0418580bb77ad0606a35ae8f442b22ab0f81011d8d2c78e70ff779c1d53d015640d79a13f0be99161ae3ff3adb60633ca03a7b542cbe116882@[::]:30305?discport=0"
INFO [10-28|15:03:11] ---In BFTvalidatorCommitBlock--- 
INFO [10-28|15:03:11] IPC endpoint opened: /Users/sujianwei20/new_misgcode/go_ethereum_cosi/examples/data/node3/geth.ipc 
INFO [10-28|15:03:11] HTTP endpoint opened: http://127.0.0.1:8547 
INFO [10-28|15:03:11] Handle BFT Msg,                          msg="msg #8 (78 bytes)"
INFO [10-28|15:03:11] ------Received ReadMsg------ 
AddReady from: [125 87 122 89 123 39 66 180 152 203 92 240 194 108 220 215 38 211 158 110]
INFO [10-28|15:03:11] send Ready msg 
INFO [10-28|15:03:11] send Ready msg 
INFO [10-28|15:03:11] send Ready msg 
INFO [10-28|15:03:11] Handle BFT Msg,                          msg="msg #8 (78 bytes)"
INFO [10-28|15:03:11] ------Received ReadMsg------ 
AddReady from: [125 87 122 89 123 39 66 180 152 203 92 240 194 108 220 215 38 211 158 110]
INFO [10-28|15:03:11] Handle BFT Msg,                          msg="msg #8 (78 bytes)"
INFO [10-28|15:03:11] ------Received ReadMsg------ 
AddReady from: [125 87 122 89 123 39 66 180 152 203 92 240 194 108 220 215 38 211 158 110]
INFO [10-28|15:03:11] Handle BFT Msg,                          msg="msg #8 (78 bytes)"
INFO [10-28|15:03:11] ------Received ReadMsg------ 
INFO [10-28|15:03:11] Handle BFT Msg,                          msg="msg #8 (78 bytes)"
INFO [10-28|15:03:11] ------Received ReadMsg------ 
INFO [10-28|15:03:11] Handle BFT Msg,                          msg="msg #8 (78 bytes)"
INFO [10-28|15:03:11] ------Received ReadMsg------ 
AddReady from: [130 169 120 179 245 150 42 91 9 87 217 238 158 239 71 46 229 91 66 241]
AddReady from: [130 169 120 179 245 150 42 91 9 87 217 238 158 239 71 46 229 91 66 241]
INFO [10-28|15:03:11] send Ready msg 
INFO [10-28|15:03:11] send Ready msg 
AddReady from: [130 169 120 179 245 150 42 91 9 87 217 238 158 239 71 46 229 91 66 241]
INFO [10-28|15:03:11] send Ready msg 
INFO [10-28|15:03:11] send Ready msg 
INFO [10-28|15:03:11] send Ready msg 
INFO [10-28|15:03:11] send Ready msg 
INFO [10-28|15:03:11] send Ready msg 
INFO [10-28|15:03:11] send Ready msg 
INFO [10-28|15:03:11] Handle BFT Msg,                          msg="msg #8 (78 bytes)"
INFO [10-28|15:03:11] ------Received ReadMsg------ 
AddReady from: [89 132 67 241 136 14 245 133 178 31 29 117 133 189 5 119 64 40 97 229]
INFO [10-28|15:03:11] send Ready msg 
INFO [10-28|15:03:11] send Ready msg 
INFO [10-28|15:03:11] send Ready msg 
INFO [10-28|15:03:11] Handle BFT Msg,                          msg="msg #8 (78 bytes)"
INFO [10-28|15:03:11] ------Received ReadMsg------ 
AddReady from: [89 132 67 241 136 14 245 133 178 31 29 117 133 189 5 119 64 40 97 229]
INFO [10-28|15:03:11] Handle BFT Msg,                          msg="msg #8 (78 bytes)"
INFO [10-28|15:03:11] ------Received ReadMsg------ 
AddReady from: [89 132 67 241 136 14 245 133 178 31 29 117 133 189 5 119 64 40 97 229]
INFO [10-28|15:03:11] Handle BFT Msg,                          msg="msg #8 (78 bytes)"
INFO [10-28|15:03:11] ------Received ReadMsg------ 
AddReady from: [89 132 67 241 136 14 245 133 178 31 29 117 133 189 5 119 64 40 97 229]
ready: 4 need: 2.6666667
ready: 4 need: 2.6666667
INFO [10-28|15:03:11] send Ready msg 
INFO [10-28|15:03:11] send Ready msg 
INFO [10-28|15:03:11] send Ready msg 
INFO [10-28|15:03:11] Handle BFT Msg,                          msg="msg #8 (78 bytes)"
INFO [10-28|15:03:11] ------Received ReadMsg------ 
INFO [10-28|15:03:11] Handle BFT Msg,                          msg="msg #8 (78 bytes)"
INFO [10-28|15:03:11] ------Received ReadMsg------ 
AddReady from: [220 236 234 243 252 92 10 99 209 149 214 155 26 144 1 27 123 25 101 13]
INFO [10-28|15:03:11] Handle BFT Msg,                          msg="msg #8 (78 bytes)"
INFO [10-28|15:03:11] ------Received ReadMsg------ 
AddReady from: [220 236 234 243 252 92 10 99 209 149 214 155 26 144 1 27 123 25 101 13]
INFO [10-28|15:03:11] -----------------consensusManager Ready------------------------- 
AddReady from: [220 236 234 243 252 92 10 99 209 149 214 155 26 144 1 27 123 25 101 13]
INFO [10-28|15:03:12] Handle BFT Msg,                          msg="msg #8 (78 bytes)"
INFO [10-28|15:03:12] ------Received ReadMsg------ 
AddReady from: [125 87 122 89 123 39 66 180 152 203 92 240 194 108 220 215 38 211 158 110]
INFO [10-28|15:03:12] send Ready msg 
INFO [10-28|15:03:12] send Ready msg 
INFO [10-28|15:03:12] send Ready msg 
INFO [10-28|15:03:12] Handle BFT Msg,                          msg="msg #8 (78 bytes)"
INFO [10-28|15:03:12] ------Received ReadMsg------ 
INFO [10-28|15:03:12] Handle BFT Msg,                          msg="msg #8 (78 bytes)"
INFO [10-28|15:03:12] ------Received ReadMsg------ 
AddReady from: [125 87 122 89 123 39 66 180 152 203 92 240 194 108 220 215 38 211 158 110]
AddReady from: [125 87 122 89 123 39 66 180 152 203 92 240 194 108 220 215 38 211 158 110]
INFO [10-28|15:03:12] Handle BFT Msg,                          msg="msg #8 (78 bytes)"
INFO [10-28|15:03:12] ------Received ReadMsg------ 
AddReady from: [130 169 120 179 245 150 42 91 9 87 217 238 158 239 71 46 229 91 66 241]
INFO [10-28|15:03:12] send Ready msg 
INFO [10-28|15:03:12] send Ready msg 
INFO [10-28|15:03:12] send Ready msg 
INFO [10-28|15:03:12] Handle BFT Msg,                          msg="msg #8 (78 bytes)"
INFO [10-28|15:03:12] ------Received ReadMsg------ 
AddReady from: [130 169 120 179 245 150 42 91 9 87 217 238 158 239 71 46 229 91 66 241]
INFO [10-28|15:03:12] Handle BFT Msg,                          msg="msg #8 (78 bytes)"
INFO [10-28|15:03:12] ------Received ReadMsg------ 
AddReady from: [130 169 120 179 245 150 42 91 9 87 217 238 158 239 71 46 229 91 66 241]
INFO [10-28|15:03:12] Handle BFT Msg,                          msg="msg #8 (78 bytes)"
INFO [10-28|15:03:12] ------Received ReadMsg------ 
AddReady from: [130 169 120 179 245 150 42 91 9 87 217 238 158 239 71 46 229 91 66 241]
INFO [10-28|15:05:24] Transaction pool price threshold updated price=18000000000
INFO [10-28|15:05:24] Starting mining operation 
INFO [10-28|15:05:25] Handle BFT Msg,                          msg="msg #11 (172922 bytes)"
INFO [10-28|15:05:25] -------Received NewBlockProposalMsg------- 
bpHR: H: 1 R: 0
cmHR: H: 1 R: 0
INFO [10-28|15:05:25] --------------------------------------- 
# collMsig from = Peer 6d11b37ef4fc909a [eth/63]
cmHR: H: 1 R: 0
this is rm.proposerPeer  Peer 6d11b37ef4fc909a [eth/63]
INFO [10-28|15:05:25] In IsValid() 
len(lockset.Votes): 0 lockset.EligibleVotesNum: 0
INFO [10-28|15:05:25] cm add BlockProposal                     h=1 r=0
INFO [10-28|15:05:25] in HasQuorum 
INFO [10-28|15:05:25] In IsValid() 
len(lockset.Votes): 1 lockset.EligibleVotesNum: 0
INFO [10-28|15:05:25] in collectMsig, i am msig proposer 
INFO [10-28|15:05:25] in bfthandler Send MsigProposalMsg 
INFO [10-28|15:05:25] Sending MsigProposalMsg 
INFO [10-28|15:05:25] Sending MsigProposalMsg 
INFO [10-28|15:05:25] Sending MsigProposalMsg 
INFO [10-28|15:05:25] Return MsigProposalMsg to                LOG15_ERROR= LOG15_ERROR="Normalized odd number of arguments by adding nil"
INFO [10-28|15:05:25] Sending MsigProposalMsg 
in cm.collectMsig, mp.MsigVs: [<nil> 27]
INFO [10-28|15:05:25] In addBlockCandidates!! 
INFO [10-28|15:05:25] -------in handle NewBlockProposalMsg, success!------- 
INFO [10-28|15:05:26] Handle BFT Msg,                          msg="msg #17 (107 bytes)"
INFO [10-28|15:05:26] ------Received VoteMsg------ 
voteHR: H: 1 R: 0 voteType:: 1 voteHash: [145 238 56 27 61 8 126 219 198 209 209 169 24 172 233 169 108 246 142 6 74 66 212 187 19 34 13 67 82 226 146 143]
cmHR: H: 1 R: 0
INFO [10-28|15:05:26] --------------------------------------- 
INFO [10-28|15:05:26] addVote to                               height=1 round=0 from=0x82a978b3f5962a5b0957d9ee9eef472ee55b42f1 success=true cm.coinbase=0xdceceaf3fc5c0a63d195d69b1a90011b7b19650d
INFO [10-28|15:05:26] ------in handle VoteMsg, success!------ 
INFO [10-28|15:05:26] Handle BFT Msg,                          msg="msg #17 (107 bytes)"
INFO [10-28|15:05:26] ------Received VoteMsg------ 
voteHR: H: 1 R: 0 voteType:: 1 voteHash: [145 238 56 27 61 8 126 219 198 209 209 169 24 172 233 169 108 246 142 6 74 66 212 187 19 34 13 67 82 226 146 143]
cmHR: H: 1 R: 0
INFO [10-28|15:05:26] --------------------------------------- 
INFO [10-28|15:05:26] addVote to                               height=1 round=0 from=0x7d577a597b2742b498cb5cf0c26cdcd726d39e6e success=true cm.coinbase=0xdceceaf3fc5c0a63d195d69b1a90011b7b19650d
INFO [10-28|15:05:26] ------in handle VoteMsg, success!------ 
INFO [10-28|15:05:26] Handle BFT Msg,                          msg="msg #17 (107 bytes)"
INFO [10-28|15:05:26] ------Received VoteMsg------ 
voteHR: H: 1 R: 0 voteType:: 1 voteHash: [145 238 56 27 61 8 126 219 198 209 209 169 24 172 233 169 108 246 142 6 74 66 212 187 19 34 13 67 82 226 146 143]
cmHR: H: 1 R: 0
INFO [10-28|15:05:26] --------------------------------------- 
INFO [10-28|15:05:26] addVote to                               height=1 round=0 from=0x598443f1880ef585b21f1d7585bd0577402861e5 success=true cm.coinbase=0xdceceaf3fc5c0a63d195d69b1a90011b7b19650d
INFO [10-28|15:05:26] ------in handle VoteMsg, success!------ 
INFO [10-28|15:05:26] received NewBlockMsg! 
INFO [10-28|15:05:26] ***in BFT.VVVVerifyHeader*** 
INFO [10-28|15:05:26] ***in BFT.verifyHeader*** 
INFO [10-28|15:05:26] ***in BFT.verifySeal*** 
INFO [10-28|15:05:26] In verifyVotes 
INFO [10-28|15:05:26] ***in sync.request()*** 
INFO [10-28|15:05:26] Handle BFT Msg,                          msg="msg #9 (3 bytes)"
INFO [10-28|15:05:26] -------GetLocksetsMsg------- 
GetLockSetsMsg request:  [{1}] from:  6d11b37ef4fc909a
INFO [10-28|15:05:26] Request future block 
INFO [10-28|15:05:26] received NewBlockMsg! 
INFO [10-28|15:05:26] Commit new mining work                   number=1 txs=1598 uncles=0 elapsed=2.318s
INFO [10-28|15:05:26] Sealing                                  block n=1
StartConsensus, 1540710326363423000
INFO [10-28|15:05:26] Start Process 
INFO [10-28|15:05:26] in cm.Process, check lastCommittingLockset() 
INFO [10-28|15:05:26] In IsValid() 
len(lockset.Votes): 2 lockset.EligibleVotesNum: 0
INFO [10-28|15:05:26] in HasQuorum 
INFO [10-28|15:05:26] In IsValid() 
len(lockset.Votes): 2 lockset.EligibleVotesNum: 0
=====CM.COINBASE IS:===== [220 236 234 243 252 92 10 99 209 149 214 155 26 144 1 27 123 25 101 13] block number is: 1
INFO [10-28|15:05:26] case: default, cm.process 
ready: 4 need: 2.6666667
INFO [10-28|15:05:26] ---------------process------------------ 
INFO [10-28|15:05:26] In RM Process                            height=1 round=0
INFO [10-28|15:05:26] --------In rm.propose------- 
INFO [10-28|15:05:26] ---------------in rm.vote----------------- 
INFO [10-28|15:05:26] in vote in RM                            height=1 round=0
INFO [10-28|15:05:26] vote mp 
INFO [10-28|15:05:26] vote success in                          height=1 round=0
INFO [10-28|15:05:26] Send VoteMsg 
INFO [10-28|15:05:26] in rm.process, check lockset HasQuorum 
INFO [10-28|15:05:26] in HasQuorum 
INFO [10-28|15:05:26] In IsValid() 
len(lockset.Votes): 4 lockset.EligibleVotesNum: 4
INFO [10-28|15:05:26] There is a quorum                        height=1 round=0
--- in rm.process p.id: --- Peer 6d11b37ef4fc909a [eth/63]
INFO [10-28|15:05:26] ============in cm.commitLockset============ 
INFO [10-28|15:05:26] in commitLockset, check ls HasQuorum 
INFO [10-28|15:05:26] in HasQuorum 
INFO [10-28|15:05:26] In IsValid() 
len(lockset.Votes): 4 lockset.EligibleVotesNum: 4
INFO [10-28|15:05:26] cm.found is not nil 
INFO [10-28|15:05:26] store lockset 
peerid: 6d11b37ef4fc909a
INFO [10-28|15:05:26] ---storeLockset--- 
INFO [10-28|15:05:26] have a consensus on the block 
cmH 1
INFO [10-28|15:05:26] result.Header().Coinbase != b.signer 
INFO [10-28|15:05:26] in validatorCommit1 
result.Header().Coinbase: [125 87 122 89 123 39 66 180 152 203 92 240 194 108 220 215 38 211 158 110] b.signer: [220 236 234 243 252 92 10 99 209 149 214 155 26 144 1 27 123 25 101 13]
ConsensusTime, 5211904 , txs, 1598 , blockNum, 1
FinishedConsensus, 1540710326368663000
pid: 6d11b37ef4fc909a
INFO [10-28|15:05:26] result is nil 
block number 1
-------in NewBFTValidatorBlock-------
INFO [10-28|15:05:26] === Finished Mine() === 
INFO [10-28|15:05:26] in validatorCommit2 
validatorCommit time: 199.207µs
INFO [10-28|15:05:26] **in eth.handler**, get result from ch 
INFO [10-28|15:05:26] after cm.process() 
INFO [10-28|15:05:26] In verifyVotes 
INFO [10-28|15:05:26] in HasQuorum 
INFO [10-28|15:05:26] In IsValid() 
len(lockset.Votes): 4 lockset.EligibleVotesNum: 4
INFO [10-28|15:05:26] ***in BFT.VerifyHeaderSSSS*** 
INFO [10-28|15:05:26] ***in BFT.verifyHeader*** 
INFO [10-28|15:05:26] ***in BFT.verifySeal*** 
INFO [10-28|15:05:26] In verifyVotes 
INFO [10-28|15:05:26] in HasQuorum 
INFO [10-28|15:05:26] In IsValid() 
len(lockset.Votes): 4 lockset.EligibleVotesNum: 4
INFO [10-28|15:05:27] Imported new chain segment               blocks=1 txs=1598 mgas=33.558 elapsed=1.005s   mgasps=33.361 number=1 hash=91ee38…e2928f
FinishedPostExec, 1540710327479044000 , txs, 1598
PostExecTime, 1.00591897s
INFO [10-28|15:05:27] in pool.evenLoop, call pool.resetState 
INFO [10-28|15:05:29] Commit new mining work                   number=2 txs=1599 uncles=0 elapsed=1.629s
INFO [10-28|15:05:29] Sealing                                  block n=2
StartConsensus, 1540710329108668000
INFO [10-28|15:05:29] Start Process 
INFO [10-28|15:05:29] in cm.Process, check lastCommittingLockset() 
INFO [10-28|15:05:29] In IsValid() 
len(lockset.Votes): 4 lockset.EligibleVotesNum: 4
INFO [10-28|15:05:29] in HasQuorum 
INFO [10-28|15:05:29] In IsValid() 
len(lockset.Votes): 4 lockset.EligibleVotesNum: 4
=====CM.COINBASE IS:===== [220 236 234 243 252 92 10 99 209 149 214 155 26 144 1 27 123 25 101 13] block number is: 2
INFO [10-28|15:05:29] case: default, cm.process 
ready: 4 need: 2.6666667
INFO [10-28|15:05:29] ---------------process------------------ 
INFO [10-28|15:05:29] In RM Process                            height=2 round=0
INFO [10-28|15:05:29] --------In rm.propose------- 
INFO [10-28|15:05:29] I am a proposer in                       height=2 round=0
INFO [10-28|15:05:29] in propose, check lastRoundLockset 
lastRoundLockset, hm.activeround: 0
INFO [10-28|15:05:29] ------in mkProposal------ 
INFO [10-28|15:05:29] In IsValid() 
len(lockset.Votes): 4 lockset.EligibleVotesNum: 4
INFO [10-28|15:05:29] in HasQuorum 
INFO [10-28|15:05:29] In IsValid() 
len(lockset.Votes): 4 lockset.EligibleVotesNum: 4
INFO [10-28|15:05:29] LockSet(R-1) is nil (rm.round should equal to zero) 
INFO [10-28|15:05:29] in HasQuorum 
INFO [10-28|15:05:29] In IsValid() 
len(lockset.Votes): 4 lockset.EligibleVotesNum: 4
INFO [10-28|15:05:29] in HasQuorum 
INFO [10-28|15:05:29] In IsValid() 
len(lockset.Votes): 4 lockset.EligibleVotesNum: 4
Create block blockhash :  [109 167 103 254 76 108 107 105 173 124 70 231 13 107 117 176 173 3 212 17 149 88 232 37 126 61 124 224 194 163 175 174]
INFO [10-28|15:05:29] In addBlockCandidates!! 
INFO [10-28|15:05:29] Send NewBlockProposalMsg:                LOG15_ERROR=                                                   LOG15_ERROR="Normalized odd number of arguments by adding nil"
INFO [10-28|15:05:29] Handle BFT Msg,                          msg="msg #18 (662 bytes)"
INFO [10-28|15:05:29] ------Received MsigProposalMsg------ 
mpHR: H: 2 R: 0 hash: [109 167 103 254 76 108 107 105 173 124 70 231 13 107 117 176 173 3 212 17 149 88 232 37 126 61 124 224 194 163 175 174]
cmHR: H: 2 R: 0
INFO [10-28|15:05:29] --------------------------------------- 
INFO [10-28|15:05:29] in MsigFinished 
len(mp.Msig.MsigVs): 2 mp.MsigVs: [0 27]
INFO [10-28|15:05:29] ---------------in rm.vote----------------- 
INFO [10-28|15:05:29] in vote in RM                            height=2 round=0
INFO [10-28|15:05:29] Timeout time not reach, curr vs timeout: curr=1540710329.000 timeout=1540710334.000
INFO [10-28|15:05:29] in rm.process, check lockset HasQuorum 
INFO [10-28|15:05:29] in HasQuorum 
INFO [10-28|15:05:29] In IsValid() 
len(lockset.Votes): 0 lockset.EligibleVotesNum: 4
INFO [10-28|15:05:29] rm lockset is not valid yet 
INFO [10-28|15:05:29] after cm.process() 
INFO [10-28|15:05:29] ------addmsigproposal success!------- 
INFO [10-28|15:05:29] Handle BFT Msg,                          msg="msg #18 (662 bytes)"
INFO [10-28|15:05:29] ------Received MsigProposalMsg------ 
mpHR: H: 2 R: 0 hash: [109 167 103 254 76 108 107 105 173 124 70 231 13 107 117 176 173 3 212 17 149 88 232 37 126 61 124 224 194 163 175 174]
cmHR: H: 2 R: 0
INFO [10-28|15:05:29] --------------------------------------- 
INFO [10-28|15:05:29] in MsigFinished 
len(mp.Msig.MsigVs): 2 mp.MsigVs: [0 27]
INFO [10-28|15:05:29] ------addmsigproposal success!------- 
INFO [10-28|15:05:29] Handle BFT Msg,                          msg="msg #17 (107 bytes)"
INFO [10-28|15:05:29] ------Received VoteMsg------ 
voteHR: H: 2 R: 0 voteType:: 1 voteHash: [109 167 103 254 76 108 107 105 173 124 70 231 13 107 117 176 173 3 212 17 149 88 232 37 126 61 124 224 194 163 175 174]
cmHR: H: 2 R: 0
INFO [10-28|15:05:29] --------------------------------------- 
INFO [10-28|15:05:29] addVote to                               height=2 round=0 from=0x598443f1880ef585b21f1d7585bd0577402861e5 success=true cm.coinbase=0xdceceaf3fc5c0a63d195d69b1a90011b7b19650d
INFO [10-28|15:05:29] ------in handle VoteMsg, success!------ 
INFO [10-28|15:05:29] Handle BFT Msg,                          msg="msg #17 (107 bytes)"
INFO [10-28|15:05:29] ------Received VoteMsg------ 
voteHR: H: 2 R: 0 voteType:: 1 voteHash: [109 167 103 254 76 108 107 105 173 124 70 231 13 107 117 176 173 3 212 17 149 88 232 37 126 61 124 224 194 163 175 174]
cmHR: H: 2 R: 0
INFO [10-28|15:05:29] --------------------------------------- 
INFO [10-28|15:05:29] addVote to                               height=2 round=0 from=0x82a978b3f5962a5b0957d9ee9eef472ee55b42f1 success=true cm.coinbase=0xdceceaf3fc5c0a63d195d69b1a90011b7b19650d
INFO [10-28|15:05:29] ------in handle VoteMsg, success!------ 
INFO [10-28|15:05:29] case: default, cm.process 
ready: 4 need: 2.6666667
INFO [10-28|15:05:29] ---------------process------------------ 
INFO [10-28|15:05:29] In RM Process                            height=2 round=0
INFO [10-28|15:05:29] --------In rm.propose------- 
INFO [10-28|15:05:29] I am a proposer in                       height=2 round=0
INFO [10-28|15:05:29] ---------------in rm.vote----------------- 
INFO [10-28|15:05:29] in vote in RM                            height=2 round=0
INFO [10-28|15:05:29] vote mp 
INFO [10-28|15:05:29] vote success in                          height=2 round=0
INFO [10-28|15:05:29] Send VoteMsg 
INFO [10-28|15:05:29] in rm.process, check lockset HasQuorum 
INFO [10-28|15:05:29] in HasQuorum 
INFO [10-28|15:05:29] In IsValid() 
len(lockset.Votes): 3 lockset.EligibleVotesNum: 4
INFO [10-28|15:05:29] There is a quorum                        height=2 round=0
INFO [10-28|15:05:29] ============in cm.commitLockset============ 
INFO [10-28|15:05:29] in commitLockset, check ls HasQuorum 
INFO [10-28|15:05:29] in HasQuorum 
INFO [10-28|15:05:29] In IsValid() 
len(lockset.Votes): 3 lockset.EligibleVotesNum: 4
INFO [10-28|15:05:29] cm.found is not nil 
INFO [10-28|15:05:29] store lockset 
INFO [10-28|15:05:29] ---storeLockset--- 
INFO [10-28|15:05:29] after cm.process() 
INFO [10-28|15:05:29] have a consensus on the block 
ConsensusTime, 166369696 , txs, 1599 , blockNum, 2
FinishedConsensus, 1540710329275045000
INFO [10-28|15:05:29] Successfully sealed new block            number=2 hash=6da767…a3afae
INFO [10-28|15:05:29] === Finished Mine() === 
INFO [10-28|15:05:29] 🔨 mined potential block                  number=2 hash=6da767…a3afae
INFO [10-28|15:05:29] in pool.evenLoop, call pool.resetState 
INFO [10-28|15:05:29] Handle BFT Msg,                          msg="msg #9 (3 bytes)"
INFO [10-28|15:05:29] -------GetLocksetsMsg------- 
GetLockSetsMsg request:  [{2}] from:  6d11b37ef4fc909a
INFO [10-28|15:05:29]  Sending Lockset                         LOG15_ERROR=                                                   LOG15_ERROR="Normalized odd number of arguments by adding nil"
INFO [10-28|15:05:31] Commit new mining work                   number=3 txs=1599 uncles=0 elapsed=2.530s
INFO [10-28|15:05:31] Sealing                                  block n=3
StartConsensus, 1540710331829467000
INFO [10-28|15:05:31] Start Process 
INFO [10-28|15:05:31] in cm.Process, check lastCommittingLockset() 
INFO [10-28|15:05:31] In IsValid() 
len(lockset.Votes): 3 lockset.EligibleVotesNum: 4
INFO [10-28|15:05:31] in HasQuorum 
INFO [10-28|15:05:31] In IsValid() 
len(lockset.Votes): 3 lockset.EligibleVotesNum: 4
=====CM.COINBASE IS:===== [220 236 234 243 252 92 10 99 209 149 214 155 26 144 1 27 123 25 101 13] block number is: 3
INFO [10-28|15:05:31] case: default, cm.process 
ready: 4 need: 2.6666667
INFO [10-28|15:05:31] ---------------process------------------ 
INFO [10-28|15:05:31] In RM Process                            height=3 round=0
INFO [10-28|15:05:31] --------In rm.propose------- 
INFO [10-28|15:05:31] ---------------in rm.vote----------------- 
INFO [10-28|15:05:31] in vote in RM                            height=3 round=0
INFO [10-28|15:05:31] Timeout time not reach, curr vs timeout: curr=1540710331.000 timeout=1540710336.000
INFO [10-28|15:05:31] in rm.process, check lockset HasQuorum 
INFO [10-28|15:05:31] in HasQuorum 
INFO [10-28|15:05:31] In IsValid() 
len(lockset.Votes): 0 lockset.EligibleVotesNum: 4
INFO [10-28|15:05:31] rm lockset is not valid yet 
INFO [10-28|15:05:31] after cm.process() 
INFO [10-28|15:05:31] case: default, cm.process 
ready: 4 need: 2.6666667
INFO [10-28|15:05:31] ---------------process------------------ 
INFO [10-28|15:05:31] In RM Process                            height=3 round=0
INFO [10-28|15:05:31] --------In rm.propose------- 
INFO [10-28|15:05:31] ---------------in rm.vote----------------- 
INFO [10-28|15:05:31] in vote in RM                            height=3 round=0
INFO [10-28|15:05:31] Timeout time not reach, curr vs timeout: curr=1540710331.000 timeout=1540710336.000
INFO [10-28|15:05:31] in rm.process, check lockset HasQuorum 
INFO [10-28|15:05:31] in HasQuorum 
INFO [10-28|15:05:31] In IsValid() 
len(lockset.Votes): 0 lockset.EligibleVotesNum: 4
INFO [10-28|15:05:31] rm lockset is not valid yet 
INFO [10-28|15:05:31] after cm.process() 
INFO [10-28|15:05:32] case: default, cm.process 
ready: 4 need: 2.6666667
INFO [10-28|15:05:32] ---------------process------------------ 
INFO [10-28|15:05:32] In RM Process                            height=3 round=0
INFO [10-28|15:05:32] --------In rm.propose------- 
INFO [10-28|15:05:32] ---------------in rm.vote----------------- 
INFO [10-28|15:05:32] in vote in RM                            height=3 round=0
INFO [10-28|15:05:32] Timeout time not reach, curr vs timeout: curr=1540710332.000 timeout=1540710336.000
INFO [10-28|15:05:32] in rm.process, check lockset HasQuorum 
INFO [10-28|15:05:32] in HasQuorum 
INFO [10-28|15:05:32] In IsValid() 
len(lockset.Votes): 0 lockset.EligibleVotesNum: 4
INFO [10-28|15:05:32] rm lockset is not valid yet 
INFO [10-28|15:05:32] after cm.process() 
INFO [10-28|15:05:32] case: default, cm.process 
ready: 4 need: 2.6666667
INFO [10-28|15:05:32] ---------------process------------------ 
INFO [10-28|15:05:32] In RM Process                            height=3 round=0
INFO [10-28|15:05:32] --------In rm.propose------- 
INFO [10-28|15:05:32] ---------------in rm.vote----------------- 
INFO [10-28|15:05:32] in vote in RM                            height=3 round=0
INFO [10-28|15:05:32] Timeout time not reach, curr vs timeout: curr=1540710332.000 timeout=1540710336.000
INFO [10-28|15:05:32] in rm.process, check lockset HasQuorum 
INFO [10-28|15:05:32] in HasQuorum 
INFO [10-28|15:05:32] In IsValid() 
len(lockset.Votes): 0 lockset.EligibleVotesNum: 4
INFO [10-28|15:05:32] rm lockset is not valid yet 
INFO [10-28|15:05:32] after cm.process() 
INFO [10-28|15:05:32] case: default, cm.process 
ready: 4 need: 2.6666667
INFO [10-28|15:05:32] ---------------process------------------ 
INFO [10-28|15:05:32] In RM Process                            height=3 round=0
INFO [10-28|15:05:32] --------In rm.propose------- 
INFO [10-28|15:05:32] ---------------in rm.vote----------------- 
INFO [10-28|15:05:32] in vote in RM                            height=3 round=0
INFO [10-28|15:05:32] Timeout time not reach, curr vs timeout: curr=1540710332.000 timeout=1540710336.000
INFO [10-28|15:05:32] in rm.process, check lockset HasQuorum 
INFO [10-28|15:05:32] in HasQuorum 
INFO [10-28|15:05:32] In IsValid() 
len(lockset.Votes): 0 lockset.EligibleVotesNum: 4
INFO [10-28|15:05:32] rm lockset is not valid yet 
INFO [10-28|15:05:32] after cm.process() 
INFO [10-28|15:05:32] case: default, cm.process 
ready: 4 need: 2.6666667
INFO [10-28|15:05:32] ---------------process------------------ 
INFO [10-28|15:05:32] In RM Process                            height=3 round=0
INFO [10-28|15:05:32] --------In rm.propose------- 
INFO [10-28|15:05:32] ---------------in rm.vote----------------- 
INFO [10-28|15:05:32] in vote in RM                            height=3 round=0
INFO [10-28|15:05:32] Timeout time not reach, curr vs timeout: curr=1540710332.000 timeout=1540710336.000
INFO [10-28|15:05:32] in rm.process, check lockset HasQuorum 
INFO [10-28|15:05:32] in HasQuorum 
INFO [10-28|15:05:32] In IsValid() 
len(lockset.Votes): 0 lockset.EligibleVotesNum: 4
INFO [10-28|15:05:32] rm lockset is not valid yet 
INFO [10-28|15:05:32] after cm.process() 
INFO [10-28|15:05:32] case: default, cm.process 
ready: 4 need: 2.6666667
INFO [10-28|15:05:32] ---------------process------------------ 
INFO [10-28|15:05:32] In RM Process                            height=3 round=0
INFO [10-28|15:05:32] --------In rm.propose------- 
INFO [10-28|15:05:32] ---------------in rm.vote----------------- 
INFO [10-28|15:05:32] in vote in RM                            height=3 round=0
INFO [10-28|15:05:32] Timeout time not reach, curr vs timeout: curr=1540710332.000 timeout=1540710336.000
INFO [10-28|15:05:32] in rm.process, check lockset HasQuorum 
INFO [10-28|15:05:32] in HasQuorum 
INFO [10-28|15:05:32] In IsValid() 
len(lockset.Votes): 0 lockset.EligibleVotesNum: 4
INFO [10-28|15:05:32] rm lockset is not valid yet 
INFO [10-28|15:05:32] after cm.process() 
INFO [10-28|15:05:32] case: default, cm.process 
ready: 4 need: 2.6666667
INFO [10-28|15:05:32] ---------------process------------------ 
INFO [10-28|15:05:32] In RM Process                            height=3 round=0
INFO [10-28|15:05:32] --------In rm.propose------- 
INFO [10-28|15:05:32] ---------------in rm.vote----------------- 
INFO [10-28|15:05:32] in vote in RM                            height=3 round=0
INFO [10-28|15:05:32] Timeout time not reach, curr vs timeout: curr=1540710332.000 timeout=1540710336.000
INFO [10-28|15:05:32] in rm.process, check lockset HasQuorum 
INFO [10-28|15:05:32] in HasQuorum 
INFO [10-28|15:05:32] In IsValid() 
len(lockset.Votes): 0 lockset.EligibleVotesNum: 4
INFO [10-28|15:05:32] rm lockset is not valid yet 
INFO [10-28|15:05:32] after cm.process() 
INFO [10-28|15:05:32] case: default, cm.process 
ready: 4 need: 2.6666667
INFO [10-28|15:05:32] ---------------process------------------ 
INFO [10-28|15:05:32] In RM Process                            height=3 round=0
INFO [10-28|15:05:32] --------In rm.propose------- 
INFO [10-28|15:05:32] ---------------in rm.vote----------------- 
INFO [10-28|15:05:32] in vote in RM                            height=3 round=0
INFO [10-28|15:05:32] Timeout time not reach, curr vs timeout: curr=1540710332.000 timeout=1540710336.000
INFO [10-28|15:05:32] in rm.process, check lockset HasQuorum 
INFO [10-28|15:05:32] in HasQuorum 
INFO [10-28|15:05:32] In IsValid() 
len(lockset.Votes): 0 lockset.EligibleVotesNum: 4
INFO [10-28|15:05:32] rm lockset is not valid yet 
INFO [10-28|15:05:32] after cm.process() 
INFO [10-28|15:05:32] case: default, cm.process 
ready: 4 need: 2.6666667
INFO [10-28|15:05:32] ---------------process------------------ 
INFO [10-28|15:05:32] In RM Process                            height=3 round=0
INFO [10-28|15:05:32] --------In rm.propose------- 
INFO [10-28|15:05:32] ---------------in rm.vote----------------- 
INFO [10-28|15:05:32] in vote in RM                            height=3 round=0
INFO [10-28|15:05:32] Timeout time not reach, curr vs timeout: curr=1540710332.000 timeout=1540710336.000
INFO [10-28|15:05:32] in rm.process, check lockset HasQuorum 
INFO [10-28|15:05:32] in HasQuorum 
INFO [10-28|15:05:32] In IsValid() 
len(lockset.Votes): 0 lockset.EligibleVotesNum: 4
INFO [10-28|15:05:32] rm lockset is not valid yet 
INFO [10-28|15:05:32] after cm.process() 
INFO [10-28|15:05:32] case: default, cm.process 
ready: 4 need: 2.6666667
INFO [10-28|15:05:32] ---------------process------------------ 
INFO [10-28|15:05:32] In RM Process                            height=3 round=0
INFO [10-28|15:05:32] --------In rm.propose------- 
INFO [10-28|15:05:32] ---------------in rm.vote----------------- 
INFO [10-28|15:05:32] in vote in RM                            height=3 round=0
INFO [10-28|15:05:32] Timeout time not reach, curr vs timeout: curr=1540710332.000 timeout=1540710336.000
INFO [10-28|15:05:32] in rm.process, check lockset HasQuorum 
INFO [10-28|15:05:32] in HasQuorum 
INFO [10-28|15:05:32] In IsValid() 
len(lockset.Votes): 0 lockset.EligibleVotesNum: 4
INFO [10-28|15:05:32] rm lockset is not valid yet 
INFO [10-28|15:05:32] after cm.process() 
INFO [10-28|15:05:32] case: default, cm.process 
ready: 4 need: 2.6666667
INFO [10-28|15:05:32] ---------------process------------------ 
INFO [10-28|15:05:32] In RM Process                            height=3 round=0
INFO [10-28|15:05:32] --------In rm.propose------- 
INFO [10-28|15:05:32] ---------------in rm.vote----------------- 
INFO [10-28|15:05:32] in vote in RM                            height=3 round=0
INFO [10-28|15:05:32] Timeout time not reach, curr vs timeout: curr=1540710332.000 timeout=1540710336.000
INFO [10-28|15:05:32] in rm.process, check lockset HasQuorum 
INFO [10-28|15:05:32] in HasQuorum 
INFO [10-28|15:05:32] In IsValid() 
len(lockset.Votes): 0 lockset.EligibleVotesNum: 4
INFO [10-28|15:05:32] rm lockset is not valid yet 
INFO [10-28|15:05:32] after cm.process() 
INFO [10-28|15:05:33] case: default, cm.process 
ready: 4 need: 2.6666667
INFO [10-28|15:05:33] ---------------process------------------ 
INFO [10-28|15:05:33] In RM Process                            height=3 round=0
INFO [10-28|15:05:33] --------In rm.propose------- 
INFO [10-28|15:05:33] ---------------in rm.vote----------------- 
INFO [10-28|15:05:33] in vote in RM                            height=3 round=0
INFO [10-28|15:05:33] Timeout time not reach, curr vs timeout: curr=1540710333.000 timeout=1540710336.000
INFO [10-28|15:05:33] in rm.process, check lockset HasQuorum 
INFO [10-28|15:05:33] in HasQuorum 
INFO [10-28|15:05:33] In IsValid() 
len(lockset.Votes): 0 lockset.EligibleVotesNum: 4
INFO [10-28|15:05:33] rm lockset is not valid yet 
INFO [10-28|15:05:33] after cm.process() 
INFO [10-28|15:05:33] case: default, cm.process 
ready: 4 need: 2.6666667
INFO [10-28|15:05:33] ---------------process------------------ 
INFO [10-28|15:05:33] In RM Process                            height=3 round=0
INFO [10-28|15:05:33] --------In rm.propose------- 
INFO [10-28|15:05:33] ---------------in rm.vote----------------- 
INFO [10-28|15:05:33] in vote in RM                            height=3 round=0
INFO [10-28|15:05:33] Timeout time not reach, curr vs timeout: curr=1540710333.000 timeout=1540710336.000
INFO [10-28|15:05:33] in rm.process, check lockset HasQuorum 
INFO [10-28|15:05:33] in HasQuorum 
INFO [10-28|15:05:33] In IsValid() 
len(lockset.Votes): 0 lockset.EligibleVotesNum: 4
INFO [10-28|15:05:33] rm lockset is not valid yet 
INFO [10-28|15:05:33] after cm.process() 
INFO [10-28|15:05:33] Handle BFT Msg,                          msg="msg #18 (557 bytes)"
INFO [10-28|15:05:33] ------Received MsigProposalMsg------ 
mpHR: H: 3 R: 0 hash: [141 17 70 105 9 47 249 61 118 162 161 23 17 178 96 95 180 16 103 190 31 227 31 7 69 121 38 200 95 64 99 223]
cmHR: H: 3 R: 0
INFO [10-28|15:05:33] --------------------------------------- 
INFO [10-28|15:05:33] received mp before p, wait for a while 
INFO [10-28|15:05:33] Handle BFT Msg,                          msg="msg #11 (173231 bytes)"
INFO [10-28|15:05:33] -------Received NewBlockProposalMsg------- 
bpHR: H: 3 R: 0
cmHR: H: 3 R: 0
INFO [10-28|15:05:33] --------------------------------------- 
# collMsig from = Peer d9d5b902798f5c42 [eth/63]
cmHR: H: 3 R: 0
this is rm.proposerPeer  Peer d9d5b902798f5c42 [eth/63]
INFO [10-28|15:05:33] In IsValid() 
len(lockset.Votes): 0 lockset.EligibleVotesNum: 0
INFO [10-28|15:05:33] cm add BlockProposal                     h=3 r=0
INFO [10-28|15:05:33] in HasQuorum 
INFO [10-28|15:05:33] In IsValid() 
len(lockset.Votes): 3 lockset.EligibleVotesNum: 4
INFO [10-28|15:05:33] In addBlockCandidates!! 
INFO [10-28|15:05:33] -------in handle NewBlockProposalMsg, success!------- 
INFO [10-28|15:05:33] case: default, cm.process 
ready: 4 need: 2.6666667
INFO [10-28|15:05:33] ---------------process------------------ 
INFO [10-28|15:05:33] In RM Process                            height=3 round=0
INFO [10-28|15:05:33] --------In rm.propose------- 
INFO [10-28|15:05:33] ---------------in rm.vote----------------- 
INFO [10-28|15:05:33] in vote in RM                            height=3 round=0
INFO [10-28|15:05:33] Timeout time not reach, curr vs timeout: curr=1540710333.000 timeout=1540710336.000
INFO [10-28|15:05:33] in rm.process, check lockset HasQuorum 
INFO [10-28|15:05:33] in HasQuorum 
INFO [10-28|15:05:33] In IsValid() 
len(lockset.Votes): 0 lockset.EligibleVotesNum: 4
INFO [10-28|15:05:33] rm lockset is not valid yet 
INFO [10-28|15:05:33] after cm.process() 
INFO [10-28|15:05:33] in MsigFinished 
len(mp.Msig.MsigVs): 2 mp.MsigVs: [0 28]
INFO [10-28|15:05:33] ------addmsigproposal success!------- 
INFO [10-28|15:05:33] Handle BFT Msg,                          msg="msg #17 (107 bytes)"
INFO [10-28|15:05:33] ------Received VoteMsg------ 
voteHR: H: 3 R: 0 voteType:: 1 voteHash: [141 17 70 105 9 47 249 61 118 162 161 23 17 178 96 95 180 16 103 190 31 227 31 7 69 121 38 200 95 64 99 223]
cmHR: H: 3 R: 0
INFO [10-28|15:05:33] --------------------------------------- 
INFO [10-28|15:05:33] addVote to                               height=3 round=0 from=0x82a978b3f5962a5b0957d9ee9eef472ee55b42f1 success=true cm.coinbase=0xdceceaf3fc5c0a63d195d69b1a90011b7b19650d
INFO [10-28|15:05:33] ------in handle VoteMsg, success!------ 
INFO [10-28|15:05:33] Handle BFT Msg,                          msg="msg #17 (107 bytes)"
INFO [10-28|15:05:33] ------Received VoteMsg------ 
voteHR: H: 3 R: 0 voteType:: 1 voteHash: [141 17 70 105 9 47 249 61 118 162 161 23 17 178 96 95 180 16 103 190 31 227 31 7 69 121 38 200 95 64 99 223]
cmHR: H: 3 R: 0
INFO [10-28|15:05:33] --------------------------------------- 
INFO [10-28|15:05:33] addVote to                               height=3 round=0 from=0x598443f1880ef585b21f1d7585bd0577402861e5 success=true cm.coinbase=0xdceceaf3fc5c0a63d195d69b1a90011b7b19650d
INFO [10-28|15:05:33] ------in handle VoteMsg, success!------ 
INFO [10-28|15:05:33] case: default, cm.process 
ready: 4 need: 2.6666667
INFO [10-28|15:05:33] ---------------process------------------ 
INFO [10-28|15:05:33] In RM Process                            height=3 round=0
INFO [10-28|15:05:33] --------In rm.propose------- 
INFO [10-28|15:05:33] ---------------in rm.vote----------------- 
INFO [10-28|15:05:33] in vote in RM                            height=3 round=0
INFO [10-28|15:05:33] vote mp 
INFO [10-28|15:05:33] vote success in                          height=3 round=0
INFO [10-28|15:05:33] Send VoteMsg 
INFO [10-28|15:05:33] in rm.process, check lockset HasQuorum 
INFO [10-28|15:05:33] in HasQuorum 
INFO [10-28|15:05:33] In IsValid() 
len(lockset.Votes): 3 lockset.EligibleVotesNum: 4
INFO [10-28|15:05:33] There is a quorum                        height=3 round=0
--- in rm.process p.id: --- Peer d9d5b902798f5c42 [eth/63]
INFO [10-28|15:05:33] ============in cm.commitLockset============ 
INFO [10-28|15:05:33] in commitLockset, check ls HasQuorum 
INFO [10-28|15:05:33] in HasQuorum 
INFO [10-28|15:05:33] In IsValid() 
len(lockset.Votes): 3 lockset.EligibleVotesNum: 4
INFO [10-28|15:05:33] cm.found is not nil 
INFO [10-28|15:05:33] store lockset 
peerid: d9d5b902798f5c42
INFO [10-28|15:05:33] ---storeLockset--- 
INFO [10-28|15:05:33] after cm.process() 
cmH 3
INFO [10-28|15:05:33] in validatorCommit1 
pid: d9d5b902798f5c42
block number 3
-------in NewBFTValidatorBlock-------
INFO [10-28|15:05:33] in validatorCommit2 
validatorCommit time: 82.51µs
INFO [10-28|15:05:33] **in eth.handler**, get result from ch 
INFO [10-28|15:05:33] ***in BFT.VVVVerifyHeader*** 
INFO [10-28|15:05:33] ***in BFT.verifyHeader*** 
INFO [10-28|15:05:33] ***in BFT.verifySeal*** 
INFO [10-28|15:05:33] In verifyVotes 
INFO [10-28|15:05:33] in HasQuorum 
INFO [10-28|15:05:33] In IsValid() 
len(lockset.Votes): 3 lockset.EligibleVotesNum: 4
INFO [10-28|15:05:33] ***in BFT.VerifyHeaderSSSS*** 
INFO [10-28|15:05:33] ***in BFT.verifyHeader*** 
INFO [10-28|15:05:33] ***in BFT.verifySeal*** 
INFO [10-28|15:05:33] In verifyVotes 
INFO [10-28|15:05:33] in HasQuorum 
INFO [10-28|15:05:33] In IsValid() 
len(lockset.Votes): 3 lockset.EligibleVotesNum: 4
INFO [10-28|15:05:33] Handle BFT Msg,                          msg="msg #17 (107 bytes)"
INFO [10-28|15:05:33] ------Received VoteMsg------ 
voteHR: H: 3 R: 0 voteType:: 1 voteHash: [141 17 70 105 9 47 249 61 118 162 161 23 17 178 96 95 180 16 103 190 31 227 31 7 69 121 38 200 95 64 99 223]
cmHR: H: 3 R: 0
INFO [10-28|15:05:33] --------------------------------------- 
INFO [10-28|15:05:33] addVote to                               height=3 round=0 from=0x7d577a597b2742b498cb5cf0c26cdcd726d39e6e success=true cm.coinbase=0xdceceaf3fc5c0a63d195d69b1a90011b7b19650d
INFO [10-28|15:05:33] ------in handle VoteMsg, success!------ 
INFO [10-28|15:05:33] have a consensus on the block 
INFO [10-28|15:05:33] result.Header().Coinbase != b.signer 
result.Header().Coinbase: [89 132 67 241 136 14 245 133 178 31 29 117 133 189 5 119 64 40 97 229] b.signer: [220 236 234 243 252 92 10 99 209 149 214 155 26 144 1 27 123 25 101 13]
ConsensusTime, 1543287808 , txs, 1599 , blockNum, 3
FinishedConsensus, 1540710333372799000
INFO [10-28|15:05:33] result is nil 
INFO [10-28|15:05:33] === Finished Mine() === 
INFO [10-28|15:05:33] received NewBlockMsg! 
INFO [10-28|15:05:34] Imported new chain segment               blocks=1 txs=1599 mgas=33.579 elapsed=1.348s   mgasps=24.895 number=3 hash=8d1146…4063df
FinishedPostExec, 1540710334720655000 , txs, 1599
PostExecTime, 1.348807863s
INFO [10-28|15:05:34] in pool.evenLoop, call pool.resetState 
INFO [10-28|15:05:36] Commit new mining work                   number=4 txs=1600 uncles=0 elapsed=1.976s
INFO [10-28|15:05:36] Sealing                                  block n=4
StartConsensus, 1540710336697629000
INFO [10-28|15:05:36] Start Process 
INFO [10-28|15:05:36] in cm.Process, check lastCommittingLockset() 
INFO [10-28|15:05:36] In IsValid() 
len(lockset.Votes): 4 lockset.EligibleVotesNum: 4
INFO [10-28|15:05:36] in HasQuorum 
INFO [10-28|15:05:36] In IsValid() 
len(lockset.Votes): 4 lockset.EligibleVotesNum: 4
=====CM.COINBASE IS:===== [220 236 234 243 252 92 10 99 209 149 214 155 26 144 1 27 123 25 101 13] block number is: 4
INFO [10-28|15:05:36] case: default, cm.process 
ready: 4 need: 2.6666667
INFO [10-28|15:05:36] ---------------process------------------ 
INFO [10-28|15:05:36] In RM Process                            height=4 round=0
INFO [10-28|15:05:36] --------In rm.propose------- 
INFO [10-28|15:05:36] ---------------in rm.vote----------------- 
INFO [10-28|15:05:36] in vote in RM                            height=4 round=0
INFO [10-28|15:05:36] Timeout time not reach, curr vs timeout: curr=1540710336.000 timeout=1540710341.000
INFO [10-28|15:05:36] in rm.process, check lockset HasQuorum 
INFO [10-28|15:05:36] in HasQuorum 
INFO [10-28|15:05:36] In IsValid() 
len(lockset.Votes): 0 lockset.EligibleVotesNum: 4
INFO [10-28|15:05:36] rm lockset is not valid yet 
INFO [10-28|15:05:36] after cm.process() 
INFO [10-28|15:05:36] case: default, cm.process 
ready: 4 need: 2.6666667
INFO [10-28|15:05:36] ---------------process------------------ 
INFO [10-28|15:05:36] In RM Process                            height=4 round=0
INFO [10-28|15:05:36] --------In rm.propose------- 
INFO [10-28|15:05:36] ---------------in rm.vote----------------- 
INFO [10-28|15:05:36] in vote in RM                            height=4 round=0
INFO [10-28|15:05:36] Timeout time not reach, curr vs timeout: curr=1540710336.000 timeout=1540710341.000
INFO [10-28|15:05:36] in rm.process, check lockset HasQuorum 
INFO [10-28|15:05:36] in HasQuorum 
INFO [10-28|15:05:36] In IsValid() 
len(lockset.Votes): 0 lockset.EligibleVotesNum: 4
INFO [10-28|15:05:36] rm lockset is not valid yet 
INFO [10-28|15:05:36] after cm.process() 
INFO [10-28|15:05:36] Handle BFT Msg,                          msg="msg #11 (173453 bytes)"
INFO [10-28|15:05:36] -------Received NewBlockProposalMsg------- 
bpHR: H: 4 R: 0
cmHR: H: 4 R: 0
INFO [10-28|15:05:36] --------------------------------------- 
# collMsig from = Peer d67104e65b61fca1 [eth/63]
cmHR: H: 4 R: 0
this is rm.proposerPeer  Peer d67104e65b61fca1 [eth/63]
INFO [10-28|15:05:36] In IsValid() 
len(lockset.Votes): 0 lockset.EligibleVotesNum: 0
INFO [10-28|15:05:36] cm add BlockProposal                     h=4 r=0
INFO [10-28|15:05:36] in HasQuorum 
INFO [10-28|15:05:36] In IsValid() 
len(lockset.Votes): 4 lockset.EligibleVotesNum: 4
INFO [10-28|15:05:36] In addBlockCandidates!! 
INFO [10-28|15:05:36] -------in handle NewBlockProposalMsg, success!------- 
INFO [10-28|15:05:36] Handle BFT Msg,                          msg="msg #18 (662 bytes)"
INFO [10-28|15:05:36] ------Received MsigProposalMsg------ 
mpHR: H: 4 R: 0 hash: [176 167 56 192 254 226 117 210 223 160 33 64 121 58 132 27 255 7 173 249 169 219 12 223 44 146 92 217 36 7 2 168]
cmHR: H: 4 R: 0
INFO [10-28|15:05:36] --------------------------------------- 
INFO [10-28|15:05:36] in MsigFinished 
len(mp.Msig.MsigVs): 2 mp.MsigVs: [0 27]
INFO [10-28|15:05:36] ------addmsigproposal success!------- 
INFO [10-28|15:05:36] Handle BFT Msg,                          msg="msg #17 (107 bytes)"
INFO [10-28|15:05:36] ------Received VoteMsg------ 
voteHR: H: 4 R: 0 voteType:: 1 voteHash: [176 167 56 192 254 226 117 210 223 160 33 64 121 58 132 27 255 7 173 249 169 219 12 223 44 146 92 217 36 7 2 168]
cmHR: H: 4 R: 0
INFO [10-28|15:05:36] --------------------------------------- 
INFO [10-28|15:05:36] addVote to                               height=4 round=0 from=0x7d577a597b2742b498cb5cf0c26cdcd726d39e6e success=true cm.coinbase=0xdceceaf3fc5c0a63d195d69b1a90011b7b19650d
INFO [10-28|15:05:36] ------in handle VoteMsg, success!------ 
INFO [10-28|15:05:36] case: default, cm.process 
ready: 4 need: 2.6666667
INFO [10-28|15:05:36] ---------------process------------------ 
INFO [10-28|15:05:36] In RM Process                            height=4 round=0
INFO [10-28|15:05:36] --------In rm.propose------- 
INFO [10-28|15:05:36] ---------------in rm.vote----------------- 
INFO [10-28|15:05:36] in vote in RM                            height=4 round=0
INFO [10-28|15:05:36] vote mp 
INFO [10-28|15:05:36] vote success in                          height=4 round=0
INFO [10-28|15:05:36] Send VoteMsg 
INFO [10-28|15:05:36] in rm.process, check lockset HasQuorum 
INFO [10-28|15:05:36] in HasQuorum 
INFO [10-28|15:05:36] In IsValid() 
len(lockset.Votes): 2 lockset.EligibleVotesNum: 4
INFO [10-28|15:05:36] rm lockset is not valid yet 
INFO [10-28|15:05:36] after cm.process() 
INFO [10-28|15:05:36] Handle BFT Msg,                          msg="msg #17 (107 bytes)"
INFO [10-28|15:05:36] ------Received VoteMsg------ 
voteHR: H: 4 R: 0 voteType:: 1 voteHash: [176 167 56 192 254 226 117 210 223 160 33 64 121 58 132 27 255 7 173 249 169 219 12 223 44 146 92 217 36 7 2 168]
cmHR: H: 4 R: 0
INFO [10-28|15:05:36] --------------------------------------- 
INFO [10-28|15:05:36] addVote to                               height=4 round=0 from=0x82a978b3f5962a5b0957d9ee9eef472ee55b42f1 success=true cm.coinbase=0xdceceaf3fc5c0a63d195d69b1a90011b7b19650d
INFO [10-28|15:05:36] ------in handle VoteMsg, success!------ 
INFO [10-28|15:05:36] Handle BFT Msg,                          msg="msg #17 (107 bytes)"
INFO [10-28|15:05:36] ------Received VoteMsg------ 
voteHR: H: 4 R: 0 voteType:: 1 voteHash: [176 167 56 192 254 226 117 210 223 160 33 64 121 58 132 27 255 7 173 249 169 219 12 223 44 146 92 217 36 7 2 168]
cmHR: H: 4 R: 0
INFO [10-28|15:05:36] --------------------------------------- 
INFO [10-28|15:05:36] addVote to                               height=4 round=0 from=0x598443f1880ef585b21f1d7585bd0577402861e5 success=true cm.coinbase=0xdceceaf3fc5c0a63d195d69b1a90011b7b19650d
INFO [10-28|15:05:36] ------in handle VoteMsg, success!------ 
INFO [10-28|15:05:37] case: default, cm.process 
ready: 4 need: 2.6666667
INFO [10-28|15:05:37] ---------------process------------------ 
INFO [10-28|15:05:37] In RM Process                            height=4 round=0
INFO [10-28|15:05:37] --------In rm.propose------- 
INFO [10-28|15:05:37] ---------------in rm.vote----------------- 
INFO [10-28|15:05:37] voted 
INFO [10-28|15:05:37] in rm.process, check lockset HasQuorum 
INFO [10-28|15:05:37] in HasQuorum 
INFO [10-28|15:05:37] In IsValid() 
len(lockset.Votes): 4 lockset.EligibleVotesNum: 4
INFO [10-28|15:05:37] There is a quorum                        height=4 round=0
--- in rm.process p.id: --- Peer d67104e65b61fca1 [eth/63]
INFO [10-28|15:05:37] ============in cm.commitLockset============ 
INFO [10-28|15:05:37] in commitLockset, check ls HasQuorum 
INFO [10-28|15:05:37] in HasQuorum 
INFO [10-28|15:05:37] In IsValid() 
len(lockset.Votes): 4 lockset.EligibleVotesNum: 4
INFO [10-28|15:05:37] cm.found is not nil 
INFO [10-28|15:05:37] store lockset 
peerid: d67104e65b61fca1
INFO [10-28|15:05:37] ---storeLockset--- 
INFO [10-28|15:05:37] after cm.process() 
cmH 4
INFO [10-28|15:05:37] in validatorCommit1 
pid: d67104e65b61fca1
block number 4
-------in NewBFTValidatorBlock-------
INFO [10-28|15:05:37] in validatorCommit2 
validatorCommit time: 78.861µs
INFO [10-28|15:05:37] **in eth.handler**, get result from ch 
INFO [10-28|15:05:37] ***in BFT.VVVVerifyHeader*** 
INFO [10-28|15:05:37] ***in BFT.verifyHeader*** 
INFO [10-28|15:05:37] ***in BFT.verifySeal*** 
INFO [10-28|15:05:37] In verifyVotes 
INFO [10-28|15:05:37] in HasQuorum 
INFO [10-28|15:05:37] In IsValid() 
len(lockset.Votes): 4 lockset.EligibleVotesNum: 4
INFO [10-28|15:05:37] ***in BFT.VerifyHeaderSSSS*** 
INFO [10-28|15:05:37] ***in BFT.verifyHeader*** 
INFO [10-28|15:05:37] ***in BFT.verifySeal*** 
INFO [10-28|15:05:37] In verifyVotes 
INFO [10-28|15:05:37] in HasQuorum 
INFO [10-28|15:05:37] In IsValid() 
len(lockset.Votes): 4 lockset.EligibleVotesNum: 4
INFO [10-28|15:05:37] have a consensus on the block 
INFO [10-28|15:05:37] result.Header().Coinbase != b.signer 
result.Header().Coinbase: [130 169 120 179 245 150 42 91 9 87 217 238 158 239 71 46 229 91 66 241] b.signer: [220 236 234 243 252 92 10 99 209 149 214 155 26 144 1 27 123 25 101 13]
ConsensusTime, 330875677 , txs, 1600 , blockNum, 4
FinishedConsensus, 1540710337028537000
INFO [10-28|15:05:37] result is nil 
INFO [10-28|15:05:37] === Finished Mine() === 
INFO [10-28|15:05:37] received NewBlockMsg! 
INFO [10-28|15:05:38] Imported new chain segment               blocks=1 txs=1600 mgas=33.600 elapsed=1.117s   mgasps=30.075 number=4 hash=b0a738…0702a8
FinishedPostExec, 1540710338125487000 , txs, 1600
PostExecTime, 1.117212936s
INFO [10-28|15:05:38] in pool.evenLoop, call pool.resetState 
INFO [10-28|15:05:39] Commit new mining work                   number=5 txs=1601 uncles=0 elapsed=1.597s
INFO [10-28|15:05:39] Sealing                                  block n=5
StartConsensus, 1540710339723202000
INFO [10-28|15:05:39] Start Process 
INFO [10-28|15:05:39] in cm.Process, check lastCommittingLockset() 
INFO [10-28|15:05:39] In IsValid() 
len(lockset.Votes): 4 lockset.EligibleVotesNum: 4
INFO [10-28|15:05:39] in HasQuorum 
INFO [10-28|15:05:39] In IsValid() 
len(lockset.Votes): 4 lockset.EligibleVotesNum: 4
=====CM.COINBASE IS:===== [220 236 234 243 252 92 10 99 209 149 214 155 26 144 1 27 123 25 101 13] block number is: 5
INFO [10-28|15:05:39] case: default, cm.process 
ready: 4 need: 2.6666667
INFO [10-28|15:05:39] ---------------process------------------ 
INFO [10-28|15:05:39] In RM Process                            height=5 round=0
INFO [10-28|15:05:39] --------In rm.propose------- 
INFO [10-28|15:05:39] ---------------in rm.vote----------------- 
INFO [10-28|15:05:39] in vote in RM                            height=5 round=0
INFO [10-28|15:05:39] Timeout time not reach, curr vs timeout: curr=1540710339.000 timeout=1540710344.000
INFO [10-28|15:05:39] in rm.process, check lockset HasQuorum 
INFO [10-28|15:05:39] in HasQuorum 
INFO [10-28|15:05:39] In IsValid() 
len(lockset.Votes): 0 lockset.EligibleVotesNum: 4
INFO [10-28|15:05:39] rm lockset is not valid yet 
INFO [10-28|15:05:39] after cm.process() 
INFO [10-28|15:05:39] case: default, cm.process 
ready: 4 need: 2.6666667
INFO [10-28|15:05:39] ---------------process------------------ 
INFO [10-28|15:05:39] In RM Process                            height=5 round=0
INFO [10-28|15:05:39] --------In rm.propose------- 
INFO [10-28|15:05:39] ---------------in rm.vote----------------- 
INFO [10-28|15:05:39] in vote in RM                            height=5 round=0
INFO [10-28|15:05:39] Timeout time not reach, curr vs timeout: curr=1540710339.000 timeout=1540710344.000
INFO [10-28|15:05:39] in rm.process, check lockset HasQuorum 
INFO [10-28|15:05:39] in HasQuorum 
INFO [10-28|15:05:39] In IsValid() 
len(lockset.Votes): 0 lockset.EligibleVotesNum: 4
INFO [10-28|15:05:39] rm lockset is not valid yet 
INFO [10-28|15:05:39] after cm.process() 
INFO [10-28|15:05:39] Handle BFT Msg,                          msg="msg #11 (173950 bytes)"
INFO [10-28|15:05:39] -------Received NewBlockProposalMsg------- 
INFO [10-28|15:05:39] case: default, cm.process 
ready: 4 need: 2.6666667
INFO [10-28|15:05:39] ---------------process------------------ 
INFO [10-28|15:05:39] In RM Process                            height=5 round=0
INFO [10-28|15:05:39] --------In rm.propose------- 
INFO [10-28|15:05:39] ---------------in rm.vote----------------- 
INFO [10-28|15:05:39] in vote in RM                            height=5 round=0
INFO [10-28|15:05:39] Timeout time not reach, curr vs timeout: curr=1540710339.000 timeout=1540710344.000
INFO [10-28|15:05:39] in rm.process, check lockset HasQuorum 
INFO [10-28|15:05:39] in HasQuorum 
INFO [10-28|15:05:39] In IsValid() 
len(lockset.Votes): 0 lockset.EligibleVotesNum: 4
INFO [10-28|15:05:39] rm lockset is not valid yet 
INFO [10-28|15:05:39] after cm.process() 
bpHR: H: 5 R: 0
cmHR: H: 5 R: 0
INFO [10-28|15:05:39] --------------------------------------- 
# collMsig from = Peer 6d11b37ef4fc909a [eth/63]
cmHR: H: 5 R: 0
this is rm.proposerPeer  Peer 6d11b37ef4fc909a [eth/63]
INFO [10-28|15:05:39] In IsValid() 
len(lockset.Votes): 0 lockset.EligibleVotesNum: 0
INFO [10-28|15:05:39] cm add BlockProposal                     h=5 r=0
INFO [10-28|15:05:39] in HasQuorum 
INFO [10-28|15:05:39] In IsValid() 
len(lockset.Votes): 4 lockset.EligibleVotesNum: 4
INFO [10-28|15:05:39] in collectMsig, i am msig proposer 
INFO [10-28|15:05:39] in bfthandler Send MsigProposalMsg 
INFO [10-28|15:05:39] Sending MsigProposalMsg 
INFO [10-28|15:05:39] Sending MsigProposalMsg 
INFO [10-28|15:05:39] Sending MsigProposalMsg 
INFO [10-28|15:05:39] Return MsigProposalMsg to                LOG15_ERROR=                                                   LOG15_ERROR="Normalized odd number of arguments by adding nil"
INFO [10-28|15:05:39] Sending MsigProposalMsg 
in cm.collectMsig, mp.MsigVs: [<nil> 28]
INFO [10-28|15:05:39] In addBlockCandidates!! 
INFO [10-28|15:05:39] -------in handle NewBlockProposalMsg, success!------- 
INFO [10-28|15:05:40] Handle BFT Msg,                          msg="msg #17 (107 bytes)"
INFO [10-28|15:05:40] ------Received VoteMsg------ 
voteHR: H: 5 R: 0 voteType:: 1 voteHash: [120 145 11 12 4 130 121 74 24 199 168 78 109 35 161 203 71 84 37 216 127 119 119 167 135 191 194 208 33 47 217 166]
cmHR: H: 5 R: 0
INFO [10-28|15:05:40] --------------------------------------- 
INFO [10-28|15:05:40] addVote to                               height=5 round=0 from=0x7d577a597b2742b498cb5cf0c26cdcd726d39e6e success=true cm.coinbase=0xdceceaf3fc5c0a63d195d69b1a90011b7b19650d
INFO [10-28|15:05:40] ------in handle VoteMsg, success!------ 
INFO [10-28|15:05:40] case: default, cm.process 
ready: 4 need: 2.6666667
INFO [10-28|15:05:40] ---------------process------------------ 
INFO [10-28|15:05:40] In RM Process                            height=5 round=0
INFO [10-28|15:05:40] --------In rm.propose------- 
INFO [10-28|15:05:40] ---------------in rm.vote----------------- 
INFO [10-28|15:05:40] in vote in RM                            height=5 round=0
INFO [10-28|15:05:40] vote mp 
INFO [10-28|15:05:40] vote success in                          height=5 round=0
INFO [10-28|15:05:40] Send VoteMsg 
INFO [10-28|15:05:40] in rm.process, check lockset HasQuorum 
INFO [10-28|15:05:40] in HasQuorum 
INFO [10-28|15:05:40] In IsValid() 
len(lockset.Votes): 2 lockset.EligibleVotesNum: 4
INFO [10-28|15:05:40] rm lockset is not valid yet 
INFO [10-28|15:05:40] after cm.process() 
INFO [10-28|15:05:40] Handle BFT Msg,                          msg="msg #17 (107 bytes)"
INFO [10-28|15:05:40] ------Received VoteMsg------ 
voteHR: H: 5 R: 0 voteType:: 1 voteHash: [120 145 11 12 4 130 121 74 24 199 168 78 109 35 161 203 71 84 37 216 127 119 119 167 135 191 194 208 33 47 217 166]
cmHR: H: 5 R: 0
INFO [10-28|15:05:40] --------------------------------------- 
INFO [10-28|15:05:40] addVote to                               height=5 round=0 from=0x598443f1880ef585b21f1d7585bd0577402861e5 success=true cm.coinbase=0xdceceaf3fc5c0a63d195d69b1a90011b7b19650d
INFO [10-28|15:05:40] ------in handle VoteMsg, success!------ 
INFO [10-28|15:05:40] case: default, cm.process 
ready: 4 need: 2.6666667
INFO [10-28|15:05:40] ---------------process------------------ 
INFO [10-28|15:05:40] In RM Process                            height=5 round=0
INFO [10-28|15:05:40] --------In rm.propose------- 
INFO [10-28|15:05:40] ---------------in rm.vote----------------- 
INFO [10-28|15:05:40] voted 
INFO [10-28|15:05:40] in rm.process, check lockset HasQuorum 
INFO [10-28|15:05:40] in HasQuorum 
INFO [10-28|15:05:40] In IsValid() 
len(lockset.Votes): 3 lockset.EligibleVotesNum: 4
INFO [10-28|15:05:40] There is a quorum                        height=5 round=0
--- in rm.process p.id: --- Peer 6d11b37ef4fc909a [eth/63]
INFO [10-28|15:05:40] ============in cm.commitLockset============ 
INFO [10-28|15:05:40] in commitLockset, check ls HasQuorum 
INFO [10-28|15:05:40] in HasQuorum 
INFO [10-28|15:05:40] In IsValid() 
len(lockset.Votes): 3 lockset.EligibleVotesNum: 4
INFO [10-28|15:05:40] cm.found is not nil 
INFO [10-28|15:05:40] store lockset 
peerid: 6d11b37ef4fc909a
INFO [10-28|15:05:40] ---storeLockset--- 
cmH 5
INFO [10-28|15:05:40] in validatorCommit1 
pid: 6d11b37ef4fc909a
block number 5
-------in NewBFTValidatorBlock-------
INFO [10-28|15:05:40] in validatorCommit2 
validatorCommit time: 106.357µs
INFO [10-28|15:05:40] **in eth.handler**, get result from ch 
INFO [10-28|15:05:40] ***in BFT.VVVVerifyHeader*** 
INFO [10-28|15:05:40] ***in BFT.verifyHeader*** 
INFO [10-28|15:05:40] ***in BFT.verifySeal*** 
INFO [10-28|15:05:40] In verifyVotes 
INFO [10-28|15:05:40] in HasQuorum 
INFO [10-28|15:05:40] In IsValid() 
len(lockset.Votes): 3 lockset.EligibleVotesNum: 4
INFO [10-28|15:05:40] ***in BFT.VerifyHeaderSSSS*** 
INFO [10-28|15:05:40] ***in BFT.verifyHeader*** 
INFO [10-28|15:05:40] ***in BFT.verifySeal*** 
INFO [10-28|15:05:40] In verifyVotes 
INFO [10-28|15:05:40] in HasQuorum 
INFO [10-28|15:05:40] In IsValid() 
len(lockset.Votes): 3 lockset.EligibleVotesNum: 4
INFO [10-28|15:05:40] after cm.process() 
INFO [10-28|15:05:40] have a consensus on the block 
INFO [10-28|15:05:40] result.Header().Coinbase != b.signer 
result.Header().Coinbase: [125 87 122 89 123 39 66 180 152 203 92 240 194 108 220 215 38 211 158 110] b.signer: [220 236 234 243 252 92 10 99 209 149 214 155 26 144 1 27 123 25 101 13]
ConsensusTime, 439451554 , txs, 1601 , blockNum, 5
FinishedConsensus, 1540710340162659000
INFO [10-28|15:05:40] result is nil 
INFO [10-28|15:05:40] === Finished Mine() === 
INFO [10-28|15:05:40] received NewBlockMsg! 
INFO [10-28|15:05:41] Imported new chain segment               blocks=1 txs=1601 mgas=33.621 elapsed=1.625s   mgasps=20.686 number=5 hash=78910b…2fd9a6
FinishedPostExec, 1540710341764238000 , txs, 1601
PostExecTime, 1.62530609s
INFO [10-28|15:05:41] in pool.evenLoop, call pool.resetState 
INFO [10-28|15:05:43] Commit new mining work                   number=6 txs=1602 uncles=0 elapsed=1.754s
INFO [10-28|15:05:43] Sealing                                  block n=6
StartConsensus, 1540710343518645000
INFO [10-28|15:05:43] Start Process 
INFO [10-28|15:05:43] in cm.Process, check lastCommittingLockset() 
INFO [10-28|15:05:43] In IsValid() 
len(lockset.Votes): 3 lockset.EligibleVotesNum: 4
INFO [10-28|15:05:43] in HasQuorum 
INFO [10-28|15:05:43] In IsValid() 
len(lockset.Votes): 3 lockset.EligibleVotesNum: 4
=====CM.COINBASE IS:===== [220 236 234 243 252 92 10 99 209 149 214 155 26 144 1 27 123 25 101 13] block number is: 6
INFO [10-28|15:05:43] case: default, cm.process 
ready: 4 need: 2.6666667
INFO [10-28|15:05:43] ---------------process------------------ 
INFO [10-28|15:05:43] In RM Process                            height=6 round=0
INFO [10-28|15:05:43] --------In rm.propose------- 
INFO [10-28|15:05:43] I am a proposer in                       height=6 round=0
INFO [10-28|15:05:43] in propose, check lastRoundLockset 
lastRoundLockset, hm.activeround: 0
INFO [10-28|15:05:43] ------in mkProposal------ 
INFO [10-28|15:05:43] In IsValid() 
len(lockset.Votes): 3 lockset.EligibleVotesNum: 4
INFO [10-28|15:05:43] in HasQuorum 
INFO [10-28|15:05:43] In IsValid() 
len(lockset.Votes): 3 lockset.EligibleVotesNum: 4
INFO [10-28|15:05:43] LockSet(R-1) is nil (rm.round should equal to zero) 
INFO [10-28|15:05:43] in HasQuorum 
INFO [10-28|15:05:43] In IsValid() 
len(lockset.Votes): 3 lockset.EligibleVotesNum: 4
INFO [10-28|15:05:43] in HasQuorum 
INFO [10-28|15:05:43] In IsValid() 
len(lockset.Votes): 3 lockset.EligibleVotesNum: 4
Create block blockhash :  [89 118 255 156 50 114 173 250 131 220 34 180 162 21 121 20 139 65 67 77 202 78 192 232 178 96 97 155 34 203 18 138]
INFO [10-28|15:05:43] In addBlockCandidates!! 
INFO [10-28|15:05:43] Send NewBlockProposalMsg:                LOG15_ERROR=                                                   LOG15_ERROR="Normalized odd number of arguments by adding nil"
INFO [10-28|15:05:43] ---------------in rm.vote----------------- 
INFO [10-28|15:05:43] in vote in RM                            height=6 round=0
INFO [10-28|15:05:43] Timeout time not reach, curr vs timeout: curr=1540710343.000 timeout=1540710348.000
INFO [10-28|15:05:43] in rm.process, check lockset HasQuorum 
INFO [10-28|15:05:43] in HasQuorum 
INFO [10-28|15:05:43] In IsValid() 
len(lockset.Votes): 0 lockset.EligibleVotesNum: 4
INFO [10-28|15:05:43] rm lockset is not valid yet 
INFO [10-28|15:05:43] after cm.process() 
INFO [10-28|15:05:43] Handle BFT Msg,                          msg="msg #18 (557 bytes)"
INFO [10-28|15:05:43] ------Received MsigProposalMsg------ 
mpHR: H: 6 R: 0 hash: [89 118 255 156 50 114 173 250 131 220 34 180 162 21 121 20 139 65 67 77 202 78 192 232 178 96 97 155 34 203 18 138]
cmHR: H: 6 R: 0
INFO [10-28|15:05:43] --------------------------------------- 
INFO [10-28|15:05:43] in MsigFinished 
len(mp.Msig.MsigVs): 2 mp.MsigVs: [0 27]
INFO [10-28|15:05:43] ------addmsigproposal success!------- 
INFO [10-28|15:05:43] Handle BFT Msg,                          msg="msg #18 (557 bytes)"
INFO [10-28|15:05:43] ------Received MsigProposalMsg------ 
mpHR: H: 6 R: 0 hash: [89 118 255 156 50 114 173 250 131 220 34 180 162 21 121 20 139 65 67 77 202 78 192 232 178 96 97 155 34 203 18 138]
cmHR: H: 6 R: 0
INFO [10-28|15:05:43] --------------------------------------- 
INFO [10-28|15:05:43] in MsigFinished 
len(mp.Msig.MsigVs): 2 mp.MsigVs: [0 27]
INFO [10-28|15:05:43] ------addmsigproposal success!------- 
INFO [10-28|15:05:43] Handle BFT Msg,                          msg="msg #17 (107 bytes)"
INFO [10-28|15:05:43] ------Received VoteMsg------ 
voteHR: H: 6 R: 0 voteType:: 1 voteHash: [89 118 255 156 50 114 173 250 131 220 34 180 162 21 121 20 139 65 67 77 202 78 192 232 178 96 97 155 34 203 18 138]
cmHR: H: 6 R: 0
INFO [10-28|15:05:43] --------------------------------------- 
INFO [10-28|15:05:43] addVote to                               height=6 round=0 from=0x598443f1880ef585b21f1d7585bd0577402861e5 success=true cm.coinbase=0xdceceaf3fc5c0a63d195d69b1a90011b7b19650d
INFO [10-28|15:05:43] ------in handle VoteMsg, success!------ 
INFO [10-28|15:05:43] case: default, cm.process 
ready: 4 need: 2.6666667
INFO [10-28|15:05:43] ---------------process------------------ 
INFO [10-28|15:05:43] In RM Process                            height=6 round=0
INFO [10-28|15:05:43] --------In rm.propose------- 
INFO [10-28|15:05:43] I am a proposer in                       height=6 round=0
INFO [10-28|15:05:43] ---------------in rm.vote----------------- 
INFO [10-28|15:05:43] in vote in RM                            height=6 round=0
INFO [10-28|15:05:43] vote mp 
INFO [10-28|15:05:43] vote success in                          height=6 round=0
INFO [10-28|15:05:43] Send VoteMsg 
INFO [10-28|15:05:43] in rm.process, check lockset HasQuorum 
INFO [10-28|15:05:43] in HasQuorum 
INFO [10-28|15:05:43] In IsValid() 
len(lockset.Votes): 2 lockset.EligibleVotesNum: 4
INFO [10-28|15:05:43] rm lockset is not valid yet 
INFO [10-28|15:05:43] after cm.process() 
INFO [10-28|15:05:43] case: default, cm.process 
ready: 4 need: 2.6666667
INFO [10-28|15:05:43] ---------------process------------------ 
INFO [10-28|15:05:43] In RM Process                            height=6 round=0
INFO [10-28|15:05:43] --------In rm.propose------- 
INFO [10-28|15:05:43] I am a proposer in                       height=6 round=0
INFO [10-28|15:05:43] ---------------in rm.vote----------------- 
INFO [10-28|15:05:43] voted 
INFO [10-28|15:05:43] in rm.process, check lockset HasQuorum 
INFO [10-28|15:05:43] in HasQuorum 
INFO [10-28|15:05:43] In IsValid() 
len(lockset.Votes): 2 lockset.EligibleVotesNum: 4
INFO [10-28|15:05:43] rm lockset is not valid yet 
INFO [10-28|15:05:43] after cm.process() 
INFO [10-28|15:05:43] case: default, cm.process 
ready: 4 need: 2.6666667
INFO [10-28|15:05:43] ---------------process------------------ 
INFO [10-28|15:05:43] In RM Process                            height=6 round=0
INFO [10-28|15:05:43] --------In rm.propose------- 
INFO [10-28|15:05:43] I am a proposer in                       height=6 round=0
INFO [10-28|15:05:43] ---------------in rm.vote----------------- 
INFO [10-28|15:05:43] voted 
INFO [10-28|15:05:43] in rm.process, check lockset HasQuorum 
INFO [10-28|15:05:43] in HasQuorum 
INFO [10-28|15:05:43] In IsValid() 
len(lockset.Votes): 2 lockset.EligibleVotesNum: 4
INFO [10-28|15:05:43] rm lockset is not valid yet 
INFO [10-28|15:05:43] after cm.process() 
INFO [10-28|15:05:43] Handle BFT Msg,                          msg="msg #17 (107 bytes)"
INFO [10-28|15:05:43] ------Received VoteMsg------ 
voteHR: H: 6 R: 0 voteType:: 1 voteHash: [89 118 255 156 50 114 173 250 131 220 34 180 162 21 121 20 139 65 67 77 202 78 192 232 178 96 97 155 34 203 18 138]
cmHR: H: 6 R: 0
INFO [10-28|15:05:43] --------------------------------------- 
INFO [10-28|15:05:43] addVote to                               height=6 round=0 from=0x82a978b3f5962a5b0957d9ee9eef472ee55b42f1 success=true cm.coinbase=0xdceceaf3fc5c0a63d195d69b1a90011b7b19650d
INFO [10-28|15:05:43] ------in handle VoteMsg, success!------ 
INFO [10-28|15:05:43] received NewBlockMsg! 
INFO [10-28|15:05:43] ***in BFT.VVVVerifyHeader*** 
INFO [10-28|15:05:43] ***in BFT.verifyHeader*** 
INFO [10-28|15:05:43] ***in BFT.verifySeal*** 
INFO [10-28|15:05:43] In verifyVotes 
INFO [10-28|15:05:43] ***in sync.request()*** 
INFO [10-28|15:05:43] case: default, cm.process 
ready: 4 need: 2.6666667
INFO [10-28|15:05:43] ---------------process------------------ 
INFO [10-28|15:05:43] In RM Process                            height=6 round=0
INFO [10-28|15:05:43] --------In rm.propose------- 
INFO [10-28|15:05:43] I am a proposer in                       height=6 round=0
INFO [10-28|15:05:43] ---------------in rm.vote----------------- 
INFO [10-28|15:05:43] voted 
INFO [10-28|15:05:43] in rm.process, check lockset HasQuorum 
INFO [10-28|15:05:43] in HasQuorum 
INFO [10-28|15:05:43] In IsValid() 
len(lockset.Votes): 3 lockset.EligibleVotesNum: 4
INFO [10-28|15:05:43] There is a quorum                        height=6 round=0
INFO [10-28|15:05:43] ============in cm.commitLockset============ 
INFO [10-28|15:05:43] in commitLockset, check ls HasQuorum 
INFO [10-28|15:05:43] in HasQuorum 
INFO [10-28|15:05:43] In IsValid() 
len(lockset.Votes): 3 lockset.EligibleVotesNum: 4
INFO [10-28|15:05:43] cm.found is not nil 
INFO [10-28|15:05:43] store lockset 
INFO [10-28|15:05:43] ---storeLockset--- 
INFO [10-28|15:05:43] after cm.process() 
INFO [10-28|15:05:43] have a consensus on the block 
ConsensusTime, 470927186 , txs, 1602 , blockNum, 6
FinishedConsensus, 1540710343989550000
INFO [10-28|15:05:43] Successfully sealed new block            number=6 hash=5976ff…cb128a
INFO [10-28|15:05:43] === Finished Mine() === 
INFO [10-28|15:05:43] received NewBlockMsg! 
INFO [10-28|15:05:44] 🔨 mined potential block                  number=6 hash=5976ff…cb128a
INFO [10-28|15:05:44] in pool.evenLoop, call pool.resetState 
INFO [10-28|15:05:44] In verifyVotes 
INFO [10-28|15:05:44] in HasQuorum 
INFO [10-28|15:05:44] In IsValid() 
len(lockset.Votes): 3 lockset.EligibleVotesNum: 4
INFO [10-28|15:05:44] ***in BFT.VerifyHeaderSSSS*** 
INFO [10-28|15:05:44] ***in BFT.verifyHeader*** 
INFO [10-28|15:05:44] ***in BFT.verifySeal*** 
INFO [10-28|15:05:44] In verifyVotes 
INFO [10-28|15:05:44] in HasQuorum 
INFO [10-28|15:05:44] In IsValid() 
len(lockset.Votes): 3 lockset.EligibleVotesNum: 4
INFO [10-28|15:05:45] Handle BFT Msg,                          msg="msg #17 (107 bytes)"
INFO [10-28|15:05:45] ------Received VoteMsg------ 
voteHR: H: 6 R: 0 voteType:: 1 voteHash: [89 118 255 156 50 114 173 250 131 220 34 180 162 21 121 20 139 65 67 77 202 78 192 232 178 96 97 155 34 203 18 138]
cmHR: H: 7 R: 0
INFO [10-28|15:05:45] --------------------------------------- 
INFO [10-28|15:05:45] addVote to                               height=6 round=0 from=0x7d577a597b2742b498cb5cf0c26cdcd726d39e6e success=true cm.coinbase=0xdceceaf3fc5c0a63d195d69b1a90011b7b19650d
INFO [10-28|15:05:45] ------in handle VoteMsg, success!------ 
INFO [10-28|15:05:46] Commit new mining work                   number=7 txs=1603 uncles=0 elapsed=2.397s
INFO [10-28|15:05:46] Sealing                                  block n=7
StartConsensus, 1540710346430887000
INFO [10-28|15:05:46] Start Process 
INFO [10-28|15:05:46] in cm.Process, check lastCommittingLockset() 
INFO [10-28|15:05:46] In IsValid() 
len(lockset.Votes): 4 lockset.EligibleVotesNum: 4
INFO [10-28|15:05:46] in HasQuorum 
INFO [10-28|15:05:46] In IsValid() 
len(lockset.Votes): 4 lockset.EligibleVotesNum: 4
=====CM.COINBASE IS:===== [220 236 234 243 252 92 10 99 209 149 214 155 26 144 1 27 123 25 101 13] block number is: 7
INFO [10-28|15:05:46] case: default, cm.process 
ready: 4 need: 2.6666667
INFO [10-28|15:05:46] ---------------process------------------ 
INFO [10-28|15:05:46] In RM Process                            height=7 round=0
INFO [10-28|15:05:46] --------In rm.propose------- 
INFO [10-28|15:05:46] ---------------in rm.vote----------------- 
INFO [10-28|15:05:46] in vote in RM                            height=7 round=0
INFO [10-28|15:05:46] Timeout time not reach, curr vs timeout: curr=1540710346.000 timeout=1540710351.000
INFO [10-28|15:05:46] in rm.process, check lockset HasQuorum 
INFO [10-28|15:05:46] in HasQuorum 
INFO [10-28|15:05:46] In IsValid() 
len(lockset.Votes): 0 lockset.EligibleVotesNum: 4
INFO [10-28|15:05:46] rm lockset is not valid yet 
INFO [10-28|15:05:46] after cm.process() 
INFO [10-28|15:05:46] case: default, cm.process 
ready: 4 need: 2.6666667
INFO [10-28|15:05:46] ---------------process------------------ 
INFO [10-28|15:05:46] In RM Process                            height=7 round=0
INFO [10-28|15:05:46] --------In rm.propose------- 
INFO [10-28|15:05:46] ---------------in rm.vote----------------- 
INFO [10-28|15:05:46] in vote in RM                            height=7 round=0
INFO [10-28|15:05:46] Timeout time not reach, curr vs timeout: curr=1540710346.000 timeout=1540710351.000
INFO [10-28|15:05:46] in rm.process, check lockset HasQuorum 
INFO [10-28|15:05:46] in HasQuorum 
INFO [10-28|15:05:46] In IsValid() 
len(lockset.Votes): 0 lockset.EligibleVotesNum: 4
INFO [10-28|15:05:46] rm lockset is not valid yet 
INFO [10-28|15:05:46] after cm.process() 
INFO [10-28|15:05:46] case: default, cm.process 
ready: 4 need: 2.6666667
INFO [10-28|15:05:46] ---------------process------------------ 
INFO [10-28|15:05:46] In RM Process                            height=7 round=0
INFO [10-28|15:05:46] --------In rm.propose------- 
INFO [10-28|15:05:46] ---------------in rm.vote----------------- 
INFO [10-28|15:05:46] in vote in RM                            height=7 round=0
INFO [10-28|15:05:46] Timeout time not reach, curr vs timeout: curr=1540710346.000 timeout=1540710351.000
INFO [10-28|15:05:46] in rm.process, check lockset HasQuorum 
INFO [10-28|15:05:46] in HasQuorum 
INFO [10-28|15:05:46] In IsValid() 
len(lockset.Votes): 0 lockset.EligibleVotesNum: 4
INFO [10-28|15:05:46] rm lockset is not valid yet 
INFO [10-28|15:05:46] after cm.process() 
INFO [10-28|15:05:46] case: default, cm.process 
ready: 4 need: 2.6666667
INFO [10-28|15:05:46] ---------------process------------------ 
INFO [10-28|15:05:46] In RM Process                            height=7 round=0
INFO [10-28|15:05:46] --------In rm.propose------- 
INFO [10-28|15:05:46] ---------------in rm.vote----------------- 
INFO [10-28|15:05:46] in vote in RM                            height=7 round=0
INFO [10-28|15:05:46] Timeout time not reach, curr vs timeout: curr=1540710346.000 timeout=1540710351.000
INFO [10-28|15:05:46] in rm.process, check lockset HasQuorum 
INFO [10-28|15:05:46] in HasQuorum 
INFO [10-28|15:05:46] In IsValid() 
len(lockset.Votes): 0 lockset.EligibleVotesNum: 4
INFO [10-28|15:05:46] rm lockset is not valid yet 
INFO [10-28|15:05:46] after cm.process() 
INFO [10-28|15:05:46] case: default, cm.process 
ready: 4 need: 2.6666667
INFO [10-28|15:05:46] ---------------process------------------ 
INFO [10-28|15:05:46] In RM Process                            height=7 round=0
INFO [10-28|15:05:46] --------In rm.propose------- 
INFO [10-28|15:05:46] ---------------in rm.vote----------------- 
INFO [10-28|15:05:46] in vote in RM                            height=7 round=0
INFO [10-28|15:05:46] Timeout time not reach, curr vs timeout: curr=1540710346.000 timeout=1540710351.000
INFO [10-28|15:05:46] in rm.process, check lockset HasQuorum 
INFO [10-28|15:05:46] in HasQuorum 
INFO [10-28|15:05:46] In IsValid() 
len(lockset.Votes): 0 lockset.EligibleVotesNum: 4
INFO [10-28|15:05:46] rm lockset is not valid yet 
INFO [10-28|15:05:46] after cm.process() 
INFO [10-28|15:05:46] case: default, cm.process 
ready: 4 need: 2.6666667
INFO [10-28|15:05:46] ---------------process------------------ 
INFO [10-28|15:05:46] In RM Process                            height=7 round=0
INFO [10-28|15:05:46] --------In rm.propose------- 
INFO [10-28|15:05:46] ---------------in rm.vote----------------- 
INFO [10-28|15:05:46] in vote in RM                            height=7 round=0
INFO [10-28|15:05:46] Timeout time not reach, curr vs timeout: curr=1540710346.000 timeout=1540710351.000
INFO [10-28|15:05:46] in rm.process, check lockset HasQuorum 
INFO [10-28|15:05:46] in HasQuorum 
INFO [10-28|15:05:46] In IsValid() 
len(lockset.Votes): 0 lockset.EligibleVotesNum: 4
INFO [10-28|15:05:46] rm lockset is not valid yet 
INFO [10-28|15:05:46] after cm.process() 
INFO [10-28|15:05:47] case: default, cm.process 
ready: 4 need: 2.6666667
INFO [10-28|15:05:47] ---------------process------------------ 
INFO [10-28|15:05:47] In RM Process                            height=7 round=0
INFO [10-28|15:05:47] --------In rm.propose------- 
INFO [10-28|15:05:47] ---------------in rm.vote----------------- 
INFO [10-28|15:05:47] in vote in RM                            height=7 round=0
INFO [10-28|15:05:47] Timeout time not reach, curr vs timeout: curr=1540710347.000 timeout=1540710351.000
INFO [10-28|15:05:47] in rm.process, check lockset HasQuorum 
INFO [10-28|15:05:47] in HasQuorum 
INFO [10-28|15:05:47] In IsValid() 
len(lockset.Votes): 0 lockset.EligibleVotesNum: 4
INFO [10-28|15:05:47] rm lockset is not valid yet 
INFO [10-28|15:05:47] after cm.process() 
INFO [10-28|15:05:47] case: default, cm.process 
ready: 4 need: 2.6666667
INFO [10-28|15:05:47] ---------------process------------------ 
INFO [10-28|15:05:47] In RM Process                            height=7 round=0
INFO [10-28|15:05:47] --------In rm.propose------- 
INFO [10-28|15:05:47] ---------------in rm.vote----------------- 
INFO [10-28|15:05:47] in vote in RM                            height=7 round=0
INFO [10-28|15:05:47] Timeout time not reach, curr vs timeout: curr=1540710347.000 timeout=1540710351.000
INFO [10-28|15:05:47] in rm.process, check lockset HasQuorum 
INFO [10-28|15:05:47] in HasQuorum 
INFO [10-28|15:05:47] In IsValid() 
len(lockset.Votes): 0 lockset.EligibleVotesNum: 4
INFO [10-28|15:05:47] rm lockset is not valid yet 
INFO [10-28|15:05:47] after cm.process() 
INFO [10-28|15:05:47] case: default, cm.process 
ready: 4 need: 2.6666667
INFO [10-28|15:05:47] ---------------process------------------ 
INFO [10-28|15:05:47] In RM Process                            height=7 round=0
INFO [10-28|15:05:47] --------In rm.propose------- 
INFO [10-28|15:05:47] ---------------in rm.vote----------------- 
INFO [10-28|15:05:47] in vote in RM                            height=7 round=0
INFO [10-28|15:05:47] Timeout time not reach, curr vs timeout: curr=1540710347.000 timeout=1540710351.000
INFO [10-28|15:05:47] in rm.process, check lockset HasQuorum 
INFO [10-28|15:05:47] in HasQuorum 
INFO [10-28|15:05:47] In IsValid() 
len(lockset.Votes): 0 lockset.EligibleVotesNum: 4
INFO [10-28|15:05:47] rm lockset is not valid yet 
INFO [10-28|15:05:47] after cm.process() 
INFO [10-28|15:05:47] case: default, cm.process 
ready: 4 need: 2.6666667
INFO [10-28|15:05:47] ---------------process------------------ 
INFO [10-28|15:05:47] In RM Process                            height=7 round=0
INFO [10-28|15:05:47] --------In rm.propose------- 
INFO [10-28|15:05:47] ---------------in rm.vote----------------- 
INFO [10-28|15:05:47] in vote in RM                            height=7 round=0
INFO [10-28|15:05:47] Timeout time not reach, curr vs timeout: curr=1540710347.000 timeout=1540710351.000
INFO [10-28|15:05:47] in rm.process, check lockset HasQuorum 
INFO [10-28|15:05:47] in HasQuorum 
INFO [10-28|15:05:47] In IsValid() 
len(lockset.Votes): 0 lockset.EligibleVotesNum: 4
INFO [10-28|15:05:47] rm lockset is not valid yet 
INFO [10-28|15:05:47] after cm.process() 
INFO [10-28|15:05:47] case: default, cm.process 
ready: 4 need: 2.6666667
INFO [10-28|15:05:47] ---------------process------------------ 
INFO [10-28|15:05:47] In RM Process                            height=7 round=0
INFO [10-28|15:05:47] --------In rm.propose------- 
INFO [10-28|15:05:47] ---------------in rm.vote----------------- 
INFO [10-28|15:05:47] in vote in RM                            height=7 round=0
INFO [10-28|15:05:47] Timeout time not reach, curr vs timeout: curr=1540710347.000 timeout=1540710351.000
INFO [10-28|15:05:47] in rm.process, check lockset HasQuorum 
INFO [10-28|15:05:47] in HasQuorum 
INFO [10-28|15:05:47] In IsValid() 
len(lockset.Votes): 0 lockset.EligibleVotesNum: 4
INFO [10-28|15:05:47] rm lockset is not valid yet 
INFO [10-28|15:05:47] after cm.process() 
INFO [10-28|15:05:47] Handle BFT Msg,                          msg="msg #11 (174160 bytes)"
INFO [10-28|15:05:47] -------Received NewBlockProposalMsg------- 
bpHR: H: 7 R: 0
cmHR: H: 7 R: 0
INFO [10-28|15:05:47] --------------------------------------- 
# collMsig from = Peer d9d5b902798f5c42 [eth/63]
cmHR: H: 7 R: 0
this is rm.proposerPeer  Peer d9d5b902798f5c42 [eth/63]
INFO [10-28|15:05:47] In IsValid() 
len(lockset.Votes): 0 lockset.EligibleVotesNum: 0
INFO [10-28|15:05:47] cm add BlockProposal                     h=7 r=0
INFO [10-28|15:05:47] in HasQuorum 
INFO [10-28|15:05:47] In IsValid() 
len(lockset.Votes): 4 lockset.EligibleVotesNum: 4
INFO [10-28|15:05:47] In addBlockCandidates!! 
INFO [10-28|15:05:47] -------in handle NewBlockProposalMsg, success!------- 
INFO [10-28|15:05:47] Handle BFT Msg,                          msg="msg #18 (662 bytes)"
INFO [10-28|15:05:47] ------Received MsigProposalMsg------ 
mpHR: H: 7 R: 0 hash: [62 138 48 190 52 95 79 194 8 186 170 157 16 81 189 75 179 192 50 16 77 17 244 181 36 112 126 251 43 32 154 224]
cmHR: H: 7 R: 0
INFO [10-28|15:05:47] --------------------------------------- 
INFO [10-28|15:05:47] in MsigFinished 
len(mp.Msig.MsigVs): 2 mp.MsigVs: [0 28]
INFO [10-28|15:05:47] ------addmsigproposal success!------- 
INFO [10-28|15:05:47] Handle BFT Msg,                          msg="msg #17 (107 bytes)"
INFO [10-28|15:05:47] ------Received VoteMsg------ 
voteHR: H: 7 R: 0 voteType:: 1 voteHash: [62 138 48 190 52 95 79 194 8 186 170 157 16 81 189 75 179 192 50 16 77 17 244 181 36 112 126 251 43 32 154 224]
cmHR: H: 7 R: 0
INFO [10-28|15:05:47] --------------------------------------- 
INFO [10-28|15:05:47] addVote to                               height=7 round=0 from=0x82a978b3f5962a5b0957d9ee9eef472ee55b42f1 success=true cm.coinbase=0xdceceaf3fc5c0a63d195d69b1a90011b7b19650d
INFO [10-28|15:05:47] ------in handle VoteMsg, success!------ 
INFO [10-28|15:05:47] case: default, cm.process 
ready: 4 need: 2.6666667
INFO [10-28|15:05:47] ---------------process------------------ 
INFO [10-28|15:05:47] In RM Process                            height=7 round=0
INFO [10-28|15:05:47] --------In rm.propose------- 
INFO [10-28|15:05:47] ---------------in rm.vote----------------- 
INFO [10-28|15:05:47] in vote in RM                            height=7 round=0
INFO [10-28|15:05:47] vote mp 
INFO [10-28|15:05:47] vote success in                          height=7 round=0
INFO [10-28|15:05:47] Send VoteMsg 
INFO [10-28|15:05:47] in rm.process, check lockset HasQuorum 
INFO [10-28|15:05:47] in HasQuorum 
INFO [10-28|15:05:47] In IsValid() 
len(lockset.Votes): 2 lockset.EligibleVotesNum: 4
INFO [10-28|15:05:47] rm lockset is not valid yet 
INFO [10-28|15:05:47] after cm.process() 
INFO [10-28|15:05:47] Handle BFT Msg,                          msg="msg #17 (107 bytes)"
INFO [10-28|15:05:47] ------Received VoteMsg------ 
voteHR: H: 7 R: 0 voteType:: 1 voteHash: [62 138 48 190 52 95 79 194 8 186 170 157 16 81 189 75 179 192 50 16 77 17 244 181 36 112 126 251 43 32 154 224]
cmHR: H: 7 R: 0
INFO [10-28|15:05:47] --------------------------------------- 
INFO [10-28|15:05:47] addVote to                               height=7 round=0 from=0x598443f1880ef585b21f1d7585bd0577402861e5 success=true cm.coinbase=0xdceceaf3fc5c0a63d195d69b1a90011b7b19650d
INFO [10-28|15:05:47] ------in handle VoteMsg, success!------ 
INFO [10-28|15:05:47] case: default, cm.process 
ready: 4 need: 2.6666667
INFO [10-28|15:05:47] ---------------process------------------ 
INFO [10-28|15:05:47] In RM Process                            height=7 round=0
INFO [10-28|15:05:47] --------In rm.propose------- 
INFO [10-28|15:05:47] ---------------in rm.vote----------------- 
INFO [10-28|15:05:47] voted 
INFO [10-28|15:05:47] in rm.process, check lockset HasQuorum 
INFO [10-28|15:05:47] in HasQuorum 
INFO [10-28|15:05:47] In IsValid() 
len(lockset.Votes): 3 lockset.EligibleVotesNum: 4
INFO [10-28|15:05:47] There is a quorum                        height=7 round=0
--- in rm.process p.id: --- Peer d9d5b902798f5c42 [eth/63]
INFO [10-28|15:05:47] ============in cm.commitLockset============ 
INFO [10-28|15:05:47] in commitLockset, check ls HasQuorum 
INFO [10-28|15:05:47] in HasQuorum 
INFO [10-28|15:05:47] In IsValid() 
len(lockset.Votes): 3 lockset.EligibleVotesNum: 4
INFO [10-28|15:05:47] cm.found is not nil 
INFO [10-28|15:05:47] store lockset 
peerid: d9d5b902798f5c42
INFO [10-28|15:05:47] have a consensus on the block 
cmH 7
INFO [10-28|15:05:47] result.Header().Coinbase != b.signer 
INFO [10-28|15:05:47] in validatorCommit1 
result.Header().Coinbase: [89 132 67 241 136 14 245 133 178 31 29 117 133 189 5 119 64 40 97 229] b.signer: [220 236 234 243 252 92 10 99 209 149 214 155 26 144 1 27 123 25 101 13]
ConsensusTime, 1249009401 , txs, 1603 , blockNum, 7
INFO [10-28|15:05:47] ---storeLockset--- 
FinishedConsensus, 1540710347679959000
INFO [10-28|15:05:47] result is nil 
pid: d9d5b902798f5c42
block number 7
-------in NewBFTValidatorBlock-------
INFO [10-28|15:05:47] === Finished Mine() === 
INFO [10-28|15:05:47] in validatorCommit2 
validatorCommit time: 235.664µs
INFO [10-28|15:05:47] after cm.process() 
INFO [10-28|15:05:47] **in eth.handler**, get result from ch 
INFO [10-28|15:05:47] ***in BFT.VVVVerifyHeader*** 
INFO [10-28|15:05:47] ***in BFT.verifyHeader*** 
INFO [10-28|15:05:47] ***in BFT.verifySeal*** 
INFO [10-28|15:05:47] In verifyVotes 
INFO [10-28|15:05:47] in HasQuorum 
INFO [10-28|15:05:47] In IsValid() 
len(lockset.Votes): 3 lockset.EligibleVotesNum: 4
INFO [10-28|15:05:47] ***in BFT.VerifyHeaderSSSS*** 
INFO [10-28|15:05:47] ***in BFT.verifyHeader*** 
INFO [10-28|15:05:47] ***in BFT.verifySeal*** 
INFO [10-28|15:05:47] In verifyVotes 
INFO [10-28|15:05:47] in HasQuorum 
INFO [10-28|15:05:47] In IsValid() 
len(lockset.Votes): 3 lockset.EligibleVotesNum: 4
INFO [10-28|15:05:48] Handle BFT Msg,                          msg="msg #17 (107 bytes)"
INFO [10-28|15:05:48] ------Received VoteMsg------ 
voteHR: H: 7 R: 0 voteType:: 1 voteHash: [62 138 48 190 52 95 79 194 8 186 170 157 16 81 189 75 179 192 50 16 77 17 244 181 36 112 126 251 43 32 154 224]
cmHR: H: 7 R: 0
INFO [10-28|15:05:48] --------------------------------------- 
INFO [10-28|15:05:48] addVote to                               height=7 round=0 from=0x7d577a597b2742b498cb5cf0c26cdcd726d39e6e success=true cm.coinbase=0xdceceaf3fc5c0a63d195d69b1a90011b7b19650d
INFO [10-28|15:05:48] ------in handle VoteMsg, success!------ 
INFO [10-28|15:05:49] Imported new chain segment               blocks=1 txs=1603 mgas=33.663 elapsed=1.413s   mgasps=23.816 number=7 hash=3e8a30…209ae0
FinishedPostExec, 1540710349094069000 , txs, 1603
PostExecTime, 1.413467321s
INFO [10-28|15:05:49] in pool.evenLoop, call pool.resetState 
INFO [10-28|15:05:50] Commit new mining work                   number=8 txs=1603 uncles=0 elapsed=1.891s
INFO [10-28|15:05:50] 🔗 block reached canonical chain          number=2 hash=6da767…a3afae
INFO [10-28|15:05:50] Sealing                                  block n=8
StartConsensus, 1540710350985813000
INFO [10-28|15:05:50] Start Process 
INFO [10-28|15:05:50] in cm.Process, check lastCommittingLockset() 
INFO [10-28|15:05:50] In IsValid() 
len(lockset.Votes): 4 lockset.EligibleVotesNum: 4
INFO [10-28|15:05:50] in HasQuorum 
INFO [10-28|15:05:50] In IsValid() 
len(lockset.Votes): 4 lockset.EligibleVotesNum: 4
=====CM.COINBASE IS:===== [220 236 234 243 252 92 10 99 209 149 214 155 26 144 1 27 123 25 101 13] block number is: 8
INFO [10-28|15:05:50] case: default, cm.process 
ready: 4 need: 2.6666667
INFO [10-28|15:05:50] ---------------process------------------ 
INFO [10-28|15:05:50] In RM Process                            height=8 round=0
INFO [10-28|15:05:50] --------In rm.propose------- 
INFO [10-28|15:05:50] ---------------in rm.vote----------------- 
INFO [10-28|15:05:50] in vote in RM                            height=8 round=0
INFO [10-28|15:05:50] Timeout time not reach, curr vs timeout: curr=1540710350.000 timeout=1540710355.000
INFO [10-28|15:05:50] in rm.process, check lockset HasQuorum 
INFO [10-28|15:05:50] in HasQuorum 
INFO [10-28|15:05:50] In IsValid() 
len(lockset.Votes): 0 lockset.EligibleVotesNum: 4
INFO [10-28|15:05:50] rm lockset is not valid yet 
INFO [10-28|15:05:50] after cm.process() 
INFO [10-28|15:05:51] case: default, cm.process 
ready: 4 need: 2.6666667
INFO [10-28|15:05:51] ---------------process------------------ 
INFO [10-28|15:05:51] In RM Process                            height=8 round=0
INFO [10-28|15:05:51] --------In rm.propose------- 
INFO [10-28|15:05:51] ---------------in rm.vote----------------- 
INFO [10-28|15:05:51] in vote in RM                            height=8 round=0
INFO [10-28|15:05:51] Timeout time not reach, curr vs timeout: curr=1540710351.000 timeout=1540710355.000
INFO [10-28|15:05:51] in rm.process, check lockset HasQuorum 
INFO [10-28|15:05:51] in HasQuorum 
INFO [10-28|15:05:51] In IsValid() 
len(lockset.Votes): 0 lockset.EligibleVotesNum: 4
INFO [10-28|15:05:51] rm lockset is not valid yet 
INFO [10-28|15:05:51] after cm.process() 
INFO [10-28|15:05:51] case: default, cm.process 
ready: 4 need: 2.6666667
INFO [10-28|15:05:51] ---------------process------------------ 
INFO [10-28|15:05:51] In RM Process                            height=8 round=0
INFO [10-28|15:05:51] --------In rm.propose------- 
INFO [10-28|15:05:51] ---------------in rm.vote----------------- 
INFO [10-28|15:05:51] in vote in RM                            height=8 round=0
INFO [10-28|15:05:51] Timeout time not reach, curr vs timeout: curr=1540710351.000 timeout=1540710355.000
INFO [10-28|15:05:51] in rm.process, check lockset HasQuorum 
INFO [10-28|15:05:51] in HasQuorum 
INFO [10-28|15:05:51] In IsValid() 
len(lockset.Votes): 0 lockset.EligibleVotesNum: 4
INFO [10-28|15:05:51] rm lockset is not valid yet 
INFO [10-28|15:05:51] after cm.process() 
INFO [10-28|15:05:51] Handle BFT Msg,                          msg="msg #11 (174160 bytes)"
INFO [10-28|15:05:51] -------Received NewBlockProposalMsg------- 
bpHR: H: 8 R: 0
cmHR: H: 8 R: 0
INFO [10-28|15:05:51] --------------------------------------- 
# collMsig from = Peer d67104e65b61fca1 [eth/63]
cmHR: H: 8 R: 0
this is rm.proposerPeer  Peer d67104e65b61fca1 [eth/63]
INFO [10-28|15:05:51] In IsValid() 
len(lockset.Votes): 0 lockset.EligibleVotesNum: 0
INFO [10-28|15:05:51] cm add BlockProposal                     h=8 r=0
INFO [10-28|15:05:51] in HasQuorum 
INFO [10-28|15:05:51] In IsValid() 
len(lockset.Votes): 4 lockset.EligibleVotesNum: 4
INFO [10-28|15:05:51] In addBlockCandidates!! 
INFO [10-28|15:05:51] -------in handle NewBlockProposalMsg, success!------- 
INFO [10-28|15:05:51] Handle BFT Msg,                          msg="msg #18 (662 bytes)"
INFO [10-28|15:05:51] ------Received MsigProposalMsg------ 
mpHR: H: 8 R: 0 hash: [165 204 14 54 126 122 67 234 67 211 76 27 11 103 92 227 54 56 119 230 114 145 52 168 107 133 157 73 69 230 243 9]
cmHR: H: 8 R: 0
INFO [10-28|15:05:51] --------------------------------------- 
INFO [10-28|15:05:51] in MsigFinished 
len(mp.Msig.MsigVs): 2 mp.MsigVs: [0 28]
INFO [10-28|15:05:51] ------addmsigproposal success!------- 
INFO [10-28|15:05:51] Handle BFT Msg,                          msg="msg #17 (107 bytes)"
INFO [10-28|15:05:51] ------Received VoteMsg------ 
voteHR: H: 8 R: 0 voteType:: 1 voteHash: [165 204 14 54 126 122 67 234 67 211 76 27 11 103 92 227 54 56 119 230 114 145 52 168 107 133 157 73 69 230 243 9]
cmHR: H: 8 R: 0
INFO [10-28|15:05:51] --------------------------------------- 
INFO [10-28|15:05:51] addVote to                               height=8 round=0 from=0x598443f1880ef585b21f1d7585bd0577402861e5 success=true cm.coinbase=0xdceceaf3fc5c0a63d195d69b1a90011b7b19650d
INFO [10-28|15:05:51] ------in handle VoteMsg, success!------ 
INFO [10-28|15:05:51] Handle BFT Msg,                          msg="msg #17 (107 bytes)"
INFO [10-28|15:05:51] ------Received VoteMsg------ 
voteHR: H: 8 R: 0 voteType:: 1 voteHash: [165 204 14 54 126 122 67 234 67 211 76 27 11 103 92 227 54 56 119 230 114 145 52 168 107 133 157 73 69 230 243 9]
cmHR: H: 8 R: 0
INFO [10-28|15:05:51] --------------------------------------- 
INFO [10-28|15:05:51] addVote to                               height=8 round=0 from=0x7d577a597b2742b498cb5cf0c26cdcd726d39e6e success=true cm.coinbase=0xdceceaf3fc5c0a63d195d69b1a90011b7b19650d
INFO [10-28|15:05:51] ------in handle VoteMsg, success!------ 
INFO [10-28|15:05:51] case: default, cm.process 
ready: 4 need: 2.6666667
INFO [10-28|15:05:51] ---------------process------------------ 
INFO [10-28|15:05:51] In RM Process                            height=8 round=0
INFO [10-28|15:05:51] --------In rm.propose------- 
INFO [10-28|15:05:51] ---------------in rm.vote----------------- 
INFO [10-28|15:05:51] in vote in RM                            height=8 round=0
INFO [10-28|15:05:51] vote mp 
INFO [10-28|15:05:51] vote success in                          height=8 round=0
INFO [10-28|15:05:51] Send VoteMsg 
INFO [10-28|15:05:51] in rm.process, check lockset HasQuorum 
INFO [10-28|15:05:51] in HasQuorum 
INFO [10-28|15:05:51] In IsValid() 
len(lockset.Votes): 3 lockset.EligibleVotesNum: 4
INFO [10-28|15:05:51] There is a quorum                        height=8 round=0
--- in rm.process p.id: --- Peer d67104e65b61fca1 [eth/63]
INFO [10-28|15:05:51] ============in cm.commitLockset============ 
INFO [10-28|15:05:51] in commitLockset, check ls HasQuorum 
INFO [10-28|15:05:51] in HasQuorum 
INFO [10-28|15:05:51] In IsValid() 
len(lockset.Votes): 3 lockset.EligibleVotesNum: 4
INFO [10-28|15:05:51] cm.found is not nil 
INFO [10-28|15:05:51] store lockset 
peerid: d67104e65b61fca1
INFO [10-28|15:05:51] have a consensus on the block 
cmH 8
INFO [10-28|15:05:51] result.Header().Coinbase != b.signer 
result.Header().Coinbase: [130 169 120 179 245 150 42 91 9 87 217 238 158 239 71 46 229 91 66 241] b.signer: [220 236 234 243 252 92 10 99 209 149 214 155 26 144 1 27 123 25 101 13]
ConsensusTime, 311866683 , txs, 1603 , blockNum, 8
INFO [10-28|15:05:51] ---storeLockset--- 
FinishedConsensus, 1540710351297700000
INFO [10-28|15:05:51] result is nil 
INFO [10-28|15:05:51] === Finished Mine() === 
INFO [10-28|15:05:51] in validatorCommit1 
pid: d67104e65b61fca1
block number 8
-------in NewBFTValidatorBlock-------
INFO [10-28|15:05:51] after cm.process() 
INFO [10-28|15:05:51] in validatorCommit2 
validatorCommit time: 256.88µs
INFO [10-28|15:05:51] **in eth.handler**, get result from ch 
INFO [10-28|15:05:51] ***in BFT.VVVVerifyHeader*** 
INFO [10-28|15:05:51] ***in BFT.verifyHeader*** 
INFO [10-28|15:05:51] ***in BFT.verifySeal*** 
INFO [10-28|15:05:51] In verifyVotes 
INFO [10-28|15:05:51] in HasQuorum 
INFO [10-28|15:05:51] In IsValid() 
len(lockset.Votes): 3 lockset.EligibleVotesNum: 4
INFO [10-28|15:05:51] ***in BFT.VerifyHeaderSSSS*** 
INFO [10-28|15:05:51] ***in BFT.verifyHeader*** 
INFO [10-28|15:05:51] ***in BFT.verifySeal*** 
INFO [10-28|15:05:51] In verifyVotes 
INFO [10-28|15:05:51] in HasQuorum 
INFO [10-28|15:05:51] In IsValid() 
len(lockset.Votes): 3 lockset.EligibleVotesNum: 4
INFO [10-28|15:05:51] Handle BFT Msg,                          msg="msg #17 (107 bytes)"
INFO [10-28|15:05:51] ------Received VoteMsg------ 
voteHR: H: 8 R: 0 voteType:: 1 voteHash: [165 204 14 54 126 122 67 234 67 211 76 27 11 103 92 227 54 56 119 230 114 145 52 168 107 133 157 73 69 230 243 9]
cmHR: H: 8 R: 0
INFO [10-28|15:05:51] --------------------------------------- 
INFO [10-28|15:05:51] addVote to                               height=8 round=0 from=0x82a978b3f5962a5b0957d9ee9eef472ee55b42f1 success=true cm.coinbase=0xdceceaf3fc5c0a63d195d69b1a90011b7b19650d
INFO [10-28|15:05:51] ------in handle VoteMsg, success!------ 
INFO [10-28|15:05:52] Imported new chain segment               blocks=1 txs=1603 mgas=33.663 elapsed=1.145s   mgasps=29.396 number=8 hash=a5cc0e…e6f309
FinishedPostExec, 1540710352443514000 , txs, 1603
PostExecTime, 1.145156887s
INFO [10-28|15:05:52] in pool.evenLoop, call pool.resetState 
INFO [10-28|15:05:54] Commit new mining work                   number=9 txs=1604 uncles=0 elapsed=1.658s
INFO [10-28|15:05:54] Sealing                                  block n=9
StartConsensus, 1540710354102222000
INFO [10-28|15:05:54] Start Process 
INFO [10-28|15:05:54] in cm.Process, check lastCommittingLockset() 
INFO [10-28|15:05:54] In IsValid() 
len(lockset.Votes): 4 lockset.EligibleVotesNum: 4
INFO [10-28|15:05:54] in HasQuorum 
INFO [10-28|15:05:54] In IsValid() 
len(lockset.Votes): 4 lockset.EligibleVotesNum: 4
=====CM.COINBASE IS:===== [220 236 234 243 252 92 10 99 209 149 214 155 26 144 1 27 123 25 101 13] block number is: 9
INFO [10-28|15:05:54] case: default, cm.process 
ready: 4 need: 2.6666667
INFO [10-28|15:05:54] ---------------process------------------ 
INFO [10-28|15:05:54] In RM Process                            height=9 round=0
INFO [10-28|15:05:54] --------In rm.propose------- 
INFO [10-28|15:05:54] ---------------in rm.vote----------------- 
INFO [10-28|15:05:54] in vote in RM                            height=9 round=0
INFO [10-28|15:05:54] Timeout time not reach, curr vs timeout: curr=1540710354.000 timeout=1540710359.000
INFO [10-28|15:05:54] in rm.process, check lockset HasQuorum 
INFO [10-28|15:05:54] in HasQuorum 
INFO [10-28|15:05:54] In IsValid() 
len(lockset.Votes): 0 lockset.EligibleVotesNum: 4
INFO [10-28|15:05:54] rm lockset is not valid yet 
INFO [10-28|15:05:54] after cm.process() 
INFO [10-28|15:05:54] case: default, cm.process 
ready: 4 need: 2.6666667
INFO [10-28|15:05:54] ---------------process------------------ 
INFO [10-28|15:05:54] In RM Process                            height=9 round=0
INFO [10-28|15:05:54] --------In rm.propose------- 
INFO [10-28|15:05:54] ---------------in rm.vote----------------- 
INFO [10-28|15:05:54] in vote in RM                            height=9 round=0
INFO [10-28|15:05:54] Timeout time not reach, curr vs timeout: curr=1540710354.000 timeout=1540710359.000
INFO [10-28|15:05:54] in rm.process, check lockset HasQuorum 
INFO [10-28|15:05:54] in HasQuorum 
INFO [10-28|15:05:54] In IsValid() 
len(lockset.Votes): 0 lockset.EligibleVotesNum: 4
INFO [10-28|15:05:54] rm lockset is not valid yet 
INFO [10-28|15:05:54] after cm.process() 
INFO [10-28|15:05:54] case: default, cm.process 
ready: 4 need: 2.6666667
INFO [10-28|15:05:54] ---------------process------------------ 
INFO [10-28|15:05:54] In RM Process                            height=9 round=0
INFO [10-28|15:05:54] --------In rm.propose------- 
INFO [10-28|15:05:54] ---------------in rm.vote----------------- 
INFO [10-28|15:05:54] in vote in RM                            height=9 round=0
INFO [10-28|15:05:54] Timeout time not reach, curr vs timeout: curr=1540710354.000 timeout=1540710359.000
INFO [10-28|15:05:54] in rm.process, check lockset HasQuorum 
INFO [10-28|15:05:54] in HasQuorum 
INFO [10-28|15:05:54] In IsValid() 
len(lockset.Votes): 0 lockset.EligibleVotesNum: 4
INFO [10-28|15:05:54] rm lockset is not valid yet 
INFO [10-28|15:05:54] after cm.process() 
INFO [10-28|15:05:54] Handle BFT Msg,                          msg="msg #11 (174270 bytes)"
INFO [10-28|15:05:54] -------Received NewBlockProposalMsg------- 
bpHR: H: 9 R: 0
cmHR: H: 9 R: 0
INFO [10-28|15:05:54] --------------------------------------- 
# collMsig from = Peer 6d11b37ef4fc909a [eth/63]
cmHR: H: 9 R: 0
this is rm.proposerPeer  Peer 6d11b37ef4fc909a [eth/63]
INFO [10-28|15:05:54] In IsValid() 
len(lockset.Votes): 0 lockset.EligibleVotesNum: 0
INFO [10-28|15:05:54] cm add BlockProposal                     h=9 r=0
INFO [10-28|15:05:54] in HasQuorum 
INFO [10-28|15:05:54] In IsValid() 
len(lockset.Votes): 4 lockset.EligibleVotesNum: 4
INFO [10-28|15:05:54] in collectMsig, i am msig proposer 
INFO [10-28|15:05:54] in bfthandler Send MsigProposalMsg 
INFO [10-28|15:05:54] Sending MsigProposalMsg 
INFO [10-28|15:05:54] Sending MsigProposalMsg 
INFO [10-28|15:05:54] Sending MsigProposalMsg 
INFO [10-28|15:05:54] Return MsigProposalMsg to                LOG15_ERROR=                                                   LOG15_ERROR="Normalized odd number of arguments by adding nil"
INFO [10-28|15:05:54] Sending MsigProposalMsg 
in cm.collectMsig, mp.MsigVs: [<nil> 27]
INFO [10-28|15:05:54] In addBlockCandidates!! 
INFO [10-28|15:05:54] -------in handle NewBlockProposalMsg, success!------- 
./node3.sh: line 16: 19212 Terminated: 15          ../build/bin/geth --networkid 2234 --port 30305 --rpcport 8547 --datadir "data/node3" --nodiscover --rpc --rpccorsdomain "*" --rpcapi "eth,net,web3,debug" --bft --allow-empty --num-validators 4 --node-num 2
