INFO [10-08|22:47:38] Starting peer-to-peer node               instance=Geth/v1.6.7-unstable-4802f345/darwin-amd64/go1.9.2
INFO [10-08|22:47:38] Allocated cache and file handles         database=/Users/sujianwei20/new_misgcode/msigcode/examples/data/node2/geth/chaindata cache=128 handles=1024
WARN [10-08|22:47:38] Upgrading chain database to use sequential keys 
INFO [10-08|22:47:38] Database conversion successful 
INFO [10-08|22:47:38] Initialised chain configuration          config="{ChainID: 2235 Homestead: 1 DAO: <nil> DAOSupport: false EIP150: 2 EIP155: 3 EIP158: 3 Metropolis: <nil> Engine: ethash}"
INFO [10-08|22:47:38] config bft is                            bft=true
WARN [10-08|22:47:38] Upgrading db log bloom bins 
INFO [10-08|22:47:38] Bloom-bin upgrade completed              elapsed=163.551µs
INFO [10-08|22:47:38] Initialising Ethereum protocol           versions="[63 62]" network=2234
INFO [10-08|22:47:38] Loaded most recent local header          number=0 hash=6f3c1c…1bf138 td=1048576
INFO [10-08|22:47:38] Loaded most recent local full block      number=0 hash=6f3c1c…1bf138 td=1048576
INFO [10-08|22:47:38] Loaded most recent local fast block      number=0 hash=6f3c1c…1bf138 td=1048576
INFO [10-08|22:47:38] in NewTxPool, call resetState 
INFO [10-08|22:47:38] in NewTxPool, call pool.eventLoog() 
INFO [10-08|22:47:38] Allocated cache and file handles         database=/Users/sujianwei20/new_misgcode/msigcode/examples/data/node2/geth/bftData   cache=128 handles=1024
INFO [10-08|22:47:38] addVote to                               height=0 round=0 from=0x7d577a597b2742b498cb5cf0c26cdcd726d39e6e success=true cm.coinbase=0x7d577a597b2742b498cb5cf0c26cdcd726d39e6e
ready: 1 need: 2.6666667
INFO [10-08|22:47:38] consensusManager not ready  
ready: 1 need: 2.6666667
INFO [10-08|22:47:38] Starting P2P networking 
INFO [10-08|22:47:38] RLPx listener up                         self="enode://6d11b37ef4fc909ae1ec6c63584f99843f04ea9466730f8e58950c8c7262e6933ca3dd37304995604f567517e8c6e6074de37eab843f91475f713bd062067e61@[::]:30304?discport=0"
INFO [10-08|22:47:38] ---In BFTvalidatorCommitBlock--- 
INFO [10-08|22:47:38] IPC endpoint opened: /Users/sujianwei20/new_misgcode/msigcode/examples/data/node2/geth.ipc 
INFO [10-08|22:47:38] HTTP endpoint opened: http://127.0.0.1:8546 
INFO [10-08|22:47:39] Handle BFT Msg,                          msg="msg #8 (78 bytes)"
INFO [10-08|22:47:39] ------Received ReadMsg------ 
AddReady from: [130 169 120 179 245 150 42 91 9 87 217 238 158 239 71 46 229 91 66 241]
INFO [10-08|22:47:39] send Ready msg 
#### peer = Peer d67104e65b61fca1 [eth/63]
INFO [10-08|22:47:39] send Ready msg 
#### peer = Peer 94dd98401cf6ca04 [eth/63]
INFO [10-08|22:47:39] send Ready msg 
#### peer = Peer d9d5b902798f5c42 [eth/63]
INFO [10-08|22:47:39] Handle BFT Msg,                          msg="msg #8 (78 bytes)"
INFO [10-08|22:47:39] ------Received ReadMsg------ 
INFO [10-08|22:47:39] Handle BFT Msg,                          msg="msg #8 (78 bytes)"
INFO [10-08|22:47:39] ------Received ReadMsg------ 
ready: 2 need: 2.6666667
AddReady from: [130 169 120 179 245 150 42 91 9 87 217 238 158 239 71 46 229 91 66 241]
INFO [10-08|22:47:39] consensusManager not ready  
AddReady from: [130 169 120 179 245 150 42 91 9 87 217 238 158 239 71 46 229 91 66 241]
ready: 2 need: 2.6666667
INFO [10-08|22:47:39] send Ready msg 
#### peer = Peer d67104e65b61fca1 [eth/63]
INFO [10-08|22:47:39] send Ready msg 
#### peer = Peer 94dd98401cf6ca04 [eth/63]
INFO [10-08|22:47:39] send Ready msg 
#### peer = Peer d9d5b902798f5c42 [eth/63]
INFO [10-08|22:47:39] Handle BFT Msg,                          msg="msg #8 (78 bytes)"
INFO [10-08|22:47:39] ------Received ReadMsg------ 
AddReady from: [125 87 122 89 123 39 66 180 152 203 92 240 194 108 220 215 38 211 158 110]
INFO [10-08|22:47:39] Handle BFT Msg,                          msg="msg #8 (78 bytes)"
INFO [10-08|22:47:39] ------Received ReadMsg------ 
AddReady from: [125 87 122 89 123 39 66 180 152 203 92 240 194 108 220 215 38 211 158 110]
INFO [10-08|22:47:39] Handle BFT Msg,                          msg="msg #8 (78 bytes)"
INFO [10-08|22:47:39] ------Received ReadMsg------ 
AddReady from: [125 87 122 89 123 39 66 180 152 203 92 240 194 108 220 215 38 211 158 110]
INFO [10-08|22:47:39] Handle BFT Msg,                          msg="msg #8 (78 bytes)"
INFO [10-08|22:47:39] ------Received ReadMsg------ 
INFO [10-08|22:47:39] Handle BFT Msg,                          msg="msg #8 (78 bytes)"
INFO [10-08|22:47:39] ------Received ReadMsg------ 
AddReady from: [220 236 234 243 252 92 10 99 209 149 214 155 26 144 1 27 123 25 101 13]
AddReady from: [220 236 234 243 252 92 10 99 209 149 214 155 26 144 1 27 123 25 101 13]
INFO [10-08|22:47:39] send Ready msg 
#### peer = Peer d67104e65b61fca1 [eth/63]
INFO [10-08|22:47:39] send Ready msg 
#### peer = Peer d67104e65b61fca1 [eth/63]
INFO [10-08|22:47:39] send Ready msg 
#### peer = Peer 94dd98401cf6ca04 [eth/63]
INFO [10-08|22:47:39] send Ready msg 
#### peer = Peer d9d5b902798f5c42 [eth/63]
INFO [10-08|22:47:39] send Ready msg 
#### peer = Peer 94dd98401cf6ca04 [eth/63]
INFO [10-08|22:47:39] send Ready msg 
#### peer = Peer d9d5b902798f5c42 [eth/63]
INFO [10-08|22:47:39] Handle BFT Msg,                          msg="msg #8 (78 bytes)"
INFO [10-08|22:47:39] ------Received ReadMsg------ 
AddReady from: [220 236 234 243 252 92 10 99 209 149 214 155 26 144 1 27 123 25 101 13]
INFO [10-08|22:47:39] Handle BFT Msg,                          msg="msg #8 (78 bytes)"
INFO [10-08|22:47:39] ------Received ReadMsg------ 
AddReady from: [89 132 67 241 136 14 245 133 178 31 29 117 133 189 5 119 64 40 97 229]
INFO [10-08|22:47:39] send Ready msg 
#### peer = Peer d67104e65b61fca1 [eth/63]
INFO [10-08|22:47:39] send Ready msg 
#### peer = Peer 94dd98401cf6ca04 [eth/63]
INFO [10-08|22:47:39] send Ready msg 
#### peer = Peer d9d5b902798f5c42 [eth/63]
INFO [10-08|22:47:39] Handle BFT Msg,                          msg="msg #8 (78 bytes)"
INFO [10-08|22:47:39] ------Received ReadMsg------ 
AddReady from: [89 132 67 241 136 14 245 133 178 31 29 117 133 189 5 119 64 40 97 229]
INFO [10-08|22:47:39] Handle BFT Msg,                          msg="msg #8 (78 bytes)"
INFO [10-08|22:47:39] ------Received ReadMsg------ 
AddReady from: [89 132 67 241 136 14 245 133 178 31 29 117 133 189 5 119 64 40 97 229]
ready: 4 need: 2.6666667
ready: 4 need: 2.6666667
INFO [10-08|22:47:39] send Ready msg 
#### peer = Peer d67104e65b61fca1 [eth/63]
INFO [10-08|22:47:39] send Ready msg 
#### peer = Peer 94dd98401cf6ca04 [eth/63]
INFO [10-08|22:47:39] Handle BFT Msg,                          msg="msg #8 (78 bytes)"
INFO [10-08|22:47:39] ------Received ReadMsg------ 
INFO [10-08|22:47:39] send Ready msg 
#### peer = Peer d9d5b902798f5c42 [eth/63]
INFO [10-08|22:47:39] -----------------consensusManager Ready------------------------- 
AddReady from: [130 169 120 179 245 150 42 91 9 87 217 238 158 239 71 46 229 91 66 241]
INFO [10-08|22:47:39] send Ready msg 
#### peer = Peer d67104e65b61fca1 [eth/63]
INFO [10-08|22:47:39] send Ready msg 
#### peer = Peer 94dd98401cf6ca04 [eth/63]
INFO [10-08|22:47:39] send Ready msg 
#### peer = Peer d9d5b902798f5c42 [eth/63]
INFO [10-08|22:47:39] Handle BFT Msg,                          msg="msg #8 (78 bytes)"
INFO [10-08|22:47:39] ------Received ReadMsg------ 
INFO [10-08|22:47:39] Handle BFT Msg,                          msg="msg #8 (78 bytes)"
INFO [10-08|22:47:39] ------Received ReadMsg------ 
AddReady from: [125 87 122 89 123 39 66 180 152 203 92 240 194 108 220 215 38 211 158 110]
INFO [10-08|22:47:39] Handle BFT Msg,                          msg="msg #8 (78 bytes)"
AddReady from: [130 169 120 179 245 150 42 91 9 87 217 238 158 239 71 46 229 91 66 241]
INFO [10-08|22:47:39] ------Received ReadMsg------ 
AddReady from: [130 169 120 179 245 150 42 91 9 87 217 238 158 239 71 46 229 91 66 241]
INFO [10-08|22:47:39] Handle BFT Msg,                          msg="msg #8 (78 bytes)"
INFO [10-08|22:47:39] ------Received ReadMsg------ 
INFO [10-08|22:47:39] Handle BFT Msg,                          msg="msg #8 (78 bytes)"
INFO [10-08|22:47:39] ------Received ReadMsg------ 
INFO [10-08|22:47:39] Handle BFT Msg,                          msg="msg #8 (78 bytes)"
INFO [10-08|22:47:39] ------Received ReadMsg------ 
AddReady from: [130 169 120 179 245 150 42 91 9 87 217 238 158 239 71 46 229 91 66 241]
AddReady from: [125 87 122 89 123 39 66 180 152 203 92 240 194 108 220 215 38 211 158 110]
INFO [10-08|22:47:39] Handle BFT Msg,                          msg="msg #8 (78 bytes)"
INFO [10-08|22:47:39] ------Received ReadMsg------ 
AddReady from: [125 87 122 89 123 39 66 180 152 203 92 240 194 108 220 215 38 211 158 110]
AddReady from: [125 87 122 89 123 39 66 180 152 203 92 240 194 108 220 215 38 211 158 110]
INFO [10-08|22:47:39] Handle BFT Msg,                          msg="msg #8 (78 bytes)"
INFO [10-08|22:47:39] ------Received ReadMsg------ 
AddReady from: [125 87 122 89 123 39 66 180 152 203 92 240 194 108 220 215 38 211 158 110]
INFO [10-08|22:49:50] Transaction pool price threshold updated price=18000000000
INFO [10-08|22:49:50] Starting mining operation 
INFO [10-08|22:49:53] Commit new mining work                   number=1 txs=1598 uncles=0 elapsed=2.343s
INFO [10-08|22:49:53] Sealing                                  block n=1
StartConsensus, 1539010193123659000
INFO [10-08|22:49:53] Start Process 
INFO [10-08|22:49:53] in cm.Process, check lastCommittingLockset() 
INFO [10-08|22:49:53] In IsValid() 
len(lockset.Votes): 1 lockset.EligibleVotesNum: 0
INFO [10-08|22:49:53] in HasQuorum 
INFO [10-08|22:49:53] In IsValid() 
len(lockset.Votes): 1 lockset.EligibleVotesNum: 0
INFO [10-08|22:49:53] in sortByBlockhash 
made bhs, bhs: map[[111 60 28 34 114 80 121 51 60 176 50 117 65 207 97 154 170 82 172 187 58 33 229 200 29 126 81 195 42 27 241 56]:1]
made hs, hs: [{[111 60 28 34 114 80 121 51 60 176 50 117 65 207 97 154 170 82 172 187 58 33 229 200 29 126 81 195 42 27 241 56] 1}]
sorted hs, hs: [{[111 60 28 34 114 80 121 51 60 176 50 117 65 207 97 154 170 82 172 187 58 33 229 200 29 126 81 195 42 27 241 56] 1}]
=====CM.COINBASE IS:===== [125 87 122 89 123 39 66 180 152 203 92 240 194 108 220 215 38 211 158 110] block number is: 1
INFO [10-08|22:49:53] case: default, cm.process 
ready: 4 need: 2.6666667
INFO [10-08|22:49:53] ---------------process------------------ 
INFO [10-08|22:49:53] In RM Process                            height=1 round=0
INFO [10-08|22:49:53] --------In rm.propose------- 
INFO [10-08|22:49:53] I am a proposer in                       height=1 round=0
INFO [10-08|22:49:53] in propose, check lastRoundLockset 
lastRoundLockset, hm.activeround: 0
INFO [10-08|22:49:53] ------in mkProposal------ 
INFO [10-08|22:49:53] In IsValid() 
len(lockset.Votes): 1 lockset.EligibleVotesNum: 0
INFO [10-08|22:49:53] in HasQuorum 
INFO [10-08|22:49:53] In IsValid() 
len(lockset.Votes): 1 lockset.EligibleVotesNum: 0
INFO [10-08|22:49:53] in sortByBlockhash 
made bhs, bhs: map[[111 60 28 34 114 80 121 51 60 176 50 117 65 207 97 154 170 82 172 187 58 33 229 200 29 126 81 195 42 27 241 56]:1]
made hs, hs: [{[111 60 28 34 114 80 121 51 60 176 50 117 65 207 97 154 170 82 172 187 58 33 229 200 29 126 81 195 42 27 241 56] 1}]
sorted hs, hs: [{[111 60 28 34 114 80 121 51 60 176 50 117 65 207 97 154 170 82 172 187 58 33 229 200 29 126 81 195 42 27 241 56] 1}]
INFO [10-08|22:49:53] LockSet(R-1) is nil (rm.round should equal to zero) 
INFO [10-08|22:49:53] in HasQuorum 
INFO [10-08|22:49:53] In IsValid() 
len(lockset.Votes): 1 lockset.EligibleVotesNum: 0
INFO [10-08|22:49:53] in sortByBlockhash 
made bhs, bhs: map[[111 60 28 34 114 80 121 51 60 176 50 117 65 207 97 154 170 82 172 187 58 33 229 200 29 126 81 195 42 27 241 56]:1]
made hs, hs: [{[111 60 28 34 114 80 121 51 60 176 50 117 65 207 97 154 170 82 172 187 58 33 229 200 29 126 81 195 42 27 241 56] 1}]
sorted hs, hs: [{[111 60 28 34 114 80 121 51 60 176 50 117 65 207 97 154 170 82 172 187 58 33 229 200 29 126 81 195 42 27 241 56] 1}]
INFO [10-08|22:49:53] in HasQuorum 
INFO [10-08|22:49:53] In IsValid() 
len(lockset.Votes): 1 lockset.EligibleVotesNum: 0
INFO [10-08|22:49:53] in sortByBlockhash 
made bhs, bhs: map[[111 60 28 34 114 80 121 51 60 176 50 117 65 207 97 154 170 82 172 187 58 33 229 200 29 126 81 195 42 27 241 56]:1]
made hs, hs: [{[111 60 28 34 114 80 121 51 60 176 50 117 65 207 97 154 170 82 172 187 58 33 229 200 29 126 81 195 42 27 241 56] 1}]
sorted hs, hs: [{[111 60 28 34 114 80 121 51 60 176 50 117 65 207 97 154 170 82 172 187 58 33 229 200 29 126 81 195 42 27 241 56] 1}]
INFO [10-08|22:49:53] in newbp, 11 
INFO [10-08|22:49:53] in newbp, 12 
Create block blockhash :  [102 36 218 193 49 146 249 202 14 124 87 53 145 99 9 142 94 65 132 64 211 201 218 196 71 201 181 74 192 77 180 105]
INFO [10-08|22:49:53] In addBlockCandidates!! 
INFO [10-08|22:49:53] Send NewBlockProposalMsg:                LOG15_ERROR= LOG15_ERROR="Normalized odd number of arguments by adding nil"
INFO [10-08|22:49:53] Handle BFT Msg,                          msg="msg #18 (225 bytes)"
INFO [10-08|22:49:53] ------Received MsigProposalMsg------ 
I received msp from  Peer 94dd98401cf6ca04 [eth/63]
mpHR: H: 1 R: 0 hash: [102 36 218 193 49 146 249 202 14 124 87 53 145 99 9 142 94 65 132 64 211 201 218 196 71 201 181 74 192 77 180 105]
cmHR: H: 1 R: 0
INFO [10-08|22:49:53] --------------------------------------- 
H====:  1 P==== 0
@rm.proposerPeer = <nil>
INFO [10-08|22:49:53] In addMsig I am leader 
INFO [10-08|22:49:53] Send MsigProposalMsg 
INFO [10-08|22:49:53] in MsigFinished 
INFO [10-08|22:49:53] ---------------in rm.vote----------------- 
INFO [10-08|22:49:53] in vote in RM                            height=1 round=0
INFO [10-08|22:49:53] Timeout time not reach, curr vs timeout: curr=1539010193.000 timeout=1539010198.000
INFO [10-08|22:49:53] in rm.process, check lockset HasQuorum 
INFO [10-08|22:49:53] in HasQuorum 
INFO [10-08|22:49:53] In IsValid() 
len(lockset.Votes): 0 lockset.EligibleVotesNum: 4
INFO [10-08|22:49:53] rm lockset is not valid yet 
INFO [10-08|22:49:53] after cm.process() 
INFO [10-08|22:49:53] ------addmsigproposal success!------- 
INFO [10-08|22:49:53] Handle BFT Msg,                          msg="msg #0 (0 bytes)"
INFO [10-08|22:49:53] Ethereum message handling failed         id=94dd98401cf6ca04 conn=inbound err=EOF
INFO [10-08|22:49:53] Removing Ethereum peer                   peer=94dd98401cf6ca04
INFO [10-08|22:49:53] Handle BFT Msg,                          msg="msg #17 (107 bytes)"
INFO [10-08|22:49:53] ------Received VoteMsg------ 
voteHR: H: 1 R: 0 voteType:: 1 voteHash: [102 36 218 193 49 146 249 202 14 124 87 53 145 99 9 142 94 65 132 64 211 201 218 196 71 201 181 74 192 77 180 105]
cmHR: H: 1 R: 0
INFO [10-08|22:49:53] --------------------------------------- 
INFO [10-08|22:49:53] addVote to                               height=1 round=0 from=0x82a978b3f5962a5b0957d9ee9eef472ee55b42f1 success=true cm.coinbase=0x7d577a597b2742b498cb5cf0c26cdcd726d39e6e
INFO [10-08|22:49:53] ------in handle VoteMsg, success!------ 
INFO [10-08|22:49:53] case: default, cm.process 
ready: 4 need: 2.6666667
INFO [10-08|22:49:53] ---------------process------------------ 
INFO [10-08|22:49:53] In RM Process                            height=1 round=0
INFO [10-08|22:49:53] --------In rm.propose------- 
INFO [10-08|22:49:53] I am a proposer in                       height=1 round=0
INFO [10-08|22:49:53] ---------------in rm.vote----------------- 
INFO [10-08|22:49:53] in vote in RM                            height=1 round=0
INFO [10-08|22:49:53] vote mp 
INFO [10-08|22:49:53] vote success in                          height=1 round=0
INFO [10-08|22:49:53] Send VoteMsg 
INFO [10-08|22:49:53] in rm.process, check lockset HasQuorum 
INFO [10-08|22:49:53] in HasQuorum 
INFO [10-08|22:49:53] In IsValid() 
len(lockset.Votes): 2 lockset.EligibleVotesNum: 4
INFO [10-08|22:49:53] rm lockset is not valid yet 
INFO [10-08|22:49:53] after cm.process() 
INFO [10-08|22:49:53] case: default, cm.process 
ready: 4 need: 2.6666667
INFO [10-08|22:49:53] ---------------process------------------ 
INFO [10-08|22:49:53] In RM Process                            height=1 round=0
INFO [10-08|22:49:53] --------In rm.propose------- 
INFO [10-08|22:49:53] I am a proposer in                       height=1 round=0
INFO [10-08|22:49:53] ---------------in rm.vote----------------- 
INFO [10-08|22:49:53] voted 
INFO [10-08|22:49:53] in rm.process, check lockset HasQuorum 
INFO [10-08|22:49:53] in HasQuorum 
INFO [10-08|22:49:53] In IsValid() 
len(lockset.Votes): 2 lockset.EligibleVotesNum: 4
INFO [10-08|22:49:53] rm lockset is not valid yet 
INFO [10-08|22:49:53] after cm.process() 
INFO [10-08|22:49:53] case: default, cm.process 
ready: 4 need: 2.6666667
INFO [10-08|22:49:53] ---------------process------------------ 
INFO [10-08|22:49:53] In RM Process                            height=1 round=0
INFO [10-08|22:49:53] --------In rm.propose------- 
INFO [10-08|22:49:53] I am a proposer in                       height=1 round=0
INFO [10-08|22:49:53] ---------------in rm.vote----------------- 
INFO [10-08|22:49:53] voted 
INFO [10-08|22:49:53] in rm.process, check lockset HasQuorum 
INFO [10-08|22:49:53] in HasQuorum 
INFO [10-08|22:49:53] In IsValid() 
len(lockset.Votes): 2 lockset.EligibleVotesNum: 4
INFO [10-08|22:49:53] rm lockset is not valid yet 
INFO [10-08|22:49:53] after cm.process() 
INFO [10-08|22:49:53] case: default, cm.process 
ready: 4 need: 2.6666667
INFO [10-08|22:49:53] ---------------process------------------ 
INFO [10-08|22:49:53] In RM Process                            height=1 round=0
INFO [10-08|22:49:53] --------In rm.propose------- 
INFO [10-08|22:49:53] I am a proposer in                       height=1 round=0
INFO [10-08|22:49:53] ---------------in rm.vote----------------- 
INFO [10-08|22:49:53] voted 
INFO [10-08|22:49:53] in rm.process, check lockset HasQuorum 
INFO [10-08|22:49:53] in HasQuorum 
INFO [10-08|22:49:53] In IsValid() 
len(lockset.Votes): 2 lockset.EligibleVotesNum: 4
INFO [10-08|22:49:53] rm lockset is not valid yet 
INFO [10-08|22:49:53] after cm.process() 
INFO [10-08|22:49:53] case: default, cm.process 
ready: 4 need: 2.6666667
INFO [10-08|22:49:53] ---------------process------------------ 
INFO [10-08|22:49:53] In RM Process                            height=1 round=0
INFO [10-08|22:49:53] --------In rm.propose------- 
INFO [10-08|22:49:53] I am a proposer in                       height=1 round=0
INFO [10-08|22:49:53] ---------------in rm.vote----------------- 
INFO [10-08|22:49:53] voted 
INFO [10-08|22:49:53] in rm.process, check lockset HasQuorum 
INFO [10-08|22:49:53] in HasQuorum 
INFO [10-08|22:49:53] In IsValid() 
len(lockset.Votes): 2 lockset.EligibleVotesNum: 4
INFO [10-08|22:49:53] rm lockset is not valid yet 
INFO [10-08|22:49:53] after cm.process() 
INFO [10-08|22:49:53] case: default, cm.process 
ready: 4 need: 2.6666667
INFO [10-08|22:49:53] ---------------process------------------ 
INFO [10-08|22:49:53] In RM Process                            height=1 round=0
INFO [10-08|22:49:53] --------In rm.propose------- 
INFO [10-08|22:49:53] I am a proposer in                       height=1 round=0
INFO [10-08|22:49:53] ---------------in rm.vote----------------- 
INFO [10-08|22:49:53] voted 
INFO [10-08|22:49:53] in rm.process, check lockset HasQuorum 
INFO [10-08|22:49:53] in HasQuorum 
INFO [10-08|22:49:53] In IsValid() 
len(lockset.Votes): 2 lockset.EligibleVotesNum: 4
INFO [10-08|22:49:53] rm lockset is not valid yet 
INFO [10-08|22:49:53] after cm.process() 
INFO [10-08|22:49:53] case: default, cm.process 
ready: 4 need: 2.6666667
INFO [10-08|22:49:53] ---------------process------------------ 
INFO [10-08|22:49:53] In RM Process                            height=1 round=0
INFO [10-08|22:49:53] --------In rm.propose------- 
INFO [10-08|22:49:53] I am a proposer in                       height=1 round=0
INFO [10-08|22:49:53] ---------------in rm.vote----------------- 
INFO [10-08|22:49:53] voted 
INFO [10-08|22:49:53] in rm.process, check lockset HasQuorum 
INFO [10-08|22:49:53] in HasQuorum 
INFO [10-08|22:49:53] In IsValid() 
len(lockset.Votes): 2 lockset.EligibleVotesNum: 4
INFO [10-08|22:49:53] rm lockset is not valid yet 
INFO [10-08|22:49:53] after cm.process() 
INFO [10-08|22:49:54] case: default, cm.process 
ready: 4 need: 2.6666667
INFO [10-08|22:49:54] ---------------process------------------ 
INFO [10-08|22:49:54] In RM Process                            height=1 round=0
INFO [10-08|22:49:54] --------In rm.propose------- 
INFO [10-08|22:49:54] I am a proposer in                       height=1 round=0
INFO [10-08|22:49:54] ---------------in rm.vote----------------- 
INFO [10-08|22:49:54] voted 
INFO [10-08|22:49:54] in rm.process, check lockset HasQuorum 
INFO [10-08|22:49:54] in HasQuorum 
INFO [10-08|22:49:54] In IsValid() 
len(lockset.Votes): 2 lockset.EligibleVotesNum: 4
INFO [10-08|22:49:54] rm lockset is not valid yet 
INFO [10-08|22:49:54] after cm.process() 
INFO [10-08|22:49:54] case: default, cm.process 
ready: 4 need: 2.6666667
INFO [10-08|22:49:54] ---------------process------------------ 
INFO [10-08|22:49:54] In RM Process                            height=1 round=0
INFO [10-08|22:49:54] --------In rm.propose------- 
INFO [10-08|22:49:54] I am a proposer in                       height=1 round=0
INFO [10-08|22:49:54] ---------------in rm.vote----------------- 
INFO [10-08|22:49:54] voted 
INFO [10-08|22:49:54] in rm.process, check lockset HasQuorum 
INFO [10-08|22:49:54] in HasQuorum 
INFO [10-08|22:49:54] In IsValid() 
len(lockset.Votes): 2 lockset.EligibleVotesNum: 4
INFO [10-08|22:49:54] rm lockset is not valid yet 
INFO [10-08|22:49:54] after cm.process() 
INFO [10-08|22:49:54] case: default, cm.process 
ready: 4 need: 2.6666667
INFO [10-08|22:49:54] ---------------process------------------ 
INFO [10-08|22:49:54] In RM Process                            height=1 round=0
INFO [10-08|22:49:54] --------In rm.propose------- 
INFO [10-08|22:49:54] I am a proposer in                       height=1 round=0
INFO [10-08|22:49:54] ---------------in rm.vote----------------- 
INFO [10-08|22:49:54] voted 
INFO [10-08|22:49:54] in rm.process, check lockset HasQuorum 
INFO [10-08|22:49:54] in HasQuorum 
INFO [10-08|22:49:54] In IsValid() 
len(lockset.Votes): 2 lockset.EligibleVotesNum: 4
INFO [10-08|22:49:54] rm lockset is not valid yet 
INFO [10-08|22:49:54] after cm.process() 
INFO [10-08|22:49:54] case: default, cm.process 
ready: 4 need: 2.6666667
INFO [10-08|22:49:54] ---------------process------------------ 
INFO [10-08|22:49:54] In RM Process                            height=1 round=0
INFO [10-08|22:49:54] --------In rm.propose------- 
INFO [10-08|22:49:54] I am a proposer in                       height=1 round=0
INFO [10-08|22:49:54] ---------------in rm.vote----------------- 
INFO [10-08|22:49:54] voted 
INFO [10-08|22:49:54] in rm.process, check lockset HasQuorum 
INFO [10-08|22:49:54] in HasQuorum 
INFO [10-08|22:49:54] In IsValid() 
len(lockset.Votes): 2 lockset.EligibleVotesNum: 4
INFO [10-08|22:49:54] rm lockset is not valid yet 
INFO [10-08|22:49:54] after cm.process() 
INFO [10-08|22:49:54] case: default, cm.process 
ready: 4 need: 2.6666667
INFO [10-08|22:49:54] ---------------process------------------ 
INFO [10-08|22:49:54] In RM Process                            height=1 round=0
INFO [10-08|22:49:54] --------In rm.propose------- 
INFO [10-08|22:49:54] I am a proposer in                       height=1 round=0
INFO [10-08|22:49:54] ---------------in rm.vote----------------- 
INFO [10-08|22:49:54] voted 
INFO [10-08|22:49:54] in rm.process, check lockset HasQuorum 
INFO [10-08|22:49:54] in HasQuorum 
INFO [10-08|22:49:54] In IsValid() 
len(lockset.Votes): 2 lockset.EligibleVotesNum: 4
INFO [10-08|22:49:54] rm lockset is not valid yet 
INFO [10-08|22:49:54] after cm.process() 
INFO [10-08|22:49:54] case: default, cm.process 
ready: 4 need: 2.6666667
INFO [10-08|22:49:54] ---------------process------------------ 
INFO [10-08|22:49:54] In RM Process                            height=1 round=0
INFO [10-08|22:49:54] --------In rm.propose------- 
INFO [10-08|22:49:54] I am a proposer in                       height=1 round=0
INFO [10-08|22:49:54] ---------------in rm.vote----------------- 
INFO [10-08|22:49:54] voted 
INFO [10-08|22:49:54] in rm.process, check lockset HasQuorum 
INFO [10-08|22:49:54] in HasQuorum 
INFO [10-08|22:49:54] In IsValid() 
len(lockset.Votes): 2 lockset.EligibleVotesNum: 4
INFO [10-08|22:49:54] rm lockset is not valid yet 
INFO [10-08|22:49:54] after cm.process() 
INFO [10-08|22:49:54] case: default, cm.process 
ready: 4 need: 2.6666667
INFO [10-08|22:49:54] ---------------process------------------ 
INFO [10-08|22:49:54] In RM Process                            height=1 round=0
INFO [10-08|22:49:54] --------In rm.propose------- 
INFO [10-08|22:49:54] I am a proposer in                       height=1 round=0
INFO [10-08|22:49:54] ---------------in rm.vote----------------- 
INFO [10-08|22:49:54] voted 
INFO [10-08|22:49:54] in rm.process, check lockset HasQuorum 
INFO [10-08|22:49:54] in HasQuorum 
INFO [10-08|22:49:54] In IsValid() 
len(lockset.Votes): 2 lockset.EligibleVotesNum: 4
INFO [10-08|22:49:54] rm lockset is not valid yet 
INFO [10-08|22:49:54] after cm.process() 
INFO [10-08|22:49:54] case: default, cm.process 
ready: 4 need: 2.6666667
INFO [10-08|22:49:54] ---------------process------------------ 
INFO [10-08|22:49:54] In RM Process                            height=1 round=0
INFO [10-08|22:49:54] --------In rm.propose------- 
INFO [10-08|22:49:54] I am a proposer in                       height=1 round=0
INFO [10-08|22:49:54] ---------------in rm.vote----------------- 
INFO [10-08|22:49:54] voted 
INFO [10-08|22:49:54] in rm.process, check lockset HasQuorum 
INFO [10-08|22:49:54] in HasQuorum 
INFO [10-08|22:49:54] In IsValid() 
len(lockset.Votes): 2 lockset.EligibleVotesNum: 4
INFO [10-08|22:49:54] rm lockset is not valid yet 
INFO [10-08|22:49:54] after cm.process() 
INFO [10-08|22:49:54] case: default, cm.process 
ready: 4 need: 2.6666667
INFO [10-08|22:49:54] ---------------process------------------ 
INFO [10-08|22:49:54] In RM Process                            height=1 round=0
INFO [10-08|22:49:54] --------In rm.propose------- 
INFO [10-08|22:49:54] I am a proposer in                       height=1 round=0
INFO [10-08|22:49:54] ---------------in rm.vote----------------- 
INFO [10-08|22:49:54] voted 
INFO [10-08|22:49:54] in rm.process, check lockset HasQuorum 
INFO [10-08|22:49:54] in HasQuorum 
INFO [10-08|22:49:54] In IsValid() 
len(lockset.Votes): 2 lockset.EligibleVotesNum: 4
INFO [10-08|22:49:54] rm lockset is not valid yet 
INFO [10-08|22:49:54] after cm.process() 
INFO [10-08|22:49:54] case: default, cm.process 
ready: 4 need: 2.6666667
INFO [10-08|22:49:54] ---------------process------------------ 
INFO [10-08|22:49:54] In RM Process                            height=1 round=0
INFO [10-08|22:49:54] --------In rm.propose------- 
INFO [10-08|22:49:54] I am a proposer in                       height=1 round=0
INFO [10-08|22:49:54] ---------------in rm.vote----------------- 
INFO [10-08|22:49:54] voted 
INFO [10-08|22:49:54] in rm.process, check lockset HasQuorum 
INFO [10-08|22:49:54] in HasQuorum 
INFO [10-08|22:49:54] In IsValid() 
len(lockset.Votes): 2 lockset.EligibleVotesNum: 4
INFO [10-08|22:49:54] rm lockset is not valid yet 
INFO [10-08|22:49:54] after cm.process() 
INFO [10-08|22:49:55] case: default, cm.process 
ready: 4 need: 2.6666667
INFO [10-08|22:49:55] ---------------process------------------ 
INFO [10-08|22:49:55] In RM Process                            height=1 round=0
INFO [10-08|22:49:55] --------In rm.propose------- 
INFO [10-08|22:49:55] I am a proposer in                       height=1 round=0
INFO [10-08|22:49:55] ---------------in rm.vote----------------- 
INFO [10-08|22:49:55] voted 
INFO [10-08|22:49:55] in rm.process, check lockset HasQuorum 
INFO [10-08|22:49:55] in HasQuorum 
INFO [10-08|22:49:55] In IsValid() 
len(lockset.Votes): 2 lockset.EligibleVotesNum: 4
INFO [10-08|22:49:55] rm lockset is not valid yet 
INFO [10-08|22:49:55] after cm.process() 
INFO [10-08|22:49:55] case: default, cm.process 
ready: 4 need: 2.6666667
INFO [10-08|22:49:55] ---------------process------------------ 
INFO [10-08|22:49:55] In RM Process                            height=1 round=0
INFO [10-08|22:49:55] --------In rm.propose------- 
INFO [10-08|22:49:55] I am a proposer in                       height=1 round=0
INFO [10-08|22:49:55] ---------------in rm.vote----------------- 
INFO [10-08|22:49:55] voted 
INFO [10-08|22:49:55] in rm.process, check lockset HasQuorum 
INFO [10-08|22:49:55] in HasQuorum 
INFO [10-08|22:49:55] In IsValid() 
len(lockset.Votes): 2 lockset.EligibleVotesNum: 4
INFO [10-08|22:49:55] rm lockset is not valid yet 
INFO [10-08|22:49:55] after cm.process() 
INFO [10-08|22:49:55] case: default, cm.process 
ready: 4 need: 2.6666667
INFO [10-08|22:49:55] ---------------process------------------ 
INFO [10-08|22:49:55] In RM Process                            height=1 round=0
INFO [10-08|22:49:55] --------In rm.propose------- 
INFO [10-08|22:49:55] I am a proposer in                       height=1 round=0
INFO [10-08|22:49:55] ---------------in rm.vote----------------- 
INFO [10-08|22:49:55] voted 
INFO [10-08|22:49:55] in rm.process, check lockset HasQuorum 
INFO [10-08|22:49:55] in HasQuorum 
INFO [10-08|22:49:55] In IsValid() 
len(lockset.Votes): 2 lockset.EligibleVotesNum: 4
INFO [10-08|22:49:55] rm lockset is not valid yet 
INFO [10-08|22:49:55] after cm.process() 
INFO [10-08|22:49:55] case: default, cm.process 
ready: 4 need: 2.6666667
INFO [10-08|22:49:55] ---------------process------------------ 
INFO [10-08|22:49:55] In RM Process                            height=1 round=0
INFO [10-08|22:49:55] --------In rm.propose------- 
INFO [10-08|22:49:55] I am a proposer in                       height=1 round=0
INFO [10-08|22:49:55] ---------------in rm.vote----------------- 
INFO [10-08|22:49:55] voted 
INFO [10-08|22:49:55] in rm.process, check lockset HasQuorum 
INFO [10-08|22:49:55] in HasQuorum 
INFO [10-08|22:49:55] In IsValid() 
len(lockset.Votes): 2 lockset.EligibleVotesNum: 4
INFO [10-08|22:49:55] rm lockset is not valid yet 
INFO [10-08|22:49:55] after cm.process() 
INFO [10-08|22:49:55] case: default, cm.process 
ready: 4 need: 2.6666667
INFO [10-08|22:49:55] ---------------process------------------ 
INFO [10-08|22:49:55] In RM Process                            height=1 round=0
INFO [10-08|22:49:55] --------In rm.propose------- 
INFO [10-08|22:49:55] I am a proposer in                       height=1 round=0
INFO [10-08|22:49:55] ---------------in rm.vote----------------- 
INFO [10-08|22:49:55] voted 
INFO [10-08|22:49:55] in rm.process, check lockset HasQuorum 
INFO [10-08|22:49:55] in HasQuorum 
INFO [10-08|22:49:55] In IsValid() 
len(lockset.Votes): 2 lockset.EligibleVotesNum: 4
INFO [10-08|22:49:55] rm lockset is not valid yet 
INFO [10-08|22:49:55] after cm.process() 
INFO [10-08|22:49:55] case: default, cm.process 
ready: 4 need: 2.6666667
INFO [10-08|22:49:55] ---------------process------------------ 
INFO [10-08|22:49:55] In RM Process                            height=1 round=0
INFO [10-08|22:49:55] --------In rm.propose------- 
INFO [10-08|22:49:55] I am a proposer in                       height=1 round=0
INFO [10-08|22:49:55] ---------------in rm.vote----------------- 
INFO [10-08|22:49:55] voted 
INFO [10-08|22:49:55] in rm.process, check lockset HasQuorum 
INFO [10-08|22:49:55] in HasQuorum 
INFO [10-08|22:49:55] In IsValid() 
len(lockset.Votes): 2 lockset.EligibleVotesNum: 4
INFO [10-08|22:49:55] rm lockset is not valid yet 
INFO [10-08|22:49:55] after cm.process() 
INFO [10-08|22:49:55] case: default, cm.process 
ready: 4 need: 2.6666667
INFO [10-08|22:49:55] ---------------process------------------ 
INFO [10-08|22:49:55] In RM Process                            height=1 round=0
INFO [10-08|22:49:55] --------In rm.propose------- 
INFO [10-08|22:49:55] I am a proposer in                       height=1 round=0
INFO [10-08|22:49:55] ---------------in rm.vote----------------- 
INFO [10-08|22:49:55] voted 
INFO [10-08|22:49:55] in rm.process, check lockset HasQuorum 
INFO [10-08|22:49:55] in HasQuorum 
INFO [10-08|22:49:55] In IsValid() 
len(lockset.Votes): 2 lockset.EligibleVotesNum: 4
INFO [10-08|22:49:55] rm lockset is not valid yet 
INFO [10-08|22:49:55] after cm.process() 
INFO [10-08|22:49:55] case: default, cm.process 
ready: 4 need: 2.6666667
INFO [10-08|22:49:55] ---------------process------------------ 
INFO [10-08|22:49:55] In RM Process                            height=1 round=0
INFO [10-08|22:49:55] --------In rm.propose------- 
INFO [10-08|22:49:55] I am a proposer in                       height=1 round=0
INFO [10-08|22:49:55] ---------------in rm.vote----------------- 
INFO [10-08|22:49:55] voted 
INFO [10-08|22:49:55] in rm.process, check lockset HasQuorum 
INFO [10-08|22:49:55] in HasQuorum 
INFO [10-08|22:49:55] In IsValid() 
len(lockset.Votes): 2 lockset.EligibleVotesNum: 4
INFO [10-08|22:49:55] rm lockset is not valid yet 
INFO [10-08|22:49:55] after cm.process() 
INFO [10-08|22:49:55] case: default, cm.process 
ready: 4 need: 2.6666667
INFO [10-08|22:49:55] ---------------process------------------ 
INFO [10-08|22:49:55] In RM Process                            height=1 round=0
INFO [10-08|22:49:55] --------In rm.propose------- 
INFO [10-08|22:49:55] I am a proposer in                       height=1 round=0
INFO [10-08|22:49:55] ---------------in rm.vote----------------- 
INFO [10-08|22:49:55] voted 
INFO [10-08|22:49:55] in rm.process, check lockset HasQuorum 
INFO [10-08|22:49:55] in HasQuorum 
INFO [10-08|22:49:55] In IsValid() 
len(lockset.Votes): 2 lockset.EligibleVotesNum: 4
INFO [10-08|22:49:55] rm lockset is not valid yet 
INFO [10-08|22:49:55] after cm.process() 
INFO [10-08|22:49:55] case: default, cm.process 
ready: 4 need: 2.6666667
INFO [10-08|22:49:55] ---------------process------------------ 
INFO [10-08|22:49:55] In RM Process                            height=1 round=0
INFO [10-08|22:49:55] --------In rm.propose------- 
INFO [10-08|22:49:55] I am a proposer in                       height=1 round=0
INFO [10-08|22:49:55] ---------------in rm.vote----------------- 
INFO [10-08|22:49:55] voted 
INFO [10-08|22:49:55] in rm.process, check lockset HasQuorum 
INFO [10-08|22:49:55] in HasQuorum 
INFO [10-08|22:49:55] In IsValid() 
len(lockset.Votes): 2 lockset.EligibleVotesNum: 4
INFO [10-08|22:49:55] rm lockset is not valid yet 
INFO [10-08|22:49:55] after cm.process() 
INFO [10-08|22:49:56] Handle BFT Msg,                          msg="msg #17 (107 bytes)"
INFO [10-08|22:49:56] ------Received VoteMsg------ 
voteHR: H: 1 R: 0 voteType:: 2 voteHash: [0 0 0 0 0 0 0 0 0 0 0 0 0 0 0 0 0 0 0 0 0 0 0 0 0 0 0 0 0 0 0 0]
cmHR: H: 1 R: 0
INFO [10-08|22:49:56] --------------------------------------- 
INFO [10-08|22:49:56] addVote to                               height=1 round=0 from=0x598443f1880ef585b21f1d7585bd0577402861e5 success=true cm.coinbase=0x7d577a597b2742b498cb5cf0c26cdcd726d39e6e
INFO [10-08|22:49:56] ------in handle VoteMsg, success!------ 
INFO [10-08|22:49:56] case: default, cm.process 
ready: 4 need: 2.6666667
INFO [10-08|22:49:56] ---------------process------------------ 
INFO [10-08|22:49:56] In RM Process                            height=1 round=0
INFO [10-08|22:49:56] --------In rm.propose------- 
INFO [10-08|22:49:56] I am a proposer in                       height=1 round=0
INFO [10-08|22:49:56] ---------------in rm.vote----------------- 
INFO [10-08|22:49:56] voted 
INFO [10-08|22:49:56] in rm.process, check lockset HasQuorum 
INFO [10-08|22:49:56] in HasQuorum 
INFO [10-08|22:49:56] In IsValid() 
len(lockset.Votes): 3 lockset.EligibleVotesNum: 4
INFO [10-08|22:49:56] in sortByBlockhash 
made bhs, bhs: map[[102 36 218 193 49 146 249 202 14 124 87 53 145 99 9 142 94 65 132 64 211 201 218 196 71 201 181 74 192 77 180 105]:2]
made hs, hs: [{[102 36 218 193 49 146 249 202 14 124 87 53 145 99 9 142 94 65 132 64 211 201 218 196 71 201 181 74 192 77 180 105] 2}]
sorted hs, hs: [{[102 36 218 193 49 146 249 202 14 124 87 53 145 99 9 142 94 65 132 64 211 201 218 196 71 201 181 74 192 77 180 105] 2}]
INFO [10-08|22:49:56] rm lockset is not valid yet 
INFO [10-08|22:49:56] after cm.process() 
INFO [10-08|22:49:56] case: default, cm.process 
ready: 4 need: 2.6666667
INFO [10-08|22:49:56] ---------------process------------------ 
INFO [10-08|22:49:56] In RM Process                            height=1 round=0
INFO [10-08|22:49:56] --------In rm.propose------- 
INFO [10-08|22:49:56] I am a proposer in                       height=1 round=0
INFO [10-08|22:49:56] ---------------in rm.vote----------------- 
INFO [10-08|22:49:56] voted 
INFO [10-08|22:49:56] in rm.process, check lockset HasQuorum 
INFO [10-08|22:49:56] in HasQuorum 
INFO [10-08|22:49:56] In IsValid() 
len(lockset.Votes): 3 lockset.EligibleVotesNum: 4
INFO [10-08|22:49:56] in sortByBlockhash 
made bhs, bhs: map[[102 36 218 193 49 146 249 202 14 124 87 53 145 99 9 142 94 65 132 64 211 201 218 196 71 201 181 74 192 77 180 105]:2]
made hs, hs: [{[102 36 218 193 49 146 249 202 14 124 87 53 145 99 9 142 94 65 132 64 211 201 218 196 71 201 181 74 192 77 180 105] 2}]
sorted hs, hs: [{[102 36 218 193 49 146 249 202 14 124 87 53 145 99 9 142 94 65 132 64 211 201 218 196 71 201 181 74 192 77 180 105] 2}]
INFO [10-08|22:49:56] rm lockset is not valid yet 
INFO [10-08|22:49:56] after cm.process() 
INFO [10-08|22:49:56] case: default, cm.process 
ready: 4 need: 2.6666667
INFO [10-08|22:49:56] ---------------process------------------ 
INFO [10-08|22:49:56] In RM Process                            height=1 round=0
INFO [10-08|22:49:56] --------In rm.propose------- 
INFO [10-08|22:49:56] I am a proposer in                       height=1 round=0
INFO [10-08|22:49:56] ---------------in rm.vote----------------- 
INFO [10-08|22:49:56] voted 
INFO [10-08|22:49:56] in rm.process, check lockset HasQuorum 
INFO [10-08|22:49:56] in HasQuorum 
INFO [10-08|22:49:56] In IsValid() 
len(lockset.Votes): 3 lockset.EligibleVotesNum: 4
INFO [10-08|22:49:56] in sortByBlockhash 
made bhs, bhs: map[[102 36 218 193 49 146 249 202 14 124 87 53 145 99 9 142 94 65 132 64 211 201 218 196 71 201 181 74 192 77 180 105]:2]
made hs, hs: [{[102 36 218 193 49 146 249 202 14 124 87 53 145 99 9 142 94 65 132 64 211 201 218 196 71 201 181 74 192 77 180 105] 2}]
sorted hs, hs: [{[102 36 218 193 49 146 249 202 14 124 87 53 145 99 9 142 94 65 132 64 211 201 218 196 71 201 181 74 192 77 180 105] 2}]
INFO [10-08|22:49:56] rm lockset is not valid yet 
INFO [10-08|22:49:56] after cm.process() 
INFO [10-08|22:49:56] case: default, cm.process 
ready: 4 need: 2.6666667
INFO [10-08|22:49:56] ---------------process------------------ 
INFO [10-08|22:49:56] In RM Process                            height=1 round=0
INFO [10-08|22:49:56] --------In rm.propose------- 
INFO [10-08|22:49:56] I am a proposer in                       height=1 round=0
INFO [10-08|22:49:56] ---------------in rm.vote----------------- 
INFO [10-08|22:49:56] voted 
INFO [10-08|22:49:56] in rm.process, check lockset HasQuorum 
INFO [10-08|22:49:56] in HasQuorum 
INFO [10-08|22:49:56] In IsValid() 
len(lockset.Votes): 3 lockset.EligibleVotesNum: 4
INFO [10-08|22:49:56] in sortByBlockhash 
made bhs, bhs: map[[102 36 218 193 49 146 249 202 14 124 87 53 145 99 9 142 94 65 132 64 211 201 218 196 71 201 181 74 192 77 180 105]:2]
made hs, hs: [{[102 36 218 193 49 146 249 202 14 124 87 53 145 99 9 142 94 65 132 64 211 201 218 196 71 201 181 74 192 77 180 105] 2}]
sorted hs, hs: [{[102 36 218 193 49 146 249 202 14 124 87 53 145 99 9 142 94 65 132 64 211 201 218 196 71 201 181 74 192 77 180 105] 2}]
INFO [10-08|22:49:56] rm lockset is not valid yet 
INFO [10-08|22:49:56] after cm.process() 
INFO [10-08|22:49:56] case: default, cm.process 
ready: 4 need: 2.6666667
INFO [10-08|22:49:56] ---------------process------------------ 
INFO [10-08|22:49:56] In RM Process                            height=1 round=0
INFO [10-08|22:49:56] --------In rm.propose------- 
INFO [10-08|22:49:56] I am a proposer in                       height=1 round=0
INFO [10-08|22:49:56] ---------------in rm.vote----------------- 
INFO [10-08|22:49:56] voted 
INFO [10-08|22:49:56] in rm.process, check lockset HasQuorum 
INFO [10-08|22:49:56] in HasQuorum 
INFO [10-08|22:49:56] In IsValid() 
len(lockset.Votes): 3 lockset.EligibleVotesNum: 4
INFO [10-08|22:49:56] in sortByBlockhash 
made bhs, bhs: map[[102 36 218 193 49 146 249 202 14 124 87 53 145 99 9 142 94 65 132 64 211 201 218 196 71 201 181 74 192 77 180 105]:2]
made hs, hs: [{[102 36 218 193 49 146 249 202 14 124 87 53 145 99 9 142 94 65 132 64 211 201 218 196 71 201 181 74 192 77 180 105] 2}]
sorted hs, hs: [{[102 36 218 193 49 146 249 202 14 124 87 53 145 99 9 142 94 65 132 64 211 201 218 196 71 201 181 74 192 77 180 105] 2}]
INFO [10-08|22:49:56] rm lockset is not valid yet 
INFO [10-08|22:49:56] after cm.process() 
INFO [10-08|22:49:56] case: default, cm.process 
ready: 4 need: 2.6666667
INFO [10-08|22:49:56] ---------------process------------------ 
INFO [10-08|22:49:56] In RM Process                            height=1 round=0
INFO [10-08|22:49:56] --------In rm.propose------- 
INFO [10-08|22:49:56] I am a proposer in                       height=1 round=0
INFO [10-08|22:49:56] ---------------in rm.vote----------------- 
INFO [10-08|22:49:56] voted 
INFO [10-08|22:49:56] in rm.process, check lockset HasQuorum 
INFO [10-08|22:49:56] in HasQuorum 
INFO [10-08|22:49:56] In IsValid() 
len(lockset.Votes): 3 lockset.EligibleVotesNum: 4
INFO [10-08|22:49:56] in sortByBlockhash 
made bhs, bhs: map[[102 36 218 193 49 146 249 202 14 124 87 53 145 99 9 142 94 65 132 64 211 201 218 196 71 201 181 74 192 77 180 105]:2]
made hs, hs: [{[102 36 218 193 49 146 249 202 14 124 87 53 145 99 9 142 94 65 132 64 211 201 218 196 71 201 181 74 192 77 180 105] 2}]
sorted hs, hs: [{[102 36 218 193 49 146 249 202 14 124 87 53 145 99 9 142 94 65 132 64 211 201 218 196 71 201 181 74 192 77 180 105] 2}]
INFO [10-08|22:49:56] rm lockset is not valid yet 
INFO [10-08|22:49:56] after cm.process() 
INFO [10-08|22:49:56] case: default, cm.process 
ready: 4 need: 2.6666667
INFO [10-08|22:49:56] ---------------process------------------ 
INFO [10-08|22:49:56] In RM Process                            height=1 round=0
INFO [10-08|22:49:56] --------In rm.propose------- 
INFO [10-08|22:49:56] I am a proposer in                       height=1 round=0
INFO [10-08|22:49:56] ---------------in rm.vote----------------- 
INFO [10-08|22:49:56] voted 
INFO [10-08|22:49:56] in rm.process, check lockset HasQuorum 
INFO [10-08|22:49:56] in HasQuorum 
INFO [10-08|22:49:56] In IsValid() 
len(lockset.Votes): 3 lockset.EligibleVotesNum: 4
INFO [10-08|22:49:56] in sortByBlockhash 
made bhs, bhs: map[[102 36 218 193 49 146 249 202 14 124 87 53 145 99 9 142 94 65 132 64 211 201 218 196 71 201 181 74 192 77 180 105]:2]
made hs, hs: [{[102 36 218 193 49 146 249 202 14 124 87 53 145 99 9 142 94 65 132 64 211 201 218 196 71 201 181 74 192 77 180 105] 2}]
sorted hs, hs: [{[102 36 218 193 49 146 249 202 14 124 87 53 145 99 9 142 94 65 132 64 211 201 218 196 71 201 181 74 192 77 180 105] 2}]
INFO [10-08|22:49:56] rm lockset is not valid yet 
INFO [10-08|22:49:56] after cm.process() 
INFO [10-08|22:49:56] case: default, cm.process 
ready: 4 need: 2.6666667
INFO [10-08|22:49:56] ---------------process------------------ 
INFO [10-08|22:49:56] In RM Process                            height=1 round=0
INFO [10-08|22:49:56] --------In rm.propose------- 
INFO [10-08|22:49:56] I am a proposer in                       height=1 round=0
INFO [10-08|22:49:56] ---------------in rm.vote----------------- 
INFO [10-08|22:49:56] voted 
INFO [10-08|22:49:56] in rm.process, check lockset HasQuorum 
INFO [10-08|22:49:56] in HasQuorum 
INFO [10-08|22:49:56] In IsValid() 
len(lockset.Votes): 3 lockset.EligibleVotesNum: 4
INFO [10-08|22:49:56] in sortByBlockhash 
made bhs, bhs: map[[102 36 218 193 49 146 249 202 14 124 87 53 145 99 9 142 94 65 132 64 211 201 218 196 71 201 181 74 192 77 180 105]:2]
made hs, hs: [{[102 36 218 193 49 146 249 202 14 124 87 53 145 99 9 142 94 65 132 64 211 201 218 196 71 201 181 74 192 77 180 105] 2}]
sorted hs, hs: [{[102 36 218 193 49 146 249 202 14 124 87 53 145 99 9 142 94 65 132 64 211 201 218 196 71 201 181 74 192 77 180 105] 2}]
INFO [10-08|22:49:56] rm lockset is not valid yet 
INFO [10-08|22:49:56] after cm.process() 
INFO [10-08|22:49:56] case: default, cm.process 
ready: 4 need: 2.6666667
INFO [10-08|22:49:56] ---------------process------------------ 
INFO [10-08|22:49:56] In RM Process                            height=1 round=0
INFO [10-08|22:49:56] --------In rm.propose------- 
INFO [10-08|22:49:56] I am a proposer in                       height=1 round=0
INFO [10-08|22:49:56] ---------------in rm.vote----------------- 
INFO [10-08|22:49:56] voted 
INFO [10-08|22:49:56] in rm.process, check lockset HasQuorum 
INFO [10-08|22:49:56] in HasQuorum 
INFO [10-08|22:49:56] In IsValid() 
len(lockset.Votes): 3 lockset.EligibleVotesNum: 4
INFO [10-08|22:49:56] in sortByBlockhash 
made bhs, bhs: map[[102 36 218 193 49 146 249 202 14 124 87 53 145 99 9 142 94 65 132 64 211 201 218 196 71 201 181 74 192 77 180 105]:2]
made hs, hs: [{[102 36 218 193 49 146 249 202 14 124 87 53 145 99 9 142 94 65 132 64 211 201 218 196 71 201 181 74 192 77 180 105] 2}]
sorted hs, hs: [{[102 36 218 193 49 146 249 202 14 124 87 53 145 99 9 142 94 65 132 64 211 201 218 196 71 201 181 74 192 77 180 105] 2}]
INFO [10-08|22:49:56] rm lockset is not valid yet 
INFO [10-08|22:49:56] after cm.process() 
INFO [10-08|22:49:57] case: default, cm.process 
ready: 4 need: 2.6666667
INFO [10-08|22:49:57] ---------------process------------------ 
INFO [10-08|22:49:57] In RM Process                            height=1 round=0
INFO [10-08|22:49:57] --------In rm.propose------- 
INFO [10-08|22:49:57] I am a proposer in                       height=1 round=0
INFO [10-08|22:49:57] ---------------in rm.vote----------------- 
INFO [10-08|22:49:57] voted 
INFO [10-08|22:49:57] in rm.process, check lockset HasQuorum 
INFO [10-08|22:49:57] in HasQuorum 
INFO [10-08|22:49:57] In IsValid() 
len(lockset.Votes): 3 lockset.EligibleVotesNum: 4
INFO [10-08|22:49:57] in sortByBlockhash 
made bhs, bhs: map[[102 36 218 193 49 146 249 202 14 124 87 53 145 99 9 142 94 65 132 64 211 201 218 196 71 201 181 74 192 77 180 105]:2]
made hs, hs: [{[102 36 218 193 49 146 249 202 14 124 87 53 145 99 9 142 94 65 132 64 211 201 218 196 71 201 181 74 192 77 180 105] 2}]
sorted hs, hs: [{[102 36 218 193 49 146 249 202 14 124 87 53 145 99 9 142 94 65 132 64 211 201 218 196 71 201 181 74 192 77 180 105] 2}]
INFO [10-08|22:49:57] rm lockset is not valid yet 
INFO [10-08|22:49:57] after cm.process() 
INFO [10-08|22:49:57] case: default, cm.process 
ready: 4 need: 2.6666667
INFO [10-08|22:49:57] ---------------process------------------ 
INFO [10-08|22:49:57] In RM Process                            height=1 round=0
INFO [10-08|22:49:57] --------In rm.propose------- 
INFO [10-08|22:49:57] I am a proposer in                       height=1 round=0
INFO [10-08|22:49:57] ---------------in rm.vote----------------- 
INFO [10-08|22:49:57] voted 
INFO [10-08|22:49:57] in rm.process, check lockset HasQuorum 
INFO [10-08|22:49:57] in HasQuorum 
INFO [10-08|22:49:57] In IsValid() 
len(lockset.Votes): 3 lockset.EligibleVotesNum: 4
INFO [10-08|22:49:57] in sortByBlockhash 
made bhs, bhs: map[[102 36 218 193 49 146 249 202 14 124 87 53 145 99 9 142 94 65 132 64 211 201 218 196 71 201 181 74 192 77 180 105]:2]
made hs, hs: [{[102 36 218 193 49 146 249 202 14 124 87 53 145 99 9 142 94 65 132 64 211 201 218 196 71 201 181 74 192 77 180 105] 2}]
sorted hs, hs: [{[102 36 218 193 49 146 249 202 14 124 87 53 145 99 9 142 94 65 132 64 211 201 218 196 71 201 181 74 192 77 180 105] 2}]
INFO [10-08|22:49:57] rm lockset is not valid yet 
INFO [10-08|22:49:57] after cm.process() 
INFO [10-08|22:49:57] case: default, cm.process 
ready: 4 need: 2.6666667
INFO [10-08|22:49:57] ---------------process------------------ 
INFO [10-08|22:49:57] In RM Process                            height=1 round=0
INFO [10-08|22:49:57] --------In rm.propose------- 
INFO [10-08|22:49:57] I am a proposer in                       height=1 round=0
INFO [10-08|22:49:57] ---------------in rm.vote----------------- 
INFO [10-08|22:49:57] voted 
INFO [10-08|22:49:57] in rm.process, check lockset HasQuorum 
INFO [10-08|22:49:57] in HasQuorum 
INFO [10-08|22:49:57] In IsValid() 
len(lockset.Votes): 3 lockset.EligibleVotesNum: 4
INFO [10-08|22:49:57] in sortByBlockhash 
made bhs, bhs: map[[102 36 218 193 49 146 249 202 14 124 87 53 145 99 9 142 94 65 132 64 211 201 218 196 71 201 181 74 192 77 180 105]:2]
made hs, hs: [{[102 36 218 193 49 146 249 202 14 124 87 53 145 99 9 142 94 65 132 64 211 201 218 196 71 201 181 74 192 77 180 105] 2}]
sorted hs, hs: [{[102 36 218 193 49 146 249 202 14 124 87 53 145 99 9 142 94 65 132 64 211 201 218 196 71 201 181 74 192 77 180 105] 2}]
INFO [10-08|22:49:57] rm lockset is not valid yet 
INFO [10-08|22:49:57] after cm.process() 
INFO [10-08|22:49:57] Handle BFT Msg,                          msg="msg #12 (173126 bytes)"
INFO [10-08|22:49:57] -------Received VotingInstructionMsg------- 
viHR: H: 1 R: 1
cmHR: H: 1 R: 0
INFO [10-08|22:49:57] --------------------------------------- 
# collMsig from = Peer d67104e65b61fca1 [eth/63]
cmHR: H: 1 R: 0
this is rm.proposerPeer  Peer d67104e65b61fca1 [eth/63]
INFO [10-08|22:49:57] In IsValid() 
len(lockset.Votes): 3 lockset.EligibleVotesNum: 4
INFO [10-08|22:49:57] in cm collectMsig,                       h=1 r=1
INFO [10-08|22:49:57] in HasQuorum 
INFO [10-08|22:49:57] In IsValid() 
len(lockset.Votes): 3 lockset.EligibleVotesNum: 4
INFO [10-08|22:49:57] in sortByBlockhash 
made bhs, bhs: map[[102 36 218 193 49 146 249 202 14 124 87 53 145 99 9 142 94 65 132 64 211 201 218 196 71 201 181 74 192 77 180 105]:2]
made hs, hs: [{[102 36 218 193 49 146 249 202 14 124 87 53 145 99 9 142 94 65 132 64 211 201 218 196 71 201 181 74 192 77 180 105] 2}]
sorted hs, hs: [{[102 36 218 193 49 146 249 202 14 124 87 53 145 99 9 142 94 65 132 64 211 201 218 196 71 201 181 74 192 77 180 105] 2}]
INFO [10-08|22:49:57] In IsValid() 
len(lockset.Votes): 3 lockset.EligibleVotesNum: 4
INFO [10-08|22:49:57] in sortByBlockhash 
made bhs, bhs: map[[102 36 218 193 49 146 249 202 14 124 87 53 145 99 9 142 94 65 132 64 211 201 218 196 71 201 181 74 192 77 180 105]:2]
made hs, hs: [{[102 36 218 193 49 146 249 202 14 124 87 53 145 99 9 142 94 65 132 64 211 201 218 196 71 201 181 74 192 77 180 105] 2}]
sorted hs, hs: [{[102 36 218 193 49 146 249 202 14 124 87 53 145 99 9 142 94 65 132 64 211 201 218 196 71 201 181 74 192 77 180 105] 2}]
INFO [10-08|22:49:57] in collectMsig, i am wintness 
in collect Misg from Peer d67104e65b61fca1 [eth/63]
INFO [10-08|22:49:57] Return MsigProposalMsg to                LOG15_ERROR=                                                   LOG15_ERROR="Normalized odd number of arguments by adding nil"
INFO [10-08|22:49:57] In addBlockCandidates!! 
INFO [10-08|22:49:57] -------in handle VotingInstruction, success!------ 
INFO [10-08|22:49:57] Handle BFT Msg,                          msg="msg #18 (439 bytes)"
INFO [10-08|22:49:57] ------Received MsigProposalMsg------ 
I received msp from  Peer d67104e65b61fca1 [eth/63]
mpHR: H: 1 R: 1 hash: [243 99 40 230 104 8 130 57 59 37 210 216 237 37 84 22 119 254 69 90 52 26 59 108 229 165 59 194 14 63 151 181]
cmHR: H: 1 R: 0
INFO [10-08|22:49:57] --------------------------------------- 
H====:  1 P==== 0
@rm.proposerPeer = Peer d67104e65b61fca1 [eth/63]
INFO [10-08|22:49:57] In addMsig I am winess 
INFO [10-08|22:49:57] Removing Ethereum peer                   peer=d67104e65b61fca1
panic: assignment to entry in nil map

goroutine 62 [running]:
github.com/ethereum/go-ethereum/consensus/bft/types.(*MsigProposal).mWithSignature(0xc424c06680, 0xc42894def0, 0x41, 0x41, 0xb442277b597a577d, 0xd7dc6cc2f05ccb98, 0x6e9ed326, 0x0, 0x0, 0x4)
	/Users/sujianwei20/new_misgcode/msigcode/build/_workspace/src/github.com/ethereum/go-ethereum/consensus/bft/types/bft_bases.go:1341 +0xed
github.com/ethereum/go-ethereum/consensus/bft/types.(*MsigProposal).mSignECDSA(0xc424c06680, 0xc4201a8b40, 0xcf549cd17d5b46d, 0x21b296d9548ab6d6, 0x124fa73eb8fae601, 0xc62d35cf54e1f5fd, 0xb442277b597a577d, 0xd7dc6cc2f05ccb98, 0x6e9ed326, 0xc42a89e120, ...)
	/Users/sujianwei20/new_misgcode/msigcode/build/_workspace/src/github.com/ethereum/go-ethereum/consensus/bft/types/bft_bases.go:1362 +0xfa
github.com/ethereum/go-ethereum/consensus/bft/types.(*MsigProposal).Msig(0xc424c06680, 0xc4201a8b40, 0xb442277b597a577d, 0xd7dc6cc2f05ccb98, 0x6e9ed326, 0x6e9ed326, 0x1)
	/Users/sujianwei20/new_misgcode/msigcode/build/_workspace/src/github.com/ethereum/go-ethereum/consensus/bft/types/bft_bases.go:1251 +0x1bb
github.com/ethereum/go-ethereum/consensus/bft.(*ConsensusManager).AddMsigProposal(0xc4200d6360, 0x5118280, 0xc424c06680, 0xc4200941e0, 0x0)
	/Users/sujianwei20/new_misgcode/msigcode/build/_workspace/src/github.com/ethereum/go-ethereum/consensus/bft/bft_manager.go:685 +0xb39
github.com/ethereum/go-ethereum/consensus/bft.(*ProtocolManager).handleBFTMsg(0xc420235500, 0xc4200941e0, 0x0, 0x0)
	/Users/sujianwei20/new_misgcode/msigcode/build/_workspace/src/github.com/ethereum/go-ethereum/consensus/bft/handler.go:312 +0x13b5
github.com/ethereum/go-ethereum/consensus/bft.(*ProtocolManager).handle(0xc420235500, 0xc4200941e0, 0x0, 0x0)
	/Users/sujianwei20/new_misgcode/msigcode/build/_workspace/src/github.com/ethereum/go-ethereum/consensus/bft/handler.go:185 +0x515
github.com/ethereum/go-ethereum/consensus/bft.NewProtocolManager.func1(0xc420082690, 0x510d3e0, 0xc4201f05b0, 0x736d28206e6f6974, 0x20202020200a7b29)
	/Users/sujianwei20/new_misgcode/msigcode/build/_workspace/src/github.com/ethereum/go-ethereum/consensus/bft/handler.go:109 +0x6e
github.com/ethereum/go-ethereum/p2p.(*Peer).startProtocols.func1(0xc4201f05b0, 0xc420082690)
	/Users/sujianwei20/new_misgcode/msigcode/build/_workspace/src/github.com/ethereum/go-ethereum/p2p/peer.go:301 +0x5d
created by github.com/ethereum/go-ethereum/p2p.(*Peer).startProtocols
	/Users/sujianwei20/new_misgcode/msigcode/build/_workspace/src/github.com/ethereum/go-ethereum/p2p/peer.go:300 +0x1d4
