INFO [10-28|14:44:12] Starting peer-to-peer node               instance=Geth/v1.6.7-unstable-ebbdf5b7/darwin-amd64/go1.9.7
INFO [10-28|14:44:12] Allocated cache and file handles         database=/Users/sujianwei20/new_misgcode/go_ethereum_cosi/examples/data/node3/geth/chaindata cache=128 handles=1024
WARN [10-28|14:44:12] Upgrading chain database to use sequential keys 
INFO [10-28|14:44:12] Database conversion successful 
INFO [10-28|14:44:12] Initialised chain configuration          config="{ChainID: 2235 Homestead: 1 DAO: <nil> DAOSupport: false EIP150: 2 EIP155: 3 EIP158: 3 Metropolis: <nil> Engine: ethash}"
INFO [10-28|14:44:12] config bft is                            bft=true
WARN [10-28|14:44:12] Upgrading db log bloom bins 
INFO [10-28|14:44:12] Bloom-bin upgrade completed              elapsed=228.156µs
INFO [10-28|14:44:12] Initialising Ethereum protocol           versions="[63 62]" network=2234
INFO [10-28|14:44:12] Loaded most recent local header          number=0 hash=6f3c1c…1bf138 td=1048576
INFO [10-28|14:44:12] Loaded most recent local full block      number=0 hash=6f3c1c…1bf138 td=1048576
INFO [10-28|14:44:12] Loaded most recent local fast block      number=0 hash=6f3c1c…1bf138 td=1048576
INFO [10-28|14:44:12] in NewTxPool, call resetState 
INFO [10-28|14:44:12] in NewTxPool, call pool.eventLoog() 
INFO [10-28|14:44:12] Allocated cache and file handles         database=/Users/sujianwei20/new_misgcode/go_ethereum_cosi/examples/data/node3/geth/bftData   cache=128 handles=1024
INFO [10-28|14:44:12] addVote to                               height=0 round=0 from=0xdceceaf3fc5c0a63d195d69b1a90011b7b19650d success=true cm.coinbase=0xdceceaf3fc5c0a63d195d69b1a90011b7b19650d
ready: 1 need: 2.6666667
INFO [10-28|14:44:12] consensusManager not ready  
ready: 1 need: 2.6666667
INFO [10-28|14:44:12] Starting P2P networking 
INFO [10-28|14:44:12] RLPx listener up                         self="enode://94dd98401cf6ca0418580bb77ad0606a35ae8f442b22ab0f81011d8d2c78e70ff779c1d53d015640d79a13f0be99161ae3ff3adb60633ca03a7b542cbe116882@[::]:30305?discport=0"
INFO [10-28|14:44:12] ---In BFTvalidatorCommitBlock--- 
INFO [10-28|14:44:12] HTTP endpoint opened: http://127.0.0.1:8547 
INFO [10-28|14:44:12] IPC endpoint opened: /Users/sujianwei20/new_misgcode/go_ethereum_cosi/examples/data/node3/geth.ipc 
INFO [10-28|14:44:13] Handle BFT Msg,                          msg="msg #8 (78 bytes)"
INFO [10-28|14:44:13] ------Received ReadMsg------ 
AddReady from: [125 87 122 89 123 39 66 180 152 203 92 240 194 108 220 215 38 211 158 110]
INFO [10-28|14:44:13] send Ready msg 
INFO [10-28|14:44:13] send Ready msg 
INFO [10-28|14:44:13] send Ready msg 
INFO [10-28|14:44:13] Handle BFT Msg,                          msg="msg #8 (78 bytes)"
INFO [10-28|14:44:13] ------Received ReadMsg------ 
INFO [10-28|14:44:13] Handle BFT Msg,                          msg="msg #8 (78 bytes)"
INFO [10-28|14:44:13] ------Received ReadMsg------ 
AddReady from: [125 87 122 89 123 39 66 180 152 203 92 240 194 108 220 215 38 211 158 110]
AddReady from: [125 87 122 89 123 39 66 180 152 203 92 240 194 108 220 215 38 211 158 110]
INFO [10-28|14:44:13] Handle BFT Msg,                          msg="msg #8 (78 bytes)"
INFO [10-28|14:44:13] ------Received ReadMsg------ 
AddReady from: [89 132 67 241 136 14 245 133 178 31 29 117 133 189 5 119 64 40 97 229]
INFO [10-28|14:44:13] send Ready msg 
INFO [10-28|14:44:13] send Ready msg 
INFO [10-28|14:44:13] Handle BFT Msg,                          msg="msg #8 (78 bytes)"
INFO [10-28|14:44:13] ------Received ReadMsg------ 
AddReady from: [89 132 67 241 136 14 245 133 178 31 29 117 133 189 5 119 64 40 97 229]
INFO [10-28|14:44:13] send Ready msg 
INFO [10-28|14:44:13] send Ready msg 
INFO [10-28|14:44:13] Handle BFT Msg,                          msg="msg #8 (78 bytes)"
INFO [10-28|14:44:13] ------Received ReadMsg------ 
AddReady from: [89 132 67 241 136 14 245 133 178 31 29 117 133 189 5 119 64 40 97 229]
INFO [10-28|14:44:13] Handle BFT Msg,                          msg="msg #8 (78 bytes)"
INFO [10-28|14:44:13] ------Received ReadMsg------ 
AddReady from: [130 169 120 179 245 150 42 91 9 87 217 238 158 239 71 46 229 91 66 241]
INFO [10-28|14:44:13] send Ready msg 
INFO [10-28|14:44:13] send Ready msg 
INFO [10-28|14:44:13] send Ready msg 
INFO [10-28|14:44:13] Handle BFT Msg,                          msg="msg #8 (78 bytes)"
INFO [10-28|14:44:13] ------Received ReadMsg------ 
INFO [10-28|14:44:13] Handle BFT Msg,                          msg="msg #8 (78 bytes)"
INFO [10-28|14:44:13] ------Received ReadMsg------ 
AddReady from: [130 169 120 179 245 150 42 91 9 87 217 238 158 239 71 46 229 91 66 241]
AddReady from: [130 169 120 179 245 150 42 91 9 87 217 238 158 239 71 46 229 91 66 241]
ready: 4 need: 2.6666667
ready: 4 need: 2.6666667
INFO [10-28|14:44:13] send Ready msg 
INFO [10-28|14:44:13] send Ready msg 
INFO [10-28|14:44:13] send Ready msg 
INFO [10-28|14:44:13] -----------------consensusManager Ready------------------------- 
INFO [10-28|14:44:13] Handle BFT Msg,                          msg="msg #8 (78 bytes)"
INFO [10-28|14:44:13] ------Received ReadMsg------ 
AddReady from: [220 236 234 243 252 92 10 99 209 149 214 155 26 144 1 27 123 25 101 13]
INFO [10-28|14:44:13] Handle BFT Msg,                          msg="msg #8 (78 bytes)"
INFO [10-28|14:44:13] ------Received ReadMsg------ 
AddReady from: [220 236 234 243 252 92 10 99 209 149 214 155 26 144 1 27 123 25 101 13]
INFO [10-28|14:44:13] Handle BFT Msg,                          msg="msg #8 (78 bytes)"
INFO [10-28|14:44:13] ------Received ReadMsg------ 
AddReady from: [220 236 234 243 252 92 10 99 209 149 214 155 26 144 1 27 123 25 101 13]
INFO [10-28|14:44:13] Handle BFT Msg,                          msg="msg #8 (78 bytes)"
INFO [10-28|14:44:13] ------Received ReadMsg------ 
AddReady from: [125 87 122 89 123 39 66 180 152 203 92 240 194 108 220 215 38 211 158 110]
INFO [10-28|14:44:13] send Ready msg 
INFO [10-28|14:44:13] Handle BFT Msg,                          msg="msg #8 (78 bytes)"
INFO [10-28|14:44:13] ------Received ReadMsg------ 
INFO [10-28|14:44:13] send Ready msg 
INFO [10-28|14:44:13] send Ready msg 
AddReady from: [125 87 122 89 123 39 66 180 152 203 92 240 194 108 220 215 38 211 158 110]
INFO [10-28|14:44:13] Handle BFT Msg,                          msg="msg #8 (78 bytes)"
INFO [10-28|14:44:13] ------Received ReadMsg------ 
AddReady from: [125 87 122 89 123 39 66 180 152 203 92 240 194 108 220 215 38 211 158 110]
INFO [10-28|14:46:22] Transaction pool price threshold updated price=18000000000
INFO [10-28|14:46:22] Starting mining operation 
INFO [10-28|14:46:25] Handle BFT Msg,                          msg="msg #11 (172922 bytes)"
INFO [10-28|14:46:25] -------Received NewBlockProposalMsg------- 
bpHR: H: 1 R: 0
cmHR: H: 1 R: 0
INFO [10-28|14:46:25] --------------------------------------- 
# collMsig from = Peer 6d11b37ef4fc909a [eth/63]
cmHR: H: 1 R: 0
this is rm.proposerPeer  Peer 6d11b37ef4fc909a [eth/63]
INFO [10-28|14:46:26] In IsValid() 
len(lockset.Votes): 0 lockset.EligibleVotesNum: 0
INFO [10-28|14:46:26] cm add BlockProposal                     h=1 r=0
INFO [10-28|14:46:26] in HasQuorum 
INFO [10-28|14:46:26] In IsValid() 
len(lockset.Votes): 1 lockset.EligibleVotesNum: 0
INFO [10-28|14:46:26] in collectMsig, i am msig proposer 
INFO [10-28|14:46:26] in bfthandler Send MsigProposalMsg 
INFO [10-28|14:46:26] Sending MsigProposalMsg 
INFO [10-28|14:46:26] Sending MsigProposalMsg 
INFO [10-28|14:46:26] Sending MsigProposalMsg 
INFO [10-28|14:46:26] Return MsigProposalMsg to                LOG15_ERROR= LOG15_ERROR="Normalized odd number of arguments by adding nil"
INFO [10-28|14:46:26] Sending MsigProposalMsg 
in cm.collectMsig, mp.MsigVs: [<nil> 27]
INFO [10-28|14:46:26] In addBlockCandidates!! 
INFO [10-28|14:46:26] -------in handle NewBlockProposalMsg, success!------- 
INFO [10-28|14:46:26] Commit new mining work                   number=1 txs=1598 uncles=0 elapsed=3.835s
INFO [10-28|14:46:26] Sealing                                  block n=1
StartConsensus, 1540709186154421000
INFO [10-28|14:46:26] Start Process 
INFO [10-28|14:46:26] in cm.Process, check lastCommittingLockset() 
INFO [10-28|14:46:26] In IsValid() 
len(lockset.Votes): 2 lockset.EligibleVotesNum: 0
INFO [10-28|14:46:26] in HasQuorum 
INFO [10-28|14:46:26] In IsValid() 
len(lockset.Votes): 2 lockset.EligibleVotesNum: 0
=====CM.COINBASE IS:===== [220 236 234 243 252 92 10 99 209 149 214 155 26 144 1 27 123 25 101 13] block number is: 1
INFO [10-28|14:46:26] case: default, cm.process 
ready: 4 need: 2.6666667
INFO [10-28|14:46:26] ---------------process------------------ 
INFO [10-28|14:46:26] In RM Process                            height=1 round=0
INFO [10-28|14:46:26] --------In rm.propose------- 
INFO [10-28|14:46:26] ---------------in rm.vote----------------- 
INFO [10-28|14:46:26] in vote in RM                            height=1 round=0
INFO [10-28|14:46:26] vote mp 
INFO [10-28|14:46:26] vote success in                          height=1 round=0
INFO [10-28|14:46:26] Send VoteMsg 
INFO [10-28|14:46:26] in rm.process, check lockset HasQuorum 
INFO [10-28|14:46:26] in HasQuorum 
INFO [10-28|14:46:26] In IsValid() 
len(lockset.Votes): 1 lockset.EligibleVotesNum: 4
INFO [10-28|14:46:26] rm lockset is not valid yet 
INFO [10-28|14:46:26] after cm.process() 
INFO [10-28|14:46:26] Handle BFT Msg,                          msg="msg #17 (107 bytes)"
INFO [10-28|14:46:26] ------Received VoteMsg------ 
voteHR: H: 1 R: 0 voteType:: 1 voteHash: [151 54 250 222 232 233 187 112 44 31 135 146 103 31 24 220 175 238 176 138 159 64 253 234 190 13 128 29 111 250 29 18]
cmHR: H: 1 R: 0
INFO [10-28|14:46:26] --------------------------------------- 
INFO [10-28|14:46:26] addVote to                               height=1 round=0 from=0x82a978b3f5962a5b0957d9ee9eef472ee55b42f1 success=true cm.coinbase=0xdceceaf3fc5c0a63d195d69b1a90011b7b19650d
INFO [10-28|14:46:26] ------in handle VoteMsg, success!------ 
INFO [10-28|14:46:26] Handle BFT Msg,                          msg="msg #17 (107 bytes)"
INFO [10-28|14:46:26] ------Received VoteMsg------ 
voteHR: H: 1 R: 0 voteType:: 1 voteHash: [151 54 250 222 232 233 187 112 44 31 135 146 103 31 24 220 175 238 176 138 159 64 253 234 190 13 128 29 111 250 29 18]
cmHR: H: 1 R: 0
INFO [10-28|14:46:26] --------------------------------------- 
INFO [10-28|14:46:26] addVote to                               height=1 round=0 from=0x7d577a597b2742b498cb5cf0c26cdcd726d39e6e success=true cm.coinbase=0xdceceaf3fc5c0a63d195d69b1a90011b7b19650d
INFO [10-28|14:46:26] ------in handle VoteMsg, success!------ 
INFO [10-28|14:46:26] Handle BFT Msg,                          msg="msg #17 (107 bytes)"
INFO [10-28|14:46:26] ------Received VoteMsg------ 
voteHR: H: 1 R: 0 voteType:: 1 voteHash: [151 54 250 222 232 233 187 112 44 31 135 146 103 31 24 220 175 238 176 138 159 64 253 234 190 13 128 29 111 250 29 18]
cmHR: H: 1 R: 0
INFO [10-28|14:46:26] --------------------------------------- 
INFO [10-28|14:46:26] addVote to                               height=1 round=0 from=0x598443f1880ef585b21f1d7585bd0577402861e5 success=true cm.coinbase=0xdceceaf3fc5c0a63d195d69b1a90011b7b19650d
INFO [10-28|14:46:26] ------in handle VoteMsg, success!------ 
INFO [10-28|14:46:26] case: default, cm.process 
ready: 4 need: 2.6666667
INFO [10-28|14:46:26] ---------------process------------------ 
INFO [10-28|14:46:26] In RM Process                            height=1 round=0
INFO [10-28|14:46:26] --------In rm.propose------- 
INFO [10-28|14:46:26] ---------------in rm.vote----------------- 
INFO [10-28|14:46:26] voted 
INFO [10-28|14:46:26] in rm.process, check lockset HasQuorum 
INFO [10-28|14:46:26] in HasQuorum 
INFO [10-28|14:46:26] In IsValid() 
len(lockset.Votes): 4 lockset.EligibleVotesNum: 4
INFO [10-28|14:46:26] There is a quorum                        height=1 round=0
--- in rm.process p.id: --- Peer 6d11b37ef4fc909a [eth/63]
INFO [10-28|14:46:26] ============in cm.commitLockset============ 
INFO [10-28|14:46:26] in commitLockset, check ls HasQuorum 
INFO [10-28|14:46:26] in HasQuorum 
INFO [10-28|14:46:26] In IsValid() 
len(lockset.Votes): 4 lockset.EligibleVotesNum: 4
INFO [10-28|14:46:26] cm.found is not nil 
INFO [10-28|14:46:26] store lockset 
peerid: 6d11b37ef4fc909a
INFO [10-28|14:46:26] ---storeLockset--- 
cmH 1
INFO [10-28|14:46:26] in validatorCommit1 
pid: 6d11b37ef4fc909a
block number 1
-------in NewBFTValidatorBlock-------
INFO [10-28|14:46:26] in validatorCommit2 
validatorCommit time: 103.209µs
INFO [10-28|14:46:26] **in eth.handler**, get result from ch 
INFO [10-28|14:46:26] have a consensus on the block 
INFO [10-28|14:46:26] result.Header().Coinbase != b.signer 
result.Header().Coinbase: [125 87 122 89 123 39 66 180 152 203 92 240 194 108 220 215 38 211 158 110] b.signer: [220 236 234 243 252 92 10 99 209 149 214 155 26 144 1 27 123 25 101 13]
ConsensusTime, 104238777 , txs, 1598 , blockNum, 1
FinishedConsensus, 1540709186258614000
INFO [10-28|14:46:26] result is nil 
INFO [10-28|14:46:26] === Finished Mine() === 
INFO [10-28|14:46:26] ***in BFT.VVVVerifyHeader*** 
INFO [10-28|14:46:26] after cm.process() 
INFO [10-28|14:46:26] ***in BFT.verifyHeader*** 
INFO [10-28|14:46:26] ***in BFT.verifySeal*** 
INFO [10-28|14:46:26] In verifyVotes 
INFO [10-28|14:46:26] in HasQuorum 
INFO [10-28|14:46:26] In IsValid() 
len(lockset.Votes): 4 lockset.EligibleVotesNum: 4
INFO [10-28|14:46:26] ***in BFT.VerifyHeaderSSSS*** 
INFO [10-28|14:46:26] ***in BFT.verifyHeader*** 
INFO [10-28|14:46:26] ***in BFT.verifySeal*** 
INFO [10-28|14:46:26] In verifyVotes 
INFO [10-28|14:46:26] in HasQuorum 
INFO [10-28|14:46:26] In IsValid() 
len(lockset.Votes): 4 lockset.EligibleVotesNum: 4
INFO [10-28|14:46:26] received NewBlockMsg! 
INFO [10-28|14:46:27] Imported new chain segment               blocks=1 txs=1598 mgas=33.558 elapsed=1.038s    mgasps=32.324 number=1 hash=9736fa…fa1d12
FinishedPostExec, 1540709187297247000 , txs, 1598
PostExecTime, 1.038179857s
INFO [10-28|14:46:27] in pool.evenLoop, call pool.resetState 
INFO [10-28|14:46:28] Commit new mining work                   number=2 txs=1599 uncles=0 elapsed=1.566s
INFO [10-28|14:46:28] Sealing                                  block n=2
StartConsensus, 1540709188863597000
INFO [10-28|14:46:28] Start Process 
INFO [10-28|14:46:28] in cm.Process, check lastCommittingLockset() 
INFO [10-28|14:46:28] In IsValid() 
len(lockset.Votes): 4 lockset.EligibleVotesNum: 4
INFO [10-28|14:46:28] in HasQuorum 
INFO [10-28|14:46:28] In IsValid() 
len(lockset.Votes): 4 lockset.EligibleVotesNum: 4
=====CM.COINBASE IS:===== [220 236 234 243 252 92 10 99 209 149 214 155 26 144 1 27 123 25 101 13] block number is: 2
INFO [10-28|14:46:28] case: default, cm.process 
ready: 4 need: 2.6666667
INFO [10-28|14:46:28] ---------------process------------------ 
INFO [10-28|14:46:28] In RM Process                            height=2 round=0
INFO [10-28|14:46:28] --------In rm.propose------- 
INFO [10-28|14:46:28] I am a proposer in                       height=2 round=0
INFO [10-28|14:46:28] in propose, check lastRoundLockset 
lastRoundLockset, hm.activeround: 0
INFO [10-28|14:46:28] ------in mkProposal------ 
INFO [10-28|14:46:28] In IsValid() 
len(lockset.Votes): 4 lockset.EligibleVotesNum: 4
INFO [10-28|14:46:28] in HasQuorum 
INFO [10-28|14:46:28] In IsValid() 
len(lockset.Votes): 4 lockset.EligibleVotesNum: 4
INFO [10-28|14:46:28] LockSet(R-1) is nil (rm.round should equal to zero) 
INFO [10-28|14:46:28] in HasQuorum 
INFO [10-28|14:46:28] In IsValid() 
len(lockset.Votes): 4 lockset.EligibleVotesNum: 4
INFO [10-28|14:46:28] in HasQuorum 
INFO [10-28|14:46:28] In IsValid() 
len(lockset.Votes): 4 lockset.EligibleVotesNum: 4
Create block blockhash :  [5 146 179 240 80 19 84 143 102 113 81 127 69 173 34 68 79 48 74 149 199 73 61 91 187 213 66 101 105 58 87 123]
INFO [10-28|14:46:28] In addBlockCandidates!! 
INFO [10-28|14:46:28] Send NewBlockProposalMsg:                LOG15_ERROR=                                                   LOG15_ERROR="Normalized odd number of arguments by adding nil"
INFO [10-28|14:46:28] Handle BFT Msg,                          msg="msg #18 (662 bytes)"
INFO [10-28|14:46:28] ------Received MsigProposalMsg------ 
mpHR: H: 2 R: 0 hash: [5 146 179 240 80 19 84 143 102 113 81 127 69 173 34 68 79 48 74 149 199 73 61 91 187 213 66 101 105 58 87 123]
cmHR: H: 2 R: 0
INFO [10-28|14:46:28] --------------------------------------- 
INFO [10-28|14:46:28] in MsigFinished 
len(mp.Msig.MsigVs): 2 mp.MsigVs: [0 28]
INFO [10-28|14:46:28] ---------------in rm.vote----------------- 
INFO [10-28|14:46:28] in vote in RM                            height=2 round=0
INFO [10-28|14:46:28] Timeout time not reach, curr vs timeout: curr=1540709188.000 timeout=1540709193.000
INFO [10-28|14:46:28] in rm.process, check lockset HasQuorum 
INFO [10-28|14:46:28] in HasQuorum 
INFO [10-28|14:46:28] In IsValid() 
len(lockset.Votes): 0 lockset.EligibleVotesNum: 4
INFO [10-28|14:46:28] rm lockset is not valid yet 
INFO [10-28|14:46:28] after cm.process() 
INFO [10-28|14:46:28] ------addmsigproposal success!------- 
INFO [10-28|14:46:28] Handle BFT Msg,                          msg="msg #18 (662 bytes)"
INFO [10-28|14:46:28] ------Received MsigProposalMsg------ 
mpHR: H: 2 R: 0 hash: [5 146 179 240 80 19 84 143 102 113 81 127 69 173 34 68 79 48 74 149 199 73 61 91 187 213 66 101 105 58 87 123]
cmHR: H: 2 R: 0
INFO [10-28|14:46:28] --------------------------------------- 
INFO [10-28|14:46:28] in MsigFinished 
len(mp.Msig.MsigVs): 2 mp.MsigVs: [0 28]
INFO [10-28|14:46:28] ------addmsigproposal success!------- 
INFO [10-28|14:46:28] Handle BFT Msg,                          msg="msg #17 (107 bytes)"
INFO [10-28|14:46:28] ------Received VoteMsg------ 
voteHR: H: 2 R: 0 voteType:: 1 voteHash: [5 146 179 240 80 19 84 143 102 113 81 127 69 173 34 68 79 48 74 149 199 73 61 91 187 213 66 101 105 58 87 123]
cmHR: H: 2 R: 0
INFO [10-28|14:46:28] --------------------------------------- 
INFO [10-28|14:46:28] addVote to                               height=2 round=0 from=0x598443f1880ef585b21f1d7585bd0577402861e5 success=true cm.coinbase=0xdceceaf3fc5c0a63d195d69b1a90011b7b19650d
INFO [10-28|14:46:28] ------in handle VoteMsg, success!------ 
INFO [10-28|14:46:29] case: default, cm.process 
ready: 4 need: 2.6666667
INFO [10-28|14:46:29] ---------------process------------------ 
INFO [10-28|14:46:29] In RM Process                            height=2 round=0
INFO [10-28|14:46:29] --------In rm.propose------- 
INFO [10-28|14:46:29] I am a proposer in                       height=2 round=0
INFO [10-28|14:46:29] ---------------in rm.vote----------------- 
INFO [10-28|14:46:29] in vote in RM                            height=2 round=0
INFO [10-28|14:46:29] vote mp 
INFO [10-28|14:46:29] vote success in                          height=2 round=0
INFO [10-28|14:46:29] Send VoteMsg 
INFO [10-28|14:46:29] in rm.process, check lockset HasQuorum 
INFO [10-28|14:46:29] in HasQuorum 
INFO [10-28|14:46:29] In IsValid() 
len(lockset.Votes): 2 lockset.EligibleVotesNum: 4
INFO [10-28|14:46:29] rm lockset is not valid yet 
INFO [10-28|14:46:29] after cm.process() 
INFO [10-28|14:46:29] Handle BFT Msg,                          msg="msg #17 (107 bytes)"
INFO [10-28|14:46:29] ------Received VoteMsg------ 
voteHR: H: 2 R: 0 voteType:: 1 voteHash: [5 146 179 240 80 19 84 143 102 113 81 127 69 173 34 68 79 48 74 149 199 73 61 91 187 213 66 101 105 58 87 123]
cmHR: H: 2 R: 0
INFO [10-28|14:46:29] --------------------------------------- 
INFO [10-28|14:46:29] addVote to                               height=2 round=0 from=0x82a978b3f5962a5b0957d9ee9eef472ee55b42f1 success=true cm.coinbase=0xdceceaf3fc5c0a63d195d69b1a90011b7b19650d
INFO [10-28|14:46:29] ------in handle VoteMsg, success!------ 
INFO [10-28|14:46:29] case: default, cm.process 
ready: 4 need: 2.6666667
INFO [10-28|14:46:29] ---------------process------------------ 
INFO [10-28|14:46:29] In RM Process                            height=2 round=0
INFO [10-28|14:46:29] --------In rm.propose------- 
INFO [10-28|14:46:29] I am a proposer in                       height=2 round=0
INFO [10-28|14:46:29] ---------------in rm.vote----------------- 
INFO [10-28|14:46:29] voted 
INFO [10-28|14:46:29] in rm.process, check lockset HasQuorum 
INFO [10-28|14:46:29] in HasQuorum 
INFO [10-28|14:46:29] In IsValid() 
len(lockset.Votes): 3 lockset.EligibleVotesNum: 4
INFO [10-28|14:46:29] There is a quorum                        height=2 round=0
INFO [10-28|14:46:29] ============in cm.commitLockset============ 
INFO [10-28|14:46:29] in commitLockset, check ls HasQuorum 
INFO [10-28|14:46:29] in HasQuorum 
INFO [10-28|14:46:29] In IsValid() 
len(lockset.Votes): 3 lockset.EligibleVotesNum: 4
INFO [10-28|14:46:29] cm.found is not nil 
INFO [10-28|14:46:29] store lockset 
INFO [10-28|14:46:29] ---storeLockset--- 
INFO [10-28|14:46:29] have a consensus on the block 
ConsensusTime, 259270671 , txs, 1599 , blockNum, 2
FinishedConsensus, 1540709189122887000
INFO [10-28|14:46:29] Successfully sealed new block            number=2 hash=0592b3…3a577b
INFO [10-28|14:46:29] === Finished Mine() === 
INFO [10-28|14:46:29] after cm.process() 
INFO [10-28|14:46:29] 🔨 mined potential block                  number=2 hash=0592b3…3a577b
INFO [10-28|14:46:29] in pool.evenLoop, call pool.resetState 
INFO [10-28|14:46:31] Commit new mining work                   number=3 txs=1599 uncles=0 elapsed=2.382s
INFO [10-28|14:46:31] Sealing                                  block n=3
StartConsensus, 1540709191537719000
INFO [10-28|14:46:31] Start Process 
INFO [10-28|14:46:31] in cm.Process, check lastCommittingLockset() 
INFO [10-28|14:46:31] In IsValid() 
len(lockset.Votes): 3 lockset.EligibleVotesNum: 4
INFO [10-28|14:46:31] in HasQuorum 
INFO [10-28|14:46:31] In IsValid() 
len(lockset.Votes): 3 lockset.EligibleVotesNum: 4
=====CM.COINBASE IS:===== [220 236 234 243 252 92 10 99 209 149 214 155 26 144 1 27 123 25 101 13] block number is: 3
INFO [10-28|14:46:31] case: default, cm.process 
ready: 4 need: 2.6666667
INFO [10-28|14:46:31] ---------------process------------------ 
INFO [10-28|14:46:31] In RM Process                            height=3 round=0
INFO [10-28|14:46:31] --------In rm.propose------- 
INFO [10-28|14:46:31] ---------------in rm.vote----------------- 
INFO [10-28|14:46:31] in vote in RM                            height=3 round=0
INFO [10-28|14:46:31] Timeout time not reach, curr vs timeout: curr=1540709191.000 timeout=1540709196.000
INFO [10-28|14:46:31] in rm.process, check lockset HasQuorum 
INFO [10-28|14:46:31] in HasQuorum 
INFO [10-28|14:46:31] In IsValid() 
len(lockset.Votes): 0 lockset.EligibleVotesNum: 4
INFO [10-28|14:46:31] rm lockset is not valid yet 
INFO [10-28|14:46:31] after cm.process() 
INFO [10-28|14:46:31] Handle BFT Msg,                          msg="msg #17 (107 bytes)"
INFO [10-28|14:46:31] ------Received VoteMsg------ 
voteHR: H: 2 R: 0 voteType:: 1 voteHash: [5 146 179 240 80 19 84 143 102 113 81 127 69 173 34 68 79 48 74 149 199 73 61 91 187 213 66 101 105 58 87 123]
cmHR: H: 3 R: 0
INFO [10-28|14:46:31] --------------------------------------- 
INFO [10-28|14:46:31] addVote to                               height=2 round=0 from=0x7d577a597b2742b498cb5cf0c26cdcd726d39e6e success=true cm.coinbase=0xdceceaf3fc5c0a63d195d69b1a90011b7b19650d
INFO [10-28|14:46:31] ------in handle VoteMsg, success!------ 
INFO [10-28|14:46:31] case: default, cm.process 
ready: 4 need: 2.6666667
INFO [10-28|14:46:31] ---------------process------------------ 
INFO [10-28|14:46:31] In RM Process                            height=3 round=0
INFO [10-28|14:46:31] --------In rm.propose------- 
INFO [10-28|14:46:31] ---------------in rm.vote----------------- 
INFO [10-28|14:46:31] in vote in RM                            height=3 round=0
INFO [10-28|14:46:31] Timeout time not reach, curr vs timeout: curr=1540709191.000 timeout=1540709196.000
INFO [10-28|14:46:31] in rm.process, check lockset HasQuorum 
INFO [10-28|14:46:31] in HasQuorum 
INFO [10-28|14:46:31] In IsValid() 
len(lockset.Votes): 0 lockset.EligibleVotesNum: 4
INFO [10-28|14:46:31] rm lockset is not valid yet 
INFO [10-28|14:46:31] after cm.process() 
INFO [10-28|14:46:31] case: default, cm.process 
ready: 4 need: 2.6666667
INFO [10-28|14:46:31] ---------------process------------------ 
INFO [10-28|14:46:31] In RM Process                            height=3 round=0
INFO [10-28|14:46:31] --------In rm.propose------- 
INFO [10-28|14:46:31] ---------------in rm.vote----------------- 
INFO [10-28|14:46:31] in vote in RM                            height=3 round=0
INFO [10-28|14:46:31] Timeout time not reach, curr vs timeout: curr=1540709191.000 timeout=1540709196.000
INFO [10-28|14:46:31] in rm.process, check lockset HasQuorum 
INFO [10-28|14:46:31] in HasQuorum 
INFO [10-28|14:46:31] In IsValid() 
len(lockset.Votes): 0 lockset.EligibleVotesNum: 4
INFO [10-28|14:46:31] rm lockset is not valid yet 
INFO [10-28|14:46:31] after cm.process() 
INFO [10-28|14:46:31] case: default, cm.process 
ready: 4 need: 2.6666667
INFO [10-28|14:46:31] ---------------process------------------ 
INFO [10-28|14:46:31] In RM Process                            height=3 round=0
INFO [10-28|14:46:31] --------In rm.propose------- 
INFO [10-28|14:46:31] ---------------in rm.vote----------------- 
INFO [10-28|14:46:31] in vote in RM                            height=3 round=0
INFO [10-28|14:46:31] Timeout time not reach, curr vs timeout: curr=1540709191.000 timeout=1540709196.000
INFO [10-28|14:46:31] in rm.process, check lockset HasQuorum 
INFO [10-28|14:46:31] in HasQuorum 
INFO [10-28|14:46:31] In IsValid() 
len(lockset.Votes): 0 lockset.EligibleVotesNum: 4
INFO [10-28|14:46:31] rm lockset is not valid yet 
INFO [10-28|14:46:31] after cm.process() 
INFO [10-28|14:46:31] case: default, cm.process 
ready: 4 need: 2.6666667
INFO [10-28|14:46:31] ---------------process------------------ 
INFO [10-28|14:46:31] In RM Process                            height=3 round=0
INFO [10-28|14:46:31] --------In rm.propose------- 
INFO [10-28|14:46:31] ---------------in rm.vote----------------- 
INFO [10-28|14:46:31] in vote in RM                            height=3 round=0
INFO [10-28|14:46:31] Timeout time not reach, curr vs timeout: curr=1540709191.000 timeout=1540709196.000
INFO [10-28|14:46:31] in rm.process, check lockset HasQuorum 
INFO [10-28|14:46:31] in HasQuorum 
INFO [10-28|14:46:31] In IsValid() 
len(lockset.Votes): 0 lockset.EligibleVotesNum: 4
INFO [10-28|14:46:31] rm lockset is not valid yet 
INFO [10-28|14:46:31] after cm.process() 
INFO [10-28|14:46:32] case: default, cm.process 
ready: 4 need: 2.6666667
INFO [10-28|14:46:32] ---------------process------------------ 
INFO [10-28|14:46:32] In RM Process                            height=3 round=0
INFO [10-28|14:46:32] --------In rm.propose------- 
INFO [10-28|14:46:32] ---------------in rm.vote----------------- 
INFO [10-28|14:46:32] in vote in RM                            height=3 round=0
INFO [10-28|14:46:32] Timeout time not reach, curr vs timeout: curr=1540709192.000 timeout=1540709196.000
INFO [10-28|14:46:32] in rm.process, check lockset HasQuorum 
INFO [10-28|14:46:32] in HasQuorum 
INFO [10-28|14:46:32] In IsValid() 
len(lockset.Votes): 0 lockset.EligibleVotesNum: 4
INFO [10-28|14:46:32] rm lockset is not valid yet 
INFO [10-28|14:46:32] after cm.process() 
INFO [10-28|14:46:32] case: default, cm.process 
ready: 4 need: 2.6666667
INFO [10-28|14:46:32] ---------------process------------------ 
INFO [10-28|14:46:32] In RM Process                            height=3 round=0
INFO [10-28|14:46:32] --------In rm.propose------- 
INFO [10-28|14:46:32] ---------------in rm.vote----------------- 
INFO [10-28|14:46:32] in vote in RM                            height=3 round=0
INFO [10-28|14:46:32] Timeout time not reach, curr vs timeout: curr=1540709192.000 timeout=1540709196.000
INFO [10-28|14:46:32] in rm.process, check lockset HasQuorum 
INFO [10-28|14:46:32] in HasQuorum 
INFO [10-28|14:46:32] In IsValid() 
len(lockset.Votes): 0 lockset.EligibleVotesNum: 4
INFO [10-28|14:46:32] rm lockset is not valid yet 
INFO [10-28|14:46:32] after cm.process() 
INFO [10-28|14:46:32] case: default, cm.process 
ready: 4 need: 2.6666667
INFO [10-28|14:46:32] ---------------process------------------ 
INFO [10-28|14:46:32] In RM Process                            height=3 round=0
INFO [10-28|14:46:32] --------In rm.propose------- 
INFO [10-28|14:46:32] ---------------in rm.vote----------------- 
INFO [10-28|14:46:32] in vote in RM                            height=3 round=0
INFO [10-28|14:46:32] Timeout time not reach, curr vs timeout: curr=1540709192.000 timeout=1540709196.000
INFO [10-28|14:46:32] in rm.process, check lockset HasQuorum 
INFO [10-28|14:46:32] in HasQuorum 
INFO [10-28|14:46:32] In IsValid() 
len(lockset.Votes): 0 lockset.EligibleVotesNum: 4
INFO [10-28|14:46:32] rm lockset is not valid yet 
INFO [10-28|14:46:32] after cm.process() 
INFO [10-28|14:46:32] case: default, cm.process 
ready: 4 need: 2.6666667
INFO [10-28|14:46:32] ---------------process------------------ 
INFO [10-28|14:46:32] In RM Process                            height=3 round=0
INFO [10-28|14:46:32] --------In rm.propose------- 
INFO [10-28|14:46:32] ---------------in rm.vote----------------- 
INFO [10-28|14:46:32] in vote in RM                            height=3 round=0
INFO [10-28|14:46:32] Timeout time not reach, curr vs timeout: curr=1540709192.000 timeout=1540709196.000
INFO [10-28|14:46:32] in rm.process, check lockset HasQuorum 
INFO [10-28|14:46:32] in HasQuorum 
INFO [10-28|14:46:32] In IsValid() 
len(lockset.Votes): 0 lockset.EligibleVotesNum: 4
INFO [10-28|14:46:32] rm lockset is not valid yet 
INFO [10-28|14:46:32] after cm.process() 
INFO [10-28|14:46:32] Handle BFT Msg,                          msg="msg #11 (173336 bytes)"
INFO [10-28|14:46:32] -------Received NewBlockProposalMsg------- 
INFO [10-28|14:46:32] Handle BFT Msg,                          msg="msg #18 (662 bytes)"
INFO [10-28|14:46:32] ------Received MsigProposalMsg------ 
mpHR: H: 3 R: 0 hash: [88 27 92 206 194 248 49 31 254 202 108 74 121 33 56 152 195 124 235 111 44 104 151 52 24 246 174 85 67 197 48 46]
cmHR: H: 3 R: 0
INFO [10-28|14:46:32] --------------------------------------- 
INFO [10-28|14:46:32] received mp before p, wait for a while 
bpHR: H: 3 R: 0
cmHR: H: 3 R: 0
INFO [10-28|14:46:32] --------------------------------------- 
INFO [10-28|14:46:32] case: default, cm.process 
ready: 4 need: 2.6666667
INFO [10-28|14:46:32] ---------------process------------------ 
INFO [10-28|14:46:32] In RM Process                            height=3 round=0
INFO [10-28|14:46:32] --------In rm.propose------- 
INFO [10-28|14:46:32] ---------------in rm.vote----------------- 
INFO [10-28|14:46:32] in vote in RM                            height=3 round=0
INFO [10-28|14:46:32] Timeout time not reach, curr vs timeout: curr=1540709192.000 timeout=1540709196.000
INFO [10-28|14:46:32] in rm.process, check lockset HasQuorum 
INFO [10-28|14:46:32] in HasQuorum 
INFO [10-28|14:46:32] In IsValid() 
len(lockset.Votes): 0 lockset.EligibleVotesNum: 4
INFO [10-28|14:46:32] rm lockset is not valid yet 
INFO [10-28|14:46:32] after cm.process() 
# collMsig from = Peer d9d5b902798f5c42 [eth/63]
cmHR: H: 3 R: 0
this is rm.proposerPeer  Peer d9d5b902798f5c42 [eth/63]
INFO [10-28|14:46:32] In IsValid() 
len(lockset.Votes): 0 lockset.EligibleVotesNum: 0
INFO [10-28|14:46:32] cm add BlockProposal                     h=3 r=0
INFO [10-28|14:46:32] in HasQuorum 
INFO [10-28|14:46:32] In IsValid() 
len(lockset.Votes): 4 lockset.EligibleVotesNum: 4
INFO [10-28|14:46:32] In addBlockCandidates!! 
INFO [10-28|14:46:32] -------in handle NewBlockProposalMsg, success!------- 
INFO [10-28|14:46:32] Handle BFT Msg,                          msg="msg #17 (107 bytes)"
INFO [10-28|14:46:32] ------Received VoteMsg------ 
voteHR: H: 3 R: 0 voteType:: 1 voteHash: [88 27 92 206 194 248 49 31 254 202 108 74 121 33 56 152 195 124 235 111 44 104 151 52 24 246 174 85 67 197 48 46]
cmHR: H: 3 R: 0
INFO [10-28|14:46:32] --------------------------------------- 
INFO [10-28|14:46:32] addVote to                               height=3 round=0 from=0x598443f1880ef585b21f1d7585bd0577402861e5 success=true cm.coinbase=0xdceceaf3fc5c0a63d195d69b1a90011b7b19650d
INFO [10-28|14:46:32] ------in handle VoteMsg, success!------ 
INFO [10-28|14:46:32] in MsigFinished 
len(mp.Msig.MsigVs): 2 mp.MsigVs: [0 27]
INFO [10-28|14:46:32] ------addmsigproposal success!------- 
INFO [10-28|14:46:32] Handle BFT Msg,                          msg="msg #17 (107 bytes)"
INFO [10-28|14:46:32] ------Received VoteMsg------ 
voteHR: H: 3 R: 0 voteType:: 1 voteHash: [88 27 92 206 194 248 49 31 254 202 108 74 121 33 56 152 195 124 235 111 44 104 151 52 24 246 174 85 67 197 48 46]
cmHR: H: 3 R: 0
INFO [10-28|14:46:32] --------------------------------------- 
INFO [10-28|14:46:32] addVote to                               height=3 round=0 from=0x82a978b3f5962a5b0957d9ee9eef472ee55b42f1 success=true cm.coinbase=0xdceceaf3fc5c0a63d195d69b1a90011b7b19650d
INFO [10-28|14:46:32] ------in handle VoteMsg, success!------ 
INFO [10-28|14:46:32] case: default, cm.process 
ready: 4 need: 2.6666667
INFO [10-28|14:46:32] ---------------process------------------ 
INFO [10-28|14:46:32] In RM Process                            height=3 round=0
INFO [10-28|14:46:32] --------In rm.propose------- 
INFO [10-28|14:46:32] ---------------in rm.vote----------------- 
INFO [10-28|14:46:32] in vote in RM                            height=3 round=0
INFO [10-28|14:46:32] vote mp 
INFO [10-28|14:46:32] vote success in                          height=3 round=0
INFO [10-28|14:46:32] Send VoteMsg 
INFO [10-28|14:46:32] in rm.process, check lockset HasQuorum 
INFO [10-28|14:46:32] in HasQuorum 
INFO [10-28|14:46:32] In IsValid() 
len(lockset.Votes): 3 lockset.EligibleVotesNum: 4
INFO [10-28|14:46:32] There is a quorum                        height=3 round=0
--- in rm.process p.id: --- Peer d9d5b902798f5c42 [eth/63]
INFO [10-28|14:46:32] ============in cm.commitLockset============ 
INFO [10-28|14:46:32] in commitLockset, check ls HasQuorum 
INFO [10-28|14:46:32] in HasQuorum 
INFO [10-28|14:46:32] In IsValid() 
len(lockset.Votes): 3 lockset.EligibleVotesNum: 4
INFO [10-28|14:46:32] cm.found is not nil 
INFO [10-28|14:46:32] store lockset 
INFO [10-28|14:46:32] have a consensus on the block 
peerid: d9d5b902798f5c42
INFO [10-28|14:46:32] result.Header().Coinbase != b.signer 
INFO [10-28|14:46:32] ---storeLockset--- 
result.Header().Coinbase: [89 132 67 241 136 14 245 133 178 31 29 117 133 189 5 119 64 40 97 229] b.signer: [220 236 234 243 252 92 10 99 209 149 214 155 26 144 1 27 123 25 101 13]
cmH 3
ConsensusTime, 1028613557 , txs, 1599 , blockNum, 3
INFO [10-28|14:46:32] in validatorCommit1 
FinishedConsensus, 1540709192566297000
INFO [10-28|14:46:32] result is nil 
pid: d9d5b902798f5c42
block number 3
INFO [10-28|14:46:32] === Finished Mine() === 
-------in NewBFTValidatorBlock-------
INFO [10-28|14:46:32] after cm.process() 
INFO [10-28|14:46:32] in validatorCommit2 
validatorCommit time: 187.824µs
INFO [10-28|14:46:32] **in eth.handler**, get result from ch 
INFO [10-28|14:46:32] ***in BFT.VVVVerifyHeader*** 
INFO [10-28|14:46:32] ***in BFT.verifyHeader*** 
INFO [10-28|14:46:32] ***in BFT.verifySeal*** 
INFO [10-28|14:46:32] In verifyVotes 
INFO [10-28|14:46:32] in HasQuorum 
INFO [10-28|14:46:32] In IsValid() 
len(lockset.Votes): 3 lockset.EligibleVotesNum: 4
INFO [10-28|14:46:32] ***in BFT.VerifyHeaderSSSS*** 
INFO [10-28|14:46:32] ***in BFT.verifyHeader*** 
INFO [10-28|14:46:32] ***in BFT.verifySeal*** 
INFO [10-28|14:46:32] In verifyVotes 
INFO [10-28|14:46:32] in HasQuorum 
INFO [10-28|14:46:32] In IsValid() 
len(lockset.Votes): 3 lockset.EligibleVotesNum: 4
INFO [10-28|14:46:33] received NewBlockMsg! 
INFO [10-28|14:46:33] Handle BFT Msg,                          msg="msg #17 (107 bytes)"
INFO [10-28|14:46:33] ------Received VoteMsg------ 
voteHR: H: 3 R: 0 voteType:: 1 voteHash: [88 27 92 206 194 248 49 31 254 202 108 74 121 33 56 152 195 124 235 111 44 104 151 52 24 246 174 85 67 197 48 46]
cmHR: H: 3 R: 0
INFO [10-28|14:46:33] --------------------------------------- 
INFO [10-28|14:46:33] addVote to                               height=3 round=0 from=0x7d577a597b2742b498cb5cf0c26cdcd726d39e6e success=true cm.coinbase=0xdceceaf3fc5c0a63d195d69b1a90011b7b19650d
INFO [10-28|14:46:33] ------in handle VoteMsg, success!------ 
INFO [10-28|14:46:33] Imported new chain segment               blocks=1 txs=1599 mgas=33.579 elapsed=1.313s    mgasps=25.559 number=3 hash=581b5c…c5302e
FinishedPostExec, 1540709193880668000 , txs, 1599
PostExecTime, 1.313787468s
INFO [10-28|14:46:33] in pool.evenLoop, call pool.resetState 
INFO [10-28|14:46:36] Commit new mining work                   number=4 txs=1600 uncles=0 elapsed=2.153s
INFO [10-28|14:46:36] Sealing                                  block n=4
StartConsensus, 1540709196035239000
INFO [10-28|14:46:36] Start Process 
INFO [10-28|14:46:36] in cm.Process, check lastCommittingLockset() 
INFO [10-28|14:46:36] In IsValid() 
len(lockset.Votes): 4 lockset.EligibleVotesNum: 4
INFO [10-28|14:46:36] in HasQuorum 
INFO [10-28|14:46:36] In IsValid() 
len(lockset.Votes): 4 lockset.EligibleVotesNum: 4
=====CM.COINBASE IS:===== [220 236 234 243 252 92 10 99 209 149 214 155 26 144 1 27 123 25 101 13] block number is: 4
INFO [10-28|14:46:36] case: default, cm.process 
ready: 4 need: 2.6666667
INFO [10-28|14:46:36] ---------------process------------------ 
INFO [10-28|14:46:36] In RM Process                            height=4 round=0
INFO [10-28|14:46:36] --------In rm.propose------- 
INFO [10-28|14:46:36] ---------------in rm.vote----------------- 
INFO [10-28|14:46:36] in vote in RM                            height=4 round=0
INFO [10-28|14:46:36] Timeout time not reach, curr vs timeout: curr=1540709196.000 timeout=1540709201.000
INFO [10-28|14:46:36] in rm.process, check lockset HasQuorum 
INFO [10-28|14:46:36] in HasQuorum 
INFO [10-28|14:46:36] In IsValid() 
len(lockset.Votes): 0 lockset.EligibleVotesNum: 4
INFO [10-28|14:46:36] rm lockset is not valid yet 
INFO [10-28|14:46:36] after cm.process() 
INFO [10-28|14:46:36] case: default, cm.process 
ready: 4 need: 2.6666667
INFO [10-28|14:46:36] ---------------process------------------ 
INFO [10-28|14:46:36] In RM Process                            height=4 round=0
INFO [10-28|14:46:36] --------In rm.propose------- 
INFO [10-28|14:46:36] ---------------in rm.vote----------------- 
INFO [10-28|14:46:36] in vote in RM                            height=4 round=0
INFO [10-28|14:46:36] Timeout time not reach, curr vs timeout: curr=1540709196.000 timeout=1540709201.000
INFO [10-28|14:46:36] in rm.process, check lockset HasQuorum 
INFO [10-28|14:46:36] in HasQuorum 
INFO [10-28|14:46:36] In IsValid() 
len(lockset.Votes): 0 lockset.EligibleVotesNum: 4
INFO [10-28|14:46:36] rm lockset is not valid yet 
INFO [10-28|14:46:36] after cm.process() 
INFO [10-28|14:46:36] case: default, cm.process 
ready: 4 need: 2.6666667
INFO [10-28|14:46:36] ---------------process------------------ 
INFO [10-28|14:46:36] In RM Process                            height=4 round=0
INFO [10-28|14:46:36] --------In rm.propose------- 
INFO [10-28|14:46:36] ---------------in rm.vote----------------- 
INFO [10-28|14:46:36] in vote in RM                            height=4 round=0
INFO [10-28|14:46:36] Timeout time not reach, curr vs timeout: curr=1540709196.000 timeout=1540709201.000
INFO [10-28|14:46:36] in rm.process, check lockset HasQuorum 
INFO [10-28|14:46:36] in HasQuorum 
INFO [10-28|14:46:36] In IsValid() 
len(lockset.Votes): 0 lockset.EligibleVotesNum: 4
INFO [10-28|14:46:36] rm lockset is not valid yet 
INFO [10-28|14:46:36] after cm.process() 
INFO [10-28|14:46:36] Handle BFT Msg,                          msg="msg #18 (662 bytes)"
INFO [10-28|14:46:36] ------Received MsigProposalMsg------ 
mpHR: H: 4 R: 0 hash: [3 131 35 88 99 24 155 65 237 172 66 144 44 248 188 173 29 132 229 206 194 219 73 63 4 104 180 49 229 159 169 67]
cmHR: H: 4 R: 0
INFO [10-28|14:46:36] --------------------------------------- 
INFO [10-28|14:46:36] received mp before p, wait for a while 
INFO [10-28|14:46:36] Handle BFT Msg,                          msg="msg #11 (173453 bytes)"
INFO [10-28|14:46:36] -------Received NewBlockProposalMsg------- 
bpHR: H: 4 R: 0
cmHR: H: 4 R: 0
INFO [10-28|14:46:36] --------------------------------------- 
# collMsig from = Peer d67104e65b61fca1 [eth/63]
cmHR: H: 4 R: 0
this is rm.proposerPeer  Peer d67104e65b61fca1 [eth/63]
INFO [10-28|14:46:36] In IsValid() 
len(lockset.Votes): 0 lockset.EligibleVotesNum: 0
INFO [10-28|14:46:36] cm add BlockProposal                     h=4 r=0
INFO [10-28|14:46:36] in HasQuorum 
INFO [10-28|14:46:36] In IsValid() 
len(lockset.Votes): 4 lockset.EligibleVotesNum: 4
INFO [10-28|14:46:36] In addBlockCandidates!! 
INFO [10-28|14:46:36] -------in handle NewBlockProposalMsg, success!------- 
INFO [10-28|14:46:36] case: default, cm.process 
ready: 4 need: 2.6666667
INFO [10-28|14:46:36] ---------------process------------------ 
INFO [10-28|14:46:36] In RM Process                            height=4 round=0
INFO [10-28|14:46:36] --------In rm.propose------- 
INFO [10-28|14:46:36] ---------------in rm.vote----------------- 
INFO [10-28|14:46:36] in vote in RM                            height=4 round=0
INFO [10-28|14:46:36] Timeout time not reach, curr vs timeout: curr=1540709196.000 timeout=1540709201.000
INFO [10-28|14:46:36] in rm.process, check lockset HasQuorum 
INFO [10-28|14:46:36] in HasQuorum 
INFO [10-28|14:46:36] In IsValid() 
len(lockset.Votes): 0 lockset.EligibleVotesNum: 4
INFO [10-28|14:46:36] rm lockset is not valid yet 
INFO [10-28|14:46:36] after cm.process() 
INFO [10-28|14:46:36] in MsigFinished 
len(mp.Msig.MsigVs): 2 mp.MsigVs: [0 27]
INFO [10-28|14:46:36] ------addmsigproposal success!------- 
INFO [10-28|14:46:36] Handle BFT Msg,                          msg="msg #17 (107 bytes)"
INFO [10-28|14:46:36] ------Received VoteMsg------ 
voteHR: H: 4 R: 0 voteType:: 1 voteHash: [3 131 35 88 99 24 155 65 237 172 66 144 44 248 188 173 29 132 229 206 194 219 73 63 4 104 180 49 229 159 169 67]
cmHR: H: 4 R: 0
INFO [10-28|14:46:36] --------------------------------------- 
INFO [10-28|14:46:36] addVote to                               height=4 round=0 from=0x82a978b3f5962a5b0957d9ee9eef472ee55b42f1 success=true cm.coinbase=0xdceceaf3fc5c0a63d195d69b1a90011b7b19650d
INFO [10-28|14:46:36] ------in handle VoteMsg, success!------ 
INFO [10-28|14:46:36] case: default, cm.process 
ready: 4 need: 2.6666667
INFO [10-28|14:46:36] ---------------process------------------ 
INFO [10-28|14:46:36] In RM Process                            height=4 round=0
INFO [10-28|14:46:36] --------In rm.propose------- 
INFO [10-28|14:46:36] ---------------in rm.vote----------------- 
INFO [10-28|14:46:36] in vote in RM                            height=4 round=0
INFO [10-28|14:46:36] vote mp 
INFO [10-28|14:46:36] vote success in                          height=4 round=0
INFO [10-28|14:46:36] Send VoteMsg 
INFO [10-28|14:46:36] in rm.process, check lockset HasQuorum 
INFO [10-28|14:46:36] in HasQuorum 
INFO [10-28|14:46:36] In IsValid() 
len(lockset.Votes): 2 lockset.EligibleVotesNum: 4
INFO [10-28|14:46:36] rm lockset is not valid yet 
INFO [10-28|14:46:36] after cm.process() 
INFO [10-28|14:46:36] case: default, cm.process 
ready: 4 need: 2.6666667
INFO [10-28|14:46:36] ---------------process------------------ 
INFO [10-28|14:46:36] In RM Process                            height=4 round=0
INFO [10-28|14:46:36] --------In rm.propose------- 
INFO [10-28|14:46:36] ---------------in rm.vote----------------- 
INFO [10-28|14:46:36] voted 
INFO [10-28|14:46:36] in rm.process, check lockset HasQuorum 
INFO [10-28|14:46:36] in HasQuorum 
INFO [10-28|14:46:36] In IsValid() 
len(lockset.Votes): 2 lockset.EligibleVotesNum: 4
INFO [10-28|14:46:36] rm lockset is not valid yet 
INFO [10-28|14:46:36] after cm.process() 
INFO [10-28|14:46:36] case: default, cm.process 
ready: 4 need: 2.6666667
INFO [10-28|14:46:36] ---------------process------------------ 
INFO [10-28|14:46:36] In RM Process                            height=4 round=0
INFO [10-28|14:46:36] --------In rm.propose------- 
INFO [10-28|14:46:36] ---------------in rm.vote----------------- 
INFO [10-28|14:46:36] voted 
INFO [10-28|14:46:36] in rm.process, check lockset HasQuorum 
INFO [10-28|14:46:36] in HasQuorum 
INFO [10-28|14:46:36] In IsValid() 
len(lockset.Votes): 2 lockset.EligibleVotesNum: 4
INFO [10-28|14:46:36] rm lockset is not valid yet 
INFO [10-28|14:46:36] after cm.process() 
INFO [10-28|14:46:36] case: default, cm.process 
ready: 4 need: 2.6666667
INFO [10-28|14:46:36] ---------------process------------------ 
INFO [10-28|14:46:36] In RM Process                            height=4 round=0
INFO [10-28|14:46:36] --------In rm.propose------- 
INFO [10-28|14:46:36] ---------------in rm.vote----------------- 
INFO [10-28|14:46:36] voted 
INFO [10-28|14:46:36] in rm.process, check lockset HasQuorum 
INFO [10-28|14:46:36] in HasQuorum 
INFO [10-28|14:46:36] In IsValid() 
len(lockset.Votes): 2 lockset.EligibleVotesNum: 4
INFO [10-28|14:46:36] rm lockset is not valid yet 
INFO [10-28|14:46:36] after cm.process() 
INFO [10-28|14:46:36] case: default, cm.process 
ready: 4 need: 2.6666667
INFO [10-28|14:46:36] ---------------process------------------ 
INFO [10-28|14:46:36] In RM Process                            height=4 round=0
INFO [10-28|14:46:36] --------In rm.propose------- 
INFO [10-28|14:46:36] ---------------in rm.vote----------------- 
INFO [10-28|14:46:36] voted 
INFO [10-28|14:46:36] in rm.process, check lockset HasQuorum 
INFO [10-28|14:46:36] in HasQuorum 
INFO [10-28|14:46:36] In IsValid() 
len(lockset.Votes): 2 lockset.EligibleVotesNum: 4
INFO [10-28|14:46:36] rm lockset is not valid yet 
INFO [10-28|14:46:36] after cm.process() 
INFO [10-28|14:46:36] case: default, cm.process 
ready: 4 need: 2.6666667
INFO [10-28|14:46:36] ---------------process------------------ 
INFO [10-28|14:46:36] In RM Process                            height=4 round=0
INFO [10-28|14:46:36] --------In rm.propose------- 
INFO [10-28|14:46:36] ---------------in rm.vote----------------- 
INFO [10-28|14:46:36] voted 
INFO [10-28|14:46:36] in rm.process, check lockset HasQuorum 
INFO [10-28|14:46:36] in HasQuorum 
INFO [10-28|14:46:36] In IsValid() 
len(lockset.Votes): 2 lockset.EligibleVotesNum: 4
INFO [10-28|14:46:36] rm lockset is not valid yet 
INFO [10-28|14:46:36] after cm.process() 
INFO [10-28|14:46:36] Handle BFT Msg,                          msg="msg #17 (106 bytes)"
INFO [10-28|14:46:36] ------Received VoteMsg------ 
voteHR: H: 4 R: 0 voteType:: 1 voteHash: [3 131 35 88 99 24 155 65 237 172 66 144 44 248 188 173 29 132 229 206 194 219 73 63 4 104 180 49 229 159 169 67]
cmHR: H: 4 R: 0
INFO [10-28|14:46:36] --------------------------------------- 
INFO [10-28|14:46:36] addVote to                               height=4 round=0 from=0x7d577a597b2742b498cb5cf0c26cdcd726d39e6e success=true cm.coinbase=0xdceceaf3fc5c0a63d195d69b1a90011b7b19650d
INFO [10-28|14:46:36] ------in handle VoteMsg, success!------ 
INFO [10-28|14:46:37] case: default, cm.process 
ready: 4 need: 2.6666667
INFO [10-28|14:46:37] ---------------process------------------ 
INFO [10-28|14:46:37] In RM Process                            height=4 round=0
INFO [10-28|14:46:37] --------In rm.propose------- 
INFO [10-28|14:46:37] ---------------in rm.vote----------------- 
INFO [10-28|14:46:37] voted 
INFO [10-28|14:46:37] in rm.process, check lockset HasQuorum 
INFO [10-28|14:46:37] in HasQuorum 
INFO [10-28|14:46:37] In IsValid() 
len(lockset.Votes): 3 lockset.EligibleVotesNum: 4
INFO [10-28|14:46:37] There is a quorum                        height=4 round=0
--- in rm.process p.id: --- Peer d67104e65b61fca1 [eth/63]
INFO [10-28|14:46:37] ============in cm.commitLockset============ 
INFO [10-28|14:46:37] in commitLockset, check ls HasQuorum 
INFO [10-28|14:46:37] in HasQuorum 
INFO [10-28|14:46:37] In IsValid() 
len(lockset.Votes): 3 lockset.EligibleVotesNum: 4
INFO [10-28|14:46:37] cm.found is not nil 
INFO [10-28|14:46:37] store lockset 
peerid: d67104e65b61fca1
INFO [10-28|14:46:37] ---storeLockset--- 
INFO [10-28|14:46:37] after cm.process() 
cmH 4
INFO [10-28|14:46:37] in validatorCommit1 
pid: d67104e65b61fca1
block number 4
-------in NewBFTValidatorBlock-------
INFO [10-28|14:46:37] have a consensus on the block 
INFO [10-28|14:46:37] result.Header().Coinbase != b.signer 
result.Header().Coinbase: [130 169 120 179 245 150 42 91 9 87 217 238 158 239 71 46 229 91 66 241] b.signer: [220 236 234 243 252 92 10 99 209 149 214 155 26 144 1 27 123 25 101 13]
INFO [10-28|14:46:37] in validatorCommit2 
ConsensusTime, 1028980140 , txs, 1600 , blockNum, 4
validatorCommit time: 235.959µs
INFO [10-28|14:46:37] **in eth.handler**, get result from ch 
FinishedConsensus, 1540709197064306000
INFO [10-28|14:46:37] result is nil 
INFO [10-28|14:46:37] === Finished Mine() === 
INFO [10-28|14:46:37] ***in BFT.VVVVerifyHeader*** 
INFO [10-28|14:46:37] ***in BFT.verifyHeader*** 
INFO [10-28|14:46:37] ***in BFT.verifySeal*** 
INFO [10-28|14:46:37] In verifyVotes 
INFO [10-28|14:46:37] in HasQuorum 
INFO [10-28|14:46:37] In IsValid() 
len(lockset.Votes): 3 lockset.EligibleVotesNum: 4
INFO [10-28|14:46:37] ***in BFT.VerifyHeaderSSSS*** 
INFO [10-28|14:46:37] ***in BFT.verifyHeader*** 
INFO [10-28|14:46:37] ***in BFT.verifySeal*** 
INFO [10-28|14:46:37] In verifyVotes 
INFO [10-28|14:46:37] in HasQuorum 
INFO [10-28|14:46:37] In IsValid() 
len(lockset.Votes): 3 lockset.EligibleVotesNum: 4
INFO [10-28|14:46:38] Handle BFT Msg,                          msg="msg #17 (107 bytes)"
INFO [10-28|14:46:38] ------Received VoteMsg------ 
voteHR: H: 4 R: 0 voteType:: 1 voteHash: [3 131 35 88 99 24 155 65 237 172 66 144 44 248 188 173 29 132 229 206 194 219 73 63 4 104 180 49 229 159 169 67]
cmHR: H: 4 R: 0
INFO [10-28|14:46:38] --------------------------------------- 
INFO [10-28|14:46:38] addVote to                               height=4 round=0 from=0x598443f1880ef585b21f1d7585bd0577402861e5 success=true cm.coinbase=0xdceceaf3fc5c0a63d195d69b1a90011b7b19650d
INFO [10-28|14:46:38] ------in handle VoteMsg, success!------ 
INFO [10-28|14:46:39] Imported new chain segment               blocks=1 txs=1600 mgas=33.600 elapsed=2.223s    mgasps=15.109 number=4 hash=038323…9fa943
FinishedPostExec, 1540709199288740000 , txs, 1600
PostExecTime, 2.223782556s
INFO [10-28|14:46:39] in pool.evenLoop, call pool.resetState 
INFO [10-28|14:46:42] Commit new mining work                   number=5 txs=1601 uncles=0 elapsed=3.261s
INFO [10-28|14:46:42] Sealing                                  block n=5
StartConsensus, 1540709202550813000
INFO [10-28|14:46:42] Start Process 
INFO [10-28|14:46:42] in cm.Process, check lastCommittingLockset() 
INFO [10-28|14:46:42] In IsValid() 
len(lockset.Votes): 4 lockset.EligibleVotesNum: 4
INFO [10-28|14:46:42] in HasQuorum 
INFO [10-28|14:46:42] In IsValid() 
len(lockset.Votes): 4 lockset.EligibleVotesNum: 4
=====CM.COINBASE IS:===== [220 236 234 243 252 92 10 99 209 149 214 155 26 144 1 27 123 25 101 13] block number is: 5
INFO [10-28|14:46:42] case: default, cm.process 
ready: 4 need: 2.6666667
INFO [10-28|14:46:42] ---------------process------------------ 
INFO [10-28|14:46:42] In RM Process                            height=5 round=0
INFO [10-28|14:46:42] --------In rm.propose------- 
INFO [10-28|14:46:42] ---------------in rm.vote----------------- 
INFO [10-28|14:46:42] in vote in RM                            height=5 round=0
INFO [10-28|14:46:42] Timeout time not reach, curr vs timeout: curr=1540709202.000 timeout=1540709207.000
INFO [10-28|14:46:42] in rm.process, check lockset HasQuorum 
INFO [10-28|14:46:42] in HasQuorum 
INFO [10-28|14:46:42] In IsValid() 
len(lockset.Votes): 0 lockset.EligibleVotesNum: 4
INFO [10-28|14:46:42] rm lockset is not valid yet 
INFO [10-28|14:46:42] after cm.process() 
INFO [10-28|14:46:42] Handle BFT Msg,                          msg="msg #11 (173949 bytes)"
INFO [10-28|14:46:42] -------Received NewBlockProposalMsg------- 
bpHR: H: 5 R: 0
cmHR: H: 5 R: 0
INFO [10-28|14:46:42] --------------------------------------- 
# collMsig from = Peer 6d11b37ef4fc909a [eth/63]
cmHR: H: 5 R: 0
this is rm.proposerPeer  Peer 6d11b37ef4fc909a [eth/63]
INFO [10-28|14:46:42] In IsValid() 
len(lockset.Votes): 0 lockset.EligibleVotesNum: 0
INFO [10-28|14:46:42] cm add BlockProposal                     h=5 r=0
INFO [10-28|14:46:42] in HasQuorum 
INFO [10-28|14:46:42] In IsValid() 
len(lockset.Votes): 4 lockset.EligibleVotesNum: 4
INFO [10-28|14:46:42] in collectMsig, i am msig proposer 
INFO [10-28|14:46:42] in bfthandler Send MsigProposalMsg 
INFO [10-28|14:46:42] Sending MsigProposalMsg 
INFO [10-28|14:46:42] case: default, cm.process 
ready: 4 need: 2.6666667
INFO [10-28|14:46:42] ---------------process------------------ 
INFO [10-28|14:46:42] Sending MsigProposalMsg 
INFO [10-28|14:46:42] Sending MsigProposalMsg 
INFO [10-28|14:46:42] Return MsigProposalMsg to                LOG15_ERROR=                                                   LOG15_ERROR="Normalized odd number of arguments by adding nil"
INFO [10-28|14:46:42] Sending MsigProposalMsg 
in cm.collectMsig, mp.MsigVs: [<nil> 27]
INFO [10-28|14:46:42] In addBlockCandidates!! 
INFO [10-28|14:46:42] -------in handle NewBlockProposalMsg, success!------- 
INFO [10-28|14:46:42] In RM Process                            height=5 round=0
INFO [10-28|14:46:42] --------In rm.propose------- 
INFO [10-28|14:46:42] ---------------in rm.vote----------------- 
INFO [10-28|14:46:42] in vote in RM                            height=5 round=0
INFO [10-28|14:46:42] vote mp 
INFO [10-28|14:46:42] vote success in                          height=5 round=0
INFO [10-28|14:46:42] Send VoteMsg 
INFO [10-28|14:46:42] in rm.process, check lockset HasQuorum 
INFO [10-28|14:46:42] in HasQuorum 
INFO [10-28|14:46:42] In IsValid() 
len(lockset.Votes): 1 lockset.EligibleVotesNum: 4
INFO [10-28|14:46:42] rm lockset is not valid yet 
INFO [10-28|14:46:42] after cm.process() 
INFO [10-28|14:46:42] Handle BFT Msg,                          msg="msg #17 (107 bytes)"
INFO [10-28|14:46:42] ------Received VoteMsg------ 
voteHR: H: 5 R: 0 voteType:: 1 voteHash: [18 217 237 179 117 12 187 59 224 192 21 196 201 167 56 249 114 22 222 80 167 47 110 115 142 22 41 139 84 155 52 139]
cmHR: H: 5 R: 0
INFO [10-28|14:46:42] --------------------------------------- 
INFO [10-28|14:46:42] addVote to                               height=5 round=0 from=0x82a978b3f5962a5b0957d9ee9eef472ee55b42f1 success=true cm.coinbase=0xdceceaf3fc5c0a63d195d69b1a90011b7b19650d
INFO [10-28|14:46:42] ------in handle VoteMsg, success!------ 
INFO [10-28|14:46:42] case: default, cm.process 
ready: 4 need: 2.6666667
INFO [10-28|14:46:42] ---------------process------------------ 
INFO [10-28|14:46:42] In RM Process                            height=5 round=0
INFO [10-28|14:46:42] --------In rm.propose------- 
INFO [10-28|14:46:42] ---------------in rm.vote----------------- 
INFO [10-28|14:46:42] voted 
INFO [10-28|14:46:42] in rm.process, check lockset HasQuorum 
INFO [10-28|14:46:42] in HasQuorum 
INFO [10-28|14:46:42] In IsValid() 
len(lockset.Votes): 2 lockset.EligibleVotesNum: 4
INFO [10-28|14:46:42] rm lockset is not valid yet 
INFO [10-28|14:46:42] after cm.process() 
INFO [10-28|14:46:42] Handle BFT Msg,                          msg="msg #17 (107 bytes)"
INFO [10-28|14:46:42] ------Received VoteMsg------ 
voteHR: H: 5 R: 0 voteType:: 1 voteHash: [18 217 237 179 117 12 187 59 224 192 21 196 201 167 56 249 114 22 222 80 167 47 110 115 142 22 41 139 84 155 52 139]
cmHR: H: 5 R: 0
INFO [10-28|14:46:42] --------------------------------------- 
INFO [10-28|14:46:42] addVote to                               height=5 round=0 from=0x7d577a597b2742b498cb5cf0c26cdcd726d39e6e success=true cm.coinbase=0xdceceaf3fc5c0a63d195d69b1a90011b7b19650d
INFO [10-28|14:46:42] ------in handle VoteMsg, success!------ 
INFO [10-28|14:46:42] case: default, cm.process 
ready: 4 need: 2.6666667
INFO [10-28|14:46:42] ---------------process------------------ 
INFO [10-28|14:46:42] In RM Process                            height=5 round=0
INFO [10-28|14:46:42] --------In rm.propose------- 
INFO [10-28|14:46:42] ---------------in rm.vote----------------- 
INFO [10-28|14:46:42] voted 
INFO [10-28|14:46:42] in rm.process, check lockset HasQuorum 
INFO [10-28|14:46:42] in HasQuorum 
INFO [10-28|14:46:42] In IsValid() 
len(lockset.Votes): 3 lockset.EligibleVotesNum: 4
INFO [10-28|14:46:42] There is a quorum                        height=5 round=0
--- in rm.process p.id: --- Peer 6d11b37ef4fc909a [eth/63]
INFO [10-28|14:46:42] ============in cm.commitLockset============ 
INFO [10-28|14:46:42] in commitLockset, check ls HasQuorum 
INFO [10-28|14:46:42] in HasQuorum 
INFO [10-28|14:46:42] In IsValid() 
len(lockset.Votes): 3 lockset.EligibleVotesNum: 4
INFO [10-28|14:46:42] cm.found is not nil 
INFO [10-28|14:46:42] have a consensus on the block 
INFO [10-28|14:46:42] result.Header().Coinbase != b.signer 
result.Header().Coinbase: [125 87 122 89 123 39 66 180 152 203 92 240 194 108 220 215 38 211 158 110] b.signer: [220 236 234 243 252 92 10 99 209 149 214 155 26 144 1 27 123 25 101 13]
ConsensusTime, 315230499 , txs, 1601 , blockNum, 5
FinishedConsensus, 1540709202866062000
INFO [10-28|14:46:42] result is nil 
INFO [10-28|14:46:42] === Finished Mine() === 
INFO [10-28|14:46:42] store lockset 
peerid: 6d11b37ef4fc909a
cmH 5
INFO [10-28|14:46:42] ---storeLockset--- 
INFO [10-28|14:46:42] in validatorCommit1 
pid: 6d11b37ef4fc909a
block number 5
-------in NewBFTValidatorBlock-------
INFO [10-28|14:46:42] in validatorCommit2 
validatorCommit time: 157.811µs
INFO [10-28|14:46:42] **in eth.handler**, get result from ch 
INFO [10-28|14:46:42] after cm.process() 
INFO [10-28|14:46:42] ***in BFT.VVVVerifyHeader*** 
INFO [10-28|14:46:42] ***in BFT.verifyHeader*** 
INFO [10-28|14:46:42] ***in BFT.verifySeal*** 
INFO [10-28|14:46:42] In verifyVotes 
INFO [10-28|14:46:42] in HasQuorum 
INFO [10-28|14:46:42] In IsValid() 
len(lockset.Votes): 3 lockset.EligibleVotesNum: 4
INFO [10-28|14:46:42] ***in BFT.VerifyHeaderSSSS*** 
INFO [10-28|14:46:42] ***in BFT.verifyHeader*** 
INFO [10-28|14:46:42] ***in BFT.verifySeal*** 
INFO [10-28|14:46:42] In verifyVotes 
INFO [10-28|14:46:42] in HasQuorum 
INFO [10-28|14:46:42] In IsValid() 
len(lockset.Votes): 3 lockset.EligibleVotesNum: 4
INFO [10-28|14:46:43] received NewBlockMsg! 
INFO [10-28|14:46:43] Handle BFT Msg,                          msg="msg #17 (107 bytes)"
INFO [10-28|14:46:43] ------Received VoteMsg------ 
voteHR: H: 5 R: 0 voteType:: 1 voteHash: [18 217 237 179 117 12 187 59 224 192 21 196 201 167 56 249 114 22 222 80 167 47 110 115 142 22 41 139 84 155 52 139]
cmHR: H: 5 R: 0
INFO [10-28|14:46:43] --------------------------------------- 
INFO [10-28|14:46:43] addVote to                               height=5 round=0 from=0x598443f1880ef585b21f1d7585bd0577402861e5 success=true cm.coinbase=0xdceceaf3fc5c0a63d195d69b1a90011b7b19650d
INFO [10-28|14:46:43] ------in handle VoteMsg, success!------ 
INFO [10-28|14:46:44] Imported new chain segment               blocks=1 txs=1601 mgas=33.621 elapsed=1.955s    mgasps=17.195 number=5 hash=12d9ed…9b348b
FinishedPostExec, 1540709204822624000 , txs, 1601
PostExecTime, 1.955311031s
INFO [10-28|14:46:44] in pool.evenLoop, call pool.resetState 
INFO [10-28|14:46:47] Commit new mining work                   number=6 txs=1602 uncles=0 elapsed=2.402s
INFO [10-28|14:46:47] Sealing                                  block n=6
StartConsensus, 1540709207225302000
INFO [10-28|14:46:47] Start Process 
INFO [10-28|14:46:47] in cm.Process, check lastCommittingLockset() 
INFO [10-28|14:46:47] In IsValid() 
len(lockset.Votes): 4 lockset.EligibleVotesNum: 4
INFO [10-28|14:46:47] in HasQuorum 
INFO [10-28|14:46:47] In IsValid() 
len(lockset.Votes): 4 lockset.EligibleVotesNum: 4
=====CM.COINBASE IS:===== [220 236 234 243 252 92 10 99 209 149 214 155 26 144 1 27 123 25 101 13] block number is: 6
INFO [10-28|14:46:47] case: default, cm.process 
ready: 4 need: 2.6666667
INFO [10-28|14:46:47] ---------------process------------------ 
INFO [10-28|14:46:47] In RM Process                            height=6 round=0
INFO [10-28|14:46:47] --------In rm.propose------- 
INFO [10-28|14:46:47] I am a proposer in                       height=6 round=0
INFO [10-28|14:46:47] in propose, check lastRoundLockset 
lastRoundLockset, hm.activeround: 0
INFO [10-28|14:46:47] ------in mkProposal------ 
INFO [10-28|14:46:47] In IsValid() 
len(lockset.Votes): 4 lockset.EligibleVotesNum: 4
INFO [10-28|14:46:47] in HasQuorum 
INFO [10-28|14:46:47] In IsValid() 
len(lockset.Votes): 4 lockset.EligibleVotesNum: 4
INFO [10-28|14:46:47] LockSet(R-1) is nil (rm.round should equal to zero) 
INFO [10-28|14:46:47] in HasQuorum 
INFO [10-28|14:46:47] In IsValid() 
len(lockset.Votes): 4 lockset.EligibleVotesNum: 4
INFO [10-28|14:46:47] in HasQuorum 
INFO [10-28|14:46:47] In IsValid() 
len(lockset.Votes): 4 lockset.EligibleVotesNum: 4
Create block blockhash :  [182 105 72 43 163 199 63 154 218 93 85 66 10 45 105 28 140 73 51 242 30 178 47 173 194 196 228 90 197 80 120 133]
INFO [10-28|14:46:47] In addBlockCandidates!! 
INFO [10-28|14:46:47] Send NewBlockProposalMsg:                LOG15_ERROR=                                                   LOG15_ERROR="Normalized odd number of arguments by adding nil"
INFO [10-28|14:46:47] Handle BFT Msg,                          msg="msg #18 (662 bytes)"
INFO [10-28|14:46:47] ------Received MsigProposalMsg------ 
mpHR: H: 6 R: 0 hash: [182 105 72 43 163 199 63 154 218 93 85 66 10 45 105 28 140 73 51 242 30 178 47 173 194 196 228 90 197 80 120 133]
cmHR: H: 6 R: 0
INFO [10-28|14:46:47] --------------------------------------- 
INFO [10-28|14:46:47] in MsigFinished 
len(mp.Msig.MsigVs): 2 mp.MsigVs: [0 27]
INFO [10-28|14:46:47] ---------------in rm.vote----------------- 
INFO [10-28|14:46:47] in vote in RM                            height=6 round=0
INFO [10-28|14:46:47] Timeout time not reach, curr vs timeout: curr=1540709207.000 timeout=1540709212.000
INFO [10-28|14:46:47] in rm.process, check lockset HasQuorum 
INFO [10-28|14:46:47] in HasQuorum 
INFO [10-28|14:46:47] In IsValid() 
len(lockset.Votes): 0 lockset.EligibleVotesNum: 4
INFO [10-28|14:46:47] rm lockset is not valid yet 
INFO [10-28|14:46:47] after cm.process() 
INFO [10-28|14:46:47] ------addmsigproposal success!------- 
INFO [10-28|14:46:47] Handle BFT Msg,                          msg="msg #18 (662 bytes)"
INFO [10-28|14:46:47] ------Received MsigProposalMsg------ 
mpHR: H: 6 R: 0 hash: [182 105 72 43 163 199 63 154 218 93 85 66 10 45 105 28 140 73 51 242 30 178 47 173 194 196 228 90 197 80 120 133]
cmHR: H: 6 R: 0
INFO [10-28|14:46:47] --------------------------------------- 
INFO [10-28|14:46:47] in MsigFinished 
len(mp.Msig.MsigVs): 2 mp.MsigVs: [0 27]
INFO [10-28|14:46:47] ------addmsigproposal success!------- 
INFO [10-28|14:46:47] Handle BFT Msg,                          msg="msg #17 (107 bytes)"
INFO [10-28|14:46:47] ------Received VoteMsg------ 
voteHR: H: 6 R: 0 voteType:: 1 voteHash: [182 105 72 43 163 199 63 154 218 93 85 66 10 45 105 28 140 73 51 242 30 178 47 173 194 196 228 90 197 80 120 133]
cmHR: H: 6 R: 0
INFO [10-28|14:46:47] --------------------------------------- 
INFO [10-28|14:46:47] addVote to                               height=6 round=0 from=0x598443f1880ef585b21f1d7585bd0577402861e5 success=true cm.coinbase=0xdceceaf3fc5c0a63d195d69b1a90011b7b19650d
INFO [10-28|14:46:47] ------in handle VoteMsg, success!------ 
INFO [10-28|14:46:47] case: default, cm.process 
ready: 4 need: 2.6666667
INFO [10-28|14:46:47] ---------------process------------------ 
INFO [10-28|14:46:47] In RM Process                            height=6 round=0
INFO [10-28|14:46:47] --------In rm.propose------- 
INFO [10-28|14:46:47] I am a proposer in                       height=6 round=0
INFO [10-28|14:46:47] ---------------in rm.vote----------------- 
INFO [10-28|14:46:47] in vote in RM                            height=6 round=0
INFO [10-28|14:46:47] vote mp 
INFO [10-28|14:46:47] vote success in                          height=6 round=0
INFO [10-28|14:46:47] Send VoteMsg 
INFO [10-28|14:46:47] in rm.process, check lockset HasQuorum 
INFO [10-28|14:46:47] in HasQuorum 
INFO [10-28|14:46:47] In IsValid() 
len(lockset.Votes): 2 lockset.EligibleVotesNum: 4
INFO [10-28|14:46:47] rm lockset is not valid yet 
INFO [10-28|14:46:47] after cm.process() 
INFO [10-28|14:46:47] Handle BFT Msg,                          msg="msg #17 (107 bytes)"
INFO [10-28|14:46:47] ------Received VoteMsg------ 
voteHR: H: 6 R: 0 voteType:: 1 voteHash: [182 105 72 43 163 199 63 154 218 93 85 66 10 45 105 28 140 73 51 242 30 178 47 173 194 196 228 90 197 80 120 133]
cmHR: H: 6 R: 0
INFO [10-28|14:46:47] --------------------------------------- 
INFO [10-28|14:46:47] addVote to                               height=6 round=0 from=0x7d577a597b2742b498cb5cf0c26cdcd726d39e6e success=true cm.coinbase=0xdceceaf3fc5c0a63d195d69b1a90011b7b19650d
INFO [10-28|14:46:47] ------in handle VoteMsg, success!------ 
INFO [10-28|14:46:47] Handle BFT Msg,                          msg="msg #17 (107 bytes)"
INFO [10-28|14:46:47] ------Received VoteMsg------ 
voteHR: H: 6 R: 0 voteType:: 1 voteHash: [182 105 72 43 163 199 63 154 218 93 85 66 10 45 105 28 140 73 51 242 30 178 47 173 194 196 228 90 197 80 120 133]
cmHR: H: 6 R: 0
INFO [10-28|14:46:47] --------------------------------------- 
INFO [10-28|14:46:47] addVote to                               height=6 round=0 from=0x82a978b3f5962a5b0957d9ee9eef472ee55b42f1 success=true cm.coinbase=0xdceceaf3fc5c0a63d195d69b1a90011b7b19650d
INFO [10-28|14:46:47] ------in handle VoteMsg, success!------ 
INFO [10-28|14:46:47] case: default, cm.process 
ready: 4 need: 2.6666667
INFO [10-28|14:46:47] ---------------process------------------ 
INFO [10-28|14:46:47] In RM Process                            height=6 round=0
INFO [10-28|14:46:47] --------In rm.propose------- 
INFO [10-28|14:46:47] I am a proposer in                       height=6 round=0
INFO [10-28|14:46:47] ---------------in rm.vote----------------- 
INFO [10-28|14:46:47] voted 
INFO [10-28|14:46:47] in rm.process, check lockset HasQuorum 
INFO [10-28|14:46:47] in HasQuorum 
INFO [10-28|14:46:47] In IsValid() 
len(lockset.Votes): 4 lockset.EligibleVotesNum: 4
INFO [10-28|14:46:47] There is a quorum                        height=6 round=0
INFO [10-28|14:46:47] ============in cm.commitLockset============ 
INFO [10-28|14:46:47] in commitLockset, check ls HasQuorum 
INFO [10-28|14:46:47] in HasQuorum 
INFO [10-28|14:46:47] In IsValid() 
len(lockset.Votes): 4 lockset.EligibleVotesNum: 4
INFO [10-28|14:46:47] cm.found is not nil 
INFO [10-28|14:46:47] store lockset 
INFO [10-28|14:46:47] ---storeLockset--- 
INFO [10-28|14:46:47] after cm.process() 
INFO [10-28|14:46:47] have a consensus on the block 
ConsensusTime, 269869870 , txs, 1602 , blockNum, 6
FinishedConsensus, 1540709207495145000
INFO [10-28|14:46:47] Successfully sealed new block            number=6 hash=b66948…507885
INFO [10-28|14:46:47] === Finished Mine() === 
INFO [10-28|14:46:47] 🔨 mined potential block                  number=6 hash=b66948…507885
INFO [10-28|14:46:47] in pool.evenLoop, call pool.resetState 
INFO [10-28|14:46:50] Commit new mining work                   number=7 txs=1603 uncles=0 elapsed=3.165s
INFO [10-28|14:46:50] Sealing                                  block n=7
StartConsensus, 1540709210771216000
INFO [10-28|14:46:50] Start Process 
INFO [10-28|14:46:50] in cm.Process, check lastCommittingLockset() 
INFO [10-28|14:46:50] In IsValid() 
len(lockset.Votes): 4 lockset.EligibleVotesNum: 4
INFO [10-28|14:46:50] in HasQuorum 
INFO [10-28|14:46:50] In IsValid() 
len(lockset.Votes): 4 lockset.EligibleVotesNum: 4
=====CM.COINBASE IS:===== [220 236 234 243 252 92 10 99 209 149 214 155 26 144 1 27 123 25 101 13] block number is: 7
INFO [10-28|14:46:50] case: default, cm.process 
ready: 4 need: 2.6666667
INFO [10-28|14:46:50] ---------------process------------------ 
INFO [10-28|14:46:50] In RM Process                            height=7 round=0
INFO [10-28|14:46:50] --------In rm.propose------- 
INFO [10-28|14:46:50] ---------------in rm.vote----------------- 
INFO [10-28|14:46:50] in vote in RM                            height=7 round=0
INFO [10-28|14:46:50] Timeout time not reach, curr vs timeout: curr=1540709210.000 timeout=1540709215.000
INFO [10-28|14:46:50] in rm.process, check lockset HasQuorum 
INFO [10-28|14:46:50] in HasQuorum 
INFO [10-28|14:46:50] In IsValid() 
len(lockset.Votes): 0 lockset.EligibleVotesNum: 4
INFO [10-28|14:46:50] rm lockset is not valid yet 
INFO [10-28|14:46:50] after cm.process() 
INFO [10-28|14:46:50] case: default, cm.process 
ready: 4 need: 2.6666667
INFO [10-28|14:46:50] ---------------process------------------ 
INFO [10-28|14:46:50] In RM Process                            height=7 round=0
INFO [10-28|14:46:50] --------In rm.propose------- 
INFO [10-28|14:46:50] ---------------in rm.vote----------------- 
INFO [10-28|14:46:50] in vote in RM                            height=7 round=0
INFO [10-28|14:46:50] Timeout time not reach, curr vs timeout: curr=1540709210.000 timeout=1540709215.000
INFO [10-28|14:46:50] in rm.process, check lockset HasQuorum 
INFO [10-28|14:46:50] in HasQuorum 
INFO [10-28|14:46:50] In IsValid() 
len(lockset.Votes): 0 lockset.EligibleVotesNum: 4
INFO [10-28|14:46:50] rm lockset is not valid yet 
INFO [10-28|14:46:50] after cm.process() 
INFO [10-28|14:46:50] case: default, cm.process 
ready: 4 need: 2.6666667
INFO [10-28|14:46:50] ---------------process------------------ 
INFO [10-28|14:46:50] In RM Process                            height=7 round=0
INFO [10-28|14:46:50] --------In rm.propose------- 
INFO [10-28|14:46:50] ---------------in rm.vote----------------- 
INFO [10-28|14:46:50] in vote in RM                            height=7 round=0
INFO [10-28|14:46:50] Timeout time not reach, curr vs timeout: curr=1540709210.000 timeout=1540709215.000
INFO [10-28|14:46:50] in rm.process, check lockset HasQuorum 
INFO [10-28|14:46:50] in HasQuorum 
INFO [10-28|14:46:50] In IsValid() 
len(lockset.Votes): 0 lockset.EligibleVotesNum: 4
INFO [10-28|14:46:50] rm lockset is not valid yet 
INFO [10-28|14:46:50] after cm.process() 
INFO [10-28|14:46:51] case: default, cm.process 
ready: 4 need: 2.6666667
INFO [10-28|14:46:51] ---------------process------------------ 
INFO [10-28|14:46:51] In RM Process                            height=7 round=0
INFO [10-28|14:46:51] --------In rm.propose------- 
INFO [10-28|14:46:51] ---------------in rm.vote----------------- 
INFO [10-28|14:46:51] in vote in RM                            height=7 round=0
INFO [10-28|14:46:51] Timeout time not reach, curr vs timeout: curr=1540709211.000 timeout=1540709215.000
INFO [10-28|14:46:51] in rm.process, check lockset HasQuorum 
INFO [10-28|14:46:51] in HasQuorum 
INFO [10-28|14:46:51] In IsValid() 
len(lockset.Votes): 0 lockset.EligibleVotesNum: 4
INFO [10-28|14:46:51] rm lockset is not valid yet 
INFO [10-28|14:46:51] after cm.process() 
INFO [10-28|14:46:51] case: default, cm.process 
ready: 4 need: 2.6666667
INFO [10-28|14:46:51] ---------------process------------------ 
INFO [10-28|14:46:51] In RM Process                            height=7 round=0
INFO [10-28|14:46:51] --------In rm.propose------- 
INFO [10-28|14:46:51] ---------------in rm.vote----------------- 
INFO [10-28|14:46:51] in vote in RM                            height=7 round=0
INFO [10-28|14:46:51] Timeout time not reach, curr vs timeout: curr=1540709211.000 timeout=1540709215.000
INFO [10-28|14:46:51] in rm.process, check lockset HasQuorum 
INFO [10-28|14:46:51] in HasQuorum 
INFO [10-28|14:46:51] In IsValid() 
len(lockset.Votes): 0 lockset.EligibleVotesNum: 4
INFO [10-28|14:46:51] rm lockset is not valid yet 
INFO [10-28|14:46:51] after cm.process() 
INFO [10-28|14:46:51] case: default, cm.process 
ready: 4 need: 2.6666667
INFO [10-28|14:46:51] ---------------process------------------ 
INFO [10-28|14:46:51] In RM Process                            height=7 round=0
INFO [10-28|14:46:51] --------In rm.propose------- 
INFO [10-28|14:46:51] ---------------in rm.vote----------------- 
INFO [10-28|14:46:51] in vote in RM                            height=7 round=0
INFO [10-28|14:46:51] Timeout time not reach, curr vs timeout: curr=1540709211.000 timeout=1540709215.000
INFO [10-28|14:46:51] in rm.process, check lockset HasQuorum 
INFO [10-28|14:46:51] in HasQuorum 
INFO [10-28|14:46:51] In IsValid() 
len(lockset.Votes): 0 lockset.EligibleVotesNum: 4
INFO [10-28|14:46:51] rm lockset is not valid yet 
INFO [10-28|14:46:51] after cm.process() 
INFO [10-28|14:46:51] case: default, cm.process 
ready: 4 need: 2.6666667
INFO [10-28|14:46:51] ---------------process------------------ 
INFO [10-28|14:46:51] In RM Process                            height=7 round=0
INFO [10-28|14:46:51] --------In rm.propose------- 
INFO [10-28|14:46:51] ---------------in rm.vote----------------- 
INFO [10-28|14:46:51] in vote in RM                            height=7 round=0
INFO [10-28|14:46:51] Timeout time not reach, curr vs timeout: curr=1540709211.000 timeout=1540709215.000
INFO [10-28|14:46:51] in rm.process, check lockset HasQuorum 
INFO [10-28|14:46:51] in HasQuorum 
INFO [10-28|14:46:51] In IsValid() 
len(lockset.Votes): 0 lockset.EligibleVotesNum: 4
INFO [10-28|14:46:51] rm lockset is not valid yet 
INFO [10-28|14:46:51] after cm.process() 
INFO [10-28|14:46:51] case: default, cm.process 
ready: 4 need: 2.6666667
INFO [10-28|14:46:51] ---------------process------------------ 
INFO [10-28|14:46:51] In RM Process                            height=7 round=0
INFO [10-28|14:46:51] --------In rm.propose------- 
INFO [10-28|14:46:51] ---------------in rm.vote----------------- 
INFO [10-28|14:46:51] in vote in RM                            height=7 round=0
INFO [10-28|14:46:51] Timeout time not reach, curr vs timeout: curr=1540709211.000 timeout=1540709215.000
INFO [10-28|14:46:51] in rm.process, check lockset HasQuorum 
INFO [10-28|14:46:51] in HasQuorum 
INFO [10-28|14:46:51] In IsValid() 
len(lockset.Votes): 0 lockset.EligibleVotesNum: 4
INFO [10-28|14:46:51] rm lockset is not valid yet 
INFO [10-28|14:46:51] after cm.process() 
INFO [10-28|14:46:51] case: default, cm.process 
ready: 4 need: 2.6666667
INFO [10-28|14:46:51] ---------------process------------------ 
INFO [10-28|14:46:51] In RM Process                            height=7 round=0
INFO [10-28|14:46:51] --------In rm.propose------- 
INFO [10-28|14:46:51] ---------------in rm.vote----------------- 
INFO [10-28|14:46:51] in vote in RM                            height=7 round=0
INFO [10-28|14:46:51] Timeout time not reach, curr vs timeout: curr=1540709211.000 timeout=1540709215.000
INFO [10-28|14:46:51] in rm.process, check lockset HasQuorum 
INFO [10-28|14:46:51] in HasQuorum 
INFO [10-28|14:46:51] In IsValid() 
len(lockset.Votes): 0 lockset.EligibleVotesNum: 4
INFO [10-28|14:46:51] rm lockset is not valid yet 
INFO [10-28|14:46:51] after cm.process() 
INFO [10-28|14:46:51] case: default, cm.process 
ready: 4 need: 2.6666667
INFO [10-28|14:46:51] ---------------process------------------ 
INFO [10-28|14:46:51] In RM Process                            height=7 round=0
INFO [10-28|14:46:51] --------In rm.propose------- 
INFO [10-28|14:46:51] ---------------in rm.vote----------------- 
INFO [10-28|14:46:51] in vote in RM                            height=7 round=0
INFO [10-28|14:46:51] Timeout time not reach, curr vs timeout: curr=1540709211.000 timeout=1540709215.000
INFO [10-28|14:46:51] in rm.process, check lockset HasQuorum 
INFO [10-28|14:46:51] in HasQuorum 
INFO [10-28|14:46:51] In IsValid() 
len(lockset.Votes): 0 lockset.EligibleVotesNum: 4
INFO [10-28|14:46:51] rm lockset is not valid yet 
INFO [10-28|14:46:51] after cm.process() 
INFO [10-28|14:46:51] case: default, cm.process 
ready: 4 need: 2.6666667
INFO [10-28|14:46:51] ---------------process------------------ 
INFO [10-28|14:46:51] In RM Process                            height=7 round=0
INFO [10-28|14:46:51] --------In rm.propose------- 
INFO [10-28|14:46:51] ---------------in rm.vote----------------- 
INFO [10-28|14:46:51] in vote in RM                            height=7 round=0
INFO [10-28|14:46:51] Timeout time not reach, curr vs timeout: curr=1540709211.000 timeout=1540709215.000
INFO [10-28|14:46:51] in rm.process, check lockset HasQuorum 
INFO [10-28|14:46:51] in HasQuorum 
INFO [10-28|14:46:51] In IsValid() 
len(lockset.Votes): 0 lockset.EligibleVotesNum: 4
INFO [10-28|14:46:51] rm lockset is not valid yet 
INFO [10-28|14:46:51] after cm.process() 
INFO [10-28|14:46:51] case: default, cm.process 
ready: 4 need: 2.6666667
INFO [10-28|14:46:51] ---------------process------------------ 
INFO [10-28|14:46:51] In RM Process                            height=7 round=0
INFO [10-28|14:46:51] --------In rm.propose------- 
INFO [10-28|14:46:51] ---------------in rm.vote----------------- 
INFO [10-28|14:46:51] in vote in RM                            height=7 round=0
INFO [10-28|14:46:51] Timeout time not reach, curr vs timeout: curr=1540709211.000 timeout=1540709215.000
INFO [10-28|14:46:51] in rm.process, check lockset HasQuorum 
INFO [10-28|14:46:51] in HasQuorum 
INFO [10-28|14:46:51] In IsValid() 
len(lockset.Votes): 0 lockset.EligibleVotesNum: 4
INFO [10-28|14:46:51] rm lockset is not valid yet 
INFO [10-28|14:46:51] after cm.process() 
INFO [10-28|14:46:51] Handle BFT Msg,                          msg="msg #11 (174160 bytes)"
INFO [10-28|14:46:51] -------Received NewBlockProposalMsg------- 
bpHR: H: 7 R: 0
cmHR: H: 7 R: 0
INFO [10-28|14:46:51] --------------------------------------- 
# collMsig from = Peer d9d5b902798f5c42 [eth/63]
cmHR: H: 7 R: 0
this is rm.proposerPeer  Peer d9d5b902798f5c42 [eth/63]
INFO [10-28|14:46:51] In IsValid() 
len(lockset.Votes): 0 lockset.EligibleVotesNum: 0
INFO [10-28|14:46:51] cm add BlockProposal                     h=7 r=0
INFO [10-28|14:46:51] in HasQuorum 
INFO [10-28|14:46:51] In IsValid() 
len(lockset.Votes): 4 lockset.EligibleVotesNum: 4
INFO [10-28|14:46:51] In addBlockCandidates!! 
INFO [10-28|14:46:51] -------in handle NewBlockProposalMsg, success!------- 
INFO [10-28|14:46:52] case: default, cm.process 
ready: 4 need: 2.6666667
INFO [10-28|14:46:52] ---------------process------------------ 
INFO [10-28|14:46:52] In RM Process                            height=7 round=0
INFO [10-28|14:46:52] --------In rm.propose------- 
INFO [10-28|14:46:52] ---------------in rm.vote----------------- 
INFO [10-28|14:46:52] in vote in RM                            height=7 round=0
INFO [10-28|14:46:52] Timeout time not reach, curr vs timeout: curr=1540709212.000 timeout=1540709215.000
INFO [10-28|14:46:52] in rm.process, check lockset HasQuorum 
INFO [10-28|14:46:52] in HasQuorum 
INFO [10-28|14:46:52] In IsValid() 
len(lockset.Votes): 0 lockset.EligibleVotesNum: 4
INFO [10-28|14:46:52] rm lockset is not valid yet 
INFO [10-28|14:46:52] after cm.process() 
INFO [10-28|14:46:52] Handle BFT Msg,                          msg="msg #18 (662 bytes)"
INFO [10-28|14:46:52] ------Received MsigProposalMsg------ 
mpHR: H: 7 R: 0 hash: [42 102 4 194 31 131 66 229 162 168 174 221 122 98 219 17 142 159 181 50 148 88 243 41 203 39 176 120 58 53 104 195]
cmHR: H: 7 R: 0
INFO [10-28|14:46:52] --------------------------------------- 
INFO [10-28|14:46:52] in MsigFinished 
len(mp.Msig.MsigVs): 2 mp.MsigVs: [0 28]
INFO [10-28|14:46:52] ------addmsigproposal success!------- 
INFO [10-28|14:46:52] Handle BFT Msg,                          msg="msg #17 (107 bytes)"
INFO [10-28|14:46:52] ------Received VoteMsg------ 
voteHR: H: 7 R: 0 voteType:: 1 voteHash: [42 102 4 194 31 131 66 229 162 168 174 221 122 98 219 17 142 159 181 50 148 88 243 41 203 39 176 120 58 53 104 195]
cmHR: H: 7 R: 0
INFO [10-28|14:46:52] --------------------------------------- 
INFO [10-28|14:46:52] addVote to                               height=7 round=0 from=0x7d577a597b2742b498cb5cf0c26cdcd726d39e6e success=true cm.coinbase=0xdceceaf3fc5c0a63d195d69b1a90011b7b19650d
INFO [10-28|14:46:52] ------in handle VoteMsg, success!------ 
INFO [10-28|14:46:52] Handle BFT Msg,                          msg="msg #17 (107 bytes)"
INFO [10-28|14:46:52] ------Received VoteMsg------ 
voteHR: H: 7 R: 0 voteType:: 1 voteHash: [42 102 4 194 31 131 66 229 162 168 174 221 122 98 219 17 142 159 181 50 148 88 243 41 203 39 176 120 58 53 104 195]
cmHR: H: 7 R: 0
INFO [10-28|14:46:52] --------------------------------------- 
INFO [10-28|14:46:52] addVote to                               height=7 round=0 from=0x598443f1880ef585b21f1d7585bd0577402861e5 success=true cm.coinbase=0xdceceaf3fc5c0a63d195d69b1a90011b7b19650d
INFO [10-28|14:46:52] ------in handle VoteMsg, success!------ 
INFO [10-28|14:46:52] Handle BFT Msg,                          msg="msg #17 (107 bytes)"
INFO [10-28|14:46:52] ------Received VoteMsg------ 
voteHR: H: 7 R: 0 voteType:: 1 voteHash: [42 102 4 194 31 131 66 229 162 168 174 221 122 98 219 17 142 159 181 50 148 88 243 41 203 39 176 120 58 53 104 195]
cmHR: H: 7 R: 0
INFO [10-28|14:46:52] --------------------------------------- 
INFO [10-28|14:46:52] addVote to                               height=7 round=0 from=0x82a978b3f5962a5b0957d9ee9eef472ee55b42f1 success=true cm.coinbase=0xdceceaf3fc5c0a63d195d69b1a90011b7b19650d
INFO [10-28|14:46:52] ------in handle VoteMsg, success!------ 
INFO [10-28|14:46:52] case: default, cm.process 
ready: 4 need: 2.6666667
INFO [10-28|14:46:52] ---------------process------------------ 
INFO [10-28|14:46:52] In RM Process                            height=7 round=0
INFO [10-28|14:46:52] --------In rm.propose------- 
INFO [10-28|14:46:52] ---------------in rm.vote----------------- 
INFO [10-28|14:46:52] in vote in RM                            height=7 round=0
INFO [10-28|14:46:52] vote mp 
INFO [10-28|14:46:52] vote success in                          height=7 round=0
INFO [10-28|14:46:52] Send VoteMsg 
INFO [10-28|14:46:52] in rm.process, check lockset HasQuorum 
INFO [10-28|14:46:52] in HasQuorum 
INFO [10-28|14:46:52] In IsValid() 
len(lockset.Votes): 4 lockset.EligibleVotesNum: 4
INFO [10-28|14:46:52] There is a quorum                        height=7 round=0
--- in rm.process p.id: --- Peer d9d5b902798f5c42 [eth/63]
INFO [10-28|14:46:52] ============in cm.commitLockset============ 
INFO [10-28|14:46:52] in commitLockset, check ls HasQuorum 
INFO [10-28|14:46:52] in HasQuorum 
INFO [10-28|14:46:52] In IsValid() 
len(lockset.Votes): 4 lockset.EligibleVotesNum: 4
INFO [10-28|14:46:52] cm.found is not nil 
INFO [10-28|14:46:52] store lockset 
INFO [10-28|14:46:52] have a consensus on the block 
INFO [10-28|14:46:52] result.Header().Coinbase != b.signer 
result.Header().Coinbase: [89 132 67 241 136 14 245 133 178 31 29 117 133 189 5 119 64 40 97 229] b.signer: [220 236 234 243 252 92 10 99 209 149 214 155 26 144 1 27 123 25 101 13]
ConsensusTime, 1348306959 , txs, 1603 , blockNum, 7
FinishedConsensus, 1540709212119569000
INFO [10-28|14:46:52] result is nil 
INFO [10-28|14:46:52] === Finished Mine() === 
peerid: d9d5b902798f5c42
cmH 7
INFO [10-28|14:46:52] ---storeLockset--- 
INFO [10-28|14:46:52] in validatorCommit1 
pid: d9d5b902798f5c42
block number 7
-------in NewBFTValidatorBlock-------
INFO [10-28|14:46:52] in validatorCommit2 
validatorCommit time: 137.328µs
INFO [10-28|14:46:52] **in eth.handler**, get result from ch 
INFO [10-28|14:46:52] ***in BFT.VVVVerifyHeader*** 
INFO [10-28|14:46:52] ***in BFT.verifyHeader*** 
INFO [10-28|14:46:52] ***in BFT.verifySeal*** 
INFO [10-28|14:46:52] In verifyVotes 
INFO [10-28|14:46:52] in HasQuorum 
INFO [10-28|14:46:52] In IsValid() 
len(lockset.Votes): 4 lockset.EligibleVotesNum: 4
INFO [10-28|14:46:52] ***in BFT.VerifyHeaderSSSS*** 
INFO [10-28|14:46:52] ***in BFT.verifyHeader*** 
INFO [10-28|14:46:52] ***in BFT.verifySeal*** 
INFO [10-28|14:46:52] In verifyVotes 
INFO [10-28|14:46:52] in HasQuorum 
INFO [10-28|14:46:52] In IsValid() 
len(lockset.Votes): 4 lockset.EligibleVotesNum: 4
INFO [10-28|14:46:52] after cm.process() 
./node3.sh: line 16: 18808 Terminated: 15          ../build/bin/geth --networkid 2234 --port 30305 --rpcport 8547 --datadir "data/node3" --nodiscover --rpc --rpccorsdomain "*" --rpcapi "eth,net,web3,debug" --bft --allow-empty --num-validators 4 --node-num 2
