INFO [10-28|14:44:12] Starting peer-to-peer node               instance=Geth/v1.6.7-unstable-ebbdf5b7/darwin-amd64/go1.9.7
INFO [10-28|14:44:12] Allocated cache and file handles         database=/Users/sujianwei20/new_misgcode/go_ethereum_cosi/examples/data/node4/geth/chaindata cache=128 handles=1024
WARN [10-28|14:44:12] Upgrading chain database to use sequential keys 
INFO [10-28|14:44:12] Initialised chain configuration          config="{ChainID: 2235 Homestead: 1 DAO: <nil> DAOSupport: false EIP150: 2 EIP155: 3 EIP158: 3 Metropolis: <nil> Engine: ethash}"
INFO [10-28|14:44:12] config bft is                            bft=true
WARN [10-28|14:44:12] Upgrading db log bloom bins 
INFO [10-28|14:44:12] Database conversion successful 
INFO [10-28|14:44:12] Bloom-bin upgrade completed              elapsed=222.324µs
INFO [10-28|14:44:12] Initialising Ethereum protocol           versions="[63 62]" network=2234
INFO [10-28|14:44:12] Loaded most recent local header          number=0 hash=6f3c1c…1bf138 td=1048576
INFO [10-28|14:44:12] Loaded most recent local full block      number=0 hash=6f3c1c…1bf138 td=1048576
INFO [10-28|14:44:12] Loaded most recent local fast block      number=0 hash=6f3c1c…1bf138 td=1048576
INFO [10-28|14:44:12] in NewTxPool, call resetState 
INFO [10-28|14:44:12] in NewTxPool, call pool.eventLoog() 
INFO [10-28|14:44:12] Allocated cache and file handles         database=/Users/sujianwei20/new_misgcode/go_ethereum_cosi/examples/data/node4/geth/bftData   cache=128 handles=1024
INFO [10-28|14:44:12] addVote to                               height=0 round=0 from=0x598443f1880ef585b21f1d7585bd0577402861e5 success=true cm.coinbase=0x598443f1880ef585b21f1d7585bd0577402861e5
INFO [10-28|14:44:12] Starting P2P networking 
INFO [10-28|14:44:12] ---In BFTvalidatorCommitBlock--- 
ready: 1 need: 2.6666667
INFO [10-28|14:44:12] consensusManager not ready  
ready: 1 need: 2.6666667
INFO [10-28|14:44:12] RLPx listener up                         self="enode://d9d5b902798f5c42901f3fd993e58a9fb2ded12c3996e2a3849d4fdfcd0c3516aa806f56d93a759278d1c92e88b0daccffc69312581544c9f680a13a2e556a9e@[::]:30306?discport=0"
INFO [10-28|14:44:12] IPC endpoint opened: /Users/sujianwei20/new_misgcode/go_ethereum_cosi/examples/data/node4/geth.ipc 
INFO [10-28|14:44:12] HTTP endpoint opened: http://127.0.0.1:8548 
INFO [10-28|14:44:12] Handle BFT Msg,                          msg="msg #8 (78 bytes)"
INFO [10-28|14:44:12] ------Received ReadMsg------ 
AddReady from: [130 169 120 179 245 150 42 91 9 87 217 238 158 239 71 46 229 91 66 241]
INFO [10-28|14:44:12] send Ready msg 
INFO [10-28|14:44:12] send Ready msg 
INFO [10-28|14:44:12] Handle BFT Msg,                          msg="msg #8 (78 bytes)"
INFO [10-28|14:44:12] ------Received ReadMsg------ 
AddReady from: [130 169 120 179 245 150 42 91 9 87 217 238 158 239 71 46 229 91 66 241]
INFO [10-28|14:44:13] Handle BFT Msg,                          msg="msg #8 (78 bytes)"
INFO [10-28|14:44:13] ------Received ReadMsg------ 
AddReady from: [125 87 122 89 123 39 66 180 152 203 92 240 194 108 220 215 38 211 158 110]
INFO [10-28|14:44:13] send Ready msg 
INFO [10-28|14:44:13] Handle BFT Msg,                          msg="msg #8 (78 bytes)"
INFO [10-28|14:44:13] ------Received ReadMsg------ 
INFO [10-28|14:44:13] send Ready msg 
INFO [10-28|14:44:13] send Ready msg 
AddReady from: [125 87 122 89 123 39 66 180 152 203 92 240 194 108 220 215 38 211 158 110]
INFO [10-28|14:44:13] Handle BFT Msg,                          msg="msg #8 (78 bytes)"
INFO [10-28|14:44:13] ------Received ReadMsg------ 
AddReady from: [125 87 122 89 123 39 66 180 152 203 92 240 194 108 220 215 38 211 158 110]
ready: 3 need: 2.6666667
ready: 3 need: 2.6666667
INFO [10-28|14:44:13] send Ready msg 
INFO [10-28|14:44:13] send Ready msg 
INFO [10-28|14:44:13] send Ready msg 
INFO [10-28|14:44:13] -----------------consensusManager Ready------------------------- 
INFO [10-28|14:44:13] Handle BFT Msg,                          msg="msg #8 (78 bytes)"
INFO [10-28|14:44:13] ------Received ReadMsg------ 
AddReady from: [89 132 67 241 136 14 245 133 178 31 29 117 133 189 5 119 64 40 97 229]
INFO [10-28|14:44:13] Handle BFT Msg,                          msg="msg #8 (78 bytes)"
INFO [10-28|14:44:13] ------Received ReadMsg------ 
AddReady from: [89 132 67 241 136 14 245 133 178 31 29 117 133 189 5 119 64 40 97 229]
INFO [10-28|14:44:13] Handle BFT Msg,                          msg="msg #8 (78 bytes)"
INFO [10-28|14:44:13] ------Received ReadMsg------ 
AddReady from: [89 132 67 241 136 14 245 133 178 31 29 117 133 189 5 119 64 40 97 229]
INFO [10-28|14:44:13] Handle BFT Msg,                          msg="msg #8 (78 bytes)"
INFO [10-28|14:44:13] ------Received ReadMsg------ 
AddReady from: [130 169 120 179 245 150 42 91 9 87 217 238 158 239 71 46 229 91 66 241]
INFO [10-28|14:44:13] send Ready msg 
INFO [10-28|14:44:13] send Ready msg 
INFO [10-28|14:44:13] Handle BFT Msg,                          msg="msg #8 (78 bytes)"
INFO [10-28|14:44:13] ------Received ReadMsg------ 
INFO [10-28|14:44:13] send Ready msg 
AddReady from: [130 169 120 179 245 150 42 91 9 87 217 238 158 239 71 46 229 91 66 241]
INFO [10-28|14:44:13] Handle BFT Msg,                          msg="msg #8 (78 bytes)"
INFO [10-28|14:44:13] ------Received ReadMsg------ 
AddReady from: [130 169 120 179 245 150 42 91 9 87 217 238 158 239 71 46 229 91 66 241]
INFO [10-28|14:44:13] Handle BFT Msg,                          msg="msg #8 (78 bytes)"
INFO [10-28|14:44:13] ------Received ReadMsg------ 
AddReady from: [220 236 234 243 252 92 10 99 209 149 214 155 26 144 1 27 123 25 101 13]
INFO [10-28|14:44:13] send Ready msg 
INFO [10-28|14:44:13] send Ready msg 
INFO [10-28|14:44:13] send Ready msg 
INFO [10-28|14:44:13] Handle BFT Msg,                          msg="msg #8 (78 bytes)"
INFO [10-28|14:44:13] ------Received ReadMsg------ 
AddReady from: [220 236 234 243 252 92 10 99 209 149 214 155 26 144 1 27 123 25 101 13]
INFO [10-28|14:44:13] Handle BFT Msg,                          msg="msg #8 (78 bytes)"
INFO [10-28|14:44:13] ------Received ReadMsg------ 
AddReady from: [220 236 234 243 252 92 10 99 209 149 214 155 26 144 1 27 123 25 101 13]
INFO [10-28|14:44:13] Handle BFT Msg,                          msg="msg #8 (78 bytes)"
INFO [10-28|14:44:13] ------Received ReadMsg------ 
AddReady from: [125 87 122 89 123 39 66 180 152 203 92 240 194 108 220 215 38 211 158 110]
INFO [10-28|14:44:13] send Ready msg 
INFO [10-28|14:44:13] send Ready msg 
INFO [10-28|14:44:13] send Ready msg 
INFO [10-28|14:44:13] Handle BFT Msg,                          msg="msg #8 (78 bytes)"
INFO [10-28|14:44:13] ------Received ReadMsg------ 
AddReady from: [125 87 122 89 123 39 66 180 152 203 92 240 194 108 220 215 38 211 158 110]
INFO [10-28|14:44:13] Handle BFT Msg,                          msg="msg #8 (78 bytes)"
INFO [10-28|14:44:13] ------Received ReadMsg------ 
AddReady from: [125 87 122 89 123 39 66 180 152 203 92 240 194 108 220 215 38 211 158 110]
INFO [10-28|14:46:22] Transaction pool price threshold updated price=18000000000
INFO [10-28|14:46:22] Starting mining operation 
INFO [10-28|14:46:26] Handle BFT Msg,                          msg="msg #18 (345 bytes)"
INFO [10-28|14:46:26] ------Received MsigProposalMsg------ 
mpHR: H: 1 R: 0 hash: [151 54 250 222 232 233 187 112 44 31 135 146 103 31 24 220 175 238 176 138 159 64 253 234 190 13 128 29 111 250 29 18]
cmHR: H: 1 R: 0
INFO [10-28|14:46:26] --------------------------------------- 
INFO [10-28|14:46:26] received mp before p, wait for a while 
INFO [10-28|14:46:26] Handle BFT Msg,                          msg="msg #11 (172922 bytes)"
INFO [10-28|14:46:26] -------Received NewBlockProposalMsg------- 
bpHR: H: 1 R: 0
cmHR: H: 1 R: 0
INFO [10-28|14:46:26] --------------------------------------- 
# collMsig from = Peer 6d11b37ef4fc909a [eth/63]
cmHR: H: 1 R: 0
this is rm.proposerPeer  Peer 6d11b37ef4fc909a [eth/63]
INFO [10-28|14:46:26] In IsValid() 
len(lockset.Votes): 0 lockset.EligibleVotesNum: 0
INFO [10-28|14:46:26] cm add BlockProposal                     h=1 r=0
INFO [10-28|14:46:26] in HasQuorum 
INFO [10-28|14:46:26] In IsValid() 
len(lockset.Votes): 1 lockset.EligibleVotesNum: 0
INFO [10-28|14:46:26] In addBlockCandidates!! 
INFO [10-28|14:46:26] -------in handle NewBlockProposalMsg, success!------- 
INFO [10-28|14:46:26] in MsigFinished 
len(mp.Msig.MsigVs): 2 mp.MsigVs: [0 27]
INFO [10-28|14:46:26] ------addmsigproposal success!------- 
INFO [10-28|14:46:26] Handle BFT Msg,                          msg="msg #17 (107 bytes)"
INFO [10-28|14:46:26] ------Received VoteMsg------ 
voteHR: H: 1 R: 0 voteType:: 1 voteHash: [151 54 250 222 232 233 187 112 44 31 135 146 103 31 24 220 175 238 176 138 159 64 253 234 190 13 128 29 111 250 29 18]
cmHR: H: 1 R: 0
INFO [10-28|14:46:26] --------------------------------------- 
INFO [10-28|14:46:26] addVote to                               height=1 round=0 from=0xdceceaf3fc5c0a63d195d69b1a90011b7b19650d success=true cm.coinbase=0x598443f1880ef585b21f1d7585bd0577402861e5
INFO [10-28|14:46:26] ------in handle VoteMsg, success!------ 
INFO [10-28|14:46:26] Handle BFT Msg,                          msg="msg #17 (107 bytes)"
INFO [10-28|14:46:26] ------Received VoteMsg------ 
voteHR: H: 1 R: 0 voteType:: 1 voteHash: [151 54 250 222 232 233 187 112 44 31 135 146 103 31 24 220 175 238 176 138 159 64 253 234 190 13 128 29 111 250 29 18]
cmHR: H: 1 R: 0
INFO [10-28|14:46:26] --------------------------------------- 
INFO [10-28|14:46:26] addVote to                               height=1 round=0 from=0x82a978b3f5962a5b0957d9ee9eef472ee55b42f1 success=true cm.coinbase=0x598443f1880ef585b21f1d7585bd0577402861e5
INFO [10-28|14:46:26] ------in handle VoteMsg, success!------ 
INFO [10-28|14:46:26] Handle BFT Msg,                          msg="msg #17 (107 bytes)"
INFO [10-28|14:46:26] ------Received VoteMsg------ 
voteHR: H: 1 R: 0 voteType:: 1 voteHash: [151 54 250 222 232 233 187 112 44 31 135 146 103 31 24 220 175 238 176 138 159 64 253 234 190 13 128 29 111 250 29 18]
cmHR: H: 1 R: 0
INFO [10-28|14:46:26] --------------------------------------- 
INFO [10-28|14:46:26] addVote to                               height=1 round=0 from=0x7d577a597b2742b498cb5cf0c26cdcd726d39e6e success=true cm.coinbase=0x598443f1880ef585b21f1d7585bd0577402861e5
INFO [10-28|14:46:26] ------in handle VoteMsg, success!------ 
INFO [10-28|14:46:26] Commit new mining work                   number=1 txs=1598 uncles=0 elapsed=3.443s
INFO [10-28|14:46:26] Sealing                                  block n=1
StartConsensus, 1540709186194440000
INFO [10-28|14:46:26] Start Process 
INFO [10-28|14:46:26] in cm.Process, check lastCommittingLockset() 
INFO [10-28|14:46:26] In IsValid() 
len(lockset.Votes): 2 lockset.EligibleVotesNum: 0
INFO [10-28|14:46:26] in HasQuorum 
INFO [10-28|14:46:26] In IsValid() 
len(lockset.Votes): 2 lockset.EligibleVotesNum: 0
=====CM.COINBASE IS:===== [89 132 67 241 136 14 245 133 178 31 29 117 133 189 5 119 64 40 97 229] block number is: 1
INFO [10-28|14:46:26] case: default, cm.process 
ready: 4 need: 2.6666667
INFO [10-28|14:46:26] ---------------process------------------ 
INFO [10-28|14:46:26] In RM Process                            height=1 round=0
INFO [10-28|14:46:26] --------In rm.propose------- 
INFO [10-28|14:46:26] ---------------in rm.vote----------------- 
INFO [10-28|14:46:26] in vote in RM                            height=1 round=0
INFO [10-28|14:46:26] vote mp 
INFO [10-28|14:46:26] vote success in                          height=1 round=0
INFO [10-28|14:46:26] Send VoteMsg 
INFO [10-28|14:46:26] in rm.process, check lockset HasQuorum 
INFO [10-28|14:46:26] in HasQuorum 
INFO [10-28|14:46:26] In IsValid() 
len(lockset.Votes): 4 lockset.EligibleVotesNum: 4
INFO [10-28|14:46:26] There is a quorum                        height=1 round=0
--- in rm.process p.id: --- Peer 6d11b37ef4fc909a [eth/63]
INFO [10-28|14:46:26] ============in cm.commitLockset============ 
INFO [10-28|14:46:26] in commitLockset, check ls HasQuorum 
INFO [10-28|14:46:26] in HasQuorum 
INFO [10-28|14:46:26] In IsValid() 
len(lockset.Votes): 4 lockset.EligibleVotesNum: 4
INFO [10-28|14:46:26] cm.found is not nil 
INFO [10-28|14:46:26] store lockset 
peerid: 6d11b37ef4fc909a
INFO [10-28|14:46:26] ---storeLockset--- 
INFO [10-28|14:46:26] after cm.process() 
cmH 1
INFO [10-28|14:46:26] in validatorCommit1 
pid: 6d11b37ef4fc909a
block number 1
-------in NewBFTValidatorBlock-------
INFO [10-28|14:46:26] in validatorCommit2 
validatorCommit time: 76.716µs
INFO [10-28|14:46:26] **in eth.handler**, get result from ch 
INFO [10-28|14:46:26] have a consensus on the block 
INFO [10-28|14:46:26] result.Header().Coinbase != b.signer 
result.Header().Coinbase: [125 87 122 89 123 39 66 180 152 203 92 240 194 108 220 215 38 211 158 110] b.signer: [89 132 67 241 136 14 245 133 178 31 29 117 133 189 5 119 64 40 97 229]
ConsensusTime, 1747120 , txs, 1598 , blockNum, 1
FinishedConsensus, 1540709186196213000
INFO [10-28|14:46:26] result is nil 
INFO [10-28|14:46:26] === Finished Mine() === 
INFO [10-28|14:46:26] ***in BFT.VVVVerifyHeader*** 
INFO [10-28|14:46:26] ***in BFT.verifyHeader*** 
INFO [10-28|14:46:26] ***in BFT.verifySeal*** 
INFO [10-28|14:46:26] In verifyVotes 
INFO [10-28|14:46:26] in HasQuorum 
INFO [10-28|14:46:26] In IsValid() 
len(lockset.Votes): 4 lockset.EligibleVotesNum: 4
INFO [10-28|14:46:26] ***in BFT.VerifyHeaderSSSS*** 
INFO [10-28|14:46:26] ***in BFT.verifyHeader*** 
INFO [10-28|14:46:26] ***in BFT.verifySeal*** 
INFO [10-28|14:46:26] In verifyVotes 
INFO [10-28|14:46:26] in HasQuorum 
INFO [10-28|14:46:26] In IsValid() 
len(lockset.Votes): 4 lockset.EligibleVotesNum: 4
INFO [10-28|14:46:26] received NewBlockMsg! 
INFO [10-28|14:46:27] Imported new chain segment               blocks=1 txs=1598 mgas=33.558 elapsed=999.369ms mgasps=33.579 number=1 hash=9736fa…fa1d12
FinishedPostExec, 1540709187196618000 , txs, 1598
PostExecTime, 999.369278ms
INFO [10-28|14:46:27] in pool.evenLoop, call pool.resetState 
INFO [10-28|14:46:28] Commit new mining work                   number=2 txs=1599 uncles=0 elapsed=1.650s
INFO [10-28|14:46:28] Sealing                                  block n=2
StartConsensus, 1540709188847512000
INFO [10-28|14:46:28] Start Process 
INFO [10-28|14:46:28] in cm.Process, check lastCommittingLockset() 
INFO [10-28|14:46:28] In IsValid() 
len(lockset.Votes): 4 lockset.EligibleVotesNum: 4
INFO [10-28|14:46:28] in HasQuorum 
INFO [10-28|14:46:28] In IsValid() 
len(lockset.Votes): 4 lockset.EligibleVotesNum: 4
=====CM.COINBASE IS:===== [89 132 67 241 136 14 245 133 178 31 29 117 133 189 5 119 64 40 97 229] block number is: 2
INFO [10-28|14:46:28] case: default, cm.process 
ready: 4 need: 2.6666667
INFO [10-28|14:46:28] ---------------process------------------ 
INFO [10-28|14:46:28] In RM Process                            height=2 round=0
INFO [10-28|14:46:28] --------In rm.propose------- 
INFO [10-28|14:46:28] ---------------in rm.vote----------------- 
INFO [10-28|14:46:28] in vote in RM                            height=2 round=0
INFO [10-28|14:46:28] Timeout time not reach, curr vs timeout: curr=1540709188.000 timeout=1540709193.000
INFO [10-28|14:46:28] in rm.process, check lockset HasQuorum 
INFO [10-28|14:46:28] in HasQuorum 
INFO [10-28|14:46:28] In IsValid() 
len(lockset.Votes): 0 lockset.EligibleVotesNum: 4
INFO [10-28|14:46:28] rm lockset is not valid yet 
INFO [10-28|14:46:28] after cm.process() 
INFO [10-28|14:46:28] Handle BFT Msg,                          msg="msg #11 (173334 bytes)"
INFO [10-28|14:46:28] -------Received NewBlockProposalMsg------- 
bpHR: H: 2 R: 0
cmHR: H: 2 R: 0
INFO [10-28|14:46:28] --------------------------------------- 
# collMsig from = Peer 94dd98401cf6ca04 [eth/63]
cmHR: H: 2 R: 0
this is rm.proposerPeer  Peer 94dd98401cf6ca04 [eth/63]
INFO [10-28|14:46:28] In IsValid() 
len(lockset.Votes): 0 lockset.EligibleVotesNum: 0
INFO [10-28|14:46:28] cm add BlockProposal                     h=2 r=0
INFO [10-28|14:46:28] in HasQuorum 
INFO [10-28|14:46:28] In IsValid() 
len(lockset.Votes): 4 lockset.EligibleVotesNum: 4
INFO [10-28|14:46:28] in collectMsig, i am msig proposer 
INFO [10-28|14:46:28] in bfthandler Send MsigProposalMsg 
INFO [10-28|14:46:28] Sending MsigProposalMsg 
INFO [10-28|14:46:28] Sending MsigProposalMsg 
INFO [10-28|14:46:28] Sending MsigProposalMsg 
INFO [10-28|14:46:28] Return MsigProposalMsg to                LOG15_ERROR= LOG15_ERROR="Normalized odd number of arguments by adding nil"
INFO [10-28|14:46:28] Sending MsigProposalMsg 
in cm.collectMsig, mp.MsigVs: [<nil> 28]
INFO [10-28|14:46:28] In addBlockCandidates!! 
INFO [10-28|14:46:28] -------in handle NewBlockProposalMsg, success!------- 
INFO [10-28|14:46:28] case: default, cm.process 
ready: 4 need: 2.6666667
INFO [10-28|14:46:28] ---------------process------------------ 
INFO [10-28|14:46:28] In RM Process                            height=2 round=0
INFO [10-28|14:46:28] --------In rm.propose------- 
INFO [10-28|14:46:28] ---------------in rm.vote----------------- 
INFO [10-28|14:46:28] in vote in RM                            height=2 round=0
INFO [10-28|14:46:28] vote mp 
INFO [10-28|14:46:28] vote success in                          height=2 round=0
INFO [10-28|14:46:28] Send VoteMsg 
INFO [10-28|14:46:28] in rm.process, check lockset HasQuorum 
INFO [10-28|14:46:28] in HasQuorum 
INFO [10-28|14:46:28] In IsValid() 
len(lockset.Votes): 1 lockset.EligibleVotesNum: 4
INFO [10-28|14:46:28] rm lockset is not valid yet 
INFO [10-28|14:46:28] after cm.process() 
INFO [10-28|14:46:29] Handle BFT Msg,                          msg="msg #17 (107 bytes)"
INFO [10-28|14:46:29] ------Received VoteMsg------ 
voteHR: H: 2 R: 0 voteType:: 1 voteHash: [5 146 179 240 80 19 84 143 102 113 81 127 69 173 34 68 79 48 74 149 199 73 61 91 187 213 66 101 105 58 87 123]
cmHR: H: 2 R: 0
INFO [10-28|14:46:29] --------------------------------------- 
INFO [10-28|14:46:29] addVote to                               height=2 round=0 from=0xdceceaf3fc5c0a63d195d69b1a90011b7b19650d success=true cm.coinbase=0x598443f1880ef585b21f1d7585bd0577402861e5
INFO [10-28|14:46:29] ------in handle VoteMsg, success!------ 
INFO [10-28|14:46:29] case: default, cm.process 
ready: 4 need: 2.6666667
INFO [10-28|14:46:29] ---------------process------------------ 
INFO [10-28|14:46:29] In RM Process                            height=2 round=0
INFO [10-28|14:46:29] --------In rm.propose------- 
INFO [10-28|14:46:29] ---------------in rm.vote----------------- 
INFO [10-28|14:46:29] voted 
INFO [10-28|14:46:29] in rm.process, check lockset HasQuorum 
INFO [10-28|14:46:29] in HasQuorum 
INFO [10-28|14:46:29] In IsValid() 
len(lockset.Votes): 2 lockset.EligibleVotesNum: 4
INFO [10-28|14:46:29] rm lockset is not valid yet 
INFO [10-28|14:46:29] after cm.process() 
INFO [10-28|14:46:29] Handle BFT Msg,                          msg="msg #17 (107 bytes)"
INFO [10-28|14:46:29] ------Received VoteMsg------ 
voteHR: H: 2 R: 0 voteType:: 1 voteHash: [5 146 179 240 80 19 84 143 102 113 81 127 69 173 34 68 79 48 74 149 199 73 61 91 187 213 66 101 105 58 87 123]
cmHR: H: 2 R: 0
INFO [10-28|14:46:29] --------------------------------------- 
INFO [10-28|14:46:29] addVote to                               height=2 round=0 from=0x82a978b3f5962a5b0957d9ee9eef472ee55b42f1 success=true cm.coinbase=0x598443f1880ef585b21f1d7585bd0577402861e5
INFO [10-28|14:46:29] ------in handle VoteMsg, success!------ 
INFO [10-28|14:46:29] received NewBlockMsg! 
INFO [10-28|14:46:29] case: default, cm.process 
ready: 4 need: 2.6666667
INFO [10-28|14:46:29] ---------------process------------------ 
INFO [10-28|14:46:29] In RM Process                            height=2 round=0
INFO [10-28|14:46:29] --------In rm.propose------- 
INFO [10-28|14:46:29] ---------------in rm.vote----------------- 
INFO [10-28|14:46:29] voted 
INFO [10-28|14:46:29] in rm.process, check lockset HasQuorum 
INFO [10-28|14:46:29] in HasQuorum 
INFO [10-28|14:46:29] In IsValid() 
len(lockset.Votes): 3 lockset.EligibleVotesNum: 4
INFO [10-28|14:46:29] There is a quorum                        height=2 round=0
--- in rm.process p.id: --- Peer 94dd98401cf6ca04 [eth/63]
INFO [10-28|14:46:29] ============in cm.commitLockset============ 
INFO [10-28|14:46:29] in commitLockset, check ls HasQuorum 
INFO [10-28|14:46:29] in HasQuorum 
INFO [10-28|14:46:29] In IsValid() 
len(lockset.Votes): 3 lockset.EligibleVotesNum: 4
INFO [10-28|14:46:29] cm.found is not nil 
INFO [10-28|14:46:29] store lockset 
peerid: 94dd98401cf6ca04
INFO [10-28|14:46:29] ---storeLockset--- 
INFO [10-28|14:46:29] after cm.process() 
cmH 2
INFO [10-28|14:46:29] in validatorCommit1 
pid: 94dd98401cf6ca04
block number 2
-------in NewBFTValidatorBlock-------
INFO [10-28|14:46:29] in validatorCommit2 
validatorCommit time: 87.15µs
INFO [10-28|14:46:29] **in eth.handler**, get result from ch 
INFO [10-28|14:46:29] ***in BFT.VVVVerifyHeader*** 
INFO [10-28|14:46:29] ***in BFT.verifyHeader*** 
INFO [10-28|14:46:29] ***in BFT.verifySeal*** 
INFO [10-28|14:46:29] In verifyVotes 
INFO [10-28|14:46:29] in HasQuorum 
INFO [10-28|14:46:29] In IsValid() 
len(lockset.Votes): 3 lockset.EligibleVotesNum: 4
INFO [10-28|14:46:29] ***in BFT.VerifyHeaderSSSS*** 
INFO [10-28|14:46:29] ***in BFT.verifyHeader*** 
INFO [10-28|14:46:29] ***in BFT.verifySeal*** 
INFO [10-28|14:46:29] In verifyVotes 
INFO [10-28|14:46:29] in HasQuorum 
INFO [10-28|14:46:29] In IsValid() 
len(lockset.Votes): 3 lockset.EligibleVotesNum: 4
INFO [10-28|14:46:29] have a consensus on the block 
INFO [10-28|14:46:29] result.Header().Coinbase != b.signer 
result.Header().Coinbase: [220 236 234 243 252 92 10 99 209 149 214 155 26 144 1 27 123 25 101 13] b.signer: [89 132 67 241 136 14 245 133 178 31 29 117 133 189 5 119 64 40 97 229]
ConsensusTime, 325857510 , txs, 1599 , blockNum, 2
FinishedConsensus, 1540709189173395000
INFO [10-28|14:46:29] result is nil 
INFO [10-28|14:46:29] === Finished Mine() === 
INFO [10-28|14:46:29] Handle BFT Msg,                          msg="msg #9 (3 bytes)"
INFO [10-28|14:46:29] -------GetLocksetsMsg------- 
GetLockSetsMsg request:  [{2}] from:  6d11b37ef4fc909a
INFO [10-28|14:46:29] Request future block 
INFO [10-28|14:46:29] Handle BFT Msg,                          msg="msg #9 (3 bytes)"
INFO [10-28|14:46:29] -------GetLocksetsMsg------- 
GetLockSetsMsg request:  [{2}] from:  6d11b37ef4fc909a
INFO [10-28|14:46:29] Request future block 
INFO [10-28|14:46:29] Handle BFT Msg,                          msg="msg #9 (3 bytes)"
INFO [10-28|14:46:29] -------GetLocksetsMsg------- 
GetLockSetsMsg request:  [{2}] from:  6d11b37ef4fc909a
INFO [10-28|14:46:29] Request future block 
INFO [10-28|14:46:30] Handle BFT Msg,                          msg="msg #9 (3 bytes)"
INFO [10-28|14:46:30] -------GetLocksetsMsg------- 
GetLockSetsMsg request:  [{2}] from:  6d11b37ef4fc909a
INFO [10-28|14:46:30] Request future block 
INFO [10-28|14:46:30] Imported new chain segment               blocks=1 txs=1599 mgas=33.579 elapsed=1.437s    mgasps=23.358 number=2 hash=0592b3…3a577b
FinishedPostExec, 1540709190605699000 , txs, 1599
PostExecTime, 1.437553854s
INFO [10-28|14:46:30] in pool.evenLoop, call pool.resetState 
INFO [10-28|14:46:31] Handle BFT Msg,                          msg="msg #17 (107 bytes)"
INFO [10-28|14:46:31] ------Received VoteMsg------ 
voteHR: H: 2 R: 0 voteType:: 1 voteHash: [5 146 179 240 80 19 84 143 102 113 81 127 69 173 34 68 79 48 74 149 199 73 61 91 187 213 66 101 105 58 87 123]
cmHR: H: 3 R: 0
INFO [10-28|14:46:31] --------------------------------------- 
INFO [10-28|14:46:31] addVote to                               height=2 round=0 from=0x7d577a597b2742b498cb5cf0c26cdcd726d39e6e success=true cm.coinbase=0x598443f1880ef585b21f1d7585bd0577402861e5
INFO [10-28|14:46:31] ------in handle VoteMsg, success!------ 
INFO [10-28|14:46:32] Commit new mining work                   number=3 txs=1599 uncles=0 elapsed=1.797s
INFO [10-28|14:46:32] Sealing                                  block n=3
StartConsensus, 1540709192403908000
INFO [10-28|14:46:32] Start Process 
INFO [10-28|14:46:32] in cm.Process, check lastCommittingLockset() 
INFO [10-28|14:46:32] In IsValid() 
len(lockset.Votes): 4 lockset.EligibleVotesNum: 4
INFO [10-28|14:46:32] in HasQuorum 
INFO [10-28|14:46:32] In IsValid() 
len(lockset.Votes): 4 lockset.EligibleVotesNum: 4
=====CM.COINBASE IS:===== [89 132 67 241 136 14 245 133 178 31 29 117 133 189 5 119 64 40 97 229] block number is: 3
INFO [10-28|14:46:32] case: default, cm.process 
ready: 4 need: 2.6666667
INFO [10-28|14:46:32] ---------------process------------------ 
INFO [10-28|14:46:32] In RM Process                            height=3 round=0
INFO [10-28|14:46:32] --------In rm.propose------- 
INFO [10-28|14:46:32] I am a proposer in                       height=3 round=0
INFO [10-28|14:46:32] in propose, check lastRoundLockset 
lastRoundLockset, hm.activeround: 0
INFO [10-28|14:46:32] ------in mkProposal------ 
INFO [10-28|14:46:32] In IsValid() 
len(lockset.Votes): 4 lockset.EligibleVotesNum: 4
INFO [10-28|14:46:32] in HasQuorum 
INFO [10-28|14:46:32] In IsValid() 
len(lockset.Votes): 4 lockset.EligibleVotesNum: 4
INFO [10-28|14:46:32] LockSet(R-1) is nil (rm.round should equal to zero) 
INFO [10-28|14:46:32] in HasQuorum 
INFO [10-28|14:46:32] In IsValid() 
len(lockset.Votes): 4 lockset.EligibleVotesNum: 4
INFO [10-28|14:46:32] in HasQuorum 
INFO [10-28|14:46:32] In IsValid() 
len(lockset.Votes): 4 lockset.EligibleVotesNum: 4
Create block blockhash :  [88 27 92 206 194 248 49 31 254 202 108 74 121 33 56 152 195 124 235 111 44 104 151 52 24 246 174 85 67 197 48 46]
INFO [10-28|14:46:32] In addBlockCandidates!! 
INFO [10-28|14:46:32] Send NewBlockProposalMsg:                LOG15_ERROR=                                                   LOG15_ERROR="Normalized odd number of arguments by adding nil"
INFO [10-28|14:46:32] ---------------in rm.vote----------------- 
INFO [10-28|14:46:32] in vote in RM                            height=3 round=0
INFO [10-28|14:46:32] Timeout time not reach, curr vs timeout: curr=1540709192.000 timeout=1540709197.000
INFO [10-28|14:46:32] in rm.process, check lockset HasQuorum 
INFO [10-28|14:46:32] in HasQuorum 
INFO [10-28|14:46:32] In IsValid() 
len(lockset.Votes): 0 lockset.EligibleVotesNum: 4
INFO [10-28|14:46:32] rm lockset is not valid yet 
INFO [10-28|14:46:32] after cm.process() 
INFO [10-28|14:46:32] Handle BFT Msg,                          msg="msg #18 (662 bytes)"
INFO [10-28|14:46:32] ------Received MsigProposalMsg------ 
mpHR: H: 3 R: 0 hash: [88 27 92 206 194 248 49 31 254 202 108 74 121 33 56 152 195 124 235 111 44 104 151 52 24 246 174 85 67 197 48 46]
cmHR: H: 3 R: 0
INFO [10-28|14:46:32] --------------------------------------- 
INFO [10-28|14:46:32] in MsigFinished 
len(mp.Msig.MsigVs): 2 mp.MsigVs: [0 27]
INFO [10-28|14:46:32] ------addmsigproposal success!------- 
INFO [10-28|14:46:32] Handle BFT Msg,                          msg="msg #18 (662 bytes)"
INFO [10-28|14:46:32] ------Received MsigProposalMsg------ 
mpHR: H: 3 R: 0 hash: [88 27 92 206 194 248 49 31 254 202 108 74 121 33 56 152 195 124 235 111 44 104 151 52 24 246 174 85 67 197 48 46]
cmHR: H: 3 R: 0
INFO [10-28|14:46:32] --------------------------------------- 
INFO [10-28|14:46:32] in MsigFinished 
len(mp.Msig.MsigVs): 2 mp.MsigVs: [0 27]
INFO [10-28|14:46:32] ------addmsigproposal success!------- 
INFO [10-28|14:46:32] Handle BFT Msg,                          msg="msg #17 (107 bytes)"
INFO [10-28|14:46:32] ------Received VoteMsg------ 
voteHR: H: 3 R: 0 voteType:: 1 voteHash: [88 27 92 206 194 248 49 31 254 202 108 74 121 33 56 152 195 124 235 111 44 104 151 52 24 246 174 85 67 197 48 46]
cmHR: H: 3 R: 0
INFO [10-28|14:46:32] --------------------------------------- 
INFO [10-28|14:46:32] addVote to                               height=3 round=0 from=0x82a978b3f5962a5b0957d9ee9eef472ee55b42f1 success=true cm.coinbase=0x598443f1880ef585b21f1d7585bd0577402861e5
INFO [10-28|14:46:32] ------in handle VoteMsg, success!------ 
INFO [10-28|14:46:32] case: default, cm.process 
ready: 4 need: 2.6666667
INFO [10-28|14:46:32] ---------------process------------------ 
INFO [10-28|14:46:32] In RM Process                            height=3 round=0
INFO [10-28|14:46:32] --------In rm.propose------- 
INFO [10-28|14:46:32] I am a proposer in                       height=3 round=0
INFO [10-28|14:46:32] ---------------in rm.vote----------------- 
INFO [10-28|14:46:32] in vote in RM                            height=3 round=0
INFO [10-28|14:46:32] vote mp 
INFO [10-28|14:46:32] vote success in                          height=3 round=0
INFO [10-28|14:46:32] Send VoteMsg 
INFO [10-28|14:46:32] in rm.process, check lockset HasQuorum 
INFO [10-28|14:46:32] in HasQuorum 
INFO [10-28|14:46:32] In IsValid() 
len(lockset.Votes): 2 lockset.EligibleVotesNum: 4
INFO [10-28|14:46:32] rm lockset is not valid yet 
INFO [10-28|14:46:32] after cm.process() 
INFO [10-28|14:46:32] Handle BFT Msg,                          msg="msg #17 (107 bytes)"
INFO [10-28|14:46:32] ------Received VoteMsg------ 
voteHR: H: 3 R: 0 voteType:: 1 voteHash: [88 27 92 206 194 248 49 31 254 202 108 74 121 33 56 152 195 124 235 111 44 104 151 52 24 246 174 85 67 197 48 46]
cmHR: H: 3 R: 0
INFO [10-28|14:46:32] --------------------------------------- 
INFO [10-28|14:46:32] addVote to                               height=3 round=0 from=0xdceceaf3fc5c0a63d195d69b1a90011b7b19650d success=true cm.coinbase=0x598443f1880ef585b21f1d7585bd0577402861e5
INFO [10-28|14:46:32] ------in handle VoteMsg, success!------ 
INFO [10-28|14:46:32] received NewBlockMsg! 
INFO [10-28|14:46:32] ***in BFT.VVVVerifyHeader*** 
INFO [10-28|14:46:32] ***in BFT.verifyHeader*** 
INFO [10-28|14:46:32] ***in BFT.verifySeal*** 
INFO [10-28|14:46:32] In verifyVotes 
INFO [10-28|14:46:32] ***in sync.request()*** 
INFO [10-28|14:46:32] case: default, cm.process 
ready: 4 need: 2.6666667
INFO [10-28|14:46:32] ---------------process------------------ 
INFO [10-28|14:46:32] In RM Process                            height=3 round=0
INFO [10-28|14:46:32] --------In rm.propose------- 
INFO [10-28|14:46:32] I am a proposer in                       height=3 round=0
INFO [10-28|14:46:32] ---------------in rm.vote----------------- 
INFO [10-28|14:46:32] voted 
INFO [10-28|14:46:32] in rm.process, check lockset HasQuorum 
INFO [10-28|14:46:32] in HasQuorum 
INFO [10-28|14:46:32] In IsValid() 
len(lockset.Votes): 3 lockset.EligibleVotesNum: 4
INFO [10-28|14:46:32] There is a quorum                        height=3 round=0
INFO [10-28|14:46:32] ============in cm.commitLockset============ 
INFO [10-28|14:46:32] in commitLockset, check ls HasQuorum 
INFO [10-28|14:46:32] in HasQuorum 
INFO [10-28|14:46:32] In IsValid() 
len(lockset.Votes): 3 lockset.EligibleVotesNum: 4
INFO [10-28|14:46:32] cm.found is not nil 
INFO [10-28|14:46:32] store lockset 
INFO [10-28|14:46:32] ---storeLockset--- 
INFO [10-28|14:46:32] after cm.process() 
INFO [10-28|14:46:32] have a consensus on the block 
ConsensusTime, 264848585 , txs, 1599 , blockNum, 3
FinishedConsensus, 1540709192668753000
INFO [10-28|14:46:32] Successfully sealed new block            number=3 hash=581b5c…c5302e
INFO [10-28|14:46:32] === Finished Mine() === 
INFO [10-28|14:46:32] 🔨 mined potential block                  number=3 hash=581b5c…c5302e
INFO [10-28|14:46:32] ---atomic.LoadInt32(&self.mining) == 1 && work.tcount == 0--- 
INFO [10-28|14:46:32] in pool.evenLoop, call pool.resetState 
INFO [10-28|14:46:32] In verifyVotes 
INFO [10-28|14:46:32] in HasQuorum 
INFO [10-28|14:46:32] In IsValid() 
len(lockset.Votes): 3 lockset.EligibleVotesNum: 4
INFO [10-28|14:46:32] ***in BFT.VerifyHeaderSSSS*** 
INFO [10-28|14:46:32] ***in BFT.verifyHeader*** 
INFO [10-28|14:46:32] ***in BFT.verifySeal*** 
INFO [10-28|14:46:32] In verifyVotes 
INFO [10-28|14:46:32] in HasQuorum 
INFO [10-28|14:46:32] In IsValid() 
len(lockset.Votes): 3 lockset.EligibleVotesNum: 4
INFO [10-28|14:46:32] Handle BFT Msg,                          msg="msg #9 (3 bytes)"
INFO [10-28|14:46:32] -------GetLocksetsMsg------- 
GetLockSetsMsg request:  [{3}] from:  6d11b37ef4fc909a
INFO [10-28|14:46:32]  Sending Lockset                         LOG15_ERROR=                                                   LOG15_ERROR="Normalized odd number of arguments by adding nil"
INFO [10-28|14:46:33] Handle BFT Msg,                          msg="msg #17 (107 bytes)"
INFO [10-28|14:46:33] ------Received VoteMsg------ 
voteHR: H: 3 R: 0 voteType:: 1 voteHash: [88 27 92 206 194 248 49 31 254 202 108 74 121 33 56 152 195 124 235 111 44 104 151 52 24 246 174 85 67 197 48 46]
cmHR: H: 4 R: 0
INFO [10-28|14:46:33] --------------------------------------- 
INFO [10-28|14:46:33] addVote to                               height=3 round=0 from=0x7d577a597b2742b498cb5cf0c26cdcd726d39e6e success=true cm.coinbase=0x598443f1880ef585b21f1d7585bd0577402861e5
INFO [10-28|14:46:33] ------in handle VoteMsg, success!------ 
INFO [10-28|14:46:36] Handle BFT Msg,                          msg="msg #11 (173453 bytes)"
INFO [10-28|14:46:36] -------Received NewBlockProposalMsg------- 
INFO [10-28|14:46:36] Handle BFT Msg,                          msg="msg #18 (662 bytes)"
INFO [10-28|14:46:36] ------Received MsigProposalMsg------ 
mpHR: H: 4 R: 0 hash: [3 131 35 88 99 24 155 65 237 172 66 144 44 248 188 173 29 132 229 206 194 219 73 63 4 104 180 49 229 159 169 67]
cmHR: H: 4 R: 0
INFO [10-28|14:46:36] --------------------------------------- 
INFO [10-28|14:46:36] received mp before p, wait for a while 
bpHR: H: 4 R: 0
cmHR: H: 4 R: 0
INFO [10-28|14:46:36] --------------------------------------- 
# collMsig from = Peer d67104e65b61fca1 [eth/63]
cmHR: H: 4 R: 0
this is rm.proposerPeer  Peer d67104e65b61fca1 [eth/63]
INFO [10-28|14:46:36] In IsValid() 
len(lockset.Votes): 0 lockset.EligibleVotesNum: 0
INFO [10-28|14:46:36] cm add BlockProposal                     h=4 r=0
INFO [10-28|14:46:36] in HasQuorum 
INFO [10-28|14:46:36] In IsValid() 
len(lockset.Votes): 4 lockset.EligibleVotesNum: 4
INFO [10-28|14:46:36] In addBlockCandidates!! 
INFO [10-28|14:46:36] -------in handle NewBlockProposalMsg, success!------- 
INFO [10-28|14:46:36] in MsigFinished 
len(mp.Msig.MsigVs): 2 mp.MsigVs: [0 27]
INFO [10-28|14:46:36] ------addmsigproposal success!------- 
INFO [10-28|14:46:36] Handle BFT Msg,                          msg="msg #17 (107 bytes)"
INFO [10-28|14:46:36] ------Received VoteMsg------ 
voteHR: H: 4 R: 0 voteType:: 1 voteHash: [3 131 35 88 99 24 155 65 237 172 66 144 44 248 188 173 29 132 229 206 194 219 73 63 4 104 180 49 229 159 169 67]
cmHR: H: 4 R: 0
INFO [10-28|14:46:36] --------------------------------------- 
INFO [10-28|14:46:36] addVote to                               height=4 round=0 from=0x82a978b3f5962a5b0957d9ee9eef472ee55b42f1 success=true cm.coinbase=0x598443f1880ef585b21f1d7585bd0577402861e5
INFO [10-28|14:46:36] ------in handle VoteMsg, success!------ 
INFO [10-28|14:46:36] Handle BFT Msg,                          msg="msg #17 (107 bytes)"
INFO [10-28|14:46:36] ------Received VoteMsg------ 
voteHR: H: 4 R: 0 voteType:: 1 voteHash: [3 131 35 88 99 24 155 65 237 172 66 144 44 248 188 173 29 132 229 206 194 219 73 63 4 104 180 49 229 159 169 67]
cmHR: H: 4 R: 0
INFO [10-28|14:46:36] --------------------------------------- 
INFO [10-28|14:46:36] addVote to                               height=4 round=0 from=0xdceceaf3fc5c0a63d195d69b1a90011b7b19650d success=true cm.coinbase=0x598443f1880ef585b21f1d7585bd0577402861e5
INFO [10-28|14:46:36] ------in handle VoteMsg, success!------ 
INFO [10-28|14:46:36] Handle BFT Msg,                          msg="msg #17 (106 bytes)"
INFO [10-28|14:46:36] ------Received VoteMsg------ 
voteHR: H: 4 R: 0 voteType:: 1 voteHash: [3 131 35 88 99 24 155 65 237 172 66 144 44 248 188 173 29 132 229 206 194 219 73 63 4 104 180 49 229 159 169 67]
cmHR: H: 4 R: 0
INFO [10-28|14:46:36] --------------------------------------- 
INFO [10-28|14:46:36] addVote to                               height=4 round=0 from=0x7d577a597b2742b498cb5cf0c26cdcd726d39e6e success=true cm.coinbase=0x598443f1880ef585b21f1d7585bd0577402861e5
INFO [10-28|14:46:36] ------in handle VoteMsg, success!------ 
INFO [10-28|14:46:36] received NewBlockMsg! 
INFO [10-28|14:46:37] ***in BFT.VVVVerifyHeader*** 
INFO [10-28|14:46:37] ***in BFT.verifyHeader*** 
INFO [10-28|14:46:37] ***in BFT.verifySeal*** 
INFO [10-28|14:46:37] In verifyVotes 
INFO [10-28|14:46:37] ***in sync.request()*** 
INFO [10-28|14:46:37] received NewBlockMsg! 
INFO [10-28|14:46:37] received NewBlockMsg! 
INFO [10-28|14:46:37] In verifyVotes 
INFO [10-28|14:46:37] ***in sync.request()*** 
INFO [10-28|14:46:37] In verifyVotes 
INFO [10-28|14:46:37] ***in sync.request()*** 
INFO [10-28|14:46:37] Handle BFT Msg,                          msg="msg #10 (327 bytes)"
INFO [10-28|14:46:37] -------Received LocksetMsg------- 
lockset: &{<nil> 0 0 0 4 [0xc4245e9320 0xc4245e9380 0xc4245e93e0] false}
INFO [10-28|14:46:37] in HasQuorum 
INFO [10-28|14:46:37] In IsValid() 
len(lockset.Votes): 3 lockset.EligibleVotesNum: 4
INFO [10-28|14:46:37] ---storeLockset--- 
INFO [10-28|14:46:37] In verifyVotes 
INFO [10-28|14:46:37] in HasQuorum 
INFO [10-28|14:46:37] In IsValid() 
len(lockset.Votes): 3 lockset.EligibleVotesNum: 4
INFO [10-28|14:46:37] ***in BFT.VerifyHeaderSSSS*** 
INFO [10-28|14:46:37] ***in BFT.verifyHeader*** 
INFO [10-28|14:46:37] ***in BFT.verifySeal*** 
INFO [10-28|14:46:37] In verifyVotes 
INFO [10-28|14:46:37] in HasQuorum 
INFO [10-28|14:46:37] In IsValid() 
len(lockset.Votes): 3 lockset.EligibleVotesNum: 4
INFO [10-28|14:46:38] Commit new mining work                   number=4 txs=1600 uncles=0 elapsed=3.237s
INFO [10-28|14:46:38] Sealing                                  block n=4
StartConsensus, 1540709198958623000
INFO [10-28|14:46:38] Start Process 
INFO [10-28|14:46:38] in cm.Process, check lastCommittingLockset() 
INFO [10-28|14:46:38] In IsValid() 
len(lockset.Votes): 4 lockset.EligibleVotesNum: 4
INFO [10-28|14:46:38] in HasQuorum 
INFO [10-28|14:46:38] In IsValid() 
len(lockset.Votes): 4 lockset.EligibleVotesNum: 4
=====CM.COINBASE IS:===== [89 132 67 241 136 14 245 133 178 31 29 117 133 189 5 119 64 40 97 229] block number is: 4
INFO [10-28|14:46:38] case: default, cm.process 
ready: 4 need: 2.6666667
INFO [10-28|14:46:38] ---------------process------------------ 
INFO [10-28|14:46:38] In RM Process                            height=4 round=0
INFO [10-28|14:46:38] --------In rm.propose------- 
INFO [10-28|14:46:38] ---------------in rm.vote----------------- 
INFO [10-28|14:46:38] in vote in RM                            height=4 round=0
INFO [10-28|14:46:38] vote mp 
INFO [10-28|14:46:38] vote success in                          height=4 round=0
INFO [10-28|14:46:38] Send VoteMsg 
INFO [10-28|14:46:38] in rm.process, check lockset HasQuorum 
INFO [10-28|14:46:38] in HasQuorum 
INFO [10-28|14:46:38] In IsValid() 
len(lockset.Votes): 4 lockset.EligibleVotesNum: 4
INFO [10-28|14:46:38] There is a quorum                        height=4 round=0
--- in rm.process p.id: --- Peer d67104e65b61fca1 [eth/63]
INFO [10-28|14:46:38] ============in cm.commitLockset============ 
INFO [10-28|14:46:38] in commitLockset, check ls HasQuorum 
INFO [10-28|14:46:38] in HasQuorum 
INFO [10-28|14:46:38] In IsValid() 
len(lockset.Votes): 4 lockset.EligibleVotesNum: 4
INFO [10-28|14:46:38] cm.found is not nil 
INFO [10-28|14:46:38] store lockset 
peerid: d67104e65b61fca1
INFO [10-28|14:46:38] ---storeLockset--- 
INFO [10-28|14:46:38] after cm.process() 
cmH 4
INFO [10-28|14:46:38] in validatorCommit1 
pid: d67104e65b61fca1
block number 4
-------in NewBFTValidatorBlock-------
INFO [10-28|14:46:38] in validatorCommit2 
validatorCommit time: 92.696µs
INFO [10-28|14:46:38] **in eth.handler**, get result from ch 
INFO [10-28|14:46:38] have a consensus on the block 
INFO [10-28|14:46:38] result.Header().Coinbase != b.signer 
result.Header().Coinbase: [130 169 120 179 245 150 42 91 9 87 217 238 158 239 71 46 229 91 66 241] b.signer: [89 132 67 241 136 14 245 133 178 31 29 117 133 189 5 119 64 40 97 229]
ConsensusTime, 2585103 , txs, 1600 , blockNum, 4
FinishedConsensus, 1540709198961202000
INFO [10-28|14:46:38] result is nil 
INFO [10-28|14:46:38] === Finished Mine() === 
INFO [10-28|14:46:39] Imported new chain segment               blocks=1 txs=1600 mgas=33.600 elapsed=2.281s    mgasps=14.724 number=4 hash=038323…9fa943
FinishedPostExec, 1540709199898632000 , txs, 1600
PostExecTime, 2.281937647s
INFO [10-28|14:46:39] in pool.evenLoop, call pool.resetState 
INFO [10-28|14:46:42] Handle BFT Msg,                          msg="msg #18 (659 bytes)"
INFO [10-28|14:46:42] ------Received MsigProposalMsg------ 
mpHR: H: 5 R: 0 hash: [18 217 237 179 117 12 187 59 224 192 21 196 201 167 56 249 114 22 222 80 167 47 110 115 142 22 41 139 84 155 52 139]
cmHR: H: 5 R: 0
INFO [10-28|14:46:42] --------------------------------------- 
INFO [10-28|14:46:42] received mp before p, wait for a while 
INFO [10-28|14:46:42] Handle BFT Msg,                          msg="msg #11 (173949 bytes)"
INFO [10-28|14:46:42] -------Received NewBlockProposalMsg------- 
bpHR: H: 5 R: 0
cmHR: H: 5 R: 0
INFO [10-28|14:46:42] --------------------------------------- 
# collMsig from = Peer 6d11b37ef4fc909a [eth/63]
cmHR: H: 5 R: 0
this is rm.proposerPeer  Peer 6d11b37ef4fc909a [eth/63]
INFO [10-28|14:46:42] In IsValid() 
len(lockset.Votes): 0 lockset.EligibleVotesNum: 0
INFO [10-28|14:46:42] cm add BlockProposal                     h=5 r=0
INFO [10-28|14:46:42] in HasQuorum 
INFO [10-28|14:46:42] In IsValid() 
len(lockset.Votes): 4 lockset.EligibleVotesNum: 4
INFO [10-28|14:46:42] In addBlockCandidates!! 
INFO [10-28|14:46:42] -------in handle NewBlockProposalMsg, success!------- 
INFO [10-28|14:46:42] Handle BFT Msg,                          msg="msg #17 (107 bytes)"
INFO [10-28|14:46:42] ------Received VoteMsg------ 
voteHR: H: 5 R: 0 voteType:: 1 voteHash: [18 217 237 179 117 12 187 59 224 192 21 196 201 167 56 249 114 22 222 80 167 47 110 115 142 22 41 139 84 155 52 139]
cmHR: H: 5 R: 0
INFO [10-28|14:46:42] --------------------------------------- 
INFO [10-28|14:46:42] addVote to                               height=5 round=0 from=0x82a978b3f5962a5b0957d9ee9eef472ee55b42f1 success=true cm.coinbase=0x598443f1880ef585b21f1d7585bd0577402861e5
INFO [10-28|14:46:42] ------in handle VoteMsg, success!------ 
INFO [10-28|14:46:42] in MsigFinished 
len(mp.Msig.MsigVs): 2 mp.MsigVs: [0 27]
INFO [10-28|14:46:42] ------addmsigproposal success!------- 
INFO [10-28|14:46:42] Handle BFT Msg,                          msg="msg #17 (107 bytes)"
INFO [10-28|14:46:42] ------Received VoteMsg------ 
voteHR: H: 5 R: 0 voteType:: 1 voteHash: [18 217 237 179 117 12 187 59 224 192 21 196 201 167 56 249 114 22 222 80 167 47 110 115 142 22 41 139 84 155 52 139]
cmHR: H: 5 R: 0
INFO [10-28|14:46:42] --------------------------------------- 
INFO [10-28|14:46:42] addVote to                               height=5 round=0 from=0xdceceaf3fc5c0a63d195d69b1a90011b7b19650d success=true cm.coinbase=0x598443f1880ef585b21f1d7585bd0577402861e5
INFO [10-28|14:46:42] ------in handle VoteMsg, success!------ 
INFO [10-28|14:46:42] Handle BFT Msg,                          msg="msg #17 (107 bytes)"
INFO [10-28|14:46:42] ------Received VoteMsg------ 
voteHR: H: 5 R: 0 voteType:: 1 voteHash: [18 217 237 179 117 12 187 59 224 192 21 196 201 167 56 249 114 22 222 80 167 47 110 115 142 22 41 139 84 155 52 139]
cmHR: H: 5 R: 0
INFO [10-28|14:46:42] --------------------------------------- 
INFO [10-28|14:46:42] addVote to                               height=5 round=0 from=0x7d577a597b2742b498cb5cf0c26cdcd726d39e6e success=true cm.coinbase=0x598443f1880ef585b21f1d7585bd0577402861e5
INFO [10-28|14:46:42] ------in handle VoteMsg, success!------ 
INFO [10-28|14:46:42] received NewBlockMsg! 
INFO [10-28|14:46:42] ***in BFT.VVVVerifyHeader*** 
INFO [10-28|14:46:42] ***in BFT.verifyHeader*** 
INFO [10-28|14:46:42] ***in BFT.verifySeal*** 
INFO [10-28|14:46:42] In verifyVotes 
INFO [10-28|14:46:42] ***in sync.request()*** 
INFO [10-28|14:46:42] received NewBlockMsg! 
INFO [10-28|14:46:42] Handle BFT Msg,                          msg="msg #10 (328 bytes)"
INFO [10-28|14:46:42] -------Received LocksetMsg------- 
lockset: &{<nil> 0 0 0 4 [0xc42605c360 0xc42605c3c0 0xc42605c420] false}
INFO [10-28|14:46:42] in HasQuorum 
INFO [10-28|14:46:42] In IsValid() 
len(lockset.Votes): 3 lockset.EligibleVotesNum: 4
INFO [10-28|14:46:42] ---storeLockset--- 
INFO [10-28|14:46:43] In verifyVotes 
INFO [10-28|14:46:43] in HasQuorum 
INFO [10-28|14:46:43] In IsValid() 
len(lockset.Votes): 3 lockset.EligibleVotesNum: 4
INFO [10-28|14:46:43] ***in BFT.VerifyHeaderSSSS*** 
INFO [10-28|14:46:43] ***in BFT.verifyHeader*** 
INFO [10-28|14:46:43] ***in BFT.verifySeal*** 
INFO [10-28|14:46:43] In verifyVotes 
INFO [10-28|14:46:43] in HasQuorum 
INFO [10-28|14:46:43] In IsValid() 
len(lockset.Votes): 3 lockset.EligibleVotesNum: 4
INFO [10-28|14:46:43] Commit new mining work                   number=5 txs=1601 uncles=0 elapsed=3.395s
INFO [10-28|14:46:43] Sealing                                  block n=5
StartConsensus, 1540709203294536000
INFO [10-28|14:46:43] Start Process 
INFO [10-28|14:46:43] in cm.Process, check lastCommittingLockset() 
INFO [10-28|14:46:43] In IsValid() 
len(lockset.Votes): 4 lockset.EligibleVotesNum: 4
INFO [10-28|14:46:43] in HasQuorum 
INFO [10-28|14:46:43] In IsValid() 
len(lockset.Votes): 4 lockset.EligibleVotesNum: 4
=====CM.COINBASE IS:===== [89 132 67 241 136 14 245 133 178 31 29 117 133 189 5 119 64 40 97 229] block number is: 5
INFO [10-28|14:46:43] case: default, cm.process 
ready: 4 need: 2.6666667
INFO [10-28|14:46:43] ---------------process------------------ 
INFO [10-28|14:46:43] In RM Process                            height=5 round=0
INFO [10-28|14:46:43] --------In rm.propose------- 
INFO [10-28|14:46:43] ---------------in rm.vote----------------- 
INFO [10-28|14:46:43] in vote in RM                            height=5 round=0
INFO [10-28|14:46:43] vote mp 
INFO [10-28|14:46:43] vote success in                          height=5 round=0
INFO [10-28|14:46:43] Send VoteMsg 
INFO [10-28|14:46:43] in rm.process, check lockset HasQuorum 
INFO [10-28|14:46:43] in HasQuorum 
INFO [10-28|14:46:43] In IsValid() 
len(lockset.Votes): 4 lockset.EligibleVotesNum: 4
INFO [10-28|14:46:43] There is a quorum                        height=5 round=0
--- in rm.process p.id: --- Peer 6d11b37ef4fc909a [eth/63]
INFO [10-28|14:46:43] ============in cm.commitLockset============ 
INFO [10-28|14:46:43] in commitLockset, check ls HasQuorum 
INFO [10-28|14:46:43] in HasQuorum 
INFO [10-28|14:46:43] In IsValid() 
len(lockset.Votes): 4 lockset.EligibleVotesNum: 4
INFO [10-28|14:46:43] cm.found is not nil 
INFO [10-28|14:46:43] store lockset 
INFO [10-28|14:46:43] have a consensus on the block 
INFO [10-28|14:46:43] result.Header().Coinbase != b.signer 
result.Header().Coinbase: [125 87 122 89 123 39 66 180 152 203 92 240 194 108 220 215 38 211 158 110] b.signer: [89 132 67 241 136 14 245 133 178 31 29 117 133 189 5 119 64 40 97 229]
ConsensusTime, 22292535 , txs, 1601 , blockNum, 5
FinishedConsensus, 1540709203316839000
INFO [10-28|14:46:43] result is nil 
peerid: 6d11b37ef4fc909a
INFO [10-28|14:46:43] === Finished Mine() === 
INFO [10-28|14:46:43] ---storeLockset--- 
cmH 5
INFO [10-28|14:46:43] in validatorCommit1 
pid: 6d11b37ef4fc909a
block number 5
-------in NewBFTValidatorBlock-------
INFO [10-28|14:46:43] in validatorCommit2 
validatorCommit time: 101.659µs
INFO [10-28|14:46:43] **in eth.handler**, get result from ch 
INFO [10-28|14:46:43] after cm.process() 
INFO [10-28|14:46:44] Imported new chain segment               blocks=1 txs=1601 mgas=33.621 elapsed=1.766s    mgasps=19.032 number=5 hash=12d9ed…9b348b
FinishedPostExec, 1540709204788086000 , txs, 1601
PostExecTime, 1.766531406s
INFO [10-28|14:46:44] in pool.evenLoop, call pool.resetState 
INFO [10-28|14:46:47] Commit new mining work                   number=6 txs=1602 uncles=0 elapsed=2.419s
INFO [10-28|14:46:47] Sealing                                  block n=6
StartConsensus, 1540709207208058000
INFO [10-28|14:46:47] Start Process 
INFO [10-28|14:46:47] in cm.Process, check lastCommittingLockset() 
INFO [10-28|14:46:47] In IsValid() 
len(lockset.Votes): 4 lockset.EligibleVotesNum: 4
INFO [10-28|14:46:47] in HasQuorum 
INFO [10-28|14:46:47] In IsValid() 
len(lockset.Votes): 4 lockset.EligibleVotesNum: 4
=====CM.COINBASE IS:===== [89 132 67 241 136 14 245 133 178 31 29 117 133 189 5 119 64 40 97 229] block number is: 6
INFO [10-28|14:46:47] case: default, cm.process 
ready: 4 need: 2.6666667
INFO [10-28|14:46:47] ---------------process------------------ 
INFO [10-28|14:46:47] In RM Process                            height=6 round=0
INFO [10-28|14:46:47] --------In rm.propose------- 
INFO [10-28|14:46:47] ---------------in rm.vote----------------- 
INFO [10-28|14:46:47] in vote in RM                            height=6 round=0
INFO [10-28|14:46:47] Timeout time not reach, curr vs timeout: curr=1540709207.000 timeout=1540709212.000
INFO [10-28|14:46:47] in rm.process, check lockset HasQuorum 
INFO [10-28|14:46:47] in HasQuorum 
INFO [10-28|14:46:47] In IsValid() 
len(lockset.Votes): 0 lockset.EligibleVotesNum: 4
INFO [10-28|14:46:47] rm lockset is not valid yet 
INFO [10-28|14:46:47] after cm.process() 
INFO [10-28|14:46:47] Handle BFT Msg,                          msg="msg #11 (174050 bytes)"
INFO [10-28|14:46:47] -------Received NewBlockProposalMsg------- 
bpHR: H: 6 R: 0
cmHR: H: 6 R: 0
INFO [10-28|14:46:47] --------------------------------------- 
# collMsig from = Peer 94dd98401cf6ca04 [eth/63]
cmHR: H: 6 R: 0
this is rm.proposerPeer  Peer 94dd98401cf6ca04 [eth/63]
INFO [10-28|14:46:47] In IsValid() 
len(lockset.Votes): 0 lockset.EligibleVotesNum: 0
INFO [10-28|14:46:47] cm add BlockProposal                     h=6 r=0
INFO [10-28|14:46:47] in HasQuorum 
INFO [10-28|14:46:47] In IsValid() 
len(lockset.Votes): 4 lockset.EligibleVotesNum: 4
INFO [10-28|14:46:47] in collectMsig, i am msig proposer 
INFO [10-28|14:46:47] in bfthandler Send MsigProposalMsg 
INFO [10-28|14:46:47] Sending MsigProposalMsg 
INFO [10-28|14:46:47] Sending MsigProposalMsg 
INFO [10-28|14:46:47] Sending MsigProposalMsg 
INFO [10-28|14:46:47] Return MsigProposalMsg to                LOG15_ERROR=                                                   LOG15_ERROR="Normalized odd number of arguments by adding nil"
INFO [10-28|14:46:47] Sending MsigProposalMsg 
in cm.collectMsig, mp.MsigVs: [<nil> 27]
INFO [10-28|14:46:47] In addBlockCandidates!! 
INFO [10-28|14:46:47] -------in handle NewBlockProposalMsg, success!------- 
INFO [10-28|14:46:47] case: default, cm.process 
ready: 4 need: 2.6666667
INFO [10-28|14:46:47] ---------------process------------------ 
INFO [10-28|14:46:47] In RM Process                            height=6 round=0
INFO [10-28|14:46:47] --------In rm.propose------- 
INFO [10-28|14:46:47] ---------------in rm.vote----------------- 
INFO [10-28|14:46:47] in vote in RM                            height=6 round=0
INFO [10-28|14:46:47] vote mp 
INFO [10-28|14:46:47] vote success in                          height=6 round=0
INFO [10-28|14:46:47] Send VoteMsg 
INFO [10-28|14:46:47] in rm.process, check lockset HasQuorum 
INFO [10-28|14:46:47] in HasQuorum 
INFO [10-28|14:46:47] In IsValid() 
len(lockset.Votes): 1 lockset.EligibleVotesNum: 4
INFO [10-28|14:46:47] rm lockset is not valid yet 
INFO [10-28|14:46:47] after cm.process() 
INFO [10-28|14:46:47] Handle BFT Msg,                          msg="msg #17 (107 bytes)"
INFO [10-28|14:46:47] ------Received VoteMsg------ 
voteHR: H: 6 R: 0 voteType:: 1 voteHash: [182 105 72 43 163 199 63 154 218 93 85 66 10 45 105 28 140 73 51 242 30 178 47 173 194 196 228 90 197 80 120 133]
cmHR: H: 6 R: 0
INFO [10-28|14:46:47] --------------------------------------- 
INFO [10-28|14:46:47] addVote to                               height=6 round=0 from=0xdceceaf3fc5c0a63d195d69b1a90011b7b19650d success=true cm.coinbase=0x598443f1880ef585b21f1d7585bd0577402861e5
INFO [10-28|14:46:47] ------in handle VoteMsg, success!------ 
INFO [10-28|14:46:47] case: default, cm.process 
ready: 4 need: 2.6666667
INFO [10-28|14:46:47] ---------------process------------------ 
INFO [10-28|14:46:47] In RM Process                            height=6 round=0
INFO [10-28|14:46:47] --------In rm.propose------- 
INFO [10-28|14:46:47] ---------------in rm.vote----------------- 
INFO [10-28|14:46:47] voted 
INFO [10-28|14:46:47] in rm.process, check lockset HasQuorum 
INFO [10-28|14:46:47] in HasQuorum 
INFO [10-28|14:46:47] In IsValid() 
len(lockset.Votes): 2 lockset.EligibleVotesNum: 4
INFO [10-28|14:46:47] rm lockset is not valid yet 
INFO [10-28|14:46:47] after cm.process() 
INFO [10-28|14:46:47] Handle BFT Msg,                          msg="msg #17 (107 bytes)"
INFO [10-28|14:46:47] ------Received VoteMsg------ 
voteHR: H: 6 R: 0 voteType:: 1 voteHash: [182 105 72 43 163 199 63 154 218 93 85 66 10 45 105 28 140 73 51 242 30 178 47 173 194 196 228 90 197 80 120 133]
cmHR: H: 6 R: 0
INFO [10-28|14:46:47] --------------------------------------- 
INFO [10-28|14:46:47] addVote to                               height=6 round=0 from=0x7d577a597b2742b498cb5cf0c26cdcd726d39e6e success=true cm.coinbase=0x598443f1880ef585b21f1d7585bd0577402861e5
INFO [10-28|14:46:47] ------in handle VoteMsg, success!------ 
INFO [10-28|14:46:47] received NewBlockMsg! 
INFO [10-28|14:46:47] Handle BFT Msg,                          msg="msg #17 (107 bytes)"
INFO [10-28|14:46:47] ------Received VoteMsg------ 
voteHR: H: 6 R: 0 voteType:: 1 voteHash: [182 105 72 43 163 199 63 154 218 93 85 66 10 45 105 28 140 73 51 242 30 178 47 173 194 196 228 90 197 80 120 133]
cmHR: H: 6 R: 0
INFO [10-28|14:46:47] --------------------------------------- 
INFO [10-28|14:46:47] addVote to                               height=6 round=0 from=0x82a978b3f5962a5b0957d9ee9eef472ee55b42f1 success=true cm.coinbase=0x598443f1880ef585b21f1d7585bd0577402861e5
INFO [10-28|14:46:47] ------in handle VoteMsg, success!------ 
INFO [10-28|14:46:47] ***in BFT.VVVVerifyHeader*** 
INFO [10-28|14:46:47] ***in BFT.verifyHeader*** 
INFO [10-28|14:46:47] ***in BFT.verifySeal*** 
INFO [10-28|14:46:47] In verifyVotes 
INFO [10-28|14:46:47] ***in sync.request()*** 
INFO [10-28|14:46:47] case: default, cm.process 
ready: 4 need: 2.6666667
INFO [10-28|14:46:47] ---------------process------------------ 
INFO [10-28|14:46:47] In RM Process                            height=6 round=0
INFO [10-28|14:46:47] --------In rm.propose------- 
INFO [10-28|14:46:47] ---------------in rm.vote----------------- 
INFO [10-28|14:46:47] voted 
INFO [10-28|14:46:47] in rm.process, check lockset HasQuorum 
INFO [10-28|14:46:47] in HasQuorum 
INFO [10-28|14:46:47] In IsValid() 
len(lockset.Votes): 4 lockset.EligibleVotesNum: 4
INFO [10-28|14:46:47] There is a quorum                        height=6 round=0
--- in rm.process p.id: --- Peer 94dd98401cf6ca04 [eth/63]
INFO [10-28|14:46:47] ============in cm.commitLockset============ 
INFO [10-28|14:46:47] in commitLockset, check ls HasQuorum 
INFO [10-28|14:46:47] in HasQuorum 
INFO [10-28|14:46:47] In IsValid() 
len(lockset.Votes): 4 lockset.EligibleVotesNum: 4
INFO [10-28|14:46:47] cm.found is not nil 
INFO [10-28|14:46:47] store lockset 
peerid: 94dd98401cf6ca04
INFO [10-28|14:46:47] ---storeLockset--- 
INFO [10-28|14:46:47] after cm.process() 
cmH 6
INFO [10-28|14:46:47] in validatorCommit1 
pid: 94dd98401cf6ca04
block number 6
-------in NewBFTValidatorBlock-------
INFO [10-28|14:46:47] in validatorCommit2 
validatorCommit time: 81.717µs
INFO [10-28|14:46:47] **in eth.handler**, get result from ch 
INFO [10-28|14:46:47] have a consensus on the block 
INFO [10-28|14:46:47] result.Header().Coinbase != b.signer 
result.Header().Coinbase: [220 236 234 243 252 92 10 99 209 149 214 155 26 144 1 27 123 25 101 13] b.signer: [89 132 67 241 136 14 245 133 178 31 29 117 133 189 5 119 64 40 97 229]
ConsensusTime, 312894570 , txs, 1602 , blockNum, 6
FinishedConsensus, 1540709207520936000
INFO [10-28|14:46:47] result is nil 
INFO [10-28|14:46:47] === Finished Mine() === 
INFO [10-28|14:46:47] received NewBlockMsg! 
INFO [10-28|14:46:47] In verifyVotes 
INFO [10-28|14:46:47] in HasQuorum 
INFO [10-28|14:46:47] In IsValid() 
len(lockset.Votes): 4 lockset.EligibleVotesNum: 4
INFO [10-28|14:46:47] ***in BFT.VerifyHeaderSSSS*** 
INFO [10-28|14:46:47] ***in BFT.verifyHeader*** 
INFO [10-28|14:46:47] ***in BFT.verifySeal*** 
INFO [10-28|14:46:47] In verifyVotes 
INFO [10-28|14:46:47] in HasQuorum 
INFO [10-28|14:46:47] In IsValid() 
len(lockset.Votes): 4 lockset.EligibleVotesNum: 4
INFO [10-28|14:46:49] Imported new chain segment               blocks=1 txs=1602 mgas=33.642 elapsed=1.946s    mgasps=17.281 number=6 hash=b66948…507885
FinishedPostExec, 1540709209594619000 , txs, 1602
PostExecTime, 1.946802598s
INFO [10-28|14:46:49] in pool.evenLoop, call pool.resetState 
INFO [10-28|14:46:51] Commit new mining work                   number=7 txs=1603 uncles=0 elapsed=2.356s
INFO [10-28|14:46:51] Sealing                                  block n=7
StartConsensus, 1540709211951492000
INFO [10-28|14:46:51] Start Process 
INFO [10-28|14:46:51] in cm.Process, check lastCommittingLockset() 
INFO [10-28|14:46:51] In IsValid() 
len(lockset.Votes): 4 lockset.EligibleVotesNum: 4
INFO [10-28|14:46:51] in HasQuorum 
INFO [10-28|14:46:51] In IsValid() 
len(lockset.Votes): 4 lockset.EligibleVotesNum: 4
=====CM.COINBASE IS:===== [89 132 67 241 136 14 245 133 178 31 29 117 133 189 5 119 64 40 97 229] block number is: 7
INFO [10-28|14:46:51] case: default, cm.process 
ready: 4 need: 2.6666667
INFO [10-28|14:46:51] ---------------process------------------ 
INFO [10-28|14:46:51] In RM Process                            height=7 round=0
INFO [10-28|14:46:51] --------In rm.propose------- 
INFO [10-28|14:46:51] I am a proposer in                       height=7 round=0
INFO [10-28|14:46:51] in propose, check lastRoundLockset 
lastRoundLockset, hm.activeround: 0
INFO [10-28|14:46:51] ------in mkProposal------ 
INFO [10-28|14:46:51] In IsValid() 
len(lockset.Votes): 4 lockset.EligibleVotesNum: 4
INFO [10-28|14:46:51] in HasQuorum 
INFO [10-28|14:46:51] In IsValid() 
len(lockset.Votes): 4 lockset.EligibleVotesNum: 4
INFO [10-28|14:46:51] LockSet(R-1) is nil (rm.round should equal to zero) 
INFO [10-28|14:46:51] in HasQuorum 
INFO [10-28|14:46:51] In IsValid() 
len(lockset.Votes): 4 lockset.EligibleVotesNum: 4
INFO [10-28|14:46:51] in HasQuorum 
INFO [10-28|14:46:51] In IsValid() 
len(lockset.Votes): 4 lockset.EligibleVotesNum: 4
Create block blockhash :  [42 102 4 194 31 131 66 229 162 168 174 221 122 98 219 17 142 159 181 50 148 88 243 41 203 39 176 120 58 53 104 195]
INFO [10-28|14:46:51] In addBlockCandidates!! 
INFO [10-28|14:46:51] Send NewBlockProposalMsg:                LOG15_ERROR=                                                   LOG15_ERROR="Normalized odd number of arguments by adding nil"
INFO [10-28|14:46:52] ---------------in rm.vote----------------- 
INFO [10-28|14:46:52] in vote in RM                            height=7 round=0
INFO [10-28|14:46:52] Timeout time not reach, curr vs timeout: curr=1540709212.000 timeout=1540709216.000
INFO [10-28|14:46:52] in rm.process, check lockset HasQuorum 
INFO [10-28|14:46:52] in HasQuorum 
INFO [10-28|14:46:52] In IsValid() 
len(lockset.Votes): 0 lockset.EligibleVotesNum: 4
INFO [10-28|14:46:52] rm lockset is not valid yet 
INFO [10-28|14:46:52] after cm.process() 
INFO [10-28|14:46:52] Handle BFT Msg,                          msg="msg #18 (662 bytes)"
INFO [10-28|14:46:52] ------Received MsigProposalMsg------ 
mpHR: H: 7 R: 0 hash: [42 102 4 194 31 131 66 229 162 168 174 221 122 98 219 17 142 159 181 50 148 88 243 41 203 39 176 120 58 53 104 195]
cmHR: H: 7 R: 0
INFO [10-28|14:46:52] --------------------------------------- 
INFO [10-28|14:46:52] in MsigFinished 
len(mp.Msig.MsigVs): 2 mp.MsigVs: [0 28]
INFO [10-28|14:46:52] ------addmsigproposal success!------- 
INFO [10-28|14:46:52] Handle BFT Msg,                          msg="msg #18 (662 bytes)"
INFO [10-28|14:46:52] ------Received MsigProposalMsg------ 
mpHR: H: 7 R: 0 hash: [42 102 4 194 31 131 66 229 162 168 174 221 122 98 219 17 142 159 181 50 148 88 243 41 203 39 176 120 58 53 104 195]
cmHR: H: 7 R: 0
INFO [10-28|14:46:52] --------------------------------------- 
INFO [10-28|14:46:52] in MsigFinished 
len(mp.Msig.MsigVs): 2 mp.MsigVs: [0 28]
INFO [10-28|14:46:52] ------addmsigproposal success!------- 
INFO [10-28|14:46:52] Handle BFT Msg,                          msg="msg #17 (107 bytes)"
INFO [10-28|14:46:52] ------Received VoteMsg------ 
voteHR: H: 7 R: 0 voteType:: 1 voteHash: [42 102 4 194 31 131 66 229 162 168 174 221 122 98 219 17 142 159 181 50 148 88 243 41 203 39 176 120 58 53 104 195]
cmHR: H: 7 R: 0
INFO [10-28|14:46:52] --------------------------------------- 
INFO [10-28|14:46:52] addVote to                               height=7 round=0 from=0x7d577a597b2742b498cb5cf0c26cdcd726d39e6e success=true cm.coinbase=0x598443f1880ef585b21f1d7585bd0577402861e5
INFO [10-28|14:46:52] ------in handle VoteMsg, success!------ 
INFO [10-28|14:46:52] case: default, cm.process 
ready: 4 need: 2.6666667
INFO [10-28|14:46:52] ---------------process------------------ 
INFO [10-28|14:46:52] In RM Process                            height=7 round=0
INFO [10-28|14:46:52] --------In rm.propose------- 
INFO [10-28|14:46:52] I am a proposer in                       height=7 round=0
INFO [10-28|14:46:52] ---------------in rm.vote----------------- 
INFO [10-28|14:46:52] in vote in RM                            height=7 round=0
INFO [10-28|14:46:52] vote mp 
INFO [10-28|14:46:52] vote success in                          height=7 round=0
INFO [10-28|14:46:52] Send VoteMsg 
INFO [10-28|14:46:52] in rm.process, check lockset HasQuorum 
INFO [10-28|14:46:52] in HasQuorum 
INFO [10-28|14:46:52] In IsValid() 
len(lockset.Votes): 2 lockset.EligibleVotesNum: 4
INFO [10-28|14:46:52] rm lockset is not valid yet 
INFO [10-28|14:46:52] after cm.process() 
INFO [10-28|14:46:52] Handle BFT Msg,                          msg="msg #17 (107 bytes)"
INFO [10-28|14:46:52] ------Received VoteMsg------ 
voteHR: H: 7 R: 0 voteType:: 1 voteHash: [42 102 4 194 31 131 66 229 162 168 174 221 122 98 219 17 142 159 181 50 148 88 243 41 203 39 176 120 58 53 104 195]
cmHR: H: 7 R: 0
INFO [10-28|14:46:52] --------------------------------------- 
INFO [10-28|14:46:52] addVote to                               height=7 round=0 from=0x82a978b3f5962a5b0957d9ee9eef472ee55b42f1 success=true cm.coinbase=0x598443f1880ef585b21f1d7585bd0577402861e5
INFO [10-28|14:46:52] ------in handle VoteMsg, success!------ 
INFO [10-28|14:46:52] Handle BFT Msg,                          msg="msg #17 (107 bytes)"
INFO [10-28|14:46:52] ------Received VoteMsg------ 
voteHR: H: 7 R: 0 voteType:: 1 voteHash: [42 102 4 194 31 131 66 229 162 168 174 221 122 98 219 17 142 159 181 50 148 88 243 41 203 39 176 120 58 53 104 195]
cmHR: H: 7 R: 0
INFO [10-28|14:46:52] --------------------------------------- 
INFO [10-28|14:46:52] addVote to                               height=7 round=0 from=0xdceceaf3fc5c0a63d195d69b1a90011b7b19650d success=true cm.coinbase=0x598443f1880ef585b21f1d7585bd0577402861e5
INFO [10-28|14:46:52] ------in handle VoteMsg, success!------ 
INFO [10-28|14:46:52] received NewBlockMsg! 
INFO [10-28|14:46:52] ***in BFT.VVVVerifyHeader*** 
INFO [10-28|14:46:52] ***in BFT.verifyHeader*** 
INFO [10-28|14:46:52] ***in BFT.verifySeal*** 
INFO [10-28|14:46:52] In verifyVotes 
INFO [10-28|14:46:52] ***in sync.request()*** 
INFO [10-28|14:46:52] received NewBlockMsg! 
INFO [10-28|14:46:52] case: default, cm.process 
ready: 4 need: 2.6666667
INFO [10-28|14:46:52] ---------------process------------------ 
INFO [10-28|14:46:52] In RM Process                            height=7 round=0
INFO [10-28|14:46:52] --------In rm.propose------- 
INFO [10-28|14:46:52] I am a proposer in                       height=7 round=0
INFO [10-28|14:46:52] ---------------in rm.vote----------------- 
INFO [10-28|14:46:52] voted 
INFO [10-28|14:46:52] in rm.process, check lockset HasQuorum 
INFO [10-28|14:46:52] in HasQuorum 
INFO [10-28|14:46:52] In IsValid() 
len(lockset.Votes): 4 lockset.EligibleVotesNum: 4
INFO [10-28|14:46:52] There is a quorum                        height=7 round=0
INFO [10-28|14:46:52] ============in cm.commitLockset============ 
INFO [10-28|14:46:52] in commitLockset, check ls HasQuorum 
INFO [10-28|14:46:52] in HasQuorum 
INFO [10-28|14:46:52] In IsValid() 
len(lockset.Votes): 4 lockset.EligibleVotesNum: 4
INFO [10-28|14:46:52] cm.found is not nil 
INFO [10-28|14:46:52] store lockset 
INFO [10-28|14:46:52] ---storeLockset--- 
INFO [10-28|14:46:52] after cm.process() 
INFO [10-28|14:46:52] have a consensus on the block 
ConsensusTime, 264837747 , txs, 1603 , blockNum, 7
FinishedConsensus, 1540709212216252000
INFO [10-28|14:46:52] Successfully sealed new block            number=7 hash=2a6604…3568c3
INFO [10-28|14:46:52] === Finished Mine() === 
INFO [10-28|14:46:52] 🔨 mined potential block                  number=7 hash=2a6604…3568c3
INFO [10-28|14:46:52] in pool.evenLoop, call pool.resetState 
INFO [10-28|14:46:52] In verifyVotes 
INFO [10-28|14:46:52] in HasQuorum 
INFO [10-28|14:46:52] In IsValid() 
len(lockset.Votes): 4 lockset.EligibleVotesNum: 4
INFO [10-28|14:46:52] ***in BFT.VerifyHeaderSSSS*** 
INFO [10-28|14:46:52] ***in BFT.verifyHeader*** 
INFO [10-28|14:46:52] ***in BFT.verifySeal*** 
INFO [10-28|14:46:52] In verifyVotes 
INFO [10-28|14:46:52] in HasQuorum 
INFO [10-28|14:46:52] In IsValid() 
len(lockset.Votes): 4 lockset.EligibleVotesNum: 4
./node4.sh: line 16: 18809 Terminated: 15          ../build/bin/geth --networkid 2234 --port 30306 --rpcport 8548 --datadir "data/node4" --nodiscover --rpc --rpccorsdomain "*" --rpcapi "eth,net,web3,debug" --bft --allow-empty --num-validators 4 --node-num 3
