INFO [11-06|12:38:20] Starting peer-to-peer node               instance=Geth/v1.6.7-unstable-26bb12f0/darwin-amd64/go1.9.7
INFO [11-06|12:38:20] Allocated cache and file handles         database=/Users/sujianwei20/new_misgcode/go_ethereum_cosi/examples/data/node1/geth/chaindata cache=128 handles=1024
WARN [11-06|12:38:20] Upgrading chain database to use sequential keys 
INFO [11-06|12:38:20] Database conversion successful 
INFO [11-06|12:38:20] Initialised chain configuration          config="{ChainID: 2235 Homestead: 1 DAO: <nil> DAOSupport: false EIP150: 2 EIP155: 3 EIP158: 3 Metropolis: <nil> Engine: ethash}"
INFO [11-06|12:38:20] config bft is                            bft=true
WARN [11-06|12:38:20] Upgrading db log bloom bins 
INFO [11-06|12:38:20] Bloom-bin upgrade completed              elapsed=194.537µs
INFO [11-06|12:38:20] Initialising Ethereum protocol           versions="[63 62]" network=2234
INFO [11-06|12:38:20] Loaded most recent local header          number=0 hash=6f3c1c…1bf138 td=1048576
INFO [11-06|12:38:20] Loaded most recent local full block      number=0 hash=6f3c1c…1bf138 td=1048576
INFO [11-06|12:38:20] Loaded most recent local fast block      number=0 hash=6f3c1c…1bf138 td=1048576
INFO [11-06|12:38:20] in NewTxPool, call resetState 
INFO [11-06|12:38:20] in NewTxPool, call pool.eventLoog() 
INFO [11-06|12:38:20] Allocated cache and file handles         database=/Users/sujianwei20/new_misgcode/go_ethereum_cosi/examples/data/node1/geth/bftData   cache=128 handles=1024
INFO [11-06|12:38:20] addVote to                               height=0 round=0 from=0x82a978b3f5962a5b0957d9ee9eef472ee55b42f1 success=true cm.coinbase=0x82a978b3f5962a5b0957d9ee9eef472ee55b42f1
INFO [11-06|12:38:20] Starting P2P networking 
INFO [11-06|12:38:20] ---In BFTvalidatorCommitBlock--- 
ready: 1 need: 2.6666667
INFO [11-06|12:38:20] consensusManager not ready  
ready: 1 need: 2.6666667
INFO [11-06|12:38:20] RLPx listener up                         self="enode://d67104e65b61fca1fc73a74175667c11f16c037fa8e414499189df9d68706aca6e1a1b4ea02b702f101eb609c4cd2964d4790047a06458ba8a1a19040ab1fe0d@[::]:30303?discport=0"
INFO [11-06|12:38:20] HTTP endpoint opened: http://127.0.0.1:8545 
INFO [11-06|12:38:20] IPC endpoint opened: /Users/sujianwei20/new_misgcode/go_ethereum_cosi/examples/data/node1/geth.ipc 
INFO [11-06|12:38:21] Handle BFT Msg,                          msg="msg #8 (78 bytes)"
INFO [11-06|12:38:21] ------Received ReadMsg------ 
AddReady from: [220 236 234 243 252 92 10 99 209 149 214 155 26 144 1 27 123 25 101 13]
INFO [11-06|12:38:21] send Ready msg 
INFO [11-06|12:38:21] send Ready msg 
INFO [11-06|12:38:21] send Ready msg 
INFO [11-06|12:38:21] Handle BFT Msg,                          msg="msg #8 (78 bytes)"
INFO [11-06|12:38:21] ------Received ReadMsg------ 
INFO [11-06|12:38:21] Handle BFT Msg,                          msg="msg #8 (78 bytes)"
INFO [11-06|12:38:21] ------Received ReadMsg------ 
AddReady from: [220 236 234 243 252 92 10 99 209 149 214 155 26 144 1 27 123 25 101 13]
AddReady from: [220 236 234 243 252 92 10 99 209 149 214 155 26 144 1 27 123 25 101 13]
ready: 2 need: 2.6666667
INFO [11-06|12:38:21] consensusManager not ready  
ready: 2 need: 2.6666667
INFO [11-06|12:38:21] send Ready msg 
INFO [11-06|12:38:21] send Ready msg 
INFO [11-06|12:38:21] send Ready msg 
INFO [11-06|12:38:21] Handle BFT Msg,                          msg="msg #8 (78 bytes)"
INFO [11-06|12:38:21] ------Received ReadMsg------ 
AddReady from: [130 169 120 179 245 150 42 91 9 87 217 238 158 239 71 46 229 91 66 241]
INFO [11-06|12:38:21] Handle BFT Msg,                          msg="msg #8 (78 bytes)"
INFO [11-06|12:38:21] ------Received ReadMsg------ 
INFO [11-06|12:38:21] Handle BFT Msg,                          msg="msg #8 (78 bytes)"
INFO [11-06|12:38:21] ------Received ReadMsg------ 
AddReady from: [130 169 120 179 245 150 42 91 9 87 217 238 158 239 71 46 229 91 66 241]
AddReady from: [130 169 120 179 245 150 42 91 9 87 217 238 158 239 71 46 229 91 66 241]
INFO [11-06|12:38:21] Handle BFT Msg,                          msg="msg #8 (78 bytes)"
INFO [11-06|12:38:21] ------Received ReadMsg------ 
AddReady from: [89 132 67 241 136 14 245 133 178 31 29 117 133 189 5 119 64 40 97 229]
INFO [11-06|12:38:21] send Ready msg 
INFO [11-06|12:38:21] send Ready msg 
INFO [11-06|12:38:21] send Ready msg 
INFO [11-06|12:38:21] Handle BFT Msg,                          msg="msg #8 (78 bytes)"
INFO [11-06|12:38:21] ------Received ReadMsg------ 
AddReady from: [89 132 67 241 136 14 245 133 178 31 29 117 133 189 5 119 64 40 97 229]
INFO [11-06|12:38:21] Handle BFT Msg,                          msg="msg #8 (78 bytes)"
INFO [11-06|12:38:21] ------Received ReadMsg------ 
AddReady from: [89 132 67 241 136 14 245 133 178 31 29 117 133 189 5 119 64 40 97 229]
INFO [11-06|12:38:21] Handle BFT Msg,                          msg="msg #8 (78 bytes)"
INFO [11-06|12:38:21] ------Received ReadMsg------ 
AddReady from: [125 87 122 89 123 39 66 180 152 203 92 240 194 108 220 215 38 211 158 110]
INFO [11-06|12:38:21] send Ready msg 
INFO [11-06|12:38:21] send Ready msg 
INFO [11-06|12:38:21] send Ready msg 
INFO [11-06|12:38:21] Handle BFT Msg,                          msg="msg #8 (78 bytes)"
INFO [11-06|12:38:21] ------Received ReadMsg------ 
INFO [11-06|12:38:21] Handle BFT Msg,                          msg="msg #8 (78 bytes)"
INFO [11-06|12:38:21] ------Received ReadMsg------ 
AddReady from: [125 87 122 89 123 39 66 180 152 203 92 240 194 108 220 215 38 211 158 110]
AddReady from: [125 87 122 89 123 39 66 180 152 203 92 240 194 108 220 215 38 211 158 110]
INFO [11-06|12:38:21] Handle BFT Msg,                          msg="msg #8 (78 bytes)"
INFO [11-06|12:38:21] ------Received ReadMsg------ 
AddReady from: [220 236 234 243 252 92 10 99 209 149 214 155 26 144 1 27 123 25 101 13]
INFO [11-06|12:38:21] send Ready msg 
INFO [11-06|12:38:21] send Ready msg 
INFO [11-06|12:38:21] Handle BFT Msg,                          msg="msg #8 (78 bytes)"
INFO [11-06|12:38:21] ------Received ReadMsg------ 
AddReady from: [220 236 234 243 252 92 10 99 209 149 214 155 26 144 1 27 123 25 101 13]
INFO [11-06|12:38:21] send Ready msg 
INFO [11-06|12:38:21] send Ready msg 
INFO [11-06|12:38:21] Handle BFT Msg,                          msg="msg #8 (78 bytes)"
INFO [11-06|12:38:21] ------Received ReadMsg------ 
AddReady from: [220 236 234 243 252 92 10 99 209 149 214 155 26 144 1 27 123 25 101 13]
ready: 4 need: 2.6666667
ready: 4 need: 2.6666667
INFO [11-06|12:38:21] send Ready msg 
INFO [11-06|12:38:21] send Ready msg 
INFO [11-06|12:38:21] send Ready msg 
INFO [11-06|12:38:21] -----------------consensusManager Ready------------------------- 
INFO [11-06|12:38:21] Handle BFT Msg,                          msg="msg #8 (78 bytes)"
INFO [11-06|12:38:21] ------Received ReadMsg------ 
AddReady from: [130 169 120 179 245 150 42 91 9 87 217 238 158 239 71 46 229 91 66 241]
INFO [11-06|12:38:21] Handle BFT Msg,                          msg="msg #8 (78 bytes)"
INFO [11-06|12:38:21] ------Received ReadMsg------ 
INFO [11-06|12:38:21] Handle BFT Msg,                          msg="msg #8 (78 bytes)"
INFO [11-06|12:38:21] ------Received ReadMsg------ 
AddReady from: [130 169 120 179 245 150 42 91 9 87 217 238 158 239 71 46 229 91 66 241]
AddReady from: [130 169 120 179 245 150 42 91 9 87 217 238 158 239 71 46 229 91 66 241]
INFO [11-06|12:40:33] Transaction pool price threshold updated price=18000000000
INFO [11-06|12:40:33] Starting mining operation 
INFO [11-06|12:40:37] Commit new mining work                   number=1 txs=1598 uncles=0 elapsed=3.801s
INFO [11-06|12:40:37] Sealing                                  block n=1
StartConsensus, 1541479237064731000
INFO [11-06|12:40:37] Start Process 
INFO [11-06|12:40:37] in cm.Process, check lastCommittingLockset() 
INFO [11-06|12:40:37] In IsValid() 
len(lockset.Votes): 1 lockset.EligibleVotesNum: 0
INFO [11-06|12:40:37] in HasQuorum 
INFO [11-06|12:40:37] In IsValid() 
len(lockset.Votes): 1 lockset.EligibleVotesNum: 0
=====CM.COINBASE IS:===== [130 169 120 179 245 150 42 91 9 87 217 238 158 239 71 46 229 91 66 241] block number is: 1
INFO [11-06|12:40:37] case: default, cm.process 
ready: 4 need: 2.6666667
INFO [11-06|12:40:37] ---------------process------------------ 
INFO [11-06|12:40:37] In RM Process                            height=1 round=0
INFO [11-06|12:40:37] --------In rm.propose------- 
INFO [11-06|12:40:37] ---------------in rm.vote----------------- 
INFO [11-06|12:40:37] in vote in RM                            height=1 round=0
INFO [11-06|12:40:37] Timeout time not reach, curr vs timeout: curr=1541479237.000 timeout=1541479242.000
INFO [11-06|12:40:37] in rm.process, check lockset HasQuorum 
INFO [11-06|12:40:37] in HasQuorum 
INFO [11-06|12:40:37] In IsValid() 
len(lockset.Votes): 0 lockset.EligibleVotesNum: 4
INFO [11-06|12:40:37] rm lockset is not valid yet 
INFO [11-06|12:40:37] after cm.process() 
INFO [11-06|12:40:37] case: default, cm.process 
ready: 4 need: 2.6666667
INFO [11-06|12:40:37] ---------------process------------------ 
INFO [11-06|12:40:37] In RM Process                            height=1 round=0
INFO [11-06|12:40:37] --------In rm.propose------- 
INFO [11-06|12:40:37] ---------------in rm.vote----------------- 
INFO [11-06|12:40:37] in vote in RM                            height=1 round=0
INFO [11-06|12:40:37] Timeout time not reach, curr vs timeout: curr=1541479237.000 timeout=1541479242.000
INFO [11-06|12:40:37] in rm.process, check lockset HasQuorum 
INFO [11-06|12:40:37] in HasQuorum 
INFO [11-06|12:40:37] In IsValid() 
len(lockset.Votes): 0 lockset.EligibleVotesNum: 4
INFO [11-06|12:40:37] rm lockset is not valid yet 
INFO [11-06|12:40:37] after cm.process() 
INFO [11-06|12:40:37] case: default, cm.process 
ready: 4 need: 2.6666667
INFO [11-06|12:40:37] ---------------process------------------ 
INFO [11-06|12:40:37] In RM Process                            height=1 round=0
INFO [11-06|12:40:37] --------In rm.propose------- 
INFO [11-06|12:40:37] ---------------in rm.vote----------------- 
INFO [11-06|12:40:37] in vote in RM                            height=1 round=0
INFO [11-06|12:40:37] Timeout time not reach, curr vs timeout: curr=1541479237.000 timeout=1541479242.000
INFO [11-06|12:40:37] in rm.process, check lockset HasQuorum 
INFO [11-06|12:40:37] in HasQuorum 
INFO [11-06|12:40:37] In IsValid() 
len(lockset.Votes): 0 lockset.EligibleVotesNum: 4
INFO [11-06|12:40:37] rm lockset is not valid yet 
INFO [11-06|12:40:37] after cm.process() 
INFO [11-06|12:40:37] case: default, cm.process 
ready: 4 need: 2.6666667
INFO [11-06|12:40:37] ---------------process------------------ 
INFO [11-06|12:40:37] In RM Process                            height=1 round=0
INFO [11-06|12:40:37] --------In rm.propose------- 
INFO [11-06|12:40:37] ---------------in rm.vote----------------- 
INFO [11-06|12:40:37] in vote in RM                            height=1 round=0
INFO [11-06|12:40:37] Timeout time not reach, curr vs timeout: curr=1541479237.000 timeout=1541479242.000
INFO [11-06|12:40:37] in rm.process, check lockset HasQuorum 
INFO [11-06|12:40:37] in HasQuorum 
INFO [11-06|12:40:37] In IsValid() 
len(lockset.Votes): 0 lockset.EligibleVotesNum: 4
INFO [11-06|12:40:37] rm lockset is not valid yet 
INFO [11-06|12:40:37] after cm.process() 
INFO [11-06|12:40:37] case: default, cm.process 
ready: 4 need: 2.6666667
INFO [11-06|12:40:37] ---------------process------------------ 
INFO [11-06|12:40:37] In RM Process                            height=1 round=0
INFO [11-06|12:40:37] --------In rm.propose------- 
INFO [11-06|12:40:37] ---------------in rm.vote----------------- 
INFO [11-06|12:40:37] in vote in RM                            height=1 round=0
INFO [11-06|12:40:37] Timeout time not reach, curr vs timeout: curr=1541479237.000 timeout=1541479242.000
INFO [11-06|12:40:37] in rm.process, check lockset HasQuorum 
INFO [11-06|12:40:37] in HasQuorum 
INFO [11-06|12:40:37] In IsValid() 
len(lockset.Votes): 0 lockset.EligibleVotesNum: 4
INFO [11-06|12:40:37] rm lockset is not valid yet 
INFO [11-06|12:40:37] after cm.process() 
INFO [11-06|12:40:37] case: default, cm.process 
ready: 4 need: 2.6666667
INFO [11-06|12:40:37] ---------------process------------------ 
INFO [11-06|12:40:37] In RM Process                            height=1 round=0
INFO [11-06|12:40:37] --------In rm.propose------- 
INFO [11-06|12:40:37] ---------------in rm.vote----------------- 
INFO [11-06|12:40:37] in vote in RM                            height=1 round=0
INFO [11-06|12:40:37] Timeout time not reach, curr vs timeout: curr=1541479237.000 timeout=1541479242.000
INFO [11-06|12:40:37] in rm.process, check lockset HasQuorum 
INFO [11-06|12:40:37] in HasQuorum 
INFO [11-06|12:40:37] In IsValid() 
len(lockset.Votes): 0 lockset.EligibleVotesNum: 4
INFO [11-06|12:40:37] rm lockset is not valid yet 
INFO [11-06|12:40:37] after cm.process() 
INFO [11-06|12:40:37] case: default, cm.process 
ready: 4 need: 2.6666667
INFO [11-06|12:40:37] ---------------process------------------ 
INFO [11-06|12:40:37] In RM Process                            height=1 round=0
INFO [11-06|12:40:37] --------In rm.propose------- 
INFO [11-06|12:40:37] ---------------in rm.vote----------------- 
INFO [11-06|12:40:37] in vote in RM                            height=1 round=0
INFO [11-06|12:40:37] Timeout time not reach, curr vs timeout: curr=1541479237.000 timeout=1541479242.000
INFO [11-06|12:40:37] in rm.process, check lockset HasQuorum 
INFO [11-06|12:40:37] in HasQuorum 
INFO [11-06|12:40:37] In IsValid() 
len(lockset.Votes): 0 lockset.EligibleVotesNum: 4
INFO [11-06|12:40:37] rm lockset is not valid yet 
INFO [11-06|12:40:37] after cm.process() 
INFO [11-06|12:40:37] case: default, cm.process 
ready: 4 need: 2.6666667
INFO [11-06|12:40:37] ---------------process------------------ 
INFO [11-06|12:40:37] In RM Process                            height=1 round=0
INFO [11-06|12:40:37] --------In rm.propose------- 
INFO [11-06|12:40:37] ---------------in rm.vote----------------- 
INFO [11-06|12:40:37] in vote in RM                            height=1 round=0
INFO [11-06|12:40:37] Timeout time not reach, curr vs timeout: curr=1541479237.000 timeout=1541479242.000
INFO [11-06|12:40:37] in rm.process, check lockset HasQuorum 
INFO [11-06|12:40:37] in HasQuorum 
INFO [11-06|12:40:37] In IsValid() 
len(lockset.Votes): 0 lockset.EligibleVotesNum: 4
INFO [11-06|12:40:37] rm lockset is not valid yet 
INFO [11-06|12:40:37] after cm.process() 
INFO [11-06|12:40:37] case: default, cm.process 
ready: 4 need: 2.6666667
INFO [11-06|12:40:37] ---------------process------------------ 
INFO [11-06|12:40:37] In RM Process                            height=1 round=0
INFO [11-06|12:40:37] --------In rm.propose------- 
INFO [11-06|12:40:37] ---------------in rm.vote----------------- 
INFO [11-06|12:40:37] in vote in RM                            height=1 round=0
INFO [11-06|12:40:37] Timeout time not reach, curr vs timeout: curr=1541479237.000 timeout=1541479242.000
INFO [11-06|12:40:37] in rm.process, check lockset HasQuorum 
INFO [11-06|12:40:37] in HasQuorum 
INFO [11-06|12:40:37] In IsValid() 
len(lockset.Votes): 0 lockset.EligibleVotesNum: 4
INFO [11-06|12:40:37] rm lockset is not valid yet 
INFO [11-06|12:40:37] after cm.process() 
INFO [11-06|12:40:37] case: default, cm.process 
ready: 4 need: 2.6666667
INFO [11-06|12:40:37] ---------------process------------------ 
INFO [11-06|12:40:37] In RM Process                            height=1 round=0
INFO [11-06|12:40:37] --------In rm.propose------- 
INFO [11-06|12:40:37] ---------------in rm.vote----------------- 
INFO [11-06|12:40:37] in vote in RM                            height=1 round=0
INFO [11-06|12:40:37] Timeout time not reach, curr vs timeout: curr=1541479237.000 timeout=1541479242.000
INFO [11-06|12:40:37] in rm.process, check lockset HasQuorum 
INFO [11-06|12:40:37] in HasQuorum 
INFO [11-06|12:40:37] In IsValid() 
len(lockset.Votes): 0 lockset.EligibleVotesNum: 4
INFO [11-06|12:40:37] rm lockset is not valid yet 
INFO [11-06|12:40:37] after cm.process() 
INFO [11-06|12:40:38] case: default, cm.process 
ready: 4 need: 2.6666667
INFO [11-06|12:40:38] ---------------process------------------ 
INFO [11-06|12:40:38] In RM Process                            height=1 round=0
INFO [11-06|12:40:38] --------In rm.propose------- 
INFO [11-06|12:40:38] ---------------in rm.vote----------------- 
INFO [11-06|12:40:38] in vote in RM                            height=1 round=0
INFO [11-06|12:40:38] Timeout time not reach, curr vs timeout: curr=1541479238.000 timeout=1541479242.000
INFO [11-06|12:40:38] in rm.process, check lockset HasQuorum 
INFO [11-06|12:40:38] in HasQuorum 
INFO [11-06|12:40:38] In IsValid() 
len(lockset.Votes): 0 lockset.EligibleVotesNum: 4
INFO [11-06|12:40:38] rm lockset is not valid yet 
INFO [11-06|12:40:38] after cm.process() 
INFO [11-06|12:40:38] Handle BFT Msg,                          msg="msg #11 (172922 bytes)"
INFO [11-06|12:40:38] -------Received NewBlockProposalMsg------- 
bpHR: H: 1 R: 0
cmHR: H: 1 R: 0
INFO [11-06|12:40:38] --------------------------------------- 
# collMsig from = Peer 6d11b37ef4fc909a [eth/63]
cmHR: H: 1 R: 0
this is rm.proposerPeer  Peer 6d11b37ef4fc909a [eth/63]
INFO [11-06|12:40:38] In IsValid() 
len(lockset.Votes): 0 lockset.EligibleVotesNum: 0
INFO [11-06|12:40:38] cm add BlockProposal                     h=1 r=0
INFO [11-06|12:40:38] in HasQuorum 
INFO [11-06|12:40:38] In IsValid() 
len(lockset.Votes): 1 lockset.EligibleVotesNum: 0
INFO [11-06|12:40:38] In addBlockCandidates!! 
INFO [11-06|12:40:38] -------in handle NewBlockProposalMsg, success!------- 
INFO [11-06|12:40:38] case: default, cm.process 
ready: 4 need: 2.6666667
INFO [11-06|12:40:38] ---------------process------------------ 
INFO [11-06|12:40:38] In RM Process                            height=1 round=0
INFO [11-06|12:40:38] --------In rm.propose------- 
INFO [11-06|12:40:38] ---------------in rm.vote----------------- 
INFO [11-06|12:40:38] in vote in RM                            height=1 round=0
INFO [11-06|12:40:38] Timeout time not reach, curr vs timeout: curr=1541479238.000 timeout=1541479242.000
INFO [11-06|12:40:38] in rm.process, check lockset HasQuorum 
INFO [11-06|12:40:38] in HasQuorum 
INFO [11-06|12:40:38] In IsValid() 
len(lockset.Votes): 0 lockset.EligibleVotesNum: 4
INFO [11-06|12:40:38] rm lockset is not valid yet 
INFO [11-06|12:40:38] after cm.process() 
INFO [11-06|12:40:38] Handle BFT Msg,                          msg="msg #18 (345 bytes)"
INFO [11-06|12:40:38] ------Received MsigProposalMsg------ 
mpHR: H: 1 R: 0 hash: [81 11 6 40 191 181 34 54 165 222 127 81 156 187 189 113 168 59 171 101 151 177 189 19 2 124 46 155 94 75 111 254]
cmHR: H: 1 R: 0
INFO [11-06|12:40:38] --------------------------------------- 
INFO [11-06|12:40:38] in MsigFinished 
len(mp.Msig.MsigVs): 2 mp.MsigVs: [0 27]
INFO [11-06|12:40:38] ------addmsigproposal success!------- 
INFO [11-06|12:40:38] Handle BFT Msg,                          msg="msg #17 (107 bytes)"
INFO [11-06|12:40:38] ------Received VoteMsg------ 
voteHR: H: 1 R: 0 voteType:: 1 voteHash: [81 11 6 40 191 181 34 54 165 222 127 81 156 187 189 113 168 59 171 101 151 177 189 19 2 124 46 155 94 75 111 254]
cmHR: H: 1 R: 0
INFO [11-06|12:40:38] --------------------------------------- 
INFO [11-06|12:40:38] addVote to                               height=1 round=0 from=0x7d577a597b2742b498cb5cf0c26cdcd726d39e6e success=true cm.coinbase=0x82a978b3f5962a5b0957d9ee9eef472ee55b42f1
INFO [11-06|12:40:38] ------in handle VoteMsg, success!------ 
INFO [11-06|12:40:38] Handle BFT Msg,                          msg="msg #17 (107 bytes)"
INFO [11-06|12:40:38] ------Received VoteMsg------ 
voteHR: H: 1 R: 0 voteType:: 1 voteHash: [81 11 6 40 191 181 34 54 165 222 127 81 156 187 189 113 168 59 171 101 151 177 189 19 2 124 46 155 94 75 111 254]
cmHR: H: 1 R: 0
INFO [11-06|12:40:38] --------------------------------------- 
INFO [11-06|12:40:38] addVote to                               height=1 round=0 from=0xdceceaf3fc5c0a63d195d69b1a90011b7b19650d success=true cm.coinbase=0x82a978b3f5962a5b0957d9ee9eef472ee55b42f1
INFO [11-06|12:40:38] ------in handle VoteMsg, success!------ 
INFO [11-06|12:40:38] case: default, cm.process 
ready: 4 need: 2.6666667
INFO [11-06|12:40:38] ---------------process------------------ 
INFO [11-06|12:40:38] In RM Process                            height=1 round=0
INFO [11-06|12:40:38] --------In rm.propose------- 
INFO [11-06|12:40:38] ---------------in rm.vote----------------- 
INFO [11-06|12:40:38] in vote in RM                            height=1 round=0
INFO [11-06|12:40:38] vote mp 
INFO [11-06|12:40:38] vote success in                          height=1 round=0
INFO [11-06|12:40:38] Send VoteMsg 
INFO [11-06|12:40:38] in rm.process, check lockset HasQuorum 
INFO [11-06|12:40:38] in HasQuorum 
INFO [11-06|12:40:38] In IsValid() 
len(lockset.Votes): 3 lockset.EligibleVotesNum: 4
INFO [11-06|12:40:38] There is a quorum                        height=1 round=0
--- in rm.process p.id: --- Peer 6d11b37ef4fc909a [eth/63]
INFO [11-06|12:40:38] ============in cm.commitLockset============ 
INFO [11-06|12:40:38] in commitLockset, check ls HasQuorum 
INFO [11-06|12:40:38] in HasQuorum 
INFO [11-06|12:40:38] In IsValid() 
len(lockset.Votes): 3 lockset.EligibleVotesNum: 4
INFO [11-06|12:40:38] cm.found is not nil 
INFO [11-06|12:40:38] store lockset 
peerid: 6d11b37ef4fc909a
INFO [11-06|12:40:38] ---storeLockset--- 
INFO [11-06|12:40:38] after cm.process() 
cmH 1
INFO [11-06|12:40:38] in validatorCommit1 
pid: 6d11b37ef4fc909a
block number 1
-------in NewBFTValidatorBlock-------
INFO [11-06|12:40:38] in validatorCommit2 
validatorCommit time: 108.567µs
INFO [11-06|12:40:38] **in eth.handler**, get result from ch 
INFO [11-06|12:40:38] ***in BFT.VVVVerifyHeader*** 
INFO [11-06|12:40:38] ***in BFT.verifyHeader*** 
INFO [11-06|12:40:38] ***in BFT.verifySeal*** 
INFO [11-06|12:40:38] In verifyVotes 
INFO [11-06|12:40:38] in HasQuorum 
INFO [11-06|12:40:38] In IsValid() 
len(lockset.Votes): 3 lockset.EligibleVotesNum: 4
INFO [11-06|12:40:38] ***in BFT.VerifyHeaderSSSS*** 
INFO [11-06|12:40:38] ***in BFT.verifyHeader*** 
INFO [11-06|12:40:38] ***in BFT.verifySeal*** 
INFO [11-06|12:40:38] In verifyVotes 
INFO [11-06|12:40:38] have a consensus on the block 
INFO [11-06|12:40:38] in HasQuorum 
INFO [11-06|12:40:38] In IsValid() 
len(lockset.Votes): 3 lockset.EligibleVotesNum: 4
INFO [11-06|12:40:38] result.Header().Coinbase != b.signer 
result.Header().Coinbase: [125 87 122 89 123 39 66 180 152 203 92 240 194 108 220 215 38 211 158 110] b.signer: [130 169 120 179 245 150 42 91 9 87 217 238 158 239 71 46 229 91 66 241]
ConsensusTime, 1237553579 , txs, 1598 , blockNum, 1
FinishedConsensus, 1541479238305928000
INFO [11-06|12:40:38] result is nil 
INFO [11-06|12:40:38] === Finished Mine() === 
INFO [11-06|12:40:38] Handle BFT Msg,                          msg="msg #17 (107 bytes)"
INFO [11-06|12:40:38] ------Received VoteMsg------ 
voteHR: H: 1 R: 0 voteType:: 1 voteHash: [81 11 6 40 191 181 34 54 165 222 127 81 156 187 189 113 168 59 171 101 151 177 189 19 2 124 46 155 94 75 111 254]
cmHR: H: 1 R: 0
INFO [11-06|12:40:38] --------------------------------------- 
INFO [11-06|12:40:38] addVote to                               height=1 round=0 from=0x598443f1880ef585b21f1d7585bd0577402861e5 success=true cm.coinbase=0x82a978b3f5962a5b0957d9ee9eef472ee55b42f1
INFO [11-06|12:40:38] ------in handle VoteMsg, success!------ 
INFO [11-06|12:40:38] Handle BFT Msg,                          msg="msg #9 (3 bytes)"
INFO [11-06|12:40:38] -------GetLocksetsMsg------- 
GetLockSetsMsg request:  [{1}] from:  d9d5b902798f5c42
INFO [11-06|12:40:38] Request future block 
INFO [11-06|12:40:40] Imported new chain segment               blocks=1 txs=1598 mgas=33.558 elapsed=1.699s    mgasps=19.740 number=1 hash=510b06…4b6ffe
FinishedPostExec, 1541479240004954000 , txs, 1598
PostExecTime, 1.699988671s
INFO [11-06|12:40:40] in pool.evenLoop, call pool.resetState 
INFO [11-06|12:40:42] Handle BFT Msg,                          msg="msg #11 (173334 bytes)"
INFO [11-06|12:40:42] -------Received NewBlockProposalMsg------- 
bpHR: H: 2 R: 0
cmHR: H: 2 R: 0
INFO [11-06|12:40:42] --------------------------------------- 
# collMsig from = Peer 94dd98401cf6ca04 [eth/63]
cmHR: H: 2 R: 0
this is rm.proposerPeer  Peer 94dd98401cf6ca04 [eth/63]
INFO [11-06|12:40:42] In IsValid() 
len(lockset.Votes): 0 lockset.EligibleVotesNum: 0
INFO [11-06|12:40:42] cm add BlockProposal                     h=2 r=0
INFO [11-06|12:40:42] in HasQuorum 
INFO [11-06|12:40:42] In IsValid() 
len(lockset.Votes): 4 lockset.EligibleVotesNum: 4
INFO [11-06|12:40:42] In addBlockCandidates!! 
INFO [11-06|12:40:42] -------in handle NewBlockProposalMsg, success!------- 
INFO [11-06|12:40:42] Handle BFT Msg,                          msg="msg #18 (662 bytes)"
INFO [11-06|12:40:42] ------Received MsigProposalMsg------ 
mpHR: H: 2 R: 0 hash: [148 94 138 218 142 151 117 119 199 111 117 188 253 51 20 91 166 218 225 184 243 9 55 80 98 194 0 212 248 237 199 184]
cmHR: H: 2 R: 0
INFO [11-06|12:40:42] --------------------------------------- 
INFO [11-06|12:40:42] in MsigFinished 
len(mp.Msig.MsigVs): 2 mp.MsigVs: [0 28]
INFO [11-06|12:40:42] ------addmsigproposal success!------- 
INFO [11-06|12:40:42] Handle BFT Msg,                          msg="msg #17 (107 bytes)"
INFO [11-06|12:40:42] ------Received VoteMsg------ 
voteHR: H: 2 R: 0 voteType:: 1 voteHash: [148 94 138 218 142 151 117 119 199 111 117 188 253 51 20 91 166 218 225 184 243 9 55 80 98 194 0 212 248 237 199 184]
cmHR: H: 2 R: 0
INFO [11-06|12:40:42] --------------------------------------- 
INFO [11-06|12:40:42] addVote to                               height=2 round=0 from=0x598443f1880ef585b21f1d7585bd0577402861e5 success=true cm.coinbase=0x82a978b3f5962a5b0957d9ee9eef472ee55b42f1
INFO [11-06|12:40:42] ------in handle VoteMsg, success!------ 
INFO [11-06|12:40:42] Handle BFT Msg,                          msg="msg #17 (107 bytes)"
INFO [11-06|12:40:42] ------Received VoteMsg------ 
voteHR: H: 2 R: 0 voteType:: 1 voteHash: [148 94 138 218 142 151 117 119 199 111 117 188 253 51 20 91 166 218 225 184 243 9 55 80 98 194 0 212 248 237 199 184]
cmHR: H: 2 R: 0
INFO [11-06|12:40:42] --------------------------------------- 
INFO [11-06|12:40:42] addVote to                               height=2 round=0 from=0xdceceaf3fc5c0a63d195d69b1a90011b7b19650d success=true cm.coinbase=0x82a978b3f5962a5b0957d9ee9eef472ee55b42f1
INFO [11-06|12:40:42] ------in handle VoteMsg, success!------ 
INFO [11-06|12:40:42] Commit new mining work                   number=2 txs=1599 uncles=0 elapsed=2.608s
INFO [11-06|12:40:42] Sealing                                  block n=2
StartConsensus, 1541479242614197000
INFO [11-06|12:40:42] Start Process 
INFO [11-06|12:40:42] in cm.Process, check lastCommittingLockset() 
INFO [11-06|12:40:42] In IsValid() 
len(lockset.Votes): 4 lockset.EligibleVotesNum: 4
INFO [11-06|12:40:42] in HasQuorum 
INFO [11-06|12:40:42] In IsValid() 
len(lockset.Votes): 4 lockset.EligibleVotesNum: 4
=====CM.COINBASE IS:===== [130 169 120 179 245 150 42 91 9 87 217 238 158 239 71 46 229 91 66 241] block number is: 2
INFO [11-06|12:40:42] case: default, cm.process 
ready: 4 need: 2.6666667
INFO [11-06|12:40:42] ---------------process------------------ 
INFO [11-06|12:40:42] In RM Process                            height=2 round=0
INFO [11-06|12:40:42] --------In rm.propose------- 
INFO [11-06|12:40:42] ---------------in rm.vote----------------- 
INFO [11-06|12:40:42] in vote in RM                            height=2 round=0
INFO [11-06|12:40:42] vote mp 
INFO [11-06|12:40:42] vote success in                          height=2 round=0
INFO [11-06|12:40:42] Send VoteMsg 
INFO [11-06|12:40:42] in rm.process, check lockset HasQuorum 
INFO [11-06|12:40:42] in HasQuorum 
INFO [11-06|12:40:42] In IsValid() 
len(lockset.Votes): 3 lockset.EligibleVotesNum: 4
INFO [11-06|12:40:42] There is a quorum                        height=2 round=0
--- in rm.process p.id: --- Peer 94dd98401cf6ca04 [eth/63]
INFO [11-06|12:40:42] ============in cm.commitLockset============ 
INFO [11-06|12:40:42] in commitLockset, check ls HasQuorum 
INFO [11-06|12:40:42] in HasQuorum 
INFO [11-06|12:40:42] In IsValid() 
len(lockset.Votes): 3 lockset.EligibleVotesNum: 4
INFO [11-06|12:40:42] cm.found is not nil 
INFO [11-06|12:40:42] store lockset 
peerid: 94dd98401cf6ca04
INFO [11-06|12:40:42] ---storeLockset--- 
INFO [11-06|12:40:42] have a consensus on the block 
INFO [11-06|12:40:42] result.Header().Coinbase != b.signer 
cmH 2
result.Header().Coinbase: [220 236 234 243 252 92 10 99 209 149 214 155 26 144 1 27 123 25 101 13] b.signer: [130 169 120 179 245 150 42 91 9 87 217 238 158 239 71 46 229 91 66 241]
INFO [11-06|12:40:42] in validatorCommit1 
ConsensusTime, 2356730 , txs, 1599 , blockNum, 2
FinishedConsensus, 1541479242616607000
INFO [11-06|12:40:42] result is nil 
INFO [11-06|12:40:42] after cm.process() 
INFO [11-06|12:40:42] === Finished Mine() === 
pid: 94dd98401cf6ca04
block number 2
-------in NewBFTValidatorBlock-------
INFO [11-06|12:40:42] in validatorCommit2 
validatorCommit time: 263.69µs
INFO [11-06|12:40:42] **in eth.handler**, get result from ch 
INFO [11-06|12:40:42] ***in BFT.VVVVerifyHeader*** 
INFO [11-06|12:40:42] ***in BFT.verifyHeader*** 
INFO [11-06|12:40:42] ***in BFT.verifySeal*** 
INFO [11-06|12:40:42] In verifyVotes 
INFO [11-06|12:40:42] in HasQuorum 
INFO [11-06|12:40:42] In IsValid() 
len(lockset.Votes): 3 lockset.EligibleVotesNum: 4
INFO [11-06|12:40:42] ***in BFT.VerifyHeaderSSSS*** 
INFO [11-06|12:40:42] ***in BFT.verifyHeader*** 
INFO [11-06|12:40:42] ***in BFT.verifySeal*** 
INFO [11-06|12:40:42] In verifyVotes 
INFO [11-06|12:40:42] in HasQuorum 
INFO [11-06|12:40:42] In IsValid() 
len(lockset.Votes): 3 lockset.EligibleVotesNum: 4
INFO [11-06|12:40:42] Handle BFT Msg,                          msg="msg #9 (3 bytes)"
INFO [11-06|12:40:42] -------GetLocksetsMsg------- 
GetLockSetsMsg request:  [{2}] from:  94dd98401cf6ca04
INFO [11-06|12:40:42] Request future block 
INFO [11-06|12:40:42] received NewBlockMsg! 
INFO [11-06|12:40:43] Handle BFT Msg,                          msg="msg #9 (3 bytes)"
INFO [11-06|12:40:43] -------GetLocksetsMsg------- 
GetLockSetsMsg request:  [{2}] from:  6d11b37ef4fc909a
INFO [11-06|12:40:43] Request future block 
INFO [11-06|12:40:43] Handle BFT Msg,                          msg="msg #17 (107 bytes)"
INFO [11-06|12:40:43] ------Received VoteMsg------ 
voteHR: H: 2 R: 0 voteType:: 1 voteHash: [148 94 138 218 142 151 117 119 199 111 117 188 253 51 20 91 166 218 225 184 243 9 55 80 98 194 0 212 248 237 199 184]
cmHR: H: 2 R: 0
INFO [11-06|12:40:43] --------------------------------------- 
INFO [11-06|12:40:43] addVote to                               height=2 round=0 from=0x7d577a597b2742b498cb5cf0c26cdcd726d39e6e success=true cm.coinbase=0x82a978b3f5962a5b0957d9ee9eef472ee55b42f1
INFO [11-06|12:40:43] ------in handle VoteMsg, success!------ 
INFO [11-06|12:40:43] received NewBlockMsg! 
INFO [11-06|12:40:43] Imported new chain segment               blocks=1 txs=1599 mgas=33.579 elapsed=1.370s    mgasps=24.503 number=2 hash=945e8a…edc7b8
FinishedPostExec, 1541479243988044000 , txs, 1599
PostExecTime, 1.370410798s
INFO [11-06|12:40:43] in pool.evenLoop, call pool.resetState 
INFO [11-06|12:40:46] Commit new mining work                   number=3 txs=1599 uncles=0 elapsed=2.929s
INFO [11-06|12:40:46] Sealing                                  block n=3
StartConsensus, 1541479246917952000
INFO [11-06|12:40:46] Start Process 
INFO [11-06|12:40:46] in cm.Process, check lastCommittingLockset() 
INFO [11-06|12:40:46] In IsValid() 
len(lockset.Votes): 4 lockset.EligibleVotesNum: 4
INFO [11-06|12:40:46] in HasQuorum 
INFO [11-06|12:40:46] In IsValid() 
len(lockset.Votes): 4 lockset.EligibleVotesNum: 4
=====CM.COINBASE IS:===== [130 169 120 179 245 150 42 91 9 87 217 238 158 239 71 46 229 91 66 241] block number is: 3
INFO [11-06|12:40:46] case: default, cm.process 
ready: 4 need: 2.6666667
INFO [11-06|12:40:46] ---------------process------------------ 
INFO [11-06|12:40:46] In RM Process                            height=3 round=0
INFO [11-06|12:40:46] --------In rm.propose------- 
INFO [11-06|12:40:46] ---------------in rm.vote----------------- 
INFO [11-06|12:40:46] in vote in RM                            height=3 round=0
INFO [11-06|12:40:46] Timeout time not reach, curr vs timeout: curr=1541479246.000 timeout=1541479251.000
INFO [11-06|12:40:46] in rm.process, check lockset HasQuorum 
INFO [11-06|12:40:46] in HasQuorum 
INFO [11-06|12:40:46] In IsValid() 
len(lockset.Votes): 0 lockset.EligibleVotesNum: 4
INFO [11-06|12:40:46] rm lockset is not valid yet 
INFO [11-06|12:40:46] after cm.process() 
INFO [11-06|12:40:47] case: default, cm.process 
ready: 4 need: 2.6666667
INFO [11-06|12:40:47] ---------------process------------------ 
INFO [11-06|12:40:47] In RM Process                            height=3 round=0
INFO [11-06|12:40:47] --------In rm.propose------- 
INFO [11-06|12:40:47] ---------------in rm.vote----------------- 
INFO [11-06|12:40:47] in vote in RM                            height=3 round=0
INFO [11-06|12:40:47] Timeout time not reach, curr vs timeout: curr=1541479247.000 timeout=1541479251.000
INFO [11-06|12:40:47] in rm.process, check lockset HasQuorum 
INFO [11-06|12:40:47] in HasQuorum 
INFO [11-06|12:40:47] In IsValid() 
len(lockset.Votes): 0 lockset.EligibleVotesNum: 4
INFO [11-06|12:40:47] rm lockset is not valid yet 
INFO [11-06|12:40:47] after cm.process() 
INFO [11-06|12:40:47] case: default, cm.process 
ready: 4 need: 2.6666667
INFO [11-06|12:40:47] ---------------process------------------ 
INFO [11-06|12:40:47] In RM Process                            height=3 round=0
INFO [11-06|12:40:47] --------In rm.propose------- 
INFO [11-06|12:40:47] ---------------in rm.vote----------------- 
INFO [11-06|12:40:47] in vote in RM                            height=3 round=0
INFO [11-06|12:40:47] Timeout time not reach, curr vs timeout: curr=1541479247.000 timeout=1541479251.000
INFO [11-06|12:40:47] in rm.process, check lockset HasQuorum 
INFO [11-06|12:40:47] in HasQuorum 
INFO [11-06|12:40:47] In IsValid() 
len(lockset.Votes): 0 lockset.EligibleVotesNum: 4
INFO [11-06|12:40:47] rm lockset is not valid yet 
INFO [11-06|12:40:47] after cm.process() 
INFO [11-06|12:40:47] case: default, cm.process 
ready: 4 need: 2.6666667
INFO [11-06|12:40:47] ---------------process------------------ 
INFO [11-06|12:40:47] In RM Process                            height=3 round=0
INFO [11-06|12:40:47] --------In rm.propose------- 
INFO [11-06|12:40:47] ---------------in rm.vote----------------- 
INFO [11-06|12:40:47] in vote in RM                            height=3 round=0
INFO [11-06|12:40:47] Timeout time not reach, curr vs timeout: curr=1541479247.000 timeout=1541479251.000
INFO [11-06|12:40:47] in rm.process, check lockset HasQuorum 
INFO [11-06|12:40:47] in HasQuorum 
INFO [11-06|12:40:47] In IsValid() 
len(lockset.Votes): 0 lockset.EligibleVotesNum: 4
INFO [11-06|12:40:47] rm lockset is not valid yet 
INFO [11-06|12:40:47] after cm.process() 
INFO [11-06|12:40:47] Handle BFT Msg,                          msg="msg #11 (173336 bytes)"
INFO [11-06|12:40:47] -------Received NewBlockProposalMsg------- 
bpHR: H: 3 R: 0
cmHR: H: 3 R: 0
INFO [11-06|12:40:47] --------------------------------------- 
# collMsig from = Peer d9d5b902798f5c42 [eth/63]
cmHR: H: 3 R: 0
this is rm.proposerPeer  Peer d9d5b902798f5c42 [eth/63]
INFO [11-06|12:40:47] In IsValid() 
len(lockset.Votes): 0 lockset.EligibleVotesNum: 0
INFO [11-06|12:40:47] cm add BlockProposal                     h=3 r=0
INFO [11-06|12:40:47] in HasQuorum 
INFO [11-06|12:40:47] In IsValid() 
len(lockset.Votes): 4 lockset.EligibleVotesNum: 4
INFO [11-06|12:40:47] in collectMsig, i am msig wintness 
INFO [11-06|12:40:47] Return MsigProposalMsg to                LOG15_ERROR= LOG15_ERROR="Normalized odd number of arguments by adding nil"
INFO [11-06|12:40:47] Sending MsigProposalMsg 
in cm.collectMsig, mp.MsigVs: [<nil> 28]
INFO [11-06|12:40:47] In addBlockCandidates!! 
INFO [11-06|12:40:47] -------in handle NewBlockProposalMsg, success!------- 
INFO [11-06|12:40:47] Handle BFT Msg,                          msg="msg #18 (662 bytes)"
INFO [11-06|12:40:47] ------Received MsigProposalMsg------ 
mpHR: H: 3 R: 0 hash: [183 87 150 235 149 154 240 163 139 188 216 176 168 60 172 123 18 17 128 38 34 98 236 55 34 77 138 51 9 167 185 122]
cmHR: H: 3 R: 0
INFO [11-06|12:40:47] --------------------------------------- 
INFO [11-06|12:40:47] in MsigFinished 
len(mp.Msig.MsigVs): 2 mp.MsigVs: [0 28]
INFO [11-06|12:40:47] ------addmsigproposal success!------- 
INFO [11-06|12:40:47] case: default, cm.process 
ready: 4 need: 2.6666667
INFO [11-06|12:40:47] ---------------process------------------ 
INFO [11-06|12:40:47] In RM Process                            height=3 round=0
INFO [11-06|12:40:47] --------In rm.propose------- 
INFO [11-06|12:40:47] ---------------in rm.vote----------------- 
INFO [11-06|12:40:47] in vote in RM                            height=3 round=0
INFO [11-06|12:40:47] vote mp 
INFO [11-06|12:40:47] vote success in                          height=3 round=0
INFO [11-06|12:40:47] Send VoteMsg 
INFO [11-06|12:40:47] in rm.process, check lockset HasQuorum 
INFO [11-06|12:40:47] in HasQuorum 
INFO [11-06|12:40:47] In IsValid() 
len(lockset.Votes): 1 lockset.EligibleVotesNum: 4
INFO [11-06|12:40:47] rm lockset is not valid yet 
INFO [11-06|12:40:47] after cm.process() 
INFO [11-06|12:40:47] Handle BFT Msg,                          msg="msg #17 (107 bytes)"
INFO [11-06|12:40:47] ------Received VoteMsg------ 
voteHR: H: 3 R: 0 voteType:: 1 voteHash: [183 87 150 235 149 154 240 163 139 188 216 176 168 60 172 123 18 17 128 38 34 98 236 55 34 77 138 51 9 167 185 122]
cmHR: H: 3 R: 0
INFO [11-06|12:40:47] --------------------------------------- 
INFO [11-06|12:40:47] addVote to                               height=3 round=0 from=0x598443f1880ef585b21f1d7585bd0577402861e5 success=true cm.coinbase=0x82a978b3f5962a5b0957d9ee9eef472ee55b42f1
INFO [11-06|12:40:47] ------in handle VoteMsg, success!------ 
INFO [11-06|12:40:47] case: default, cm.process 
ready: 4 need: 2.6666667
INFO [11-06|12:40:47] ---------------process------------------ 
INFO [11-06|12:40:47] In RM Process                            height=3 round=0
INFO [11-06|12:40:47] --------In rm.propose------- 
INFO [11-06|12:40:47] ---------------in rm.vote----------------- 
INFO [11-06|12:40:47] voted 
INFO [11-06|12:40:47] in rm.process, check lockset HasQuorum 
INFO [11-06|12:40:47] in HasQuorum 
INFO [11-06|12:40:47] In IsValid() 
len(lockset.Votes): 2 lockset.EligibleVotesNum: 4
INFO [11-06|12:40:47] rm lockset is not valid yet 
INFO [11-06|12:40:47] after cm.process() 
INFO [11-06|12:40:47] case: default, cm.process 
ready: 4 need: 2.6666667
INFO [11-06|12:40:47] ---------------process------------------ 
INFO [11-06|12:40:47] In RM Process                            height=3 round=0
INFO [11-06|12:40:47] --------In rm.propose------- 
INFO [11-06|12:40:47] ---------------in rm.vote----------------- 
INFO [11-06|12:40:47] voted 
INFO [11-06|12:40:47] in rm.process, check lockset HasQuorum 
INFO [11-06|12:40:47] in HasQuorum 
INFO [11-06|12:40:47] In IsValid() 
len(lockset.Votes): 2 lockset.EligibleVotesNum: 4
INFO [11-06|12:40:47] rm lockset is not valid yet 
INFO [11-06|12:40:47] after cm.process() 
INFO [11-06|12:40:47] case: default, cm.process 
ready: 4 need: 2.6666667
INFO [11-06|12:40:47] ---------------process------------------ 
INFO [11-06|12:40:47] In RM Process                            height=3 round=0
INFO [11-06|12:40:47] --------In rm.propose------- 
INFO [11-06|12:40:47] ---------------in rm.vote----------------- 
INFO [11-06|12:40:47] voted 
INFO [11-06|12:40:47] in rm.process, check lockset HasQuorum 
INFO [11-06|12:40:47] in HasQuorum 
INFO [11-06|12:40:47] In IsValid() 
len(lockset.Votes): 2 lockset.EligibleVotesNum: 4
INFO [11-06|12:40:47] rm lockset is not valid yet 
INFO [11-06|12:40:47] after cm.process() 
INFO [11-06|12:40:47] case: default, cm.process 
ready: 4 need: 2.6666667
INFO [11-06|12:40:47] ---------------process------------------ 
INFO [11-06|12:40:47] In RM Process                            height=3 round=0
INFO [11-06|12:40:47] --------In rm.propose------- 
INFO [11-06|12:40:47] ---------------in rm.vote----------------- 
INFO [11-06|12:40:47] voted 
INFO [11-06|12:40:47] in rm.process, check lockset HasQuorum 
INFO [11-06|12:40:47] in HasQuorum 
INFO [11-06|12:40:47] In IsValid() 
len(lockset.Votes): 2 lockset.EligibleVotesNum: 4
INFO [11-06|12:40:47] rm lockset is not valid yet 
INFO [11-06|12:40:47] after cm.process() 
INFO [11-06|12:40:47] case: default, cm.process 
ready: 4 need: 2.6666667
INFO [11-06|12:40:47] ---------------process------------------ 
INFO [11-06|12:40:47] In RM Process                            height=3 round=0
INFO [11-06|12:40:47] --------In rm.propose------- 
INFO [11-06|12:40:47] ---------------in rm.vote----------------- 
INFO [11-06|12:40:47] voted 
INFO [11-06|12:40:47] in rm.process, check lockset HasQuorum 
INFO [11-06|12:40:47] in HasQuorum 
INFO [11-06|12:40:47] In IsValid() 
len(lockset.Votes): 2 lockset.EligibleVotesNum: 4
INFO [11-06|12:40:47] rm lockset is not valid yet 
INFO [11-06|12:40:47] after cm.process() 
INFO [11-06|12:40:47] Handle BFT Msg,                          msg="msg #17 (107 bytes)"
INFO [11-06|12:40:47] ------Received VoteMsg------ 
voteHR: H: 3 R: 0 voteType:: 1 voteHash: [183 87 150 235 149 154 240 163 139 188 216 176 168 60 172 123 18 17 128 38 34 98 236 55 34 77 138 51 9 167 185 122]
cmHR: H: 3 R: 0
INFO [11-06|12:40:47] --------------------------------------- 
INFO [11-06|12:40:47] addVote to                               height=3 round=0 from=0xdceceaf3fc5c0a63d195d69b1a90011b7b19650d success=true cm.coinbase=0x82a978b3f5962a5b0957d9ee9eef472ee55b42f1
INFO [11-06|12:40:47] ------in handle VoteMsg, success!------ 
INFO [11-06|12:40:47] received NewBlockMsg! 
INFO [11-06|12:40:47] ***in BFT.VVVVerifyHeader*** 
INFO [11-06|12:40:47] ***in BFT.verifyHeader*** 
INFO [11-06|12:40:47] ***in BFT.verifySeal*** 
INFO [11-06|12:40:47] In verifyVotes 
INFO [11-06|12:40:47] ***in sync.request()*** 
INFO [11-06|12:40:47] case: default, cm.process 
ready: 4 need: 2.6666667
INFO [11-06|12:40:47] ---------------process------------------ 
INFO [11-06|12:40:47] In RM Process                            height=3 round=0
INFO [11-06|12:40:47] --------In rm.propose------- 
INFO [11-06|12:40:47] ---------------in rm.vote----------------- 
INFO [11-06|12:40:47] voted 
INFO [11-06|12:40:47] in rm.process, check lockset HasQuorum 
INFO [11-06|12:40:47] in HasQuorum 
INFO [11-06|12:40:47] In IsValid() 
len(lockset.Votes): 3 lockset.EligibleVotesNum: 4
INFO [11-06|12:40:47] There is a quorum                        height=3 round=0
--- in rm.process p.id: --- Peer d9d5b902798f5c42 [eth/63]
INFO [11-06|12:40:47] ============in cm.commitLockset============ 
INFO [11-06|12:40:47] in commitLockset, check ls HasQuorum 
INFO [11-06|12:40:47] in HasQuorum 
INFO [11-06|12:40:47] In IsValid() 
len(lockset.Votes): 3 lockset.EligibleVotesNum: 4
INFO [11-06|12:40:47] cm.found is not nil 
INFO [11-06|12:40:47] store lockset 
peerid: d9d5b902798f5c42
INFO [11-06|12:40:47] ---storeLockset--- 
INFO [11-06|12:40:47] after cm.process() 
cmH 3
INFO [11-06|12:40:47] in validatorCommit1 
pid: d9d5b902798f5c42
block number 3
-------in NewBFTValidatorBlock-------
INFO [11-06|12:40:47] in validatorCommit2 
validatorCommit time: 95.482µs
INFO [11-06|12:40:47] **in eth.handler**, get result from ch 
INFO [11-06|12:40:47] have a consensus on the block 
INFO [11-06|12:40:47] result.Header().Coinbase != b.signer 
result.Header().Coinbase: [89 132 67 241 136 14 245 133 178 31 29 117 133 189 5 119 64 40 97 229] b.signer: [130 169 120 179 245 150 42 91 9 87 217 238 158 239 71 46 229 91 66 241]
ConsensusTime, 1033401611 , txs, 1599 , blockNum, 3
FinishedConsensus, 1541479247951401000
INFO [11-06|12:40:47] result is nil 
INFO [11-06|12:40:47] === Finished Mine() === 
INFO [11-06|12:40:47] received NewBlockMsg! 
INFO [11-06|12:40:48] Handle BFT Msg,                          msg="msg #17 (107 bytes)"
INFO [11-06|12:40:48] ------Received VoteMsg------ 
voteHR: H: 3 R: 0 voteType:: 1 voteHash: [183 87 150 235 149 154 240 163 139 188 216 176 168 60 172 123 18 17 128 38 34 98 236 55 34 77 138 51 9 167 185 122]
cmHR: H: 3 R: 0
INFO [11-06|12:40:48] --------------------------------------- 
INFO [11-06|12:40:48] addVote to                               height=3 round=0 from=0x7d577a597b2742b498cb5cf0c26cdcd726d39e6e success=true cm.coinbase=0x82a978b3f5962a5b0957d9ee9eef472ee55b42f1
INFO [11-06|12:40:48] ------in handle VoteMsg, success!------ 
INFO [11-06|12:40:48] Handle BFT Msg,                          msg="msg #9 (3 bytes)"
INFO [11-06|12:40:48] -------GetLocksetsMsg------- 
GetLockSetsMsg request:  [{3}] from:  6d11b37ef4fc909a
INFO [11-06|12:40:48] Request future block 
INFO [11-06|12:40:48] In verifyVotes 
INFO [11-06|12:40:48] in HasQuorum 
INFO [11-06|12:40:48] In IsValid() 
len(lockset.Votes): 3 lockset.EligibleVotesNum: 4
INFO [11-06|12:40:48] ***in BFT.VerifyHeaderSSSS*** 
INFO [11-06|12:40:48] ***in BFT.verifyHeader*** 
INFO [11-06|12:40:48] ***in BFT.verifySeal*** 
INFO [11-06|12:40:48] In verifyVotes 
INFO [11-06|12:40:48] in HasQuorum 
INFO [11-06|12:40:48] In IsValid() 
len(lockset.Votes): 3 lockset.EligibleVotesNum: 4
INFO [11-06|12:40:49] Imported new chain segment               blocks=1 txs=1599 mgas=33.579 elapsed=1.710s    mgasps=19.635 number=3 hash=b75796…a7b97a
FinishedPostExec, 1541479249857233000 , txs, 1599
PostExecTime, 1.710191126s
INFO [11-06|12:40:49] in pool.evenLoop, call pool.resetState 
INFO [11-06|12:40:52] Commit new mining work                   number=4 txs=1600 uncles=0 elapsed=2.364s
INFO [11-06|12:40:52] Sealing                                  block n=4
StartConsensus, 1541479252221607000
INFO [11-06|12:40:52] Start Process 
INFO [11-06|12:40:52] in cm.Process, check lastCommittingLockset() 
INFO [11-06|12:40:52] In IsValid() 
len(lockset.Votes): 4 lockset.EligibleVotesNum: 4
INFO [11-06|12:40:52] in HasQuorum 
INFO [11-06|12:40:52] In IsValid() 
len(lockset.Votes): 4 lockset.EligibleVotesNum: 4
=====CM.COINBASE IS:===== [130 169 120 179 245 150 42 91 9 87 217 238 158 239 71 46 229 91 66 241] block number is: 4
INFO [11-06|12:40:52] case: default, cm.process 
ready: 4 need: 2.6666667
INFO [11-06|12:40:52] ---------------process------------------ 
INFO [11-06|12:40:52] In RM Process                            height=4 round=0
INFO [11-06|12:40:52] --------In rm.propose------- 
INFO [11-06|12:40:52] I am a proposer in                       height=4 round=0
INFO [11-06|12:40:52] in propose, check lastRoundLockset 
lastRoundLockset, hm.activeround: 0
INFO [11-06|12:40:52] ------in mkProposal------ 
INFO [11-06|12:40:52] In IsValid() 
len(lockset.Votes): 4 lockset.EligibleVotesNum: 4
INFO [11-06|12:40:52] in HasQuorum 
INFO [11-06|12:40:52] In IsValid() 
len(lockset.Votes): 4 lockset.EligibleVotesNum: 4
INFO [11-06|12:40:52] LockSet(R-1) is nil (rm.round should equal to zero) 
INFO [11-06|12:40:52] in HasQuorum 
INFO [11-06|12:40:52] In IsValid() 
len(lockset.Votes): 4 lockset.EligibleVotesNum: 4
INFO [11-06|12:40:52] in HasQuorum 
INFO [11-06|12:40:52] In IsValid() 
len(lockset.Votes): 4 lockset.EligibleVotesNum: 4
Create block blockhash :  [27 211 87 164 52 242 138 97 104 64 246 76 215 133 58 72 138 167 236 78 148 220 84 254 109 74 248 56 94 196 120 175]
INFO [11-06|12:40:52] In addBlockCandidates!! 
INFO [11-06|12:40:52] Send NewBlockProposalMsg:                LOG15_ERROR=                                                   LOG15_ERROR="Normalized odd number of arguments by adding nil"
INFO [11-06|12:40:52] ---------------in rm.vote----------------- 
INFO [11-06|12:40:52] in vote in RM                            height=4 round=0
INFO [11-06|12:40:52] Timeout time not reach, curr vs timeout: curr=1541479252.000 timeout=1541479257.000
INFO [11-06|12:40:52] in rm.process, check lockset HasQuorum 
INFO [11-06|12:40:52] in HasQuorum 
INFO [11-06|12:40:52] In IsValid() 
len(lockset.Votes): 0 lockset.EligibleVotesNum: 4
INFO [11-06|12:40:52] rm lockset is not valid yet 
INFO [11-06|12:40:52] after cm.process() 
INFO [11-06|12:40:52] Handle BFT Msg,                          msg="msg #18 (662 bytes)"
INFO [11-06|12:40:52] ------Received MsigProposalMsg------ 
mpHR: H: 4 R: 0 hash: [27 211 87 164 52 242 138 97 104 64 246 76 215 133 58 72 138 167 236 78 148 220 84 254 109 74 248 56 94 196 120 175]
cmHR: H: 4 R: 0
INFO [11-06|12:40:52] --------------------------------------- 
INFO [11-06|12:40:52] in MsigFinished 
len(mp.Msig.MsigVs): 2 mp.MsigVs: [0 28]
INFO [11-06|12:40:52] In addMsig I am leader 
mp= [[0 0 0 0 0 0 0 0 0 0 0 0 0 0 0 0 0 0 0 0] [125 87 122 89 123 39 66 180 152 203 92 240 194 108 220 215 38 211 158 110]]
INFO [11-06|12:40:52] in bfthandler Send MsigProposalMsg 
INFO [11-06|12:40:52] Sending MsigProposalMsg 
INFO [11-06|12:40:52] Sending MsigProposalMsg 
INFO [11-06|12:40:52] Sending MsigProposalMsg 
INFO [11-06|12:40:52] ------addmsigproposal success!------- 
INFO [11-06|12:40:52] Handle BFT Msg,                          msg="msg #17 (107 bytes)"
INFO [11-06|12:40:52] ------Received VoteMsg------ 
voteHR: H: 4 R: 0 voteType:: 1 voteHash: [27 211 87 164 52 242 138 97 104 64 246 76 215 133 58 72 138 167 236 78 148 220 84 254 109 74 248 56 94 196 120 175]
cmHR: H: 4 R: 0
INFO [11-06|12:40:52] --------------------------------------- 
INFO [11-06|12:40:52] addVote to                               height=4 round=0 from=0xdceceaf3fc5c0a63d195d69b1a90011b7b19650d success=true cm.coinbase=0x82a978b3f5962a5b0957d9ee9eef472ee55b42f1
INFO [11-06|12:40:52] ------in handle VoteMsg, success!------ 
INFO [11-06|12:40:52] Handle BFT Msg,                          msg="msg #17 (107 bytes)"
INFO [11-06|12:40:52] ------Received VoteMsg------ 
voteHR: H: 4 R: 0 voteType:: 1 voteHash: [27 211 87 164 52 242 138 97 104 64 246 76 215 133 58 72 138 167 236 78 148 220 84 254 109 74 248 56 94 196 120 175]
cmHR: H: 4 R: 0
INFO [11-06|12:40:52] --------------------------------------- 
INFO [11-06|12:40:52] addVote to                               height=4 round=0 from=0x598443f1880ef585b21f1d7585bd0577402861e5 success=true cm.coinbase=0x82a978b3f5962a5b0957d9ee9eef472ee55b42f1
INFO [11-06|12:40:52] ------in handle VoteMsg, success!------ 
INFO [11-06|12:40:52] case: default, cm.process 
ready: 4 need: 2.6666667
INFO [11-06|12:40:52] ---------------process------------------ 
INFO [11-06|12:40:52] In RM Process                            height=4 round=0
INFO [11-06|12:40:52] --------In rm.propose------- 
INFO [11-06|12:40:52] I am a proposer in                       height=4 round=0
INFO [11-06|12:40:52] ---------------in rm.vote----------------- 
INFO [11-06|12:40:52] in vote in RM                            height=4 round=0
INFO [11-06|12:40:52] vote mp 
INFO [11-06|12:40:52] vote success in                          height=4 round=0
INFO [11-06|12:40:52] Send VoteMsg 
INFO [11-06|12:40:52] in rm.process, check lockset HasQuorum 
INFO [11-06|12:40:52] in HasQuorum 
INFO [11-06|12:40:52] In IsValid() 
len(lockset.Votes): 3 lockset.EligibleVotesNum: 4
INFO [11-06|12:40:52] There is a quorum                        height=4 round=0
INFO [11-06|12:40:52] ============in cm.commitLockset============ 
INFO [11-06|12:40:52] in commitLockset, check ls HasQuorum 
INFO [11-06|12:40:52] in HasQuorum 
INFO [11-06|12:40:52] In IsValid() 
len(lockset.Votes): 3 lockset.EligibleVotesNum: 4
INFO [11-06|12:40:52] cm.found is not nil 
INFO [11-06|12:40:52] store lockset 
INFO [11-06|12:40:52] ---storeLockset--- 
INFO [11-06|12:40:52] have a consensus on the block 
ConsensusTime, 175678919 , txs, 1600 , blockNum, 4
FinishedConsensus, 1541479252397284000
INFO [11-06|12:40:52] after cm.process() 
INFO [11-06|12:40:52] Successfully sealed new block            number=4 hash=1bd357…c478af
INFO [11-06|12:40:52] === Finished Mine() === 
INFO [11-06|12:40:52] 🔨 mined potential block                  number=4 hash=1bd357…c478af
INFO [11-06|12:40:52] in pool.evenLoop, call pool.resetState 
INFO [11-06|12:40:52] received NewBlockMsg! 
INFO [11-06|12:40:52] Handle BFT Msg,                          msg="msg #17 (107 bytes)"
INFO [11-06|12:40:52] ------Received VoteMsg------ 
voteHR: H: 4 R: 0 voteType:: 1 voteHash: [27 211 87 164 52 242 138 97 104 64 246 76 215 133 58 72 138 167 236 78 148 220 84 254 109 74 248 56 94 196 120 175]
cmHR: H: 5 R: 0
INFO [11-06|12:40:52] --------------------------------------- 
INFO [11-06|12:40:52] addVote to                               height=4 round=0 from=0x7d577a597b2742b498cb5cf0c26cdcd726d39e6e success=true cm.coinbase=0x82a978b3f5962a5b0957d9ee9eef472ee55b42f1
INFO [11-06|12:40:52] ------in handle VoteMsg, success!------ 
INFO [11-06|12:40:55] Commit new mining work                   number=5 txs=1601 uncles=0 elapsed=2.881s
INFO [11-06|12:40:55] Sealing                                  block n=5
StartConsensus, 1541479255313991000
INFO [11-06|12:40:55] Start Process 
INFO [11-06|12:40:55] in cm.Process, check lastCommittingLockset() 
INFO [11-06|12:40:55] In IsValid() 
len(lockset.Votes): 4 lockset.EligibleVotesNum: 4
INFO [11-06|12:40:55] in HasQuorum 
INFO [11-06|12:40:55] In IsValid() 
len(lockset.Votes): 4 lockset.EligibleVotesNum: 4
=====CM.COINBASE IS:===== [130 169 120 179 245 150 42 91 9 87 217 238 158 239 71 46 229 91 66 241] block number is: 5
INFO [11-06|12:40:55] case: default, cm.process 
ready: 4 need: 2.6666667
INFO [11-06|12:40:55] ---------------process------------------ 
INFO [11-06|12:40:55] In RM Process                            height=5 round=0
INFO [11-06|12:40:55] --------In rm.propose------- 
INFO [11-06|12:40:55] ---------------in rm.vote----------------- 
INFO [11-06|12:40:55] in vote in RM                            height=5 round=0
INFO [11-06|12:40:55] Timeout time not reach, curr vs timeout: curr=1541479255.000 timeout=1541479260.000
INFO [11-06|12:40:55] in rm.process, check lockset HasQuorum 
INFO [11-06|12:40:55] in HasQuorum 
INFO [11-06|12:40:55] In IsValid() 
len(lockset.Votes): 0 lockset.EligibleVotesNum: 4
INFO [11-06|12:40:55] rm lockset is not valid yet 
INFO [11-06|12:40:55] after cm.process() 
INFO [11-06|12:40:55] case: default, cm.process 
ready: 4 need: 2.6666667
INFO [11-06|12:40:55] ---------------process------------------ 
INFO [11-06|12:40:55] In RM Process                            height=5 round=0
INFO [11-06|12:40:55] --------In rm.propose------- 
INFO [11-06|12:40:55] ---------------in rm.vote----------------- 
INFO [11-06|12:40:55] in vote in RM                            height=5 round=0
INFO [11-06|12:40:55] Timeout time not reach, curr vs timeout: curr=1541479255.000 timeout=1541479260.000
INFO [11-06|12:40:55] in rm.process, check lockset HasQuorum 
INFO [11-06|12:40:55] in HasQuorum 
INFO [11-06|12:40:55] In IsValid() 
len(lockset.Votes): 0 lockset.EligibleVotesNum: 4
INFO [11-06|12:40:55] rm lockset is not valid yet 
INFO [11-06|12:40:55] after cm.process() 
INFO [11-06|12:40:55] case: default, cm.process 
ready: 4 need: 2.6666667
INFO [11-06|12:40:55] ---------------process------------------ 
INFO [11-06|12:40:55] In RM Process                            height=5 round=0
INFO [11-06|12:40:55] --------In rm.propose------- 
INFO [11-06|12:40:55] ---------------in rm.vote----------------- 
INFO [11-06|12:40:55] in vote in RM                            height=5 round=0
INFO [11-06|12:40:55] Timeout time not reach, curr vs timeout: curr=1541479255.000 timeout=1541479260.000
INFO [11-06|12:40:55] in rm.process, check lockset HasQuorum 
INFO [11-06|12:40:55] in HasQuorum 
INFO [11-06|12:40:55] In IsValid() 
len(lockset.Votes): 0 lockset.EligibleVotesNum: 4
INFO [11-06|12:40:55] rm lockset is not valid yet 
INFO [11-06|12:40:55] after cm.process() 
INFO [11-06|12:40:55] case: default, cm.process 
ready: 4 need: 2.6666667
INFO [11-06|12:40:55] ---------------process------------------ 
INFO [11-06|12:40:55] In RM Process                            height=5 round=0
INFO [11-06|12:40:55] --------In rm.propose------- 
INFO [11-06|12:40:55] ---------------in rm.vote----------------- 
INFO [11-06|12:40:55] in vote in RM                            height=5 round=0
INFO [11-06|12:40:55] Timeout time not reach, curr vs timeout: curr=1541479255.000 timeout=1541479260.000
INFO [11-06|12:40:55] in rm.process, check lockset HasQuorum 
INFO [11-06|12:40:55] in HasQuorum 
INFO [11-06|12:40:55] In IsValid() 
len(lockset.Votes): 0 lockset.EligibleVotesNum: 4
INFO [11-06|12:40:55] rm lockset is not valid yet 
INFO [11-06|12:40:55] after cm.process() 
INFO [11-06|12:40:55] case: default, cm.process 
ready: 4 need: 2.6666667
INFO [11-06|12:40:55] ---------------process------------------ 
INFO [11-06|12:40:55] In RM Process                            height=5 round=0
INFO [11-06|12:40:55] --------In rm.propose------- 
INFO [11-06|12:40:55] ---------------in rm.vote----------------- 
INFO [11-06|12:40:55] in vote in RM                            height=5 round=0
INFO [11-06|12:40:55] Timeout time not reach, curr vs timeout: curr=1541479255.000 timeout=1541479260.000
INFO [11-06|12:40:55] in rm.process, check lockset HasQuorum 
INFO [11-06|12:40:55] in HasQuorum 
INFO [11-06|12:40:55] In IsValid() 
len(lockset.Votes): 0 lockset.EligibleVotesNum: 4
INFO [11-06|12:40:55] rm lockset is not valid yet 
INFO [11-06|12:40:55] after cm.process() 
INFO [11-06|12:40:55] case: default, cm.process 
ready: 4 need: 2.6666667
INFO [11-06|12:40:55] ---------------process------------------ 
INFO [11-06|12:40:55] In RM Process                            height=5 round=0
INFO [11-06|12:40:55] --------In rm.propose------- 
INFO [11-06|12:40:55] ---------------in rm.vote----------------- 
INFO [11-06|12:40:55] in vote in RM                            height=5 round=0
INFO [11-06|12:40:55] Timeout time not reach, curr vs timeout: curr=1541479255.000 timeout=1541479260.000
INFO [11-06|12:40:55] in rm.process, check lockset HasQuorum 
INFO [11-06|12:40:55] in HasQuorum 
INFO [11-06|12:40:55] In IsValid() 
len(lockset.Votes): 0 lockset.EligibleVotesNum: 4
INFO [11-06|12:40:55] rm lockset is not valid yet 
INFO [11-06|12:40:55] after cm.process() 
INFO [11-06|12:40:55] case: default, cm.process 
ready: 4 need: 2.6666667
INFO [11-06|12:40:55] ---------------process------------------ 
INFO [11-06|12:40:55] In RM Process                            height=5 round=0
INFO [11-06|12:40:55] --------In rm.propose------- 
INFO [11-06|12:40:55] ---------------in rm.vote----------------- 
INFO [11-06|12:40:55] in vote in RM                            height=5 round=0
INFO [11-06|12:40:55] Timeout time not reach, curr vs timeout: curr=1541479255.000 timeout=1541479260.000
INFO [11-06|12:40:55] in rm.process, check lockset HasQuorum 
INFO [11-06|12:40:55] in HasQuorum 
INFO [11-06|12:40:55] In IsValid() 
len(lockset.Votes): 0 lockset.EligibleVotesNum: 4
INFO [11-06|12:40:55] rm lockset is not valid yet 
INFO [11-06|12:40:55] after cm.process() 
INFO [11-06|12:40:56] case: default, cm.process 
ready: 4 need: 2.6666667
INFO [11-06|12:40:56] ---------------process------------------ 
INFO [11-06|12:40:56] In RM Process                            height=5 round=0
INFO [11-06|12:40:56] --------In rm.propose------- 
INFO [11-06|12:40:56] ---------------in rm.vote----------------- 
INFO [11-06|12:40:56] in vote in RM                            height=5 round=0
INFO [11-06|12:40:56] Timeout time not reach, curr vs timeout: curr=1541479256.000 timeout=1541479260.000
INFO [11-06|12:40:56] in rm.process, check lockset HasQuorum 
INFO [11-06|12:40:56] in HasQuorum 
INFO [11-06|12:40:56] In IsValid() 
len(lockset.Votes): 0 lockset.EligibleVotesNum: 4
INFO [11-06|12:40:56] rm lockset is not valid yet 
INFO [11-06|12:40:56] after cm.process() 
INFO [11-06|12:40:56] case: default, cm.process 
ready: 4 need: 2.6666667
INFO [11-06|12:40:56] ---------------process------------------ 
INFO [11-06|12:40:56] In RM Process                            height=5 round=0
INFO [11-06|12:40:56] --------In rm.propose------- 
INFO [11-06|12:40:56] ---------------in rm.vote----------------- 
INFO [11-06|12:40:56] in vote in RM                            height=5 round=0
INFO [11-06|12:40:56] Timeout time not reach, curr vs timeout: curr=1541479256.000 timeout=1541479260.000
INFO [11-06|12:40:56] in rm.process, check lockset HasQuorum 
INFO [11-06|12:40:56] in HasQuorum 
INFO [11-06|12:40:56] In IsValid() 
len(lockset.Votes): 0 lockset.EligibleVotesNum: 4
INFO [11-06|12:40:56] rm lockset is not valid yet 
INFO [11-06|12:40:56] after cm.process() 
INFO [11-06|12:40:56] case: default, cm.process 
ready: 4 need: 2.6666667
INFO [11-06|12:40:56] ---------------process------------------ 
INFO [11-06|12:40:56] In RM Process                            height=5 round=0
INFO [11-06|12:40:56] --------In rm.propose------- 
INFO [11-06|12:40:56] ---------------in rm.vote----------------- 
INFO [11-06|12:40:56] in vote in RM                            height=5 round=0
INFO [11-06|12:40:56] Timeout time not reach, curr vs timeout: curr=1541479256.000 timeout=1541479260.000
INFO [11-06|12:40:56] in rm.process, check lockset HasQuorum 
INFO [11-06|12:40:56] in HasQuorum 
INFO [11-06|12:40:56] In IsValid() 
len(lockset.Votes): 0 lockset.EligibleVotesNum: 4
INFO [11-06|12:40:56] rm lockset is not valid yet 
INFO [11-06|12:40:56] after cm.process() 
INFO [11-06|12:40:56] case: default, cm.process 
ready: 4 need: 2.6666667
INFO [11-06|12:40:56] ---------------process------------------ 
INFO [11-06|12:40:56] In RM Process                            height=5 round=0
INFO [11-06|12:40:56] --------In rm.propose------- 
INFO [11-06|12:40:56] ---------------in rm.vote----------------- 
INFO [11-06|12:40:56] in vote in RM                            height=5 round=0
INFO [11-06|12:40:56] Timeout time not reach, curr vs timeout: curr=1541479256.000 timeout=1541479260.000
INFO [11-06|12:40:56] in rm.process, check lockset HasQuorum 
INFO [11-06|12:40:56] in HasQuorum 
INFO [11-06|12:40:56] In IsValid() 
len(lockset.Votes): 0 lockset.EligibleVotesNum: 4
INFO [11-06|12:40:56] rm lockset is not valid yet 
INFO [11-06|12:40:56] after cm.process() 
INFO [11-06|12:40:56] case: default, cm.process 
ready: 4 need: 2.6666667
INFO [11-06|12:40:56] ---------------process------------------ 
INFO [11-06|12:40:56] In RM Process                            height=5 round=0
INFO [11-06|12:40:56] --------In rm.propose------- 
INFO [11-06|12:40:56] ---------------in rm.vote----------------- 
INFO [11-06|12:40:56] in vote in RM                            height=5 round=0
INFO [11-06|12:40:56] Timeout time not reach, curr vs timeout: curr=1541479256.000 timeout=1541479260.000
INFO [11-06|12:40:56] in rm.process, check lockset HasQuorum 
INFO [11-06|12:40:56] in HasQuorum 
INFO [11-06|12:40:56] In IsValid() 
len(lockset.Votes): 0 lockset.EligibleVotesNum: 4
INFO [11-06|12:40:56] rm lockset is not valid yet 
INFO [11-06|12:40:56] after cm.process() 
INFO [11-06|12:40:56] case: default, cm.process 
ready: 4 need: 2.6666667
INFO [11-06|12:40:56] ---------------process------------------ 
INFO [11-06|12:40:56] In RM Process                            height=5 round=0
INFO [11-06|12:40:56] --------In rm.propose------- 
INFO [11-06|12:40:56] ---------------in rm.vote----------------- 
INFO [11-06|12:40:56] in vote in RM                            height=5 round=0
INFO [11-06|12:40:56] Timeout time not reach, curr vs timeout: curr=1541479256.000 timeout=1541479260.000
INFO [11-06|12:40:56] in rm.process, check lockset HasQuorum 
INFO [11-06|12:40:56] in HasQuorum 
INFO [11-06|12:40:56] In IsValid() 
len(lockset.Votes): 0 lockset.EligibleVotesNum: 4
INFO [11-06|12:40:56] rm lockset is not valid yet 
INFO [11-06|12:40:56] after cm.process() 
INFO [11-06|12:40:56] case: default, cm.process 
ready: 4 need: 2.6666667
INFO [11-06|12:40:56] ---------------process------------------ 
INFO [11-06|12:40:56] In RM Process                            height=5 round=0
INFO [11-06|12:40:56] --------In rm.propose------- 
INFO [11-06|12:40:56] ---------------in rm.vote----------------- 
INFO [11-06|12:40:56] in vote in RM                            height=5 round=0
INFO [11-06|12:40:56] Timeout time not reach, curr vs timeout: curr=1541479256.000 timeout=1541479260.000
INFO [11-06|12:40:56] in rm.process, check lockset HasQuorum 
INFO [11-06|12:40:56] in HasQuorum 
INFO [11-06|12:40:56] In IsValid() 
len(lockset.Votes): 0 lockset.EligibleVotesNum: 4
INFO [11-06|12:40:56] rm lockset is not valid yet 
INFO [11-06|12:40:56] after cm.process() 
INFO [11-06|12:40:56] case: default, cm.process 
ready: 4 need: 2.6666667
INFO [11-06|12:40:56] ---------------process------------------ 
INFO [11-06|12:40:56] In RM Process                            height=5 round=0
INFO [11-06|12:40:56] --------In rm.propose------- 
INFO [11-06|12:40:56] ---------------in rm.vote----------------- 
INFO [11-06|12:40:56] in vote in RM                            height=5 round=0
INFO [11-06|12:40:56] Timeout time not reach, curr vs timeout: curr=1541479256.000 timeout=1541479260.000
INFO [11-06|12:40:56] in rm.process, check lockset HasQuorum 
INFO [11-06|12:40:56] in HasQuorum 
INFO [11-06|12:40:56] In IsValid() 
len(lockset.Votes): 0 lockset.EligibleVotesNum: 4
INFO [11-06|12:40:56] rm lockset is not valid yet 
INFO [11-06|12:40:56] after cm.process() 
INFO [11-06|12:40:56] case: default, cm.process 
ready: 4 need: 2.6666667
INFO [11-06|12:40:56] ---------------process------------------ 
INFO [11-06|12:40:56] In RM Process                            height=5 round=0
INFO [11-06|12:40:56] --------In rm.propose------- 
INFO [11-06|12:40:56] ---------------in rm.vote----------------- 
INFO [11-06|12:40:56] in vote in RM                            height=5 round=0
INFO [11-06|12:40:56] Timeout time not reach, curr vs timeout: curr=1541479256.000 timeout=1541479260.000
INFO [11-06|12:40:56] in rm.process, check lockset HasQuorum 
INFO [11-06|12:40:56] in HasQuorum 
INFO [11-06|12:40:56] In IsValid() 
len(lockset.Votes): 0 lockset.EligibleVotesNum: 4
INFO [11-06|12:40:56] rm lockset is not valid yet 
INFO [11-06|12:40:56] after cm.process() 
INFO [11-06|12:40:56] case: default, cm.process 
ready: 4 need: 2.6666667
INFO [11-06|12:40:56] ---------------process------------------ 
INFO [11-06|12:40:56] In RM Process                            height=5 round=0
INFO [11-06|12:40:56] --------In rm.propose------- 
INFO [11-06|12:40:56] ---------------in rm.vote----------------- 
INFO [11-06|12:40:56] in vote in RM                            height=5 round=0
INFO [11-06|12:40:56] Timeout time not reach, curr vs timeout: curr=1541479256.000 timeout=1541479260.000
INFO [11-06|12:40:56] in rm.process, check lockset HasQuorum 
INFO [11-06|12:40:56] in HasQuorum 
INFO [11-06|12:40:56] In IsValid() 
len(lockset.Votes): 0 lockset.EligibleVotesNum: 4
INFO [11-06|12:40:56] rm lockset is not valid yet 
INFO [11-06|12:40:56] after cm.process() 
INFO [11-06|12:40:57] case: default, cm.process 
ready: 4 need: 2.6666667
INFO [11-06|12:40:57] ---------------process------------------ 
INFO [11-06|12:40:57] In RM Process                            height=5 round=0
INFO [11-06|12:40:57] --------In rm.propose------- 
INFO [11-06|12:40:57] ---------------in rm.vote----------------- 
INFO [11-06|12:40:57] in vote in RM                            height=5 round=0
INFO [11-06|12:40:57] Timeout time not reach, curr vs timeout: curr=1541479257.000 timeout=1541479260.000
INFO [11-06|12:40:57] in rm.process, check lockset HasQuorum 
INFO [11-06|12:40:57] in HasQuorum 
INFO [11-06|12:40:57] In IsValid() 
len(lockset.Votes): 0 lockset.EligibleVotesNum: 4
INFO [11-06|12:40:57] rm lockset is not valid yet 
INFO [11-06|12:40:57] after cm.process() 
INFO [11-06|12:40:57] case: default, cm.process 
ready: 4 need: 2.6666667
INFO [11-06|12:40:57] ---------------process------------------ 
INFO [11-06|12:40:57] In RM Process                            height=5 round=0
INFO [11-06|12:40:57] --------In rm.propose------- 
INFO [11-06|12:40:57] ---------------in rm.vote----------------- 
INFO [11-06|12:40:57] in vote in RM                            height=5 round=0
INFO [11-06|12:40:57] Timeout time not reach, curr vs timeout: curr=1541479257.000 timeout=1541479260.000
INFO [11-06|12:40:57] in rm.process, check lockset HasQuorum 
INFO [11-06|12:40:57] in HasQuorum 
INFO [11-06|12:40:57] In IsValid() 
len(lockset.Votes): 0 lockset.EligibleVotesNum: 4
INFO [11-06|12:40:57] rm lockset is not valid yet 
INFO [11-06|12:40:57] after cm.process() 
INFO [11-06|12:40:57] case: default, cm.process 
ready: 4 need: 2.6666667
INFO [11-06|12:40:57] ---------------process------------------ 
INFO [11-06|12:40:57] In RM Process                            height=5 round=0
INFO [11-06|12:40:57] --------In rm.propose------- 
INFO [11-06|12:40:57] ---------------in rm.vote----------------- 
INFO [11-06|12:40:57] in vote in RM                            height=5 round=0
INFO [11-06|12:40:57] Timeout time not reach, curr vs timeout: curr=1541479257.000 timeout=1541479260.000
INFO [11-06|12:40:57] in rm.process, check lockset HasQuorum 
INFO [11-06|12:40:57] in HasQuorum 
INFO [11-06|12:40:57] In IsValid() 
len(lockset.Votes): 0 lockset.EligibleVotesNum: 4
INFO [11-06|12:40:57] rm lockset is not valid yet 
INFO [11-06|12:40:57] after cm.process() 
INFO [11-06|12:40:57] Handle BFT Msg,                          msg="msg #11 (173950 bytes)"
INFO [11-06|12:40:57] -------Received NewBlockProposalMsg------- 
bpHR: H: 5 R: 0
cmHR: H: 5 R: 0
INFO [11-06|12:40:57] --------------------------------------- 
# collMsig from = Peer 6d11b37ef4fc909a [eth/63]
cmHR: H: 5 R: 0
this is rm.proposerPeer  Peer 6d11b37ef4fc909a [eth/63]
INFO [11-06|12:40:57] In IsValid() 
len(lockset.Votes): 0 lockset.EligibleVotesNum: 0
INFO [11-06|12:40:57] cm add BlockProposal                     h=5 r=0
INFO [11-06|12:40:57] in HasQuorum 
INFO [11-06|12:40:57] In IsValid() 
len(lockset.Votes): 4 lockset.EligibleVotesNum: 4
INFO [11-06|12:40:57] In addBlockCandidates!! 
INFO [11-06|12:40:57] -------in handle NewBlockProposalMsg, success!------- 
INFO [11-06|12:40:57] Handle BFT Msg,                          msg="msg #18 (662 bytes)"
INFO [11-06|12:40:57] ------Received MsigProposalMsg------ 
mpHR: H: 5 R: 0 hash: [145 42 180 39 93 197 133 231 80 72 200 215 177 131 0 41 162 179 38 151 26 244 89 41 108 12 89 250 139 18 21 197]
cmHR: H: 5 R: 0
INFO [11-06|12:40:57] --------------------------------------- 
INFO [11-06|12:40:57] in MsigFinished 
len(mp.Msig.MsigVs): 2 mp.MsigVs: [0 27]
INFO [11-06|12:40:57] ------addmsigproposal success!------- 
INFO [11-06|12:40:57] Handle BFT Msg,                          msg="msg #17 (107 bytes)"
INFO [11-06|12:40:57] ------Received VoteMsg------ 
voteHR: H: 5 R: 0 voteType:: 1 voteHash: [145 42 180 39 93 197 133 231 80 72 200 215 177 131 0 41 162 179 38 151 26 244 89 41 108 12 89 250 139 18 21 197]
cmHR: H: 5 R: 0
INFO [11-06|12:40:57] --------------------------------------- 
INFO [11-06|12:40:57] addVote to                               height=5 round=0 from=0xdceceaf3fc5c0a63d195d69b1a90011b7b19650d success=true cm.coinbase=0x82a978b3f5962a5b0957d9ee9eef472ee55b42f1
INFO [11-06|12:40:57] ------in handle VoteMsg, success!------ 
INFO [11-06|12:40:57] case: default, cm.process 
ready: 4 need: 2.6666667
INFO [11-06|12:40:57] ---------------process------------------ 
INFO [11-06|12:40:57] In RM Process                            height=5 round=0
INFO [11-06|12:40:57] --------In rm.propose------- 
INFO [11-06|12:40:57] ---------------in rm.vote----------------- 
INFO [11-06|12:40:57] in vote in RM                            height=5 round=0
INFO [11-06|12:40:57] vote mp 
INFO [11-06|12:40:57] vote success in                          height=5 round=0
INFO [11-06|12:40:57] Send VoteMsg 
INFO [11-06|12:40:57] in rm.process, check lockset HasQuorum 
INFO [11-06|12:40:57] in HasQuorum 
INFO [11-06|12:40:57] In IsValid() 
len(lockset.Votes): 2 lockset.EligibleVotesNum: 4
INFO [11-06|12:40:57] rm lockset is not valid yet 
INFO [11-06|12:40:57] after cm.process() 
INFO [11-06|12:40:57] Handle BFT Msg,                          msg="msg #17 (107 bytes)"
INFO [11-06|12:40:57] ------Received VoteMsg------ 
voteHR: H: 5 R: 0 voteType:: 1 voteHash: [145 42 180 39 93 197 133 231 80 72 200 215 177 131 0 41 162 179 38 151 26 244 89 41 108 12 89 250 139 18 21 197]
cmHR: H: 5 R: 0
INFO [11-06|12:40:57] --------------------------------------- 
INFO [11-06|12:40:57] addVote to                               height=5 round=0 from=0x7d577a597b2742b498cb5cf0c26cdcd726d39e6e success=true cm.coinbase=0x82a978b3f5962a5b0957d9ee9eef472ee55b42f1
INFO [11-06|12:40:57] ------in handle VoteMsg, success!------ 
INFO [11-06|12:40:57] Handle BFT Msg,                          msg="msg #17 (107 bytes)"
INFO [11-06|12:40:57] ------Received VoteMsg------ 
voteHR: H: 5 R: 0 voteType:: 1 voteHash: [145 42 180 39 93 197 133 231 80 72 200 215 177 131 0 41 162 179 38 151 26 244 89 41 108 12 89 250 139 18 21 197]
cmHR: H: 5 R: 0
INFO [11-06|12:40:57] --------------------------------------- 
INFO [11-06|12:40:57] addVote to                               height=5 round=0 from=0x598443f1880ef585b21f1d7585bd0577402861e5 success=true cm.coinbase=0x82a978b3f5962a5b0957d9ee9eef472ee55b42f1
INFO [11-06|12:40:57] ------in handle VoteMsg, success!------ 
INFO [11-06|12:40:57] received NewBlockMsg! 
INFO [11-06|12:40:57] ***in BFT.VVVVerifyHeader*** 
INFO [11-06|12:40:57] ***in BFT.verifyHeader*** 
INFO [11-06|12:40:57] ***in BFT.verifySeal*** 
INFO [11-06|12:40:57] In verifyVotes 
INFO [11-06|12:40:57] ***in sync.request()*** 
INFO [11-06|12:40:57] received NewBlockMsg! 
INFO [11-06|12:40:57] case: default, cm.process 
ready: 4 need: 2.6666667
INFO [11-06|12:40:57] ---------------process------------------ 
INFO [11-06|12:40:57] In RM Process                            height=5 round=0
INFO [11-06|12:40:57] --------In rm.propose------- 
INFO [11-06|12:40:57] ---------------in rm.vote----------------- 
INFO [11-06|12:40:57] voted 
INFO [11-06|12:40:57] in rm.process, check lockset HasQuorum 
INFO [11-06|12:40:57] in HasQuorum 
INFO [11-06|12:40:57] In IsValid() 
len(lockset.Votes): 4 lockset.EligibleVotesNum: 4
INFO [11-06|12:40:57] There is a quorum                        height=5 round=0
--- in rm.process p.id: --- Peer 6d11b37ef4fc909a [eth/63]
INFO [11-06|12:40:57] ============in cm.commitLockset============ 
INFO [11-06|12:40:57] in commitLockset, check ls HasQuorum 
INFO [11-06|12:40:57] in HasQuorum 
INFO [11-06|12:40:57] In IsValid() 
len(lockset.Votes): 4 lockset.EligibleVotesNum: 4
INFO [11-06|12:40:57] cm.found is not nil 
INFO [11-06|12:40:57] store lockset 
peerid: 6d11b37ef4fc909a
INFO [11-06|12:40:57] ---storeLockset--- 
INFO [11-06|12:40:57] have a consensus on the block 
INFO [11-06|12:40:57] result.Header().Coinbase != b.signer 
result.Header().Coinbase: [125 87 122 89 123 39 66 180 152 203 92 240 194 108 220 215 38 211 158 110] b.signer: [130 169 120 179 245 150 42 91 9 87 217 238 158 239 71 46 229 91 66 241]
ConsensusTime, 2171701489 , txs, 1601 , blockNum, 5
FinishedConsensus, 1541479257486184000
INFO [11-06|12:40:57] result is nil 
INFO [11-06|12:40:57] === Finished Mine() === 
INFO [11-06|12:40:57] after cm.process() 
cmH 5
INFO [11-06|12:40:57] in validatorCommit1 
pid: 6d11b37ef4fc909a
block number 5
-------in NewBFTValidatorBlock-------
INFO [11-06|12:40:57] in validatorCommit2 
validatorCommit time: 494.42µs
INFO [11-06|12:40:57] **in eth.handler**, get result from ch 
INFO [11-06|12:40:57] In verifyVotes 
INFO [11-06|12:40:57] in HasQuorum 
INFO [11-06|12:40:57] In IsValid() 
len(lockset.Votes): 4 lockset.EligibleVotesNum: 4
INFO [11-06|12:40:57] ***in BFT.VerifyHeaderSSSS*** 
INFO [11-06|12:40:57] ***in BFT.verifyHeader*** 
INFO [11-06|12:40:57] ***in BFT.verifySeal*** 
INFO [11-06|12:40:57] In verifyVotes 
INFO [11-06|12:40:57] in HasQuorum 
INFO [11-06|12:40:57] In IsValid() 
len(lockset.Votes): 4 lockset.EligibleVotesNum: 4
INFO [11-06|12:40:59] Imported new chain segment               blocks=1 txs=1601 mgas=33.621 elapsed=1.399s    mgasps=24.023 number=5 hash=912ab4…1215c5
FinishedPostExec, 1541479259045128000 , txs, 1601
PostExecTime, 1.399533139s
INFO [11-06|12:40:59] in pool.evenLoop, call pool.resetState 
INFO [11-06|12:41:01] Handle BFT Msg,                          msg="msg #11 (174050 bytes)"
INFO [11-06|12:41:01] -------Received NewBlockProposalMsg------- 
bpHR: H: 6 R: 0
cmHR: H: 6 R: 0
INFO [11-06|12:41:01] --------------------------------------- 
# collMsig from = Peer 94dd98401cf6ca04 [eth/63]
cmHR: H: 6 R: 0
this is rm.proposerPeer  Peer 94dd98401cf6ca04 [eth/63]
INFO [11-06|12:41:01] In IsValid() 
len(lockset.Votes): 0 lockset.EligibleVotesNum: 0
INFO [11-06|12:41:01] cm add BlockProposal                     h=6 r=0
INFO [11-06|12:41:01] in HasQuorum 
INFO [11-06|12:41:01] In IsValid() 
len(lockset.Votes): 4 lockset.EligibleVotesNum: 4
INFO [11-06|12:41:01] In addBlockCandidates!! 
INFO [11-06|12:41:01] -------in handle NewBlockProposalMsg, success!------- 
INFO [11-06|12:41:01] Handle BFT Msg,                          msg="msg #17 (107 bytes)"
INFO [11-06|12:41:01] ------Received VoteMsg------ 
voteHR: H: 6 R: 0 voteType:: 1 voteHash: [91 174 170 118 173 169 132 109 36 96 114 226 118 35 21 19 186 94 14 220 153 134 122 246 92 142 10 197 31 208 197 78]
cmHR: H: 6 R: 0
INFO [11-06|12:41:01] --------------------------------------- 
INFO [11-06|12:41:01] addVote to                               height=6 round=0 from=0x598443f1880ef585b21f1d7585bd0577402861e5 success=true cm.coinbase=0x82a978b3f5962a5b0957d9ee9eef472ee55b42f1
INFO [11-06|12:41:01] ------in handle VoteMsg, success!------ 
INFO [11-06|12:41:01] Handle BFT Msg,                          msg="msg #18 (662 bytes)"
INFO [11-06|12:41:01] ------Received MsigProposalMsg------ 
mpHR: H: 6 R: 0 hash: [91 174 170 118 173 169 132 109 36 96 114 226 118 35 21 19 186 94 14 220 153 134 122 246 92 142 10 197 31 208 197 78]
cmHR: H: 6 R: 0
INFO [11-06|12:41:01] --------------------------------------- 
INFO [11-06|12:41:01] in MsigFinished 
len(mp.Msig.MsigVs): 2 mp.MsigVs: [0 28]
INFO [11-06|12:41:01] ------addmsigproposal success!------- 
INFO [11-06|12:41:01] Handle BFT Msg,                          msg="msg #17 (107 bytes)"
INFO [11-06|12:41:01] ------Received VoteMsg------ 
voteHR: H: 6 R: 0 voteType:: 1 voteHash: [91 174 170 118 173 169 132 109 36 96 114 226 118 35 21 19 186 94 14 220 153 134 122 246 92 142 10 197 31 208 197 78]
cmHR: H: 6 R: 0
INFO [11-06|12:41:01] --------------------------------------- 
INFO [11-06|12:41:01] addVote to                               height=6 round=0 from=0xdceceaf3fc5c0a63d195d69b1a90011b7b19650d success=true cm.coinbase=0x82a978b3f5962a5b0957d9ee9eef472ee55b42f1
INFO [11-06|12:41:01] ------in handle VoteMsg, success!------ 
INFO [11-06|12:41:01] Commit new mining work                   number=6 txs=1602 uncles=0 elapsed=2.594s
INFO [11-06|12:41:01] Sealing                                  block n=6
StartConsensus, 1541479261640343000
INFO [11-06|12:41:01] Start Process 
INFO [11-06|12:41:01] in cm.Process, check lastCommittingLockset() 
INFO [11-06|12:41:01] In IsValid() 
len(lockset.Votes): 4 lockset.EligibleVotesNum: 4
INFO [11-06|12:41:01] in HasQuorum 
INFO [11-06|12:41:01] In IsValid() 
len(lockset.Votes): 4 lockset.EligibleVotesNum: 4
=====CM.COINBASE IS:===== [130 169 120 179 245 150 42 91 9 87 217 238 158 239 71 46 229 91 66 241] block number is: 6
INFO [11-06|12:41:01] case: default, cm.process 
ready: 4 need: 2.6666667
INFO [11-06|12:41:01] ---------------process------------------ 
INFO [11-06|12:41:01] In RM Process                            height=6 round=0
INFO [11-06|12:41:01] --------In rm.propose------- 
INFO [11-06|12:41:01] ---------------in rm.vote----------------- 
INFO [11-06|12:41:01] in vote in RM                            height=6 round=0
INFO [11-06|12:41:01] vote mp 
INFO [11-06|12:41:01] vote success in                          height=6 round=0
INFO [11-06|12:41:01] Send VoteMsg 
INFO [11-06|12:41:01] in rm.process, check lockset HasQuorum 
INFO [11-06|12:41:01] in HasQuorum 
INFO [11-06|12:41:01] In IsValid() 
len(lockset.Votes): 3 lockset.EligibleVotesNum: 4
INFO [11-06|12:41:01] There is a quorum                        height=6 round=0
--- in rm.process p.id: --- Peer 94dd98401cf6ca04 [eth/63]
INFO [11-06|12:41:01] ============in cm.commitLockset============ 
INFO [11-06|12:41:01] in commitLockset, check ls HasQuorum 
INFO [11-06|12:41:01] in HasQuorum 
INFO [11-06|12:41:01] In IsValid() 
len(lockset.Votes): 3 lockset.EligibleVotesNum: 4
INFO [11-06|12:41:01] cm.found is not nil 
INFO [11-06|12:41:01] store lockset 
peerid: 94dd98401cf6ca04
INFO [11-06|12:41:01] ---storeLockset--- 
INFO [11-06|12:41:01] after cm.process() 
cmH 6
INFO [11-06|12:41:01] in validatorCommit1 
pid: 94dd98401cf6ca04
block number 6
-------in NewBFTValidatorBlock-------
INFO [11-06|12:41:01] in validatorCommit2 
validatorCommit time: 88.43µs
INFO [11-06|12:41:01] **in eth.handler**, get result from ch 
INFO [11-06|12:41:01] ***in BFT.VVVVerifyHeader*** 
INFO [11-06|12:41:01] ***in BFT.verifyHeader*** 
INFO [11-06|12:41:01] ***in BFT.verifySeal*** 
INFO [11-06|12:41:01] In verifyVotes 
INFO [11-06|12:41:01] in HasQuorum 
INFO [11-06|12:41:01] In IsValid() 
len(lockset.Votes): 3 lockset.EligibleVotesNum: 4
INFO [11-06|12:41:01] ***in BFT.VerifyHeaderSSSS*** 
INFO [11-06|12:41:01] ***in BFT.verifyHeader*** 
INFO [11-06|12:41:01] ***in BFT.verifySeal*** 
INFO [11-06|12:41:01] In verifyVotes 
INFO [11-06|12:41:01] in HasQuorum 
INFO [11-06|12:41:01] In IsValid() 
len(lockset.Votes): 3 lockset.EligibleVotesNum: 4
INFO [11-06|12:41:01] have a consensus on the block 
INFO [11-06|12:41:01] result.Header().Coinbase != b.signer 
result.Header().Coinbase: [220 236 234 243 252 92 10 99 209 149 214 155 26 144 1 27 123 25 101 13] b.signer: [130 169 120 179 245 150 42 91 9 87 217 238 158 239 71 46 229 91 66 241]
ConsensusTime, 11812562 , txs, 1602 , blockNum, 6
FinishedConsensus, 1541479261652145000
INFO [11-06|12:41:01] result is nil 
INFO [11-06|12:41:01] === Finished Mine() === 
INFO [11-06|12:41:01] Handle BFT Msg,                          msg="msg #9 (3 bytes)"
INFO [11-06|12:41:01] -------GetLocksetsMsg------- 
GetLockSetsMsg request:  [{6}] from:  94dd98401cf6ca04
INFO [11-06|12:41:01] Request future block 
INFO [11-06|12:41:01] received NewBlockMsg! 
INFO [11-06|12:41:03] Handle BFT Msg,                          msg="msg #17 (107 bytes)"
INFO [11-06|12:41:03] ------Received VoteMsg------ 
voteHR: H: 6 R: 0 voteType:: 1 voteHash: [91 174 170 118 173 169 132 109 36 96 114 226 118 35 21 19 186 94 14 220 153 134 122 246 92 142 10 197 31 208 197 78]
cmHR: H: 6 R: 0
INFO [11-06|12:41:03] --------------------------------------- 
INFO [11-06|12:41:03] addVote to                               height=6 round=0 from=0x7d577a597b2742b498cb5cf0c26cdcd726d39e6e success=true cm.coinbase=0x82a978b3f5962a5b0957d9ee9eef472ee55b42f1
INFO [11-06|12:41:03] ------in handle VoteMsg, success!------ 
INFO [11-06|12:41:03] Imported new chain segment               blocks=1 txs=1602 mgas=33.642 elapsed=2.268s    mgasps=14.830 number=6 hash=5baeaa…d0c54e
FinishedPostExec, 1541479263915254000 , txs, 1602
PostExecTime, 2.268444522s
INFO [11-06|12:41:03] in pool.evenLoop, call pool.resetState 
./node1.sh: line 16: 82777 Terminated: 15          ../build/bin/geth --networkid 2234 --port 30303 --rpcport 8545 --datadir "data/node1" --nodiscover --rpc --rpccorsdomain "*" --rpcapi "eth,net,debug" --bft --allow-empty --num-validators 4 --node-num 0
