INFO [11-06|12:38:20] Starting peer-to-peer node               instance=Geth/v1.6.7-unstable-26bb12f0/darwin-amd64/go1.9.7
INFO [11-06|12:38:20] Allocated cache and file handles         database=/Users/sujianwei20/new_misgcode/go_ethereum_cosi/examples/data/node2/geth/chaindata cache=128 handles=1024
WARN [11-06|12:38:20] Upgrading chain database to use sequential keys 
INFO [11-06|12:38:20] Database conversion successful 
INFO [11-06|12:38:20] Initialised chain configuration          config="{ChainID: 2235 Homestead: 1 DAO: <nil> DAOSupport: false EIP150: 2 EIP155: 3 EIP158: 3 Metropolis: <nil> Engine: ethash}"
INFO [11-06|12:38:20] config bft is                            bft=true
WARN [11-06|12:38:20] Upgrading db log bloom bins 
INFO [11-06|12:38:20] Bloom-bin upgrade completed              elapsed=193.651µs
INFO [11-06|12:38:20] Initialising Ethereum protocol           versions="[63 62]" network=2234
INFO [11-06|12:38:20] Loaded most recent local header          number=0 hash=6f3c1c…1bf138 td=1048576
INFO [11-06|12:38:20] Loaded most recent local full block      number=0 hash=6f3c1c…1bf138 td=1048576
INFO [11-06|12:38:20] Loaded most recent local fast block      number=0 hash=6f3c1c…1bf138 td=1048576
INFO [11-06|12:38:20] in NewTxPool, call resetState 
INFO [11-06|12:38:20] in NewTxPool, call pool.eventLoog() 
INFO [11-06|12:38:20] Allocated cache and file handles         database=/Users/sujianwei20/new_misgcode/go_ethereum_cosi/examples/data/node2/geth/bftData   cache=128 handles=1024
INFO [11-06|12:38:20] addVote to                               height=0 round=0 from=0x7d577a597b2742b498cb5cf0c26cdcd726d39e6e success=true cm.coinbase=0x7d577a597b2742b498cb5cf0c26cdcd726d39e6e
ready: 1 need: 2.6666667
INFO [11-06|12:38:20] consensusManager not ready  
ready: 1 need: 2.6666667
INFO [11-06|12:38:20] Starting P2P networking 
INFO [11-06|12:38:20] RLPx listener up                         self="enode://6d11b37ef4fc909ae1ec6c63584f99843f04ea9466730f8e58950c8c7262e6933ca3dd37304995604f567517e8c6e6074de37eab843f91475f713bd062067e61@[::]:30304?discport=0"
INFO [11-06|12:38:20] ---In BFTvalidatorCommitBlock--- 
INFO [11-06|12:38:20] IPC endpoint opened: /Users/sujianwei20/new_misgcode/go_ethereum_cosi/examples/data/node2/geth.ipc 
INFO [11-06|12:38:20] HTTP endpoint opened: http://127.0.0.1:8546 
INFO [11-06|12:38:21] Handle BFT Msg,                          msg="msg #8 (78 bytes)"
INFO [11-06|12:38:21] ------Received ReadMsg------ 
AddReady from: [220 236 234 243 252 92 10 99 209 149 214 155 26 144 1 27 123 25 101 13]
INFO [11-06|12:38:21] Handle BFT Msg,                          msg="msg #8 (78 bytes)"
INFO [11-06|12:38:21] send Ready msg 
INFO [11-06|12:38:21] send Ready msg 
INFO [11-06|12:38:21] Handle BFT Msg,                          msg="msg #8 (78 bytes)"
INFO [11-06|12:38:21] ------Received ReadMsg------ 
INFO [11-06|12:38:21] send Ready msg 
INFO [11-06|12:38:21] ------Received ReadMsg------ 
AddReady from: [220 236 234 243 252 92 10 99 209 149 214 155 26 144 1 27 123 25 101 13]
AddReady from: [220 236 234 243 252 92 10 99 209 149 214 155 26 144 1 27 123 25 101 13]
INFO [11-06|12:38:21] Handle BFT Msg,                          msg="msg #8 (78 bytes)"
INFO [11-06|12:38:21] ------Received ReadMsg------ 
AddReady from: [130 169 120 179 245 150 42 91 9 87 217 238 158 239 71 46 229 91 66 241]
INFO [11-06|12:38:21] send Ready msg 
INFO [11-06|12:38:21] send Ready msg 
INFO [11-06|12:38:21] send Ready msg 
INFO [11-06|12:38:21] Handle BFT Msg,                          msg="msg #8 (78 bytes)"
INFO [11-06|12:38:21] ------Received ReadMsg------ 
AddReady from: [130 169 120 179 245 150 42 91 9 87 217 238 158 239 71 46 229 91 66 241]
INFO [11-06|12:38:21] Handle BFT Msg,                          msg="msg #8 (78 bytes)"
INFO [11-06|12:38:21] ------Received ReadMsg------ 
AddReady from: [130 169 120 179 245 150 42 91 9 87 217 238 158 239 71 46 229 91 66 241]
INFO [11-06|12:38:21] Handle BFT Msg,                          msg="msg #8 (78 bytes)"
INFO [11-06|12:38:21] ------Received ReadMsg------ 
AddReady from: [89 132 67 241 136 14 245 133 178 31 29 117 133 189 5 119 64 40 97 229]
INFO [11-06|12:38:21] send Ready msg 
INFO [11-06|12:38:21] send Ready msg 
INFO [11-06|12:38:21] send Ready msg 
INFO [11-06|12:38:21] Handle BFT Msg,                          msg="msg #8 (78 bytes)"
INFO [11-06|12:38:21] ------Received ReadMsg------ 
INFO [11-06|12:38:21] Handle BFT Msg,                          msg="msg #8 (78 bytes)"
INFO [11-06|12:38:21] ------Received ReadMsg------ 
AddReady from: [89 132 67 241 136 14 245 133 178 31 29 117 133 189 5 119 64 40 97 229]
AddReady from: [89 132 67 241 136 14 245 133 178 31 29 117 133 189 5 119 64 40 97 229]
ready: 4 need: 2.6666667
ready: 4 need: 2.6666667
INFO [11-06|12:38:21] send Ready msg 
INFO [11-06|12:38:21] send Ready msg 
INFO [11-06|12:38:21] send Ready msg 
INFO [11-06|12:38:21] Handle BFT Msg,                          msg="msg #8 (78 bytes)"
INFO [11-06|12:38:21] ------Received ReadMsg------ 
AddReady from: [125 87 122 89 123 39 66 180 152 203 92 240 194 108 220 215 38 211 158 110]
INFO [11-06|12:38:21] Handle BFT Msg,                          msg="msg #8 (78 bytes)"
INFO [11-06|12:38:21] ------Received ReadMsg------ 
INFO [11-06|12:38:21] Handle BFT Msg,                          msg="msg #8 (78 bytes)"
INFO [11-06|12:38:21] ------Received ReadMsg------ 
AddReady from: [125 87 122 89 123 39 66 180 152 203 92 240 194 108 220 215 38 211 158 110]
AddReady from: [125 87 122 89 123 39 66 180 152 203 92 240 194 108 220 215 38 211 158 110]
INFO [11-06|12:38:21] -----------------consensusManager Ready------------------------- 
INFO [11-06|12:38:21] Handle BFT Msg,                          msg="msg #8 (78 bytes)"
INFO [11-06|12:38:21] ------Received ReadMsg------ 
AddReady from: [220 236 234 243 252 92 10 99 209 149 214 155 26 144 1 27 123 25 101 13]
INFO [11-06|12:38:21] send Ready msg 
INFO [11-06|12:38:21] send Ready msg 
INFO [11-06|12:38:21] send Ready msg 
INFO [11-06|12:38:21] Handle BFT Msg,                          msg="msg #8 (78 bytes)"
INFO [11-06|12:38:21] ------Received ReadMsg------ 
INFO [11-06|12:38:21] Handle BFT Msg,                          msg="msg #8 (78 bytes)"
INFO [11-06|12:38:21] ------Received ReadMsg------ 
AddReady from: [220 236 234 243 252 92 10 99 209 149 214 155 26 144 1 27 123 25 101 13]
AddReady from: [220 236 234 243 252 92 10 99 209 149 214 155 26 144 1 27 123 25 101 13]
INFO [11-06|12:38:21] Handle BFT Msg,                          msg="msg #8 (78 bytes)"
INFO [11-06|12:38:21] ------Received ReadMsg------ 
AddReady from: [220 236 234 243 252 92 10 99 209 149 214 155 26 144 1 27 123 25 101 13]
INFO [11-06|12:38:21] Handle BFT Msg,                          msg="msg #8 (78 bytes)"
INFO [11-06|12:38:21] ------Received ReadMsg------ 
INFO [11-06|12:38:21] Handle BFT Msg,                          msg="msg #8 (78 bytes)"
INFO [11-06|12:38:21] ------Received ReadMsg------ 
AddReady from: [130 169 120 179 245 150 42 91 9 87 217 238 158 239 71 46 229 91 66 241]
INFO [11-06|12:38:21] send Ready msg 
INFO [11-06|12:38:21] send Ready msg 
AddReady from: [130 169 120 179 245 150 42 91 9 87 217 238 158 239 71 46 229 91 66 241]
INFO [11-06|12:38:21] Handle BFT Msg,                          msg="msg #8 (78 bytes)"
INFO [11-06|12:38:21] ------Received ReadMsg------ 
AddReady from: [130 169 120 179 245 150 42 91 9 87 217 238 158 239 71 46 229 91 66 241]
INFO [11-06|12:38:21] send Ready msg 
INFO [11-06|12:38:21] send Ready msg 
INFO [11-06|12:38:21] send Ready msg 
INFO [11-06|12:40:33] Transaction pool price threshold updated price=18000000000
INFO [11-06|12:40:33] Starting mining operation 
INFO [11-06|12:40:38] Commit new mining work                   number=1 txs=1598 uncles=0 elapsed=4.469s
INFO [11-06|12:40:38] Sealing                                  block n=1
StartConsensus, 1541479238073074000
INFO [11-06|12:40:38] Start Process 
INFO [11-06|12:40:38] in cm.Process, check lastCommittingLockset() 
INFO [11-06|12:40:38] In IsValid() 
len(lockset.Votes): 1 lockset.EligibleVotesNum: 0
INFO [11-06|12:40:38] in HasQuorum 
INFO [11-06|12:40:38] In IsValid() 
len(lockset.Votes): 1 lockset.EligibleVotesNum: 0
=====CM.COINBASE IS:===== [125 87 122 89 123 39 66 180 152 203 92 240 194 108 220 215 38 211 158 110] block number is: 1
INFO [11-06|12:40:38] case: default, cm.process 
ready: 4 need: 2.6666667
INFO [11-06|12:40:38] ---------------process------------------ 
INFO [11-06|12:40:38] In RM Process                            height=1 round=0
INFO [11-06|12:40:38] --------In rm.propose------- 
INFO [11-06|12:40:38] I am a proposer in                       height=1 round=0
INFO [11-06|12:40:38] in propose, check lastRoundLockset 
lastRoundLockset, hm.activeround: 0
INFO [11-06|12:40:38] ------in mkProposal------ 
INFO [11-06|12:40:38] In IsValid() 
len(lockset.Votes): 1 lockset.EligibleVotesNum: 0
INFO [11-06|12:40:38] in HasQuorum 
INFO [11-06|12:40:38] In IsValid() 
len(lockset.Votes): 1 lockset.EligibleVotesNum: 0
INFO [11-06|12:40:38] LockSet(R-1) is nil (rm.round should equal to zero) 
INFO [11-06|12:40:38] in HasQuorum 
INFO [11-06|12:40:38] In IsValid() 
len(lockset.Votes): 1 lockset.EligibleVotesNum: 0
INFO [11-06|12:40:38] in HasQuorum 
INFO [11-06|12:40:38] In IsValid() 
len(lockset.Votes): 1 lockset.EligibleVotesNum: 0
Create block blockhash :  [81 11 6 40 191 181 34 54 165 222 127 81 156 187 189 113 168 59 171 101 151 177 189 19 2 124 46 155 94 75 111 254]
INFO [11-06|12:40:38] In addBlockCandidates!! 
INFO [11-06|12:40:38] Send NewBlockProposalMsg:                LOG15_ERROR= LOG15_ERROR="Normalized odd number of arguments by adding nil"
INFO [11-06|12:40:38] ---------------in rm.vote----------------- 
INFO [11-06|12:40:38] in vote in RM                            height=1 round=0
INFO [11-06|12:40:38] Timeout time not reach, curr vs timeout: curr=1541479238.000 timeout=1541479243.000
INFO [11-06|12:40:38] in rm.process, check lockset HasQuorum 
INFO [11-06|12:40:38] in HasQuorum 
INFO [11-06|12:40:38] In IsValid() 
len(lockset.Votes): 0 lockset.EligibleVotesNum: 4
INFO [11-06|12:40:38] rm lockset is not valid yet 
INFO [11-06|12:40:38] after cm.process() 
INFO [11-06|12:40:38] Handle BFT Msg,                          msg="msg #18 (345 bytes)"
INFO [11-06|12:40:38] ------Received MsigProposalMsg------ 
mpHR: H: 1 R: 0 hash: [81 11 6 40 191 181 34 54 165 222 127 81 156 187 189 113 168 59 171 101 151 177 189 19 2 124 46 155 94 75 111 254]
cmHR: H: 1 R: 0
INFO [11-06|12:40:38] --------------------------------------- 
INFO [11-06|12:40:38] in MsigFinished 
len(mp.Msig.MsigVs): 2 mp.MsigVs: [0 27]
INFO [11-06|12:40:38] In addMsig I am leader 
mp= [[0 0 0 0 0 0 0 0 0 0 0 0 0 0 0 0 0 0 0 0] [220 236 234 243 252 92 10 99 209 149 214 155 26 144 1 27 123 25 101 13]]
INFO [11-06|12:40:38] in bfthandler Send MsigProposalMsg 
INFO [11-06|12:40:38] Sending MsigProposalMsg 
INFO [11-06|12:40:38] Sending MsigProposalMsg 
INFO [11-06|12:40:38] Sending MsigProposalMsg 
INFO [11-06|12:40:38] ------addmsigproposal success!------- 
INFO [11-06|12:40:38] case: default, cm.process 
ready: 4 need: 2.6666667
INFO [11-06|12:40:38] ---------------process------------------ 
INFO [11-06|12:40:38] In RM Process                            height=1 round=0
INFO [11-06|12:40:38] --------In rm.propose------- 
INFO [11-06|12:40:38] I am a proposer in                       height=1 round=0
INFO [11-06|12:40:38] ---------------in rm.vote----------------- 
INFO [11-06|12:40:38] in vote in RM                            height=1 round=0
INFO [11-06|12:40:38] vote mp 
INFO [11-06|12:40:38] vote success in                          height=1 round=0
INFO [11-06|12:40:38] Send VoteMsg 
INFO [11-06|12:40:38] in rm.process, check lockset HasQuorum 
INFO [11-06|12:40:38] in HasQuorum 
INFO [11-06|12:40:38] In IsValid() 
len(lockset.Votes): 1 lockset.EligibleVotesNum: 4
INFO [11-06|12:40:38] rm lockset is not valid yet 
INFO [11-06|12:40:38] after cm.process() 
INFO [11-06|12:40:38] Handle BFT Msg,                          msg="msg #17 (107 bytes)"
INFO [11-06|12:40:38] ------Received VoteMsg------ 
voteHR: H: 1 R: 0 voteType:: 1 voteHash: [81 11 6 40 191 181 34 54 165 222 127 81 156 187 189 113 168 59 171 101 151 177 189 19 2 124 46 155 94 75 111 254]
cmHR: H: 1 R: 0
INFO [11-06|12:40:38] --------------------------------------- 
INFO [11-06|12:40:38] addVote to                               height=1 round=0 from=0xdceceaf3fc5c0a63d195d69b1a90011b7b19650d success=true cm.coinbase=0x7d577a597b2742b498cb5cf0c26cdcd726d39e6e
INFO [11-06|12:40:38] ------in handle VoteMsg, success!------ 
INFO [11-06|12:40:38] Handle BFT Msg,                          msg="msg #17 (107 bytes)"
INFO [11-06|12:40:38] ------Received VoteMsg------ 
voteHR: H: 1 R: 0 voteType:: 1 voteHash: [81 11 6 40 191 181 34 54 165 222 127 81 156 187 189 113 168 59 171 101 151 177 189 19 2 124 46 155 94 75 111 254]
cmHR: H: 1 R: 0
INFO [11-06|12:40:38] --------------------------------------- 
INFO [11-06|12:40:38] addVote to                               height=1 round=0 from=0x82a978b3f5962a5b0957d9ee9eef472ee55b42f1 success=true cm.coinbase=0x7d577a597b2742b498cb5cf0c26cdcd726d39e6e
INFO [11-06|12:40:38] ------in handle VoteMsg, success!------ 
INFO [11-06|12:40:38] Handle BFT Msg,                          msg="msg #17 (107 bytes)"
INFO [11-06|12:40:38] ------Received VoteMsg------ 
voteHR: H: 1 R: 0 voteType:: 1 voteHash: [81 11 6 40 191 181 34 54 165 222 127 81 156 187 189 113 168 59 171 101 151 177 189 19 2 124 46 155 94 75 111 254]
cmHR: H: 1 R: 0
INFO [11-06|12:40:38] --------------------------------------- 
INFO [11-06|12:40:38] addVote to                               height=1 round=0 from=0x598443f1880ef585b21f1d7585bd0577402861e5 success=true cm.coinbase=0x7d577a597b2742b498cb5cf0c26cdcd726d39e6e
INFO [11-06|12:40:38] ------in handle VoteMsg, success!------ 
INFO [11-06|12:40:38] case: default, cm.process 
ready: 4 need: 2.6666667
INFO [11-06|12:40:38] ---------------process------------------ 
INFO [11-06|12:40:38] In RM Process                            height=1 round=0
INFO [11-06|12:40:38] --------In rm.propose------- 
INFO [11-06|12:40:38] I am a proposer in                       height=1 round=0
INFO [11-06|12:40:38] ---------------in rm.vote----------------- 
INFO [11-06|12:40:38] voted 
INFO [11-06|12:40:38] in rm.process, check lockset HasQuorum 
INFO [11-06|12:40:38] in HasQuorum 
INFO [11-06|12:40:38] In IsValid() 
len(lockset.Votes): 4 lockset.EligibleVotesNum: 4
INFO [11-06|12:40:38] There is a quorum                        height=1 round=0
INFO [11-06|12:40:38] ============in cm.commitLockset============ 
INFO [11-06|12:40:38] in commitLockset, check ls HasQuorum 
INFO [11-06|12:40:38] in HasQuorum 
INFO [11-06|12:40:38] In IsValid() 
len(lockset.Votes): 4 lockset.EligibleVotesNum: 4
INFO [11-06|12:40:38] cm.found is not nil 
INFO [11-06|12:40:38] store lockset 
INFO [11-06|12:40:38] ---storeLockset--- 
INFO [11-06|12:40:38] have a consensus on the block 
ConsensusTime, 305452818 , txs, 1598 , blockNum, 1
FinishedConsensus, 1541479238378489000
INFO [11-06|12:40:38] after cm.process() 
INFO [11-06|12:40:38] Successfully sealed new block            number=1 hash=510b06…4b6ffe
INFO [11-06|12:40:38] === Finished Mine() === 
INFO [11-06|12:40:38] ---atomic.LoadInt32(&self.mining) == 1 && work.tcount == 0--- 
INFO [11-06|12:40:38] in pool.evenLoop, call pool.resetState 
INFO [11-06|12:40:38] 🔨 mined potential block                  number=1 hash=510b06…4b6ffe
INFO [11-06|12:40:42] Handle BFT Msg,                          msg="msg #11 (173334 bytes)"
INFO [11-06|12:40:42] -------Received NewBlockProposalMsg------- 
bpHR: H: 2 R: 0
cmHR: H: 2 R: 0
INFO [11-06|12:40:42] --------------------------------------- 
INFO [11-06|12:40:42] Handle BFT Msg,                          msg="msg #17 (107 bytes)"
INFO [11-06|12:40:42] ------Received VoteMsg------ 
voteHR: H: 2 R: 0 voteType:: 1 voteHash: [148 94 138 218 142 151 117 119 199 111 117 188 253 51 20 91 166 218 225 184 243 9 55 80 98 194 0 212 248 237 199 184]
cmHR: H: 2 R: 0
INFO [11-06|12:40:42] --------------------------------------- 
INFO [11-06|12:40:42] addVote to                               height=2 round=0 from=0x598443f1880ef585b21f1d7585bd0577402861e5 success=true cm.coinbase=0x7d577a597b2742b498cb5cf0c26cdcd726d39e6e
INFO [11-06|12:40:42] ------in handle VoteMsg, success!------ 
# collMsig from = Peer 94dd98401cf6ca04 [eth/63]
cmHR: H: 2 R: 0
this is rm.proposerPeer  Peer 94dd98401cf6ca04 [eth/63]
INFO [11-06|12:40:42] In IsValid() 
len(lockset.Votes): 0 lockset.EligibleVotesNum: 0
INFO [11-06|12:40:42] cm add BlockProposal                     h=2 r=0
INFO [11-06|12:40:42] in HasQuorum 
INFO [11-06|12:40:42] In IsValid() 
len(lockset.Votes): 4 lockset.EligibleVotesNum: 4
INFO [11-06|12:40:42] In addBlockCandidates!! 
INFO [11-06|12:40:42] -------in handle NewBlockProposalMsg, success!------- 
INFO [11-06|12:40:42] Handle BFT Msg,                          msg="msg #18 (662 bytes)"
INFO [11-06|12:40:42] ------Received MsigProposalMsg------ 
mpHR: H: 2 R: 0 hash: [148 94 138 218 142 151 117 119 199 111 117 188 253 51 20 91 166 218 225 184 243 9 55 80 98 194 0 212 248 237 199 184]
cmHR: H: 2 R: 0
INFO [11-06|12:40:42] --------------------------------------- 
INFO [11-06|12:40:42] in MsigFinished 
len(mp.Msig.MsigVs): 2 mp.MsigVs: [0 28]
INFO [11-06|12:40:42] ------addmsigproposal success!------- 
INFO [11-06|12:40:42] Handle BFT Msg,                          msg="msg #17 (107 bytes)"
INFO [11-06|12:40:42] ------Received VoteMsg------ 
voteHR: H: 2 R: 0 voteType:: 1 voteHash: [148 94 138 218 142 151 117 119 199 111 117 188 253 51 20 91 166 218 225 184 243 9 55 80 98 194 0 212 248 237 199 184]
cmHR: H: 2 R: 0
INFO [11-06|12:40:42] --------------------------------------- 
INFO [11-06|12:40:42] addVote to                               height=2 round=0 from=0xdceceaf3fc5c0a63d195d69b1a90011b7b19650d success=true cm.coinbase=0x7d577a597b2742b498cb5cf0c26cdcd726d39e6e
INFO [11-06|12:40:42] ------in handle VoteMsg, success!------ 
INFO [11-06|12:40:42] Handle BFT Msg,                          msg="msg #17 (107 bytes)"
INFO [11-06|12:40:42] ------Received VoteMsg------ 
voteHR: H: 2 R: 0 voteType:: 1 voteHash: [148 94 138 218 142 151 117 119 199 111 117 188 253 51 20 91 166 218 225 184 243 9 55 80 98 194 0 212 248 237 199 184]
cmHR: H: 2 R: 0
INFO [11-06|12:40:42] --------------------------------------- 
INFO [11-06|12:40:42] addVote to                               height=2 round=0 from=0x82a978b3f5962a5b0957d9ee9eef472ee55b42f1 success=true cm.coinbase=0x7d577a597b2742b498cb5cf0c26cdcd726d39e6e
INFO [11-06|12:40:42] ------in handle VoteMsg, success!------ 
INFO [11-06|12:40:43] ***in BFT.VVVVerifyHeader*** 
INFO [11-06|12:40:43] ***in BFT.verifyHeader*** 
INFO [11-06|12:40:43] ***in BFT.verifySeal*** 
INFO [11-06|12:40:43] In verifyVotes 
INFO [11-06|12:40:43] ***in sync.request()*** 
INFO [11-06|12:40:43] In verifyVotes 
INFO [11-06|12:40:43] ***in sync.request()*** 
INFO [11-06|12:40:43] In verifyVotes 
INFO [11-06|12:40:43] ***in sync.request()*** 
INFO [11-06|12:40:43] Handle BFT Msg,                          msg="msg #10 (328 bytes)"
INFO [11-06|12:40:43] -------Received LocksetMsg------- 
lockset: &{<nil> 0 0 0 4 [0xc428eec060 0xc428eec0c0 0xc428eec120] false}
INFO [11-06|12:40:43] in HasQuorum 
INFO [11-06|12:40:43] In IsValid() 
len(lockset.Votes): 3 lockset.EligibleVotesNum: 4
INFO [11-06|12:40:43] ---storeLockset--- 
INFO [11-06|12:40:43] Commit new mining work                   number=2 txs=1599 uncles=0 elapsed=2.459s
INFO [11-06|12:40:43] Sealing                                  block n=2
StartConsensus, 1541479243885431000
INFO [11-06|12:40:43] Start Process 
INFO [11-06|12:40:43] in cm.Process, check lastCommittingLockset() 
INFO [11-06|12:40:43] In IsValid() 
len(lockset.Votes): 4 lockset.EligibleVotesNum: 4
INFO [11-06|12:40:43] in HasQuorum 
INFO [11-06|12:40:43] In IsValid() 
len(lockset.Votes): 4 lockset.EligibleVotesNum: 4
=====CM.COINBASE IS:===== [125 87 122 89 123 39 66 180 152 203 92 240 194 108 220 215 38 211 158 110] block number is: 2
INFO [11-06|12:40:43] case: default, cm.process 
ready: 4 need: 2.6666667
INFO [11-06|12:40:43] ---------------process------------------ 
INFO [11-06|12:40:43] In RM Process                            height=2 round=0
INFO [11-06|12:40:43] --------In rm.propose------- 
INFO [11-06|12:40:43] ---------------in rm.vote----------------- 
INFO [11-06|12:40:43] in vote in RM                            height=2 round=0
INFO [11-06|12:40:43] vote mp 
INFO [11-06|12:40:43] vote success in                          height=2 round=0
INFO [11-06|12:40:43] Send VoteMsg 
INFO [11-06|12:40:43] in rm.process, check lockset HasQuorum 
INFO [11-06|12:40:43] in HasQuorum 
INFO [11-06|12:40:43] In IsValid() 
len(lockset.Votes): 4 lockset.EligibleVotesNum: 4
INFO [11-06|12:40:43] There is a quorum                        height=2 round=0
--- in rm.process p.id: --- Peer 94dd98401cf6ca04 [eth/63]
INFO [11-06|12:40:43] ============in cm.commitLockset============ 
INFO [11-06|12:40:43] in commitLockset, check ls HasQuorum 
INFO [11-06|12:40:43] in HasQuorum 
INFO [11-06|12:40:43] In IsValid() 
len(lockset.Votes): 4 lockset.EligibleVotesNum: 4
INFO [11-06|12:40:43] cm.found is not nil 
INFO [11-06|12:40:43] store lockset 
peerid: 94dd98401cf6ca04
INFO [11-06|12:40:43] ---storeLockset--- 
INFO [11-06|12:40:43] have a consensus on the block 
cmH 2
INFO [11-06|12:40:43] result.Header().Coinbase != b.signer 
INFO [11-06|12:40:43] in validatorCommit1 
result.Header().Coinbase: [220 236 234 243 252 92 10 99 209 149 214 155 26 144 1 27 123 25 101 13] b.signer: [125 87 122 89 123 39 66 180 152 203 92 240 194 108 220 215 38 211 158 110]
INFO [11-06|12:40:43] after cm.process() 
ConsensusTime, 3700221 , txs, 1599 , blockNum, 2
pid: 94dd98401cf6ca04
FinishedConsensus, 1541479243889167000
INFO [11-06|12:40:43] result is nil 
INFO [11-06|12:40:43] === Finished Mine() === 
block number 2
-------in NewBFTValidatorBlock-------
INFO [11-06|12:40:43] in validatorCommit2 
validatorCommit time: 210.008µs
INFO [11-06|12:40:43] **in eth.handler**, get result from ch 
INFO [11-06|12:40:43] In verifyVotes 
INFO [11-06|12:40:43] in HasQuorum 
INFO [11-06|12:40:43] In IsValid() 
len(lockset.Votes): 4 lockset.EligibleVotesNum: 4
INFO [11-06|12:40:43] ***in BFT.VerifyHeaderSSSS*** 
INFO [11-06|12:40:43] ***in BFT.verifyHeader*** 
INFO [11-06|12:40:43] ***in BFT.verifySeal*** 
INFO [11-06|12:40:43] In verifyVotes 
INFO [11-06|12:40:43] in HasQuorum 
INFO [11-06|12:40:43] In IsValid() 
len(lockset.Votes): 4 lockset.EligibleVotesNum: 4
INFO [11-06|12:40:45] Imported new chain segment               blocks=1 txs=1599 mgas=33.579 elapsed=1.610s    mgasps=20.846 number=2 hash=945e8a…edc7b8
FinishedPostExec, 1541479245571556000 , txs, 1599
PostExecTime, 1.610782431s
INFO [11-06|12:40:45] in pool.evenLoop, call pool.resetState 
INFO [11-06|12:40:47] Handle BFT Msg,                          msg="msg #11 (173336 bytes)"
INFO [11-06|12:40:47] -------Received NewBlockProposalMsg------- 
bpHR: H: 3 R: 0
cmHR: H: 3 R: 0
INFO [11-06|12:40:47] --------------------------------------- 
# collMsig from = Peer d9d5b902798f5c42 [eth/63]
cmHR: H: 3 R: 0
this is rm.proposerPeer  Peer d9d5b902798f5c42 [eth/63]
INFO [11-06|12:40:47] In IsValid() 
len(lockset.Votes): 0 lockset.EligibleVotesNum: 0
INFO [11-06|12:40:47] cm add BlockProposal                     h=3 r=0
INFO [11-06|12:40:47] in HasQuorum 
INFO [11-06|12:40:47] In IsValid() 
len(lockset.Votes): 4 lockset.EligibleVotesNum: 4
INFO [11-06|12:40:47] In addBlockCandidates!! 
INFO [11-06|12:40:47] -------in handle NewBlockProposalMsg, success!------- 
INFO [11-06|12:40:47] Handle BFT Msg,                          msg="msg #18 (662 bytes)"
INFO [11-06|12:40:47] ------Received MsigProposalMsg------ 
mpHR: H: 3 R: 0 hash: [183 87 150 235 149 154 240 163 139 188 216 176 168 60 172 123 18 17 128 38 34 98 236 55 34 77 138 51 9 167 185 122]
cmHR: H: 3 R: 0
INFO [11-06|12:40:47] --------------------------------------- 
INFO [11-06|12:40:47] in MsigFinished 
len(mp.Msig.MsigVs): 2 mp.MsigVs: [0 28]
INFO [11-06|12:40:47] ------addmsigproposal success!------- 
INFO [11-06|12:40:47] Handle BFT Msg,                          msg="msg #17 (107 bytes)"
INFO [11-06|12:40:47] ------Received VoteMsg------ 
voteHR: H: 3 R: 0 voteType:: 1 voteHash: [183 87 150 235 149 154 240 163 139 188 216 176 168 60 172 123 18 17 128 38 34 98 236 55 34 77 138 51 9 167 185 122]
cmHR: H: 3 R: 0
INFO [11-06|12:40:47] --------------------------------------- 
INFO [11-06|12:40:47] addVote to                               height=3 round=0 from=0x82a978b3f5962a5b0957d9ee9eef472ee55b42f1 success=true cm.coinbase=0x7d577a597b2742b498cb5cf0c26cdcd726d39e6e
INFO [11-06|12:40:47] ------in handle VoteMsg, success!------ 
INFO [11-06|12:40:47] Handle BFT Msg,                          msg="msg #17 (107 bytes)"
INFO [11-06|12:40:47] ------Received VoteMsg------ 
voteHR: H: 3 R: 0 voteType:: 1 voteHash: [183 87 150 235 149 154 240 163 139 188 216 176 168 60 172 123 18 17 128 38 34 98 236 55 34 77 138 51 9 167 185 122]
cmHR: H: 3 R: 0
INFO [11-06|12:40:47] --------------------------------------- 
INFO [11-06|12:40:47] addVote to                               height=3 round=0 from=0x598443f1880ef585b21f1d7585bd0577402861e5 success=true cm.coinbase=0x7d577a597b2742b498cb5cf0c26cdcd726d39e6e
INFO [11-06|12:40:47] ------in handle VoteMsg, success!------ 
INFO [11-06|12:40:47] Handle BFT Msg,                          msg="msg #17 (107 bytes)"
INFO [11-06|12:40:47] ------Received VoteMsg------ 
voteHR: H: 3 R: 0 voteType:: 1 voteHash: [183 87 150 235 149 154 240 163 139 188 216 176 168 60 172 123 18 17 128 38 34 98 236 55 34 77 138 51 9 167 185 122]
cmHR: H: 3 R: 0
INFO [11-06|12:40:47] --------------------------------------- 
INFO [11-06|12:40:47] addVote to                               height=3 round=0 from=0xdceceaf3fc5c0a63d195d69b1a90011b7b19650d success=true cm.coinbase=0x7d577a597b2742b498cb5cf0c26cdcd726d39e6e
INFO [11-06|12:40:47] ------in handle VoteMsg, success!------ 
INFO [11-06|12:40:47] Handle BFT Msg,                          msg="msg #9 (3 bytes)"
INFO [11-06|12:40:47] -------GetLocksetsMsg------- 
GetLockSetsMsg request:  [{3}] from:  d67104e65b61fca1
INFO [11-06|12:40:47] Request future block 
INFO [11-06|12:40:48] Commit new mining work                   number=3 txs=1599 uncles=0 elapsed=2.501s
INFO [11-06|12:40:48] Sealing                                  block n=3
StartConsensus, 1541479248073779000
INFO [11-06|12:40:48] Start Process 
INFO [11-06|12:40:48] in cm.Process, check lastCommittingLockset() 
INFO [11-06|12:40:48] In IsValid() 
len(lockset.Votes): 4 lockset.EligibleVotesNum: 4
INFO [11-06|12:40:48] in HasQuorum 
INFO [11-06|12:40:48] In IsValid() 
len(lockset.Votes): 4 lockset.EligibleVotesNum: 4
=====CM.COINBASE IS:===== [125 87 122 89 123 39 66 180 152 203 92 240 194 108 220 215 38 211 158 110] block number is: 3
INFO [11-06|12:40:48] case: default, cm.process 
ready: 4 need: 2.6666667
INFO [11-06|12:40:48] ---------------process------------------ 
INFO [11-06|12:40:48] In RM Process                            height=3 round=0
INFO [11-06|12:40:48] --------In rm.propose------- 
INFO [11-06|12:40:48] ---------------in rm.vote----------------- 
INFO [11-06|12:40:48] in vote in RM                            height=3 round=0
INFO [11-06|12:40:48] vote mp 
INFO [11-06|12:40:48] vote success in                          height=3 round=0
INFO [11-06|12:40:48] Send VoteMsg 
INFO [11-06|12:40:48] in rm.process, check lockset HasQuorum 
INFO [11-06|12:40:48] in HasQuorum 
INFO [11-06|12:40:48] In IsValid() 
len(lockset.Votes): 4 lockset.EligibleVotesNum: 4
INFO [11-06|12:40:48] There is a quorum                        height=3 round=0
--- in rm.process p.id: --- Peer d9d5b902798f5c42 [eth/63]
INFO [11-06|12:40:48] ============in cm.commitLockset============ 
INFO [11-06|12:40:48] in commitLockset, check ls HasQuorum 
INFO [11-06|12:40:48] in HasQuorum 
INFO [11-06|12:40:48] In IsValid() 
len(lockset.Votes): 4 lockset.EligibleVotesNum: 4
INFO [11-06|12:40:48] cm.found is not nil 
INFO [11-06|12:40:48] have a consensus on the block 
INFO [11-06|12:40:48] result.Header().Coinbase != b.signer 
result.Header().Coinbase: [89 132 67 241 136 14 245 133 178 31 29 117 133 189 5 119 64 40 97 229] b.signer: [125 87 122 89 123 39 66 180 152 203 92 240 194 108 220 215 38 211 158 110]
ConsensusTime, 40120804 , txs, 1599 , blockNum, 3
FinishedConsensus, 1541479248113924000
INFO [11-06|12:40:48] result is nil 
INFO [11-06|12:40:48] === Finished Mine() === 
INFO [11-06|12:40:48] store lockset 
peerid: d9d5b902798f5c42
cmH 3
INFO [11-06|12:40:48] in validatorCommit1 
pid: d9d5b902798f5c42
block number 3
-------in NewBFTValidatorBlock-------
INFO [11-06|12:40:48] in validatorCommit2 
validatorCommit time: 93.51µs
INFO [11-06|12:40:48] **in eth.handler**, get result from ch 
INFO [11-06|12:40:48] ***in BFT.VVVVerifyHeader*** 
INFO [11-06|12:40:48] ***in BFT.verifyHeader*** 
INFO [11-06|12:40:48] ***in BFT.verifySeal*** 
INFO [11-06|12:40:48] In verifyVotes 
INFO [11-06|12:40:48] ***in sync.request()*** 
INFO [11-06|12:40:48] ---storeLockset--- 
INFO [11-06|12:40:48] after cm.process() 
INFO [11-06|12:40:48] received NewBlockMsg! 
INFO [11-06|12:40:48] In verifyVotes 
INFO [11-06|12:40:48] in HasQuorum 
INFO [11-06|12:40:48] In IsValid() 
len(lockset.Votes): 4 lockset.EligibleVotesNum: 4
INFO [11-06|12:40:48] ***in BFT.VerifyHeaderSSSS*** 
INFO [11-06|12:40:48] ***in BFT.verifyHeader*** 
INFO [11-06|12:40:48] ***in BFT.verifySeal*** 
INFO [11-06|12:40:48] In verifyVotes 
INFO [11-06|12:40:48] in HasQuorum 
INFO [11-06|12:40:48] In IsValid() 
len(lockset.Votes): 4 lockset.EligibleVotesNum: 4
INFO [11-06|12:40:50] Imported new chain segment               blocks=1 txs=1599 mgas=33.579 elapsed=1.737s    mgasps=19.331 number=3 hash=b75796…a7b97a
FinishedPostExec, 1541479250056036000 , txs, 1599
PostExecTime, 1.73702031s
INFO [11-06|12:40:50] in pool.evenLoop, call pool.resetState 
INFO [11-06|12:40:52] Handle BFT Msg,                          msg="msg #11 (173453 bytes)"
INFO [11-06|12:40:52] -------Received NewBlockProposalMsg------- 
bpHR: H: 4 R: 0
cmHR: H: 4 R: 0
INFO [11-06|12:40:52] --------------------------------------- 
# collMsig from = Peer d67104e65b61fca1 [eth/63]
cmHR: H: 4 R: 0
this is rm.proposerPeer  Peer d67104e65b61fca1 [eth/63]
INFO [11-06|12:40:52] In IsValid() 
len(lockset.Votes): 0 lockset.EligibleVotesNum: 0
INFO [11-06|12:40:52] cm add BlockProposal                     h=4 r=0
INFO [11-06|12:40:52] in HasQuorum 
INFO [11-06|12:40:52] In IsValid() 
len(lockset.Votes): 4 lockset.EligibleVotesNum: 4
INFO [11-06|12:40:52] in collectMsig, i am msig wintness 
INFO [11-06|12:40:52] Return MsigProposalMsg to                LOG15_ERROR=                                                   LOG15_ERROR="Normalized odd number of arguments by adding nil"
INFO [11-06|12:40:52] Sending MsigProposalMsg 
in cm.collectMsig, mp.MsigVs: [<nil> 28]
INFO [11-06|12:40:52] In addBlockCandidates!! 
INFO [11-06|12:40:52] -------in handle NewBlockProposalMsg, success!------- 
INFO [11-06|12:40:52] Handle BFT Msg,                          msg="msg #18 (662 bytes)"
INFO [11-06|12:40:52] ------Received MsigProposalMsg------ 
mpHR: H: 4 R: 0 hash: [27 211 87 164 52 242 138 97 104 64 246 76 215 133 58 72 138 167 236 78 148 220 84 254 109 74 248 56 94 196 120 175]
cmHR: H: 4 R: 0
INFO [11-06|12:40:52] --------------------------------------- 
INFO [11-06|12:40:52] in MsigFinished 
len(mp.Msig.MsigVs): 2 mp.MsigVs: [0 28]
INFO [11-06|12:40:52] ------addmsigproposal success!------- 
INFO [11-06|12:40:52] Handle BFT Msg,                          msg="msg #17 (107 bytes)"
INFO [11-06|12:40:52] ------Received VoteMsg------ 
voteHR: H: 4 R: 0 voteType:: 1 voteHash: [27 211 87 164 52 242 138 97 104 64 246 76 215 133 58 72 138 167 236 78 148 220 84 254 109 74 248 56 94 196 120 175]
cmHR: H: 4 R: 0
INFO [11-06|12:40:52] --------------------------------------- 
INFO [11-06|12:40:52] addVote to                               height=4 round=0 from=0xdceceaf3fc5c0a63d195d69b1a90011b7b19650d success=true cm.coinbase=0x7d577a597b2742b498cb5cf0c26cdcd726d39e6e
INFO [11-06|12:40:52] ------in handle VoteMsg, success!------ 
INFO [11-06|12:40:52] Handle BFT Msg,                          msg="msg #17 (107 bytes)"
INFO [11-06|12:40:52] ------Received VoteMsg------ 
voteHR: H: 4 R: 0 voteType:: 1 voteHash: [27 211 87 164 52 242 138 97 104 64 246 76 215 133 58 72 138 167 236 78 148 220 84 254 109 74 248 56 94 196 120 175]
cmHR: H: 4 R: 0
INFO [11-06|12:40:52] --------------------------------------- 
INFO [11-06|12:40:52] addVote to                               height=4 round=0 from=0x598443f1880ef585b21f1d7585bd0577402861e5 success=true cm.coinbase=0x7d577a597b2742b498cb5cf0c26cdcd726d39e6e
INFO [11-06|12:40:52] ------in handle VoteMsg, success!------ 
INFO [11-06|12:40:52] Handle BFT Msg,                          msg="msg #17 (107 bytes)"
INFO [11-06|12:40:52] ------Received VoteMsg------ 
voteHR: H: 4 R: 0 voteType:: 1 voteHash: [27 211 87 164 52 242 138 97 104 64 246 76 215 133 58 72 138 167 236 78 148 220 84 254 109 74 248 56 94 196 120 175]
cmHR: H: 4 R: 0
INFO [11-06|12:40:52] --------------------------------------- 
INFO [11-06|12:40:52] addVote to                               height=4 round=0 from=0x82a978b3f5962a5b0957d9ee9eef472ee55b42f1 success=true cm.coinbase=0x7d577a597b2742b498cb5cf0c26cdcd726d39e6e
INFO [11-06|12:40:52] ------in handle VoteMsg, success!------ 
INFO [11-06|12:40:52] Commit new mining work                   number=4 txs=1600 uncles=0 elapsed=2.693s
INFO [11-06|12:40:52] Sealing                                  block n=4
StartConsensus, 1541479252750011000
INFO [11-06|12:40:52] Start Process 
INFO [11-06|12:40:52] in cm.Process, check lastCommittingLockset() 
INFO [11-06|12:40:52] In IsValid() 
len(lockset.Votes): 4 lockset.EligibleVotesNum: 4
INFO [11-06|12:40:52] in HasQuorum 
INFO [11-06|12:40:52] In IsValid() 
len(lockset.Votes): 4 lockset.EligibleVotesNum: 4
=====CM.COINBASE IS:===== [125 87 122 89 123 39 66 180 152 203 92 240 194 108 220 215 38 211 158 110] block number is: 4
INFO [11-06|12:40:52] case: default, cm.process 
ready: 4 need: 2.6666667
INFO [11-06|12:40:52] ---------------process------------------ 
INFO [11-06|12:40:52] In RM Process                            height=4 round=0
INFO [11-06|12:40:52] --------In rm.propose------- 
INFO [11-06|12:40:52] ---------------in rm.vote----------------- 
INFO [11-06|12:40:52] in vote in RM                            height=4 round=0
INFO [11-06|12:40:52] vote mp 
INFO [11-06|12:40:52] vote success in                          height=4 round=0
INFO [11-06|12:40:52] Send VoteMsg 
INFO [11-06|12:40:52] in rm.process, check lockset HasQuorum 
INFO [11-06|12:40:52] in HasQuorum 
INFO [11-06|12:40:52] In IsValid() 
len(lockset.Votes): 4 lockset.EligibleVotesNum: 4
INFO [11-06|12:40:52] There is a quorum                        height=4 round=0
--- in rm.process p.id: --- Peer d67104e65b61fca1 [eth/63]
INFO [11-06|12:40:52] ============in cm.commitLockset============ 
INFO [11-06|12:40:52] in commitLockset, check ls HasQuorum 
INFO [11-06|12:40:52] in HasQuorum 
INFO [11-06|12:40:52] In IsValid() 
len(lockset.Votes): 4 lockset.EligibleVotesNum: 4
INFO [11-06|12:40:52] cm.found is not nil 
INFO [11-06|12:40:52] store lockset 
peerid: d67104e65b61fca1
INFO [11-06|12:40:52] ---storeLockset--- 
INFO [11-06|12:40:52] after cm.process() 
cmH 4
INFO [11-06|12:40:52] in validatorCommit1 
pid: d67104e65b61fca1
block number 4
-------in NewBFTValidatorBlock-------
INFO [11-06|12:40:52] in validatorCommit2 
validatorCommit time: 78.745µs
INFO [11-06|12:40:52] **in eth.handler**, get result from ch 
INFO [11-06|12:40:52] ***in BFT.VVVVerifyHeader*** 
INFO [11-06|12:40:52] ***in BFT.verifyHeader*** 
INFO [11-06|12:40:52] ***in BFT.verifySeal*** 
INFO [11-06|12:40:52] In verifyVotes 
INFO [11-06|12:40:52] in HasQuorum 
INFO [11-06|12:40:52] In IsValid() 
len(lockset.Votes): 4 lockset.EligibleVotesNum: 4
INFO [11-06|12:40:52] ***in BFT.VerifyHeaderSSSS*** 
INFO [11-06|12:40:52] ***in BFT.verifyHeader*** 
INFO [11-06|12:40:52] ***in BFT.verifySeal*** 
INFO [11-06|12:40:52] In verifyVotes 
INFO [11-06|12:40:52] in HasQuorum 
INFO [11-06|12:40:52] In IsValid() 
len(lockset.Votes): 4 lockset.EligibleVotesNum: 4
INFO [11-06|12:40:52] have a consensus on the block 
INFO [11-06|12:40:52] result.Header().Coinbase != b.signer 
result.Header().Coinbase: [130 169 120 179 245 150 42 91 9 87 217 238 158 239 71 46 229 91 66 241] b.signer: [125 87 122 89 123 39 66 180 152 203 92 240 194 108 220 215 38 211 158 110]
ConsensusTime, 9849809 , txs, 1600 , blockNum, 4
FinishedConsensus, 1541479252759901000
INFO [11-06|12:40:52] result is nil 
INFO [11-06|12:40:52] === Finished Mine() === 
INFO [11-06|12:40:54] Imported new chain segment               blocks=1 txs=1600 mgas=33.600 elapsed=1.794s    mgasps=18.724 number=4 hash=1bd357…c478af
FinishedPostExec, 1541479254547806000 , txs, 1600
PostExecTime, 1.79451853s
INFO [11-06|12:40:54] in pool.evenLoop, call pool.resetState 
INFO [11-06|12:40:57] Commit new mining work                   number=5 txs=1601 uncles=0 elapsed=2.696s
INFO [11-06|12:40:57] Sealing                                  block n=5
StartConsensus, 1541479257244286000
INFO [11-06|12:40:57] Start Process 
INFO [11-06|12:40:57] in cm.Process, check lastCommittingLockset() 
INFO [11-06|12:40:57] In IsValid() 
len(lockset.Votes): 4 lockset.EligibleVotesNum: 4
INFO [11-06|12:40:57] in HasQuorum 
INFO [11-06|12:40:57] In IsValid() 
len(lockset.Votes): 4 lockset.EligibleVotesNum: 4
=====CM.COINBASE IS:===== [125 87 122 89 123 39 66 180 152 203 92 240 194 108 220 215 38 211 158 110] block number is: 5
INFO [11-06|12:40:57] case: default, cm.process 
ready: 4 need: 2.6666667
INFO [11-06|12:40:57] ---------------process------------------ 
INFO [11-06|12:40:57] In RM Process                            height=5 round=0
INFO [11-06|12:40:57] --------In rm.propose------- 
INFO [11-06|12:40:57] I am a proposer in                       height=5 round=0
INFO [11-06|12:40:57] in propose, check lastRoundLockset 
lastRoundLockset, hm.activeround: 0
INFO [11-06|12:40:57] ------in mkProposal------ 
INFO [11-06|12:40:57] In IsValid() 
len(lockset.Votes): 4 lockset.EligibleVotesNum: 4
INFO [11-06|12:40:57] in HasQuorum 
INFO [11-06|12:40:57] In IsValid() 
len(lockset.Votes): 4 lockset.EligibleVotesNum: 4
INFO [11-06|12:40:57] LockSet(R-1) is nil (rm.round should equal to zero) 
INFO [11-06|12:40:57] in HasQuorum 
INFO [11-06|12:40:57] In IsValid() 
len(lockset.Votes): 4 lockset.EligibleVotesNum: 4
INFO [11-06|12:40:57] in HasQuorum 
INFO [11-06|12:40:57] In IsValid() 
len(lockset.Votes): 4 lockset.EligibleVotesNum: 4
Create block blockhash :  [145 42 180 39 93 197 133 231 80 72 200 215 177 131 0 41 162 179 38 151 26 244 89 41 108 12 89 250 139 18 21 197]
INFO [11-06|12:40:57] In addBlockCandidates!! 
INFO [11-06|12:40:57] Send NewBlockProposalMsg:                LOG15_ERROR=                                                   LOG15_ERROR="Normalized odd number of arguments by adding nil"
INFO [11-06|12:40:57] ---------------in rm.vote----------------- 
INFO [11-06|12:40:57] in vote in RM                            height=5 round=0
INFO [11-06|12:40:57] Timeout time not reach, curr vs timeout: curr=1541479257.000 timeout=1541479262.000
INFO [11-06|12:40:57] in rm.process, check lockset HasQuorum 
INFO [11-06|12:40:57] in HasQuorum 
INFO [11-06|12:40:57] In IsValid() 
len(lockset.Votes): 0 lockset.EligibleVotesNum: 4
INFO [11-06|12:40:57] rm lockset is not valid yet 
INFO [11-06|12:40:57] after cm.process() 
INFO [11-06|12:40:57] Handle BFT Msg,                          msg="msg #18 (662 bytes)"
INFO [11-06|12:40:57] ------Received MsigProposalMsg------ 
mpHR: H: 5 R: 0 hash: [145 42 180 39 93 197 133 231 80 72 200 215 177 131 0 41 162 179 38 151 26 244 89 41 108 12 89 250 139 18 21 197]
cmHR: H: 5 R: 0
INFO [11-06|12:40:57] --------------------------------------- 
INFO [11-06|12:40:57] in MsigFinished 
len(mp.Msig.MsigVs): 2 mp.MsigVs: [0 27]
INFO [11-06|12:40:57] In addMsig I am leader 
mp= [[0 0 0 0 0 0 0 0 0 0 0 0 0 0 0 0 0 0 0 0] [220 236 234 243 252 92 10 99 209 149 214 155 26 144 1 27 123 25 101 13]]
INFO [11-06|12:40:57] in bfthandler Send MsigProposalMsg 
INFO [11-06|12:40:57] Sending MsigProposalMsg 
INFO [11-06|12:40:57] Sending MsigProposalMsg 
INFO [11-06|12:40:57] Sending MsigProposalMsg 
INFO [11-06|12:40:57] ------addmsigproposal success!------- 
INFO [11-06|12:40:57] Handle BFT Msg,                          msg="msg #17 (107 bytes)"
INFO [11-06|12:40:57] ------Received VoteMsg------ 
voteHR: H: 5 R: 0 voteType:: 1 voteHash: [145 42 180 39 93 197 133 231 80 72 200 215 177 131 0 41 162 179 38 151 26 244 89 41 108 12 89 250 139 18 21 197]
cmHR: H: 5 R: 0
INFO [11-06|12:40:57] --------------------------------------- 
INFO [11-06|12:40:57] addVote to                               height=5 round=0 from=0xdceceaf3fc5c0a63d195d69b1a90011b7b19650d success=true cm.coinbase=0x7d577a597b2742b498cb5cf0c26cdcd726d39e6e
INFO [11-06|12:40:57] ------in handle VoteMsg, success!------ 
INFO [11-06|12:40:57] Handle BFT Msg,                          msg="msg #17 (107 bytes)"
INFO [11-06|12:40:57] ------Received VoteMsg------ 
voteHR: H: 5 R: 0 voteType:: 1 voteHash: [145 42 180 39 93 197 133 231 80 72 200 215 177 131 0 41 162 179 38 151 26 244 89 41 108 12 89 250 139 18 21 197]
cmHR: H: 5 R: 0
INFO [11-06|12:40:57] --------------------------------------- 
INFO [11-06|12:40:57] addVote to                               height=5 round=0 from=0x82a978b3f5962a5b0957d9ee9eef472ee55b42f1 success=true cm.coinbase=0x7d577a597b2742b498cb5cf0c26cdcd726d39e6e
INFO [11-06|12:40:57] ------in handle VoteMsg, success!------ 
INFO [11-06|12:40:57] case: default, cm.process 
ready: 4 need: 2.6666667
INFO [11-06|12:40:57] ---------------process------------------ 
INFO [11-06|12:40:57] In RM Process                            height=5 round=0
INFO [11-06|12:40:57] --------In rm.propose------- 
INFO [11-06|12:40:57] I am a proposer in                       height=5 round=0
INFO [11-06|12:40:57] ---------------in rm.vote----------------- 
INFO [11-06|12:40:57] in vote in RM                            height=5 round=0
INFO [11-06|12:40:57] vote mp 
INFO [11-06|12:40:57] vote success in                          height=5 round=0
INFO [11-06|12:40:57] Send VoteMsg 
INFO [11-06|12:40:57] in rm.process, check lockset HasQuorum 
INFO [11-06|12:40:57] in HasQuorum 
INFO [11-06|12:40:57] In IsValid() 
len(lockset.Votes): 3 lockset.EligibleVotesNum: 4
INFO [11-06|12:40:57] There is a quorum                        height=5 round=0
INFO [11-06|12:40:57] ============in cm.commitLockset============ 
INFO [11-06|12:40:57] in commitLockset, check ls HasQuorum 
INFO [11-06|12:40:57] in HasQuorum 
INFO [11-06|12:40:57] In IsValid() 
len(lockset.Votes): 3 lockset.EligibleVotesNum: 4
INFO [11-06|12:40:57] cm.found is not nil 
INFO [11-06|12:40:57] store lockset 
INFO [11-06|12:40:57] ---storeLockset--- 
INFO [11-06|12:40:57] after cm.process() 
INFO [11-06|12:40:57] have a consensus on the block 
ConsensusTime, 162710468 , txs, 1601 , blockNum, 5
FinishedConsensus, 1541479257406979000
INFO [11-06|12:40:57] Successfully sealed new block            number=5 hash=912ab4…1215c5
INFO [11-06|12:40:57] === Finished Mine() === 
INFO [11-06|12:40:57] Handle BFT Msg,                          msg="msg #17 (107 bytes)"
INFO [11-06|12:40:57] ------Received VoteMsg------ 
voteHR: H: 5 R: 0 voteType:: 1 voteHash: [145 42 180 39 93 197 133 231 80 72 200 215 177 131 0 41 162 179 38 151 26 244 89 41 108 12 89 250 139 18 21 197]
cmHR: H: 6 R: 0
INFO [11-06|12:40:57] --------------------------------------- 
INFO [11-06|12:40:57] addVote to                               height=5 round=0 from=0x598443f1880ef585b21f1d7585bd0577402861e5 success=true cm.coinbase=0x7d577a597b2742b498cb5cf0c26cdcd726d39e6e
INFO [11-06|12:40:57] ------in handle VoteMsg, success!------ 
INFO [11-06|12:40:57] 🔨 mined potential block                  number=5 hash=912ab4…1215c5
INFO [11-06|12:40:57] ---atomic.LoadInt32(&self.mining) == 1 && work.tcount == 0--- 
INFO [11-06|12:40:57] in pool.evenLoop, call pool.resetState 
INFO [11-06|12:41:01] Handle BFT Msg,                          msg="msg #11 (174050 bytes)"
INFO [11-06|12:41:01] -------Received NewBlockProposalMsg------- 
bpHR: H: 6 R: 0
cmHR: H: 6 R: 0
INFO [11-06|12:41:01] --------------------------------------- 
# collMsig from = Peer 94dd98401cf6ca04 [eth/63]
cmHR: H: 6 R: 0
this is rm.proposerPeer  Peer 94dd98401cf6ca04 [eth/63]
INFO [11-06|12:41:01] In IsValid() 
len(lockset.Votes): 0 lockset.EligibleVotesNum: 0
INFO [11-06|12:41:01] cm add BlockProposal                     h=6 r=0
INFO [11-06|12:41:01] in HasQuorum 
INFO [11-06|12:41:01] In IsValid() 
len(lockset.Votes): 4 lockset.EligibleVotesNum: 4
INFO [11-06|12:41:01] In addBlockCandidates!! 
INFO [11-06|12:41:01] -------in handle NewBlockProposalMsg, success!------- 
INFO [11-06|12:41:01] Handle BFT Msg,                          msg="msg #17 (107 bytes)"
INFO [11-06|12:41:01] ------Received VoteMsg------ 
voteHR: H: 6 R: 0 voteType:: 1 voteHash: [91 174 170 118 173 169 132 109 36 96 114 226 118 35 21 19 186 94 14 220 153 134 122 246 92 142 10 197 31 208 197 78]
cmHR: H: 6 R: 0
INFO [11-06|12:41:01] --------------------------------------- 
INFO [11-06|12:41:01] addVote to                               height=6 round=0 from=0x598443f1880ef585b21f1d7585bd0577402861e5 success=true cm.coinbase=0x7d577a597b2742b498cb5cf0c26cdcd726d39e6e
INFO [11-06|12:41:01] ------in handle VoteMsg, success!------ 
INFO [11-06|12:41:01] Handle BFT Msg,                          msg="msg #18 (662 bytes)"
INFO [11-06|12:41:01] ------Received MsigProposalMsg------ 
mpHR: H: 6 R: 0 hash: [91 174 170 118 173 169 132 109 36 96 114 226 118 35 21 19 186 94 14 220 153 134 122 246 92 142 10 197 31 208 197 78]
cmHR: H: 6 R: 0
INFO [11-06|12:41:01] --------------------------------------- 
INFO [11-06|12:41:01] in MsigFinished 
len(mp.Msig.MsigVs): 2 mp.MsigVs: [0 28]
INFO [11-06|12:41:01] ------addmsigproposal success!------- 
INFO [11-06|12:41:01] Handle BFT Msg,                          msg="msg #17 (107 bytes)"
INFO [11-06|12:41:01] ------Received VoteMsg------ 
voteHR: H: 6 R: 0 voteType:: 1 voteHash: [91 174 170 118 173 169 132 109 36 96 114 226 118 35 21 19 186 94 14 220 153 134 122 246 92 142 10 197 31 208 197 78]
cmHR: H: 6 R: 0
INFO [11-06|12:41:01] --------------------------------------- 
INFO [11-06|12:41:01] addVote to                               height=6 round=0 from=0xdceceaf3fc5c0a63d195d69b1a90011b7b19650d success=true cm.coinbase=0x7d577a597b2742b498cb5cf0c26cdcd726d39e6e
INFO [11-06|12:41:01] ------in handle VoteMsg, success!------ 
INFO [11-06|12:41:01] Handle BFT Msg,                          msg="msg #17 (107 bytes)"
INFO [11-06|12:41:01] ------Received VoteMsg------ 
voteHR: H: 6 R: 0 voteType:: 1 voteHash: [91 174 170 118 173 169 132 109 36 96 114 226 118 35 21 19 186 94 14 220 153 134 122 246 92 142 10 197 31 208 197 78]
cmHR: H: 6 R: 0
INFO [11-06|12:41:01] --------------------------------------- 
INFO [11-06|12:41:01] addVote to                               height=6 round=0 from=0x82a978b3f5962a5b0957d9ee9eef472ee55b42f1 success=true cm.coinbase=0x7d577a597b2742b498cb5cf0c26cdcd726d39e6e
INFO [11-06|12:41:01] ------in handle VoteMsg, success!------ 
INFO [11-06|12:41:01] received NewBlockMsg! 
INFO [11-06|12:41:01] ***in BFT.VVVVerifyHeader*** 
INFO [11-06|12:41:01] ***in BFT.verifyHeader*** 
INFO [11-06|12:41:01] ***in BFT.verifySeal*** 
INFO [11-06|12:41:01] In verifyVotes 
INFO [11-06|12:41:01] ***in sync.request()*** 
INFO [11-06|12:41:01] Handle BFT Msg,                          msg="msg #10 (328 bytes)"
INFO [11-06|12:41:01] -------Received LocksetMsg------- 
lockset: &{<nil> 0 0 0 4 [0xc428d1e600 0xc428d1e660 0xc428d1e6c0] false}
INFO [11-06|12:41:01] in HasQuorum 
INFO [11-06|12:41:01] In IsValid() 
len(lockset.Votes): 3 lockset.EligibleVotesNum: 4
INFO [11-06|12:41:01] ---storeLockset--- 
INFO [11-06|12:41:01] In verifyVotes 
INFO [11-06|12:41:01] in HasQuorum 
INFO [11-06|12:41:01] In IsValid() 
len(lockset.Votes): 3 lockset.EligibleVotesNum: 4
INFO [11-06|12:41:01] ***in BFT.VerifyHeaderSSSS*** 
INFO [11-06|12:41:01] ***in BFT.verifyHeader*** 
INFO [11-06|12:41:01] ***in BFT.verifySeal*** 
INFO [11-06|12:41:01] In verifyVotes 
INFO [11-06|12:41:01] in HasQuorum 
INFO [11-06|12:41:01] In IsValid() 
len(lockset.Votes): 3 lockset.EligibleVotesNum: 4
INFO [11-06|12:41:03] Commit new mining work                   number=6 txs=1602 uncles=0 elapsed=3.106s
INFO [11-06|12:41:03] Sealing                                  block n=6
StartConsensus, 1541479263563058000
INFO [11-06|12:41:03] Start Process 
INFO [11-06|12:41:03] in cm.Process, check lastCommittingLockset() 
INFO [11-06|12:41:03] In IsValid() 
len(lockset.Votes): 4 lockset.EligibleVotesNum: 4
INFO [11-06|12:41:03] in HasQuorum 
INFO [11-06|12:41:03] In IsValid() 
len(lockset.Votes): 4 lockset.EligibleVotesNum: 4
=====CM.COINBASE IS:===== [125 87 122 89 123 39 66 180 152 203 92 240 194 108 220 215 38 211 158 110] block number is: 6
INFO [11-06|12:41:03] case: default, cm.process 
ready: 4 need: 2.6666667
INFO [11-06|12:41:03] ---------------process------------------ 
INFO [11-06|12:41:03] In RM Process                            height=6 round=0
INFO [11-06|12:41:03] --------In rm.propose------- 
INFO [11-06|12:41:03] ---------------in rm.vote----------------- 
INFO [11-06|12:41:03] in vote in RM                            height=6 round=0
INFO [11-06|12:41:03] vote mp 
INFO [11-06|12:41:03] vote success in                          height=6 round=0
INFO [11-06|12:41:03] Send VoteMsg 
INFO [11-06|12:41:03] in rm.process, check lockset HasQuorum 
INFO [11-06|12:41:03] in HasQuorum 
INFO [11-06|12:41:03] In IsValid() 
len(lockset.Votes): 4 lockset.EligibleVotesNum: 4
INFO [11-06|12:41:03] There is a quorum                        height=6 round=0
--- in rm.process p.id: --- Peer 94dd98401cf6ca04 [eth/63]
INFO [11-06|12:41:03] ============in cm.commitLockset============ 
INFO [11-06|12:41:03] in commitLockset, check ls HasQuorum 
INFO [11-06|12:41:03] in HasQuorum 
INFO [11-06|12:41:03] In IsValid() 
len(lockset.Votes): 4 lockset.EligibleVotesNum: 4
INFO [11-06|12:41:03] cm.found is not nil 
INFO [11-06|12:41:03] store lockset 
peerid: 94dd98401cf6ca04
INFO [11-06|12:41:03] have a consensus on the block 
INFO [11-06|12:41:03] result.Header().Coinbase != b.signer 
cmH 6
result.Header().Coinbase: [220 236 234 243 252 92 10 99 209 149 214 155 26 144 1 27 123 25 101 13] b.signer: [125 87 122 89 123 39 66 180 152 203 92 240 194 108 220 215 38 211 158 110]
INFO [11-06|12:41:03] in validatorCommit1 
ConsensusTime, 2012400 , txs, 1602 , blockNum, 6
FinishedConsensus, 1541479263565094000
pid: 94dd98401cf6ca04
INFO [11-06|12:41:03] result is nil 
block number 6
INFO [11-06|12:41:03] === Finished Mine() === 
-------in NewBFTValidatorBlock-------
INFO [11-06|12:41:03] ---storeLockset--- 
INFO [11-06|12:41:03] in validatorCommit2 
validatorCommit time: 168.592µs
INFO [11-06|12:41:03] **in eth.handler**, get result from ch 
INFO [11-06|12:41:03] after cm.process() 
INFO [11-06|12:41:03] Imported new chain segment               blocks=1 txs=1602 mgas=33.642 elapsed=1.916s    mgasps=17.550 number=6 hash=5baeaa…d0c54e
FinishedPostExec, 1541479263846267000 , txs, 1602
PostExecTime, 1.916924301s
INFO [11-06|12:41:03] in pool.evenLoop, call pool.resetState 
./node2.sh: line 16: 82776 Terminated: 15          ../build/bin/geth --networkid 2234 --port 30304 --rpcport 8546 --datadir "data/node2" --nodiscover --rpc --rpccorsdomain "*" --rpcapi "eth,net,web3,debug" --bft --allow-empty --num-validators 4 --node-num 1
