INFO [11-03|20:04:33] Starting peer-to-peer node               instance=Geth/v1.6.7-unstable-bc3c8c93/darwin-amd64/go1.9.7
INFO [11-03|20:04:33] Allocated cache and file handles         database=/Users/sujianwei20/new_misgcode/go_ethereum_cosi/examples/data/node1/geth/chaindata cache=128 handles=1024
WARN [11-03|20:04:33] Upgrading chain database to use sequential keys 
INFO [11-03|20:04:33] Initialised chain configuration          config="{ChainID: 2235 Homestead: 1 DAO: <nil> DAOSupport: false EIP150: 2 EIP155: 3 EIP158: 3 Metropolis: <nil> Engine: ethash}"
INFO [11-03|20:04:33] config bft is                            bft=true
WARN [11-03|20:04:33] Upgrading db log bloom bins 
INFO [11-03|20:04:33] Bloom-bin upgrade completed              elapsed=233.136µs
INFO [11-03|20:04:33] Initialising Ethereum protocol           versions="[63 62]" network=2234
INFO [11-03|20:04:33] Database conversion successful 
INFO [11-03|20:04:33] Loaded most recent local header          number=0 hash=6f3c1c…1bf138 td=1048576
INFO [11-03|20:04:33] Loaded most recent local full block      number=0 hash=6f3c1c…1bf138 td=1048576
INFO [11-03|20:04:33] Loaded most recent local fast block      number=0 hash=6f3c1c…1bf138 td=1048576
INFO [11-03|20:04:33] in NewTxPool, call resetState 
INFO [11-03|20:04:33] in NewTxPool, call pool.eventLoog() 
INFO [11-03|20:04:33] Allocated cache and file handles         database=/Users/sujianwei20/new_misgcode/go_ethereum_cosi/examples/data/node1/geth/bftData   cache=128 handles=1024
INFO [11-03|20:04:33] addVote to                               height=0 round=0 from=0x82a978b3f5962a5b0957d9ee9eef472ee55b42f1 success=true cm.coinbase=0x82a978b3f5962a5b0957d9ee9eef472ee55b42f1
INFO [11-03|20:04:33] Starting P2P networking 
ready: 1 need: 2.6666667
INFO [11-03|20:04:33] consensusManager not ready  
ready: 1 need: 2.6666667
INFO [11-03|20:04:33] ---In BFTvalidatorCommitBlock--- 
INFO [11-03|20:04:33] RLPx listener up                         self="enode://d67104e65b61fca1fc73a74175667c11f16c037fa8e414499189df9d68706aca6e1a1b4ea02b702f101eb609c4cd2964d4790047a06458ba8a1a19040ab1fe0d@[::]:30303?discport=0"
INFO [11-03|20:04:33] IPC endpoint opened: /Users/sujianwei20/new_misgcode/go_ethereum_cosi/examples/data/node1/geth.ipc 
INFO [11-03|20:04:33] HTTP endpoint opened: http://127.0.0.1:8545 
INFO [11-03|20:04:33] Handle BFT Msg,                          msg="msg #8 (78 bytes)"
INFO [11-03|20:04:33] ------Received ReadMsg------ 
AddReady from: [125 87 122 89 123 39 66 180 152 203 92 240 194 108 220 215 38 211 158 110]
INFO [11-03|20:04:33] send Ready msg 
INFO [11-03|20:04:33] send Ready msg 
INFO [11-03|20:04:33] send Ready msg 
INFO [11-03|20:04:33] Handle BFT Msg,                          msg="msg #8 (78 bytes)"
INFO [11-03|20:04:33] ------Received ReadMsg------ 
INFO [11-03|20:04:33] Handle BFT Msg,                          msg="msg #8 (78 bytes)"
INFO [11-03|20:04:33] ------Received ReadMsg------ 
AddReady from: [125 87 122 89 123 39 66 180 152 203 92 240 194 108 220 215 38 211 158 110]
AddReady from: [125 87 122 89 123 39 66 180 152 203 92 240 194 108 220 215 38 211 158 110]
ready: 2 need: 2.6666667
INFO [11-03|20:04:33] consensusManager not ready  
ready: 2 need: 2.6666667
INFO [11-03|20:04:33] send Ready msg 
INFO [11-03|20:04:33] send Ready msg 
INFO [11-03|20:04:33] send Ready msg 
INFO [11-03|20:04:33] Handle BFT Msg,                          msg="msg #8 (78 bytes)"
INFO [11-03|20:04:33] ------Received ReadMsg------ 
AddReady from: [130 169 120 179 245 150 42 91 9 87 217 238 158 239 71 46 229 91 66 241]
INFO [11-03|20:04:33] Handle BFT Msg,                          msg="msg #8 (78 bytes)"
INFO [11-03|20:04:33] ------Received ReadMsg------ 
AddReady from: [130 169 120 179 245 150 42 91 9 87 217 238 158 239 71 46 229 91 66 241]
INFO [11-03|20:04:33] Handle BFT Msg,                          msg="msg #8 (78 bytes)"
INFO [11-03|20:04:33] ------Received ReadMsg------ 
AddReady from: [130 169 120 179 245 150 42 91 9 87 217 238 158 239 71 46 229 91 66 241]
INFO [11-03|20:04:33] Handle BFT Msg,                          msg="msg #8 (78 bytes)"
INFO [11-03|20:04:33] ------Received ReadMsg------ 
AddReady from: [89 132 67 241 136 14 245 133 178 31 29 117 133 189 5 119 64 40 97 229]
INFO [11-03|20:04:33] send Ready msg 
INFO [11-03|20:04:33] send Ready msg 
INFO [11-03|20:04:33] send Ready msg 
INFO [11-03|20:04:33] Handle BFT Msg,                          msg="msg #8 (78 bytes)"
INFO [11-03|20:04:33] ------Received ReadMsg------ 
AddReady from: [89 132 67 241 136 14 245 133 178 31 29 117 133 189 5 119 64 40 97 229]
INFO [11-03|20:04:33] Handle BFT Msg,                          msg="msg #8 (78 bytes)"
INFO [11-03|20:04:33] ------Received ReadMsg------ 
AddReady from: [89 132 67 241 136 14 245 133 178 31 29 117 133 189 5 119 64 40 97 229]
INFO [11-03|20:04:33] Handle BFT Msg,                          msg="msg #8 (78 bytes)"
INFO [11-03|20:04:33] ------Received ReadMsg------ 
AddReady from: [220 236 234 243 252 92 10 99 209 149 214 155 26 144 1 27 123 25 101 13]
INFO [11-03|20:04:33] send Ready msg 
INFO [11-03|20:04:33] send Ready msg 
INFO [11-03|20:04:33] send Ready msg 
INFO [11-03|20:04:33] Handle BFT Msg,                          msg="msg #8 (78 bytes)"
INFO [11-03|20:04:33] ------Received ReadMsg------ 
AddReady from: [220 236 234 243 252 92 10 99 209 149 214 155 26 144 1 27 123 25 101 13]
INFO [11-03|20:04:33] Handle BFT Msg,                          msg="msg #8 (78 bytes)"
INFO [11-03|20:04:33] ------Received ReadMsg------ 
AddReady from: [220 236 234 243 252 92 10 99 209 149 214 155 26 144 1 27 123 25 101 13]
INFO [11-03|20:04:34] Handle BFT Msg,                          msg="msg #8 (78 bytes)"
INFO [11-03|20:04:34] ------Received ReadMsg------ 
AddReady from: [125 87 122 89 123 39 66 180 152 203 92 240 194 108 220 215 38 211 158 110]
INFO [11-03|20:04:34] send Ready msg 
INFO [11-03|20:04:34] send Ready msg 
INFO [11-03|20:04:34] send Ready msg 
INFO [11-03|20:04:34] Handle BFT Msg,                          msg="msg #8 (78 bytes)"
INFO [11-03|20:04:34] ------Received ReadMsg------ 
AddReady from: [125 87 122 89 123 39 66 180 152 203 92 240 194 108 220 215 38 211 158 110]
INFO [11-03|20:04:34] Handle BFT Msg,                          msg="msg #8 (78 bytes)"
INFO [11-03|20:04:34] ------Received ReadMsg------ 
AddReady from: [125 87 122 89 123 39 66 180 152 203 92 240 194 108 220 215 38 211 158 110]
ready: 4 need: 2.6666667
ready: 4 need: 2.6666667
INFO [11-03|20:04:34] send Ready msg 
INFO [11-03|20:04:34] send Ready msg 
INFO [11-03|20:04:34] send Ready msg 
INFO [11-03|20:04:34] -----------------consensusManager Ready------------------------- 
INFO [11-03|20:04:34] Handle BFT Msg,                          msg="msg #8 (78 bytes)"
INFO [11-03|20:04:34] ------Received ReadMsg------ 
INFO [11-03|20:04:34] Handle BFT Msg,                          msg="msg #8 (78 bytes)"
INFO [11-03|20:04:34] ------Received ReadMsg------ 
INFO [11-03|20:04:34] Handle BFT Msg,                          msg="msg #8 (78 bytes)"
INFO [11-03|20:04:34] ------Received ReadMsg------ 
AddReady from: [130 169 120 179 245 150 42 91 9 87 217 238 158 239 71 46 229 91 66 241]
AddReady from: [130 169 120 179 245 150 42 91 9 87 217 238 158 239 71 46 229 91 66 241]
AddReady from: [130 169 120 179 245 150 42 91 9 87 217 238 158 239 71 46 229 91 66 241]
INFO [11-03|20:06:45] Transaction pool price threshold updated price=18000000000
INFO [11-03|20:06:45] Starting mining operation 
INFO [11-03|20:06:47] Commit new mining work                   number=1 txs=1598 uncles=0 elapsed=2.301s
INFO [11-03|20:06:47] Sealing                                  block n=1
StartConsensus, 1541246807327237000
INFO [11-03|20:06:47] Start Process 
INFO [11-03|20:06:47] in cm.Process, check lastCommittingLockset() 
INFO [11-03|20:06:47] In IsValid() 
len(lockset.Votes): 1 lockset.EligibleVotesNum: 0
INFO [11-03|20:06:47] in HasQuorum 
INFO [11-03|20:06:47] In IsValid() 
len(lockset.Votes): 1 lockset.EligibleVotesNum: 0
=====CM.COINBASE IS:===== [130 169 120 179 245 150 42 91 9 87 217 238 158 239 71 46 229 91 66 241] block number is: 1
INFO [11-03|20:06:47] case: default, cm.process 
ready: 4 need: 2.6666667
INFO [11-03|20:06:47] ---------------process------------------ 
INFO [11-03|20:06:47] In RM Process                            height=1 round=0
INFO [11-03|20:06:47] --------In rm.propose------- 
INFO [11-03|20:06:47] ---------------in rm.vote----------------- 
INFO [11-03|20:06:47] in vote in RM                            height=1 round=0
INFO [11-03|20:06:47] Timeout time not reach, curr vs timeout: curr=1541246807.000 timeout=1541246812.000
INFO [11-03|20:06:47] in rm.process, check lockset HasQuorum 
INFO [11-03|20:06:47] in HasQuorum 
INFO [11-03|20:06:47] In IsValid() 
len(lockset.Votes): 0 lockset.EligibleVotesNum: 4
INFO [11-03|20:06:47] rm lockset is not valid yet 
INFO [11-03|20:06:47] after cm.process() 
INFO [11-03|20:06:47] case: default, cm.process 
ready: 4 need: 2.6666667
INFO [11-03|20:06:47] ---------------process------------------ 
INFO [11-03|20:06:47] In RM Process                            height=1 round=0
INFO [11-03|20:06:47] --------In rm.propose------- 
INFO [11-03|20:06:47] ---------------in rm.vote----------------- 
INFO [11-03|20:06:47] in vote in RM                            height=1 round=0
INFO [11-03|20:06:47] Timeout time not reach, curr vs timeout: curr=1541246807.000 timeout=1541246812.000
INFO [11-03|20:06:47] in rm.process, check lockset HasQuorum 
INFO [11-03|20:06:47] in HasQuorum 
INFO [11-03|20:06:47] In IsValid() 
len(lockset.Votes): 0 lockset.EligibleVotesNum: 4
INFO [11-03|20:06:47] rm lockset is not valid yet 
INFO [11-03|20:06:47] after cm.process() 
INFO [11-03|20:06:47] case: default, cm.process 
ready: 4 need: 2.6666667
INFO [11-03|20:06:47] ---------------process------------------ 
INFO [11-03|20:06:47] In RM Process                            height=1 round=0
INFO [11-03|20:06:47] --------In rm.propose------- 
INFO [11-03|20:06:47] ---------------in rm.vote----------------- 
INFO [11-03|20:06:47] in vote in RM                            height=1 round=0
INFO [11-03|20:06:47] Timeout time not reach, curr vs timeout: curr=1541246807.000 timeout=1541246812.000
INFO [11-03|20:06:47] in rm.process, check lockset HasQuorum 
INFO [11-03|20:06:47] in HasQuorum 
INFO [11-03|20:06:47] In IsValid() 
len(lockset.Votes): 0 lockset.EligibleVotesNum: 4
INFO [11-03|20:06:47] rm lockset is not valid yet 
INFO [11-03|20:06:47] after cm.process() 
INFO [11-03|20:06:47] case: default, cm.process 
ready: 4 need: 2.6666667
INFO [11-03|20:06:47] ---------------process------------------ 
INFO [11-03|20:06:47] In RM Process                            height=1 round=0
INFO [11-03|20:06:47] --------In rm.propose------- 
INFO [11-03|20:06:47] ---------------in rm.vote----------------- 
INFO [11-03|20:06:47] in vote in RM                            height=1 round=0
INFO [11-03|20:06:47] Timeout time not reach, curr vs timeout: curr=1541246807.000 timeout=1541246812.000
INFO [11-03|20:06:47] in rm.process, check lockset HasQuorum 
INFO [11-03|20:06:47] in HasQuorum 
INFO [11-03|20:06:47] In IsValid() 
len(lockset.Votes): 0 lockset.EligibleVotesNum: 4
INFO [11-03|20:06:47] rm lockset is not valid yet 
INFO [11-03|20:06:47] after cm.process() 
INFO [11-03|20:06:47] Handle BFT Msg,                          msg="msg #11 (172922 bytes)"
INFO [11-03|20:06:47] -------Received NewBlockProposalMsg------- 
bpHR: H: 1 R: 0
cmHR: H: 1 R: 0
INFO [11-03|20:06:47] --------------------------------------- 
# collMsig from = Peer 6d11b37ef4fc909a [eth/63]
cmHR: H: 1 R: 0
this is rm.proposerPeer  Peer 6d11b37ef4fc909a [eth/63]
INFO [11-03|20:06:47] In IsValid() 
len(lockset.Votes): 0 lockset.EligibleVotesNum: 0
INFO [11-03|20:06:47] cm add BlockProposal                     h=1 r=0
INFO [11-03|20:06:47] in HasQuorum 
INFO [11-03|20:06:47] In IsValid() 
len(lockset.Votes): 1 lockset.EligibleVotesNum: 0
INFO [11-03|20:06:47] In addBlockCandidates!! 
INFO [11-03|20:06:47] -------in handle NewBlockProposalMsg, success!------- 
INFO [11-03|20:06:47] Handle BFT Msg,                          msg="msg #18 (345 bytes)"
INFO [11-03|20:06:47] ------Received MsigProposalMsg------ 
mpHR: H: 1 R: 0 hash: [187 206 171 116 91 91 61 254 59 234 55 82 127 166 47 118 23 198 32 32 145 21 117 118 58 61 202 169 218 139 156 27]
cmHR: H: 1 R: 0
INFO [11-03|20:06:47] --------------------------------------- 
INFO [11-03|20:06:47] in MsigFinished 
len(mp.Msig.MsigVs): 2 mp.MsigVs: [0 27]
H====:  1 P==== 0
INFO [11-03|20:06:47] ------addmsigproposal success!------- 
INFO [11-03|20:06:47] case: default, cm.process 
ready: 4 need: 2.6666667
INFO [11-03|20:06:47] ---------------process------------------ 
INFO [11-03|20:06:47] In RM Process                            height=1 round=0
INFO [11-03|20:06:47] --------In rm.propose------- 
INFO [11-03|20:06:47] ---------------in rm.vote----------------- 
INFO [11-03|20:06:47] in vote in RM                            height=1 round=0
INFO [11-03|20:06:47] vote mp 
INFO [11-03|20:06:47] vote success in                          height=1 round=0
INFO [11-03|20:06:47] Send VoteMsg 
INFO [11-03|20:06:47] in rm.process, check lockset HasQuorum 
INFO [11-03|20:06:47] in HasQuorum 
INFO [11-03|20:06:47] In IsValid() 
len(lockset.Votes): 1 lockset.EligibleVotesNum: 4
INFO [11-03|20:06:47] rm lockset is not valid yet 
INFO [11-03|20:06:47] after cm.process() 
INFO [11-03|20:06:47] Handle BFT Msg,                          msg="msg #17 (107 bytes)"
INFO [11-03|20:06:47] ------Received VoteMsg------ 
voteHR: H: 1 R: 0 voteType:: 1 voteHash: [187 206 171 116 91 91 61 254 59 234 55 82 127 166 47 118 23 198 32 32 145 21 117 118 58 61 202 169 218 139 156 27]
cmHR: H: 1 R: 0
INFO [11-03|20:06:47] --------------------------------------- 
INFO [11-03|20:06:47] addVote to                               height=1 round=0 from=0x598443f1880ef585b21f1d7585bd0577402861e5 success=true cm.coinbase=0x82a978b3f5962a5b0957d9ee9eef472ee55b42f1
INFO [11-03|20:06:47] ------in handle VoteMsg, success!------ 
INFO [11-03|20:06:47] Handle BFT Msg,                          msg="msg #17 (107 bytes)"
INFO [11-03|20:06:47] ------Received VoteMsg------ 
voteHR: H: 1 R: 0 voteType:: 1 voteHash: [187 206 171 116 91 91 61 254 59 234 55 82 127 166 47 118 23 198 32 32 145 21 117 118 58 61 202 169 218 139 156 27]
cmHR: H: 1 R: 0
INFO [11-03|20:06:47] --------------------------------------- 
INFO [11-03|20:06:47] addVote to                               height=1 round=0 from=0xdceceaf3fc5c0a63d195d69b1a90011b7b19650d success=true cm.coinbase=0x82a978b3f5962a5b0957d9ee9eef472ee55b42f1
INFO [11-03|20:06:47] ------in handle VoteMsg, success!------ 
INFO [11-03|20:06:47] Handle BFT Msg,                          msg="msg #17 (107 bytes)"
INFO [11-03|20:06:47] ------Received VoteMsg------ 
voteHR: H: 1 R: 0 voteType:: 1 voteHash: [187 206 171 116 91 91 61 254 59 234 55 82 127 166 47 118 23 198 32 32 145 21 117 118 58 61 202 169 218 139 156 27]
cmHR: H: 1 R: 0
INFO [11-03|20:06:47] --------------------------------------- 
INFO [11-03|20:06:47] addVote to                               height=1 round=0 from=0x7d577a597b2742b498cb5cf0c26cdcd726d39e6e success=true cm.coinbase=0x82a978b3f5962a5b0957d9ee9eef472ee55b42f1
INFO [11-03|20:06:47] ------in handle VoteMsg, success!------ 
INFO [11-03|20:06:47] Handle BFT Msg,                          msg="msg #9 (3 bytes)"
INFO [11-03|20:06:47] -------GetLocksetsMsg------- 
GetLockSetsMsg request:  [{1}] from:  d9d5b902798f5c42
INFO [11-03|20:06:47] Request future block 
INFO [11-03|20:06:47] case: default, cm.process 
ready: 4 need: 2.6666667
INFO [11-03|20:06:47] ---------------process------------------ 
INFO [11-03|20:06:47] In RM Process                            height=1 round=0
INFO [11-03|20:06:47] --------In rm.propose------- 
INFO [11-03|20:06:47] ---------------in rm.vote----------------- 
INFO [11-03|20:06:47] voted 
INFO [11-03|20:06:47] in rm.process, check lockset HasQuorum 
INFO [11-03|20:06:47] in HasQuorum 
INFO [11-03|20:06:47] In IsValid() 
len(lockset.Votes): 4 lockset.EligibleVotesNum: 4
INFO [11-03|20:06:47] There is a quorum                        height=1 round=0
--- in rm.process p.id: --- Peer 6d11b37ef4fc909a [eth/63]
INFO [11-03|20:06:47] ============in cm.commitLockset============ 
INFO [11-03|20:06:47] in commitLockset, check ls HasQuorum 
INFO [11-03|20:06:47] in HasQuorum 
INFO [11-03|20:06:47] In IsValid() 
len(lockset.Votes): 4 lockset.EligibleVotesNum: 4
INFO [11-03|20:06:47] cm.found is not nil 
INFO [11-03|20:06:47] store lockset 
peerid: 6d11b37ef4fc909a
INFO [11-03|20:06:47] ---storeLockset--- 
INFO [11-03|20:06:47] after cm.process() 
cmH 1
INFO [11-03|20:06:47] in validatorCommit1 
pid: 6d11b37ef4fc909a
block number 1
-------in NewBFTValidatorBlock-------
INFO [11-03|20:06:47] in validatorCommit2 
validatorCommit time: 150.663µs
INFO [11-03|20:06:47] **in eth.handler**, get result from ch 
INFO [11-03|20:06:47] ***in BFT.VVVVerifyHeader*** 
INFO [11-03|20:06:47] ***in BFT.verifyHeader*** 
INFO [11-03|20:06:47] ***in BFT.verifySeal*** 
INFO [11-03|20:06:47] In verifyVotes 
INFO [11-03|20:06:47] in HasQuorum 
INFO [11-03|20:06:47] In IsValid() 
len(lockset.Votes): 4 lockset.EligibleVotesNum: 4
INFO [11-03|20:06:47] ***in BFT.VerifyHeaderSSSS*** 
INFO [11-03|20:06:47] ***in BFT.verifyHeader*** 
INFO [11-03|20:06:47] ***in BFT.verifySeal*** 
INFO [11-03|20:06:47] In verifyVotes 
INFO [11-03|20:06:47] in HasQuorum 
INFO [11-03|20:06:47] In IsValid() 
len(lockset.Votes): 4 lockset.EligibleVotesNum: 4
INFO [11-03|20:06:47] have a consensus on the block 
INFO [11-03|20:06:47] result.Header().Coinbase != b.signer 
result.Header().Coinbase: [125 87 122 89 123 39 66 180 152 203 92 240 194 108 220 215 38 211 158 110] b.signer: [130 169 120 179 245 150 42 91 9 87 217 238 158 239 71 46 229 91 66 241]
ConsensusTime, 546338616 , txs, 1598 , blockNum, 1
FinishedConsensus, 1541246807873595000
INFO [11-03|20:06:47] result is nil 
INFO [11-03|20:06:47] === Finished Mine() === 
INFO [11-03|20:06:47] received NewBlockMsg! 
INFO [11-03|20:06:48] received NewBlockMsg! 
INFO [11-03|20:06:48] Imported new chain segment               blocks=1 txs=1598 mgas=33.558 elapsed=1.095s    mgasps=30.634 number=1 hash=bbceab…8b9c1b
FinishedPostExec, 1541246808949308000 , txs, 1598
PostExecTime, 1.095452981s
INFO [11-03|20:06:48] in pool.evenLoop, call pool.resetState 
INFO [11-03|20:06:50] Commit new mining work                   number=2 txs=1599 uncles=0 elapsed=1.720s
INFO [11-03|20:06:50] Sealing                                  block n=2
StartConsensus, 1541246810669759000
INFO [11-03|20:06:50] Start Process 
INFO [11-03|20:06:50] in cm.Process, check lastCommittingLockset() 
INFO [11-03|20:06:50] In IsValid() 
len(lockset.Votes): 4 lockset.EligibleVotesNum: 4
INFO [11-03|20:06:50] in HasQuorum 
INFO [11-03|20:06:50] In IsValid() 
len(lockset.Votes): 4 lockset.EligibleVotesNum: 4
=====CM.COINBASE IS:===== [130 169 120 179 245 150 42 91 9 87 217 238 158 239 71 46 229 91 66 241] block number is: 2
INFO [11-03|20:06:50] case: default, cm.process 
ready: 4 need: 2.6666667
INFO [11-03|20:06:50] ---------------process------------------ 
INFO [11-03|20:06:50] In RM Process                            height=2 round=0
INFO [11-03|20:06:50] --------In rm.propose------- 
INFO [11-03|20:06:50] ---------------in rm.vote----------------- 
INFO [11-03|20:06:50] in vote in RM                            height=2 round=0
INFO [11-03|20:06:50] Timeout time not reach, curr vs timeout: curr=1541246810.000 timeout=1541246815.000
INFO [11-03|20:06:50] in rm.process, check lockset HasQuorum 
INFO [11-03|20:06:50] in HasQuorum 
INFO [11-03|20:06:50] In IsValid() 
len(lockset.Votes): 0 lockset.EligibleVotesNum: 4
INFO [11-03|20:06:50] rm lockset is not valid yet 
INFO [11-03|20:06:50] after cm.process() 
INFO [11-03|20:06:50] Handle BFT Msg,                          msg="msg #11 (173334 bytes)"
INFO [11-03|20:06:50] -------Received NewBlockProposalMsg------- 
bpHR: H: 2 R: 0
cmHR: H: 2 R: 0
INFO [11-03|20:06:50] --------------------------------------- 
# collMsig from = Peer 94dd98401cf6ca04 [eth/63]
cmHR: H: 2 R: 0
this is rm.proposerPeer  Peer 94dd98401cf6ca04 [eth/63]
INFO [11-03|20:06:50] In IsValid() 
len(lockset.Votes): 0 lockset.EligibleVotesNum: 0
INFO [11-03|20:06:50] cm add BlockProposal                     h=2 r=0
INFO [11-03|20:06:50] in HasQuorum 
INFO [11-03|20:06:50] In IsValid() 
len(lockset.Votes): 4 lockset.EligibleVotesNum: 4
INFO [11-03|20:06:50] In addBlockCandidates!! 
INFO [11-03|20:06:50] -------in handle NewBlockProposalMsg, success!------- 
INFO [11-03|20:06:50] Handle BFT Msg,                          msg="msg #18 (662 bytes)"
INFO [11-03|20:06:50] ------Received MsigProposalMsg------ 
mpHR: H: 2 R: 0 hash: [24 22 116 167 185 205 207 115 21 241 67 215 148 205 175 126 215 208 25 221 214 52 184 57 95 224 202 182 31 225 138 146]
cmHR: H: 2 R: 0
INFO [11-03|20:06:50] --------------------------------------- 
INFO [11-03|20:06:50] in MsigFinished 
len(mp.Msig.MsigVs): 2 mp.MsigVs: [0 27]
H====:  2 P==== 0
INFO [11-03|20:06:50] ------addmsigproposal success!------- 
INFO [11-03|20:06:50] case: default, cm.process 
ready: 4 need: 2.6666667
INFO [11-03|20:06:50] ---------------process------------------ 
INFO [11-03|20:06:50] In RM Process                            height=2 round=0
INFO [11-03|20:06:50] --------In rm.propose------- 
INFO [11-03|20:06:50] ---------------in rm.vote----------------- 
INFO [11-03|20:06:50] in vote in RM                            height=2 round=0
INFO [11-03|20:06:50] vote mp 
INFO [11-03|20:06:50] vote success in                          height=2 round=0
INFO [11-03|20:06:50] Send VoteMsg 
INFO [11-03|20:06:50] in rm.process, check lockset HasQuorum 
INFO [11-03|20:06:50] in HasQuorum 
INFO [11-03|20:06:50] In IsValid() 
len(lockset.Votes): 1 lockset.EligibleVotesNum: 4
INFO [11-03|20:06:50] rm lockset is not valid yet 
INFO [11-03|20:06:50] after cm.process() 
INFO [11-03|20:06:50] Handle BFT Msg,                          msg="msg #17 (107 bytes)"
INFO [11-03|20:06:50] ------Received VoteMsg------ 
voteHR: H: 2 R: 0 voteType:: 1 voteHash: [24 22 116 167 185 205 207 115 21 241 67 215 148 205 175 126 215 208 25 221 214 52 184 57 95 224 202 182 31 225 138 146]
cmHR: H: 2 R: 0
INFO [11-03|20:06:50] --------------------------------------- 
INFO [11-03|20:06:50] addVote to                               height=2 round=0 from=0xdceceaf3fc5c0a63d195d69b1a90011b7b19650d success=true cm.coinbase=0x82a978b3f5962a5b0957d9ee9eef472ee55b42f1
INFO [11-03|20:06:50] ------in handle VoteMsg, success!------ 
INFO [11-03|20:06:50] case: default, cm.process 
ready: 4 need: 2.6666667
INFO [11-03|20:06:50] ---------------process------------------ 
INFO [11-03|20:06:50] In RM Process                            height=2 round=0
INFO [11-03|20:06:50] --------In rm.propose------- 
INFO [11-03|20:06:50] ---------------in rm.vote----------------- 
INFO [11-03|20:06:50] voted 
INFO [11-03|20:06:50] in rm.process, check lockset HasQuorum 
INFO [11-03|20:06:50] in HasQuorum 
INFO [11-03|20:06:50] In IsValid() 
len(lockset.Votes): 2 lockset.EligibleVotesNum: 4
INFO [11-03|20:06:50] rm lockset is not valid yet 
INFO [11-03|20:06:50] after cm.process() 
INFO [11-03|20:06:50] Handle BFT Msg,                          msg="msg #17 (107 bytes)"
INFO [11-03|20:06:50] ------Received VoteMsg------ 
voteHR: H: 2 R: 0 voteType:: 1 voteHash: [24 22 116 167 185 205 207 115 21 241 67 215 148 205 175 126 215 208 25 221 214 52 184 57 95 224 202 182 31 225 138 146]
cmHR: H: 2 R: 0
INFO [11-03|20:06:50] --------------------------------------- 
INFO [11-03|20:06:50] addVote to                               height=2 round=0 from=0x598443f1880ef585b21f1d7585bd0577402861e5 success=true cm.coinbase=0x82a978b3f5962a5b0957d9ee9eef472ee55b42f1
INFO [11-03|20:06:50] ------in handle VoteMsg, success!------ 
INFO [11-03|20:06:50] Handle BFT Msg,                          msg="msg #9 (3 bytes)"
INFO [11-03|20:06:50] -------GetLocksetsMsg------- 
GetLockSetsMsg request:  [{2}] from:  6d11b37ef4fc909a
INFO [11-03|20:06:50] Request future block 
INFO [11-03|20:06:50] case: default, cm.process 
ready: 4 need: 2.6666667
INFO [11-03|20:06:50] ---------------process------------------ 
INFO [11-03|20:06:50] In RM Process                            height=2 round=0
INFO [11-03|20:06:50] --------In rm.propose------- 
INFO [11-03|20:06:50] ---------------in rm.vote----------------- 
INFO [11-03|20:06:50] voted 
INFO [11-03|20:06:50] in rm.process, check lockset HasQuorum 
INFO [11-03|20:06:50] in HasQuorum 
INFO [11-03|20:06:50] In IsValid() 
len(lockset.Votes): 3 lockset.EligibleVotesNum: 4
INFO [11-03|20:06:50] There is a quorum                        height=2 round=0
--- in rm.process p.id: --- Peer 94dd98401cf6ca04 [eth/63]
INFO [11-03|20:06:50] ============in cm.commitLockset============ 
INFO [11-03|20:06:50] in commitLockset, check ls HasQuorum 
INFO [11-03|20:06:50] in HasQuorum 
INFO [11-03|20:06:50] In IsValid() 
len(lockset.Votes): 3 lockset.EligibleVotesNum: 4
INFO [11-03|20:06:50] cm.found is not nil 
INFO [11-03|20:06:50] store lockset 
peerid: 94dd98401cf6ca04
INFO [11-03|20:06:50] ---storeLockset--- 
INFO [11-03|20:06:50] after cm.process() 
cmH 2
INFO [11-03|20:06:50] in validatorCommit1 
pid: 94dd98401cf6ca04
block number 2
-------in NewBFTValidatorBlock-------
INFO [11-03|20:06:50] in validatorCommit2 
validatorCommit time: 282.822µs
INFO [11-03|20:06:50] **in eth.handler**, get result from ch 
INFO [11-03|20:06:50] ***in BFT.VVVVerifyHeader*** 
INFO [11-03|20:06:50] ***in BFT.verifyHeader*** 
INFO [11-03|20:06:50] ***in BFT.verifySeal*** 
INFO [11-03|20:06:50] In verifyVotes 
INFO [11-03|20:06:50] in HasQuorum 
INFO [11-03|20:06:50] In IsValid() 
len(lockset.Votes): 3 lockset.EligibleVotesNum: 4
INFO [11-03|20:06:50] ***in BFT.VerifyHeaderSSSS*** 
INFO [11-03|20:06:50] ***in BFT.verifyHeader*** 
INFO [11-03|20:06:50] ***in BFT.verifySeal*** 
INFO [11-03|20:06:50] In verifyVotes 
INFO [11-03|20:06:50] in HasQuorum 
INFO [11-03|20:06:50] In IsValid() 
len(lockset.Votes): 3 lockset.EligibleVotesNum: 4
INFO [11-03|20:06:50] have a consensus on the block 
INFO [11-03|20:06:50] result.Header().Coinbase != b.signer 
result.Header().Coinbase: [220 236 234 243 252 92 10 99 209 149 214 155 26 144 1 27 123 25 101 13] b.signer: [130 169 120 179 245 150 42 91 9 87 217 238 158 239 71 46 229 91 66 241]
ConsensusTime, 317459078 , txs, 1599 , blockNum, 2
FinishedConsensus, 1541246811003975000
INFO [11-03|20:06:51] result is nil 
INFO [11-03|20:06:51] === Finished Mine() === 
INFO [11-03|20:06:51] Handle BFT Msg,                          msg="msg #9 (3 bytes)"
INFO [11-03|20:06:51] -------GetLocksetsMsg------- 
GetLockSetsMsg request:  [{2}] from:  6d11b37ef4fc909a
INFO [11-03|20:06:51] Request future block 
INFO [11-03|20:06:51] Handle BFT Msg,                          msg="msg #9 (3 bytes)"
INFO [11-03|20:06:51] -------GetLocksetsMsg------- 
GetLockSetsMsg request:  [{2}] from:  6d11b37ef4fc909a
INFO [11-03|20:06:51] Request future block 
INFO [11-03|20:06:51] Handle BFT Msg,                          msg="msg #9 (3 bytes)"
INFO [11-03|20:06:51] -------GetLocksetsMsg------- 
GetLockSetsMsg request:  [{2}] from:  6d11b37ef4fc909a
INFO [11-03|20:06:51] Request future block 
INFO [11-03|20:06:51] Handle BFT Msg,                          msg="msg #9 (3 bytes)"
INFO [11-03|20:06:51] -------GetLocksetsMsg------- 
GetLockSetsMsg request:  [{2}] from:  6d11b37ef4fc909a
INFO [11-03|20:06:51] Request future block 
INFO [11-03|20:06:52] Handle BFT Msg,                          msg="msg #9 (3 bytes)"
INFO [11-03|20:06:52] -------GetLocksetsMsg------- 
GetLockSetsMsg request:  [{2}] from:  6d11b37ef4fc909a
INFO [11-03|20:06:52] Request future block 
INFO [11-03|20:06:52] Handle BFT Msg,                          msg="msg #9 (3 bytes)"
INFO [11-03|20:06:52] -------GetLocksetsMsg------- 
GetLockSetsMsg request:  [{2}] from:  6d11b37ef4fc909a
INFO [11-03|20:06:52] Request future block 
INFO [11-03|20:06:52] Handle BFT Msg,                          msg="msg #9 (3 bytes)"
INFO [11-03|20:06:52] -------GetLocksetsMsg------- 
GetLockSetsMsg request:  [{2}] from:  6d11b37ef4fc909a
INFO [11-03|20:06:52] Imported new chain segment               blocks=1 txs=1599 mgas=33.579 elapsed=1.573s    mgasps=21.344 number=2 hash=181674…e18a92
FinishedPostExec, 1541246812556073000 , txs, 1599
PostExecTime, 1.573225912s
INFO [11-03|20:06:52]  Sending Lockset                         LOG15_ERROR= LOG15_ERROR="Normalized odd number of arguments by adding nil"
INFO [11-03|20:06:52] in pool.evenLoop, call pool.resetState 
INFO [11-03|20:06:54] Handle BFT Msg,                          msg="msg #11 (173231 bytes)"
INFO [11-03|20:06:54] -------Received NewBlockProposalMsg------- 
bpHR: H: 3 R: 0
cmHR: H: 3 R: 0
INFO [11-03|20:06:54] --------------------------------------- 
# collMsig from = Peer d9d5b902798f5c42 [eth/63]
cmHR: H: 3 R: 0
this is rm.proposerPeer  Peer d9d5b902798f5c42 [eth/63]
INFO [11-03|20:06:54] In IsValid() 
len(lockset.Votes): 0 lockset.EligibleVotesNum: 0
INFO [11-03|20:06:54] cm add BlockProposal                     h=3 r=0
INFO [11-03|20:06:54] in HasQuorum 
INFO [11-03|20:06:54] In IsValid() 
len(lockset.Votes): 3 lockset.EligibleVotesNum: 4
INFO [11-03|20:06:54] in collectMsig, i am msig wintness 
INFO [11-03|20:06:54] Return MsigProposalMsg to                LOG15_ERROR=                                                   LOG15_ERROR="Normalized odd number of arguments by adding nil"
INFO [11-03|20:06:54] Sending MsigProposalMsg 
in cm.collectMsig, mp.MsigVs: [<nil> 27]
INFO [11-03|20:06:54] In addBlockCandidates!! 
INFO [11-03|20:06:54] -------in handle NewBlockProposalMsg, success!------- 
INFO [11-03|20:06:54] Handle BFT Msg,                          msg="msg #18 (557 bytes)"
INFO [11-03|20:06:54] ------Received MsigProposalMsg------ 
mpHR: H: 3 R: 0 hash: [99 114 95 56 115 3 190 151 37 27 3 183 27 254 109 10 21 198 225 30 231 238 130 221 167 0 173 84 141 244 5 244]
cmHR: H: 3 R: 0
INFO [11-03|20:06:54] --------------------------------------- 
INFO [11-03|20:06:54] in msign, already sign 
INFO [11-03|20:06:54] Handle BFT Msg,                          msg="msg #17 (107 bytes)"
INFO [11-03|20:06:54] ------Received VoteMsg------ 
voteHR: H: 3 R: 0 voteType:: 1 voteHash: [99 114 95 56 115 3 190 151 37 27 3 183 27 254 109 10 21 198 225 30 231 238 130 221 167 0 173 84 141 244 5 244]
cmHR: H: 3 R: 0
INFO [11-03|20:06:54] --------------------------------------- 
INFO [11-03|20:06:54] addVote to                               height=3 round=0 from=0xdceceaf3fc5c0a63d195d69b1a90011b7b19650d success=true cm.coinbase=0x82a978b3f5962a5b0957d9ee9eef472ee55b42f1
INFO [11-03|20:06:54] ------in handle VoteMsg, success!------ 
INFO [11-03|20:06:54] Handle BFT Msg,                          msg="msg #17 (107 bytes)"
INFO [11-03|20:06:54] ------Received VoteMsg------ 
voteHR: H: 3 R: 0 voteType:: 1 voteHash: [99 114 95 56 115 3 190 151 37 27 3 183 27 254 109 10 21 198 225 30 231 238 130 221 167 0 173 84 141 244 5 244]
cmHR: H: 3 R: 0
INFO [11-03|20:06:54] --------------------------------------- 
INFO [11-03|20:06:54] addVote to                               height=3 round=0 from=0x7d577a597b2742b498cb5cf0c26cdcd726d39e6e success=true cm.coinbase=0x82a978b3f5962a5b0957d9ee9eef472ee55b42f1
INFO [11-03|20:06:54] ------in handle VoteMsg, success!------ 
INFO [11-03|20:06:54] Handle BFT Msg,                          msg="msg #17 (107 bytes)"
INFO [11-03|20:06:54] ------Received VoteMsg------ 
voteHR: H: 3 R: 0 voteType:: 1 voteHash: [99 114 95 56 115 3 190 151 37 27 3 183 27 254 109 10 21 198 225 30 231 238 130 221 167 0 173 84 141 244 5 244]
cmHR: H: 3 R: 0
INFO [11-03|20:06:54] --------------------------------------- 
INFO [11-03|20:06:54] addVote to                               height=3 round=0 from=0x598443f1880ef585b21f1d7585bd0577402861e5 success=true cm.coinbase=0x82a978b3f5962a5b0957d9ee9eef472ee55b42f1
INFO [11-03|20:06:54] ------in handle VoteMsg, success!------ 
INFO [11-03|20:06:54] Commit new mining work                   number=3 txs=1599 uncles=0 elapsed=2.190s
INFO [11-03|20:06:54] Sealing                                  block n=3
StartConsensus, 1541246814747514000
INFO [11-03|20:06:54] Start Process 
INFO [11-03|20:06:54] in cm.Process, check lastCommittingLockset() 
INFO [11-03|20:06:54] In IsValid() 
len(lockset.Votes): 3 lockset.EligibleVotesNum: 4
INFO [11-03|20:06:54] in HasQuorum 
INFO [11-03|20:06:54] In IsValid() 
len(lockset.Votes): 3 lockset.EligibleVotesNum: 4
=====CM.COINBASE IS:===== [130 169 120 179 245 150 42 91 9 87 217 238 158 239 71 46 229 91 66 241] block number is: 3
INFO [11-03|20:06:54] case: default, cm.process 
ready: 4 need: 2.6666667
INFO [11-03|20:06:54] ---------------process------------------ 
INFO [11-03|20:06:54] In RM Process                            height=3 round=0
INFO [11-03|20:06:54] --------In rm.propose------- 
INFO [11-03|20:06:54] ---------------in rm.vote----------------- 
INFO [11-03|20:06:54] in vote in RM                            height=3 round=0
INFO [11-03|20:06:54] vote mp 
INFO [11-03|20:06:54] vote success in                          height=3 round=0
INFO [11-03|20:06:54] Send VoteMsg 
INFO [11-03|20:06:54] in rm.process, check lockset HasQuorum 
INFO [11-03|20:06:54] in HasQuorum 
INFO [11-03|20:06:54] In IsValid() 
len(lockset.Votes): 4 lockset.EligibleVotesNum: 4
INFO [11-03|20:06:54] There is a quorum                        height=3 round=0
--- in rm.process p.id: --- Peer d9d5b902798f5c42 [eth/63]
INFO [11-03|20:06:54] ============in cm.commitLockset============ 
INFO [11-03|20:06:54] in commitLockset, check ls HasQuorum 
INFO [11-03|20:06:54] in HasQuorum 
INFO [11-03|20:06:54] In IsValid() 
len(lockset.Votes): 4 lockset.EligibleVotesNum: 4
INFO [11-03|20:06:54] cm.found is not nil 
INFO [11-03|20:06:54] store lockset 
peerid: d9d5b902798f5c42
INFO [11-03|20:06:54] ---storeLockset--- 
INFO [11-03|20:06:54] after cm.process() 
cmH 3
INFO [11-03|20:06:54] in validatorCommit1 
pid: d9d5b902798f5c42
block number 3
-------in NewBFTValidatorBlock-------
INFO [11-03|20:06:54] in validatorCommit2 
validatorCommit time: 74.471µs
INFO [11-03|20:06:54] **in eth.handler**, get result from ch 
INFO [11-03|20:06:54] ***in BFT.VVVVerifyHeader*** 
INFO [11-03|20:06:54] ***in BFT.verifyHeader*** 
INFO [11-03|20:06:54] ***in BFT.verifySeal*** 
INFO [11-03|20:06:54] In verifyVotes 
INFO [11-03|20:06:54] in HasQuorum 
INFO [11-03|20:06:54] In IsValid() 
len(lockset.Votes): 4 lockset.EligibleVotesNum: 4
INFO [11-03|20:06:54] ***in BFT.VerifyHeaderSSSS*** 
INFO [11-03|20:06:54] ***in BFT.verifyHeader*** 
INFO [11-03|20:06:54] ***in BFT.verifySeal*** 
INFO [11-03|20:06:54] In verifyVotes 
INFO [11-03|20:06:54] in HasQuorum 
INFO [11-03|20:06:54] In IsValid() 
len(lockset.Votes): 4 lockset.EligibleVotesNum: 4
INFO [11-03|20:06:54] have a consensus on the block 
INFO [11-03|20:06:54] result.Header().Coinbase != b.signer 
result.Header().Coinbase: [89 132 67 241 136 14 245 133 178 31 29 117 133 189 5 119 64 40 97 229] b.signer: [130 169 120 179 245 150 42 91 9 87 217 238 158 239 71 46 229 91 66 241]
ConsensusTime, 102444230 , txs, 1599 , blockNum, 3
FinishedConsensus, 1541246814849988000
INFO [11-03|20:06:54] result is nil 
INFO [11-03|20:06:54] === Finished Mine() === 
INFO [11-03|20:06:56] Imported new chain segment               blocks=1 txs=1599 mgas=33.579 elapsed=1.830s    mgasps=18.344 number=3 hash=63725f…f405f4
FinishedPostExec, 1541246816658065000 , txs, 1599
PostExecTime, 1.830499074s
INFO [11-03|20:06:56] in pool.evenLoop, call pool.resetState 
INFO [11-03|20:06:58] Commit new mining work                   number=4 txs=1600 uncles=0 elapsed=1.897s
INFO [11-03|20:06:58] Sealing                                  block n=4
StartConsensus, 1541246818556326000
INFO [11-03|20:06:58] Start Process 
INFO [11-03|20:06:58] in cm.Process, check lastCommittingLockset() 
INFO [11-03|20:06:58] In IsValid() 
len(lockset.Votes): 4 lockset.EligibleVotesNum: 4
INFO [11-03|20:06:58] in HasQuorum 
INFO [11-03|20:06:58] In IsValid() 
len(lockset.Votes): 4 lockset.EligibleVotesNum: 4
=====CM.COINBASE IS:===== [130 169 120 179 245 150 42 91 9 87 217 238 158 239 71 46 229 91 66 241] block number is: 4
INFO [11-03|20:06:58] case: default, cm.process 
ready: 4 need: 2.6666667
INFO [11-03|20:06:58] ---------------process------------------ 
INFO [11-03|20:06:58] In RM Process                            height=4 round=0
INFO [11-03|20:06:58] --------In rm.propose------- 
INFO [11-03|20:06:58] I am a proposer in                       height=4 round=0
INFO [11-03|20:06:58] in propose, check lastRoundLockset 
lastRoundLockset, hm.activeround: 0
INFO [11-03|20:06:58] ------in mkProposal------ 
INFO [11-03|20:06:58] In IsValid() 
len(lockset.Votes): 4 lockset.EligibleVotesNum: 4
INFO [11-03|20:06:58] in HasQuorum 
INFO [11-03|20:06:58] In IsValid() 
len(lockset.Votes): 4 lockset.EligibleVotesNum: 4
INFO [11-03|20:06:58] LockSet(R-1) is nil (rm.round should equal to zero) 
INFO [11-03|20:06:58] in HasQuorum 
INFO [11-03|20:06:58] In IsValid() 
len(lockset.Votes): 4 lockset.EligibleVotesNum: 4
INFO [11-03|20:06:58] in HasQuorum 
INFO [11-03|20:06:58] In IsValid() 
len(lockset.Votes): 4 lockset.EligibleVotesNum: 4
Create block blockhash :  [33 143 250 179 210 68 51 135 58 45 60 239 34 226 160 142 167 231 23 220 6 253 243 223 16 80 76 2 228 65 171 83]
INFO [11-03|20:06:58] In addBlockCandidates!! 
INFO [11-03|20:06:58] Send NewBlockProposalMsg:                LOG15_ERROR=                                                   LOG15_ERROR="Normalized odd number of arguments by adding nil"
INFO [11-03|20:06:58] Handle BFT Msg,                          msg="msg #18 (662 bytes)"
INFO [11-03|20:06:58] ------Received MsigProposalMsg------ 
mpHR: H: 4 R: 0 hash: [33 143 250 179 210 68 51 135 58 45 60 239 34 226 160 142 167 231 23 220 6 253 243 223 16 80 76 2 228 65 171 83]
cmHR: H: 4 R: 0
INFO [11-03|20:06:58] --------------------------------------- 
INFO [11-03|20:06:58] in MsigFinished 
len(mp.Msig.MsigVs): 2 mp.MsigVs: [0 28]
H====:  4 P==== 0
INFO [11-03|20:06:58] In addMsig I am leader 
mp= &{0xc429fbc880 28 107362786396840861122682327217997201237908902309020064970856930053796538209178 2900299620168777492704917196750504960029799648956362278707868113338816690224 0xc42b5e45a0 4 0 [33 143 250 179 210 68 51 135 58 45 60 239 34 226 160 142 167 231 23 220 6 253 243 223 16 80 76 2 228 65 171 83] 0xc425ab1900 0xc425ab1950}
INFO [11-03|20:06:58] in bfthandler Send MsigProposalMsg 
INFO [11-03|20:06:58] Sending MsigProposalMsg 
INFO [11-03|20:06:58] Sending MsigProposalMsg 
INFO [11-03|20:06:58] Sending MsigProposalMsg 
INFO [11-03|20:06:58] ---------------in rm.vote----------------- 
INFO [11-03|20:06:58] in vote in RM                            height=4 round=0
INFO [11-03|20:06:58] Timeout time not reach, curr vs timeout: curr=1541246818.000 timeout=1541246823.000
INFO [11-03|20:06:58] in rm.process, check lockset HasQuorum 
INFO [11-03|20:06:58] in HasQuorum 
INFO [11-03|20:06:58] In IsValid() 
len(lockset.Votes): 0 lockset.EligibleVotesNum: 4
INFO [11-03|20:06:58] rm lockset is not valid yet 
INFO [11-03|20:06:58] after cm.process() 
INFO [11-03|20:06:58] ------addmsigproposal success!------- 
INFO [11-03|20:06:58] Handle BFT Msg,                          msg="msg #17 (107 bytes)"
INFO [11-03|20:06:58] ------Received VoteMsg------ 
voteHR: H: 4 R: 0 voteType:: 1 voteHash: [33 143 250 179 210 68 51 135 58 45 60 239 34 226 160 142 167 231 23 220 6 253 243 223 16 80 76 2 228 65 171 83]
cmHR: H: 4 R: 0
INFO [11-03|20:06:58] --------------------------------------- 
INFO [11-03|20:06:58] addVote to                               height=4 round=0 from=0x7d577a597b2742b498cb5cf0c26cdcd726d39e6e success=true cm.coinbase=0x82a978b3f5962a5b0957d9ee9eef472ee55b42f1
INFO [11-03|20:06:58] ------in handle VoteMsg, success!------ 
INFO [11-03|20:06:58] Handle BFT Msg,                          msg="msg #17 (107 bytes)"
INFO [11-03|20:06:58] ------Received VoteMsg------ 
voteHR: H: 4 R: 0 voteType:: 1 voteHash: [33 143 250 179 210 68 51 135 58 45 60 239 34 226 160 142 167 231 23 220 6 253 243 223 16 80 76 2 228 65 171 83]
cmHR: H: 4 R: 0
INFO [11-03|20:06:58] --------------------------------------- 
INFO [11-03|20:06:58] addVote to                               height=4 round=0 from=0x598443f1880ef585b21f1d7585bd0577402861e5 success=true cm.coinbase=0x82a978b3f5962a5b0957d9ee9eef472ee55b42f1
INFO [11-03|20:06:58] ------in handle VoteMsg, success!------ 
INFO [11-03|20:06:58] case: default, cm.process 
ready: 4 need: 2.6666667
INFO [11-03|20:06:58] ---------------process------------------ 
INFO [11-03|20:06:58] In RM Process                            height=4 round=0
INFO [11-03|20:06:58] --------In rm.propose------- 
INFO [11-03|20:06:58] I am a proposer in                       height=4 round=0
INFO [11-03|20:06:58] ---------------in rm.vote----------------- 
INFO [11-03|20:06:58] in vote in RM                            height=4 round=0
INFO [11-03|20:06:58] vote mp 
INFO [11-03|20:06:58] vote success in                          height=4 round=0
INFO [11-03|20:06:58] Send VoteMsg 
INFO [11-03|20:06:58] in rm.process, check lockset HasQuorum 
INFO [11-03|20:06:58] in HasQuorum 
INFO [11-03|20:06:58] In IsValid() 
len(lockset.Votes): 3 lockset.EligibleVotesNum: 4
INFO [11-03|20:06:58] There is a quorum                        height=4 round=0
INFO [11-03|20:06:58] ============in cm.commitLockset============ 
INFO [11-03|20:06:58] in commitLockset, check ls HasQuorum 
INFO [11-03|20:06:58] in HasQuorum 
INFO [11-03|20:06:58] In IsValid() 
len(lockset.Votes): 3 lockset.EligibleVotesNum: 4
INFO [11-03|20:06:58] cm.found is not nil 
INFO [11-03|20:06:58] store lockset 
INFO [11-03|20:06:58] ---storeLockset--- 
INFO [11-03|20:06:58] have a consensus on the block 
ConsensusTime, 162076035 , txs, 1600 , blockNum, 4
FinishedConsensus, 1541246818718367000
INFO [11-03|20:06:58] after cm.process() 
INFO [11-03|20:06:58] Successfully sealed new block            number=4 hash=218ffa…41ab53
INFO [11-03|20:06:58] === Finished Mine() === 
INFO [11-03|20:06:58] 🔨 mined potential block                  number=4 hash=218ffa…41ab53
INFO [11-03|20:06:58] received NewBlockMsg! 
INFO [11-03|20:06:58] in pool.evenLoop, call pool.resetState 
INFO [11-03|20:07:00] received NewBlockMsg! 
INFO [11-03|20:07:00] Commit new mining work                   number=5 txs=1601 uncles=0 elapsed=2.013s
INFO [11-03|20:07:00] Sealing                                  block n=5
StartConsensus, 1541246820777315000
INFO [11-03|20:07:00] Start Process 
INFO [11-03|20:07:00] in cm.Process, check lastCommittingLockset() 
INFO [11-03|20:07:00] In IsValid() 
len(lockset.Votes): 3 lockset.EligibleVotesNum: 4
INFO [11-03|20:07:00] in HasQuorum 
INFO [11-03|20:07:00] In IsValid() 
len(lockset.Votes): 3 lockset.EligibleVotesNum: 4
=====CM.COINBASE IS:===== [130 169 120 179 245 150 42 91 9 87 217 238 158 239 71 46 229 91 66 241] block number is: 5
INFO [11-03|20:07:00] case: default, cm.process 
ready: 4 need: 2.6666667
INFO [11-03|20:07:00] ---------------process------------------ 
INFO [11-03|20:07:00] In RM Process                            height=5 round=0
INFO [11-03|20:07:00] --------In rm.propose------- 
INFO [11-03|20:07:00] ---------------in rm.vote----------------- 
INFO [11-03|20:07:00] in vote in RM                            height=5 round=0
INFO [11-03|20:07:00] Timeout time not reach, curr vs timeout: curr=1541246820.000 timeout=1541246825.000
INFO [11-03|20:07:00] in rm.process, check lockset HasQuorum 
INFO [11-03|20:07:00] in HasQuorum 
INFO [11-03|20:07:00] In IsValid() 
len(lockset.Votes): 0 lockset.EligibleVotesNum: 4
INFO [11-03|20:07:00] rm lockset is not valid yet 
INFO [11-03|20:07:00] after cm.process() 
INFO [11-03|20:07:00] case: default, cm.process 
ready: 4 need: 2.6666667
INFO [11-03|20:07:00] ---------------process------------------ 
INFO [11-03|20:07:00] In RM Process                            height=5 round=0
INFO [11-03|20:07:00] --------In rm.propose------- 
INFO [11-03|20:07:00] ---------------in rm.vote----------------- 
INFO [11-03|20:07:00] in vote in RM                            height=5 round=0
INFO [11-03|20:07:00] Timeout time not reach, curr vs timeout: curr=1541246820.000 timeout=1541246825.000
INFO [11-03|20:07:00] in rm.process, check lockset HasQuorum 
INFO [11-03|20:07:00] in HasQuorum 
INFO [11-03|20:07:00] In IsValid() 
len(lockset.Votes): 0 lockset.EligibleVotesNum: 4
INFO [11-03|20:07:00] rm lockset is not valid yet 
INFO [11-03|20:07:00] after cm.process() 
INFO [11-03|20:07:00] case: default, cm.process 
ready: 4 need: 2.6666667
INFO [11-03|20:07:00] ---------------process------------------ 
INFO [11-03|20:07:00] In RM Process                            height=5 round=0
INFO [11-03|20:07:00] --------In rm.propose------- 
INFO [11-03|20:07:00] ---------------in rm.vote----------------- 
INFO [11-03|20:07:00] in vote in RM                            height=5 round=0
INFO [11-03|20:07:00] Timeout time not reach, curr vs timeout: curr=1541246820.000 timeout=1541246825.000
INFO [11-03|20:07:00] in rm.process, check lockset HasQuorum 
INFO [11-03|20:07:00] in HasQuorum 
INFO [11-03|20:07:00] In IsValid() 
len(lockset.Votes): 0 lockset.EligibleVotesNum: 4
INFO [11-03|20:07:00] rm lockset is not valid yet 
INFO [11-03|20:07:00] after cm.process() 
INFO [11-03|20:07:01] Handle BFT Msg,                          msg="msg #17 (107 bytes)"
INFO [11-03|20:07:01] ------Received VoteMsg------ 
voteHR: H: 4 R: 0 voteType:: 2 voteHash: [0 0 0 0 0 0 0 0 0 0 0 0 0 0 0 0 0 0 0 0 0 0 0 0 0 0 0 0 0 0 0 0]
cmHR: H: 5 R: 0
INFO [11-03|20:07:01] --------------------------------------- 
INFO [11-03|20:07:01] addVote to                               height=4 round=0 from=0xdceceaf3fc5c0a63d195d69b1a90011b7b19650d success=true cm.coinbase=0x82a978b3f5962a5b0957d9ee9eef472ee55b42f1
INFO [11-03|20:07:01] ------in handle VoteMsg, success!------ 
INFO [11-03|20:07:01] case: default, cm.process 
ready: 4 need: 2.6666667
INFO [11-03|20:07:01] ---------------process------------------ 
INFO [11-03|20:07:01] In RM Process                            height=5 round=0
INFO [11-03|20:07:01] --------In rm.propose------- 
INFO [11-03|20:07:01] ---------------in rm.vote----------------- 
INFO [11-03|20:07:01] in vote in RM                            height=5 round=0
INFO [11-03|20:07:01] Timeout time not reach, curr vs timeout: curr=1541246821.000 timeout=1541246825.000
INFO [11-03|20:07:01] in rm.process, check lockset HasQuorum 
INFO [11-03|20:07:01] in HasQuorum 
INFO [11-03|20:07:01] In IsValid() 
len(lockset.Votes): 0 lockset.EligibleVotesNum: 4
INFO [11-03|20:07:01] rm lockset is not valid yet 
INFO [11-03|20:07:01] after cm.process() 
INFO [11-03|20:07:01] case: default, cm.process 
ready: 4 need: 2.6666667
INFO [11-03|20:07:01] ---------------process------------------ 
INFO [11-03|20:07:01] In RM Process                            height=5 round=0
INFO [11-03|20:07:01] --------In rm.propose------- 
INFO [11-03|20:07:01] ---------------in rm.vote----------------- 
INFO [11-03|20:07:01] in vote in RM                            height=5 round=0
INFO [11-03|20:07:01] Timeout time not reach, curr vs timeout: curr=1541246821.000 timeout=1541246825.000
INFO [11-03|20:07:01] in rm.process, check lockset HasQuorum 
INFO [11-03|20:07:01] in HasQuorum 
INFO [11-03|20:07:01] In IsValid() 
len(lockset.Votes): 0 lockset.EligibleVotesNum: 4
INFO [11-03|20:07:01] rm lockset is not valid yet 
INFO [11-03|20:07:01] after cm.process() 
INFO [11-03|20:07:01] case: default, cm.process 
ready: 4 need: 2.6666667
INFO [11-03|20:07:01] ---------------process------------------ 
INFO [11-03|20:07:01] In RM Process                            height=5 round=0
INFO [11-03|20:07:01] --------In rm.propose------- 
INFO [11-03|20:07:01] ---------------in rm.vote----------------- 
INFO [11-03|20:07:01] in vote in RM                            height=5 round=0
INFO [11-03|20:07:01] Timeout time not reach, curr vs timeout: curr=1541246821.000 timeout=1541246825.000
INFO [11-03|20:07:01] in rm.process, check lockset HasQuorum 
INFO [11-03|20:07:01] in HasQuorum 
INFO [11-03|20:07:01] In IsValid() 
len(lockset.Votes): 0 lockset.EligibleVotesNum: 4
INFO [11-03|20:07:01] rm lockset is not valid yet 
INFO [11-03|20:07:01] after cm.process() 
INFO [11-03|20:07:01] case: default, cm.process 
ready: 4 need: 2.6666667
INFO [11-03|20:07:01] ---------------process------------------ 
INFO [11-03|20:07:01] In RM Process                            height=5 round=0
INFO [11-03|20:07:01] --------In rm.propose------- 
INFO [11-03|20:07:01] ---------------in rm.vote----------------- 
INFO [11-03|20:07:01] in vote in RM                            height=5 round=0
INFO [11-03|20:07:01] Timeout time not reach, curr vs timeout: curr=1541246821.000 timeout=1541246825.000
INFO [11-03|20:07:01] in rm.process, check lockset HasQuorum 
INFO [11-03|20:07:01] in HasQuorum 
INFO [11-03|20:07:01] In IsValid() 
len(lockset.Votes): 0 lockset.EligibleVotesNum: 4
INFO [11-03|20:07:01] rm lockset is not valid yet 
INFO [11-03|20:07:01] after cm.process() 
INFO [11-03|20:07:01] case: default, cm.process 
ready: 4 need: 2.6666667
INFO [11-03|20:07:01] ---------------process------------------ 
INFO [11-03|20:07:01] In RM Process                            height=5 round=0
INFO [11-03|20:07:01] --------In rm.propose------- 
INFO [11-03|20:07:01] ---------------in rm.vote----------------- 
INFO [11-03|20:07:01] in vote in RM                            height=5 round=0
INFO [11-03|20:07:01] Timeout time not reach, curr vs timeout: curr=1541246821.000 timeout=1541246825.000
INFO [11-03|20:07:01] in rm.process, check lockset HasQuorum 
INFO [11-03|20:07:01] in HasQuorum 
INFO [11-03|20:07:01] In IsValid() 
len(lockset.Votes): 0 lockset.EligibleVotesNum: 4
INFO [11-03|20:07:01] rm lockset is not valid yet 
INFO [11-03|20:07:01] after cm.process() 
INFO [11-03|20:07:01] case: default, cm.process 
ready: 4 need: 2.6666667
INFO [11-03|20:07:01] ---------------process------------------ 
INFO [11-03|20:07:01] In RM Process                            height=5 round=0
INFO [11-03|20:07:01] --------In rm.propose------- 
INFO [11-03|20:07:01] ---------------in rm.vote----------------- 
INFO [11-03|20:07:01] in vote in RM                            height=5 round=0
INFO [11-03|20:07:01] Timeout time not reach, curr vs timeout: curr=1541246821.000 timeout=1541246825.000
INFO [11-03|20:07:01] in rm.process, check lockset HasQuorum 
INFO [11-03|20:07:01] in HasQuorum 
INFO [11-03|20:07:01] In IsValid() 
len(lockset.Votes): 0 lockset.EligibleVotesNum: 4
INFO [11-03|20:07:01] rm lockset is not valid yet 
INFO [11-03|20:07:01] after cm.process() 
INFO [11-03|20:07:01] case: default, cm.process 
ready: 4 need: 2.6666667
INFO [11-03|20:07:01] ---------------process------------------ 
INFO [11-03|20:07:01] In RM Process                            height=5 round=0
INFO [11-03|20:07:01] --------In rm.propose------- 
INFO [11-03|20:07:01] ---------------in rm.vote----------------- 
INFO [11-03|20:07:01] in vote in RM                            height=5 round=0
INFO [11-03|20:07:01] Timeout time not reach, curr vs timeout: curr=1541246821.000 timeout=1541246825.000
INFO [11-03|20:07:01] in rm.process, check lockset HasQuorum 
INFO [11-03|20:07:01] in HasQuorum 
INFO [11-03|20:07:01] In IsValid() 
len(lockset.Votes): 0 lockset.EligibleVotesNum: 4
INFO [11-03|20:07:01] rm lockset is not valid yet 
INFO [11-03|20:07:01] after cm.process() 
INFO [11-03|20:07:01] case: default, cm.process 
ready: 4 need: 2.6666667
INFO [11-03|20:07:01] ---------------process------------------ 
INFO [11-03|20:07:01] In RM Process                            height=5 round=0
INFO [11-03|20:07:01] --------In rm.propose------- 
INFO [11-03|20:07:01] ---------------in rm.vote----------------- 
INFO [11-03|20:07:01] in vote in RM                            height=5 round=0
INFO [11-03|20:07:01] Timeout time not reach, curr vs timeout: curr=1541246821.000 timeout=1541246825.000
INFO [11-03|20:07:01] in rm.process, check lockset HasQuorum 
INFO [11-03|20:07:01] in HasQuorum 
INFO [11-03|20:07:01] In IsValid() 
len(lockset.Votes): 0 lockset.EligibleVotesNum: 4
INFO [11-03|20:07:01] rm lockset is not valid yet 
INFO [11-03|20:07:01] after cm.process() 
INFO [11-03|20:07:01] Handle BFT Msg,                          msg="msg #11 (173950 bytes)"
INFO [11-03|20:07:01] -------Received NewBlockProposalMsg------- 
bpHR: H: 5 R: 0
cmHR: H: 5 R: 0
INFO [11-03|20:07:01] --------------------------------------- 
# collMsig from = Peer 6d11b37ef4fc909a [eth/63]
cmHR: H: 5 R: 0
this is rm.proposerPeer  Peer 6d11b37ef4fc909a [eth/63]
INFO [11-03|20:07:01] In IsValid() 
len(lockset.Votes): 0 lockset.EligibleVotesNum: 0
INFO [11-03|20:07:01] cm add BlockProposal                     h=5 r=0
INFO [11-03|20:07:01] in HasQuorum 
INFO [11-03|20:07:01] In IsValid() 
len(lockset.Votes): 4 lockset.EligibleVotesNum: 4
INFO [11-03|20:07:01] In addBlockCandidates!! 
INFO [11-03|20:07:01] -------in handle NewBlockProposalMsg, success!------- 
INFO [11-03|20:07:01] Handle BFT Msg,                          msg="msg #18 (662 bytes)"
INFO [11-03|20:07:01] ------Received MsigProposalMsg------ 
mpHR: H: 5 R: 0 hash: [5 171 245 119 79 59 107 106 46 57 7 109 146 56 233 89 199 241 31 138 55 14 13 163 47 148 209 159 183 37 107 41]
cmHR: H: 5 R: 0
INFO [11-03|20:07:01] --------------------------------------- 
INFO [11-03|20:07:01] in MsigFinished 
len(mp.Msig.MsigVs): 2 mp.MsigVs: [0 28]
H====:  5 P==== 0
INFO [11-03|20:07:01] ------addmsigproposal success!------- 
INFO [11-03|20:07:01] Handle BFT Msg,                          msg="msg #17 (107 bytes)"
INFO [11-03|20:07:01] ------Received VoteMsg------ 
voteHR: H: 5 R: 0 voteType:: 1 voteHash: [5 171 245 119 79 59 107 106 46 57 7 109 146 56 233 89 199 241 31 138 55 14 13 163 47 148 209 159 183 37 107 41]
cmHR: H: 5 R: 0
INFO [11-03|20:07:01] --------------------------------------- 
INFO [11-03|20:07:01] addVote to                               height=5 round=0 from=0x598443f1880ef585b21f1d7585bd0577402861e5 success=true cm.coinbase=0x82a978b3f5962a5b0957d9ee9eef472ee55b42f1
INFO [11-03|20:07:01] ------in handle VoteMsg, success!------ 
INFO [11-03|20:07:01] case: default, cm.process 
ready: 4 need: 2.6666667
INFO [11-03|20:07:01] ---------------process------------------ 
INFO [11-03|20:07:01] In RM Process                            height=5 round=0
INFO [11-03|20:07:01] --------In rm.propose------- 
INFO [11-03|20:07:01] ---------------in rm.vote----------------- 
INFO [11-03|20:07:01] in vote in RM                            height=5 round=0
INFO [11-03|20:07:01] vote mp 
INFO [11-03|20:07:01] vote success in                          height=5 round=0
INFO [11-03|20:07:01] Send VoteMsg 
INFO [11-03|20:07:01] in rm.process, check lockset HasQuorum 
INFO [11-03|20:07:01] in HasQuorum 
INFO [11-03|20:07:01] In IsValid() 
len(lockset.Votes): 2 lockset.EligibleVotesNum: 4
INFO [11-03|20:07:01] rm lockset is not valid yet 
INFO [11-03|20:07:01] after cm.process() 
INFO [11-03|20:07:01] Handle BFT Msg,                          msg="msg #17 (107 bytes)"
INFO [11-03|20:07:01] ------Received VoteMsg------ 
voteHR: H: 5 R: 0 voteType:: 1 voteHash: [5 171 245 119 79 59 107 106 46 57 7 109 146 56 233 89 199 241 31 138 55 14 13 163 47 148 209 159 183 37 107 41]
cmHR: H: 5 R: 0
INFO [11-03|20:07:01] --------------------------------------- 
INFO [11-03|20:07:01] addVote to                               height=5 round=0 from=0xdceceaf3fc5c0a63d195d69b1a90011b7b19650d success=true cm.coinbase=0x82a978b3f5962a5b0957d9ee9eef472ee55b42f1
INFO [11-03|20:07:01] ------in handle VoteMsg, success!------ 
INFO [11-03|20:07:01] Handle BFT Msg,                          msg="msg #17 (107 bytes)"
INFO [11-03|20:07:01] ------Received VoteMsg------ 
voteHR: H: 5 R: 0 voteType:: 1 voteHash: [5 171 245 119 79 59 107 106 46 57 7 109 146 56 233 89 199 241 31 138 55 14 13 163 47 148 209 159 183 37 107 41]
cmHR: H: 5 R: 0
INFO [11-03|20:07:01] --------------------------------------- 
INFO [11-03|20:07:01] addVote to                               height=5 round=0 from=0x7d577a597b2742b498cb5cf0c26cdcd726d39e6e success=true cm.coinbase=0x82a978b3f5962a5b0957d9ee9eef472ee55b42f1
INFO [11-03|20:07:01] ------in handle VoteMsg, success!------ 
INFO [11-03|20:07:01] Handle BFT Msg,                          msg="msg #9 (3 bytes)"
INFO [11-03|20:07:01] -------GetLocksetsMsg------- 
GetLockSetsMsg request:  [{5}] from:  d9d5b902798f5c42
INFO [11-03|20:07:01] Request future block 
INFO [11-03|20:07:02] case: default, cm.process 
ready: 4 need: 2.6666667
INFO [11-03|20:07:02] ---------------process------------------ 
INFO [11-03|20:07:02] In RM Process                            height=5 round=0
INFO [11-03|20:07:02] --------In rm.propose------- 
INFO [11-03|20:07:02] ---------------in rm.vote----------------- 
INFO [11-03|20:07:02] voted 
INFO [11-03|20:07:02] in rm.process, check lockset HasQuorum 
INFO [11-03|20:07:02] in HasQuorum 
INFO [11-03|20:07:02] In IsValid() 
len(lockset.Votes): 4 lockset.EligibleVotesNum: 4
INFO [11-03|20:07:02] There is a quorum                        height=5 round=0
--- in rm.process p.id: --- Peer 6d11b37ef4fc909a [eth/63]
INFO [11-03|20:07:02] ============in cm.commitLockset============ 
INFO [11-03|20:07:02] in commitLockset, check ls HasQuorum 
INFO [11-03|20:07:02] in HasQuorum 
INFO [11-03|20:07:02] In IsValid() 
len(lockset.Votes): 4 lockset.EligibleVotesNum: 4
INFO [11-03|20:07:02] cm.found is not nil 
INFO [11-03|20:07:02] store lockset 
peerid: 6d11b37ef4fc909a
INFO [11-03|20:07:02] ---storeLockset--- 
INFO [11-03|20:07:02] have a consensus on the block 
INFO [11-03|20:07:02] result.Header().Coinbase != b.signer 
result.Header().Coinbase: [125 87 122 89 123 39 66 180 152 203 92 240 194 108 220 215 38 211 158 110] b.signer: [130 169 120 179 245 150 42 91 9 87 217 238 158 239 71 46 229 91 66 241]
ConsensusTime, 1237745646 , txs, 1601 , blockNum, 5
FinishedConsensus, 1541246822015090000
INFO [11-03|20:07:02] result is nil 
cmH 5
INFO [11-03|20:07:02] === Finished Mine() === 
INFO [11-03|20:07:02] in validatorCommit1 
pid: 6d11b37ef4fc909a
block number 5
-------in NewBFTValidatorBlock-------
INFO [11-03|20:07:02] in validatorCommit2 
validatorCommit time: 108.331µs
INFO [11-03|20:07:02] **in eth.handler**, get result from ch 
INFO [11-03|20:07:02] ***in BFT.VVVVerifyHeader*** 
INFO [11-03|20:07:02] ***in BFT.verifyHeader*** 
INFO [11-03|20:07:02] ***in BFT.verifySeal*** 
INFO [11-03|20:07:02] In verifyVotes 
INFO [11-03|20:07:02] in HasQuorum 
INFO [11-03|20:07:02] In IsValid() 
len(lockset.Votes): 4 lockset.EligibleVotesNum: 4
INFO [11-03|20:07:02] ***in BFT.VerifyHeaderSSSS*** 
INFO [11-03|20:07:02] ***in BFT.verifyHeader*** 
INFO [11-03|20:07:02] ***in BFT.verifySeal*** 
INFO [11-03|20:07:02] In verifyVotes 
INFO [11-03|20:07:02] in HasQuorum 
INFO [11-03|20:07:02] In IsValid() 
len(lockset.Votes): 4 lockset.EligibleVotesNum: 4
INFO [11-03|20:07:02] after cm.process() 
INFO [11-03|20:07:02] received NewBlockMsg! 
INFO [11-03|20:07:03] Imported new chain segment               blocks=1 txs=1601 mgas=33.621 elapsed=1.750s    mgasps=19.207 number=5 hash=05abf5…256b29
FinishedPostExec, 1541246823766143000 , txs, 1601
PostExecTime, 1.750461311s
INFO [11-03|20:07:03] in pool.evenLoop, call pool.resetState 
INFO [11-03|20:07:05] Commit new mining work                   number=6 txs=1602 uncles=0 elapsed=1.998s
INFO [11-03|20:07:05] Sealing                                  block n=6
StartConsensus, 1541246825764517000
INFO [11-03|20:07:05] Start Process 
INFO [11-03|20:07:05] in cm.Process, check lastCommittingLockset() 
INFO [11-03|20:07:05] In IsValid() 
len(lockset.Votes): 4 lockset.EligibleVotesNum: 4
INFO [11-03|20:07:05] in HasQuorum 
INFO [11-03|20:07:05] In IsValid() 
len(lockset.Votes): 4 lockset.EligibleVotesNum: 4
=====CM.COINBASE IS:===== [130 169 120 179 245 150 42 91 9 87 217 238 158 239 71 46 229 91 66 241] block number is: 6
INFO [11-03|20:07:05] case: default, cm.process 
ready: 4 need: 2.6666667
INFO [11-03|20:07:05] ---------------process------------------ 
INFO [11-03|20:07:05] In RM Process                            height=6 round=0
INFO [11-03|20:07:05] --------In rm.propose------- 
INFO [11-03|20:07:05] ---------------in rm.vote----------------- 
INFO [11-03|20:07:05] in vote in RM                            height=6 round=0
INFO [11-03|20:07:05] Timeout time not reach, curr vs timeout: curr=1541246825.000 timeout=1541246830.000
INFO [11-03|20:07:05] in rm.process, check lockset HasQuorum 
INFO [11-03|20:07:05] in HasQuorum 
INFO [11-03|20:07:05] In IsValid() 
len(lockset.Votes): 0 lockset.EligibleVotesNum: 4
INFO [11-03|20:07:05] rm lockset is not valid yet 
INFO [11-03|20:07:05] after cm.process() 
INFO [11-03|20:07:05] case: default, cm.process 
ready: 4 need: 2.6666667
INFO [11-03|20:07:05] ---------------process------------------ 
INFO [11-03|20:07:05] In RM Process                            height=6 round=0
INFO [11-03|20:07:05] --------In rm.propose------- 
INFO [11-03|20:07:05] ---------------in rm.vote----------------- 
INFO [11-03|20:07:05] in vote in RM                            height=6 round=0
INFO [11-03|20:07:05] Timeout time not reach, curr vs timeout: curr=1541246825.000 timeout=1541246830.000
INFO [11-03|20:07:05] in rm.process, check lockset HasQuorum 
INFO [11-03|20:07:05] in HasQuorum 
INFO [11-03|20:07:05] In IsValid() 
len(lockset.Votes): 0 lockset.EligibleVotesNum: 4
INFO [11-03|20:07:05] rm lockset is not valid yet 
INFO [11-03|20:07:05] after cm.process() 
INFO [11-03|20:07:05] case: default, cm.process 
ready: 4 need: 2.6666667
INFO [11-03|20:07:05] ---------------process------------------ 
INFO [11-03|20:07:05] In RM Process                            height=6 round=0
INFO [11-03|20:07:05] --------In rm.propose------- 
INFO [11-03|20:07:05] ---------------in rm.vote----------------- 
INFO [11-03|20:07:05] in vote in RM                            height=6 round=0
INFO [11-03|20:07:05] Timeout time not reach, curr vs timeout: curr=1541246825.000 timeout=1541246830.000
INFO [11-03|20:07:05] in rm.process, check lockset HasQuorum 
INFO [11-03|20:07:05] in HasQuorum 
INFO [11-03|20:07:05] In IsValid() 
len(lockset.Votes): 0 lockset.EligibleVotesNum: 4
INFO [11-03|20:07:05] rm lockset is not valid yet 
INFO [11-03|20:07:05] after cm.process() 
INFO [11-03|20:07:06] case: default, cm.process 
ready: 4 need: 2.6666667
INFO [11-03|20:07:06] ---------------process------------------ 
INFO [11-03|20:07:06] In RM Process                            height=6 round=0
INFO [11-03|20:07:06] --------In rm.propose------- 
INFO [11-03|20:07:06] ---------------in rm.vote----------------- 
INFO [11-03|20:07:06] in vote in RM                            height=6 round=0
INFO [11-03|20:07:06] Timeout time not reach, curr vs timeout: curr=1541246826.000 timeout=1541246830.000
INFO [11-03|20:07:06] in rm.process, check lockset HasQuorum 
INFO [11-03|20:07:06] in HasQuorum 
INFO [11-03|20:07:06] In IsValid() 
len(lockset.Votes): 0 lockset.EligibleVotesNum: 4
INFO [11-03|20:07:06] rm lockset is not valid yet 
INFO [11-03|20:07:06] after cm.process() 
INFO [11-03|20:07:06] case: default, cm.process 
ready: 4 need: 2.6666667
INFO [11-03|20:07:06] ---------------process------------------ 
INFO [11-03|20:07:06] In RM Process                            height=6 round=0
INFO [11-03|20:07:06] --------In rm.propose------- 
INFO [11-03|20:07:06] ---------------in rm.vote----------------- 
INFO [11-03|20:07:06] in vote in RM                            height=6 round=0
INFO [11-03|20:07:06] Timeout time not reach, curr vs timeout: curr=1541246826.000 timeout=1541246830.000
INFO [11-03|20:07:06] in rm.process, check lockset HasQuorum 
INFO [11-03|20:07:06] in HasQuorum 
INFO [11-03|20:07:06] In IsValid() 
len(lockset.Votes): 0 lockset.EligibleVotesNum: 4
INFO [11-03|20:07:06] rm lockset is not valid yet 
INFO [11-03|20:07:06] after cm.process() 
INFO [11-03|20:07:06] Handle BFT Msg,                          msg="msg #11 (174050 bytes)"
INFO [11-03|20:07:06] -------Received NewBlockProposalMsg------- 
bpHR: H: 6 R: 0
cmHR: H: 6 R: 0
INFO [11-03|20:07:06] --------------------------------------- 
# collMsig from = Peer 94dd98401cf6ca04 [eth/63]
cmHR: H: 6 R: 0
this is rm.proposerPeer  Peer 94dd98401cf6ca04 [eth/63]
INFO [11-03|20:07:06] In IsValid() 
len(lockset.Votes): 0 lockset.EligibleVotesNum: 0
INFO [11-03|20:07:06] cm add BlockProposal                     h=6 r=0
INFO [11-03|20:07:06] in HasQuorum 
INFO [11-03|20:07:06] In IsValid() 
len(lockset.Votes): 4 lockset.EligibleVotesNum: 4
INFO [11-03|20:07:06] In addBlockCandidates!! 
INFO [11-03|20:07:06] -------in handle NewBlockProposalMsg, success!------- 
INFO [11-03|20:07:06] Handle BFT Msg,                          msg="msg #18 (662 bytes)"
INFO [11-03|20:07:06] ------Received MsigProposalMsg------ 
mpHR: H: 6 R: 0 hash: [50 130 112 36 176 122 190 44 166 89 90 124 147 68 102 214 185 151 104 10 229 57 225 154 92 170 62 21 193 117 76 194]
cmHR: H: 6 R: 0
INFO [11-03|20:07:06] --------------------------------------- 
INFO [11-03|20:07:06] in MsigFinished 
len(mp.Msig.MsigVs): 2 mp.MsigVs: [0 28]
H====:  6 P==== 0
INFO [11-03|20:07:06] ------addmsigproposal success!------- 
INFO [11-03|20:07:06] case: default, cm.process 
ready: 4 need: 2.6666667
INFO [11-03|20:07:06] ---------------process------------------ 
INFO [11-03|20:07:06] In RM Process                            height=6 round=0
INFO [11-03|20:07:06] --------In rm.propose------- 
INFO [11-03|20:07:06] ---------------in rm.vote----------------- 
INFO [11-03|20:07:06] in vote in RM                            height=6 round=0
INFO [11-03|20:07:06] vote mp 
INFO [11-03|20:07:06] vote success in                          height=6 round=0
INFO [11-03|20:07:06] Send VoteMsg 
INFO [11-03|20:07:06] in rm.process, check lockset HasQuorum 
INFO [11-03|20:07:06] in HasQuorum 
INFO [11-03|20:07:06] In IsValid() 
len(lockset.Votes): 1 lockset.EligibleVotesNum: 4
INFO [11-03|20:07:06] rm lockset is not valid yet 
INFO [11-03|20:07:06] after cm.process() 
INFO [11-03|20:07:06] Handle BFT Msg,                          msg="msg #17 (107 bytes)"
INFO [11-03|20:07:06] ------Received VoteMsg------ 
voteHR: H: 6 R: 0 voteType:: 1 voteHash: [50 130 112 36 176 122 190 44 166 89 90 124 147 68 102 214 185 151 104 10 229 57 225 154 92 170 62 21 193 117 76 194]
cmHR: H: 6 R: 0
INFO [11-03|20:07:06] --------------------------------------- 
INFO [11-03|20:07:06] addVote to                               height=6 round=0 from=0x7d577a597b2742b498cb5cf0c26cdcd726d39e6e success=true cm.coinbase=0x82a978b3f5962a5b0957d9ee9eef472ee55b42f1
INFO [11-03|20:07:06] ------in handle VoteMsg, success!------ 
INFO [11-03|20:07:06] Handle BFT Msg,                          msg="msg #17 (107 bytes)"
INFO [11-03|20:07:06] ------Received VoteMsg------ 
voteHR: H: 6 R: 0 voteType:: 1 voteHash: [50 130 112 36 176 122 190 44 166 89 90 124 147 68 102 214 185 151 104 10 229 57 225 154 92 170 62 21 193 117 76 194]
cmHR: H: 6 R: 0
INFO [11-03|20:07:06] --------------------------------------- 
INFO [11-03|20:07:06] addVote to                               height=6 round=0 from=0x598443f1880ef585b21f1d7585bd0577402861e5 success=true cm.coinbase=0x82a978b3f5962a5b0957d9ee9eef472ee55b42f1
INFO [11-03|20:07:06] ------in handle VoteMsg, success!------ 
INFO [11-03|20:07:06] received NewBlockMsg! 
INFO [11-03|20:07:06] ***in BFT.VVVVerifyHeader*** 
INFO [11-03|20:07:06] ***in BFT.verifyHeader*** 
INFO [11-03|20:07:06] ***in BFT.verifySeal*** 
INFO [11-03|20:07:06] In verifyVotes 
INFO [11-03|20:07:06] ***in sync.request()*** 
INFO [11-03|20:07:06] Handle BFT Msg,                          msg="msg #17 (107 bytes)"
INFO [11-03|20:07:06] ------Received VoteMsg------ 
voteHR: H: 6 R: 0 voteType:: 1 voteHash: [50 130 112 36 176 122 190 44 166 89 90 124 147 68 102 214 185 151 104 10 229 57 225 154 92 170 62 21 193 117 76 194]
cmHR: H: 6 R: 0
INFO [11-03|20:07:06] --------------------------------------- 
INFO [11-03|20:07:06] addVote to                               height=6 round=0 from=0xdceceaf3fc5c0a63d195d69b1a90011b7b19650d success=true cm.coinbase=0x82a978b3f5962a5b0957d9ee9eef472ee55b42f1
INFO [11-03|20:07:06] ------in handle VoteMsg, success!------ 
INFO [11-03|20:07:06] case: default, cm.process 
ready: 4 need: 2.6666667
INFO [11-03|20:07:06] ---------------process------------------ 
INFO [11-03|20:07:06] Handle BFT Msg,                          msg="msg #10 (433 bytes)"
INFO [11-03|20:07:06] -------Received LocksetMsg------- 
lockset: &{<nil> 0 0 0 4 [0xc4202c7e00 0xc4202c7f20 0xc4293ea000 0xc4293ea060] false}
INFO [11-03|20:07:06] in HasQuorum 
INFO [11-03|20:07:06] In IsValid() 
len(lockset.Votes): 4 lockset.EligibleVotesNum: 4
INFO [11-03|20:07:06] ---storeLockset--- 
INFO [11-03|20:07:06] In RM Process                            height=6 round=0
INFO [11-03|20:07:06] --------In rm.propose------- 
INFO [11-03|20:07:06] ---------------in rm.vote----------------- 
INFO [11-03|20:07:06] voted 
INFO [11-03|20:07:06] in rm.process, check lockset HasQuorum 
INFO [11-03|20:07:06] in HasQuorum 
INFO [11-03|20:07:06] In IsValid() 
len(lockset.Votes): 4 lockset.EligibleVotesNum: 4
INFO [11-03|20:07:06] There is a quorum                        height=6 round=0
--- in rm.process p.id: --- Peer 94dd98401cf6ca04 [eth/63]
INFO [11-03|20:07:06] ============in cm.commitLockset============ 
INFO [11-03|20:07:06] in commitLockset, check ls HasQuorum 
INFO [11-03|20:07:06] in HasQuorum 
INFO [11-03|20:07:06] In IsValid() 
len(lockset.Votes): 4 lockset.EligibleVotesNum: 4
INFO [11-03|20:07:06] cm.found is not nil 
INFO [11-03|20:07:06] store lockset 
peerid: 94dd98401cf6ca04
INFO [11-03|20:07:06] ---storeLockset--- 
INFO [11-03|20:07:06] have a consensus on the block 
INFO [11-03|20:07:06] result.Header().Coinbase != b.signer 
INFO [11-03|20:07:06] after cm.process() 
result.Header().Coinbase: [220 236 234 243 252 92 10 99 209 149 214 155 26 144 1 27 123 25 101 13] b.signer: [130 169 120 179 245 150 42 91 9 87 217 238 158 239 71 46 229 91 66 241]
cmH 6
INFO [11-03|20:07:06] in validatorCommit1 
ConsensusTime, 630266564 , txs, 1602 , blockNum, 6
FinishedConsensus, 1541246826394907000
pid: 94dd98401cf6ca04
INFO [11-03|20:07:06] result is nil 
block number 6
INFO [11-03|20:07:06] === Finished Mine() === 
-------in NewBFTValidatorBlock-------
INFO [11-03|20:07:06] in validatorCommit2 
validatorCommit time: 371.195µs
INFO [11-03|20:07:06] **in eth.handler**, get result from ch 
INFO [11-03|20:07:06] received NewBlockMsg! 
INFO [11-03|20:07:06] In verifyVotes 
INFO [11-03|20:07:06] in HasQuorum 
INFO [11-03|20:07:06] In IsValid() 
len(lockset.Votes): 4 lockset.EligibleVotesNum: 4
INFO [11-03|20:07:06] ***in BFT.VerifyHeaderSSSS*** 
INFO [11-03|20:07:06] ***in BFT.verifyHeader*** 
INFO [11-03|20:07:06] ***in BFT.verifySeal*** 
INFO [11-03|20:07:06] In verifyVotes 
INFO [11-03|20:07:06] in HasQuorum 
INFO [11-03|20:07:06] In IsValid() 
len(lockset.Votes): 4 lockset.EligibleVotesNum: 4
INFO [11-03|20:07:07] Imported new chain segment               blocks=1 txs=1602 mgas=33.642 elapsed=1.063s    mgasps=31.630 number=6 hash=328270…754cc2
FinishedPostExec, 1541246827645432000 , txs, 1602
PostExecTime, 1.063616643s
INFO [11-03|20:07:07] in pool.evenLoop, call pool.resetState 
INFO [11-03|20:07:09] Handle BFT Msg,                          msg="msg #11 (174160 bytes)"
INFO [11-03|20:07:09] -------Received NewBlockProposalMsg------- 
bpHR: H: 7 R: 0
cmHR: H: 7 R: 0
INFO [11-03|20:07:09] --------------------------------------- 
# collMsig from = Peer d9d5b902798f5c42 [eth/63]
cmHR: H: 7 R: 0
this is rm.proposerPeer  Peer d9d5b902798f5c42 [eth/63]
INFO [11-03|20:07:09] In IsValid() 
len(lockset.Votes): 0 lockset.EligibleVotesNum: 0
INFO [11-03|20:07:09] cm add BlockProposal                     h=7 r=0
INFO [11-03|20:07:09] in HasQuorum 
INFO [11-03|20:07:09] In IsValid() 
len(lockset.Votes): 4 lockset.EligibleVotesNum: 4
INFO [11-03|20:07:09] in collectMsig, i am msig wintness 
INFO [11-03|20:07:09] Return MsigProposalMsg to                LOG15_ERROR=                                                   LOG15_ERROR="Normalized odd number of arguments by adding nil"
INFO [11-03|20:07:09] Sending MsigProposalMsg 
in cm.collectMsig, mp.MsigVs: [<nil> 27]
INFO [11-03|20:07:09] In addBlockCandidates!! 
INFO [11-03|20:07:09] -------in handle NewBlockProposalMsg, success!------- 
INFO [11-03|20:07:09] Handle BFT Msg,                          msg="msg #18 (662 bytes)"
INFO [11-03|20:07:09] ------Received MsigProposalMsg------ 
mpHR: H: 7 R: 0 hash: [91 77 137 20 28 38 10 57 214 208 205 187 64 108 181 220 198 210 235 82 193 240 120 175 112 26 67 233 116 45 209 25]
cmHR: H: 7 R: 0
INFO [11-03|20:07:09] --------------------------------------- 
INFO [11-03|20:07:09] in msign, already sign 
INFO [11-03|20:07:09] Handle BFT Msg,                          msg="msg #17 (107 bytes)"
INFO [11-03|20:07:09] ------Received VoteMsg------ 
voteHR: H: 7 R: 0 voteType:: 1 voteHash: [91 77 137 20 28 38 10 57 214 208 205 187 64 108 181 220 198 210 235 82 193 240 120 175 112 26 67 233 116 45 209 25]
cmHR: H: 7 R: 0
INFO [11-03|20:07:09] --------------------------------------- 
INFO [11-03|20:07:09] addVote to                               height=7 round=0 from=0x7d577a597b2742b498cb5cf0c26cdcd726d39e6e success=true cm.coinbase=0x82a978b3f5962a5b0957d9ee9eef472ee55b42f1
INFO [11-03|20:07:09] ------in handle VoteMsg, success!------ 
INFO [11-03|20:07:09] Handle BFT Msg,                          msg="msg #17 (107 bytes)"
INFO [11-03|20:07:09] ------Received VoteMsg------ 
voteHR: H: 7 R: 0 voteType:: 1 voteHash: [91 77 137 20 28 38 10 57 214 208 205 187 64 108 181 220 198 210 235 82 193 240 120 175 112 26 67 233 116 45 209 25]
cmHR: H: 7 R: 0
INFO [11-03|20:07:09] --------------------------------------- 
INFO [11-03|20:07:09] addVote to                               height=7 round=0 from=0x598443f1880ef585b21f1d7585bd0577402861e5 success=true cm.coinbase=0x82a978b3f5962a5b0957d9ee9eef472ee55b42f1
INFO [11-03|20:07:09] ------in handle VoteMsg, success!------ 
INFO [11-03|20:07:09] Commit new mining work                   number=7 txs=1603 uncles=0 elapsed=1.800s
INFO [11-03|20:07:09] Sealing                                  block n=7
StartConsensus, 1541246829446499000
INFO [11-03|20:07:09] Start Process 
INFO [11-03|20:07:09] in cm.Process, check lastCommittingLockset() 
INFO [11-03|20:07:09] In IsValid() 
len(lockset.Votes): 4 lockset.EligibleVotesNum: 4
INFO [11-03|20:07:09] in HasQuorum 
INFO [11-03|20:07:09] In IsValid() 
len(lockset.Votes): 4 lockset.EligibleVotesNum: 4
=====CM.COINBASE IS:===== [130 169 120 179 245 150 42 91 9 87 217 238 158 239 71 46 229 91 66 241] block number is: 7
INFO [11-03|20:07:09] case: default, cm.process 
ready: 4 need: 2.6666667
INFO [11-03|20:07:09] ---------------process------------------ 
INFO [11-03|20:07:09] In RM Process                            height=7 round=0
INFO [11-03|20:07:09] --------In rm.propose------- 
INFO [11-03|20:07:09] ---------------in rm.vote----------------- 
INFO [11-03|20:07:09] in vote in RM                            height=7 round=0
INFO [11-03|20:07:09] vote mp 
INFO [11-03|20:07:09] vote success in                          height=7 round=0
INFO [11-03|20:07:09] Send VoteMsg 
INFO [11-03|20:07:09] in rm.process, check lockset HasQuorum 
INFO [11-03|20:07:09] in HasQuorum 
INFO [11-03|20:07:09] In IsValid() 
len(lockset.Votes): 3 lockset.EligibleVotesNum: 4
INFO [11-03|20:07:09] There is a quorum                        height=7 round=0
--- in rm.process p.id: --- Peer d9d5b902798f5c42 [eth/63]
INFO [11-03|20:07:09] ============in cm.commitLockset============ 
INFO [11-03|20:07:09] in commitLockset, check ls HasQuorum 
INFO [11-03|20:07:09] in HasQuorum 
INFO [11-03|20:07:09] In IsValid() 
len(lockset.Votes): 3 lockset.EligibleVotesNum: 4
INFO [11-03|20:07:09] cm.found is not nil 
INFO [11-03|20:07:09] store lockset 
peerid: d9d5b902798f5c42
INFO [11-03|20:07:09] ---storeLockset--- 
INFO [11-03|20:07:09] after cm.process() 
cmH 7
INFO [11-03|20:07:09] in validatorCommit1 
pid: d9d5b902798f5c42
block number 7
-------in NewBFTValidatorBlock-------
INFO [11-03|20:07:09] in validatorCommit2 
validatorCommit time: 80.882µs
INFO [11-03|20:07:09] **in eth.handler**, get result from ch 
INFO [11-03|20:07:09] ***in BFT.VVVVerifyHeader*** 
INFO [11-03|20:07:09] ***in BFT.verifyHeader*** 
INFO [11-03|20:07:09] ***in BFT.verifySeal*** 
INFO [11-03|20:07:09] In verifyVotes 
INFO [11-03|20:07:09] in HasQuorum 
INFO [11-03|20:07:09] In IsValid() 
len(lockset.Votes): 3 lockset.EligibleVotesNum: 4
INFO [11-03|20:07:09] ***in BFT.VerifyHeaderSSSS*** 
INFO [11-03|20:07:09] ***in BFT.verifyHeader*** 
INFO [11-03|20:07:09] ***in BFT.verifySeal*** 
INFO [11-03|20:07:09] In verifyVotes 
INFO [11-03|20:07:09] in HasQuorum 
INFO [11-03|20:07:09] In IsValid() 
len(lockset.Votes): 3 lockset.EligibleVotesNum: 4
INFO [11-03|20:07:09] have a consensus on the block 
INFO [11-03|20:07:09] result.Header().Coinbase != b.signer 
result.Header().Coinbase: [89 132 67 241 136 14 245 133 178 31 29 117 133 189 5 119 64 40 97 229] b.signer: [130 169 120 179 245 150 42 91 9 87 217 238 158 239 71 46 229 91 66 241]
ConsensusTime, 9142701 , txs, 1603 , blockNum, 7
FinishedConsensus, 1541246829455656000
INFO [11-03|20:07:09] result is nil 
INFO [11-03|20:07:09] === Finished Mine() === 
INFO [11-03|20:07:10] Imported new chain segment               blocks=1 txs=1603 mgas=33.663 elapsed=1.499s    mgasps=22.452 number=7 hash=5b4d89…2dd119
FinishedPostExec, 1541246830949844000 , txs, 1603
PostExecTime, 1.499361588s
INFO [11-03|20:07:10] in pool.evenLoop, call pool.resetState 
INFO [11-03|20:07:13] Commit new mining work                   number=8 txs=1603 uncles=0 elapsed=2.287s
INFO [11-03|20:07:13] Sealing                                  block n=8
StartConsensus, 1541246833237590000
INFO [11-03|20:07:13] Start Process 
INFO [11-03|20:07:13] in cm.Process, check lastCommittingLockset() 
INFO [11-03|20:07:13] In IsValid() 
len(lockset.Votes): 3 lockset.EligibleVotesNum: 4
INFO [11-03|20:07:13] in HasQuorum 
INFO [11-03|20:07:13] In IsValid() 
len(lockset.Votes): 3 lockset.EligibleVotesNum: 4
=====CM.COINBASE IS:===== [130 169 120 179 245 150 42 91 9 87 217 238 158 239 71 46 229 91 66 241] block number is: 8
INFO [11-03|20:07:13] case: default, cm.process 
ready: 4 need: 2.6666667
INFO [11-03|20:07:13] ---------------process------------------ 
INFO [11-03|20:07:13] In RM Process                            height=8 round=0
INFO [11-03|20:07:13] --------In rm.propose------- 
INFO [11-03|20:07:13] I am a proposer in                       height=8 round=0
INFO [11-03|20:07:13] in propose, check lastRoundLockset 
lastRoundLockset, hm.activeround: 0
INFO [11-03|20:07:13] ------in mkProposal------ 
INFO [11-03|20:07:13] In IsValid() 
len(lockset.Votes): 3 lockset.EligibleVotesNum: 4
INFO [11-03|20:07:13] in HasQuorum 
INFO [11-03|20:07:13] In IsValid() 
len(lockset.Votes): 3 lockset.EligibleVotesNum: 4
INFO [11-03|20:07:13] LockSet(R-1) is nil (rm.round should equal to zero) 
INFO [11-03|20:07:13] in HasQuorum 
INFO [11-03|20:07:13] In IsValid() 
len(lockset.Votes): 3 lockset.EligibleVotesNum: 4
INFO [11-03|20:07:13] in HasQuorum 
INFO [11-03|20:07:13] In IsValid() 
len(lockset.Votes): 3 lockset.EligibleVotesNum: 4
Create block blockhash :  [234 253 194 154 43 29 150 140 33 102 242 205 59 188 5 74 40 99 199 84 51 216 49 135 49 125 43 176 183 101 216 244]
INFO [11-03|20:07:13] In addBlockCandidates!! 
INFO [11-03|20:07:13] Send NewBlockProposalMsg:                LOG15_ERROR=                                                   LOG15_ERROR="Normalized odd number of arguments by adding nil"
INFO [11-03|20:07:13] Handle BFT Msg,                          msg="msg #18 (557 bytes)"
INFO [11-03|20:07:13] ------Received MsigProposalMsg------ 
mpHR: H: 8 R: 0 hash: [234 253 194 154 43 29 150 140 33 102 242 205 59 188 5 74 40 99 199 84 51 216 49 135 49 125 43 176 183 101 216 244]
cmHR: H: 8 R: 0
INFO [11-03|20:07:13] --------------------------------------- 
INFO [11-03|20:07:13] in MsigFinished 
len(mp.Msig.MsigVs): 2 mp.MsigVs: [0 28]
H====:  8 P==== 0
INFO [11-03|20:07:13] In addMsig I am leader 
mp= &{0xc42a14f380 28 69233952154144850061402802865963673171933418831237227603580073687052722009677 39069958972588830215920438750418957037154747480206994729209966282092958097718 0xc427564300 8 0 [234 253 194 154 43 29 150 140 33 102 242 205 59 188 5 74 40 99 199 84 51 216 49 135 49 125 43 176 183 101 216 244] 0xc42b87e730 0xc42b87e780}
INFO [11-03|20:07:13] in bfthandler Send MsigProposalMsg 
INFO [11-03|20:07:13] Sending MsigProposalMsg 
INFO [11-03|20:07:13] Sending MsigProposalMsg 
INFO [11-03|20:07:13] Sending MsigProposalMsg 
INFO [11-03|20:07:13] ---------------in rm.vote----------------- 
INFO [11-03|20:07:13] in vote in RM                            height=8 round=0
INFO [11-03|20:07:13] Timeout time not reach, curr vs timeout: curr=1541246833.000 timeout=1541246838.000
INFO [11-03|20:07:13] in rm.process, check lockset HasQuorum 
INFO [11-03|20:07:13] in HasQuorum 
INFO [11-03|20:07:13] In IsValid() 
len(lockset.Votes): 0 lockset.EligibleVotesNum: 4
INFO [11-03|20:07:13] rm lockset is not valid yet 
INFO [11-03|20:07:13] after cm.process() 
INFO [11-03|20:07:13] ------addmsigproposal success!------- 
INFO [11-03|20:07:13] Handle BFT Msg,                          msg="msg #17 (107 bytes)"
INFO [11-03|20:07:13] ------Received VoteMsg------ 
voteHR: H: 8 R: 0 voteType:: 1 voteHash: [234 253 194 154 43 29 150 140 33 102 242 205 59 188 5 74 40 99 199 84 51 216 49 135 49 125 43 176 183 101 216 244]
cmHR: H: 8 R: 0
INFO [11-03|20:07:13] --------------------------------------- 
INFO [11-03|20:07:13] addVote to                               height=8 round=0 from=0x7d577a597b2742b498cb5cf0c26cdcd726d39e6e success=true cm.coinbase=0x82a978b3f5962a5b0957d9ee9eef472ee55b42f1
INFO [11-03|20:07:13] ------in handle VoteMsg, success!------ 
INFO [11-03|20:07:13] Handle BFT Msg,                          msg="msg #17 (107 bytes)"
INFO [11-03|20:07:13] ------Received VoteMsg------ 
voteHR: H: 8 R: 0 voteType:: 1 voteHash: [234 253 194 154 43 29 150 140 33 102 242 205 59 188 5 74 40 99 199 84 51 216 49 135 49 125 43 176 183 101 216 244]
cmHR: H: 8 R: 0
INFO [11-03|20:07:13] --------------------------------------- 
INFO [11-03|20:07:13] addVote to                               height=8 round=0 from=0x598443f1880ef585b21f1d7585bd0577402861e5 success=true cm.coinbase=0x82a978b3f5962a5b0957d9ee9eef472ee55b42f1
INFO [11-03|20:07:13] ------in handle VoteMsg, success!------ 
INFO [11-03|20:07:13] case: default, cm.process 
ready: 4 need: 2.6666667
INFO [11-03|20:07:13] ---------------process------------------ 
INFO [11-03|20:07:13] In RM Process                            height=8 round=0
INFO [11-03|20:07:13] --------In rm.propose------- 
INFO [11-03|20:07:13] I am a proposer in                       height=8 round=0
INFO [11-03|20:07:13] ---------------in rm.vote----------------- 
INFO [11-03|20:07:13] in vote in RM                            height=8 round=0
INFO [11-03|20:07:13] vote mp 
INFO [11-03|20:07:13] vote success in                          height=8 round=0
INFO [11-03|20:07:13] Send VoteMsg 
INFO [11-03|20:07:13] in rm.process, check lockset HasQuorum 
INFO [11-03|20:07:13] in HasQuorum 
INFO [11-03|20:07:13] In IsValid() 
len(lockset.Votes): 3 lockset.EligibleVotesNum: 4
INFO [11-03|20:07:13] There is a quorum                        height=8 round=0
INFO [11-03|20:07:13] ============in cm.commitLockset============ 
INFO [11-03|20:07:13] in commitLockset, check ls HasQuorum 
INFO [11-03|20:07:13] in HasQuorum 
INFO [11-03|20:07:13] In IsValid() 
len(lockset.Votes): 3 lockset.EligibleVotesNum: 4
INFO [11-03|20:07:13] cm.found is not nil 
INFO [11-03|20:07:13] store lockset 
INFO [11-03|20:07:13] ---storeLockset--- 
INFO [11-03|20:07:13] have a consensus on the block 
ConsensusTime, 181618546 , txs, 1603 , blockNum, 8
FinishedConsensus, 1541246833419177000
INFO [11-03|20:07:13] Successfully sealed new block            number=8 hash=eafdc2…65d8f4
INFO [11-03|20:07:13] === Finished Mine() === 
INFO [11-03|20:07:13] after cm.process() 
INFO [11-03|20:07:13] 🔨 mined potential block                  number=8 hash=eafdc2…65d8f4
INFO [11-03|20:07:13] received NewBlockMsg! 
INFO [11-03|20:07:13] in pool.evenLoop, call pool.resetState 
INFO [11-03|20:07:15] Handle BFT Msg,                          msg="msg #17 (107 bytes)"
INFO [11-03|20:07:15] ------Received VoteMsg------ 
voteHR: H: 8 R: 0 voteType:: 2 voteHash: [0 0 0 0 0 0 0 0 0 0 0 0 0 0 0 0 0 0 0 0 0 0 0 0 0 0 0 0 0 0 0 0]
cmHR: H: 9 R: 0
INFO [11-03|20:07:15] --------------------------------------- 
INFO [11-03|20:07:15] addVote to                               height=8 round=0 from=0xdceceaf3fc5c0a63d195d69b1a90011b7b19650d success=true cm.coinbase=0x82a978b3f5962a5b0957d9ee9eef472ee55b42f1
INFO [11-03|20:07:15] ------in handle VoteMsg, success!------ 
INFO [11-03|20:07:15] Commit new mining work                   number=9 txs=1604 uncles=0 elapsed=2.265s
INFO [11-03|20:07:15] Sealing                                  block n=9
StartConsensus, 1541246835719905000
INFO [11-03|20:07:15] Start Process 
INFO [11-03|20:07:15] in cm.Process, check lastCommittingLockset() 
INFO [11-03|20:07:15] In IsValid() 
len(lockset.Votes): 4 lockset.EligibleVotesNum: 4
INFO [11-03|20:07:15] in HasQuorum 
INFO [11-03|20:07:15] In IsValid() 
len(lockset.Votes): 4 lockset.EligibleVotesNum: 4
=====CM.COINBASE IS:===== [130 169 120 179 245 150 42 91 9 87 217 238 158 239 71 46 229 91 66 241] block number is: 9
INFO [11-03|20:07:15] case: default, cm.process 
ready: 4 need: 2.6666667
INFO [11-03|20:07:15] ---------------process------------------ 
INFO [11-03|20:07:15] In RM Process                            height=9 round=0
INFO [11-03|20:07:15] --------In rm.propose------- 
INFO [11-03|20:07:15] ---------------in rm.vote----------------- 
INFO [11-03|20:07:15] in vote in RM                            height=9 round=0
INFO [11-03|20:07:15] Timeout time not reach, curr vs timeout: curr=1541246835.000 timeout=1541246840.000
INFO [11-03|20:07:15] in rm.process, check lockset HasQuorum 
INFO [11-03|20:07:15] in HasQuorum 
INFO [11-03|20:07:15] In IsValid() 
len(lockset.Votes): 0 lockset.EligibleVotesNum: 4
INFO [11-03|20:07:15] rm lockset is not valid yet 
INFO [11-03|20:07:15] after cm.process() 
INFO [11-03|20:07:15] case: default, cm.process 
ready: 4 need: 2.6666667
INFO [11-03|20:07:15] ---------------process------------------ 
INFO [11-03|20:07:15] In RM Process                            height=9 round=0
INFO [11-03|20:07:15] --------In rm.propose------- 
INFO [11-03|20:07:15] ---------------in rm.vote----------------- 
INFO [11-03|20:07:15] in vote in RM                            height=9 round=0
INFO [11-03|20:07:15] Timeout time not reach, curr vs timeout: curr=1541246835.000 timeout=1541246840.000
INFO [11-03|20:07:15] in rm.process, check lockset HasQuorum 
INFO [11-03|20:07:15] in HasQuorum 
INFO [11-03|20:07:15] In IsValid() 
len(lockset.Votes): 0 lockset.EligibleVotesNum: 4
INFO [11-03|20:07:15] rm lockset is not valid yet 
INFO [11-03|20:07:15] after cm.process() 
./node1.sh: line 16: 23749 Terminated: 15          ../build/bin/geth --networkid 2234 --port 30303 --rpcport 8545 --datadir "data/node1" --nodiscover --rpc --rpccorsdomain "*" --rpcapi "eth,net,debug" --bft --allow-empty --num-validators 4 --node-num 0
