INFO [11-06|10:51:18] Starting peer-to-peer node               instance=Geth/v1.6.7-unstable-671f1df5/darwin-amd64/go1.9.7
INFO [11-06|10:51:18] Allocated cache and file handles         database=/Users/sujianwei20/new_misgcode/go_ethereum_cosi/examples/data/node2/geth/chaindata cache=128 handles=1024
WARN [11-06|10:51:18] Upgrading chain database to use sequential keys 
INFO [11-06|10:51:18] Database conversion successful 
INFO [11-06|10:51:18] Initialised chain configuration          config="{ChainID: 2235 Homestead: 1 DAO: <nil> DAOSupport: false EIP150: 2 EIP155: 3 EIP158: 3 Metropolis: <nil> Engine: ethash}"
INFO [11-06|10:51:18] config bft is                            bft=true
WARN [11-06|10:51:18] Upgrading db log bloom bins 
INFO [11-06|10:51:18] Bloom-bin upgrade completed              elapsed=142.58µs
INFO [11-06|10:51:18] Initialising Ethereum protocol           versions="[63 62]" network=2234
INFO [11-06|10:51:18] Loaded most recent local header          number=0 hash=6f3c1c…1bf138 td=1048576
INFO [11-06|10:51:18] Loaded most recent local full block      number=0 hash=6f3c1c…1bf138 td=1048576
INFO [11-06|10:51:18] Loaded most recent local fast block      number=0 hash=6f3c1c…1bf138 td=1048576
INFO [11-06|10:51:18] in NewTxPool, call resetState 
INFO [11-06|10:51:18] in NewTxPool, call pool.eventLoog() 
INFO [11-06|10:51:18] Allocated cache and file handles         database=/Users/sujianwei20/new_misgcode/go_ethereum_cosi/examples/data/node2/geth/bftData   cache=128 handles=1024
INFO [11-06|10:51:18] addVote to                               height=0 round=0 from=0x7d577a597b2742b498cb5cf0c26cdcd726d39e6e success=true cm.coinbase=0x7d577a597b2742b498cb5cf0c26cdcd726d39e6e
ready: 1 need: 2.6666667
INFO [11-06|10:51:18] consensusManager not ready  
ready: 1 need: 2.6666667
INFO [11-06|10:51:18] Starting P2P networking 
INFO [11-06|10:51:18] RLPx listener up                         self="enode://6d11b37ef4fc909ae1ec6c63584f99843f04ea9466730f8e58950c8c7262e6933ca3dd37304995604f567517e8c6e6074de37eab843f91475f713bd062067e61@[::]:30304?discport=0"
INFO [11-06|10:51:18] ---In BFTvalidatorCommitBlock--- 
INFO [11-06|10:51:18] IPC endpoint opened: /Users/sujianwei20/new_misgcode/go_ethereum_cosi/examples/data/node2/geth.ipc 
INFO [11-06|10:51:18] HTTP endpoint opened: http://127.0.0.1:8546 
INFO [11-06|10:51:18] Handle BFT Msg,                          msg="msg #8 (78 bytes)"
INFO [11-06|10:51:18] ------Received ReadMsg------ 
AddReady from: [89 132 67 241 136 14 245 133 178 31 29 117 133 189 5 119 64 40 97 229]
INFO [11-06|10:51:18] send Ready msg 
INFO [11-06|10:51:18] send Ready msg 
INFO [11-06|10:51:18] Handle BFT Msg,                          msg="msg #8 (78 bytes)"
INFO [11-06|10:51:18] ------Received ReadMsg------ 
AddReady from: [220 236 234 243 252 92 10 99 209 149 214 155 26 144 1 27 123 25 101 13]
INFO [11-06|10:51:18] send Ready msg 
INFO [11-06|10:51:18] send Ready msg 
INFO [11-06|10:51:18] send Ready msg 
INFO [11-06|10:51:18] Handle BFT Msg,                          msg="msg #8 (78 bytes)"
INFO [11-06|10:51:18] ------Received ReadMsg------ 
AddReady from: [89 132 67 241 136 14 245 133 178 31 29 117 133 189 5 119 64 40 97 229]
INFO [11-06|10:51:18] send Ready msg 
INFO [11-06|10:51:18] send Ready msg 
INFO [11-06|10:51:18] Handle BFT Msg,                          msg="msg #8 (78 bytes)"
INFO [11-06|10:51:18] ------Received ReadMsg------ 
AddReady from: [89 132 67 241 136 14 245 133 178 31 29 117 133 189 5 119 64 40 97 229]
INFO [11-06|10:51:18] Handle BFT Msg,                          msg="msg #8 (78 bytes)"
INFO [11-06|10:51:18] ------Received ReadMsg------ 
AddReady from: [220 236 234 243 252 92 10 99 209 149 214 155 26 144 1 27 123 25 101 13]
INFO [11-06|10:51:18] Handle BFT Msg,                          msg="msg #8 (78 bytes)"
INFO [11-06|10:51:18] ------Received ReadMsg------ 
AddReady from: [220 236 234 243 252 92 10 99 209 149 214 155 26 144 1 27 123 25 101 13]
INFO [11-06|10:51:18] Handle BFT Msg,                          msg="msg #8 (78 bytes)"
INFO [11-06|10:51:18] ------Received ReadMsg------ 
AddReady from: [220 236 234 243 252 92 10 99 209 149 214 155 26 144 1 27 123 25 101 13]
ready: 3 need: 2.6666667
ready: 3 need: 2.6666667
INFO [11-06|10:51:18] send Ready msg 
INFO [11-06|10:51:18] send Ready msg 
INFO [11-06|10:51:18] send Ready msg 
INFO [11-06|10:51:18] -----------------consensusManager Ready------------------------- 
INFO [11-06|10:51:18] Handle BFT Msg,                          msg="msg #8 (78 bytes)"
INFO [11-06|10:51:18] ------Received ReadMsg------ 
INFO [11-06|10:51:18] Handle BFT Msg,                          msg="msg #8 (78 bytes)"
INFO [11-06|10:51:18] ------Received ReadMsg------ 
AddReady from: [125 87 122 89 123 39 66 180 152 203 92 240 194 108 220 215 38 211 158 110]
INFO [11-06|10:51:18] Handle BFT Msg,                          msg="msg #8 (78 bytes)"
INFO [11-06|10:51:18] ------Received ReadMsg------ 
AddReady from: [125 87 122 89 123 39 66 180 152 203 92 240 194 108 220 215 38 211 158 110]
AddReady from: [125 87 122 89 123 39 66 180 152 203 92 240 194 108 220 215 38 211 158 110]
INFO [11-06|10:51:18] Handle BFT Msg,                          msg="msg #8 (78 bytes)"
INFO [11-06|10:51:18] ------Received ReadMsg------ 
AddReady from: [130 169 120 179 245 150 42 91 9 87 217 238 158 239 71 46 229 91 66 241]
INFO [11-06|10:51:18] send Ready msg 
INFO [11-06|10:51:18] send Ready msg 
INFO [11-06|10:51:18] send Ready msg 
INFO [11-06|10:51:18] Handle BFT Msg,                          msg="msg #8 (78 bytes)"
INFO [11-06|10:51:18] ------Received ReadMsg------ 
AddReady from: [130 169 120 179 245 150 42 91 9 87 217 238 158 239 71 46 229 91 66 241]
INFO [11-06|10:51:18] Handle BFT Msg,                          msg="msg #8 (78 bytes)"
INFO [11-06|10:51:18] ------Received ReadMsg------ 
AddReady from: [130 169 120 179 245 150 42 91 9 87 217 238 158 239 71 46 229 91 66 241]
INFO [11-06|10:51:19] Handle BFT Msg,                          msg="msg #8 (78 bytes)"
INFO [11-06|10:51:19] ------Received ReadMsg------ 
AddReady from: [89 132 67 241 136 14 245 133 178 31 29 117 133 189 5 119 64 40 97 229]
INFO [11-06|10:51:19] send Ready msg 
INFO [11-06|10:51:19] send Ready msg 
INFO [11-06|10:51:19] send Ready msg 
INFO [11-06|10:51:19] Handle BFT Msg,                          msg="msg #8 (78 bytes)"
INFO [11-06|10:51:19] ------Received ReadMsg------ 
INFO [11-06|10:51:19] Handle BFT Msg,                          msg="msg #8 (78 bytes)"
INFO [11-06|10:51:19] ------Received ReadMsg------ 
AddReady from: [89 132 67 241 136 14 245 133 178 31 29 117 133 189 5 119 64 40 97 229]
INFO [11-06|10:51:19] Handle BFT Msg,                          msg="msg #8 (78 bytes)"
INFO [11-06|10:51:19] ------Received ReadMsg------ 
AddReady from: [220 236 234 243 252 92 10 99 209 149 214 155 26 144 1 27 123 25 101 13]
INFO [11-06|10:51:19] send Ready msg 
INFO [11-06|10:51:19] send Ready msg 
AddReady from: [220 236 234 243 252 92 10 99 209 149 214 155 26 144 1 27 123 25 101 13]
INFO [11-06|10:51:19] send Ready msg 
INFO [11-06|10:51:19] Handle BFT Msg,                          msg="msg #8 (78 bytes)"
INFO [11-06|10:51:19] ------Received ReadMsg------ 
INFO [11-06|10:51:19] Handle BFT Msg,                          msg="msg #8 (78 bytes)"
INFO [11-06|10:51:19] ------Received ReadMsg------ 
AddReady from: [220 236 234 243 252 92 10 99 209 149 214 155 26 144 1 27 123 25 101 13]
AddReady from: [89 132 67 241 136 14 245 133 178 31 29 117 133 189 5 119 64 40 97 229]
INFO [11-06|10:51:19] send Ready msg 
INFO [11-06|10:53:31] Transaction pool price threshold updated price=18000000000
INFO [11-06|10:53:31] Starting mining operation 
INFO [11-06|10:53:33] Commit new mining work                   number=1 txs=1598 uncles=0 elapsed=2.431s
INFO [11-06|10:53:33] Sealing                                  block n=1
StartConsensus, 1541472813728810000
INFO [11-06|10:53:33] Start Process 
INFO [11-06|10:53:33] in cm.Process, check lastCommittingLockset() 
INFO [11-06|10:53:33] In IsValid() 
len(lockset.Votes): 1 lockset.EligibleVotesNum: 0
INFO [11-06|10:53:33] in HasQuorum 
INFO [11-06|10:53:33] In IsValid() 
len(lockset.Votes): 1 lockset.EligibleVotesNum: 0
=====CM.COINBASE IS:===== [125 87 122 89 123 39 66 180 152 203 92 240 194 108 220 215 38 211 158 110] block number is: 1
INFO [11-06|10:53:33] case: default, cm.process 
ready: 4 need: 2.6666667
INFO [11-06|10:53:33] ---------------process------------------ 
INFO [11-06|10:53:33] In RM Process                            height=1 round=0
INFO [11-06|10:53:33] --------In rm.propose------- 
INFO [11-06|10:53:33] I am a proposer in                       height=1 round=0
INFO [11-06|10:53:33] in propose, check lastRoundLockset 
lastRoundLockset, hm.activeround: 0
INFO [11-06|10:53:33] ------in mkProposal------ 
INFO [11-06|10:53:33] In IsValid() 
len(lockset.Votes): 1 lockset.EligibleVotesNum: 0
INFO [11-06|10:53:33] in HasQuorum 
INFO [11-06|10:53:33] In IsValid() 
len(lockset.Votes): 1 lockset.EligibleVotesNum: 0
INFO [11-06|10:53:33] LockSet(R-1) is nil (rm.round should equal to zero) 
INFO [11-06|10:53:33] in HasQuorum 
INFO [11-06|10:53:33] In IsValid() 
len(lockset.Votes): 1 lockset.EligibleVotesNum: 0
INFO [11-06|10:53:33] in HasQuorum 
INFO [11-06|10:53:33] In IsValid() 
len(lockset.Votes): 1 lockset.EligibleVotesNum: 0
Create block blockhash :  [121 86 252 120 178 158 130 40 106 220 168 7 20 1 185 134 122 222 116 76 233 81 187 157 47 101 27 0 142 100 179 150]
INFO [11-06|10:53:33] In addBlockCandidates!! 
INFO [11-06|10:53:33] Send NewBlockProposalMsg:                LOG15_ERROR= LOG15_ERROR="Normalized odd number of arguments by adding nil"
INFO [11-06|10:53:33] Handle BFT Msg,                          msg="msg #18 (345 bytes)"
INFO [11-06|10:53:33] ------Received MsigProposalMsg------ 
INFO [11-06|10:53:33] ---------------in rm.vote----------------- 
INFO [11-06|10:53:33] in vote in RM                            height=1 round=0
INFO [11-06|10:53:33] Timeout time not reach, curr vs timeout: curr=1541472813.000 timeout=1541472818.000
INFO [11-06|10:53:33] in rm.process, check lockset HasQuorum 
INFO [11-06|10:53:33] in HasQuorum 
mpHR: H: 1 R: 0 hash: [121 86 252 120 178 158 130 40 106 220 168 7 20 1 185 134 122 222 116 76 233 81 187 157 47 101 27 0 142 100 179 150]
cmHR: H: 1 R: 0
INFO [11-06|10:53:33] In IsValid() 
len(lockset.Votes): 0 lockset.EligibleVotesNum: 4
INFO [11-06|10:53:33] --------------------------------------- 
INFO [11-06|10:53:33] in MsigFinished 
len(mp.Msig.MsigVs): 2 mp.MsigVs: [0 27]
INFO [11-06|10:53:33] In addMsig I am leader 
mp= &{[[0 0 0 0 0 0 0 0 0 0 0 0 0 0 0 0 0 0 0 0] [220 236 234 243 252 92 10 99 209 149 214 155 26 144 1 27 123 25 101 13]] [0 27] [0 109924710004234556200149755168498082357118672248213103778998854472128961165967] [0 27645814600126365619440103906105385966202813219887092739188011652222041908341]}
INFO [11-06|10:53:33] in bfthandler Send MsigProposalMsg 
INFO [11-06|10:53:33] Sending MsigProposalMsg 
INFO [11-06|10:53:33] Sending MsigProposalMsg 
INFO [11-06|10:53:33] Sending MsigProposalMsg 
INFO [11-06|10:53:33] rm lockset is not valid yet 
INFO [11-06|10:53:33] after cm.process() 
INFO [11-06|10:53:33] ------addmsigproposal success!------- 
INFO [11-06|10:53:33] Handle BFT Msg,                          msg="msg #17 (107 bytes)"
INFO [11-06|10:53:33] ------Received VoteMsg------ 
voteHR: H: 1 R: 0 voteType:: 1 voteHash: [121 86 252 120 178 158 130 40 106 220 168 7 20 1 185 134 122 222 116 76 233 81 187 157 47 101 27 0 142 100 179 150]
cmHR: H: 1 R: 0
INFO [11-06|10:53:33] --------------------------------------- 
INFO [11-06|10:53:33] addVote to                               height=1 round=0 from=0x82a978b3f5962a5b0957d9ee9eef472ee55b42f1 success=true cm.coinbase=0x7d577a597b2742b498cb5cf0c26cdcd726d39e6e
INFO [11-06|10:53:33] ------in handle VoteMsg, success!------ 
INFO [11-06|10:53:33] Handle BFT Msg,                          msg="msg #17 (107 bytes)"
INFO [11-06|10:53:33] ------Received VoteMsg------ 
voteHR: H: 1 R: 0 voteType:: 1 voteHash: [121 86 252 120 178 158 130 40 106 220 168 7 20 1 185 134 122 222 116 76 233 81 187 157 47 101 27 0 142 100 179 150]
cmHR: H: 1 R: 0
INFO [11-06|10:53:33] --------------------------------------- 
INFO [11-06|10:53:33] addVote to                               height=1 round=0 from=0xdceceaf3fc5c0a63d195d69b1a90011b7b19650d success=true cm.coinbase=0x7d577a597b2742b498cb5cf0c26cdcd726d39e6e
INFO [11-06|10:53:33] ------in handle VoteMsg, success!------ 
INFO [11-06|10:53:33] case: default, cm.process 
ready: 4 need: 2.6666667
INFO [11-06|10:53:33] ---------------process------------------ 
INFO [11-06|10:53:33] In RM Process                            height=1 round=0
INFO [11-06|10:53:33] --------In rm.propose------- 
INFO [11-06|10:53:33] I am a proposer in                       height=1 round=0
INFO [11-06|10:53:33] ---------------in rm.vote----------------- 
INFO [11-06|10:53:33] in vote in RM                            height=1 round=0
INFO [11-06|10:53:33] vote mp 
INFO [11-06|10:53:33] vote success in                          height=1 round=0
INFO [11-06|10:53:33] Send VoteMsg 
INFO [11-06|10:53:33] in rm.process, check lockset HasQuorum 
INFO [11-06|10:53:33] in HasQuorum 
INFO [11-06|10:53:33] In IsValid() 
len(lockset.Votes): 3 lockset.EligibleVotesNum: 4
INFO [11-06|10:53:33] There is a quorum                        height=1 round=0
INFO [11-06|10:53:33] ============in cm.commitLockset============ 
INFO [11-06|10:53:33] in commitLockset, check ls HasQuorum 
INFO [11-06|10:53:33] in HasQuorum 
INFO [11-06|10:53:33] In IsValid() 
len(lockset.Votes): 3 lockset.EligibleVotesNum: 4
INFO [11-06|10:53:33] cm.found is not nil 
INFO [11-06|10:53:33] store lockset 
INFO [11-06|10:53:33] ---storeLockset--- 
INFO [11-06|10:53:33] after cm.process() 
INFO [11-06|10:53:33] have a consensus on the block 
ConsensusTime, 148946294 , txs, 1598 , blockNum, 1
FinishedConsensus, 1541472813877726000
INFO [11-06|10:53:33] Successfully sealed new block            number=1 hash=7956fc…64b396
INFO [11-06|10:53:33] === Finished Mine() === 
INFO [11-06|10:53:33] 🔨 mined potential block                  number=1 hash=7956fc…64b396
INFO [11-06|10:53:33] in pool.evenLoop, call pool.resetState 
INFO [11-06|10:53:33] received NewBlockMsg! 
INFO [11-06|10:53:34] Handle BFT Msg,                          msg="msg #17 (107 bytes)"
INFO [11-06|10:53:34] ------Received VoteMsg------ 
voteHR: H: 1 R: 0 voteType:: 1 voteHash: [121 86 252 120 178 158 130 40 106 220 168 7 20 1 185 134 122 222 116 76 233 81 187 157 47 101 27 0 142 100 179 150]
cmHR: H: 2 R: 0
INFO [11-06|10:53:34] --------------------------------------- 
INFO [11-06|10:53:34] addVote to                               height=1 round=0 from=0x598443f1880ef585b21f1d7585bd0577402861e5 success=true cm.coinbase=0x7d577a597b2742b498cb5cf0c26cdcd726d39e6e
INFO [11-06|10:53:34] ------in handle VoteMsg, success!------ 
INFO [11-06|10:53:36] Commit new mining work                   number=2 txs=1599 uncles=0 elapsed=2.540s
INFO [11-06|10:53:36] Sealing                                  block n=2
StartConsensus, 1541472816447875000
INFO [11-06|10:53:36] Start Process 
INFO [11-06|10:53:36] in cm.Process, check lastCommittingLockset() 
INFO [11-06|10:53:36] In IsValid() 
len(lockset.Votes): 4 lockset.EligibleVotesNum: 4
INFO [11-06|10:53:36] in HasQuorum 
INFO [11-06|10:53:36] In IsValid() 
len(lockset.Votes): 4 lockset.EligibleVotesNum: 4
=====CM.COINBASE IS:===== [125 87 122 89 123 39 66 180 152 203 92 240 194 108 220 215 38 211 158 110] block number is: 2
INFO [11-06|10:53:36] case: default, cm.process 
ready: 4 need: 2.6666667
INFO [11-06|10:53:36] ---------------process------------------ 
INFO [11-06|10:53:36] In RM Process                            height=2 round=0
INFO [11-06|10:53:36] --------In rm.propose------- 
INFO [11-06|10:53:36] ---------------in rm.vote----------------- 
INFO [11-06|10:53:36] in vote in RM                            height=2 round=0
INFO [11-06|10:53:36] Timeout time not reach, curr vs timeout: curr=1541472816.000 timeout=1541472821.000
INFO [11-06|10:53:36] in rm.process, check lockset HasQuorum 
INFO [11-06|10:53:36] in HasQuorum 
INFO [11-06|10:53:36] In IsValid() 
len(lockset.Votes): 0 lockset.EligibleVotesNum: 4
INFO [11-06|10:53:36] rm lockset is not valid yet 
INFO [11-06|10:53:36] after cm.process() 
INFO [11-06|10:53:36] case: default, cm.process 
ready: 4 need: 2.6666667
INFO [11-06|10:53:36] ---------------process------------------ 
INFO [11-06|10:53:36] In RM Process                            height=2 round=0
INFO [11-06|10:53:36] --------In rm.propose------- 
INFO [11-06|10:53:36] ---------------in rm.vote----------------- 
INFO [11-06|10:53:36] in vote in RM                            height=2 round=0
INFO [11-06|10:53:36] Timeout time not reach, curr vs timeout: curr=1541472816.000 timeout=1541472821.000
INFO [11-06|10:53:36] in rm.process, check lockset HasQuorum 
INFO [11-06|10:53:36] in HasQuorum 
INFO [11-06|10:53:36] In IsValid() 
len(lockset.Votes): 0 lockset.EligibleVotesNum: 4
INFO [11-06|10:53:36] rm lockset is not valid yet 
INFO [11-06|10:53:36] after cm.process() 
INFO [11-06|10:53:36] case: default, cm.process 
ready: 4 need: 2.6666667
INFO [11-06|10:53:36] ---------------process------------------ 
INFO [11-06|10:53:36] In RM Process                            height=2 round=0
INFO [11-06|10:53:36] --------In rm.propose------- 
INFO [11-06|10:53:36] ---------------in rm.vote----------------- 
INFO [11-06|10:53:36] in vote in RM                            height=2 round=0
INFO [11-06|10:53:36] Timeout time not reach, curr vs timeout: curr=1541472816.000 timeout=1541472821.000
INFO [11-06|10:53:36] in rm.process, check lockset HasQuorum 
INFO [11-06|10:53:36] in HasQuorum 
INFO [11-06|10:53:36] In IsValid() 
len(lockset.Votes): 0 lockset.EligibleVotesNum: 4
INFO [11-06|10:53:36] rm lockset is not valid yet 
INFO [11-06|10:53:36] after cm.process() 
INFO [11-06|10:53:36] case: default, cm.process 
ready: 4 need: 2.6666667
INFO [11-06|10:53:36] ---------------process------------------ 
INFO [11-06|10:53:36] In RM Process                            height=2 round=0
INFO [11-06|10:53:36] --------In rm.propose------- 
INFO [11-06|10:53:36] ---------------in rm.vote----------------- 
INFO [11-06|10:53:36] in vote in RM                            height=2 round=0
INFO [11-06|10:53:36] Timeout time not reach, curr vs timeout: curr=1541472816.000 timeout=1541472821.000
INFO [11-06|10:53:36] in rm.process, check lockset HasQuorum 
INFO [11-06|10:53:36] in HasQuorum 
INFO [11-06|10:53:36] In IsValid() 
len(lockset.Votes): 0 lockset.EligibleVotesNum: 4
INFO [11-06|10:53:36] rm lockset is not valid yet 
INFO [11-06|10:53:36] after cm.process() 
INFO [11-06|10:53:36] case: default, cm.process 
ready: 4 need: 2.6666667
INFO [11-06|10:53:36] ---------------process------------------ 
INFO [11-06|10:53:36] In RM Process                            height=2 round=0
INFO [11-06|10:53:36] --------In rm.propose------- 
INFO [11-06|10:53:36] ---------------in rm.vote----------------- 
INFO [11-06|10:53:36] in vote in RM                            height=2 round=0
INFO [11-06|10:53:36] Timeout time not reach, curr vs timeout: curr=1541472816.000 timeout=1541472821.000
INFO [11-06|10:53:36] in rm.process, check lockset HasQuorum 
INFO [11-06|10:53:36] in HasQuorum 
INFO [11-06|10:53:36] In IsValid() 
len(lockset.Votes): 0 lockset.EligibleVotesNum: 4
INFO [11-06|10:53:36] rm lockset is not valid yet 
INFO [11-06|10:53:36] after cm.process() 
INFO [11-06|10:53:36] case: default, cm.process 
ready: 4 need: 2.6666667
INFO [11-06|10:53:36] ---------------process------------------ 
INFO [11-06|10:53:36] In RM Process                            height=2 round=0
INFO [11-06|10:53:36] --------In rm.propose------- 
INFO [11-06|10:53:36] ---------------in rm.vote----------------- 
INFO [11-06|10:53:36] in vote in RM                            height=2 round=0
INFO [11-06|10:53:36] Timeout time not reach, curr vs timeout: curr=1541472816.000 timeout=1541472821.000
INFO [11-06|10:53:36] in rm.process, check lockset HasQuorum 
INFO [11-06|10:53:36] in HasQuorum 
INFO [11-06|10:53:36] In IsValid() 
len(lockset.Votes): 0 lockset.EligibleVotesNum: 4
INFO [11-06|10:53:36] rm lockset is not valid yet 
INFO [11-06|10:53:36] after cm.process() 
INFO [11-06|10:53:37] case: default, cm.process 
ready: 4 need: 2.6666667
INFO [11-06|10:53:37] ---------------process------------------ 
INFO [11-06|10:53:37] In RM Process                            height=2 round=0
INFO [11-06|10:53:37] --------In rm.propose------- 
INFO [11-06|10:53:37] ---------------in rm.vote----------------- 
INFO [11-06|10:53:37] in vote in RM                            height=2 round=0
INFO [11-06|10:53:37] Timeout time not reach, curr vs timeout: curr=1541472817.000 timeout=1541472821.000
INFO [11-06|10:53:37] in rm.process, check lockset HasQuorum 
INFO [11-06|10:53:37] in HasQuorum 
INFO [11-06|10:53:37] In IsValid() 
len(lockset.Votes): 0 lockset.EligibleVotesNum: 4
INFO [11-06|10:53:37] rm lockset is not valid yet 
INFO [11-06|10:53:37] after cm.process() 
INFO [11-06|10:53:37] case: default, cm.process 
ready: 4 need: 2.6666667
INFO [11-06|10:53:37] ---------------process------------------ 
INFO [11-06|10:53:37] In RM Process                            height=2 round=0
INFO [11-06|10:53:37] --------In rm.propose------- 
INFO [11-06|10:53:37] ---------------in rm.vote----------------- 
INFO [11-06|10:53:37] in vote in RM                            height=2 round=0
INFO [11-06|10:53:37] Timeout time not reach, curr vs timeout: curr=1541472817.000 timeout=1541472821.000
INFO [11-06|10:53:37] in rm.process, check lockset HasQuorum 
INFO [11-06|10:53:37] in HasQuorum 
INFO [11-06|10:53:37] In IsValid() 
len(lockset.Votes): 0 lockset.EligibleVotesNum: 4
INFO [11-06|10:53:37] rm lockset is not valid yet 
INFO [11-06|10:53:37] after cm.process() 
INFO [11-06|10:53:37] case: default, cm.process 
ready: 4 need: 2.6666667
INFO [11-06|10:53:37] ---------------process------------------ 
INFO [11-06|10:53:37] In RM Process                            height=2 round=0
INFO [11-06|10:53:37] --------In rm.propose------- 
INFO [11-06|10:53:37] ---------------in rm.vote----------------- 
INFO [11-06|10:53:37] in vote in RM                            height=2 round=0
INFO [11-06|10:53:37] Timeout time not reach, curr vs timeout: curr=1541472817.000 timeout=1541472821.000
INFO [11-06|10:53:37] in rm.process, check lockset HasQuorum 
INFO [11-06|10:53:37] in HasQuorum 
INFO [11-06|10:53:37] In IsValid() 
len(lockset.Votes): 0 lockset.EligibleVotesNum: 4
INFO [11-06|10:53:37] rm lockset is not valid yet 
INFO [11-06|10:53:37] after cm.process() 
INFO [11-06|10:53:37] case: default, cm.process 
ready: 4 need: 2.6666667
INFO [11-06|10:53:37] ---------------process------------------ 
INFO [11-06|10:53:37] In RM Process                            height=2 round=0
INFO [11-06|10:53:37] --------In rm.propose------- 
INFO [11-06|10:53:37] ---------------in rm.vote----------------- 
INFO [11-06|10:53:37] in vote in RM                            height=2 round=0
INFO [11-06|10:53:37] Timeout time not reach, curr vs timeout: curr=1541472817.000 timeout=1541472821.000
INFO [11-06|10:53:37] in rm.process, check lockset HasQuorum 
INFO [11-06|10:53:37] in HasQuorum 
INFO [11-06|10:53:37] In IsValid() 
len(lockset.Votes): 0 lockset.EligibleVotesNum: 4
INFO [11-06|10:53:37] rm lockset is not valid yet 
INFO [11-06|10:53:37] after cm.process() 
INFO [11-06|10:53:37] case: default, cm.process 
ready: 4 need: 2.6666667
INFO [11-06|10:53:37] ---------------process------------------ 
INFO [11-06|10:53:37] In RM Process                            height=2 round=0
INFO [11-06|10:53:37] --------In rm.propose------- 
INFO [11-06|10:53:37] ---------------in rm.vote----------------- 
INFO [11-06|10:53:37] in vote in RM                            height=2 round=0
INFO [11-06|10:53:37] Timeout time not reach, curr vs timeout: curr=1541472817.000 timeout=1541472821.000
INFO [11-06|10:53:37] in rm.process, check lockset HasQuorum 
INFO [11-06|10:53:37] in HasQuorum 
INFO [11-06|10:53:37] In IsValid() 
len(lockset.Votes): 0 lockset.EligibleVotesNum: 4
INFO [11-06|10:53:37] rm lockset is not valid yet 
INFO [11-06|10:53:37] after cm.process() 
INFO [11-06|10:53:37] Handle BFT Msg,                          msg="msg #11 (173334 bytes)"
INFO [11-06|10:53:37] -------Received NewBlockProposalMsg------- 
bpHR: H: 2 R: 0
cmHR: H: 2 R: 0
INFO [11-06|10:53:37] --------------------------------------- 
INFO [11-06|10:53:37] Handle BFT Msg,                          msg="msg #17 (107 bytes)"
INFO [11-06|10:53:37] ------Received VoteMsg------ 
voteHR: H: 2 R: 0 voteType:: 1 voteHash: [220 238 110 65 252 67 128 88 57 49 60 229 83 211 116 84 101 242 231 113 37 237 242 174 77 71 49 96 143 174 95 156]
cmHR: H: 2 R: 0
INFO [11-06|10:53:37] --------------------------------------- 
INFO [11-06|10:53:37] addVote to                               height=2 round=0 from=0x598443f1880ef585b21f1d7585bd0577402861e5 success=true cm.coinbase=0x7d577a597b2742b498cb5cf0c26cdcd726d39e6e
INFO [11-06|10:53:37] ------in handle VoteMsg, success!------ 
# collMsig from = Peer 94dd98401cf6ca04 [eth/63]
cmHR: H: 2 R: 0
this is rm.proposerPeer  Peer 94dd98401cf6ca04 [eth/63]
INFO [11-06|10:53:37] In IsValid() 
len(lockset.Votes): 0 lockset.EligibleVotesNum: 0
INFO [11-06|10:53:37] cm add BlockProposal                     h=2 r=0
INFO [11-06|10:53:37] in HasQuorum 
INFO [11-06|10:53:37] In IsValid() 
len(lockset.Votes): 4 lockset.EligibleVotesNum: 4
INFO [11-06|10:53:37] In addBlockCandidates!! 
INFO [11-06|10:53:37] -------in handle NewBlockProposalMsg, success!------- 
INFO [11-06|10:53:37] Handle BFT Msg,                          msg="msg #18 (662 bytes)"
INFO [11-06|10:53:37] ------Received MsigProposalMsg------ 
mpHR: H: 2 R: 0 hash: [220 238 110 65 252 67 128 88 57 49 60 229 83 211 116 84 101 242 231 113 37 237 242 174 77 71 49 96 143 174 95 156]
cmHR: H: 2 R: 0
INFO [11-06|10:53:37] --------------------------------------- 
INFO [11-06|10:53:37] in MsigFinished 
len(mp.Msig.MsigVs): 2 mp.MsigVs: [0 28]
INFO [11-06|10:53:37] ------addmsigproposal success!------- 
INFO [11-06|10:53:37] case: default, cm.process 
ready: 4 need: 2.6666667
INFO [11-06|10:53:37] ---------------process------------------ 
INFO [11-06|10:53:37] In RM Process                            height=2 round=0
INFO [11-06|10:53:37] --------In rm.propose------- 
INFO [11-06|10:53:37] ---------------in rm.vote----------------- 
INFO [11-06|10:53:37] in vote in RM                            height=2 round=0
INFO [11-06|10:53:37] vote mp 
INFO [11-06|10:53:37] vote success in                          height=2 round=0
INFO [11-06|10:53:37] Send VoteMsg 
INFO [11-06|10:53:37] in rm.process, check lockset HasQuorum 
INFO [11-06|10:53:37] in HasQuorum 
INFO [11-06|10:53:37] In IsValid() 
len(lockset.Votes): 2 lockset.EligibleVotesNum: 4
INFO [11-06|10:53:37] rm lockset is not valid yet 
INFO [11-06|10:53:37] after cm.process() 
INFO [11-06|10:53:37] Handle BFT Msg,                          msg="msg #17 (107 bytes)"
INFO [11-06|10:53:37] ------Received VoteMsg------ 
voteHR: H: 2 R: 0 voteType:: 1 voteHash: [220 238 110 65 252 67 128 88 57 49 60 229 83 211 116 84 101 242 231 113 37 237 242 174 77 71 49 96 143 174 95 156]
cmHR: H: 2 R: 0
INFO [11-06|10:53:37] --------------------------------------- 
INFO [11-06|10:53:37] addVote to                               height=2 round=0 from=0xdceceaf3fc5c0a63d195d69b1a90011b7b19650d success=true cm.coinbase=0x7d577a597b2742b498cb5cf0c26cdcd726d39e6e
INFO [11-06|10:53:37] ------in handle VoteMsg, success!------ 
INFO [11-06|10:53:37] Handle BFT Msg,                          msg="msg #17 (107 bytes)"
INFO [11-06|10:53:37] ------Received VoteMsg------ 
voteHR: H: 2 R: 0 voteType:: 1 voteHash: [220 238 110 65 252 67 128 88 57 49 60 229 83 211 116 84 101 242 231 113 37 237 242 174 77 71 49 96 143 174 95 156]
cmHR: H: 2 R: 0
INFO [11-06|10:53:37] --------------------------------------- 
INFO [11-06|10:53:37] addVote to                               height=2 round=0 from=0x82a978b3f5962a5b0957d9ee9eef472ee55b42f1 success=true cm.coinbase=0x7d577a597b2742b498cb5cf0c26cdcd726d39e6e
INFO [11-06|10:53:37] ------in handle VoteMsg, success!------ 
INFO [11-06|10:53:37] received NewBlockMsg! 
INFO [11-06|10:53:37] ***in BFT.VVVVerifyHeader*** 
INFO [11-06|10:53:37] ***in BFT.verifyHeader*** 
INFO [11-06|10:53:37] ***in BFT.verifySeal*** 
INFO [11-06|10:53:37] In verifyVotes 
INFO [11-06|10:53:37] ***in sync.request()*** 
INFO [11-06|10:53:37] Handle BFT Msg,                          msg="msg #10 (328 bytes)"
INFO [11-06|10:53:37] -------Received LocksetMsg------- 
lockset: &{<nil> 0 0 0 4 [0xc42bf509c0 0xc42bf50a20 0xc42bf50a80] false}
INFO [11-06|10:53:37] in HasQuorum 
INFO [11-06|10:53:37] In IsValid() 
len(lockset.Votes): 3 lockset.EligibleVotesNum: 4
INFO [11-06|10:53:37] ---storeLockset--- 
INFO [11-06|10:53:37] case: default, cm.process 
ready: 4 need: 2.6666667
INFO [11-06|10:53:37] ---------------process------------------ 
INFO [11-06|10:53:37] In RM Process                            height=2 round=0
INFO [11-06|10:53:37] --------In rm.propose------- 
INFO [11-06|10:53:37] ---------------in rm.vote----------------- 
INFO [11-06|10:53:37] voted 
INFO [11-06|10:53:37] in rm.process, check lockset HasQuorum 
INFO [11-06|10:53:37] in HasQuorum 
INFO [11-06|10:53:37] In IsValid() 
len(lockset.Votes): 4 lockset.EligibleVotesNum: 4
INFO [11-06|10:53:37] There is a quorum                        height=2 round=0
--- in rm.process p.id: --- Peer 94dd98401cf6ca04 [eth/63]
INFO [11-06|10:53:37] ============in cm.commitLockset============ 
INFO [11-06|10:53:37] in commitLockset, check ls HasQuorum 
INFO [11-06|10:53:37] in HasQuorum 
INFO [11-06|10:53:37] In IsValid() 
len(lockset.Votes): 4 lockset.EligibleVotesNum: 4
INFO [11-06|10:53:37] cm.found is not nil 
INFO [11-06|10:53:37] store lockset 
peerid: 94dd98401cf6ca04
INFO [11-06|10:53:37] ---storeLockset--- 
INFO [11-06|10:53:37] have a consensus on the block 
cmH 2
INFO [11-06|10:53:37] result.Header().Coinbase != b.signer 
result.Header().Coinbase: [220 236 234 243 252 92 10 99 209 149 214 155 26 144 1 27 123 25 101 13] b.signer: [125 87 122 89 123 39 66 180 152 203 92 240 194 108 220 215 38 211 158 110]
INFO [11-06|10:53:37] in validatorCommit1 
ConsensusTime, 1235491669 , txs, 1599 , blockNum, 2
INFO [11-06|10:53:37] after cm.process() 
FinishedConsensus, 1541472817683529000
pid: 94dd98401cf6ca04
INFO [11-06|10:53:37] result is nil 
block number 2
INFO [11-06|10:53:37] === Finished Mine() === 
-------in NewBFTValidatorBlock-------
INFO [11-06|10:53:37] in validatorCommit2 
validatorCommit time: 277.609µs
INFO [11-06|10:53:37] **in eth.handler**, get result from ch 
INFO [11-06|10:53:37] In verifyVotes 
INFO [11-06|10:53:37] in HasQuorum 
INFO [11-06|10:53:37] In IsValid() 
len(lockset.Votes): 4 lockset.EligibleVotesNum: 4
INFO [11-06|10:53:37] ***in BFT.VerifyHeaderSSSS*** 
INFO [11-06|10:53:37] ***in BFT.verifyHeader*** 
INFO [11-06|10:53:37] ***in BFT.verifySeal*** 
INFO [11-06|10:53:37] In verifyVotes 
INFO [11-06|10:53:37] in HasQuorum 
INFO [11-06|10:53:37] In IsValid() 
len(lockset.Votes): 4 lockset.EligibleVotesNum: 4
INFO [11-06|10:53:39] Imported new chain segment               blocks=1 txs=1599 mgas=33.579 elapsed=1.423s   mgasps=23.593 number=2 hash=dcee6e…ae5f9c
FinishedPostExec, 1541472819286656000 , txs, 1599
PostExecTime, 1.423258297s
INFO [11-06|10:53:39] in pool.evenLoop, call pool.resetState 
INFO [11-06|10:53:41] Commit new mining work                   number=3 txs=1599 uncles=0 elapsed=1.746s
INFO [11-06|10:53:41] Sealing                                  block n=3
StartConsensus, 1541472821033114000
INFO [11-06|10:53:41] Start Process 
INFO [11-06|10:53:41] in cm.Process, check lastCommittingLockset() 
INFO [11-06|10:53:41] In IsValid() 
len(lockset.Votes): 4 lockset.EligibleVotesNum: 4
INFO [11-06|10:53:41] in HasQuorum 
INFO [11-06|10:53:41] In IsValid() 
len(lockset.Votes): 4 lockset.EligibleVotesNum: 4
=====CM.COINBASE IS:===== [125 87 122 89 123 39 66 180 152 203 92 240 194 108 220 215 38 211 158 110] block number is: 3
INFO [11-06|10:53:41] case: default, cm.process 
ready: 4 need: 2.6666667
INFO [11-06|10:53:41] ---------------process------------------ 
INFO [11-06|10:53:41] In RM Process                            height=3 round=0
INFO [11-06|10:53:41] --------In rm.propose------- 
INFO [11-06|10:53:41] ---------------in rm.vote----------------- 
INFO [11-06|10:53:41] in vote in RM                            height=3 round=0
INFO [11-06|10:53:41] Timeout time not reach, curr vs timeout: curr=1541472821.000 timeout=1541472826.000
INFO [11-06|10:53:41] in rm.process, check lockset HasQuorum 
INFO [11-06|10:53:41] in HasQuorum 
INFO [11-06|10:53:41] In IsValid() 
len(lockset.Votes): 0 lockset.EligibleVotesNum: 4
INFO [11-06|10:53:41] rm lockset is not valid yet 
INFO [11-06|10:53:41] after cm.process() 
INFO [11-06|10:53:41] case: default, cm.process 
ready: 4 need: 2.6666667
INFO [11-06|10:53:41] ---------------process------------------ 
INFO [11-06|10:53:41] In RM Process                            height=3 round=0
INFO [11-06|10:53:41] --------In rm.propose------- 
INFO [11-06|10:53:41] ---------------in rm.vote----------------- 
INFO [11-06|10:53:41] in vote in RM                            height=3 round=0
INFO [11-06|10:53:41] Timeout time not reach, curr vs timeout: curr=1541472821.000 timeout=1541472826.000
INFO [11-06|10:53:41] in rm.process, check lockset HasQuorum 
INFO [11-06|10:53:41] in HasQuorum 
INFO [11-06|10:53:41] In IsValid() 
len(lockset.Votes): 0 lockset.EligibleVotesNum: 4
INFO [11-06|10:53:41] rm lockset is not valid yet 
INFO [11-06|10:53:41] after cm.process() 
INFO [11-06|10:53:41] Handle BFT Msg,                          msg="msg #11 (173336 bytes)"
INFO [11-06|10:53:41] -------Received NewBlockProposalMsg------- 
bpHR: H: 3 R: 0
cmHR: H: 3 R: 0
INFO [11-06|10:53:41] --------------------------------------- 
# collMsig from = Peer d9d5b902798f5c42 [eth/63]
cmHR: H: 3 R: 0
this is rm.proposerPeer  Peer d9d5b902798f5c42 [eth/63]
INFO [11-06|10:53:41] In IsValid() 
len(lockset.Votes): 0 lockset.EligibleVotesNum: 0
INFO [11-06|10:53:41] cm add BlockProposal                     h=3 r=0
INFO [11-06|10:53:41] in HasQuorum 
INFO [11-06|10:53:41] In IsValid() 
len(lockset.Votes): 4 lockset.EligibleVotesNum: 4
INFO [11-06|10:53:41] In addBlockCandidates!! 
INFO [11-06|10:53:41] -------in handle NewBlockProposalMsg, success!------- 
INFO [11-06|10:53:41] Handle BFT Msg,                          msg="msg #18 (662 bytes)"
INFO [11-06|10:53:41] ------Received MsigProposalMsg------ 
mpHR: H: 3 R: 0 hash: [191 78 104 62 38 192 45 57 133 9 13 82 166 129 254 112 236 50 27 196 27 128 185 6 79 101 117 15 66 255 81 125]
cmHR: H: 3 R: 0
INFO [11-06|10:53:41] --------------------------------------- 
INFO [11-06|10:53:41] in MsigFinished 
len(mp.Msig.MsigVs): 2 mp.MsigVs: [0 27]
INFO [11-06|10:53:41] ------addmsigproposal success!------- 
INFO [11-06|10:53:41] Handle BFT Msg,                          msg="msg #17 (106 bytes)"
INFO [11-06|10:53:41] ------Received VoteMsg------ 
voteHR: H: 3 R: 0 voteType:: 1 voteHash: [191 78 104 62 38 192 45 57 133 9 13 82 166 129 254 112 236 50 27 196 27 128 185 6 79 101 117 15 66 255 81 125]
cmHR: H: 3 R: 0
INFO [11-06|10:53:41] --------------------------------------- 
INFO [11-06|10:53:41] addVote to                               height=3 round=0 from=0xdceceaf3fc5c0a63d195d69b1a90011b7b19650d success=true cm.coinbase=0x7d577a597b2742b498cb5cf0c26cdcd726d39e6e
INFO [11-06|10:53:41] ------in handle VoteMsg, success!------ 
INFO [11-06|10:53:41] case: default, cm.process 
ready: 4 need: 2.6666667
INFO [11-06|10:53:41] ---------------process------------------ 
INFO [11-06|10:53:41] In RM Process                            height=3 round=0
INFO [11-06|10:53:41] --------In rm.propose------- 
INFO [11-06|10:53:41] ---------------in rm.vote----------------- 
INFO [11-06|10:53:41] in vote in RM                            height=3 round=0
INFO [11-06|10:53:41] vote mp 
INFO [11-06|10:53:41] vote success in                          height=3 round=0
INFO [11-06|10:53:41] Send VoteMsg 
INFO [11-06|10:53:41] in rm.process, check lockset HasQuorum 
INFO [11-06|10:53:41] in HasQuorum 
INFO [11-06|10:53:41] In IsValid() 
len(lockset.Votes): 2 lockset.EligibleVotesNum: 4
INFO [11-06|10:53:41] rm lockset is not valid yet 
INFO [11-06|10:53:41] after cm.process() 
INFO [11-06|10:53:41] Handle BFT Msg,                          msg="msg #17 (107 bytes)"
INFO [11-06|10:53:41] ------Received VoteMsg------ 
voteHR: H: 3 R: 0 voteType:: 1 voteHash: [191 78 104 62 38 192 45 57 133 9 13 82 166 129 254 112 236 50 27 196 27 128 185 6 79 101 117 15 66 255 81 125]
cmHR: H: 3 R: 0
INFO [11-06|10:53:41] --------------------------------------- 
INFO [11-06|10:53:41] addVote to                               height=3 round=0 from=0x598443f1880ef585b21f1d7585bd0577402861e5 success=true cm.coinbase=0x7d577a597b2742b498cb5cf0c26cdcd726d39e6e
INFO [11-06|10:53:41] ------in handle VoteMsg, success!------ 
INFO [11-06|10:53:41] Handle BFT Msg,                          msg="msg #17 (107 bytes)"
INFO [11-06|10:53:41] ------Received VoteMsg------ 
voteHR: H: 3 R: 0 voteType:: 1 voteHash: [191 78 104 62 38 192 45 57 133 9 13 82 166 129 254 112 236 50 27 196 27 128 185 6 79 101 117 15 66 255 81 125]
cmHR: H: 3 R: 0
INFO [11-06|10:53:41] --------------------------------------- 
INFO [11-06|10:53:41] addVote to                               height=3 round=0 from=0x82a978b3f5962a5b0957d9ee9eef472ee55b42f1 success=true cm.coinbase=0x7d577a597b2742b498cb5cf0c26cdcd726d39e6e
INFO [11-06|10:53:41] ------in handle VoteMsg, success!------ 
INFO [11-06|10:53:41] received NewBlockMsg! 
INFO [11-06|10:53:41] ***in BFT.VVVVerifyHeader*** 
INFO [11-06|10:53:41] ***in BFT.verifyHeader*** 
INFO [11-06|10:53:41] ***in BFT.verifySeal*** 
INFO [11-06|10:53:41] In verifyVotes 
INFO [11-06|10:53:41] ***in sync.request()*** 
INFO [11-06|10:53:41] received NewBlockMsg! 
INFO [11-06|10:53:41] case: default, cm.process 
ready: 4 need: 2.6666667
INFO [11-06|10:53:41] ---------------process------------------ 
INFO [11-06|10:53:41] In RM Process                            height=3 round=0
INFO [11-06|10:53:41] --------In rm.propose------- 
INFO [11-06|10:53:41] ---------------in rm.vote----------------- 
INFO [11-06|10:53:41] voted 
INFO [11-06|10:53:41] in rm.process, check lockset HasQuorum 
INFO [11-06|10:53:41] in HasQuorum 
INFO [11-06|10:53:41] In IsValid() 
len(lockset.Votes): 4 lockset.EligibleVotesNum: 4
INFO [11-06|10:53:41] There is a quorum                        height=3 round=0
--- in rm.process p.id: --- Peer d9d5b902798f5c42 [eth/63]
INFO [11-06|10:53:41] ============in cm.commitLockset============ 
INFO [11-06|10:53:41] in commitLockset, check ls HasQuorum 
INFO [11-06|10:53:41] in HasQuorum 
INFO [11-06|10:53:41] In IsValid() 
len(lockset.Votes): 4 lockset.EligibleVotesNum: 4
INFO [11-06|10:53:41] cm.found is not nil 
INFO [11-06|10:53:41] store lockset 
peerid: d9d5b902798f5c42
INFO [11-06|10:53:41] ---storeLockset--- 
INFO [11-06|10:53:41] after cm.process() 
cmH 3
INFO [11-06|10:53:41] in validatorCommit1 
pid: d9d5b902798f5c42
block number 3
-------in NewBFTValidatorBlock-------
INFO [11-06|10:53:41] in validatorCommit2 
validatorCommit time: 84.817µs
INFO [11-06|10:53:41] **in eth.handler**, get result from ch 
INFO [11-06|10:53:41] have a consensus on the block 
INFO [11-06|10:53:41] result.Header().Coinbase != b.signer 
result.Header().Coinbase: [89 132 67 241 136 14 245 133 178 31 29 117 133 189 5 119 64 40 97 229] b.signer: [125 87 122 89 123 39 66 180 152 203 92 240 194 108 220 215 38 211 158 110]
ConsensusTime, 314624338 , txs, 1599 , blockNum, 3
FinishedConsensus, 1541472821347744000
INFO [11-06|10:53:41] result is nil 
INFO [11-06|10:53:41] === Finished Mine() === 
INFO [11-06|10:53:41] In verifyVotes 
INFO [11-06|10:53:41] in HasQuorum 
INFO [11-06|10:53:41] In IsValid() 
len(lockset.Votes): 4 lockset.EligibleVotesNum: 4
INFO [11-06|10:53:41] ***in BFT.VerifyHeaderSSSS*** 
INFO [11-06|10:53:41] ***in BFT.verifyHeader*** 
INFO [11-06|10:53:41] ***in BFT.verifySeal*** 
INFO [11-06|10:53:41] In verifyVotes 
INFO [11-06|10:53:41] in HasQuorum 
INFO [11-06|10:53:41] In IsValid() 
len(lockset.Votes): 4 lockset.EligibleVotesNum: 4
INFO [11-06|10:53:42] Imported new chain segment               blocks=1 txs=1599 mgas=33.579 elapsed=1.146s   mgasps=29.296 number=3 hash=bf4e68…ff517d
FinishedPostExec, 1541472822626894000 , txs, 1599
PostExecTime, 1.146185772s
INFO [11-06|10:53:42] in pool.evenLoop, call pool.resetState 
INFO [11-06|10:53:44] Handle BFT Msg,                          msg="msg #11 (173452 bytes)"
INFO [11-06|10:53:44] -------Received NewBlockProposalMsg------- 
bpHR: H: 4 R: 0
cmHR: H: 4 R: 0
INFO [11-06|10:53:44] --------------------------------------- 
# collMsig from = Peer d67104e65b61fca1 [eth/63]
cmHR: H: 4 R: 0
this is rm.proposerPeer  Peer d67104e65b61fca1 [eth/63]
INFO [11-06|10:53:44] In IsValid() 
len(lockset.Votes): 0 lockset.EligibleVotesNum: 0
INFO [11-06|10:53:44] cm add BlockProposal                     h=4 r=0
INFO [11-06|10:53:44] in HasQuorum 
INFO [11-06|10:53:44] In IsValid() 
len(lockset.Votes): 4 lockset.EligibleVotesNum: 4
INFO [11-06|10:53:44] in collectMsig, i am msig wintness 
INFO [11-06|10:53:44] Return MsigProposalMsg to                LOG15_ERROR=                                                   LOG15_ERROR="Normalized odd number of arguments by adding nil"
INFO [11-06|10:53:44] Sending MsigProposalMsg 
in cm.collectMsig, mp.MsigVs: [<nil> 27]
INFO [11-06|10:53:44] In addBlockCandidates!! 
INFO [11-06|10:53:44] -------in handle NewBlockProposalMsg, success!------- 
INFO [11-06|10:53:44] Handle BFT Msg,                          msg="msg #18 (661 bytes)"
INFO [11-06|10:53:44] ------Received MsigProposalMsg------ 
mpHR: H: 4 R: 0 hash: [162 100 212 227 45 219 169 144 40 197 213 193 206 151 196 34 193 229 173 146 160 167 243 195 226 203 140 11 207 159 23 10]
cmHR: H: 4 R: 0
INFO [11-06|10:53:44] --------------------------------------- 
INFO [11-06|10:53:44] in MsigFinished 
len(mp.Msig.MsigVs): 2 mp.MsigVs: [0 27]
INFO [11-06|10:53:44] ------addmsigproposal success!------- 
INFO [11-06|10:53:44] Handle BFT Msg,                          msg="msg #18 (661 bytes)"
INFO [11-06|10:53:44] ------Received MsigProposalMsg------ 
mpHR: H: 4 R: 0 hash: [162 100 212 227 45 219 169 144 40 197 213 193 206 151 196 34 193 229 173 146 160 167 243 195 226 203 140 11 207 159 23 10]
cmHR: H: 4 R: 0
INFO [11-06|10:53:44] --------------------------------------- 
INFO [11-06|10:53:44] in MsigFinished 
len(mp.Msig.MsigVs): 2 mp.MsigVs: [0 27]
INFO [11-06|10:53:44] ------addmsigproposal success!------- 
INFO [11-06|10:53:44] Handle BFT Msg,                          msg="msg #18 (661 bytes)"
INFO [11-06|10:53:44] ------Received MsigProposalMsg------ 
mpHR: H: 4 R: 0 hash: [162 100 212 227 45 219 169 144 40 197 213 193 206 151 196 34 193 229 173 146 160 167 243 195 226 203 140 11 207 159 23 10]
cmHR: H: 4 R: 0
INFO [11-06|10:53:44] --------------------------------------- 
INFO [11-06|10:53:44] in MsigFinished 
len(mp.Msig.MsigVs): 2 mp.MsigVs: [0 27]
INFO [11-06|10:53:44] ------addmsigproposal success!------- 
INFO [11-06|10:53:44] Handle BFT Msg,                          msg="msg #17 (107 bytes)"
INFO [11-06|10:53:44] ------Received VoteMsg------ 
voteHR: H: 4 R: 0 voteType:: 1 voteHash: [162 100 212 227 45 219 169 144 40 197 213 193 206 151 196 34 193 229 173 146 160 167 243 195 226 203 140 11 207 159 23 10]
cmHR: H: 4 R: 0
INFO [11-06|10:53:44] --------------------------------------- 
INFO [11-06|10:53:44] addVote to                               height=4 round=0 from=0xdceceaf3fc5c0a63d195d69b1a90011b7b19650d success=true cm.coinbase=0x7d577a597b2742b498cb5cf0c26cdcd726d39e6e
INFO [11-06|10:53:44] ------in handle VoteMsg, success!------ 
INFO [11-06|10:53:44] Handle BFT Msg,                          msg="msg #17 (107 bytes)"
INFO [11-06|10:53:44] ------Received VoteMsg------ 
voteHR: H: 4 R: 0 voteType:: 1 voteHash: [162 100 212 227 45 219 169 144 40 197 213 193 206 151 196 34 193 229 173 146 160 167 243 195 226 203 140 11 207 159 23 10]
cmHR: H: 4 R: 0
INFO [11-06|10:53:44] --------------------------------------- 
INFO [11-06|10:53:44] addVote to                               height=4 round=0 from=0x82a978b3f5962a5b0957d9ee9eef472ee55b42f1 success=true cm.coinbase=0x7d577a597b2742b498cb5cf0c26cdcd726d39e6e
INFO [11-06|10:53:44] ------in handle VoteMsg, success!------ 
INFO [11-06|10:53:44] Commit new mining work                   number=4 txs=1600 uncles=0 elapsed=1.721s
INFO [11-06|10:53:44] Sealing                                  block n=4
StartConsensus, 1541472824348536000
INFO [11-06|10:53:44] Start Process 
INFO [11-06|10:53:44] in cm.Process, check lastCommittingLockset() 
INFO [11-06|10:53:44] In IsValid() 
len(lockset.Votes): 4 lockset.EligibleVotesNum: 4
INFO [11-06|10:53:44] in HasQuorum 
INFO [11-06|10:53:44] In IsValid() 
len(lockset.Votes): 4 lockset.EligibleVotesNum: 4
=====CM.COINBASE IS:===== [125 87 122 89 123 39 66 180 152 203 92 240 194 108 220 215 38 211 158 110] block number is: 4
INFO [11-06|10:53:44] case: default, cm.process 
ready: 4 need: 2.6666667
INFO [11-06|10:53:44] ---------------process------------------ 
INFO [11-06|10:53:44] In RM Process                            height=4 round=0
INFO [11-06|10:53:44] --------In rm.propose------- 
INFO [11-06|10:53:44] ---------------in rm.vote----------------- 
INFO [11-06|10:53:44] in vote in RM                            height=4 round=0
INFO [11-06|10:53:44] vote mp 
INFO [11-06|10:53:44] vote success in                          height=4 round=0
INFO [11-06|10:53:44] Send VoteMsg 
INFO [11-06|10:53:44] in rm.process, check lockset HasQuorum 
INFO [11-06|10:53:44] in HasQuorum 
INFO [11-06|10:53:44] In IsValid() 
len(lockset.Votes): 3 lockset.EligibleVotesNum: 4
INFO [11-06|10:53:44] There is a quorum                        height=4 round=0
--- in rm.process p.id: --- Peer d67104e65b61fca1 [eth/63]
INFO [11-06|10:53:44] ============in cm.commitLockset============ 
INFO [11-06|10:53:44] in commitLockset, check ls HasQuorum 
INFO [11-06|10:53:44] in HasQuorum 
INFO [11-06|10:53:44] In IsValid() 
len(lockset.Votes): 3 lockset.EligibleVotesNum: 4
INFO [11-06|10:53:44] cm.found is not nil 
INFO [11-06|10:53:44] store lockset 
peerid: d67104e65b61fca1
INFO [11-06|10:53:44] ---storeLockset--- 
INFO [11-06|10:53:44] after cm.process() 
cmH 4
INFO [11-06|10:53:44] in validatorCommit1 
pid: d67104e65b61fca1
block number 4
-------in NewBFTValidatorBlock-------
INFO [11-06|10:53:44] in validatorCommit2 
validatorCommit time: 77.581µs
INFO [11-06|10:53:44] **in eth.handler**, get result from ch 
INFO [11-06|10:53:44] ***in BFT.VVVVerifyHeader*** 
INFO [11-06|10:53:44] ***in BFT.verifyHeader*** 
INFO [11-06|10:53:44] ***in BFT.verifySeal*** 
INFO [11-06|10:53:44] In verifyVotes 
INFO [11-06|10:53:44] in HasQuorum 
INFO [11-06|10:53:44] In IsValid() 
len(lockset.Votes): 3 lockset.EligibleVotesNum: 4
INFO [11-06|10:53:44] ***in BFT.VerifyHeaderSSSS*** 
INFO [11-06|10:53:44] ***in BFT.verifyHeader*** 
INFO [11-06|10:53:44] ***in BFT.verifySeal*** 
INFO [11-06|10:53:44] In verifyVotes 
INFO [11-06|10:53:44] in HasQuorum 
INFO [11-06|10:53:44] In IsValid() 
len(lockset.Votes): 3 lockset.EligibleVotesNum: 4
INFO [11-06|10:53:44] have a consensus on the block 
INFO [11-06|10:53:44] result.Header().Coinbase != b.signer 
result.Header().Coinbase: [130 169 120 179 245 150 42 91 9 87 217 238 158 239 71 46 229 91 66 241] b.signer: [125 87 122 89 123 39 66 180 152 203 92 240 194 108 220 215 38 211 158 110]
ConsensusTime, 3637301 , txs, 1600 , blockNum, 4
FinishedConsensus, 1541472824352144000
INFO [11-06|10:53:44] result is nil 
INFO [11-06|10:53:44] === Finished Mine() === 
INFO [11-06|10:53:44] Handle BFT Msg,                          msg="msg #9 (3 bytes)"
INFO [11-06|10:53:44] -------GetLocksetsMsg------- 
GetLockSetsMsg request:  [{4}] from:  d9d5b902798f5c42
INFO [11-06|10:53:44] Request future block 
INFO [11-06|10:53:44] received NewBlockMsg! 
INFO [11-06|10:53:45] Imported new chain segment               blocks=1 txs=1600 mgas=33.600 elapsed=1.400s   mgasps=23.991 number=4 hash=a264d4…9f170a
FinishedPostExec, 1541472825752157000 , txs, 1600
PostExecTime, 1.400501323s
INFO [11-06|10:53:45] in pool.evenLoop, call pool.resetState 
INFO [11-06|10:53:46] Handle BFT Msg,                          msg="msg #17 (107 bytes)"
INFO [11-06|10:53:46] ------Received VoteMsg------ 
voteHR: H: 4 R: 0 voteType:: 1 voteHash: [162 100 212 227 45 219 169 144 40 197 213 193 206 151 196 34 193 229 173 146 160 167 243 195 226 203 140 11 207 159 23 10]
cmHR: H: 5 R: 0
INFO [11-06|10:53:46] --------------------------------------- 
INFO [11-06|10:53:46] addVote to                               height=4 round=0 from=0x598443f1880ef585b21f1d7585bd0577402861e5 success=true cm.coinbase=0x7d577a597b2742b498cb5cf0c26cdcd726d39e6e
INFO [11-06|10:53:46] ------in handle VoteMsg, success!------ 
INFO [11-06|10:53:48] Commit new mining work                   number=5 txs=1601 uncles=0 elapsed=2.484s
INFO [11-06|10:53:48] Sealing                                  block n=5
StartConsensus, 1541472828237251000
INFO [11-06|10:53:48] Start Process 
INFO [11-06|10:53:48] in cm.Process, check lastCommittingLockset() 
INFO [11-06|10:53:48] In IsValid() 
len(lockset.Votes): 4 lockset.EligibleVotesNum: 4
INFO [11-06|10:53:48] in HasQuorum 
INFO [11-06|10:53:48] In IsValid() 
len(lockset.Votes): 4 lockset.EligibleVotesNum: 4
=====CM.COINBASE IS:===== [125 87 122 89 123 39 66 180 152 203 92 240 194 108 220 215 38 211 158 110] block number is: 5
INFO [11-06|10:53:48] case: default, cm.process 
ready: 4 need: 2.6666667
INFO [11-06|10:53:48] ---------------process------------------ 
INFO [11-06|10:53:48] In RM Process                            height=5 round=0
INFO [11-06|10:53:48] --------In rm.propose------- 
INFO [11-06|10:53:48] I am a proposer in                       height=5 round=0
INFO [11-06|10:53:48] in propose, check lastRoundLockset 
lastRoundLockset, hm.activeround: 0
INFO [11-06|10:53:48] ------in mkProposal------ 
INFO [11-06|10:53:48] In IsValid() 
len(lockset.Votes): 4 lockset.EligibleVotesNum: 4
INFO [11-06|10:53:48] in HasQuorum 
INFO [11-06|10:53:48] In IsValid() 
len(lockset.Votes): 4 lockset.EligibleVotesNum: 4
INFO [11-06|10:53:48] LockSet(R-1) is nil (rm.round should equal to zero) 
INFO [11-06|10:53:48] in HasQuorum 
INFO [11-06|10:53:48] In IsValid() 
len(lockset.Votes): 4 lockset.EligibleVotesNum: 4
INFO [11-06|10:53:48] in HasQuorum 
INFO [11-06|10:53:48] In IsValid() 
len(lockset.Votes): 4 lockset.EligibleVotesNum: 4
Create block blockhash :  [16 87 191 92 203 166 197 42 161 51 9 36 255 0 76 169 245 252 231 237 250 233 33 169 155 121 151 237 202 119 122 52]
INFO [11-06|10:53:48] In addBlockCandidates!! 
INFO [11-06|10:53:48] Send NewBlockProposalMsg:                LOG15_ERROR=                                                   LOG15_ERROR="Normalized odd number of arguments by adding nil"
INFO [11-06|10:53:48] Handle BFT Msg,                          msg="msg #18 (662 bytes)"
INFO [11-06|10:53:48] ------Received MsigProposalMsg------ 
mpHR: H: 5 R: 0 hash: [16 87 191 92 203 166 197 42 161 51 9 36 255 0 76 169 245 252 231 237 250 233 33 169 155 121 151 237 202 119 122 52]
cmHR: H: 5 R: 0
INFO [11-06|10:53:48] --------------------------------------- 
INFO [11-06|10:53:48] in MsigFinished 
len(mp.Msig.MsigVs): 2 mp.MsigVs: [0 28]
INFO [11-06|10:53:48] In addMsig I am leader 
mp= &{[[0 0 0 0 0 0 0 0 0 0 0 0 0 0 0 0 0 0 0 0] [220 236 234 243 252 92 10 99 209 149 214 155 26 144 1 27 123 25 101 13]] [0 28] [0 3370931154042808178190872727939407439935466218065014938518518224949365114091] [0 21281845962751348963901526350157112903888718190211881462743096854485077747656]}
INFO [11-06|10:53:48] in bfthandler Send MsigProposalMsg 
INFO [11-06|10:53:48] Sending MsigProposalMsg 
INFO [11-06|10:53:48] Sending MsigProposalMsg 
INFO [11-06|10:53:48] Sending MsigProposalMsg 
INFO [11-06|10:53:48] Handle BFT Msg,                          msg="msg #18 (662 bytes)"
INFO [11-06|10:53:48] ------Received MsigProposalMsg------ 
mpHR: H: 5 R: 0 hash: [16 87 191 92 203 166 197 42 161 51 9 36 255 0 76 169 245 252 231 237 250 233 33 169 155 121 151 237 202 119 122 52]
cmHR: H: 5 R: 0
INFO [11-06|10:53:48] --------------------------------------- 
INFO [11-06|10:53:48] Handle BFT Msg,                          msg="msg #18 (662 bytes)"
INFO [11-06|10:53:48] ------Received MsigProposalMsg------ 
mpHR: H: 5 R: 0 hash: [16 87 191 92 203 166 197 42 161 51 9 36 255 0 76 169 245 252 231 237 250 233 33 169 155 121 151 237 202 119 122 52]
INFO [11-06|10:53:48] in MsigFinished 
cmHR: H: 5 R: 0
INFO [11-06|10:53:48] --------------------------------------- 
INFO [11-06|10:53:48] in MsigFinished 
len(mp.Msig.MsigVs): 2 mp.MsigVs: [0 28]
INFO [11-06|10:53:48] In addMsig I am leader 
INFO [11-06|10:53:48] in bfthandler Send MsigProposalMsg 
len(mp.Msig.MsigVs): 2 mp.MsigVs: [0 28]
INFO [11-06|10:53:48] In addMsig I am leader 
INFO [11-06|10:53:48] in bfthandler Send MsigProposalMsg 
INFO [11-06|10:53:48] ---------------in rm.vote----------------- 
INFO [11-06|10:53:48] in vote in RM                            height=5 round=0
INFO [11-06|10:53:48] Timeout time not reach, curr vs timeout: curr=1541472828.000 timeout=1541472833.000
INFO [11-06|10:53:48] in rm.process, check lockset HasQuorum 
INFO [11-06|10:53:48] in HasQuorum 
INFO [11-06|10:53:48] In IsValid() 
len(lockset.Votes): 0 lockset.EligibleVotesNum: 4
INFO [11-06|10:53:48] rm lockset is not valid yet 
INFO [11-06|10:53:48] after cm.process() 
INFO [11-06|10:53:48] ------addmsigproposal success!------- 
INFO [11-06|10:53:48] ------addmsigproposal success!------- 
INFO [11-06|10:53:48] ------addmsigproposal success!------- 
INFO [11-06|10:53:48] Handle BFT Msg,                          msg="msg #17 (107 bytes)"
INFO [11-06|10:53:48] ------Received VoteMsg------ 
voteHR: H: 5 R: 0 voteType:: 1 voteHash: [16 87 191 92 203 166 197 42 161 51 9 36 255 0 76 169 245 252 231 237 250 233 33 169 155 121 151 237 202 119 122 52]
cmHR: H: 5 R: 0
INFO [11-06|10:53:48] --------------------------------------- 
INFO [11-06|10:53:48] addVote to                               height=5 round=0 from=0xdceceaf3fc5c0a63d195d69b1a90011b7b19650d success=true cm.coinbase=0x7d577a597b2742b498cb5cf0c26cdcd726d39e6e
INFO [11-06|10:53:48] ------in handle VoteMsg, success!------ 
INFO [11-06|10:53:48] case: default, cm.process 
ready: 4 need: 2.6666667
INFO [11-06|10:53:48] ---------------process------------------ 
INFO [11-06|10:53:48] In RM Process                            height=5 round=0
INFO [11-06|10:53:48] --------In rm.propose------- 
INFO [11-06|10:53:48] I am a proposer in                       height=5 round=0
INFO [11-06|10:53:48] ---------------in rm.vote----------------- 
INFO [11-06|10:53:48] in vote in RM                            height=5 round=0
INFO [11-06|10:53:48] vote mp 
INFO [11-06|10:53:48] vote success in                          height=5 round=0
INFO [11-06|10:53:48] Send VoteMsg 
INFO [11-06|10:53:48] in rm.process, check lockset HasQuorum 
INFO [11-06|10:53:48] in HasQuorum 
INFO [11-06|10:53:48] In IsValid() 
len(lockset.Votes): 2 lockset.EligibleVotesNum: 4
INFO [11-06|10:53:48] rm lockset is not valid yet 
INFO [11-06|10:53:48] after cm.process() 
INFO [11-06|10:53:48] case: default, cm.process 
ready: 4 need: 2.6666667
INFO [11-06|10:53:48] ---------------process------------------ 
INFO [11-06|10:53:48] In RM Process                            height=5 round=0
INFO [11-06|10:53:48] --------In rm.propose------- 
INFO [11-06|10:53:48] I am a proposer in                       height=5 round=0
INFO [11-06|10:53:48] ---------------in rm.vote----------------- 
INFO [11-06|10:53:48] voted 
INFO [11-06|10:53:48] in rm.process, check lockset HasQuorum 
INFO [11-06|10:53:48] in HasQuorum 
INFO [11-06|10:53:48] In IsValid() 
len(lockset.Votes): 2 lockset.EligibleVotesNum: 4
INFO [11-06|10:53:48] rm lockset is not valid yet 
INFO [11-06|10:53:48] after cm.process() 
INFO [11-06|10:53:48] case: default, cm.process 
ready: 4 need: 2.6666667
INFO [11-06|10:53:48] ---------------process------------------ 
INFO [11-06|10:53:48] In RM Process                            height=5 round=0
INFO [11-06|10:53:48] --------In rm.propose------- 
INFO [11-06|10:53:48] I am a proposer in                       height=5 round=0
INFO [11-06|10:53:48] ---------------in rm.vote----------------- 
INFO [11-06|10:53:48] voted 
INFO [11-06|10:53:48] in rm.process, check lockset HasQuorum 
INFO [11-06|10:53:48] in HasQuorum 
INFO [11-06|10:53:48] In IsValid() 
len(lockset.Votes): 2 lockset.EligibleVotesNum: 4
INFO [11-06|10:53:48] rm lockset is not valid yet 
INFO [11-06|10:53:48] after cm.process() 
INFO [11-06|10:53:48] case: default, cm.process 
ready: 4 need: 2.6666667
INFO [11-06|10:53:48] ---------------process------------------ 
INFO [11-06|10:53:48] In RM Process                            height=5 round=0
INFO [11-06|10:53:48] --------In rm.propose------- 
INFO [11-06|10:53:48] I am a proposer in                       height=5 round=0
INFO [11-06|10:53:48] ---------------in rm.vote----------------- 
INFO [11-06|10:53:48] voted 
INFO [11-06|10:53:48] in rm.process, check lockset HasQuorum 
INFO [11-06|10:53:48] in HasQuorum 
INFO [11-06|10:53:48] In IsValid() 
len(lockset.Votes): 2 lockset.EligibleVotesNum: 4
INFO [11-06|10:53:48] rm lockset is not valid yet 
INFO [11-06|10:53:48] after cm.process() 
INFO [11-06|10:53:48] Handle BFT Msg,                          msg="msg #17 (107 bytes)"
INFO [11-06|10:53:48] ------Received VoteMsg------ 
voteHR: H: 5 R: 0 voteType:: 1 voteHash: [16 87 191 92 203 166 197 42 161 51 9 36 255 0 76 169 245 252 231 237 250 233 33 169 155 121 151 237 202 119 122 52]
cmHR: H: 5 R: 0
INFO [11-06|10:53:48] --------------------------------------- 
INFO [11-06|10:53:48] addVote to                               height=5 round=0 from=0x598443f1880ef585b21f1d7585bd0577402861e5 success=true cm.coinbase=0x7d577a597b2742b498cb5cf0c26cdcd726d39e6e
INFO [11-06|10:53:48] ------in handle VoteMsg, success!------ 
INFO [11-06|10:53:48] Handle BFT Msg,                          msg="msg #9 (3 bytes)"
INFO [11-06|10:53:48] -------GetLocksetsMsg------- 
GetLockSetsMsg request:  [{5}] from:  94dd98401cf6ca04
INFO [11-06|10:53:48] Request future block 
INFO [11-06|10:53:48] case: default, cm.process 
ready: 4 need: 2.6666667
INFO [11-06|10:53:48] ---------------process------------------ 
INFO [11-06|10:53:48] In RM Process                            height=5 round=0
INFO [11-06|10:53:48] --------In rm.propose------- 
INFO [11-06|10:53:48] I am a proposer in                       height=5 round=0
INFO [11-06|10:53:48] ---------------in rm.vote----------------- 
INFO [11-06|10:53:48] voted 
INFO [11-06|10:53:48] in rm.process, check lockset HasQuorum 
INFO [11-06|10:53:48] in HasQuorum 
INFO [11-06|10:53:48] In IsValid() 
len(lockset.Votes): 3 lockset.EligibleVotesNum: 4
INFO [11-06|10:53:48] There is a quorum                        height=5 round=0
INFO [11-06|10:53:48] ============in cm.commitLockset============ 
INFO [11-06|10:53:48] in commitLockset, check ls HasQuorum 
INFO [11-06|10:53:48] in HasQuorum 
INFO [11-06|10:53:48] In IsValid() 
len(lockset.Votes): 3 lockset.EligibleVotesNum: 4
INFO [11-06|10:53:48] cm.found is not nil 
INFO [11-06|10:53:48] store lockset 
INFO [11-06|10:53:48] ---storeLockset--- 
INFO [11-06|10:53:48] have a consensus on the block 
ConsensusTime, 589998868 , txs, 1601 , blockNum, 5
FinishedConsensus, 1541472828827250000
INFO [11-06|10:53:48] Successfully sealed new block            number=5 hash=1057bf…777a34
INFO [11-06|10:53:48] === Finished Mine() === 
INFO [11-06|10:53:48] after cm.process() 
INFO [11-06|10:53:48] 🔨 mined potential block                  number=5 hash=1057bf…777a34
INFO [11-06|10:53:48] in pool.evenLoop, call pool.resetState 
INFO [11-06|10:53:48] Handle BFT Msg,                          msg="msg #9 (3 bytes)"
INFO [11-06|10:53:48] -------GetLocksetsMsg------- 
GetLockSetsMsg request:  [{5}] from:  d67104e65b61fca1
INFO [11-06|10:53:48]  Sending Lockset                         LOG15_ERROR=                                                   LOG15_ERROR="Normalized odd number of arguments by adding nil"
INFO [11-06|10:53:49] Handle BFT Msg,                          msg="msg #17 (107 bytes)"
INFO [11-06|10:53:49] ------Received VoteMsg------ 
voteHR: H: 5 R: 0 voteType:: 1 voteHash: [16 87 191 92 203 166 197 42 161 51 9 36 255 0 76 169 245 252 231 237 250 233 33 169 155 121 151 237 202 119 122 52]
cmHR: H: 6 R: 0
INFO [11-06|10:53:49] --------------------------------------- 
INFO [11-06|10:53:49] addVote to                               height=5 round=0 from=0x82a978b3f5962a5b0957d9ee9eef472ee55b42f1 success=true cm.coinbase=0x7d577a597b2742b498cb5cf0c26cdcd726d39e6e
INFO [11-06|10:53:49] ------in handle VoteMsg, success!------ 
INFO [11-06|10:53:51] Commit new mining work                   number=6 txs=1602 uncles=0 elapsed=2.677s
INFO [11-06|10:53:51] Sealing                                  block n=6
StartConsensus, 1541472831540800000
INFO [11-06|10:53:51] Start Process 
INFO [11-06|10:53:51] in cm.Process, check lastCommittingLockset() 
INFO [11-06|10:53:51] In IsValid() 
len(lockset.Votes): 4 lockset.EligibleVotesNum: 4
INFO [11-06|10:53:51] in HasQuorum 
INFO [11-06|10:53:51] In IsValid() 
len(lockset.Votes): 4 lockset.EligibleVotesNum: 4
=====CM.COINBASE IS:===== [125 87 122 89 123 39 66 180 152 203 92 240 194 108 220 215 38 211 158 110] block number is: 6
INFO [11-06|10:53:51] case: default, cm.process 
ready: 4 need: 2.6666667
INFO [11-06|10:53:51] ---------------process------------------ 
INFO [11-06|10:53:51] In RM Process                            height=6 round=0
INFO [11-06|10:53:51] --------In rm.propose------- 
INFO [11-06|10:53:51] ---------------in rm.vote----------------- 
INFO [11-06|10:53:51] in vote in RM                            height=6 round=0
INFO [11-06|10:53:51] Timeout time not reach, curr vs timeout: curr=1541472831.000 timeout=1541472836.000
INFO [11-06|10:53:51] in rm.process, check lockset HasQuorum 
INFO [11-06|10:53:51] in HasQuorum 
INFO [11-06|10:53:51] In IsValid() 
len(lockset.Votes): 0 lockset.EligibleVotesNum: 4
INFO [11-06|10:53:51] rm lockset is not valid yet 
INFO [11-06|10:53:51] after cm.process() 
INFO [11-06|10:53:51] case: default, cm.process 
ready: 4 need: 2.6666667
INFO [11-06|10:53:51] ---------------process------------------ 
INFO [11-06|10:53:51] In RM Process                            height=6 round=0
INFO [11-06|10:53:51] --------In rm.propose------- 
INFO [11-06|10:53:51] ---------------in rm.vote----------------- 
INFO [11-06|10:53:51] in vote in RM                            height=6 round=0
INFO [11-06|10:53:51] Timeout time not reach, curr vs timeout: curr=1541472831.000 timeout=1541472836.000
INFO [11-06|10:53:51] in rm.process, check lockset HasQuorum 
INFO [11-06|10:53:51] in HasQuorum 
INFO [11-06|10:53:51] In IsValid() 
len(lockset.Votes): 0 lockset.EligibleVotesNum: 4
INFO [11-06|10:53:51] rm lockset is not valid yet 
INFO [11-06|10:53:51] after cm.process() 
INFO [11-06|10:53:51] case: default, cm.process 
ready: 4 need: 2.6666667
INFO [11-06|10:53:51] ---------------process------------------ 
INFO [11-06|10:53:51] In RM Process                            height=6 round=0
INFO [11-06|10:53:51] --------In rm.propose------- 
INFO [11-06|10:53:51] ---------------in rm.vote----------------- 
INFO [11-06|10:53:51] in vote in RM                            height=6 round=0
INFO [11-06|10:53:51] Timeout time not reach, curr vs timeout: curr=1541472831.000 timeout=1541472836.000
INFO [11-06|10:53:51] in rm.process, check lockset HasQuorum 
INFO [11-06|10:53:51] in HasQuorum 
INFO [11-06|10:53:51] In IsValid() 
len(lockset.Votes): 0 lockset.EligibleVotesNum: 4
INFO [11-06|10:53:51] rm lockset is not valid yet 
INFO [11-06|10:53:51] after cm.process() 
INFO [11-06|10:53:51] case: default, cm.process 
ready: 4 need: 2.6666667
INFO [11-06|10:53:51] ---------------process------------------ 
INFO [11-06|10:53:51] In RM Process                            height=6 round=0
INFO [11-06|10:53:51] --------In rm.propose------- 
INFO [11-06|10:53:51] ---------------in rm.vote----------------- 
INFO [11-06|10:53:51] in vote in RM                            height=6 round=0
INFO [11-06|10:53:51] Timeout time not reach, curr vs timeout: curr=1541472831.000 timeout=1541472836.000
INFO [11-06|10:53:51] in rm.process, check lockset HasQuorum 
INFO [11-06|10:53:51] in HasQuorum 
INFO [11-06|10:53:51] In IsValid() 
len(lockset.Votes): 0 lockset.EligibleVotesNum: 4
INFO [11-06|10:53:51] rm lockset is not valid yet 
INFO [11-06|10:53:51] after cm.process() 
INFO [11-06|10:53:51] case: default, cm.process 
ready: 4 need: 2.6666667
INFO [11-06|10:53:51] ---------------process------------------ 
INFO [11-06|10:53:51] In RM Process                            height=6 round=0
INFO [11-06|10:53:51] --------In rm.propose------- 
INFO [11-06|10:53:51] ---------------in rm.vote----------------- 
INFO [11-06|10:53:51] in vote in RM                            height=6 round=0
INFO [11-06|10:53:51] Timeout time not reach, curr vs timeout: curr=1541472831.000 timeout=1541472836.000
INFO [11-06|10:53:51] in rm.process, check lockset HasQuorum 
INFO [11-06|10:53:51] in HasQuorum 
INFO [11-06|10:53:51] In IsValid() 
len(lockset.Votes): 0 lockset.EligibleVotesNum: 4
INFO [11-06|10:53:51] rm lockset is not valid yet 
INFO [11-06|10:53:51] after cm.process() 
INFO [11-06|10:53:52] case: default, cm.process 
ready: 4 need: 2.6666667
INFO [11-06|10:53:52] ---------------process------------------ 
INFO [11-06|10:53:52] In RM Process                            height=6 round=0
INFO [11-06|10:53:52] --------In rm.propose------- 
INFO [11-06|10:53:52] ---------------in rm.vote----------------- 
INFO [11-06|10:53:52] in vote in RM                            height=6 round=0
INFO [11-06|10:53:52] Timeout time not reach, curr vs timeout: curr=1541472832.000 timeout=1541472836.000
INFO [11-06|10:53:52] in rm.process, check lockset HasQuorum 
INFO [11-06|10:53:52] in HasQuorum 
INFO [11-06|10:53:52] In IsValid() 
len(lockset.Votes): 0 lockset.EligibleVotesNum: 4
INFO [11-06|10:53:52] rm lockset is not valid yet 
INFO [11-06|10:53:52] after cm.process() 
INFO [11-06|10:53:52] case: default, cm.process 
ready: 4 need: 2.6666667
INFO [11-06|10:53:52] ---------------process------------------ 
INFO [11-06|10:53:52] In RM Process                            height=6 round=0
INFO [11-06|10:53:52] --------In rm.propose------- 
INFO [11-06|10:53:52] ---------------in rm.vote----------------- 
INFO [11-06|10:53:52] in vote in RM                            height=6 round=0
INFO [11-06|10:53:52] Timeout time not reach, curr vs timeout: curr=1541472832.000 timeout=1541472836.000
INFO [11-06|10:53:52] in rm.process, check lockset HasQuorum 
INFO [11-06|10:53:52] in HasQuorum 
INFO [11-06|10:53:52] In IsValid() 
len(lockset.Votes): 0 lockset.EligibleVotesNum: 4
INFO [11-06|10:53:52] rm lockset is not valid yet 
INFO [11-06|10:53:52] after cm.process() 
INFO [11-06|10:53:52] case: default, cm.process 
ready: 4 need: 2.6666667
INFO [11-06|10:53:52] ---------------process------------------ 
INFO [11-06|10:53:52] In RM Process                            height=6 round=0
INFO [11-06|10:53:52] --------In rm.propose------- 
INFO [11-06|10:53:52] ---------------in rm.vote----------------- 
INFO [11-06|10:53:52] in vote in RM                            height=6 round=0
INFO [11-06|10:53:52] Timeout time not reach, curr vs timeout: curr=1541472832.000 timeout=1541472836.000
INFO [11-06|10:53:52] in rm.process, check lockset HasQuorum 
INFO [11-06|10:53:52] in HasQuorum 
INFO [11-06|10:53:52] In IsValid() 
len(lockset.Votes): 0 lockset.EligibleVotesNum: 4
INFO [11-06|10:53:52] rm lockset is not valid yet 
INFO [11-06|10:53:52] after cm.process() 
INFO [11-06|10:53:52] case: default, cm.process 
ready: 4 need: 2.6666667
INFO [11-06|10:53:52] ---------------process------------------ 
INFO [11-06|10:53:52] In RM Process                            height=6 round=0
INFO [11-06|10:53:52] --------In rm.propose------- 
INFO [11-06|10:53:52] ---------------in rm.vote----------------- 
INFO [11-06|10:53:52] in vote in RM                            height=6 round=0
INFO [11-06|10:53:52] Timeout time not reach, curr vs timeout: curr=1541472832.000 timeout=1541472836.000
INFO [11-06|10:53:52] in rm.process, check lockset HasQuorum 
INFO [11-06|10:53:52] in HasQuorum 
INFO [11-06|10:53:52] In IsValid() 
len(lockset.Votes): 0 lockset.EligibleVotesNum: 4
INFO [11-06|10:53:52] rm lockset is not valid yet 
INFO [11-06|10:53:52] after cm.process() 
INFO [11-06|10:53:52] Handle BFT Msg,                          msg="msg #11 (174050 bytes)"
INFO [11-06|10:53:52] -------Received NewBlockProposalMsg------- 
INFO [11-06|10:53:52] case: default, cm.process 
ready: 4 need: 2.6666667
INFO [11-06|10:53:52] ---------------process------------------ 
INFO [11-06|10:53:52] In RM Process                            height=6 round=0
INFO [11-06|10:53:52] --------In rm.propose------- 
INFO [11-06|10:53:52] ---------------in rm.vote----------------- 
INFO [11-06|10:53:52] in vote in RM                            height=6 round=0
INFO [11-06|10:53:52] Timeout time not reach, curr vs timeout: curr=1541472832.000 timeout=1541472836.000
INFO [11-06|10:53:52] in rm.process, check lockset HasQuorum 
INFO [11-06|10:53:52] in HasQuorum 
INFO [11-06|10:53:52] In IsValid() 
len(lockset.Votes): 0 lockset.EligibleVotesNum: 4
INFO [11-06|10:53:52] rm lockset is not valid yet 
INFO [11-06|10:53:52] after cm.process() 
bpHR: H: 6 R: 0
cmHR: H: 6 R: 0
INFO [11-06|10:53:52] --------------------------------------- 
# collMsig from = Peer 94dd98401cf6ca04 [eth/63]
cmHR: H: 6 R: 0
this is rm.proposerPeer  Peer 94dd98401cf6ca04 [eth/63]
INFO [11-06|10:53:52] In IsValid() 
len(lockset.Votes): 0 lockset.EligibleVotesNum: 0
INFO [11-06|10:53:52] cm add BlockProposal                     h=6 r=0
INFO [11-06|10:53:52] in HasQuorum 
INFO [11-06|10:53:52] In IsValid() 
len(lockset.Votes): 4 lockset.EligibleVotesNum: 4
INFO [11-06|10:53:52] Handle BFT Msg,                          msg="msg #18 (662 bytes)"
INFO [11-06|10:53:52] ------Received MsigProposalMsg------ 
mpHR: H: 6 R: 0 hash: [255 91 236 123 131 101 205 181 177 208 138 126 222 105 5 255 152 38 239 201 112 78 176 147 253 136 238 98 231 174 156 239]
cmHR: H: 6 R: 0
INFO [11-06|10:53:52] --------------------------------------- 
INFO [11-06|10:53:52] in MsigFinished 
len(mp.Msig.MsigVs): 2 mp.MsigVs: [0 28]
INFO [11-06|10:53:52] In addBlockCandidates!! 
INFO [11-06|10:53:52] -------in handle NewBlockProposalMsg, success!------- 
INFO [11-06|10:53:52] Handle BFT Msg,                          msg="msg #18 (662 bytes)"
INFO [11-06|10:53:52] ------Received MsigProposalMsg------ 
INFO [11-06|10:53:52] ------addmsigproposal success!------- 
mpHR: H: 6 R: 0 hash: [255 91 236 123 131 101 205 181 177 208 138 126 222 105 5 255 152 38 239 201 112 78 176 147 253 136 238 98 231 174 156 239]
cmHR: H: 6 R: 0
INFO [11-06|10:53:52] --------------------------------------- 
INFO [11-06|10:53:52] in MsigFinished 
len(mp.Msig.MsigVs): 2 mp.MsigVs: [0 28]
INFO [11-06|10:53:52] ------addmsigproposal success!------- 
INFO [11-06|10:53:52] Handle BFT Msg,                          msg="msg #17 (107 bytes)"
INFO [11-06|10:53:52] ------Received VoteMsg------ 
voteHR: H: 6 R: 0 voteType:: 1 voteHash: [255 91 236 123 131 101 205 181 177 208 138 126 222 105 5 255 152 38 239 201 112 78 176 147 253 136 238 98 231 174 156 239]
cmHR: H: 6 R: 0
INFO [11-06|10:53:52] --------------------------------------- 
INFO [11-06|10:53:52] addVote to                               height=6 round=0 from=0x598443f1880ef585b21f1d7585bd0577402861e5 success=true cm.coinbase=0x7d577a597b2742b498cb5cf0c26cdcd726d39e6e
INFO [11-06|10:53:52] ------in handle VoteMsg, success!------ 
INFO [11-06|10:53:52] case: default, cm.process 
ready: 4 need: 2.6666667
INFO [11-06|10:53:52] ---------------process------------------ 
INFO [11-06|10:53:52] In RM Process                            height=6 round=0
INFO [11-06|10:53:52] --------In rm.propose------- 
INFO [11-06|10:53:52] ---------------in rm.vote----------------- 
INFO [11-06|10:53:52] in vote in RM                            height=6 round=0
INFO [11-06|10:53:52] vote mp 
INFO [11-06|10:53:52] vote success in                          height=6 round=0
INFO [11-06|10:53:52] Send VoteMsg 
INFO [11-06|10:53:52] in rm.process, check lockset HasQuorum 
INFO [11-06|10:53:52] in HasQuorum 
INFO [11-06|10:53:52] In IsValid() 
len(lockset.Votes): 2 lockset.EligibleVotesNum: 4
INFO [11-06|10:53:52] rm lockset is not valid yet 
INFO [11-06|10:53:52] after cm.process() 
INFO [11-06|10:53:52] Handle BFT Msg,                          msg="msg #17 (107 bytes)"
INFO [11-06|10:53:52] ------Received VoteMsg------ 
voteHR: H: 6 R: 0 voteType:: 1 voteHash: [255 91 236 123 131 101 205 181 177 208 138 126 222 105 5 255 152 38 239 201 112 78 176 147 253 136 238 98 231 174 156 239]
cmHR: H: 6 R: 0
INFO [11-06|10:53:52] --------------------------------------- 
INFO [11-06|10:53:52] addVote to                               height=6 round=0 from=0x82a978b3f5962a5b0957d9ee9eef472ee55b42f1 success=true cm.coinbase=0x7d577a597b2742b498cb5cf0c26cdcd726d39e6e
INFO [11-06|10:53:52] ------in handle VoteMsg, success!------ 
INFO [11-06|10:53:52] received NewBlockMsg! 
INFO [11-06|10:53:52] ***in BFT.VVVVerifyHeader*** 
INFO [11-06|10:53:52] ***in BFT.verifyHeader*** 
INFO [11-06|10:53:52] ***in BFT.verifySeal*** 
INFO [11-06|10:53:52] In verifyVotes 
INFO [11-06|10:53:52] ***in sync.request()*** 
INFO [11-06|10:53:52] Handle BFT Msg,                          msg="msg #17 (107 bytes)"
INFO [11-06|10:53:52] ------Received VoteMsg------ 
voteHR: H: 6 R: 0 voteType:: 1 voteHash: [255 91 236 123 131 101 205 181 177 208 138 126 222 105 5 255 152 38 239 201 112 78 176 147 253 136 238 98 231 174 156 239]
cmHR: H: 6 R: 0
INFO [11-06|10:53:52] --------------------------------------- 
INFO [11-06|10:53:52] addVote to                               height=6 round=0 from=0xdceceaf3fc5c0a63d195d69b1a90011b7b19650d success=true cm.coinbase=0x7d577a597b2742b498cb5cf0c26cdcd726d39e6e
INFO [11-06|10:53:52] ------in handle VoteMsg, success!------ 
INFO [11-06|10:53:52] case: default, cm.process 
ready: 4 need: 2.6666667
INFO [11-06|10:53:52] ---------------process------------------ 
INFO [11-06|10:53:52] In RM Process                            height=6 round=0
INFO [11-06|10:53:52] --------In rm.propose------- 
INFO [11-06|10:53:52] ---------------in rm.vote----------------- 
INFO [11-06|10:53:52] voted 
INFO [11-06|10:53:52] in rm.process, check lockset HasQuorum 
INFO [11-06|10:53:52] in HasQuorum 
INFO [11-06|10:53:52] In IsValid() 
len(lockset.Votes): 4 lockset.EligibleVotesNum: 4
INFO [11-06|10:53:52] There is a quorum                        height=6 round=0
--- in rm.process p.id: --- Peer 94dd98401cf6ca04 [eth/63]
INFO [11-06|10:53:52] ============in cm.commitLockset============ 
INFO [11-06|10:53:52] in commitLockset, check ls HasQuorum 
INFO [11-06|10:53:52] in HasQuorum 
INFO [11-06|10:53:52] In IsValid() 
len(lockset.Votes): 4 lockset.EligibleVotesNum: 4
INFO [11-06|10:53:52] cm.found is not nil 
INFO [11-06|10:53:52] store lockset 
peerid: 94dd98401cf6ca04
INFO [11-06|10:53:52] ---storeLockset--- 
INFO [11-06|10:53:52] after cm.process() 
cmH 6
INFO [11-06|10:53:52] in validatorCommit1 
pid: 94dd98401cf6ca04
block number 6
-------in NewBFTValidatorBlock-------
INFO [11-06|10:53:52] in validatorCommit2 
validatorCommit time: 81.012µs
INFO [11-06|10:53:52] **in eth.handler**, get result from ch 
INFO [11-06|10:53:52] have a consensus on the block 
INFO [11-06|10:53:52] result.Header().Coinbase != b.signer 
result.Header().Coinbase: [220 236 234 243 252 92 10 99 209 149 214 155 26 144 1 27 123 25 101 13] b.signer: [125 87 122 89 123 39 66 180 152 203 92 240 194 108 220 215 38 211 158 110]
ConsensusTime, 1133323407 , txs, 1602 , blockNum, 6
FinishedConsensus, 1541472832674166000
INFO [11-06|10:53:52] result is nil 
INFO [11-06|10:53:52] === Finished Mine() === 
INFO [11-06|10:53:52] In verifyVotes 
INFO [11-06|10:53:52] in HasQuorum 
INFO [11-06|10:53:52] In IsValid() 
len(lockset.Votes): 4 lockset.EligibleVotesNum: 4
INFO [11-06|10:53:52] ***in BFT.VerifyHeaderSSSS*** 
INFO [11-06|10:53:52] ***in BFT.verifyHeader*** 
INFO [11-06|10:53:52] ***in BFT.verifySeal*** 
INFO [11-06|10:53:52] In verifyVotes 
INFO [11-06|10:53:52] in HasQuorum 
INFO [11-06|10:53:52] In IsValid() 
len(lockset.Votes): 4 lockset.EligibleVotesNum: 4
INFO [11-06|10:53:53] Imported new chain segment               blocks=1 txs=1602 mgas=33.642 elapsed=1.194s   mgasps=28.174 number=6 hash=ff5bec…ae9cef
FinishedPostExec, 1541472833981145000 , txs, 1602
PostExecTime, 1.194059548s
INFO [11-06|10:53:53] in pool.evenLoop, call pool.resetState 
INFO [11-06|10:53:55] Handle BFT Msg,                          msg="msg #11 (174160 bytes)"
INFO [11-06|10:53:55] -------Received NewBlockProposalMsg------- 
bpHR: H: 7 R: 0
cmHR: H: 7 R: 0
INFO [11-06|10:53:55] --------------------------------------- 
# collMsig from = Peer d9d5b902798f5c42 [eth/63]
cmHR: H: 7 R: 0
this is rm.proposerPeer  Peer d9d5b902798f5c42 [eth/63]
INFO [11-06|10:53:55] In IsValid() 
len(lockset.Votes): 0 lockset.EligibleVotesNum: 0
INFO [11-06|10:53:55] cm add BlockProposal                     h=7 r=0
INFO [11-06|10:53:55] in HasQuorum 
INFO [11-06|10:53:55] In IsValid() 
len(lockset.Votes): 4 lockset.EligibleVotesNum: 4
INFO [11-06|10:53:55] In addBlockCandidates!! 
INFO [11-06|10:53:55] -------in handle NewBlockProposalMsg, success!------- 
INFO [11-06|10:53:55] Handle BFT Msg,                          msg="msg #18 (662 bytes)"
INFO [11-06|10:53:55] ------Received MsigProposalMsg------ 
mpHR: H: 7 R: 0 hash: [24 242 170 60 67 195 44 101 187 158 61 94 45 96 38 233 82 201 180 193 73 92 178 176 129 90 26 115 132 179 173 151]
cmHR: H: 7 R: 0
INFO [11-06|10:53:55] --------------------------------------- 
INFO [11-06|10:53:55] in MsigFinished 
len(mp.Msig.MsigVs): 2 mp.MsigVs: [0 27]
INFO [11-06|10:53:55] ------addmsigproposal success!------- 
INFO [11-06|10:53:55] Handle BFT Msg,                          msg="msg #17 (107 bytes)"
INFO [11-06|10:53:55] ------Received VoteMsg------ 
voteHR: H: 7 R: 0 voteType:: 1 voteHash: [24 242 170 60 67 195 44 101 187 158 61 94 45 96 38 233 82 201 180 193 73 92 178 176 129 90 26 115 132 179 173 151]
cmHR: H: 7 R: 0
INFO [11-06|10:53:55] --------------------------------------- 
INFO [11-06|10:53:55] addVote to                               height=7 round=0 from=0x82a978b3f5962a5b0957d9ee9eef472ee55b42f1 success=true cm.coinbase=0x7d577a597b2742b498cb5cf0c26cdcd726d39e6e
INFO [11-06|10:53:55] ------in handle VoteMsg, success!------ 
INFO [11-06|10:53:55] Handle BFT Msg,                          msg="msg #17 (107 bytes)"
INFO [11-06|10:53:55] ------Received VoteMsg------ 
voteHR: H: 7 R: 0 voteType:: 1 voteHash: [24 242 170 60 67 195 44 101 187 158 61 94 45 96 38 233 82 201 180 193 73 92 178 176 129 90 26 115 132 179 173 151]
cmHR: H: 7 R: 0
INFO [11-06|10:53:55] --------------------------------------- 
INFO [11-06|10:53:55] addVote to                               height=7 round=0 from=0x598443f1880ef585b21f1d7585bd0577402861e5 success=true cm.coinbase=0x7d577a597b2742b498cb5cf0c26cdcd726d39e6e
INFO [11-06|10:53:55] ------in handle VoteMsg, success!------ 
INFO [11-06|10:53:55] Commit new mining work                   number=7 txs=1603 uncles=0 elapsed=1.655s
INFO [11-06|10:53:55] 🔗 block reached canonical chain          number=1 hash=7956fc…64b396
INFO [11-06|10:53:55] Sealing                                  block n=7
StartConsensus, 1541472835637341000
INFO [11-06|10:53:55] Start Process 
INFO [11-06|10:53:55] in cm.Process, check lastCommittingLockset() 
INFO [11-06|10:53:55] In IsValid() 
len(lockset.Votes): 4 lockset.EligibleVotesNum: 4
INFO [11-06|10:53:55] in HasQuorum 
INFO [11-06|10:53:55] In IsValid() 
len(lockset.Votes): 4 lockset.EligibleVotesNum: 4
=====CM.COINBASE IS:===== [125 87 122 89 123 39 66 180 152 203 92 240 194 108 220 215 38 211 158 110] block number is: 7
INFO [11-06|10:53:55] case: default, cm.process 
ready: 4 need: 2.6666667
INFO [11-06|10:53:55] ---------------process------------------ 
INFO [11-06|10:53:55] In RM Process                            height=7 round=0
INFO [11-06|10:53:55] --------In rm.propose------- 
INFO [11-06|10:53:55] ---------------in rm.vote----------------- 
INFO [11-06|10:53:55] in vote in RM                            height=7 round=0
INFO [11-06|10:53:55] vote mp 
INFO [11-06|10:53:55] vote success in                          height=7 round=0
INFO [11-06|10:53:55] Send VoteMsg 
INFO [11-06|10:53:55] in rm.process, check lockset HasQuorum 
INFO [11-06|10:53:55] in HasQuorum 
INFO [11-06|10:53:55] In IsValid() 
len(lockset.Votes): 3 lockset.EligibleVotesNum: 4
INFO [11-06|10:53:55] There is a quorum                        height=7 round=0
--- in rm.process p.id: --- Peer d9d5b902798f5c42 [eth/63]
INFO [11-06|10:53:55] ============in cm.commitLockset============ 
INFO [11-06|10:53:55] in commitLockset, check ls HasQuorum 
INFO [11-06|10:53:55] in HasQuorum 
INFO [11-06|10:53:55] In IsValid() 
len(lockset.Votes): 3 lockset.EligibleVotesNum: 4
INFO [11-06|10:53:55] cm.found is not nil 
INFO [11-06|10:53:55] store lockset 
peerid: d9d5b902798f5c42
INFO [11-06|10:53:55] ---storeLockset--- 
INFO [11-06|10:53:55] after cm.process() 
cmH 7
INFO [11-06|10:53:55] in validatorCommit1 
pid: d9d5b902798f5c42
block number 7
-------in NewBFTValidatorBlock-------
INFO [11-06|10:53:55] in validatorCommit2 
validatorCommit time: 80.854µs
INFO [11-06|10:53:55] **in eth.handler**, get result from ch 
INFO [11-06|10:53:55] ***in BFT.VVVVerifyHeader*** 
INFO [11-06|10:53:55] have a consensus on the block 
INFO [11-06|10:53:55] result.Header().Coinbase != b.signer 
INFO [11-06|10:53:55] ***in BFT.verifyHeader*** 
result.Header().Coinbase: [89 132 67 241 136 14 245 133 178 31 29 117 133 189 5 119 64 40 97 229] b.signer: [125 87 122 89 123 39 66 180 152 203 92 240 194 108 220 215 38 211 158 110]
INFO [11-06|10:53:55] ***in BFT.verifySeal*** 
ConsensusTime, 1730413 , txs, 1603 , blockNum, 7
INFO [11-06|10:53:55] In verifyVotes 
FinishedConsensus, 1541472835639129000
INFO [11-06|10:53:55] result is nil 
INFO [11-06|10:53:55] === Finished Mine() === 
INFO [11-06|10:53:55] in HasQuorum 
INFO [11-06|10:53:55] In IsValid() 
len(lockset.Votes): 3 lockset.EligibleVotesNum: 4
INFO [11-06|10:53:55] ***in BFT.VerifyHeaderSSSS*** 
INFO [11-06|10:53:55] ***in BFT.verifyHeader*** 
INFO [11-06|10:53:55] ***in BFT.verifySeal*** 
INFO [11-06|10:53:55] In verifyVotes 
INFO [11-06|10:53:55] in HasQuorum 
INFO [11-06|10:53:55] In IsValid() 
len(lockset.Votes): 3 lockset.EligibleVotesNum: 4
INFO [11-06|10:53:55] received NewBlockMsg! 
INFO [11-06|10:53:55] Handle BFT Msg,                          msg="msg #9 (3 bytes)"
INFO [11-06|10:53:55] -------GetLocksetsMsg------- 
GetLockSetsMsg request:  [{7}] from:  94dd98401cf6ca04
INFO [11-06|10:53:55] Request future block 
INFO [11-06|10:53:55] received NewBlockMsg! 
INFO [11-06|10:53:57] Imported new chain segment               blocks=1 txs=1603 mgas=33.663 elapsed=1.737s   mgasps=19.375 number=7 hash=18f2aa…b3ad97
FinishedPostExec, 1541472837376802000 , txs, 1603
PostExecTime, 1.737439941s
INFO [11-06|10:53:57] in pool.evenLoop, call pool.resetState 
INFO [11-06|10:53:59] Handle BFT Msg,                          msg="msg #11 (174055 bytes)"
INFO [11-06|10:53:59] -------Received NewBlockProposalMsg------- 
bpHR: H: 8 R: 0
cmHR: H: 8 R: 0
INFO [11-06|10:53:59] --------------------------------------- 
# collMsig from = Peer d67104e65b61fca1 [eth/63]
cmHR: H: 8 R: 0
this is rm.proposerPeer  Peer d67104e65b61fca1 [eth/63]
INFO [11-06|10:53:59] In IsValid() 
len(lockset.Votes): 0 lockset.EligibleVotesNum: 0
INFO [11-06|10:53:59] cm add BlockProposal                     h=8 r=0
INFO [11-06|10:53:59] in HasQuorum 
INFO [11-06|10:53:59] In IsValid() 
len(lockset.Votes): 3 lockset.EligibleVotesNum: 4
INFO [11-06|10:53:59] in collectMsig, i am msig wintness 
INFO [11-06|10:53:59] Return MsigProposalMsg to                LOG15_ERROR=                                                   LOG15_ERROR="Normalized odd number of arguments by adding nil"
INFO [11-06|10:53:59] Sending MsigProposalMsg 
in cm.collectMsig, mp.MsigVs: [<nil> 27]
INFO [11-06|10:53:59] In addBlockCandidates!! 
INFO [11-06|10:53:59] -------in handle NewBlockProposalMsg, success!------- 
INFO [11-06|10:53:59] Handle BFT Msg,                          msg="msg #18 (557 bytes)"
INFO [11-06|10:53:59] ------Received MsigProposalMsg------ 
mpHR: H: 8 R: 0 hash: [149 226 255 226 152 127 164 147 173 143 67 100 46 141 104 255 108 136 19 250 182 108 189 108 109 53 128 231 156 149 116 213]
cmHR: H: 8 R: 0
INFO [11-06|10:53:59] --------------------------------------- 
INFO [11-06|10:53:59] in MsigFinished 
len(mp.Msig.MsigVs): 2 mp.MsigVs: [0 27]
INFO [11-06|10:53:59] ------addmsigproposal success!------- 
INFO [11-06|10:53:59] Handle BFT Msg,                          msg="msg #17 (107 bytes)"
INFO [11-06|10:53:59] ------Received VoteMsg------ 
voteHR: H: 8 R: 0 voteType:: 1 voteHash: [149 226 255 226 152 127 164 147 173 143 67 100 46 141 104 255 108 136 19 250 182 108 189 108 109 53 128 231 156 149 116 213]
cmHR: H: 8 R: 0
INFO [11-06|10:53:59] --------------------------------------- 
INFO [11-06|10:53:59] addVote to                               height=8 round=0 from=0x598443f1880ef585b21f1d7585bd0577402861e5 success=true cm.coinbase=0x7d577a597b2742b498cb5cf0c26cdcd726d39e6e
INFO [11-06|10:53:59] ------in handle VoteMsg, success!------ 
INFO [11-06|10:53:59] Commit new mining work                   number=8 txs=1603 uncles=0 elapsed=2.082s
INFO [11-06|10:53:59] Sealing                                  block n=8
StartConsensus, 1541472839459378000
INFO [11-06|10:53:59] Start Process 
INFO [11-06|10:53:59] in cm.Process, check lastCommittingLockset() 
INFO [11-06|10:53:59] In IsValid() 
len(lockset.Votes): 3 lockset.EligibleVotesNum: 4
INFO [11-06|10:53:59] in HasQuorum 
INFO [11-06|10:53:59] In IsValid() 
len(lockset.Votes): 3 lockset.EligibleVotesNum: 4
=====CM.COINBASE IS:===== [125 87 122 89 123 39 66 180 152 203 92 240 194 108 220 215 38 211 158 110] block number is: 8
INFO [11-06|10:53:59] case: default, cm.process 
ready: 4 need: 2.6666667
INFO [11-06|10:53:59] ---------------process------------------ 
INFO [11-06|10:53:59] In RM Process                            height=8 round=0
INFO [11-06|10:53:59] --------In rm.propose------- 
INFO [11-06|10:53:59] ---------------in rm.vote----------------- 
INFO [11-06|10:53:59] in vote in RM                            height=8 round=0
INFO [11-06|10:53:59] vote mp 
INFO [11-06|10:53:59] vote success in                          height=8 round=0
INFO [11-06|10:53:59] Send VoteMsg 
INFO [11-06|10:53:59] in rm.process, check lockset HasQuorum 
INFO [11-06|10:53:59] in HasQuorum 
INFO [11-06|10:53:59] In IsValid() 
len(lockset.Votes): 2 lockset.EligibleVotesNum: 4
INFO [11-06|10:53:59] rm lockset is not valid yet 
INFO [11-06|10:53:59] after cm.process() 
INFO [11-06|10:53:59] Handle BFT Msg,                          msg="msg #17 (107 bytes)"
INFO [11-06|10:53:59] ------Received VoteMsg------ 
voteHR: H: 8 R: 0 voteType:: 1 voteHash: [149 226 255 226 152 127 164 147 173 143 67 100 46 141 104 255 108 136 19 250 182 108 189 108 109 53 128 231 156 149 116 213]
cmHR: H: 8 R: 0
INFO [11-06|10:53:59] --------------------------------------- 
INFO [11-06|10:53:59] addVote to                               height=8 round=0 from=0x82a978b3f5962a5b0957d9ee9eef472ee55b42f1 success=true cm.coinbase=0x7d577a597b2742b498cb5cf0c26cdcd726d39e6e
INFO [11-06|10:53:59] ------in handle VoteMsg, success!------ 
INFO [11-06|10:53:59] case: default, cm.process 
ready: 4 need: 2.6666667
INFO [11-06|10:53:59] ---------------process------------------ 
INFO [11-06|10:53:59] In RM Process                            height=8 round=0
INFO [11-06|10:53:59] --------In rm.propose------- 
INFO [11-06|10:53:59] ---------------in rm.vote----------------- 
INFO [11-06|10:53:59] voted 
INFO [11-06|10:53:59] in rm.process, check lockset HasQuorum 
INFO [11-06|10:53:59] in HasQuorum 
INFO [11-06|10:53:59] In IsValid() 
len(lockset.Votes): 3 lockset.EligibleVotesNum: 4
INFO [11-06|10:53:59] There is a quorum                        height=8 round=0
--- in rm.process p.id: --- Peer d67104e65b61fca1 [eth/63]
INFO [11-06|10:53:59] ============in cm.commitLockset============ 
INFO [11-06|10:53:59] in commitLockset, check ls HasQuorum 
INFO [11-06|10:53:59] in HasQuorum 
INFO [11-06|10:53:59] In IsValid() 
len(lockset.Votes): 3 lockset.EligibleVotesNum: 4
INFO [11-06|10:53:59] cm.found is not nil 
INFO [11-06|10:53:59] store lockset 
peerid: d67104e65b61fca1
INFO [11-06|10:53:59] ---storeLockset--- 
INFO [11-06|10:53:59] after cm.process() 
cmH 8
INFO [11-06|10:53:59] in validatorCommit1 
pid: d67104e65b61fca1
block number 8
-------in NewBFTValidatorBlock-------
INFO [11-06|10:53:59] in validatorCommit2 
validatorCommit time: 90.035µs
INFO [11-06|10:53:59] **in eth.handler**, get result from ch 
INFO [11-06|10:53:59] ***in BFT.VVVVerifyHeader*** 
INFO [11-06|10:53:59] ***in BFT.verifyHeader*** 
INFO [11-06|10:53:59] ***in BFT.verifySeal*** 
INFO [11-06|10:53:59] In verifyVotes 
INFO [11-06|10:53:59] in HasQuorum 
INFO [11-06|10:53:59] In IsValid() 
len(lockset.Votes): 3 lockset.EligibleVotesNum: 4
INFO [11-06|10:53:59] ***in BFT.VerifyHeaderSSSS*** 
INFO [11-06|10:53:59] ***in BFT.verifyHeader*** 
INFO [11-06|10:53:59] ***in BFT.verifySeal*** 
INFO [11-06|10:53:59] In verifyVotes 
INFO [11-06|10:53:59] in HasQuorum 
INFO [11-06|10:53:59] In IsValid() 
len(lockset.Votes): 3 lockset.EligibleVotesNum: 4
INFO [11-06|10:53:59] received NewBlockMsg! 
INFO [11-06|10:53:59] have a consensus on the block 
INFO [11-06|10:53:59] result.Header().Coinbase != b.signer 
result.Header().Coinbase: [130 169 120 179 245 150 42 91 9 87 217 238 158 239 71 46 229 91 66 241] b.signer: [125 87 122 89 123 39 66 180 152 203 92 240 194 108 220 215 38 211 158 110]
ConsensusTime, 117477030 , txs, 1603 , blockNum, 8
FinishedConsensus, 1541472839576883000
INFO [11-06|10:53:59] result is nil 
INFO [11-06|10:53:59] === Finished Mine() === 
INFO [11-06|10:54:00] Handle BFT Msg,                          msg="msg #17 (107 bytes)"
INFO [11-06|10:54:00] ------Received VoteMsg------ 
voteHR: H: 8 R: 0 voteType:: 1 voteHash: [149 226 255 226 152 127 164 147 173 143 67 100 46 141 104 255 108 136 19 250 182 108 189 108 109 53 128 231 156 149 116 213]
cmHR: H: 8 R: 0
INFO [11-06|10:54:00] --------------------------------------- 
INFO [11-06|10:54:00] addVote to                               height=8 round=0 from=0xdceceaf3fc5c0a63d195d69b1a90011b7b19650d success=true cm.coinbase=0x7d577a597b2742b498cb5cf0c26cdcd726d39e6e
INFO [11-06|10:54:00] ------in handle VoteMsg, success!------ 
INFO [11-06|10:54:01] Imported new chain segment               blocks=1 txs=1603 mgas=33.663 elapsed=1.642s   mgasps=20.501 number=8 hash=95e2ff…9574d5
FinishedPostExec, 1541472841209696000 , txs, 1603
PostExecTime, 1.642055756s
INFO [11-06|10:54:01] in pool.evenLoop, call pool.resetState 
./node2.sh: line 16: 80802 Terminated: 15          ../build/bin/geth --networkid 2234 --port 30304 --rpcport 8546 --datadir "data/node2" --nodiscover --rpc --rpccorsdomain "*" --rpcapi "eth,net,web3,debug" --bft --allow-empty --num-validators 4 --node-num 1
