INFO [11-06|12:53:38] Starting peer-to-peer node               instance=Geth/v1.6.7-unstable-26bb12f0/darwin-amd64/go1.9.7
INFO [11-06|12:53:38] Allocated cache and file handles         database=/Users/sujianwei20/new_misgcode/go_ethereum_cosi/examples/data/node6/geth/chaindata cache=128 handles=1024
WARN [11-06|12:53:38] Upgrading chain database to use sequential keys 
INFO [11-06|12:53:38] Initialised chain configuration          config="{ChainID: 2235 Homestead: 1 DAO: <nil> DAOSupport: false EIP150: 2 EIP155: 3 EIP158: 3 Metropolis: <nil> Engine: ethash}"
INFO [11-06|12:53:38] config bft is                            bft=true
WARN [11-06|12:53:38] Upgrading db log bloom bins 
INFO [11-06|12:53:38] Bloom-bin upgrade completed              elapsed=189.535µs
INFO [11-06|12:53:38] Initialising Ethereum protocol           versions="[63 62]" network=2234
INFO [11-06|12:53:38] Loaded most recent local header          number=0 hash=6f3c1c…1bf138 td=1048576
INFO [11-06|12:53:38] Loaded most recent local full block      number=0 hash=6f3c1c…1bf138 td=1048576
INFO [11-06|12:53:38] Loaded most recent local fast block      number=0 hash=6f3c1c…1bf138 td=1048576
INFO [11-06|12:53:38] in NewTxPool, call resetState 
INFO [11-06|12:53:38] in NewTxPool, call pool.eventLoog() 
INFO [11-06|12:53:38] Allocated cache and file handles         database=/Users/sujianwei20/new_misgcode/go_ethereum_cosi/examples/data/node6/geth/bftData   cache=128 handles=1024
INFO [11-06|12:53:38] Database conversion successful 
INFO [11-06|12:53:38] addVote to                               height=0 round=0 from=0x77db2bebba79db42a978f896968f4afce746ea1f success=true cm.coinbase=0x77db2bebba79db42a978f896968f4afce746ea1f
ready: 1 need: 5.3333335
INFO [11-06|12:53:38] consensusManager not ready  
ready: 1 need: 5.3333335
INFO [11-06|12:53:38] Starting P2P networking 
INFO [11-06|12:53:38] RLPx listener up                         self="enode://142e89f6535bc36c05215eec0938234c06e91cb9b0e7977706b72775463b252b0fcd9a0e0372f047186b22b6d4def4b63c691f1c82a1563f9fef8e79df9f9e13@[::]:30308?discport=0"
INFO [11-06|12:53:38] ---In BFTvalidatorCommitBlock--- 
INFO [11-06|12:53:38] IPC endpoint opened: /Users/sujianwei20/new_misgcode/go_ethereum_cosi/examples/data/node6/geth.ipc 
INFO [11-06|12:53:38] HTTP endpoint opened: http://127.0.0.1:8550 
INFO [11-06|12:53:38] Handle BFT Msg,                          msg="msg #8 (78 bytes)"
INFO [11-06|12:53:38] ------Received ReadMsg------ 
AddReady from: [220 236 234 243 252 92 10 99 209 149 214 155 26 144 1 27 123 25 101 13]
INFO [11-06|12:53:38] send Ready msg 
INFO [11-06|12:53:38] send Ready msg 
INFO [11-06|12:53:38] send Ready msg 
INFO [11-06|12:53:38] send Ready msg 
INFO [11-06|12:53:38] send Ready msg 
INFO [11-06|12:53:38] Handle BFT Msg,                          msg="msg #8 (78 bytes)"
INFO [11-06|12:53:38] ------Received ReadMsg------ 
INFO [11-06|12:53:38] Handle BFT Msg,                          msg="msg #8 (78 bytes)"
INFO [11-06|12:53:38] ------Received ReadMsg------ 
AddReady from: [220 236 234 243 252 92 10 99 209 149 214 155 26 144 1 27 123 25 101 13]
AddReady from: [220 236 234 243 252 92 10 99 209 149 214 155 26 144 1 27 123 25 101 13]
INFO [11-06|12:53:38] Handle BFT Msg,                          msg="msg #8 (78 bytes)"
INFO [11-06|12:53:38] ------Received ReadMsg------ 
AddReady from: [220 236 234 243 252 92 10 99 209 149 214 155 26 144 1 27 123 25 101 13]
INFO [11-06|12:53:38] Handle BFT Msg,                          msg="msg #8 (78 bytes)"
INFO [11-06|12:53:38] ------Received ReadMsg------ 
AddReady from: [220 236 234 243 252 92 10 99 209 149 214 155 26 144 1 27 123 25 101 13]
INFO [11-06|12:53:38] Handle BFT Msg,                          msg="msg #8 (78 bytes)"
INFO [11-06|12:53:38] ------Received ReadMsg------ 
AddReady from: [220 236 234 243 252 92 10 99 209 149 214 155 26 144 1 27 123 25 101 13]
INFO [11-06|12:53:38] Handle BFT Msg,                          msg="msg #8 (78 bytes)"
INFO [11-06|12:53:38] ------Received ReadMsg------ 
AddReady from: [220 236 234 243 252 92 10 99 209 149 214 155 26 144 1 27 123 25 101 13]
INFO [11-06|12:53:38] Handle BFT Msg,                          msg="msg #8 (78 bytes)"
INFO [11-06|12:53:38] ------Received ReadMsg------ 
AddReady from: [36 20 56 115 224 224 129 95 220 188 255 219 224 156 151 156 191 154 208 19]
INFO [11-06|12:53:38] send Ready msg 
INFO [11-06|12:53:38] send Ready msg 
INFO [11-06|12:53:38] send Ready msg 
INFO [11-06|12:53:38] send Ready msg 
INFO [11-06|12:53:38] send Ready msg 
INFO [11-06|12:53:38] send Ready msg 
INFO [11-06|12:53:38] send Ready msg 
INFO [11-06|12:53:38] Handle BFT Msg,                          msg="msg #8 (78 bytes)"
INFO [11-06|12:53:38] ------Received ReadMsg------ 
AddReady from: [36 20 56 115 224 224 129 95 220 188 255 219 224 156 151 156 191 154 208 19]
INFO [11-06|12:53:38] Handle BFT Msg,                          msg="msg #8 (78 bytes)"
INFO [11-06|12:53:38] ------Received ReadMsg------ 
AddReady from: [36 20 56 115 224 224 129 95 220 188 255 219 224 156 151 156 191 154 208 19]
INFO [11-06|12:53:38] Handle BFT Msg,                          msg="msg #8 (78 bytes)"
INFO [11-06|12:53:38] ------Received ReadMsg------ 
AddReady from: [36 20 56 115 224 224 129 95 220 188 255 219 224 156 151 156 191 154 208 19]
INFO [11-06|12:53:38] Handle BFT Msg,                          msg="msg #8 (78 bytes)"
INFO [11-06|12:53:38] ------Received ReadMsg------ 
AddReady from: [36 20 56 115 224 224 129 95 220 188 255 219 224 156 151 156 191 154 208 19]
INFO [11-06|12:53:38] Handle BFT Msg,                          msg="msg #8 (78 bytes)"
INFO [11-06|12:53:38] ------Received ReadMsg------ 
AddReady from: [36 20 56 115 224 224 129 95 220 188 255 219 224 156 151 156 191 154 208 19]
INFO [11-06|12:53:38] Handle BFT Msg,                          msg="msg #8 (78 bytes)"
INFO [11-06|12:53:38] ------Received ReadMsg------ 
AddReady from: [36 20 56 115 224 224 129 95 220 188 255 219 224 156 151 156 191 154 208 19]
INFO [11-06|12:53:38] Handle BFT Msg,                          msg="msg #8 (78 bytes)"
INFO [11-06|12:53:38] ------Received ReadMsg------ 
AddReady from: [36 20 56 115 224 224 129 95 220 188 255 219 224 156 151 156 191 154 208 19]
INFO [11-06|12:53:38] Handle BFT Msg,                          msg="msg #8 (78 bytes)"
INFO [11-06|12:53:38] ------Received ReadMsg------ 
AddReady from: [36 20 56 115 224 224 129 95 220 188 255 219 224 156 151 156 191 154 208 19]
INFO [11-06|12:53:38] Handle BFT Msg,                          msg="msg #8 (78 bytes)"
INFO [11-06|12:53:38] ------Received ReadMsg------ 
AddReady from: [36 20 56 115 224 224 129 95 220 188 255 219 224 156 151 156 191 154 208 19]
INFO [11-06|12:53:38] Handle BFT Msg,                          msg="msg #8 (78 bytes)"
INFO [11-06|12:53:38] ------Received ReadMsg------ 
AddReady from: [36 20 56 115 224 224 129 95 220 188 255 219 224 156 151 156 191 154 208 19]
INFO [11-06|12:53:38] Handle BFT Msg,                          msg="msg #8 (78 bytes)"
INFO [11-06|12:53:38] ------Received ReadMsg------ 
AddReady from: [36 20 56 115 224 224 129 95 220 188 255 219 224 156 151 156 191 154 208 19]
ready: 3 need: 5.3333335
INFO [11-06|12:53:38] consensusManager not ready  
ready: 3 need: 5.3333335
INFO [11-06|12:53:38] send Ready msg 
INFO [11-06|12:53:38] send Ready msg 
INFO [11-06|12:53:38] send Ready msg 
INFO [11-06|12:53:38] send Ready msg 
INFO [11-06|12:53:38] send Ready msg 
INFO [11-06|12:53:38] send Ready msg 
INFO [11-06|12:53:38] send Ready msg 
INFO [11-06|12:53:38] Handle BFT Msg,                          msg="msg #8 (78 bytes)"
INFO [11-06|12:53:38] ------Received ReadMsg------ 
INFO [11-06|12:53:38] Handle BFT Msg,                          msg="msg #8 (78 bytes)"
INFO [11-06|12:53:38] ------Received ReadMsg------ 
AddReady from: [119 219 43 235 186 121 219 66 169 120 248 150 150 143 74 252 231 70 234 31]
INFO [11-06|12:53:38] Handle BFT Msg,                          msg="msg #8 (78 bytes)"
INFO [11-06|12:53:38] ------Received ReadMsg------ 
AddReady from: [119 219 43 235 186 121 219 66 169 120 248 150 150 143 74 252 231 70 234 31]
INFO [11-06|12:53:38] Handle BFT Msg,                          msg="msg #8 (78 bytes)"
INFO [11-06|12:53:38] ------Received ReadMsg------ 
INFO [11-06|12:53:38] Handle BFT Msg,                          msg="msg #8 (78 bytes)"
INFO [11-06|12:53:38] ------Received ReadMsg------ 
AddReady from: [119 219 43 235 186 121 219 66 169 120 248 150 150 143 74 252 231 70 234 31]
AddReady from: [119 219 43 235 186 121 219 66 169 120 248 150 150 143 74 252 231 70 234 31]
INFO [11-06|12:53:38] Handle BFT Msg,                          msg="msg #8 (78 bytes)"
INFO [11-06|12:53:38] ------Received ReadMsg------ 
AddReady from: [119 219 43 235 186 121 219 66 169 120 248 150 150 143 74 252 231 70 234 31]
AddReady from: [119 219 43 235 186 121 219 66 169 120 248 150 150 143 74 252 231 70 234 31]
INFO [11-06|12:53:38] Handle BFT Msg,                          msg="msg #8 (78 bytes)"
INFO [11-06|12:53:38] ------Received ReadMsg------ 
AddReady from: [119 219 43 235 186 121 219 66 169 120 248 150 150 143 74 252 231 70 234 31]
INFO [11-06|12:53:38] Handle BFT Msg,                          msg="msg #8 (78 bytes)"
INFO [11-06|12:53:38] ------Received ReadMsg------ 
AddReady from: [119 219 43 235 186 121 219 66 169 120 248 150 150 143 74 252 231 70 234 31]
INFO [11-06|12:53:38] Handle BFT Msg,                          msg="msg #8 (78 bytes)"
INFO [11-06|12:53:38] ------Received ReadMsg------ 
AddReady from: [119 219 43 235 186 121 219 66 169 120 248 150 150 143 74 252 231 70 234 31]
INFO [11-06|12:53:38] Handle BFT Msg,                          msg="msg #8 (78 bytes)"
INFO [11-06|12:53:38] ------Received ReadMsg------ 
AddReady from: [119 219 43 235 186 121 219 66 169 120 248 150 150 143 74 252 231 70 234 31]
INFO [11-06|12:53:38] Handle BFT Msg,                          msg="msg #8 (78 bytes)"
INFO [11-06|12:53:38] ------Received ReadMsg------ 
INFO [11-06|12:53:38] Handle BFT Msg,                          msg="msg #8 (78 bytes)"
INFO [11-06|12:53:38] ------Received ReadMsg------ 
AddReady from: [125 87 122 89 123 39 66 180 152 203 92 240 194 108 220 215 38 211 158 110]
INFO [11-06|12:53:38] send Ready msg 
INFO [11-06|12:53:38] send Ready msg 
INFO [11-06|12:53:38] send Ready msg 
INFO [11-06|12:53:38] send Ready msg 
INFO [11-06|12:53:38] send Ready msg 
INFO [11-06|12:53:38] send Ready msg 
INFO [11-06|12:53:38] send Ready msg 
INFO [11-06|12:53:38] Handle BFT Msg,                          msg="msg #8 (78 bytes)"
INFO [11-06|12:53:38] ------Received ReadMsg------ 
AddReady from: [125 87 122 89 123 39 66 180 152 203 92 240 194 108 220 215 38 211 158 110]
INFO [11-06|12:53:38] Handle BFT Msg,                          msg="msg #8 (78 bytes)"
INFO [11-06|12:53:38] ------Received ReadMsg------ 
AddReady from: [125 87 122 89 123 39 66 180 152 203 92 240 194 108 220 215 38 211 158 110]
INFO [11-06|12:53:38] Handle BFT Msg,                          msg="msg #8 (78 bytes)"
INFO [11-06|12:53:38] ------Received ReadMsg------ 
AddReady from: [125 87 122 89 123 39 66 180 152 203 92 240 194 108 220 215 38 211 158 110]
INFO [11-06|12:53:38] Handle BFT Msg,                          msg="msg #8 (78 bytes)"
INFO [11-06|12:53:38] ------Received ReadMsg------ 
AddReady from: [125 87 122 89 123 39 66 180 152 203 92 240 194 108 220 215 38 211 158 110]
INFO [11-06|12:53:38] Handle BFT Msg,                          msg="msg #8 (78 bytes)"
INFO [11-06|12:53:38] ------Received ReadMsg------ 
AddReady from: [19 203 184 217 156 108 78 15 39 40 199 215 38 6 231 138 41 196 226 36]
INFO [11-06|12:53:38] send Ready msg 
INFO [11-06|12:53:38] send Ready msg 
INFO [11-06|12:53:38] send Ready msg 
INFO [11-06|12:53:38] send Ready msg 
INFO [11-06|12:53:38] send Ready msg 
INFO [11-06|12:53:38] send Ready msg 
INFO [11-06|12:53:38] send Ready msg 
INFO [11-06|12:53:38] Handle BFT Msg,                          msg="msg #8 (78 bytes)"
INFO [11-06|12:53:38] ------Received ReadMsg------ 
AddReady from: [19 203 184 217 156 108 78 15 39 40 199 215 38 6 231 138 41 196 226 36]
INFO [11-06|12:53:38] Handle BFT Msg,                          msg="msg #8 (78 bytes)"
INFO [11-06|12:53:38] ------Received ReadMsg------ 
AddReady from: [19 203 184 217 156 108 78 15 39 40 199 215 38 6 231 138 41 196 226 36]
INFO [11-06|12:53:38] Handle BFT Msg,                          msg="msg #8 (78 bytes)"
INFO [11-06|12:53:38] ------Received ReadMsg------ 
AddReady from: [19 203 184 217 156 108 78 15 39 40 199 215 38 6 231 138 41 196 226 36]
INFO [11-06|12:53:38] Handle BFT Msg,                          msg="msg #8 (78 bytes)"
INFO [11-06|12:53:38] ------Received ReadMsg------ 
AddReady from: [19 203 184 217 156 108 78 15 39 40 199 215 38 6 231 138 41 196 226 36]
INFO [11-06|12:53:38] Handle BFT Msg,                          msg="msg #8 (78 bytes)"
INFO [11-06|12:53:38] ------Received ReadMsg------ 
AddReady from: [19 203 184 217 156 108 78 15 39 40 199 215 38 6 231 138 41 196 226 36]
INFO [11-06|12:53:38] Handle BFT Msg,                          msg="msg #8 (78 bytes)"
INFO [11-06|12:53:38] ------Received ReadMsg------ 
AddReady from: [19 203 184 217 156 108 78 15 39 40 199 215 38 6 231 138 41 196 226 36]
INFO [11-06|12:53:38] Handle BFT Msg,                          msg="msg #8 (78 bytes)"
INFO [11-06|12:53:38] ------Received ReadMsg------ 
AddReady from: [125 87 122 89 123 39 66 180 152 203 92 240 194 108 220 215 38 211 158 110]
INFO [11-06|12:53:38] Handle BFT Msg,                          msg="msg #8 (78 bytes)"
INFO [11-06|12:53:38] ------Received ReadMsg------ 
AddReady from: [125 87 122 89 123 39 66 180 152 203 92 240 194 108 220 215 38 211 158 110]
INFO [11-06|12:53:38] Handle BFT Msg,                          msg="msg #8 (78 bytes)"
INFO [11-06|12:53:38] ------Received ReadMsg------ 
AddReady from: [125 87 122 89 123 39 66 180 152 203 92 240 194 108 220 215 38 211 158 110]
AddReady from: [19 203 184 217 156 108 78 15 39 40 199 215 38 6 231 138 41 196 226 36]
INFO [11-06|12:53:38] Handle BFT Msg,                          msg="msg #8 (78 bytes)"
INFO [11-06|12:53:38] ------Received ReadMsg------ 
AddReady from: [19 203 184 217 156 108 78 15 39 40 199 215 38 6 231 138 41 196 226 36]
INFO [11-06|12:53:38] Handle BFT Msg,                          msg="msg #8 (78 bytes)"
INFO [11-06|12:53:38] ------Received ReadMsg------ 
INFO [11-06|12:53:38] Handle BFT Msg,                          msg="msg #8 (78 bytes)"
INFO [11-06|12:53:38] ------Received ReadMsg------ 
AddReady from: [125 87 122 89 123 39 66 180 152 203 92 240 194 108 220 215 38 211 158 110]
INFO [11-06|12:53:38] Handle BFT Msg,                          msg="msg #8 (78 bytes)"
INFO [11-06|12:53:38] ------Received ReadMsg------ 
AddReady from: [125 87 122 89 123 39 66 180 152 203 92 240 194 108 220 215 38 211 158 110]
INFO [11-06|12:53:38] Handle BFT Msg,                          msg="msg #8 (78 bytes)"
INFO [11-06|12:53:38] ------Received ReadMsg------ 
AddReady from: [19 203 184 217 156 108 78 15 39 40 199 215 38 6 231 138 41 196 226 36]
AddReady from: [19 203 184 217 156 108 78 15 39 40 199 215 38 6 231 138 41 196 226 36]
INFO [11-06|12:53:38] Handle BFT Msg,                          msg="msg #8 (78 bytes)"
INFO [11-06|12:53:38] ------Received ReadMsg------ 
AddReady from: [19 203 184 217 156 108 78 15 39 40 199 215 38 6 231 138 41 196 226 36]
INFO [11-06|12:53:38] Handle BFT Msg,                          msg="msg #8 (78 bytes)"
INFO [11-06|12:53:38] ------Received ReadMsg------ 
AddReady from: [19 203 184 217 156 108 78 15 39 40 199 215 38 6 231 138 41 196 226 36]
INFO [11-06|12:53:38] Handle BFT Msg,                          msg="msg #8 (78 bytes)"
INFO [11-06|12:53:38] ------Received ReadMsg------ 
AddReady from: [19 203 184 217 156 108 78 15 39 40 199 215 38 6 231 138 41 196 226 36]
INFO [11-06|12:53:38] Handle BFT Msg,                          msg="msg #8 (78 bytes)"
INFO [11-06|12:53:38] ------Received ReadMsg------ 
AddReady from: [130 169 120 179 245 150 42 91 9 87 217 238 158 239 71 46 229 91 66 241]
INFO [11-06|12:53:38] send Ready msg 
INFO [11-06|12:53:38] send Ready msg 
INFO [11-06|12:53:38] send Ready msg 
INFO [11-06|12:53:38] send Ready msg 
INFO [11-06|12:53:38] send Ready msg 
INFO [11-06|12:53:38] send Ready msg 
INFO [11-06|12:53:38] send Ready msg 
INFO [11-06|12:53:38] Handle BFT Msg,                          msg="msg #8 (78 bytes)"
INFO [11-06|12:53:38] ------Received ReadMsg------ 
AddReady from: [130 169 120 179 245 150 42 91 9 87 217 238 158 239 71 46 229 91 66 241]
INFO [11-06|12:53:38] Handle BFT Msg,                          msg="msg #8 (78 bytes)"
INFO [11-06|12:53:38] ------Received ReadMsg------ 
AddReady from: [130 169 120 179 245 150 42 91 9 87 217 238 158 239 71 46 229 91 66 241]
INFO [11-06|12:53:38] Handle BFT Msg,                          msg="msg #8 (78 bytes)"
INFO [11-06|12:53:38] ------Received ReadMsg------ 
AddReady from: [130 169 120 179 245 150 42 91 9 87 217 238 158 239 71 46 229 91 66 241]
INFO [11-06|12:53:38] Handle BFT Msg,                          msg="msg #8 (78 bytes)"
INFO [11-06|12:53:38] ------Received ReadMsg------ 
AddReady from: [130 169 120 179 245 150 42 91 9 87 217 238 158 239 71 46 229 91 66 241]
INFO [11-06|12:53:38] Handle BFT Msg,                          msg="msg #8 (78 bytes)"
INFO [11-06|12:53:38] ------Received ReadMsg------ 
AddReady from: [130 169 120 179 245 150 42 91 9 87 217 238 158 239 71 46 229 91 66 241]
INFO [11-06|12:53:38] Handle BFT Msg,                          msg="msg #8 (78 bytes)"
INFO [11-06|12:53:38] ------Received ReadMsg------ 
AddReady from: [130 169 120 179 245 150 42 91 9 87 217 238 158 239 71 46 229 91 66 241]
INFO [11-06|12:53:38] Handle BFT Msg,                          msg="msg #8 (78 bytes)"
INFO [11-06|12:53:38] ------Received ReadMsg------ 
AddReady from: [130 169 120 179 245 150 42 91 9 87 217 238 158 239 71 46 229 91 66 241]
INFO [11-06|12:53:38] Handle BFT Msg,                          msg="msg #8 (78 bytes)"
INFO [11-06|12:53:38] ------Received ReadMsg------ 
AddReady from: [130 169 120 179 245 150 42 91 9 87 217 238 158 239 71 46 229 91 66 241]
INFO [11-06|12:53:38] Handle BFT Msg,                          msg="msg #8 (78 bytes)"
INFO [11-06|12:53:38] ------Received ReadMsg------ 
AddReady from: [130 169 120 179 245 150 42 91 9 87 217 238 158 239 71 46 229 91 66 241]
INFO [11-06|12:53:38] Handle BFT Msg,                          msg="msg #8 (78 bytes)"
INFO [11-06|12:53:38] ------Received ReadMsg------ 
AddReady from: [130 169 120 179 245 150 42 91 9 87 217 238 158 239 71 46 229 91 66 241]
INFO [11-06|12:53:38] Handle BFT Msg,                          msg="msg #8 (78 bytes)"
INFO [11-06|12:53:38] ------Received ReadMsg------ 
AddReady from: [130 169 120 179 245 150 42 91 9 87 217 238 158 239 71 46 229 91 66 241]
INFO [11-06|12:53:39] Handle BFT Msg,                          msg="msg #8 (78 bytes)"
INFO [11-06|12:53:39] ------Received ReadMsg------ 
INFO [11-06|12:53:39] Handle BFT Msg,                          msg="msg #8 (78 bytes)"
INFO [11-06|12:53:39] ------Received ReadMsg------ 
INFO [11-06|12:53:39] Handle BFT Msg,                          msg="msg #8 (78 bytes)"
INFO [11-06|12:53:39] Handle BFT Msg,                          msg="msg #8 (78 bytes)"
INFO [11-06|12:53:39] ------Received ReadMsg------ 
INFO [11-06|12:53:39] Handle BFT Msg,                          msg="msg #8 (78 bytes)"
INFO [11-06|12:53:39] ------Received ReadMsg------ 
AddReady from: [220 236 234 243 252 92 10 99 209 149 214 155 26 144 1 27 123 25 101 13]
INFO [11-06|12:53:39] send Ready msg 
INFO [11-06|12:53:39] send Ready msg 
INFO [11-06|12:53:39] send Ready msg 
INFO [11-06|12:53:39] send Ready msg 
INFO [11-06|12:53:39] send Ready msg 
INFO [11-06|12:53:39] send Ready msg 
INFO [11-06|12:53:39] send Ready msg 
AddReady from: [220 236 234 243 252 92 10 99 209 149 214 155 26 144 1 27 123 25 101 13]
INFO [11-06|12:53:39] Handle BFT Msg,                          msg="msg #8 (78 bytes)"
INFO [11-06|12:53:39] ------Received ReadMsg------ 
AddReady from: [220 236 234 243 252 92 10 99 209 149 214 155 26 144 1 27 123 25 101 13]
INFO [11-06|12:53:39] Handle BFT Msg,                          msg="msg #8 (78 bytes)"
INFO [11-06|12:53:39] ------Received ReadMsg------ 
AddReady from: [220 236 234 243 252 92 10 99 209 149 214 155 26 144 1 27 123 25 101 13]
INFO [11-06|12:53:39] ------Received ReadMsg------ 
AddReady from: [220 236 234 243 252 92 10 99 209 149 214 155 26 144 1 27 123 25 101 13]
INFO [11-06|12:53:39] Handle BFT Msg,                          msg="msg #8 (78 bytes)"
INFO [11-06|12:53:39] ------Received ReadMsg------ 
AddReady from: [16 161 193 203 149 201 46 195 29 63 34 198 110 239 29 159 63 37 140 107]
INFO [11-06|12:53:39] send Ready msg 
INFO [11-06|12:53:39] send Ready msg 
INFO [11-06|12:53:39] send Ready msg 
INFO [11-06|12:53:39] send Ready msg 
INFO [11-06|12:53:39] send Ready msg 
INFO [11-06|12:53:39] send Ready msg 
INFO [11-06|12:53:39] send Ready msg 
INFO [11-06|12:53:39] Handle BFT Msg,                          msg="msg #8 (78 bytes)"
INFO [11-06|12:53:39] ------Received ReadMsg------ 
INFO [11-06|12:53:39] Handle BFT Msg,                          msg="msg #8 (78 bytes)"
INFO [11-06|12:53:39] ------Received ReadMsg------ 
AddReady from: [16 161 193 203 149 201 46 195 29 63 34 198 110 239 29 159 63 37 140 107]
AddReady from: [16 161 193 203 149 201 46 195 29 63 34 198 110 239 29 159 63 37 140 107]
AddReady from: [220 236 234 243 252 92 10 99 209 149 214 155 26 144 1 27 123 25 101 13]
INFO [11-06|12:53:39] Handle BFT Msg,                          msg="msg #8 (78 bytes)"
INFO [11-06|12:53:39] ------Received ReadMsg------ 
AddReady from: [89 132 67 241 136 14 245 133 178 31 29 117 133 189 5 119 64 40 97 229]
INFO [11-06|12:53:39] send Ready msg 
INFO [11-06|12:53:39] send Ready msg 
INFO [11-06|12:53:39] send Ready msg 
INFO [11-06|12:53:39] send Ready msg 
INFO [11-06|12:53:39] send Ready msg 
INFO [11-06|12:53:39] send Ready msg 
INFO [11-06|12:53:39] send Ready msg 
INFO [11-06|12:53:39] Handle BFT Msg,                          msg="msg #8 (78 bytes)"
INFO [11-06|12:53:39] ------Received ReadMsg------ 
AddReady from: [89 132 67 241 136 14 245 133 178 31 29 117 133 189 5 119 64 40 97 229]
INFO [11-06|12:53:39] Handle BFT Msg,                          msg="msg #8 (78 bytes)"
INFO [11-06|12:53:39] ------Received ReadMsg------ 
AddReady from: [89 132 67 241 136 14 245 133 178 31 29 117 133 189 5 119 64 40 97 229]
INFO [11-06|12:53:39] Handle BFT Msg,                          msg="msg #8 (78 bytes)"
INFO [11-06|12:53:39] ------Received ReadMsg------ 
AddReady from: [220 236 234 243 252 92 10 99 209 149 214 155 26 144 1 27 123 25 101 13]
INFO [11-06|12:53:39] Handle BFT Msg,                          msg="msg #8 (78 bytes)"
INFO [11-06|12:53:39] ------Received ReadMsg------ 
INFO [11-06|12:53:39] Handle BFT Msg,                          msg="msg #8 (78 bytes)"
INFO [11-06|12:53:39] ------Received ReadMsg------ 
INFO [11-06|12:53:39] Handle BFT Msg,                          msg="msg #8 (78 bytes)"
INFO [11-06|12:53:39] ------Received ReadMsg------ 
AddReady from: [16 161 193 203 149 201 46 195 29 63 34 198 110 239 29 159 63 37 140 107]
INFO [11-06|12:53:39] Handle BFT Msg,                          msg="msg #8 (78 bytes)"
INFO [11-06|12:53:39] ------Received ReadMsg------ 
AddReady from: [16 161 193 203 149 201 46 195 29 63 34 198 110 239 29 159 63 37 140 107]
INFO [11-06|12:53:39] Handle BFT Msg,                          msg="msg #8 (78 bytes)"
INFO [11-06|12:53:39] ------Received ReadMsg------ 
AddReady from: [89 132 67 241 136 14 245 133 178 31 29 117 133 189 5 119 64 40 97 229]
AddReady from: [89 132 67 241 136 14 245 133 178 31 29 117 133 189 5 119 64 40 97 229]
INFO [11-06|12:53:39] Handle BFT Msg,                          msg="msg #8 (78 bytes)"
INFO [11-06|12:53:39] ------Received ReadMsg------ 
AddReady from: [16 161 193 203 149 201 46 195 29 63 34 198 110 239 29 159 63 37 140 107]
INFO [11-06|12:53:39] Handle BFT Msg,                          msg="msg #8 (78 bytes)"
INFO [11-06|12:53:39] ------Received ReadMsg------ 
AddReady from: [16 161 193 203 149 201 46 195 29 63 34 198 110 239 29 159 63 37 140 107]
AddReady from: [220 236 234 243 252 92 10 99 209 149 214 155 26 144 1 27 123 25 101 13]
INFO [11-06|12:53:39] Handle BFT Msg,                          msg="msg #8 (78 bytes)"
INFO [11-06|12:53:39] ------Received ReadMsg------ 
AddReady from: [16 161 193 203 149 201 46 195 29 63 34 198 110 239 29 159 63 37 140 107]
INFO [11-06|12:53:39] Handle BFT Msg,                          msg="msg #8 (78 bytes)"
INFO [11-06|12:53:39] ------Received ReadMsg------ 
AddReady from: [16 161 193 203 149 201 46 195 29 63 34 198 110 239 29 159 63 37 140 107]
INFO [11-06|12:53:39] Handle BFT Msg,                          msg="msg #8 (78 bytes)"
INFO [11-06|12:53:39] ------Received ReadMsg------ 
AddReady from: [220 236 234 243 252 92 10 99 209 149 214 155 26 144 1 27 123 25 101 13]
INFO [11-06|12:53:39] Handle BFT Msg,                          msg="msg #8 (78 bytes)"
INFO [11-06|12:53:39] ------Received ReadMsg------ 
AddReady from: [89 132 67 241 136 14 245 133 178 31 29 117 133 189 5 119 64 40 97 229]
AddReady from: [220 236 234 243 252 92 10 99 209 149 214 155 26 144 1 27 123 25 101 13]
INFO [11-06|12:53:39] Handle BFT Msg,                          msg="msg #8 (78 bytes)"
INFO [11-06|12:53:39] ------Received ReadMsg------ 
AddReady from: [220 236 234 243 252 92 10 99 209 149 214 155 26 144 1 27 123 25 101 13]
INFO [11-06|12:53:39] Handle BFT Msg,                          msg="msg #8 (78 bytes)"
INFO [11-06|12:53:39] ------Received ReadMsg------ 
AddReady from: [89 132 67 241 136 14 245 133 178 31 29 117 133 189 5 119 64 40 97 229]
INFO [11-06|12:53:39] Handle BFT Msg,                          msg="msg #8 (78 bytes)"
INFO [11-06|12:53:39] ------Received ReadMsg------ 
AddReady from: [89 132 67 241 136 14 245 133 178 31 29 117 133 189 5 119 64 40 97 229]
INFO [11-06|12:53:39] Handle BFT Msg,                          msg="msg #8 (78 bytes)"
INFO [11-06|12:53:39] ------Received ReadMsg------ 
AddReady from: [220 236 234 243 252 92 10 99 209 149 214 155 26 144 1 27 123 25 101 13]
INFO [11-06|12:53:39] Handle BFT Msg,                          msg="msg #8 (78 bytes)"
INFO [11-06|12:53:39] ------Received ReadMsg------ 
AddReady from: [36 20 56 115 224 224 129 95 220 188 255 219 224 156 151 156 191 154 208 19]
INFO [11-06|12:53:39] send Ready msg 
INFO [11-06|12:53:39] send Ready msg 
INFO [11-06|12:53:39] send Ready msg 
INFO [11-06|12:53:39] send Ready msg 
INFO [11-06|12:53:39] send Ready msg 
INFO [11-06|12:53:39] send Ready msg 
INFO [11-06|12:53:39] send Ready msg 
INFO [11-06|12:53:39] Handle BFT Msg,                          msg="msg #8 (78 bytes)"
INFO [11-06|12:53:39] ------Received ReadMsg------ 
AddReady from: [36 20 56 115 224 224 129 95 220 188 255 219 224 156 151 156 191 154 208 19]
INFO [11-06|12:53:39] Handle BFT Msg,                          msg="msg #8 (78 bytes)"
INFO [11-06|12:53:39] ------Received ReadMsg------ 
AddReady from: [36 20 56 115 224 224 129 95 220 188 255 219 224 156 151 156 191 154 208 19]
INFO [11-06|12:53:39] Handle BFT Msg,                          msg="msg #8 (78 bytes)"
INFO [11-06|12:53:39] ------Received ReadMsg------ 
INFO [11-06|12:53:39] Handle BFT Msg,                          msg="msg #8 (78 bytes)"
INFO [11-06|12:53:39] ------Received ReadMsg------ 
AddReady from: [36 20 56 115 224 224 129 95 220 188 255 219 224 156 151 156 191 154 208 19]
INFO [11-06|12:53:39] Handle BFT Msg,                          msg="msg #8 (78 bytes)"
INFO [11-06|12:53:39] ------Received ReadMsg------ 
AddReady from: [36 20 56 115 224 224 129 95 220 188 255 219 224 156 151 156 191 154 208 19]
INFO [11-06|12:53:39] Handle BFT Msg,                          msg="msg #8 (78 bytes)"
INFO [11-06|12:53:39] ------Received ReadMsg------ 
AddReady from: [36 20 56 115 224 224 129 95 220 188 255 219 224 156 151 156 191 154 208 19]
AddReady from: [36 20 56 115 224 224 129 95 220 188 255 219 224 156 151 156 191 154 208 19]
INFO [11-06|12:53:39] Handle BFT Msg,                          msg="msg #8 (78 bytes)"
INFO [11-06|12:53:39] ------Received ReadMsg------ 
AddReady from: [36 20 56 115 224 224 129 95 220 188 255 219 224 156 151 156 191 154 208 19]
INFO [11-06|12:53:39] Handle BFT Msg,                          msg="msg #8 (78 bytes)"
INFO [11-06|12:53:39] ------Received ReadMsg------ 
AddReady from: [36 20 56 115 224 224 129 95 220 188 255 219 224 156 151 156 191 154 208 19]
INFO [11-06|12:53:39] Handle BFT Msg,                          msg="msg #8 (78 bytes)"
INFO [11-06|12:53:39] ------Received ReadMsg------ 
AddReady from: [36 20 56 115 224 224 129 95 220 188 255 219 224 156 151 156 191 154 208 19]
ready: 8 need: 5.3333335
ready: 8 need: 5.3333335
INFO [11-06|12:53:39] send Ready msg 
INFO [11-06|12:53:39] send Ready msg 
INFO [11-06|12:53:39] send Ready msg 
INFO [11-06|12:53:39] Handle BFT Msg,                          msg="msg #8 (78 bytes)"
INFO [11-06|12:53:39] ------Received ReadMsg------ 
INFO [11-06|12:53:39] Handle BFT Msg,                          msg="msg #8 (78 bytes)"
INFO [11-06|12:53:39] ------Received ReadMsg------ 
INFO [11-06|12:53:39] Handle BFT Msg,                          msg="msg #8 (78 bytes)"
INFO [11-06|12:53:39] ------Received ReadMsg------ 
AddReady from: [119 219 43 235 186 121 219 66 169 120 248 150 150 143 74 252 231 70 234 31]
INFO [11-06|12:53:39] send Ready msg 
AddReady from: [119 219 43 235 186 121 219 66 169 120 248 150 150 143 74 252 231 70 234 31]
INFO [11-06|12:53:39] send Ready msg 
INFO [11-06|12:53:39] send Ready msg 
INFO [11-06|12:53:39] send Ready msg 
INFO [11-06|12:53:39] send Ready msg 
INFO [11-06|12:53:39] Handle BFT Msg,                          msg="msg #8 (78 bytes)"
INFO [11-06|12:53:39] ------Received ReadMsg------ 
INFO [11-06|12:53:39] send Ready msg 
INFO [11-06|12:53:39] send Ready msg 
INFO [11-06|12:53:39] Handle BFT Msg,                          msg="msg #8 (78 bytes)"
INFO [11-06|12:53:39] ------Received ReadMsg------ 
AddReady from: [119 219 43 235 186 121 219 66 169 120 248 150 150 143 74 252 231 70 234 31]
AddReady from: [119 219 43 235 186 121 219 66 169 120 248 150 150 143 74 252 231 70 234 31]
INFO [11-06|12:53:39] Handle BFT Msg,                          msg="msg #8 (78 bytes)"
INFO [11-06|12:53:39] ------Received ReadMsg------ 
AddReady from: [119 219 43 235 186 121 219 66 169 120 248 150 150 143 74 252 231 70 234 31]
AddReady from: [119 219 43 235 186 121 219 66 169 120 248 150 150 143 74 252 231 70 234 31]
INFO [11-06|12:53:39] send Ready msg 
INFO [11-06|12:53:39] send Ready msg 
INFO [11-06|12:53:39] send Ready msg 
INFO [11-06|12:53:39] send Ready msg 
INFO [11-06|12:53:39] -----------------consensusManager Ready------------------------- 
INFO [11-06|12:53:39] Handle BFT Msg,                          msg="msg #8 (78 bytes)"
INFO [11-06|12:53:39] ------Received ReadMsg------ 
AddReady from: [119 219 43 235 186 121 219 66 169 120 248 150 150 143 74 252 231 70 234 31]
INFO [11-06|12:53:39] Handle BFT Msg,                          msg="msg #8 (78 bytes)"
INFO [11-06|12:53:39] ------Received ReadMsg------ 
AddReady from: [119 219 43 235 186 121 219 66 169 120 248 150 150 143 74 252 231 70 234 31]
INFO [11-06|12:53:39] Handle BFT Msg,                          msg="msg #8 (78 bytes)"
INFO [11-06|12:53:39] ------Received ReadMsg------ 
AddReady from: [119 219 43 235 186 121 219 66 169 120 248 150 150 143 74 252 231 70 234 31]
INFO [11-06|12:53:39] Handle BFT Msg,                          msg="msg #8 (78 bytes)"
INFO [11-06|12:53:39] ------Received ReadMsg------ 
AddReady from: [125 87 122 89 123 39 66 180 152 203 92 240 194 108 220 215 38 211 158 110]
INFO [11-06|12:53:39] send Ready msg 
INFO [11-06|12:53:39] send Ready msg 
INFO [11-06|12:53:39] send Ready msg 
INFO [11-06|12:53:39] send Ready msg 
INFO [11-06|12:53:39] send Ready msg 
INFO [11-06|12:53:39] send Ready msg 
INFO [11-06|12:53:39] send Ready msg 
INFO [11-06|12:53:39] Handle BFT Msg,                          msg="msg #8 (78 bytes)"
INFO [11-06|12:53:39] ------Received ReadMsg------ 
INFO [11-06|12:53:39] Handle BFT Msg,                          msg="msg #8 (78 bytes)"
INFO [11-06|12:53:39] ------Received ReadMsg------ 
INFO [11-06|12:53:39] Handle BFT Msg,                          msg="msg #8 (78 bytes)"
INFO [11-06|12:53:39] ------Received ReadMsg------ 
AddReady from: [125 87 122 89 123 39 66 180 152 203 92 240 194 108 220 215 38 211 158 110]
AddReady from: [125 87 122 89 123 39 66 180 152 203 92 240 194 108 220 215 38 211 158 110]
INFO [11-06|12:53:39] Handle BFT Msg,                          msg="msg #8 (78 bytes)"
INFO [11-06|12:53:39] ------Received ReadMsg------ 
INFO [11-06|12:53:39] Handle BFT Msg,                          msg="msg #8 (78 bytes)"
INFO [11-06|12:53:39] ------Received ReadMsg------ 
AddReady from: [125 87 122 89 123 39 66 180 152 203 92 240 194 108 220 215 38 211 158 110]
INFO [11-06|12:53:39] Handle BFT Msg,                          msg="msg #8 (78 bytes)"
INFO [11-06|12:53:39] ------Received ReadMsg------ 
AddReady from: [125 87 122 89 123 39 66 180 152 203 92 240 194 108 220 215 38 211 158 110]
AddReady from: [125 87 122 89 123 39 66 180 152 203 92 240 194 108 220 215 38 211 158 110]
AddReady from: [125 87 122 89 123 39 66 180 152 203 92 240 194 108 220 215 38 211 158 110]
INFO [11-06|12:53:39] Handle BFT Msg,                          msg="msg #8 (78 bytes)"
INFO [11-06|12:53:39] ------Received ReadMsg------ 
AddReady from: [125 87 122 89 123 39 66 180 152 203 92 240 194 108 220 215 38 211 158 110]
INFO [11-06|12:53:39] Handle BFT Msg,                          msg="msg #8 (78 bytes)"
INFO [11-06|12:53:39] ------Received ReadMsg------ 
INFO [11-06|12:53:39] Handle BFT Msg,                          msg="msg #8 (78 bytes)"
INFO [11-06|12:53:39] ------Received ReadMsg------ 
AddReady from: [19 203 184 217 156 108 78 15 39 40 199 215 38 6 231 138 41 196 226 36]
INFO [11-06|12:53:39] send Ready msg 
INFO [11-06|12:53:39] Handle BFT Msg,                          msg="msg #8 (78 bytes)"
INFO [11-06|12:53:39] ------Received ReadMsg------ 
INFO [11-06|12:53:39] send Ready msg 
AddReady from: [19 203 184 217 156 108 78 15 39 40 199 215 38 6 231 138 41 196 226 36]
INFO [11-06|12:53:39] send Ready msg 
INFO [11-06|12:53:39] send Ready msg 
INFO [11-06|12:53:39] send Ready msg 
AddReady from: [19 203 184 217 156 108 78 15 39 40 199 215 38 6 231 138 41 196 226 36]
INFO [11-06|12:53:39] send Ready msg 
INFO [11-06|12:53:39] send Ready msg 
INFO [11-06|12:53:39] send Ready msg 
INFO [11-06|12:53:39] send Ready msg 
INFO [11-06|12:53:39] Handle BFT Msg,                          msg="msg #8 (78 bytes)"
INFO [11-06|12:53:39] ------Received ReadMsg------ 
INFO [11-06|12:53:39] Handle BFT Msg,                          msg="msg #8 (78 bytes)"
INFO [11-06|12:53:39] ------Received ReadMsg------ 
AddReady from: [19 203 184 217 156 108 78 15 39 40 199 215 38 6 231 138 41 196 226 36]
INFO [11-06|12:53:39] Handle BFT Msg,                          msg="msg #8 (78 bytes)"
INFO [11-06|12:53:39] ------Received ReadMsg------ 
AddReady from: [19 203 184 217 156 108 78 15 39 40 199 215 38 6 231 138 41 196 226 36]
AddReady from: [19 203 184 217 156 108 78 15 39 40 199 215 38 6 231 138 41 196 226 36]
INFO [11-06|12:53:39] Handle BFT Msg,                          msg="msg #8 (78 bytes)"
INFO [11-06|12:53:39] ------Received ReadMsg------ 
AddReady from: [19 203 184 217 156 108 78 15 39 40 199 215 38 6 231 138 41 196 226 36]
INFO [11-06|12:53:39] send Ready msg 
INFO [11-06|12:53:39] send Ready msg 
INFO [11-06|12:53:39] send Ready msg 
INFO [11-06|12:53:39] send Ready msg 
INFO [11-06|12:53:39] send Ready msg 
INFO [11-06|12:55:50] Transaction pool price threshold updated price=18000000000
INFO [11-06|12:55:50] Starting mining operation 
INFO [11-06|12:55:56] Handle BFT Msg,                          msg="msg #11 (172922 bytes)"
INFO [11-06|12:55:56] -------Received NewBlockProposalMsg------- 
bpHR: H: 1 R: 0
cmHR: H: 1 R: 0
INFO [11-06|12:55:56] --------------------------------------- 
# collMsig from = Peer 6d11b37ef4fc909a [eth/63]
cmHR: H: 1 R: 0
this is rm.proposerPeer  Peer 6d11b37ef4fc909a [eth/63]
INFO [11-06|12:55:56] In IsValid() 
len(lockset.Votes): 0 lockset.EligibleVotesNum: 0
INFO [11-06|12:55:56] cm add BlockProposal                     h=1 r=0
INFO [11-06|12:55:56] in HasQuorum 
INFO [11-06|12:55:56] In IsValid() 
len(lockset.Votes): 1 lockset.EligibleVotesNum: 0
INFO [11-06|12:55:56] In addBlockCandidates!! 
INFO [11-06|12:55:56] -------in handle NewBlockProposalMsg, success!------- 
INFO [11-06|12:55:56] Handle BFT Msg,                          msg="msg #17 (107 bytes)"
INFO [11-06|12:55:56] ------Received VoteMsg------ 
voteHR: H: 1 R: 0 voteType:: 1 voteHash: [92 120 43 246 7 59 90 201 15 236 15 121 43 129 19 61 246 197 191 1 119 244 96 213 163 114 42 66 228 31 114 250]
cmHR: H: 1 R: 0
INFO [11-06|12:55:56] --------------------------------------- 
INFO [11-06|12:55:56] addVote to                               height=1 round=0 from=0x82a978b3f5962a5b0957d9ee9eef472ee55b42f1 success=true cm.coinbase=0x77db2bebba79db42a978f896968f4afce746ea1f
INFO [11-06|12:55:56] ------in handle VoteMsg, success!------ 
INFO [11-06|12:55:56] Handle BFT Msg,                          msg="msg #18 (345 bytes)"
INFO [11-06|12:55:56] ------Received MsigProposalMsg------ 
mpHR: H: 1 R: 0 hash: [92 120 43 246 7 59 90 201 15 236 15 121 43 129 19 61 246 197 191 1 119 244 96 213 163 114 42 66 228 31 114 250]
cmHR: H: 1 R: 0
INFO [11-06|12:55:56] --------------------------------------- 
INFO [11-06|12:55:56] ------addmsigproposal success!------- 
INFO [11-06|12:55:57] Handle BFT Msg,                          msg="msg #17 (107 bytes)"
INFO [11-06|12:55:57] ------Received VoteMsg------ 
voteHR: H: 1 R: 0 voteType:: 1 voteHash: [92 120 43 246 7 59 90 201 15 236 15 121 43 129 19 61 246 197 191 1 119 244 96 213 163 114 42 66 228 31 114 250]
cmHR: H: 1 R: 0
INFO [11-06|12:55:57] --------------------------------------- 
INFO [11-06|12:55:57] addVote to                               height=1 round=0 from=0xdceceaf3fc5c0a63d195d69b1a90011b7b19650d success=true cm.coinbase=0x77db2bebba79db42a978f896968f4afce746ea1f
INFO [11-06|12:55:57] ------in handle VoteMsg, success!------ 
INFO [11-06|12:55:57] Handle BFT Msg,                          msg="msg #17 (107 bytes)"
INFO [11-06|12:55:57] ------Received VoteMsg------ 
voteHR: H: 1 R: 0 voteType:: 1 voteHash: [92 120 43 246 7 59 90 201 15 236 15 121 43 129 19 61 246 197 191 1 119 244 96 213 163 114 42 66 228 31 114 250]
cmHR: H: 1 R: 0
INFO [11-06|12:55:57] --------------------------------------- 
INFO [11-06|12:55:57] addVote to                               height=1 round=0 from=0x7d577a597b2742b498cb5cf0c26cdcd726d39e6e success=true cm.coinbase=0x77db2bebba79db42a978f896968f4afce746ea1f
INFO [11-06|12:55:57] ------in handle VoteMsg, success!------ 
INFO [11-06|12:55:57] Handle BFT Msg,                          msg="msg #17 (107 bytes)"
INFO [11-06|12:55:57] ------Received VoteMsg------ 
voteHR: H: 1 R: 0 voteType:: 1 voteHash: [92 120 43 246 7 59 90 201 15 236 15 121 43 129 19 61 246 197 191 1 119 244 96 213 163 114 42 66 228 31 114 250]
cmHR: H: 1 R: 0
INFO [11-06|12:55:57] --------------------------------------- 
INFO [11-06|12:55:57] addVote to                               height=1 round=0 from=0x598443f1880ef585b21f1d7585bd0577402861e5 success=true cm.coinbase=0x77db2bebba79db42a978f896968f4afce746ea1f
INFO [11-06|12:55:57] ------in handle VoteMsg, success!------ 
INFO [11-06|12:55:57] Handle BFT Msg,                          msg="msg #17 (107 bytes)"
INFO [11-06|12:55:57] ------Received VoteMsg------ 
voteHR: H: 1 R: 0 voteType:: 1 voteHash: [92 120 43 246 7 59 90 201 15 236 15 121 43 129 19 61 246 197 191 1 119 244 96 213 163 114 42 66 228 31 114 250]
cmHR: H: 1 R: 0
INFO [11-06|12:55:57] --------------------------------------- 
INFO [11-06|12:55:57] addVote to                               height=1 round=0 from=0x13cbb8d99c6c4e0f2728c7d72606e78a29c4e224 success=true cm.coinbase=0x77db2bebba79db42a978f896968f4afce746ea1f
INFO [11-06|12:55:57] ------in handle VoteMsg, success!------ 
INFO [11-06|12:55:58] Commit new mining work                   number=1 txs=1598 uncles=0 elapsed=7.424s
INFO [11-06|12:55:58] Sealing                                  block n=1
StartConsensus, 1541480158045166000
INFO [11-06|12:55:58] Start Process 
INFO [11-06|12:55:58] in cm.Process, check lastCommittingLockset() 
INFO [11-06|12:55:58] In IsValid() 
len(lockset.Votes): 2 lockset.EligibleVotesNum: 0
INFO [11-06|12:55:58] in HasQuorum 
INFO [11-06|12:55:58] In IsValid() 
len(lockset.Votes): 2 lockset.EligibleVotesNum: 0
=====CM.COINBASE IS:===== [119 219 43 235 186 121 219 66 169 120 248 150 150 143 74 252 231 70 234 31] block number is: 1
INFO [11-06|12:55:58] case: default, cm.process 
ready: 8 need: 5.3333335
INFO [11-06|12:55:58] ---------------process------------------ 
INFO [11-06|12:55:58] In RM Process                            height=1 round=0
INFO [11-06|12:55:58] --------In rm.propose------- 
INFO [11-06|12:55:58] ---------------in rm.vote----------------- 
INFO [11-06|12:55:58] in vote in RM                            height=1 round=0
INFO [11-06|12:55:58] vote mp 
INFO [11-06|12:55:58] vote success in                          height=1 round=0
INFO [11-06|12:55:58] Send VoteMsg 
INFO [11-06|12:55:58] in rm.process, check lockset HasQuorum 
INFO [11-06|12:55:58] in HasQuorum 
INFO [11-06|12:55:58] In IsValid() 
len(lockset.Votes): 6 lockset.EligibleVotesNum: 8
INFO [11-06|12:55:58] There is a quorum                        height=1 round=0
--- in rm.process p.id: --- Peer 6d11b37ef4fc909a [eth/63]
INFO [11-06|12:55:58] ============in cm.commitLockset============ 
INFO [11-06|12:55:58] in commitLockset, check ls HasQuorum 
INFO [11-06|12:55:58] in HasQuorum 
INFO [11-06|12:55:58] In IsValid() 
len(lockset.Votes): 6 lockset.EligibleVotesNum: 8
INFO [11-06|12:55:58] cm.found is not nil 
INFO [11-06|12:55:58] store lockset 
peerid: 6d11b37ef4fc909a
INFO [11-06|12:55:58] ---storeLockset--- 
INFO [11-06|12:55:58] after cm.process() 
cmH 1
INFO [11-06|12:55:58] in validatorCommit1 
pid: 6d11b37ef4fc909a
block number 1
-------in NewBFTValidatorBlock-------
INFO [11-06|12:55:58] in validatorCommit2 
validatorCommit time: 85.532µs
INFO [11-06|12:55:58] have a consensus on the block 
INFO [11-06|12:55:58] result.Header().Coinbase != b.signer 
INFO [11-06|12:55:58] **in eth.handler**, get result from ch 
result.Header().Coinbase: [125 87 122 89 123 39 66 180 152 203 92 240 194 108 220 215 38 211 158 110] b.signer: [119 219 43 235 186 121 219 66 169 120 248 150 150 143 74 252 231 70 234 31]
ConsensusTime, 4751877 , txs, 1598 , blockNum, 1
FinishedConsensus, 1541480158049950000
INFO [11-06|12:55:58] result is nil 
INFO [11-06|12:55:58] === Finished Mine() === 
INFO [11-06|12:55:58] ***in BFT.VVVVerifyHeader*** 
INFO [11-06|12:55:58] ***in BFT.verifyHeader*** 
INFO [11-06|12:55:58] ***in BFT.verifySeal*** 
INFO [11-06|12:55:58] In verifyVotes 
INFO [11-06|12:55:58] in HasQuorum 
INFO [11-06|12:55:58] In IsValid() 
len(lockset.Votes): 6 lockset.EligibleVotesNum: 8
INFO [11-06|12:55:58] ***in BFT.VerifyHeaderSSSS*** 
INFO [11-06|12:55:58] ***in BFT.verifyHeader*** 
INFO [11-06|12:55:58] ***in BFT.verifySeal*** 
INFO [11-06|12:55:58] In verifyVotes 
INFO [11-06|12:55:58] in HasQuorum 
INFO [11-06|12:55:58] In IsValid() 
len(lockset.Votes): 6 lockset.EligibleVotesNum: 8
INFO [11-06|12:55:58] Handle BFT Msg,                          msg="msg #9 (3 bytes)"
INFO [11-06|12:55:58] -------GetLocksetsMsg------- 
GetLockSetsMsg request:  [{1}] from:  94dd98401cf6ca04
INFO [11-06|12:55:58] Request future block 
INFO [11-06|12:55:58] received NewBlockMsg! 
INFO [11-06|12:55:59] Handle BFT Msg,                          msg="msg #17 (107 bytes)"
INFO [11-06|12:55:59] ------Received VoteMsg------ 
voteHR: H: 1 R: 0 voteType:: 1 voteHash: [92 120 43 246 7 59 90 201 15 236 15 121 43 129 19 61 246 197 191 1 119 244 96 213 163 114 42 66 228 31 114 250]
cmHR: H: 1 R: 0
INFO [11-06|12:55:59] --------------------------------------- 
INFO [11-06|12:55:59] addVote to                               height=1 round=0 from=0x24143873e0e0815fdcbcffdbe09c979cbf9ad013 success=true cm.coinbase=0x77db2bebba79db42a978f896968f4afce746ea1f
INFO [11-06|12:55:59] ------in handle VoteMsg, success!------ 
INFO [11-06|12:55:59] received NewBlockMsg! 
INFO [11-06|12:56:03] Imported new chain segment               blocks=1 txs=1598 mgas=33.558 elapsed=5.413s    mgasps=6.199 number=1 hash=5c782b…1f72fa
FinishedPostExec, 1541480163466302000 , txs, 1598
PostExecTime, 5.413752547s
INFO [11-06|12:56:03] in pool.evenLoop, call pool.resetState 
INFO [11-06|12:56:08] Commit new mining work                   number=2 txs=1599 uncles=0 elapsed=5.427s
INFO [11-06|12:56:08] Sealing                                  block n=2
StartConsensus, 1541480168894591000
INFO [11-06|12:56:08] Start Process 
INFO [11-06|12:56:08] in cm.Process, check lastCommittingLockset() 
INFO [11-06|12:56:08] In IsValid() 
len(lockset.Votes): 7 lockset.EligibleVotesNum: 8
INFO [11-06|12:56:08] in HasQuorum 
INFO [11-06|12:56:08] In IsValid() 
len(lockset.Votes): 7 lockset.EligibleVotesNum: 8
=====CM.COINBASE IS:===== [119 219 43 235 186 121 219 66 169 120 248 150 150 143 74 252 231 70 234 31] block number is: 2
INFO [11-06|12:56:08] case: default, cm.process 
ready: 8 need: 5.3333335
INFO [11-06|12:56:08] ---------------process------------------ 
INFO [11-06|12:56:08] In RM Process                            height=2 round=0
INFO [11-06|12:56:08] --------In rm.propose------- 
INFO [11-06|12:56:08] ---------------in rm.vote----------------- 
INFO [11-06|12:56:08] in vote in RM                            height=2 round=0
INFO [11-06|12:56:08] Timeout time not reach, curr vs timeout: curr=1541480168.000 timeout=1541480173.000
INFO [11-06|12:56:08] in rm.process, check lockset HasQuorum 
INFO [11-06|12:56:08] in HasQuorum 
INFO [11-06|12:56:08] In IsValid() 
len(lockset.Votes): 0 lockset.EligibleVotesNum: 8
INFO [11-06|12:56:08] rm lockset is not valid yet 
INFO [11-06|12:56:08] after cm.process() 
INFO [11-06|12:56:08] case: default, cm.process 
ready: 8 need: 5.3333335
INFO [11-06|12:56:08] ---------------process------------------ 
INFO [11-06|12:56:08] In RM Process                            height=2 round=0
INFO [11-06|12:56:08] --------In rm.propose------- 
INFO [11-06|12:56:08] ---------------in rm.vote----------------- 
INFO [11-06|12:56:08] in vote in RM                            height=2 round=0
INFO [11-06|12:56:08] Timeout time not reach, curr vs timeout: curr=1541480168.000 timeout=1541480173.000
INFO [11-06|12:56:08] in rm.process, check lockset HasQuorum 
INFO [11-06|12:56:08] in HasQuorum 
INFO [11-06|12:56:08] In IsValid() 
len(lockset.Votes): 0 lockset.EligibleVotesNum: 8
INFO [11-06|12:56:08] rm lockset is not valid yet 
INFO [11-06|12:56:08] after cm.process() 
INFO [11-06|12:56:09] Handle BFT Msg,                          msg="msg #11 (173649 bytes)"
INFO [11-06|12:56:09] -------Received NewBlockProposalMsg------- 
INFO [11-06|12:56:09] Handle BFT Msg,                          msg="msg #17 (107 bytes)"
INFO [11-06|12:56:09] ------Received VoteMsg------ 
voteHR: H: 2 R: 0 voteType:: 2 voteHash: [0 0 0 0 0 0 0 0 0 0 0 0 0 0 0 0 0 0 0 0 0 0 0 0 0 0 0 0 0 0 0 0]
cmHR: H: 2 R: 0
INFO [11-06|12:56:09] --------------------------------------- 
INFO [11-06|12:56:09] addVote to                               height=2 round=0 from=0x7d577a597b2742b498cb5cf0c26cdcd726d39e6e success=true cm.coinbase=0x77db2bebba79db42a978f896968f4afce746ea1f
INFO [11-06|12:56:09] ------in handle VoteMsg, success!------ 
bpHR: H: 2 R: 0
cmHR: H: 2 R: 0
INFO [11-06|12:56:09] --------------------------------------- 
# collMsig from = Peer 94dd98401cf6ca04 [eth/63]
cmHR: H: 2 R: 0
this is rm.proposerPeer  Peer 94dd98401cf6ca04 [eth/63]
INFO [11-06|12:56:09] In IsValid() 
len(lockset.Votes): 0 lockset.EligibleVotesNum: 0
INFO [11-06|12:56:09] cm add BlockProposal                     h=2 r=0
INFO [11-06|12:56:09] in HasQuorum 
INFO [11-06|12:56:09] In IsValid() 
len(lockset.Votes): 7 lockset.EligibleVotesNum: 8
INFO [11-06|12:56:09] In addBlockCandidates!! 
INFO [11-06|12:56:09] -------in handle NewBlockProposalMsg, success!------- 
INFO [11-06|12:56:09] case: default, cm.process 
ready: 8 need: 5.3333335
INFO [11-06|12:56:09] ---------------process------------------ 
INFO [11-06|12:56:09] In RM Process                            height=2 round=0
INFO [11-06|12:56:09] --------In rm.propose------- 
INFO [11-06|12:56:09] ---------------in rm.vote----------------- 
INFO [11-06|12:56:09] in vote in RM                            height=2 round=0
INFO [11-06|12:56:09] Timeout time not reach, curr vs timeout: curr=1541480169.000 timeout=1541480173.000
INFO [11-06|12:56:09] in rm.process, check lockset HasQuorum 
INFO [11-06|12:56:09] in HasQuorum 
INFO [11-06|12:56:09] In IsValid() 
len(lockset.Votes): 1 lockset.EligibleVotesNum: 8
INFO [11-06|12:56:09] rm lockset is not valid yet 
INFO [11-06|12:56:09] after cm.process() 
INFO [11-06|12:56:09] case: default, cm.process 
ready: 8 need: 5.3333335
INFO [11-06|12:56:09] ---------------process------------------ 
INFO [11-06|12:56:09] In RM Process                            height=2 round=0
INFO [11-06|12:56:09] --------In rm.propose------- 
INFO [11-06|12:56:09] ---------------in rm.vote----------------- 
INFO [11-06|12:56:09] in vote in RM                            height=2 round=0
INFO [11-06|12:56:09] Timeout time not reach, curr vs timeout: curr=1541480169.000 timeout=1541480173.000
INFO [11-06|12:56:09] in rm.process, check lockset HasQuorum 
INFO [11-06|12:56:09] in HasQuorum 
INFO [11-06|12:56:09] In IsValid() 
len(lockset.Votes): 1 lockset.EligibleVotesNum: 8
INFO [11-06|12:56:09] rm lockset is not valid yet 
INFO [11-06|12:56:09] after cm.process() 
INFO [11-06|12:56:09] Handle BFT Msg,                          msg="msg #18 (977 bytes)"
INFO [11-06|12:56:09] ------Received MsigProposalMsg------ 
mpHR: H: 2 R: 0 hash: [174 180 44 232 131 53 106 212 125 204 108 123 207 188 68 45 220 152 198 231 118 96 135 29 210 45 20 234 149 119 56 44]
cmHR: H: 2 R: 0
INFO [11-06|12:56:09] --------------------------------------- 
INFO [11-06|12:56:09] ------addmsigproposal success!------- 
INFO [11-06|12:56:09] Handle BFT Msg,                          msg="msg #18 (977 bytes)"
INFO [11-06|12:56:09] ------Received MsigProposalMsg------ 
mpHR: H: 2 R: 0 hash: [174 180 44 232 131 53 106 212 125 204 108 123 207 188 68 45 220 152 198 231 118 96 135 29 210 45 20 234 149 119 56 44]
cmHR: H: 2 R: 0
INFO [11-06|12:56:09] --------------------------------------- 
INFO [11-06|12:56:09] ------addmsigproposal success!------- 
INFO [11-06|12:56:09] Handle BFT Msg,                          msg="msg #18 (977 bytes)"
INFO [11-06|12:56:09] ------Received MsigProposalMsg------ 
mpHR: H: 2 R: 0 hash: [174 180 44 232 131 53 106 212 125 204 108 123 207 188 68 45 220 152 198 231 118 96 135 29 210 45 20 234 149 119 56 44]
cmHR: H: 2 R: 0
INFO [11-06|12:56:09] --------------------------------------- 
INFO [11-06|12:56:09] ------addmsigproposal success!------- 
INFO [11-06|12:56:09] Handle BFT Msg,                          msg="msg #17 (107 bytes)"
INFO [11-06|12:56:09] ------Received VoteMsg------ 
voteHR: H: 2 R: 0 voteType:: 1 voteHash: [174 180 44 232 131 53 106 212 125 204 108 123 207 188 68 45 220 152 198 231 118 96 135 29 210 45 20 234 149 119 56 44]
cmHR: H: 2 R: 0
INFO [11-06|12:56:09] --------------------------------------- 
INFO [11-06|12:56:09] addVote to                               height=2 round=0 from=0x598443f1880ef585b21f1d7585bd0577402861e5 success=true cm.coinbase=0x77db2bebba79db42a978f896968f4afce746ea1f
INFO [11-06|12:56:09] ------in handle VoteMsg, success!------ 
INFO [11-06|12:56:09] Handle BFT Msg,                          msg="msg #17 (107 bytes)"
INFO [11-06|12:56:09] ------Received VoteMsg------ 
voteHR: H: 2 R: 0 voteType:: 1 voteHash: [174 180 44 232 131 53 106 212 125 204 108 123 207 188 68 45 220 152 198 231 118 96 135 29 210 45 20 234 149 119 56 44]
cmHR: H: 2 R: 0
INFO [11-06|12:56:09] --------------------------------------- 
INFO [11-06|12:56:09] addVote to                               height=2 round=0 from=0x82a978b3f5962a5b0957d9ee9eef472ee55b42f1 success=true cm.coinbase=0x77db2bebba79db42a978f896968f4afce746ea1f
INFO [11-06|12:56:09] ------in handle VoteMsg, success!------ 
INFO [11-06|12:56:09] case: default, cm.process 
ready: 8 need: 5.3333335
INFO [11-06|12:56:09] ---------------process------------------ 
INFO [11-06|12:56:09] In RM Process                            height=2 round=0
INFO [11-06|12:56:09] --------In rm.propose------- 
INFO [11-06|12:56:09] ---------------in rm.vote----------------- 
INFO [11-06|12:56:09] in vote in RM                            height=2 round=0
INFO [11-06|12:56:09] vote mp 
INFO [11-06|12:56:09] vote success in                          height=2 round=0
INFO [11-06|12:56:09] Send VoteMsg 
INFO [11-06|12:56:09] in rm.process, check lockset HasQuorum 
INFO [11-06|12:56:09] in HasQuorum 
INFO [11-06|12:56:09] In IsValid() 
len(lockset.Votes): 4 lockset.EligibleVotesNum: 8
INFO [11-06|12:56:09] rm lockset is not valid yet 
INFO [11-06|12:56:09] after cm.process() 
INFO [11-06|12:56:09] Handle BFT Msg,                          msg="msg #17 (107 bytes)"
INFO [11-06|12:56:09] ------Received VoteMsg------ 
voteHR: H: 2 R: 0 voteType:: 1 voteHash: [174 180 44 232 131 53 106 212 125 204 108 123 207 188 68 45 220 152 198 231 118 96 135 29 210 45 20 234 149 119 56 44]
cmHR: H: 2 R: 0
INFO [11-06|12:56:09] --------------------------------------- 
INFO [11-06|12:56:09] addVote to                               height=2 round=0 from=0x13cbb8d99c6c4e0f2728c7d72606e78a29c4e224 success=true cm.coinbase=0x77db2bebba79db42a978f896968f4afce746ea1f
INFO [11-06|12:56:09] ------in handle VoteMsg, success!------ 
INFO [11-06|12:56:09] Handle BFT Msg,                          msg="msg #17 (107 bytes)"
INFO [11-06|12:56:09] ------Received VoteMsg------ 
voteHR: H: 2 R: 0 voteType:: 1 voteHash: [174 180 44 232 131 53 106 212 125 204 108 123 207 188 68 45 220 152 198 231 118 96 135 29 210 45 20 234 149 119 56 44]
cmHR: H: 2 R: 0
INFO [11-06|12:56:09] --------------------------------------- 
INFO [11-06|12:56:09] addVote to                               height=2 round=0 from=0xdceceaf3fc5c0a63d195d69b1a90011b7b19650d success=true cm.coinbase=0x77db2bebba79db42a978f896968f4afce746ea1f
INFO [11-06|12:56:09] ------in handle VoteMsg, success!------ 
INFO [11-06|12:56:09] case: default, cm.process 
ready: 8 need: 5.3333335
INFO [11-06|12:56:09] ---------------process------------------ 
INFO [11-06|12:56:09] In RM Process                            height=2 round=0
INFO [11-06|12:56:09] --------In rm.propose------- 
INFO [11-06|12:56:09] ---------------in rm.vote----------------- 
INFO [11-06|12:56:09] voted 
INFO [11-06|12:56:09] in rm.process, check lockset HasQuorum 
INFO [11-06|12:56:09] in HasQuorum 
INFO [11-06|12:56:09] In IsValid() 
len(lockset.Votes): 6 lockset.EligibleVotesNum: 8
INFO [11-06|12:56:09] rm lockset is not valid yet 
INFO [11-06|12:56:09] after cm.process() 
INFO [11-06|12:56:09] case: default, cm.process 
ready: 8 need: 5.3333335
INFO [11-06|12:56:09] ---------------process------------------ 
INFO [11-06|12:56:09] In RM Process                            height=2 round=0
INFO [11-06|12:56:09] --------In rm.propose------- 
INFO [11-06|12:56:09] ---------------in rm.vote----------------- 
INFO [11-06|12:56:09] voted 
INFO [11-06|12:56:09] in rm.process, check lockset HasQuorum 
INFO [11-06|12:56:09] in HasQuorum 
INFO [11-06|12:56:09] In IsValid() 
len(lockset.Votes): 6 lockset.EligibleVotesNum: 8
INFO [11-06|12:56:09] rm lockset is not valid yet 
INFO [11-06|12:56:09] after cm.process() 
INFO [11-06|12:56:09] case: default, cm.process 
ready: 8 need: 5.3333335
INFO [11-06|12:56:09] ---------------process------------------ 
INFO [11-06|12:56:09] In RM Process                            height=2 round=0
INFO [11-06|12:56:09] --------In rm.propose------- 
INFO [11-06|12:56:09] ---------------in rm.vote----------------- 
INFO [11-06|12:56:09] voted 
INFO [11-06|12:56:09] in rm.process, check lockset HasQuorum 
INFO [11-06|12:56:09] in HasQuorum 
INFO [11-06|12:56:09] In IsValid() 
len(lockset.Votes): 6 lockset.EligibleVotesNum: 8
INFO [11-06|12:56:09] rm lockset is not valid yet 
INFO [11-06|12:56:09] after cm.process() 
INFO [11-06|12:56:09] case: default, cm.process 
ready: 8 need: 5.3333335
INFO [11-06|12:56:09] ---------------process------------------ 
INFO [11-06|12:56:09] In RM Process                            height=2 round=0
INFO [11-06|12:56:09] --------In rm.propose------- 
INFO [11-06|12:56:09] ---------------in rm.vote----------------- 
INFO [11-06|12:56:09] voted 
INFO [11-06|12:56:09] in rm.process, check lockset HasQuorum 
INFO [11-06|12:56:09] in HasQuorum 
INFO [11-06|12:56:09] In IsValid() 
len(lockset.Votes): 6 lockset.EligibleVotesNum: 8
INFO [11-06|12:56:09] rm lockset is not valid yet 
INFO [11-06|12:56:09] after cm.process() 
INFO [11-06|12:56:09] case: default, cm.process 
ready: 8 need: 5.3333335
INFO [11-06|12:56:09] ---------------process------------------ 
INFO [11-06|12:56:09] In RM Process                            height=2 round=0
INFO [11-06|12:56:09] --------In rm.propose------- 
INFO [11-06|12:56:09] ---------------in rm.vote----------------- 
INFO [11-06|12:56:09] voted 
INFO [11-06|12:56:09] in rm.process, check lockset HasQuorum 
INFO [11-06|12:56:09] in HasQuorum 
INFO [11-06|12:56:09] In IsValid() 
len(lockset.Votes): 6 lockset.EligibleVotesNum: 8
INFO [11-06|12:56:09] rm lockset is not valid yet 
INFO [11-06|12:56:09] after cm.process() 
INFO [11-06|12:56:09] case: default, cm.process 
ready: 8 need: 5.3333335
INFO [11-06|12:56:09] ---------------process------------------ 
INFO [11-06|12:56:09] In RM Process                            height=2 round=0
INFO [11-06|12:56:09] --------In rm.propose------- 
INFO [11-06|12:56:09] ---------------in rm.vote----------------- 
INFO [11-06|12:56:09] voted 
INFO [11-06|12:56:09] in rm.process, check lockset HasQuorum 
INFO [11-06|12:56:09] in HasQuorum 
INFO [11-06|12:56:09] In IsValid() 
len(lockset.Votes): 6 lockset.EligibleVotesNum: 8
INFO [11-06|12:56:09] rm lockset is not valid yet 
INFO [11-06|12:56:09] after cm.process() 
INFO [11-06|12:56:10] case: default, cm.process 
ready: 8 need: 5.3333335
INFO [11-06|12:56:10] ---------------process------------------ 
INFO [11-06|12:56:10] In RM Process                            height=2 round=0
INFO [11-06|12:56:10] --------In rm.propose------- 
INFO [11-06|12:56:10] ---------------in rm.vote----------------- 
INFO [11-06|12:56:10] voted 
INFO [11-06|12:56:10] in rm.process, check lockset HasQuorum 
INFO [11-06|12:56:10] in HasQuorum 
INFO [11-06|12:56:10] In IsValid() 
len(lockset.Votes): 6 lockset.EligibleVotesNum: 8
INFO [11-06|12:56:10] rm lockset is not valid yet 
INFO [11-06|12:56:10] after cm.process() 
INFO [11-06|12:56:10] case: default, cm.process 
ready: 8 need: 5.3333335
INFO [11-06|12:56:10] ---------------process------------------ 
INFO [11-06|12:56:10] In RM Process                            height=2 round=0
INFO [11-06|12:56:10] --------In rm.propose------- 
INFO [11-06|12:56:10] ---------------in rm.vote----------------- 
INFO [11-06|12:56:10] voted 
INFO [11-06|12:56:10] in rm.process, check lockset HasQuorum 
INFO [11-06|12:56:10] in HasQuorum 
INFO [11-06|12:56:10] In IsValid() 
len(lockset.Votes): 6 lockset.EligibleVotesNum: 8
INFO [11-06|12:56:10] rm lockset is not valid yet 
INFO [11-06|12:56:10] after cm.process() 
INFO [11-06|12:56:10] case: default, cm.process 
ready: 8 need: 5.3333335
INFO [11-06|12:56:10] ---------------process------------------ 
INFO [11-06|12:56:10] In RM Process                            height=2 round=0
INFO [11-06|12:56:10] --------In rm.propose------- 
INFO [11-06|12:56:10] ---------------in rm.vote----------------- 
INFO [11-06|12:56:10] voted 
INFO [11-06|12:56:10] in rm.process, check lockset HasQuorum 
INFO [11-06|12:56:10] in HasQuorum 
INFO [11-06|12:56:10] In IsValid() 
len(lockset.Votes): 6 lockset.EligibleVotesNum: 8
INFO [11-06|12:56:10] rm lockset is not valid yet 
INFO [11-06|12:56:10] after cm.process() 
INFO [11-06|12:56:10] Handle BFT Msg,                          msg="msg #17 (107 bytes)"
INFO [11-06|12:56:10] ------Received VoteMsg------ 
voteHR: H: 2 R: 0 voteType:: 1 voteHash: [174 180 44 232 131 53 106 212 125 204 108 123 207 188 68 45 220 152 198 231 118 96 135 29 210 45 20 234 149 119 56 44]
cmHR: H: 2 R: 0
INFO [11-06|12:56:10] --------------------------------------- 
INFO [11-06|12:56:10] addVote to                               height=2 round=0 from=0x24143873e0e0815fdcbcffdbe09c979cbf9ad013 success=true cm.coinbase=0x77db2bebba79db42a978f896968f4afce746ea1f
INFO [11-06|12:56:10] ------in handle VoteMsg, success!------ 
INFO [11-06|12:56:10] received NewBlockMsg! 
INFO [11-06|12:56:10] Handle BFT Msg,                          msg="msg #9 (3 bytes)"
INFO [11-06|12:56:10] -------GetLocksetsMsg------- 
GetLockSetsMsg request:  [{2}] from:  afcb05e7b74b3124
INFO [11-06|12:56:10] Request future block 
INFO [11-06|12:56:10] ***in BFT.VVVVerifyHeader*** 
INFO [11-06|12:56:10] ***in BFT.verifyHeader*** 
INFO [11-06|12:56:10] ***in BFT.verifySeal*** 
INFO [11-06|12:56:10] In verifyVotes 
INFO [11-06|12:56:10] ***in sync.request()*** 
INFO [11-06|12:56:10] case: default, cm.process 
ready: 8 need: 5.3333335
INFO [11-06|12:56:10] ---------------process------------------ 
INFO [11-06|12:56:10] In RM Process                            height=2 round=0
INFO [11-06|12:56:10] --------In rm.propose------- 
INFO [11-06|12:56:10] ---------------in rm.vote----------------- 
INFO [11-06|12:56:10] voted 
INFO [11-06|12:56:10] in rm.process, check lockset HasQuorum 
INFO [11-06|12:56:10] in HasQuorum 
INFO [11-06|12:56:10] In IsValid() 
len(lockset.Votes): 7 lockset.EligibleVotesNum: 8
INFO [11-06|12:56:10] There is a quorum                        height=2 round=0
--- in rm.process p.id: --- Peer 94dd98401cf6ca04 [eth/63]
INFO [11-06|12:56:10] ============in cm.commitLockset============ 
INFO [11-06|12:56:10] in commitLockset, check ls HasQuorum 
INFO [11-06|12:56:10] in HasQuorum 
INFO [11-06|12:56:10] In IsValid() 
len(lockset.Votes): 7 lockset.EligibleVotesNum: 8
INFO [11-06|12:56:10] cm.found is not nil 
INFO [11-06|12:56:10] store lockset 
peerid: 94dd98401cf6ca04
INFO [11-06|12:56:10] ---storeLockset--- 
INFO [11-06|12:56:10] have a consensus on the block 
cmH 2
INFO [11-06|12:56:10] result.Header().Coinbase != b.signer 
INFO [11-06|12:56:10] in validatorCommit1 
result.Header().Coinbase: [220 236 234 243 252 92 10 99 209 149 214 155 26 144 1 27 123 25 101 13] b.signer: [119 219 43 235 186 121 219 66 169 120 248 150 150 143 74 252 231 70 234 31]
ConsensusTime, 1437848324 , txs, 1599 , blockNum, 2
FinishedConsensus, 1541480170332498000
INFO [11-06|12:56:10] result is nil 
INFO [11-06|12:56:10] === Finished Mine() === 
INFO [11-06|12:56:10] after cm.process() 
pid: 94dd98401cf6ca04
block number 2
-------in NewBFTValidatorBlock-------
INFO [11-06|12:56:10] in validatorCommit2 
validatorCommit time: 220.471µs
INFO [11-06|12:56:10] **in eth.handler**, get result from ch 
INFO [11-06|12:56:10] received NewBlockMsg! 
INFO [11-06|12:56:10] In verifyVotes 
INFO [11-06|12:56:10] in HasQuorum 
INFO [11-06|12:56:10] In IsValid() 
len(lockset.Votes): 7 lockset.EligibleVotesNum: 8
INFO [11-06|12:56:10] ***in BFT.VerifyHeaderSSSS*** 
INFO [11-06|12:56:10] ***in BFT.verifyHeader*** 
INFO [11-06|12:56:10] ***in BFT.verifySeal*** 
INFO [11-06|12:56:10] In verifyVotes 
INFO [11-06|12:56:10] in HasQuorum 
INFO [11-06|12:56:10] In IsValid() 
len(lockset.Votes): 7 lockset.EligibleVotesNum: 8
INFO [11-06|12:56:10] Handle BFT Msg,                          msg="msg #9 (3 bytes)"
INFO [11-06|12:56:10] -------GetLocksetsMsg------- 
GetLockSetsMsg request:  [{2}] from:  afcb05e7b74b3124
INFO [11-06|12:56:10] Request future block 
INFO [11-06|12:56:10] Handle BFT Msg,                          msg="msg #9 (3 bytes)"
INFO [11-06|12:56:10] -------GetLocksetsMsg------- 
GetLockSetsMsg request:  [{2}] from:  afcb05e7b74b3124
INFO [11-06|12:56:10] Request future block 
INFO [11-06|12:56:10] Handle BFT Msg,                          msg="msg #9 (3 bytes)"
INFO [11-06|12:56:10] -------GetLocksetsMsg------- 
GetLockSetsMsg request:  [{2}] from:  afcb05e7b74b3124
INFO [11-06|12:56:10] Request future block 
INFO [11-06|12:56:14] Handle BFT Msg,                          msg="msg #17 (107 bytes)"
INFO [11-06|12:56:14] ------Received VoteMsg------ 
voteHR: H: 2 R: 0 voteType:: 1 voteHash: [174 180 44 232 131 53 106 212 125 204 108 123 207 188 68 45 220 152 198 231 118 96 135 29 210 45 20 234 149 119 56 44]
cmHR: H: 2 R: 0
INFO [11-06|12:56:14] --------------------------------------- 
INFO [11-06|12:56:14] addVote to                               height=2 round=0 from=0x10a1c1cb95c92ec31d3f22c66eef1d9f3f258c6b success=true cm.coinbase=0x77db2bebba79db42a978f896968f4afce746ea1f
INFO [11-06|12:56:14] ------in handle VoteMsg, success!------ 
INFO [11-06|12:56:17] Imported new chain segment               blocks=1 txs=1599 mgas=33.579 elapsed=7.104s    mgasps=4.727 number=2 hash=aeb42c…77382c
FinishedPostExec, 1541480177600689000 , txs, 1599
PostExecTime, 7.104305152s
INFO [11-06|12:56:17] in pool.evenLoop, call pool.resetState 
./node6.sh: line 16: 83672 Terminated: 15          ../build/bin/geth --networkid 2234 --port 30308 --rpcport 8550 --datadir "data/node6" --nodiscover --rpc --rpccorsdomain "*" --rpcapi "eth,net,debug" --bft --allow-empty --num-validators 8 --node-num 5
