INFO [10-28|14:16:13] Starting peer-to-peer node               instance=Geth/v1.6.7-unstable-287ee7b9/darwin-amd64/go1.9.7
INFO [10-28|14:16:13] Allocated cache and file handles         database=/Users/sujianwei20/new_misgcode/go_ethereum_cosi/examples/data/node1/geth/chaindata cache=128 handles=1024
WARN [10-28|14:16:14] Upgrading chain database to use sequential keys 
INFO [10-28|14:16:14] Initialised chain configuration          config="{ChainID: 2235 Homestead: 1 DAO: <nil> DAOSupport: false EIP150: 2 EIP155: 3 EIP158: 3 Metropolis: <nil> Engine: ethash}"
INFO [10-28|14:16:14] config bft is                            bft=true
INFO [10-28|14:16:14] Database conversion successful 
WARN [10-28|14:16:14] Upgrading db log bloom bins 
INFO [10-28|14:16:14] Bloom-bin upgrade completed              elapsed=294.636µs
INFO [10-28|14:16:14] Initialising Ethereum protocol           versions="[63 62]" network=2234
INFO [10-28|14:16:14] Loaded most recent local header          number=0 hash=6f3c1c…1bf138 td=1048576
INFO [10-28|14:16:14] Loaded most recent local full block      number=0 hash=6f3c1c…1bf138 td=1048576
INFO [10-28|14:16:14] Loaded most recent local fast block      number=0 hash=6f3c1c…1bf138 td=1048576
INFO [10-28|14:16:14] in NewTxPool, call resetState 
INFO [10-28|14:16:14] in NewTxPool, call pool.eventLoog() 
INFO [10-28|14:16:14] Allocated cache and file handles         database=/Users/sujianwei20/new_misgcode/go_ethereum_cosi/examples/data/node1/geth/bftData   cache=128 handles=1024
INFO [10-28|14:16:14] addVote to                               height=0 round=0 from=0x82a978b3f5962a5b0957d9ee9eef472ee55b42f1 success=true cm.coinbase=0x82a978b3f5962a5b0957d9ee9eef472ee55b42f1
ready: 1 need: 2.6666667
INFO [10-28|14:16:14] consensusManager not ready  
ready: 1 need: 2.6666667
INFO [10-28|14:16:14] Starting P2P networking 
INFO [10-28|14:16:14] ---In BFTvalidatorCommitBlock--- 
INFO [10-28|14:16:14] RLPx listener up                         self="enode://d67104e65b61fca1fc73a74175667c11f16c037fa8e414499189df9d68706aca6e1a1b4ea02b702f101eb609c4cd2964d4790047a06458ba8a1a19040ab1fe0d@[::]:30303?discport=0"
INFO [10-28|14:16:14] HTTP endpoint opened: http://127.0.0.1:8545 
INFO [10-28|14:16:14] IPC endpoint opened: /Users/sujianwei20/new_misgcode/go_ethereum_cosi/examples/data/node1/geth.ipc 
INFO [10-28|14:16:14] Handle BFT Msg,                          msg="msg #8 (78 bytes)"
INFO [10-28|14:16:14] ------Received ReadMsg------ 
AddReady from: [220 236 234 243 252 92 10 99 209 149 214 155 26 144 1 27 123 25 101 13]
INFO [10-28|14:16:14] send Ready msg 
#### peer = Peer 94dd98401cf6ca04 [eth/63]
INFO [10-28|14:16:14] send Ready msg 
#### peer = Peer 6d11b37ef4fc909a [eth/63]
INFO [10-28|14:16:14] send Ready msg 
#### peer = Peer d9d5b902798f5c42 [eth/63]
INFO [10-28|14:16:14] Handle BFT Msg,                          msg="msg #8 (78 bytes)"
INFO [10-28|14:16:14] ------Received ReadMsg------ 
AddReady from: [220 236 234 243 252 92 10 99 209 149 214 155 26 144 1 27 123 25 101 13]
INFO [10-28|14:16:14] Handle BFT Msg,                          msg="msg #8 (78 bytes)"
INFO [10-28|14:16:14] ------Received ReadMsg------ 
AddReady from: [220 236 234 243 252 92 10 99 209 149 214 155 26 144 1 27 123 25 101 13]
INFO [10-28|14:16:14] Handle BFT Msg,                          msg="msg #8 (78 bytes)"
INFO [10-28|14:16:14] ------Received ReadMsg------ 
AddReady from: [125 87 122 89 123 39 66 180 152 203 92 240 194 108 220 215 38 211 158 110]
INFO [10-28|14:16:14] send Ready msg 
#### peer = Peer d9d5b902798f5c42 [eth/63]
INFO [10-28|14:16:14] send Ready msg 
#### peer = Peer 94dd98401cf6ca04 [eth/63]
INFO [10-28|14:16:14] Handle BFT Msg,                          msg="msg #8 (78 bytes)"
INFO [10-28|14:16:14] ------Received ReadMsg------ 
AddReady from: [125 87 122 89 123 39 66 180 152 203 92 240 194 108 220 215 38 211 158 110]
INFO [10-28|14:16:14] send Ready msg 
#### peer = Peer 6d11b37ef4fc909a [eth/63]
INFO [10-28|14:16:14] Handle BFT Msg,                          msg="msg #8 (78 bytes)"
INFO [10-28|14:16:14] ------Received ReadMsg------ 
AddReady from: [125 87 122 89 123 39 66 180 152 203 92 240 194 108 220 215 38 211 158 110]
INFO [10-28|14:16:14] send Ready msg 
#### peer = Peer 6d11b37ef4fc909a [eth/63]
ready: 3 need: 2.6666667
ready: 3 need: 2.6666667
INFO [10-28|14:16:14] send Ready msg 
#### peer = Peer 94dd98401cf6ca04 [eth/63]
INFO [10-28|14:16:14] send Ready msg 
#### peer = Peer 6d11b37ef4fc909a [eth/63]
INFO [10-28|14:16:14] send Ready msg 
#### peer = Peer d9d5b902798f5c42 [eth/63]
INFO [10-28|14:16:14] -----------------consensusManager Ready------------------------- 
INFO [10-28|14:16:14] Handle BFT Msg,                          msg="msg #8 (78 bytes)"
INFO [10-28|14:16:14] ------Received ReadMsg------ 
AddReady from: [130 169 120 179 245 150 42 91 9 87 217 238 158 239 71 46 229 91 66 241]
INFO [10-28|14:16:14] Handle BFT Msg,                          msg="msg #8 (78 bytes)"
INFO [10-28|14:16:14] ------Received ReadMsg------ 
INFO [10-28|14:16:14] Handle BFT Msg,                          msg="msg #8 (78 bytes)"
INFO [10-28|14:16:14] ------Received ReadMsg------ 
AddReady from: [130 169 120 179 245 150 42 91 9 87 217 238 158 239 71 46 229 91 66 241]
AddReady from: [130 169 120 179 245 150 42 91 9 87 217 238 158 239 71 46 229 91 66 241]
INFO [10-28|14:16:14] Handle BFT Msg,                          msg="msg #8 (78 bytes)"
INFO [10-28|14:16:14] ------Received ReadMsg------ 
AddReady from: [130 169 120 179 245 150 42 91 9 87 217 238 158 239 71 46 229 91 66 241]
INFO [10-28|14:16:14] Handle BFT Msg,                          msg="msg #8 (78 bytes)"
INFO [10-28|14:16:14] ------Received ReadMsg------ 
AddReady from: [89 132 67 241 136 14 245 133 178 31 29 117 133 189 5 119 64 40 97 229]
INFO [10-28|14:16:14] send Ready msg 
#### peer = Peer 94dd98401cf6ca04 [eth/63]
INFO [10-28|14:16:14] send Ready msg 
#### peer = Peer 6d11b37ef4fc909a [eth/63]
INFO [10-28|14:16:14] send Ready msg 
#### peer = Peer d9d5b902798f5c42 [eth/63]
INFO [10-28|14:16:14] Handle BFT Msg,                          msg="msg #8 (78 bytes)"
INFO [10-28|14:16:14] ------Received ReadMsg------ 
AddReady from: [89 132 67 241 136 14 245 133 178 31 29 117 133 189 5 119 64 40 97 229]
INFO [10-28|14:16:14] Handle BFT Msg,                          msg="msg #8 (78 bytes)"
INFO [10-28|14:16:14] ------Received ReadMsg------ 
AddReady from: [89 132 67 241 136 14 245 133 178 31 29 117 133 189 5 119 64 40 97 229]
INFO [10-28|14:16:14] Handle BFT Msg,                          msg="msg #8 (78 bytes)"
INFO [10-28|14:16:14] ------Received ReadMsg------ 
AddReady from: [220 236 234 243 252 92 10 99 209 149 214 155 26 144 1 27 123 25 101 13]
INFO [10-28|14:16:14] send Ready msg 
#### peer = Peer 94dd98401cf6ca04 [eth/63]
INFO [10-28|14:16:14] send Ready msg 
#### peer = Peer 6d11b37ef4fc909a [eth/63]
INFO [10-28|14:16:14] send Ready msg 
#### peer = Peer d9d5b902798f5c42 [eth/63]
INFO [10-28|14:16:15] Handle BFT Msg,                          msg="msg #8 (78 bytes)"
INFO [10-28|14:16:15] ------Received ReadMsg------ 
AddReady from: [220 236 234 243 252 92 10 99 209 149 214 155 26 144 1 27 123 25 101 13]
INFO [10-28|14:16:15] Handle BFT Msg,                          msg="msg #8 (78 bytes)"
INFO [10-28|14:16:15] ------Received ReadMsg------ 
AddReady from: [220 236 234 243 252 92 10 99 209 149 214 155 26 144 1 27 123 25 101 13]
INFO [10-28|14:16:15] Handle BFT Msg,                          msg="msg #8 (78 bytes)"
INFO [10-28|14:16:15] ------Received ReadMsg------ 
AddReady from: [125 87 122 89 123 39 66 180 152 203 92 240 194 108 220 215 38 211 158 110]
INFO [10-28|14:16:15] send Ready msg 
#### peer = Peer 94dd98401cf6ca04 [eth/63]
INFO [10-28|14:16:15] send Ready msg 
#### peer = Peer 6d11b37ef4fc909a [eth/63]
INFO [10-28|14:16:15] send Ready msg 
#### peer = Peer d9d5b902798f5c42 [eth/63]
INFO [10-28|14:16:15] Handle BFT Msg,                          msg="msg #8 (78 bytes)"
INFO [10-28|14:16:15] ------Received ReadMsg------ 
AddReady from: [125 87 122 89 123 39 66 180 152 203 92 240 194 108 220 215 38 211 158 110]
INFO [10-28|14:16:15] Handle BFT Msg,                          msg="msg #8 (78 bytes)"
INFO [10-28|14:16:15] ------Received ReadMsg------ 
AddReady from: [125 87 122 89 123 39 66 180 152 203 92 240 194 108 220 215 38 211 158 110]
INFO [10-28|14:18:24] Transaction pool price threshold updated price=18000000000
INFO [10-28|14:18:24] Starting mining operation 
INFO [10-28|14:18:29] Commit new mining work                   number=1 txs=1598 uncles=0 elapsed=4.682s
INFO [10-28|14:18:29] Sealing                                  block n=1
StartConsensus, 1540707509503114000
INFO [10-28|14:18:29] Start Process 
INFO [10-28|14:18:29] in cm.Process, check lastCommittingLockset() 
INFO [10-28|14:18:29] In IsValid() 
len(lockset.Votes): 1 lockset.EligibleVotesNum: 0
INFO [10-28|14:18:29] in HasQuorum 
INFO [10-28|14:18:29] In IsValid() 
len(lockset.Votes): 1 lockset.EligibleVotesNum: 0
INFO [10-28|14:18:29] in sortByBlockhash 
made bhs, bhs: map[[111 60 28 34 114 80 121 51 60 176 50 117 65 207 97 154 170 82 172 187 58 33 229 200 29 126 81 195 42 27 241 56]:1]
made hs, hs: [{[111 60 28 34 114 80 121 51 60 176 50 117 65 207 97 154 170 82 172 187 58 33 229 200 29 126 81 195 42 27 241 56] 1}]
sorted hs, hs: [{[111 60 28 34 114 80 121 51 60 176 50 117 65 207 97 154 170 82 172 187 58 33 229 200 29 126 81 195 42 27 241 56] 1}]
=====CM.COINBASE IS:===== [130 169 120 179 245 150 42 91 9 87 217 238 158 239 71 46 229 91 66 241] block number is: 1
INFO [10-28|14:18:29] case: default, cm.process 
ready: 4 need: 2.6666667
INFO [10-28|14:18:29] ---------------process------------------ 
INFO [10-28|14:18:29] In RM Process                            height=1 round=0
INFO [10-28|14:18:29] --------In rm.propose------- 
INFO [10-28|14:18:29] ---------------in rm.vote----------------- 
INFO [10-28|14:18:29] in vote in RM                            height=1 round=0
INFO [10-28|14:18:29] Timeout time not reach, curr vs timeout: curr=1540707509.000 timeout=1540707514.000
INFO [10-28|14:18:29] in rm.process, check lockset HasQuorum 
INFO [10-28|14:18:29] in HasQuorum 
INFO [10-28|14:18:29] In IsValid() 
len(lockset.Votes): 0 lockset.EligibleVotesNum: 4
INFO [10-28|14:18:29] rm lockset is not valid yet 
INFO [10-28|14:18:29] after cm.process() 
INFO [10-28|14:18:29] case: default, cm.process 
ready: 4 need: 2.6666667
INFO [10-28|14:18:29] ---------------process------------------ 
INFO [10-28|14:18:29] In RM Process                            height=1 round=0
INFO [10-28|14:18:29] --------In rm.propose------- 
INFO [10-28|14:18:29] ---------------in rm.vote----------------- 
INFO [10-28|14:18:29] in vote in RM                            height=1 round=0
INFO [10-28|14:18:29] Timeout time not reach, curr vs timeout: curr=1540707509.000 timeout=1540707514.000
INFO [10-28|14:18:29] in rm.process, check lockset HasQuorum 
INFO [10-28|14:18:29] in HasQuorum 
INFO [10-28|14:18:29] In IsValid() 
len(lockset.Votes): 0 lockset.EligibleVotesNum: 4
INFO [10-28|14:18:29] rm lockset is not valid yet 
INFO [10-28|14:18:29] after cm.process() 
INFO [10-28|14:18:29] case: default, cm.process 
ready: 4 need: 2.6666667
INFO [10-28|14:18:29] ---------------process------------------ 
INFO [10-28|14:18:29] In RM Process                            height=1 round=0
INFO [10-28|14:18:29] --------In rm.propose------- 
INFO [10-28|14:18:29] ---------------in rm.vote----------------- 
INFO [10-28|14:18:29] in vote in RM                            height=1 round=0
INFO [10-28|14:18:29] Timeout time not reach, curr vs timeout: curr=1540707509.000 timeout=1540707514.000
INFO [10-28|14:18:29] in rm.process, check lockset HasQuorum 
INFO [10-28|14:18:29] in HasQuorum 
INFO [10-28|14:18:29] In IsValid() 
len(lockset.Votes): 0 lockset.EligibleVotesNum: 4
INFO [10-28|14:18:29] rm lockset is not valid yet 
INFO [10-28|14:18:29] after cm.process() 
INFO [10-28|14:18:29] case: default, cm.process 
ready: 4 need: 2.6666667
INFO [10-28|14:18:29] ---------------process------------------ 
INFO [10-28|14:18:29] In RM Process                            height=1 round=0
INFO [10-28|14:18:29] --------In rm.propose------- 
INFO [10-28|14:18:29] ---------------in rm.vote----------------- 
INFO [10-28|14:18:29] in vote in RM                            height=1 round=0
INFO [10-28|14:18:29] Timeout time not reach, curr vs timeout: curr=1540707509.000 timeout=1540707514.000
INFO [10-28|14:18:29] in rm.process, check lockset HasQuorum 
INFO [10-28|14:18:29] in HasQuorum 
INFO [10-28|14:18:29] In IsValid() 
len(lockset.Votes): 0 lockset.EligibleVotesNum: 4
INFO [10-28|14:18:29] rm lockset is not valid yet 
INFO [10-28|14:18:29] after cm.process() 
INFO [10-28|14:18:29] case: default, cm.process 
ready: 4 need: 2.6666667
INFO [10-28|14:18:29] ---------------process------------------ 
INFO [10-28|14:18:29] In RM Process                            height=1 round=0
INFO [10-28|14:18:29] --------In rm.propose------- 
INFO [10-28|14:18:29] ---------------in rm.vote----------------- 
INFO [10-28|14:18:29] in vote in RM                            height=1 round=0
INFO [10-28|14:18:29] Timeout time not reach, curr vs timeout: curr=1540707509.000 timeout=1540707514.000
INFO [10-28|14:18:29] in rm.process, check lockset HasQuorum 
INFO [10-28|14:18:29] in HasQuorum 
INFO [10-28|14:18:29] In IsValid() 
len(lockset.Votes): 0 lockset.EligibleVotesNum: 4
INFO [10-28|14:18:29] rm lockset is not valid yet 
INFO [10-28|14:18:29] after cm.process() 
INFO [10-28|14:18:29] Handle BFT Msg,                          msg="msg #18 (225 bytes)"
INFO [10-28|14:18:29] ------Received MsigProposalMsg------ 
I received msp from  Peer 94dd98401cf6ca04 [eth/63]
mpHR: H: 1 R: 0 hash: [74 160 239 48 185 232 229 115 80 18 192 118 253 73 220 132 33 205 224 78 117 31 154 146 174 153 216 241 109 127 10 27]
cmHR: H: 1 R: 0
INFO [10-28|14:18:29] --------------------------------------- 
mp= &{<nil> 27 109924710004234556200149755168498082357118672248213103778998854472128961165967 27645814600126365619440103906105385966202813219887092739188011652222041908341 map[] map[] map[] 1 0 [74 160 239 48 185 232 229 115 80 18 192 118 253 73 220 132 33 205 224 78 117 31 154 146 174 153 216 241 109 127 10 27] 0xc427f2b9a0 0xc427f2b9f0}
INFO [10-28|14:18:29] received mp before p, wait for a while 
INFO [10-28|14:18:29] Handle BFT Msg,                          msg="msg #11 (172922 bytes)"
INFO [10-28|14:18:29] -------Received NewBlockProposalMsg------- 
bpHR: H: 1 R: 0
cmHR: H: 1 R: 0
INFO [10-28|14:18:29] --------------------------------------- 
# collMsig from = Peer 6d11b37ef4fc909a [eth/63]
cmHR: H: 1 R: 0
this is rm.proposerPeer  Peer 6d11b37ef4fc909a [eth/63]
INFO [10-28|14:18:29] In IsValid() 
len(lockset.Votes): 0 lockset.EligibleVotesNum: 0
INFO [10-28|14:18:29] cm add BlockProposal                     h=1 r=0
INFO [10-28|14:18:29] in HasQuorum 
INFO [10-28|14:18:29] In IsValid() 
len(lockset.Votes): 1 lockset.EligibleVotesNum: 0
INFO [10-28|14:18:29] in sortByBlockhash 
made bhs, bhs: map[[111 60 28 34 114 80 121 51 60 176 50 117 65 207 97 154 170 82 172 187 58 33 229 200 29 126 81 195 42 27 241 56]:1]
made hs, hs: [{[111 60 28 34 114 80 121 51 60 176 50 117 65 207 97 154 170 82 172 187 58 33 229 200 29 126 81 195 42 27 241 56] 1}]
sorted hs, hs: [{[111 60 28 34 114 80 121 51 60 176 50 117 65 207 97 154 170 82 172 187 58 33 229 200 29 126 81 195 42 27 241 56] 1}]
INFO [10-28|14:18:29] In addBlockCandidates!! 
INFO [10-28|14:18:29] -------in handle NewBlockProposalMsg, success!------- 
INFO [10-28|14:18:30] case: default, cm.process 
ready: 4 need: 2.6666667
INFO [10-28|14:18:30] ---------------process------------------ 
INFO [10-28|14:18:30] In RM Process                            height=1 round=0
INFO [10-28|14:18:30] --------In rm.propose------- 
INFO [10-28|14:18:30] ---------------in rm.vote----------------- 
INFO [10-28|14:18:30] in vote in RM                            height=1 round=0
INFO [10-28|14:18:30] Timeout time not reach, curr vs timeout: curr=1540707510.000 timeout=1540707514.000
INFO [10-28|14:18:30] in rm.process, check lockset HasQuorum 
INFO [10-28|14:18:30] in HasQuorum 
INFO [10-28|14:18:30] In IsValid() 
len(lockset.Votes): 0 lockset.EligibleVotesNum: 4
INFO [10-28|14:18:30] rm lockset is not valid yet 
INFO [10-28|14:18:30] after cm.process() 
H====:  1 P==== 0
@rm.proposerPeer = Peer 6d11b37ef4fc909a [eth/63]
INFO [10-28|14:18:30] in MsigFinished 
INFO [10-28|14:18:30] ------addmsigproposal success!------- 
mp= &{0xc425bc3900 27 109924710004234556200149755168498082357118672248213103778998854472128961165967 27645814600126365619440103906105385966202813219887092739188011652222041908341 map[] map[] map[] 1 0 [74 160 239 48 185 232 229 115 80 18 192 118 253 73 220 132 33 205 224 78 117 31 154 146 174 153 216 241 109 127 10 27] 0xc427f2b9a0 0xc427f2b9f0}
INFO [10-28|14:18:30] Handle BFT Msg,                          msg="msg #17 (107 bytes)"
INFO [10-28|14:18:30] ------Received VoteMsg------ 
voteHR: H: 1 R: 0 voteType:: 1 voteHash: [74 160 239 48 185 232 229 115 80 18 192 118 253 73 220 132 33 205 224 78 117 31 154 146 174 153 216 241 109 127 10 27]
cmHR: H: 1 R: 0
INFO [10-28|14:18:30] --------------------------------------- 
INFO [10-28|14:18:30] addVote to                               height=1 round=0 from=0x7d577a597b2742b498cb5cf0c26cdcd726d39e6e success=true cm.coinbase=0x82a978b3f5962a5b0957d9ee9eef472ee55b42f1
INFO [10-28|14:18:30] ------in handle VoteMsg, success!------ 
INFO [10-28|14:18:30] Handle BFT Msg,                          msg="msg #17 (107 bytes)"
INFO [10-28|14:18:30] ------Received VoteMsg------ 
voteHR: H: 1 R: 0 voteType:: 1 voteHash: [74 160 239 48 185 232 229 115 80 18 192 118 253 73 220 132 33 205 224 78 117 31 154 146 174 153 216 241 109 127 10 27]
cmHR: H: 1 R: 0
INFO [10-28|14:18:30] --------------------------------------- 
INFO [10-28|14:18:30] addVote to                               height=1 round=0 from=0xdceceaf3fc5c0a63d195d69b1a90011b7b19650d success=true cm.coinbase=0x82a978b3f5962a5b0957d9ee9eef472ee55b42f1
INFO [10-28|14:18:30] ------in handle VoteMsg, success!------ 
INFO [10-28|14:18:30] case: default, cm.process 
ready: 4 need: 2.6666667
INFO [10-28|14:18:30] ---------------process------------------ 
INFO [10-28|14:18:30] In RM Process                            height=1 round=0
INFO [10-28|14:18:30] --------In rm.propose------- 
INFO [10-28|14:18:30] ---------------in rm.vote----------------- 
INFO [10-28|14:18:30] in vote in RM                            height=1 round=0
INFO [10-28|14:18:30] vote mp 
INFO [10-28|14:18:30] vote success in                          height=1 round=0
INFO [10-28|14:18:30] Send VoteMsg 
INFO [10-28|14:18:30] in rm.process, check lockset HasQuorum 
INFO [10-28|14:18:30] in HasQuorum 
INFO [10-28|14:18:30] In IsValid() 
len(lockset.Votes): 3 lockset.EligibleVotesNum: 4
INFO [10-28|14:18:30] in sortByBlockhash 
made bhs, bhs: map[[74 160 239 48 185 232 229 115 80 18 192 118 253 73 220 132 33 205 224 78 117 31 154 146 174 153 216 241 109 127 10 27]:3]
made hs, hs: [{[74 160 239 48 185 232 229 115 80 18 192 118 253 73 220 132 33 205 224 78 117 31 154 146 174 153 216 241 109 127 10 27] 3}]
sorted hs, hs: [{[74 160 239 48 185 232 229 115 80 18 192 118 253 73 220 132 33 205 224 78 117 31 154 146 174 153 216 241 109 127 10 27] 3}]
INFO [10-28|14:18:30] There is a quorum                        height=1 round=0
--- in rm.process p.id: --- Peer 6d11b37ef4fc909a [eth/63]
INFO [10-28|14:18:30] ============in cm.commitLockset============ 
INFO [10-28|14:18:30] in commitLockset, check ls HasQuorum 
INFO [10-28|14:18:30] in HasQuorum 
INFO [10-28|14:18:30] In IsValid() 
len(lockset.Votes): 3 lockset.EligibleVotesNum: 4
INFO [10-28|14:18:30] in sortByBlockhash 
made bhs, bhs: map[[74 160 239 48 185 232 229 115 80 18 192 118 253 73 220 132 33 205 224 78 117 31 154 146 174 153 216 241 109 127 10 27]:3]
made hs, hs: [{[74 160 239 48 185 232 229 115 80 18 192 118 253 73 220 132 33 205 224 78 117 31 154 146 174 153 216 241 109 127 10 27] 3}]
sorted hs, hs: [{[74 160 239 48 185 232 229 115 80 18 192 118 253 73 220 132 33 205 224 78 117 31 154 146 174 153 216 241 109 127 10 27] 3}]
INFO [10-28|14:18:30] cm.found is not nil 
INFO [10-28|14:18:30] store lockset 
peerid: 6d11b37ef4fc909a
INFO [10-28|14:18:30] ---storeLockset--- 
cmH 1
INFO [10-28|14:18:30] in validatorCommit1 
pid: 6d11b37ef4fc909a
block number 1
-------in NewBFTValidatorBlock-------
INFO [10-28|14:18:30] after cm.process() 
INFO [10-28|14:18:30] in validatorCommit2 
validatorCommit time: 164.261µs
INFO [10-28|14:18:30] have a consensus on the block 
INFO [10-28|14:18:30] **in eth.handler**, get result from ch 
INFO [10-28|14:18:30] result.Header().Coinbase != b.signer 
result.Header().Coinbase: [125 87 122 89 123 39 66 180 152 203 92 240 194 108 220 215 38 211 158 110] b.signer: [130 169 120 179 245 150 42 91 9 87 217 238 158 239 71 46 229 91 66 241]
ConsensusTime, 629276228 , txs, 1598 , blockNum, 1
FinishedConsensus, 1540707510132535000
INFO [10-28|14:18:30] result is nil 
INFO [10-28|14:18:30] === Finished Mine() === 
INFO [10-28|14:18:30] ***in BFT.VVVVerifyHeader*** 
INFO [10-28|14:18:30] ***in BFT.verifyHeader*** 
INFO [10-28|14:18:30] ***in BFT.verifySeal*** 
INFO [10-28|14:18:30] In verifyVotes 
INFO [10-28|14:18:30] in HasQuorum 
INFO [10-28|14:18:30] In IsValid() 
len(lockset.Votes): 3 lockset.EligibleVotesNum: 4
INFO [10-28|14:18:30] in sortByBlockhash 
made bhs, bhs: map[[74 160 239 48 185 232 229 115 80 18 192 118 253 73 220 132 33 205 224 78 117 31 154 146 174 153 216 241 109 127 10 27]:3]
made hs, hs: [{[74 160 239 48 185 232 229 115 80 18 192 118 253 73 220 132 33 205 224 78 117 31 154 146 174 153 216 241 109 127 10 27] 3}]
sorted hs, hs: [{[74 160 239 48 185 232 229 115 80 18 192 118 253 73 220 132 33 205 224 78 117 31 154 146 174 153 216 241 109 127 10 27] 3}]
INFO [10-28|14:18:30] ***in BFT.VerifyHeaderSSSS*** 
INFO [10-28|14:18:30] ***in BFT.verifyHeader*** 
INFO [10-28|14:18:30] ***in BFT.verifySeal*** 
INFO [10-28|14:18:30] In verifyVotes 
INFO [10-28|14:18:30] in HasQuorum 
INFO [10-28|14:18:30] In IsValid() 
len(lockset.Votes): 3 lockset.EligibleVotesNum: 4
INFO [10-28|14:18:30] in sortByBlockhash 
made bhs, bhs: map[[74 160 239 48 185 232 229 115 80 18 192 118 253 73 220 132 33 205 224 78 117 31 154 146 174 153 216 241 109 127 10 27]:3]
made hs, hs: [{[74 160 239 48 185 232 229 115 80 18 192 118 253 73 220 132 33 205 224 78 117 31 154 146 174 153 216 241 109 127 10 27] 3}]
sorted hs, hs: [{[74 160 239 48 185 232 229 115 80 18 192 118 253 73 220 132 33 205 224 78 117 31 154 146 174 153 216 241 109 127 10 27] 3}]
INFO [10-28|14:18:30] Handle BFT Msg,                          msg="msg #17 (107 bytes)"
INFO [10-28|14:18:30] ------Received VoteMsg------ 
voteHR: H: 1 R: 0 voteType:: 1 voteHash: [74 160 239 48 185 232 229 115 80 18 192 118 253 73 220 132 33 205 224 78 117 31 154 146 174 153 216 241 109 127 10 27]
cmHR: H: 1 R: 0
INFO [10-28|14:18:30] --------------------------------------- 
INFO [10-28|14:18:30] addVote to                               height=1 round=0 from=0x598443f1880ef585b21f1d7585bd0577402861e5 success=true cm.coinbase=0x82a978b3f5962a5b0957d9ee9eef472ee55b42f1
INFO [10-28|14:18:30] ------in handle VoteMsg, success!------ 
INFO [10-28|14:18:32] Imported new chain segment               blocks=1 txs=1598 mgas=33.558 elapsed=2.255s    mgasps=14.878 number=1 hash=4aa0ef…7f0a1b
FinishedPostExec, 1540707512389540000 , txs, 1598
PostExecTime, 2.25553559s
INFO [10-28|14:18:32] in pool.evenLoop, call pool.resetState 
INFO [10-28|14:18:35] Commit new mining work                   number=2 txs=1599 uncles=0 elapsed=3.414s
INFO [10-28|14:18:35] Sealing                                  block n=2
StartConsensus, 1540707515804669000
INFO [10-28|14:18:35] Start Process 
INFO [10-28|14:18:35] in cm.Process, check lastCommittingLockset() 
INFO [10-28|14:18:35] In IsValid() 
len(lockset.Votes): 4 lockset.EligibleVotesNum: 4
INFO [10-28|14:18:35] in HasQuorum 
INFO [10-28|14:18:35] In IsValid() 
len(lockset.Votes): 4 lockset.EligibleVotesNum: 4
INFO [10-28|14:18:35] in sortByBlockhash 
made bhs, bhs: map[[74 160 239 48 185 232 229 115 80 18 192 118 253 73 220 132 33 205 224 78 117 31 154 146 174 153 216 241 109 127 10 27]:4]
made hs, hs: [{[74 160 239 48 185 232 229 115 80 18 192 118 253 73 220 132 33 205 224 78 117 31 154 146 174 153 216 241 109 127 10 27] 4}]
sorted hs, hs: [{[74 160 239 48 185 232 229 115 80 18 192 118 253 73 220 132 33 205 224 78 117 31 154 146 174 153 216 241 109 127 10 27] 4}]
=====CM.COINBASE IS:===== [130 169 120 179 245 150 42 91 9 87 217 238 158 239 71 46 229 91 66 241] block number is: 2
INFO [10-28|14:18:35] case: default, cm.process 
ready: 4 need: 2.6666667
INFO [10-28|14:18:35] ---------------process------------------ 
INFO [10-28|14:18:35] In RM Process                            height=2 round=0
INFO [10-28|14:18:35] --------In rm.propose------- 
INFO [10-28|14:18:35] ---------------in rm.vote----------------- 
INFO [10-28|14:18:35] in vote in RM                            height=2 round=0
INFO [10-28|14:18:35] Timeout time not reach, curr vs timeout: curr=1540707515.000 timeout=1540707520.000
INFO [10-28|14:18:35] in rm.process, check lockset HasQuorum 
INFO [10-28|14:18:35] in HasQuorum 
INFO [10-28|14:18:35] In IsValid() 
len(lockset.Votes): 0 lockset.EligibleVotesNum: 4
INFO [10-28|14:18:35] rm lockset is not valid yet 
INFO [10-28|14:18:35] after cm.process() 
INFO [10-28|14:18:35] case: default, cm.process 
ready: 4 need: 2.6666667
INFO [10-28|14:18:35] ---------------process------------------ 
INFO [10-28|14:18:35] In RM Process                            height=2 round=0
INFO [10-28|14:18:35] --------In rm.propose------- 
INFO [10-28|14:18:35] ---------------in rm.vote----------------- 
INFO [10-28|14:18:35] in vote in RM                            height=2 round=0
INFO [10-28|14:18:35] Timeout time not reach, curr vs timeout: curr=1540707515.000 timeout=1540707520.000
INFO [10-28|14:18:35] in rm.process, check lockset HasQuorum 
INFO [10-28|14:18:35] in HasQuorum 
INFO [10-28|14:18:35] In IsValid() 
len(lockset.Votes): 0 lockset.EligibleVotesNum: 4
INFO [10-28|14:18:35] rm lockset is not valid yet 
INFO [10-28|14:18:35] after cm.process() 
INFO [10-28|14:18:36] case: default, cm.process 
ready: 4 need: 2.6666667
INFO [10-28|14:18:36] ---------------process------------------ 
INFO [10-28|14:18:36] In RM Process                            height=2 round=0
INFO [10-28|14:18:36] --------In rm.propose------- 
INFO [10-28|14:18:36] ---------------in rm.vote----------------- 
INFO [10-28|14:18:36] in vote in RM                            height=2 round=0
INFO [10-28|14:18:36] Timeout time not reach, curr vs timeout: curr=1540707516.000 timeout=1540707520.000
INFO [10-28|14:18:36] in rm.process, check lockset HasQuorum 
INFO [10-28|14:18:36] in HasQuorum 
INFO [10-28|14:18:36] In IsValid() 
len(lockset.Votes): 0 lockset.EligibleVotesNum: 4
INFO [10-28|14:18:36] rm lockset is not valid yet 
INFO [10-28|14:18:36] after cm.process() 
INFO [10-28|14:18:36] case: default, cm.process 
ready: 4 need: 2.6666667
INFO [10-28|14:18:36] ---------------process------------------ 
INFO [10-28|14:18:36] In RM Process                            height=2 round=0
INFO [10-28|14:18:36] --------In rm.propose------- 
INFO [10-28|14:18:36] ---------------in rm.vote----------------- 
INFO [10-28|14:18:36] in vote in RM                            height=2 round=0
INFO [10-28|14:18:36] Timeout time not reach, curr vs timeout: curr=1540707516.000 timeout=1540707520.000
INFO [10-28|14:18:36] in rm.process, check lockset HasQuorum 
INFO [10-28|14:18:36] in HasQuorum 
INFO [10-28|14:18:36] In IsValid() 
len(lockset.Votes): 0 lockset.EligibleVotesNum: 4
INFO [10-28|14:18:36] rm lockset is not valid yet 
INFO [10-28|14:18:36] after cm.process() 
INFO [10-28|14:18:36] case: default, cm.process 
ready: 4 need: 2.6666667
INFO [10-28|14:18:36] ---------------process------------------ 
INFO [10-28|14:18:36] In RM Process                            height=2 round=0
INFO [10-28|14:18:36] --------In rm.propose------- 
INFO [10-28|14:18:36] ---------------in rm.vote----------------- 
INFO [10-28|14:18:36] in vote in RM                            height=2 round=0
INFO [10-28|14:18:36] Timeout time not reach, curr vs timeout: curr=1540707516.000 timeout=1540707520.000
INFO [10-28|14:18:36] in rm.process, check lockset HasQuorum 
INFO [10-28|14:18:36] in HasQuorum 
INFO [10-28|14:18:36] In IsValid() 
len(lockset.Votes): 0 lockset.EligibleVotesNum: 4
INFO [10-28|14:18:36] rm lockset is not valid yet 
INFO [10-28|14:18:36] after cm.process() 
INFO [10-28|14:18:36] case: default, cm.process 
ready: 4 need: 2.6666667
INFO [10-28|14:18:36] ---------------process------------------ 
INFO [10-28|14:18:36] In RM Process                            height=2 round=0
INFO [10-28|14:18:36] --------In rm.propose------- 
INFO [10-28|14:18:36] ---------------in rm.vote----------------- 
INFO [10-28|14:18:36] in vote in RM                            height=2 round=0
INFO [10-28|14:18:36] Timeout time not reach, curr vs timeout: curr=1540707516.000 timeout=1540707520.000
INFO [10-28|14:18:36] in rm.process, check lockset HasQuorum 
INFO [10-28|14:18:36] in HasQuorum 
INFO [10-28|14:18:36] In IsValid() 
len(lockset.Votes): 0 lockset.EligibleVotesNum: 4
INFO [10-28|14:18:36] rm lockset is not valid yet 
INFO [10-28|14:18:36] after cm.process() 
INFO [10-28|14:18:36] case: default, cm.process 
ready: 4 need: 2.6666667
INFO [10-28|14:18:36] ---------------process------------------ 
INFO [10-28|14:18:36] In RM Process                            height=2 round=0
INFO [10-28|14:18:36] --------In rm.propose------- 
INFO [10-28|14:18:36] ---------------in rm.vote----------------- 
INFO [10-28|14:18:36] in vote in RM                            height=2 round=0
INFO [10-28|14:18:36] Timeout time not reach, curr vs timeout: curr=1540707516.000 timeout=1540707520.000
INFO [10-28|14:18:36] in rm.process, check lockset HasQuorum 
INFO [10-28|14:18:36] in HasQuorum 
INFO [10-28|14:18:36] In IsValid() 
len(lockset.Votes): 0 lockset.EligibleVotesNum: 4
INFO [10-28|14:18:36] rm lockset is not valid yet 
INFO [10-28|14:18:36] after cm.process() 
INFO [10-28|14:18:36] case: default, cm.process 
ready: 4 need: 2.6666667
INFO [10-28|14:18:36] ---------------process------------------ 
INFO [10-28|14:18:36] In RM Process                            height=2 round=0
INFO [10-28|14:18:36] --------In rm.propose------- 
INFO [10-28|14:18:36] ---------------in rm.vote----------------- 
INFO [10-28|14:18:36] in vote in RM                            height=2 round=0
INFO [10-28|14:18:36] Timeout time not reach, curr vs timeout: curr=1540707516.000 timeout=1540707520.000
INFO [10-28|14:18:36] in rm.process, check lockset HasQuorum 
INFO [10-28|14:18:36] in HasQuorum 
INFO [10-28|14:18:36] In IsValid() 
len(lockset.Votes): 0 lockset.EligibleVotesNum: 4
INFO [10-28|14:18:36] rm lockset is not valid yet 
INFO [10-28|14:18:36] after cm.process() 
INFO [10-28|14:18:36] case: default, cm.process 
ready: 4 need: 2.6666667
INFO [10-28|14:18:36] ---------------process------------------ 
INFO [10-28|14:18:36] In RM Process                            height=2 round=0
INFO [10-28|14:18:36] --------In rm.propose------- 
INFO [10-28|14:18:36] ---------------in rm.vote----------------- 
INFO [10-28|14:18:36] in vote in RM                            height=2 round=0
INFO [10-28|14:18:36] Timeout time not reach, curr vs timeout: curr=1540707516.000 timeout=1540707520.000
INFO [10-28|14:18:36] in rm.process, check lockset HasQuorum 
INFO [10-28|14:18:36] in HasQuorum 
INFO [10-28|14:18:36] In IsValid() 
len(lockset.Votes): 0 lockset.EligibleVotesNum: 4
INFO [10-28|14:18:36] rm lockset is not valid yet 
INFO [10-28|14:18:36] after cm.process() 
INFO [10-28|14:18:36] Handle BFT Msg,                          msg="msg #11 (173334 bytes)"
INFO [10-28|14:18:36] -------Received NewBlockProposalMsg------- 
bpHR: H: 2 R: 0
cmHR: H: 2 R: 0
INFO [10-28|14:18:36] --------------------------------------- 
# collMsig from = Peer 94dd98401cf6ca04 [eth/63]
cmHR: H: 2 R: 0
this is rm.proposerPeer  Peer 94dd98401cf6ca04 [eth/63]
INFO [10-28|14:18:36] In IsValid() 
len(lockset.Votes): 0 lockset.EligibleVotesNum: 0
INFO [10-28|14:18:36] cm add BlockProposal                     h=2 r=0
INFO [10-28|14:18:36] in HasQuorum 
INFO [10-28|14:18:36] In IsValid() 
len(lockset.Votes): 4 lockset.EligibleVotesNum: 4
INFO [10-28|14:18:36] in sortByBlockhash 
made bhs, bhs: map[[74 160 239 48 185 232 229 115 80 18 192 118 253 73 220 132 33 205 224 78 117 31 154 146 174 153 216 241 109 127 10 27]:4]
made hs, hs: [{[74 160 239 48 185 232 229 115 80 18 192 118 253 73 220 132 33 205 224 78 117 31 154 146 174 153 216 241 109 127 10 27] 4}]
sorted hs, hs: [{[74 160 239 48 185 232 229 115 80 18 192 118 253 73 220 132 33 205 224 78 117 31 154 146 174 153 216 241 109 127 10 27] 4}]
INFO [10-28|14:18:36] In addBlockCandidates!! 
INFO [10-28|14:18:36] -------in handle NewBlockProposalMsg, success!------- 
INFO [10-28|14:18:36] case: default, cm.process 
ready: 4 need: 2.6666667
INFO [10-28|14:18:36] ---------------process------------------ 
INFO [10-28|14:18:36] In RM Process                            height=2 round=0
INFO [10-28|14:18:36] --------In rm.propose------- 
INFO [10-28|14:18:36] ---------------in rm.vote----------------- 
INFO [10-28|14:18:36] in vote in RM                            height=2 round=0
INFO [10-28|14:18:36] Timeout time not reach, curr vs timeout: curr=1540707516.000 timeout=1540707520.000
INFO [10-28|14:18:36] in rm.process, check lockset HasQuorum 
INFO [10-28|14:18:36] in HasQuorum 
INFO [10-28|14:18:36] In IsValid() 
len(lockset.Votes): 0 lockset.EligibleVotesNum: 4
INFO [10-28|14:18:36] rm lockset is not valid yet 
INFO [10-28|14:18:36] after cm.process() 
INFO [10-28|14:18:36] Handle BFT Msg,                          msg="msg #18 (544 bytes)"
INFO [10-28|14:18:36] ------Received MsigProposalMsg------ 
I received msp from  Peer d9d5b902798f5c42 [eth/63]
mpHR: H: 2 R: 0 hash: [3 72 12 43 183 10 130 250 32 249 29 247 227 171 138 64 208 75 106 182 13 52 209 205 48 19 42 29 54 240 181 172]
cmHR: H: 2 R: 0
INFO [10-28|14:18:36] --------------------------------------- 
mp= &{<nil> 28 81623144095819546891270123470120093366747221880374709868410142084500450628901 30076973630442211044681749292204289807045451984634718137977771901063816912483 map[] map[] map[] 2 0 [3 72 12 43 183 10 130 250 32 249 29 247 227 171 138 64 208 75 106 182 13 52 209 205 48 19 42 29 54 240 181 172] 0xc429cf0050 0xc429cf00a0}
H====:  2 P==== 0
@rm.proposerPeer = Peer 94dd98401cf6ca04 [eth/63]
INFO [10-28|14:18:36] in MsigFinished 
INFO [10-28|14:18:36] ------addmsigproposal success!------- 
mp= &{0xc42a770ae0 28 81623144095819546891270123470120093366747221880374709868410142084500450628901 30076973630442211044681749292204289807045451984634718137977771901063816912483 map[] map[] map[] 2 0 [3 72 12 43 183 10 130 250 32 249 29 247 227 171 138 64 208 75 106 182 13 52 209 205 48 19 42 29 54 240 181 172] 0xc429cf0050 0xc429cf00a0}
INFO [10-28|14:18:36] Handle BFT Msg,                          msg="msg #17 (107 bytes)"
INFO [10-28|14:18:36] ------Received VoteMsg------ 
voteHR: H: 2 R: 0 voteType:: 1 voteHash: [3 72 12 43 183 10 130 250 32 249 29 247 227 171 138 64 208 75 106 182 13 52 209 205 48 19 42 29 54 240 181 172]
cmHR: H: 2 R: 0
INFO [10-28|14:18:36] --------------------------------------- 
INFO [10-28|14:18:36] addVote to                               height=2 round=0 from=0x598443f1880ef585b21f1d7585bd0577402861e5 success=true cm.coinbase=0x82a978b3f5962a5b0957d9ee9eef472ee55b42f1
INFO [10-28|14:18:36] ------in handle VoteMsg, success!------ 
INFO [10-28|14:18:36] Handle BFT Msg,                          msg="msg #17 (107 bytes)"
INFO [10-28|14:18:36] ------Received VoteMsg------ 
voteHR: H: 2 R: 0 voteType:: 1 voteHash: [3 72 12 43 183 10 130 250 32 249 29 247 227 171 138 64 208 75 106 182 13 52 209 205 48 19 42 29 54 240 181 172]
cmHR: H: 2 R: 0
INFO [10-28|14:18:36] --------------------------------------- 
INFO [10-28|14:18:36] addVote to                               height=2 round=0 from=0xdceceaf3fc5c0a63d195d69b1a90011b7b19650d success=true cm.coinbase=0x82a978b3f5962a5b0957d9ee9eef472ee55b42f1
INFO [10-28|14:18:36] ------in handle VoteMsg, success!------ 
INFO [10-28|14:18:36] case: default, cm.process 
ready: 4 need: 2.6666667
INFO [10-28|14:18:36] ---------------process------------------ 
INFO [10-28|14:18:36] In RM Process                            height=2 round=0
INFO [10-28|14:18:36] --------In rm.propose------- 
INFO [10-28|14:18:36] ---------------in rm.vote----------------- 
INFO [10-28|14:18:36] in vote in RM                            height=2 round=0
INFO [10-28|14:18:36] vote mp 
INFO [10-28|14:18:36] vote success in                          height=2 round=0
INFO [10-28|14:18:36] Send VoteMsg 
INFO [10-28|14:18:36] in rm.process, check lockset HasQuorum 
INFO [10-28|14:18:36] in HasQuorum 
INFO [10-28|14:18:36] In IsValid() 
len(lockset.Votes): 3 lockset.EligibleVotesNum: 4
INFO [10-28|14:18:36] in sortByBlockhash 
made bhs, bhs: map[[3 72 12 43 183 10 130 250 32 249 29 247 227 171 138 64 208 75 106 182 13 52 209 205 48 19 42 29 54 240 181 172]:3]
made hs, hs: [{[3 72 12 43 183 10 130 250 32 249 29 247 227 171 138 64 208 75 106 182 13 52 209 205 48 19 42 29 54 240 181 172] 3}]
sorted hs, hs: [{[3 72 12 43 183 10 130 250 32 249 29 247 227 171 138 64 208 75 106 182 13 52 209 205 48 19 42 29 54 240 181 172] 3}]
INFO [10-28|14:18:36] There is a quorum                        height=2 round=0
--- in rm.process p.id: --- Peer 94dd98401cf6ca04 [eth/63]
INFO [10-28|14:18:36] ============in cm.commitLockset============ 
INFO [10-28|14:18:36] in commitLockset, check ls HasQuorum 
INFO [10-28|14:18:36] in HasQuorum 
INFO [10-28|14:18:36] In IsValid() 
len(lockset.Votes): 3 lockset.EligibleVotesNum: 4
INFO [10-28|14:18:36] in sortByBlockhash 
made bhs, bhs: map[[3 72 12 43 183 10 130 250 32 249 29 247 227 171 138 64 208 75 106 182 13 52 209 205 48 19 42 29 54 240 181 172]:3]
made hs, hs: [{[3 72 12 43 183 10 130 250 32 249 29 247 227 171 138 64 208 75 106 182 13 52 209 205 48 19 42 29 54 240 181 172] 3}]
sorted hs, hs: [{[3 72 12 43 183 10 130 250 32 249 29 247 227 171 138 64 208 75 106 182 13 52 209 205 48 19 42 29 54 240 181 172] 3}]
INFO [10-28|14:18:36] cm.found is not nil 
INFO [10-28|14:18:36] store lockset 
peerid: 94dd98401cf6ca04
INFO [10-28|14:18:36] ---storeLockset--- 
INFO [10-28|14:18:36] have a consensus on the block 
cmH 2
INFO [10-28|14:18:36] after cm.process() 
INFO [10-28|14:18:36] result.Header().Coinbase != b.signer 
result.Header().Coinbase: [220 236 234 243 252 92 10 99 209 149 214 155 26 144 1 27 123 25 101 13] b.signer: [130 169 120 179 245 150 42 91 9 87 217 238 158 239 71 46 229 91 66 241]
INFO [10-28|14:18:36] in validatorCommit1 
ConsensusTime, 1023307886 , txs, 1599 , blockNum, 2
FinishedConsensus, 1540707516828097000
INFO [10-28|14:18:36] result is nil 
INFO [10-28|14:18:36] === Finished Mine() === 
pid: 94dd98401cf6ca04
block number 2
-------in NewBFTValidatorBlock-------
INFO [10-28|14:18:36] in validatorCommit2 
validatorCommit time: 256.386µs
INFO [10-28|14:18:36] **in eth.handler**, get result from ch 
INFO [10-28|14:18:36] ***in BFT.VVVVerifyHeader*** 
INFO [10-28|14:18:36] ***in BFT.verifyHeader*** 
INFO [10-28|14:18:36] ***in BFT.verifySeal*** 
INFO [10-28|14:18:36] In verifyVotes 
INFO [10-28|14:18:36] in HasQuorum 
INFO [10-28|14:18:36] In IsValid() 
len(lockset.Votes): 3 lockset.EligibleVotesNum: 4
INFO [10-28|14:18:36] in sortByBlockhash 
made bhs, bhs: map[[3 72 12 43 183 10 130 250 32 249 29 247 227 171 138 64 208 75 106 182 13 52 209 205 48 19 42 29 54 240 181 172]:3]
made hs, hs: [{[3 72 12 43 183 10 130 250 32 249 29 247 227 171 138 64 208 75 106 182 13 52 209 205 48 19 42 29 54 240 181 172] 3}]
sorted hs, hs: [{[3 72 12 43 183 10 130 250 32 249 29 247 227 171 138 64 208 75 106 182 13 52 209 205 48 19 42 29 54 240 181 172] 3}]
INFO [10-28|14:18:36] ***in BFT.VerifyHeaderSSSS*** 
INFO [10-28|14:18:36] ***in BFT.verifyHeader*** 
INFO [10-28|14:18:36] ***in BFT.verifySeal*** 
INFO [10-28|14:18:36] In verifyVotes 
INFO [10-28|14:18:36] in HasQuorum 
INFO [10-28|14:18:36] In IsValid() 
len(lockset.Votes): 3 lockset.EligibleVotesNum: 4
INFO [10-28|14:18:36] in sortByBlockhash 
made bhs, bhs: map[[3 72 12 43 183 10 130 250 32 249 29 247 227 171 138 64 208 75 106 182 13 52 209 205 48 19 42 29 54 240 181 172]:3]
made hs, hs: [{[3 72 12 43 183 10 130 250 32 249 29 247 227 171 138 64 208 75 106 182 13 52 209 205 48 19 42 29 54 240 181 172] 3}]
sorted hs, hs: [{[3 72 12 43 183 10 130 250 32 249 29 247 227 171 138 64 208 75 106 182 13 52 209 205 48 19 42 29 54 240 181 172] 3}]
INFO [10-28|14:18:36] Handle BFT Msg,                          msg="msg #17 (107 bytes)"
INFO [10-28|14:18:36] ------Received VoteMsg------ 
voteHR: H: 2 R: 0 voteType:: 1 voteHash: [3 72 12 43 183 10 130 250 32 249 29 247 227 171 138 64 208 75 106 182 13 52 209 205 48 19 42 29 54 240 181 172]
cmHR: H: 2 R: 0
INFO [10-28|14:18:36] --------------------------------------- 
INFO [10-28|14:18:36] addVote to                               height=2 round=0 from=0x7d577a597b2742b498cb5cf0c26cdcd726d39e6e success=true cm.coinbase=0x82a978b3f5962a5b0957d9ee9eef472ee55b42f1
INFO [10-28|14:18:36] ------in handle VoteMsg, success!------ 
INFO [10-28|14:18:36] received NewBlockMsg! 
INFO [10-28|14:18:39] Imported new chain segment               blocks=1 txs=1599 mgas=33.579 elapsed=2.469s    mgasps=13.598 number=2 hash=03480c…f0b5ac
FinishedPostExec, 1540707519298984000 , txs, 1599
PostExecTime, 2.469369961s
INFO [10-28|14:18:39] in pool.evenLoop, call pool.resetState 
INFO [10-28|14:18:41] Commit new mining work                   number=3 txs=1599 uncles=0 elapsed=1.806s
INFO [10-28|14:18:41] Sealing                                  block n=3
StartConsensus, 1540707521105867000
INFO [10-28|14:18:41] Start Process 
INFO [10-28|14:18:41] in cm.Process, check lastCommittingLockset() 
INFO [10-28|14:18:41] In IsValid() 
len(lockset.Votes): 4 lockset.EligibleVotesNum: 4
INFO [10-28|14:18:41] in HasQuorum 
INFO [10-28|14:18:41] In IsValid() 
len(lockset.Votes): 4 lockset.EligibleVotesNum: 4
INFO [10-28|14:18:41] in sortByBlockhash 
made bhs, bhs: map[[3 72 12 43 183 10 130 250 32 249 29 247 227 171 138 64 208 75 106 182 13 52 209 205 48 19 42 29 54 240 181 172]:4]
made hs, hs: [{[3 72 12 43 183 10 130 250 32 249 29 247 227 171 138 64 208 75 106 182 13 52 209 205 48 19 42 29 54 240 181 172] 4}]
sorted hs, hs: [{[3 72 12 43 183 10 130 250 32 249 29 247 227 171 138 64 208 75 106 182 13 52 209 205 48 19 42 29 54 240 181 172] 4}]
=====CM.COINBASE IS:===== [130 169 120 179 245 150 42 91 9 87 217 238 158 239 71 46 229 91 66 241] block number is: 3
INFO [10-28|14:18:41] case: default, cm.process 
ready: 4 need: 2.6666667
INFO [10-28|14:18:41] ---------------process------------------ 
INFO [10-28|14:18:41] In RM Process                            height=3 round=0
INFO [10-28|14:18:41] --------In rm.propose------- 
INFO [10-28|14:18:41] ---------------in rm.vote----------------- 
INFO [10-28|14:18:41] in vote in RM                            height=3 round=0
INFO [10-28|14:18:41] Timeout time not reach, curr vs timeout: curr=1540707521.000 timeout=1540707526.000
INFO [10-28|14:18:41] in rm.process, check lockset HasQuorum 
INFO [10-28|14:18:41] in HasQuorum 
INFO [10-28|14:18:41] In IsValid() 
len(lockset.Votes): 0 lockset.EligibleVotesNum: 4
INFO [10-28|14:18:41] rm lockset is not valid yet 
INFO [10-28|14:18:41] after cm.process() 
INFO [10-28|14:18:41] Handle BFT Msg,                          msg="msg #11 (173336 bytes)"
INFO [10-28|14:18:41] -------Received NewBlockProposalMsg------- 
bpHR: H: 3 R: 0
cmHR: H: 3 R: 0
INFO [10-28|14:18:41] --------------------------------------- 
# collMsig from = Peer d9d5b902798f5c42 [eth/63]
cmHR: H: 3 R: 0
this is rm.proposerPeer  Peer d9d5b902798f5c42 [eth/63]
INFO [10-28|14:18:41] In IsValid() 
len(lockset.Votes): 0 lockset.EligibleVotesNum: 0
INFO [10-28|14:18:41] cm add BlockProposal                     h=3 r=0
INFO [10-28|14:18:41] in HasQuorum 
INFO [10-28|14:18:41] In IsValid() 
len(lockset.Votes): 4 lockset.EligibleVotesNum: 4
INFO [10-28|14:18:41] in sortByBlockhash 
made bhs, bhs: map[[3 72 12 43 183 10 130 250 32 249 29 247 227 171 138 64 208 75 106 182 13 52 209 205 48 19 42 29 54 240 181 172]:4]
made hs, hs: [{[3 72 12 43 183 10 130 250 32 249 29 247 227 171 138 64 208 75 106 182 13 52 209 205 48 19 42 29 54 240 181 172] 4}]
sorted hs, hs: [{[3 72 12 43 183 10 130 250 32 249 29 247 227 171 138 64 208 75 106 182 13 52 209 205 48 19 42 29 54 240 181 172] 4}]
INFO [10-28|14:18:41] in collectMsig, i am wintness 
Msig=  @cm.privkey = &{{0xc42016f2f0 96994637132535813140580960719815835414464994897665158999171667310059042400970 49800539834738580210047339881242396298985681407901361833723082549952511081997} 1937035142596246788172577232054709726386880441279550832067530347910661804397} ##cm.coinbase= [130 169 120 179 245 150 42 91 9 87 217 238 158 239 71 46 229 91 66 241]
in collect Misg from Peer d9d5b902798f5c42 [eth/63]
INFO [10-28|14:18:41] Return MsigProposalMsg to                LOG15_ERROR= LOG15_ERROR="Normalized odd number of arguments by adding nil"
INFO [10-28|14:18:41] Send MsigProposalMsg 
INFO [10-28|14:18:41] In addBlockCandidates!! 
INFO [10-28|14:18:41] -------in handle NewBlockProposalMsg, success!------- 
INFO [10-28|14:18:41] case: default, cm.process 
ready: 4 need: 2.6666667
INFO [10-28|14:18:41] ---------------process------------------ 
INFO [10-28|14:18:41] In RM Process                            height=3 round=0
INFO [10-28|14:18:41] --------In rm.propose------- 
INFO [10-28|14:18:41] ---------------in rm.vote----------------- 
INFO [10-28|14:18:41] in vote in RM                            height=3 round=0
INFO [10-28|14:18:41] vote mp 
INFO [10-28|14:18:41] vote success in                          height=3 round=0
INFO [10-28|14:18:41] Send VoteMsg 
INFO [10-28|14:18:41] in rm.process, check lockset HasQuorum 
INFO [10-28|14:18:41] in HasQuorum 
INFO [10-28|14:18:41] In IsValid() 
len(lockset.Votes): 1 lockset.EligibleVotesNum: 4
INFO [10-28|14:18:41] rm lockset is not valid yet 
INFO [10-28|14:18:41] after cm.process() 
INFO [10-28|14:18:41] Handle BFT Msg,                          msg="msg #17 (107 bytes)"
INFO [10-28|14:18:41] ------Received VoteMsg------ 
voteHR: H: 3 R: 0 voteType:: 1 voteHash: [49 210 71 126 97 193 179 157 177 7 16 235 123 115 186 68 236 104 72 88 17 15 112 247 178 18 92 215 228 7 245 143]
cmHR: H: 3 R: 0
INFO [10-28|14:18:41] --------------------------------------- 
INFO [10-28|14:18:41] addVote to                               height=3 round=0 from=0x7d577a597b2742b498cb5cf0c26cdcd726d39e6e success=true cm.coinbase=0x82a978b3f5962a5b0957d9ee9eef472ee55b42f1
INFO [10-28|14:18:41] ------in handle VoteMsg, success!------ 
INFO [10-28|14:18:41] Handle BFT Msg,                          msg="msg #17 (107 bytes)"
INFO [10-28|14:18:41] ------Received VoteMsg------ 
voteHR: H: 3 R: 0 voteType:: 1 voteHash: [49 210 71 126 97 193 179 157 177 7 16 235 123 115 186 68 236 104 72 88 17 15 112 247 178 18 92 215 228 7 245 143]
cmHR: H: 3 R: 0
INFO [10-28|14:18:41] --------------------------------------- 
INFO [10-28|14:18:41] addVote to                               height=3 round=0 from=0xdceceaf3fc5c0a63d195d69b1a90011b7b19650d success=true cm.coinbase=0x82a978b3f5962a5b0957d9ee9eef472ee55b42f1
INFO [10-28|14:18:41] ------in handle VoteMsg, success!------ 
INFO [10-28|14:18:41] Handle BFT Msg,                          msg="msg #17 (107 bytes)"
INFO [10-28|14:18:41] ------Received VoteMsg------ 
voteHR: H: 3 R: 0 voteType:: 1 voteHash: [49 210 71 126 97 193 179 157 177 7 16 235 123 115 186 68 236 104 72 88 17 15 112 247 178 18 92 215 228 7 245 143]
cmHR: H: 3 R: 0
INFO [10-28|14:18:41] --------------------------------------- 
INFO [10-28|14:18:41] addVote to                               height=3 round=0 from=0x598443f1880ef585b21f1d7585bd0577402861e5 success=true cm.coinbase=0x82a978b3f5962a5b0957d9ee9eef472ee55b42f1
INFO [10-28|14:18:41] ------in handle VoteMsg, success!------ 
INFO [10-28|14:18:41] case: default, cm.process 
ready: 4 need: 2.6666667
INFO [10-28|14:18:41] ---------------process------------------ 
INFO [10-28|14:18:41] In RM Process                            height=3 round=0
INFO [10-28|14:18:41] --------In rm.propose------- 
INFO [10-28|14:18:41] ---------------in rm.vote----------------- 
INFO [10-28|14:18:41] voted 
INFO [10-28|14:18:41] in rm.process, check lockset HasQuorum 
INFO [10-28|14:18:41] in HasQuorum 
INFO [10-28|14:18:41] In IsValid() 
len(lockset.Votes): 4 lockset.EligibleVotesNum: 4
INFO [10-28|14:18:41] in sortByBlockhash 
made bhs, bhs: map[[49 210 71 126 97 193 179 157 177 7 16 235 123 115 186 68 236 104 72 88 17 15 112 247 178 18 92 215 228 7 245 143]:4]
made hs, hs: [{[49 210 71 126 97 193 179 157 177 7 16 235 123 115 186 68 236 104 72 88 17 15 112 247 178 18 92 215 228 7 245 143] 4}]
sorted hs, hs: [{[49 210 71 126 97 193 179 157 177 7 16 235 123 115 186 68 236 104 72 88 17 15 112 247 178 18 92 215 228 7 245 143] 4}]
INFO [10-28|14:18:41] There is a quorum                        height=3 round=0
--- in rm.process p.id: --- Peer d9d5b902798f5c42 [eth/63]
INFO [10-28|14:18:41] ============in cm.commitLockset============ 
INFO [10-28|14:18:41] in commitLockset, check ls HasQuorum 
INFO [10-28|14:18:41] in HasQuorum 
INFO [10-28|14:18:41] In IsValid() 
len(lockset.Votes): 4 lockset.EligibleVotesNum: 4
INFO [10-28|14:18:41] in sortByBlockhash 
made bhs, bhs: map[[49 210 71 126 97 193 179 157 177 7 16 235 123 115 186 68 236 104 72 88 17 15 112 247 178 18 92 215 228 7 245 143]:4]
made hs, hs: [{[49 210 71 126 97 193 179 157 177 7 16 235 123 115 186 68 236 104 72 88 17 15 112 247 178 18 92 215 228 7 245 143] 4}]
sorted hs, hs: [{[49 210 71 126 97 193 179 157 177 7 16 235 123 115 186 68 236 104 72 88 17 15 112 247 178 18 92 215 228 7 245 143] 4}]
INFO [10-28|14:18:41] cm.found is not nil 
INFO [10-28|14:18:41] store lockset 
peerid: d9d5b902798f5c42
INFO [10-28|14:18:41] ---storeLockset--- 
cmH 3
INFO [10-28|14:18:41] have a consensus on the block 
INFO [10-28|14:18:41] after cm.process() 
INFO [10-28|14:18:41] result.Header().Coinbase != b.signer 
result.Header().Coinbase: [89 132 67 241 136 14 245 133 178 31 29 117 133 189 5 119 64 40 97 229] b.signer: [130 169 120 179 245 150 42 91 9 87 217 238 158 239 71 46 229 91 66 241]
ConsensusTime, 210478474 , txs, 1599 , blockNum, 3
INFO [10-28|14:18:41] in validatorCommit1 
FinishedConsensus, 1540707521316310000
INFO [10-28|14:18:41] result is nil 
INFO [10-28|14:18:41] === Finished Mine() === 
pid: d9d5b902798f5c42
block number 3
-------in NewBFTValidatorBlock-------
INFO [10-28|14:18:41] in validatorCommit2 
validatorCommit time: 276.43µs
INFO [10-28|14:18:41] **in eth.handler**, get result from ch 
INFO [10-28|14:18:41] ***in BFT.VVVVerifyHeader*** 
INFO [10-28|14:18:41] ***in BFT.verifyHeader*** 
INFO [10-28|14:18:41] ***in BFT.verifySeal*** 
INFO [10-28|14:18:41] In verifyVotes 
INFO [10-28|14:18:41] in HasQuorum 
INFO [10-28|14:18:41] In IsValid() 
len(lockset.Votes): 4 lockset.EligibleVotesNum: 4
INFO [10-28|14:18:41] in sortByBlockhash 
made bhs, bhs: map[[49 210 71 126 97 193 179 157 177 7 16 235 123 115 186 68 236 104 72 88 17 15 112 247 178 18 92 215 228 7 245 143]:4]
made hs, hs: [{[49 210 71 126 97 193 179 157 177 7 16 235 123 115 186 68 236 104 72 88 17 15 112 247 178 18 92 215 228 7 245 143] 4}]
sorted hs, hs: [{[49 210 71 126 97 193 179 157 177 7 16 235 123 115 186 68 236 104 72 88 17 15 112 247 178 18 92 215 228 7 245 143] 4}]
INFO [10-28|14:18:41] ***in BFT.VerifyHeaderSSSS*** 
INFO [10-28|14:18:41] ***in BFT.verifyHeader*** 
INFO [10-28|14:18:41] ***in BFT.verifySeal*** 
INFO [10-28|14:18:41] In verifyVotes 
INFO [10-28|14:18:41] in HasQuorum 
INFO [10-28|14:18:41] In IsValid() 
len(lockset.Votes): 4 lockset.EligibleVotesNum: 4
INFO [10-28|14:18:41] in sortByBlockhash 
made bhs, bhs: map[[49 210 71 126 97 193 179 157 177 7 16 235 123 115 186 68 236 104 72 88 17 15 112 247 178 18 92 215 228 7 245 143]:4]
made hs, hs: [{[49 210 71 126 97 193 179 157 177 7 16 235 123 115 186 68 236 104 72 88 17 15 112 247 178 18 92 215 228 7 245 143] 4}]
sorted hs, hs: [{[49 210 71 126 97 193 179 157 177 7 16 235 123 115 186 68 236 104 72 88 17 15 112 247 178 18 92 215 228 7 245 143] 4}]
INFO [10-28|14:18:41] received NewBlockMsg! 
INFO [10-28|14:18:42] Imported new chain segment               blocks=1 txs=1599 mgas=33.579 elapsed=1.017s    mgasps=32.999 number=3 hash=31d247…07f58f
FinishedPostExec, 1540707522334471000 , txs, 1599
PostExecTime, 1.017582002s
INFO [10-28|14:18:42] in pool.evenLoop, call pool.resetState 
INFO [10-28|14:18:44] Commit new mining work                   number=4 txs=1600 uncles=0 elapsed=2.044s
INFO [10-28|14:18:44] Sealing                                  block n=4
StartConsensus, 1540707524379094000
INFO [10-28|14:18:44] Start Process 
INFO [10-28|14:18:44] in cm.Process, check lastCommittingLockset() 
INFO [10-28|14:18:44] In IsValid() 
len(lockset.Votes): 4 lockset.EligibleVotesNum: 4
INFO [10-28|14:18:44] in HasQuorum 
INFO [10-28|14:18:44] In IsValid() 
len(lockset.Votes): 4 lockset.EligibleVotesNum: 4
INFO [10-28|14:18:44] in sortByBlockhash 
made bhs, bhs: map[[49 210 71 126 97 193 179 157 177 7 16 235 123 115 186 68 236 104 72 88 17 15 112 247 178 18 92 215 228 7 245 143]:4]
made hs, hs: [{[49 210 71 126 97 193 179 157 177 7 16 235 123 115 186 68 236 104 72 88 17 15 112 247 178 18 92 215 228 7 245 143] 4}]
sorted hs, hs: [{[49 210 71 126 97 193 179 157 177 7 16 235 123 115 186 68 236 104 72 88 17 15 112 247 178 18 92 215 228 7 245 143] 4}]
=====CM.COINBASE IS:===== [130 169 120 179 245 150 42 91 9 87 217 238 158 239 71 46 229 91 66 241] block number is: 4
INFO [10-28|14:18:44] case: default, cm.process 
ready: 4 need: 2.6666667
INFO [10-28|14:18:44] ---------------process------------------ 
INFO [10-28|14:18:44] In RM Process                            height=4 round=0
INFO [10-28|14:18:44] --------In rm.propose------- 
INFO [10-28|14:18:44] I am a proposer in                       height=4 round=0
INFO [10-28|14:18:44] in propose, check lastRoundLockset 
lastRoundLockset, hm.activeround: 0
INFO [10-28|14:18:44] ------in mkProposal------ 
INFO [10-28|14:18:44] In IsValid() 
len(lockset.Votes): 4 lockset.EligibleVotesNum: 4
INFO [10-28|14:18:44] in HasQuorum 
INFO [10-28|14:18:44] In IsValid() 
len(lockset.Votes): 4 lockset.EligibleVotesNum: 4
INFO [10-28|14:18:44] in sortByBlockhash 
made bhs, bhs: map[[49 210 71 126 97 193 179 157 177 7 16 235 123 115 186 68 236 104 72 88 17 15 112 247 178 18 92 215 228 7 245 143]:4]
made hs, hs: [{[49 210 71 126 97 193 179 157 177 7 16 235 123 115 186 68 236 104 72 88 17 15 112 247 178 18 92 215 228 7 245 143] 4}]
sorted hs, hs: [{[49 210 71 126 97 193 179 157 177 7 16 235 123 115 186 68 236 104 72 88 17 15 112 247 178 18 92 215 228 7 245 143] 4}]
INFO [10-28|14:18:44] LockSet(R-1) is nil (rm.round should equal to zero) 
INFO [10-28|14:18:44] in HasQuorum 
INFO [10-28|14:18:44] In IsValid() 
len(lockset.Votes): 4 lockset.EligibleVotesNum: 4
INFO [10-28|14:18:44] in sortByBlockhash 
made bhs, bhs: map[[49 210 71 126 97 193 179 157 177 7 16 235 123 115 186 68 236 104 72 88 17 15 112 247 178 18 92 215 228 7 245 143]:4]
made hs, hs: [{[49 210 71 126 97 193 179 157 177 7 16 235 123 115 186 68 236 104 72 88 17 15 112 247 178 18 92 215 228 7 245 143] 4}]
sorted hs, hs: [{[49 210 71 126 97 193 179 157 177 7 16 235 123 115 186 68 236 104 72 88 17 15 112 247 178 18 92 215 228 7 245 143] 4}]
INFO [10-28|14:18:44] in HasQuorum 
INFO [10-28|14:18:44] In IsValid() 
len(lockset.Votes): 4 lockset.EligibleVotesNum: 4
INFO [10-28|14:18:44] in sortByBlockhash 
made bhs, bhs: map[[49 210 71 126 97 193 179 157 177 7 16 235 123 115 186 68 236 104 72 88 17 15 112 247 178 18 92 215 228 7 245 143]:4]
made hs, hs: [{[49 210 71 126 97 193 179 157 177 7 16 235 123 115 186 68 236 104 72 88 17 15 112 247 178 18 92 215 228 7 245 143] 4}]
sorted hs, hs: [{[49 210 71 126 97 193 179 157 177 7 16 235 123 115 186 68 236 104 72 88 17 15 112 247 178 18 92 215 228 7 245 143] 4}]
INFO [10-28|14:18:44] in newbp, 11 
INFO [10-28|14:18:44] in newbp, 12 
Create block blockhash :  [79 250 21 202 93 220 157 205 101 197 206 12 94 235 149 89 30 162 57 164 34 26 35 137 216 237 107 157 235 160 231 178]
INFO [10-28|14:18:44] In addBlockCandidates!! 
INFO [10-28|14:18:44] Send NewBlockProposalMsg:                LOG15_ERROR=                                                   LOG15_ERROR="Normalized odd number of arguments by adding nil"
INFO [10-28|14:18:44] ---------------in rm.vote----------------- 
INFO [10-28|14:18:44] in vote in RM                            height=4 round=0
INFO [10-28|14:18:44] Timeout time not reach, curr vs timeout: curr=1540707524.000 timeout=1540707529.000
INFO [10-28|14:18:44] in rm.process, check lockset HasQuorum 
INFO [10-28|14:18:44] in HasQuorum 
INFO [10-28|14:18:44] In IsValid() 
len(lockset.Votes): 0 lockset.EligibleVotesNum: 4
INFO [10-28|14:18:44] rm lockset is not valid yet 
INFO [10-28|14:18:44] after cm.process() 
INFO [10-28|14:18:44] Handle BFT Msg,                          msg="msg #18 (544 bytes)"
INFO [10-28|14:18:44] ------Received MsigProposalMsg------ 
I received msp from  Peer 6d11b37ef4fc909a [eth/63]
mpHR: H: 4 R: 0 hash: [79 250 21 202 93 220 157 205 101 197 206 12 94 235 149 89 30 162 57 164 34 26 35 137 216 237 107 157 235 160 231 178]
cmHR: H: 4 R: 0
INFO [10-28|14:18:44] --------------------------------------- 
mp= &{<nil> 28 97437666690936275880392186030689017951276380305681950867076388414149594960486 6052219217470047610205200252060173663004600517663474281208757040051798675158 map[] map[] map[] 4 0 [79 250 21 202 93 220 157 205 101 197 206 12 94 235 149 89 30 162 57 164 34 26 35 137 216 237 107 157 235 160 231 178] 0xc42992e960 0xc42992e9b0}
H====:  4 P==== 0
@rm.proposerPeer = <nil>
INFO [10-28|14:18:44] in MsigFinished 
INFO [10-28|14:18:44] ------addmsigproposal success!------- 
mp= &{0xc42a078ae0 28 97437666690936275880392186030689017951276380305681950867076388414149594960486 6052219217470047610205200252060173663004600517663474281208757040051798675158 map[] map[] map[] 4 0 [79 250 21 202 93 220 157 205 101 197 206 12 94 235 149 89 30 162 57 164 34 26 35 137 216 237 107 157 235 160 231 178] 0xc42992e960 0xc42992e9b0}
INFO [10-28|14:18:44] case: default, cm.process 
ready: 4 need: 2.6666667
INFO [10-28|14:18:44] ---------------process------------------ 
INFO [10-28|14:18:44] In RM Process                            height=4 round=0
INFO [10-28|14:18:44] --------In rm.propose------- 
INFO [10-28|14:18:44] I am a proposer in                       height=4 round=0
INFO [10-28|14:18:44] ---------------in rm.vote----------------- 
INFO [10-28|14:18:44] in vote in RM                            height=4 round=0
INFO [10-28|14:18:44] vote mp 
INFO [10-28|14:18:44] vote success in                          height=4 round=0
INFO [10-28|14:18:44] Send VoteMsg 
INFO [10-28|14:18:44] in rm.process, check lockset HasQuorum 
INFO [10-28|14:18:44] in HasQuorum 
INFO [10-28|14:18:44] In IsValid() 
len(lockset.Votes): 1 lockset.EligibleVotesNum: 4
INFO [10-28|14:18:44] rm lockset is not valid yet 
INFO [10-28|14:18:44] after cm.process() 
INFO [10-28|14:18:44] Handle BFT Msg,                          msg="msg #17 (107 bytes)"
INFO [10-28|14:18:44] ------Received VoteMsg------ 
voteHR: H: 4 R: 0 voteType:: 1 voteHash: [79 250 21 202 93 220 157 205 101 197 206 12 94 235 149 89 30 162 57 164 34 26 35 137 216 237 107 157 235 160 231 178]
cmHR: H: 4 R: 0
INFO [10-28|14:18:44] --------------------------------------- 
INFO [10-28|14:18:44] addVote to                               height=4 round=0 from=0x598443f1880ef585b21f1d7585bd0577402861e5 success=true cm.coinbase=0x82a978b3f5962a5b0957d9ee9eef472ee55b42f1
INFO [10-28|14:18:44] ------in handle VoteMsg, success!------ 
INFO [10-28|14:18:44] Handle BFT Msg,                          msg="msg #17 (107 bytes)"
INFO [10-28|14:18:44] ------Received VoteMsg------ 
voteHR: H: 4 R: 0 voteType:: 1 voteHash: [79 250 21 202 93 220 157 205 101 197 206 12 94 235 149 89 30 162 57 164 34 26 35 137 216 237 107 157 235 160 231 178]
cmHR: H: 4 R: 0
INFO [10-28|14:18:44] --------------------------------------- 
INFO [10-28|14:18:44] addVote to                               height=4 round=0 from=0x7d577a597b2742b498cb5cf0c26cdcd726d39e6e success=true cm.coinbase=0x82a978b3f5962a5b0957d9ee9eef472ee55b42f1
INFO [10-28|14:18:44] ------in handle VoteMsg, success!------ 
INFO [10-28|14:18:44] case: default, cm.process 
ready: 4 need: 2.6666667
INFO [10-28|14:18:44] ---------------process------------------ 
INFO [10-28|14:18:44] In RM Process                            height=4 round=0
INFO [10-28|14:18:44] --------In rm.propose------- 
INFO [10-28|14:18:44] I am a proposer in                       height=4 round=0
INFO [10-28|14:18:44] ---------------in rm.vote----------------- 
INFO [10-28|14:18:44] voted 
INFO [10-28|14:18:44] in rm.process, check lockset HasQuorum 
INFO [10-28|14:18:44] in HasQuorum 
INFO [10-28|14:18:44] In IsValid() 
len(lockset.Votes): 3 lockset.EligibleVotesNum: 4
INFO [10-28|14:18:44] in sortByBlockhash 
made bhs, bhs: map[[79 250 21 202 93 220 157 205 101 197 206 12 94 235 149 89 30 162 57 164 34 26 35 137 216 237 107 157 235 160 231 178]:3]
made hs, hs: [{[79 250 21 202 93 220 157 205 101 197 206 12 94 235 149 89 30 162 57 164 34 26 35 137 216 237 107 157 235 160 231 178] 3}]
sorted hs, hs: [{[79 250 21 202 93 220 157 205 101 197 206 12 94 235 149 89 30 162 57 164 34 26 35 137 216 237 107 157 235 160 231 178] 3}]
INFO [10-28|14:18:44] There is a quorum                        height=4 round=0
INFO [10-28|14:18:44] ============in cm.commitLockset============ 
INFO [10-28|14:18:44] in commitLockset, check ls HasQuorum 
INFO [10-28|14:18:44] in HasQuorum 
INFO [10-28|14:18:44] In IsValid() 
len(lockset.Votes): 3 lockset.EligibleVotesNum: 4
INFO [10-28|14:18:44] in sortByBlockhash 
made bhs, bhs: map[[79 250 21 202 93 220 157 205 101 197 206 12 94 235 149 89 30 162 57 164 34 26 35 137 216 237 107 157 235 160 231 178]:3]
made hs, hs: [{[79 250 21 202 93 220 157 205 101 197 206 12 94 235 149 89 30 162 57 164 34 26 35 137 216 237 107 157 235 160 231 178] 3}]
sorted hs, hs: [{[79 250 21 202 93 220 157 205 101 197 206 12 94 235 149 89 30 162 57 164 34 26 35 137 216 237 107 157 235 160 231 178] 3}]
INFO [10-28|14:18:44] cm.found is not nil 
INFO [10-28|14:18:44] store lockset 
INFO [10-28|14:18:44] ---storeLockset--- 
INFO [10-28|14:18:44] after cm.process() 
INFO [10-28|14:18:44] have a consensus on the block 
ConsensusTime, 268459614 , txs, 1600 , blockNum, 4
FinishedConsensus, 1540707524647534000
INFO [10-28|14:18:44] Successfully sealed new block            number=4 hash=4ffa15…a0e7b2
INFO [10-28|14:18:44] === Finished Mine() === 
INFO [10-28|14:18:44] Handle BFT Msg,                          msg="msg #9 (3 bytes)"
INFO [10-28|14:18:44] -------GetLocksetsMsg------- 
GetLockSetsMsg request:  [{4}] from:  94dd98401cf6ca04
INFO [10-28|14:18:44]  Sending Lockset                         LOG15_ERROR=                                                   LOG15_ERROR="Normalized odd number of arguments by adding nil"
INFO [10-28|14:18:44] 🔨 mined potential block                  number=4 hash=4ffa15…a0e7b2
INFO [10-28|14:18:44] in pool.evenLoop, call pool.resetState 
INFO [10-28|14:18:44] ---atomic.LoadInt32(&self.mining) == 1 && work.tcount == 0--- 
INFO [10-28|14:18:45] Handle BFT Msg,                          msg="msg #17 (107 bytes)"
INFO [10-28|14:18:45] ------Received VoteMsg------ 
voteHR: H: 4 R: 0 voteType:: 1 voteHash: [79 250 21 202 93 220 157 205 101 197 206 12 94 235 149 89 30 162 57 164 34 26 35 137 216 237 107 157 235 160 231 178]
cmHR: H: 5 R: 0
INFO [10-28|14:18:45] --------------------------------------- 
INFO [10-28|14:18:45] addVote to                               height=4 round=0 from=0xdceceaf3fc5c0a63d195d69b1a90011b7b19650d success=true cm.coinbase=0x82a978b3f5962a5b0957d9ee9eef472ee55b42f1
INFO [10-28|14:18:45] ------in handle VoteMsg, success!------ 
INFO [10-28|14:18:50] Handle BFT Msg,                          msg="msg #18 (544 bytes)"
INFO [10-28|14:18:50] ------Received MsigProposalMsg------ 
I received msp from  Peer 94dd98401cf6ca04 [eth/63]
mpHR: H: 5 R: 0 hash: [89 87 132 97 134 9 156 44 163 213 136 185 237 27 167 171 78 28 45 25 61 46 220 72 201 6 240 128 198 1 166 33]
cmHR: H: 5 R: 0
INFO [10-28|14:18:50] --------------------------------------- 
mp= &{<nil> 27 28857777108686814538965243270117556627965806288940687442829424241789805343147 30269538207030732201052904080217971449053032790882906174856514850541139547723 map[] map[] map[] 5 0 [89 87 132 97 134 9 156 44 163 213 136 185 237 27 167 171 78 28 45 25 61 46 220 72 201 6 240 128 198 1 166 33] 0xc42a67e190 0xc42a67e1e0}
INFO [10-28|14:18:50] received mp before p, wait for a while 
INFO [10-28|14:18:50] Handle BFT Msg,                          msg="msg #11 (173950 bytes)"
INFO [10-28|14:18:50] -------Received NewBlockProposalMsg------- 
bpHR: H: 5 R: 0
cmHR: H: 5 R: 0
INFO [10-28|14:18:50] --------------------------------------- 
# collMsig from = Peer 6d11b37ef4fc909a [eth/63]
cmHR: H: 5 R: 0
this is rm.proposerPeer  Peer 6d11b37ef4fc909a [eth/63]
INFO [10-28|14:18:50] In IsValid() 
len(lockset.Votes): 0 lockset.EligibleVotesNum: 0
INFO [10-28|14:18:50] cm add BlockProposal                     h=5 r=0
INFO [10-28|14:18:50] in HasQuorum 
INFO [10-28|14:18:50] In IsValid() 
len(lockset.Votes): 4 lockset.EligibleVotesNum: 4
INFO [10-28|14:18:50] in sortByBlockhash 
made bhs, bhs: map[[79 250 21 202 93 220 157 205 101 197 206 12 94 235 149 89 30 162 57 164 34 26 35 137 216 237 107 157 235 160 231 178]:4]
made hs, hs: [{[79 250 21 202 93 220 157 205 101 197 206 12 94 235 149 89 30 162 57 164 34 26 35 137 216 237 107 157 235 160 231 178] 4}]
sorted hs, hs: [{[79 250 21 202 93 220 157 205 101 197 206 12 94 235 149 89 30 162 57 164 34 26 35 137 216 237 107 157 235 160 231 178] 4}]
INFO [10-28|14:18:50] In addBlockCandidates!! 
INFO [10-28|14:18:50] -------in handle NewBlockProposalMsg, success!------- 
H====:  5 P==== 0
@rm.proposerPeer = Peer 6d11b37ef4fc909a [eth/63]
INFO [10-28|14:18:51] in MsigFinished 
INFO [10-28|14:18:51] ------addmsigproposal success!------- 
mp= &{0xc425b19de0 27 28857777108686814538965243270117556627965806288940687442829424241789805343147 30269538207030732201052904080217971449053032790882906174856514850541139547723 map[] map[] map[] 5 0 [89 87 132 97 134 9 156 44 163 213 136 185 237 27 167 171 78 28 45 25 61 46 220 72 201 6 240 128 198 1 166 33] 0xc42a67e190 0xc42a67e1e0}
INFO [10-28|14:18:51] Handle BFT Msg,                          msg="msg #17 (107 bytes)"
INFO [10-28|14:18:51] ------Received VoteMsg------ 
voteHR: H: 5 R: 0 voteType:: 1 voteHash: [89 87 132 97 134 9 156 44 163 213 136 185 237 27 167 171 78 28 45 25 61 46 220 72 201 6 240 128 198 1 166 33]
cmHR: H: 5 R: 0
INFO [10-28|14:18:51] --------------------------------------- 
INFO [10-28|14:18:51] addVote to                               height=5 round=0 from=0xdceceaf3fc5c0a63d195d69b1a90011b7b19650d success=true cm.coinbase=0x82a978b3f5962a5b0957d9ee9eef472ee55b42f1
INFO [10-28|14:18:51] ------in handle VoteMsg, success!------ 
INFO [10-28|14:18:51] Handle BFT Msg,                          msg="msg #17 (107 bytes)"
INFO [10-28|14:18:51] ------Received VoteMsg------ 
voteHR: H: 5 R: 0 voteType:: 1 voteHash: [89 87 132 97 134 9 156 44 163 213 136 185 237 27 167 171 78 28 45 25 61 46 220 72 201 6 240 128 198 1 166 33]
cmHR: H: 5 R: 0
INFO [10-28|14:18:51] --------------------------------------- 
INFO [10-28|14:18:51] Handle BFT Msg,                          msg="msg #17 (107 bytes)"
INFO [10-28|14:18:51] ------Received VoteMsg------ 
voteHR: H: 5 R: 0 voteType:: 1 voteHash: [89 87 132 97 134 9 156 44 163 213 136 185 237 27 167 171 78 28 45 25 61 46 220 72 201 6 240 128 198 1 166 33]
cmHR: H: 5 R: 0
INFO [10-28|14:18:51] --------------------------------------- 
INFO [10-28|14:18:51] addVote to                               height=5 round=0 from=0x7d577a597b2742b498cb5cf0c26cdcd726d39e6e success=true cm.coinbase=0x82a978b3f5962a5b0957d9ee9eef472ee55b42f1
INFO [10-28|14:18:51] ------in handle VoteMsg, success!------ 
INFO [10-28|14:18:51] addVote to                               height=5 round=0 from=0x598443f1880ef585b21f1d7585bd0577402861e5 success=true cm.coinbase=0x82a978b3f5962a5b0957d9ee9eef472ee55b42f1
INFO [10-28|14:18:51] ------in handle VoteMsg, success!------ 
INFO [10-28|14:18:51] received NewBlockMsg! 
INFO [10-28|14:18:51] ***in BFT.VVVVerifyHeader*** 
INFO [10-28|14:18:51] ***in BFT.verifyHeader*** 
INFO [10-28|14:18:51] ***in BFT.verifySeal*** 
INFO [10-28|14:18:51] In verifyVotes 
INFO [10-28|14:18:51] ***in sync.request()*** 
INFO [10-28|14:18:51] In verifyVotes 
INFO [10-28|14:18:51] ***in sync.request()*** 
INFO [10-28|14:18:51] In verifyVotes 
INFO [10-28|14:18:51] ***in sync.request()*** 
INFO [10-28|14:18:51] Handle BFT Msg,                          msg="msg #10 (328 bytes)"
INFO [10-28|14:18:51] -------Received LocksetMsg------- 
lockset: &{<nil> 0 0 0 4 [0xc42465e0c0 0xc42465e120 0xc42465e180] false}
INFO [10-28|14:18:51] in HasQuorum 
INFO [10-28|14:18:51] In IsValid() 
len(lockset.Votes): 3 lockset.EligibleVotesNum: 4
INFO [10-28|14:18:51] in sortByBlockhash 
made bhs, bhs: map[[89 87 132 97 134 9 156 44 163 213 136 185 237 27 167 171 78 28 45 25 61 46 220 72 201 6 240 128 198 1 166 33]:3]
made hs, hs: [{[89 87 132 97 134 9 156 44 163 213 136 185 237 27 167 171 78 28 45 25 61 46 220 72 201 6 240 128 198 1 166 33] 3}]
sorted hs, hs: [{[89 87 132 97 134 9 156 44 163 213 136 185 237 27 167 171 78 28 45 25 61 46 220 72 201 6 240 128 198 1 166 33] 3}]
INFO [10-28|14:18:51] ---storeLockset--- 
INFO [10-28|14:18:51] In verifyVotes 
INFO [10-28|14:18:51] in HasQuorum 
INFO [10-28|14:18:51] In IsValid() 
len(lockset.Votes): 3 lockset.EligibleVotesNum: 4
INFO [10-28|14:18:51] in sortByBlockhash 
made bhs, bhs: map[[89 87 132 97 134 9 156 44 163 213 136 185 237 27 167 171 78 28 45 25 61 46 220 72 201 6 240 128 198 1 166 33]:3]
made hs, hs: [{[89 87 132 97 134 9 156 44 163 213 136 185 237 27 167 171 78 28 45 25 61 46 220 72 201 6 240 128 198 1 166 33] 3}]
sorted hs, hs: [{[89 87 132 97 134 9 156 44 163 213 136 185 237 27 167 171 78 28 45 25 61 46 220 72 201 6 240 128 198 1 166 33] 3}]
INFO [10-28|14:18:51] ***in BFT.VerifyHeaderSSSS*** 
INFO [10-28|14:18:51] ***in BFT.verifyHeader*** 
INFO [10-28|14:18:51] ***in BFT.verifySeal*** 
INFO [10-28|14:18:51] In verifyVotes 
INFO [10-28|14:18:51] in HasQuorum 
INFO [10-28|14:18:51] In IsValid() 
len(lockset.Votes): 3 lockset.EligibleVotesNum: 4
INFO [10-28|14:18:51] in sortByBlockhash 
made bhs, bhs: map[[89 87 132 97 134 9 156 44 163 213 136 185 237 27 167 171 78 28 45 25 61 46 220 72 201 6 240 128 198 1 166 33]:3]
made hs, hs: [{[89 87 132 97 134 9 156 44 163 213 136 185 237 27 167 171 78 28 45 25 61 46 220 72 201 6 240 128 198 1 166 33] 3}]
sorted hs, hs: [{[89 87 132 97 134 9 156 44 163 213 136 185 237 27 167 171 78 28 45 25 61 46 220 72 201 6 240 128 198 1 166 33] 3}]
INFO [10-28|14:18:53] Commit new mining work                   number=5 txs=1601 uncles=0 elapsed=6.015s
INFO [10-28|14:18:53] Sealing                                  block n=5
StartConsensus, 1540707533835665000
INFO [10-28|14:18:53] Start Process 
INFO [10-28|14:18:53] in cm.Process, check lastCommittingLockset() 
INFO [10-28|14:18:53] In IsValid() 
len(lockset.Votes): 4 lockset.EligibleVotesNum: 4
INFO [10-28|14:18:53] in HasQuorum 
INFO [10-28|14:18:53] In IsValid() 
len(lockset.Votes): 4 lockset.EligibleVotesNum: 4
INFO [10-28|14:18:53] in sortByBlockhash 
made bhs, bhs: map[[79 250 21 202 93 220 157 205 101 197 206 12 94 235 149 89 30 162 57 164 34 26 35 137 216 237 107 157 235 160 231 178]:4]
made hs, hs: [{[79 250 21 202 93 220 157 205 101 197 206 12 94 235 149 89 30 162 57 164 34 26 35 137 216 237 107 157 235 160 231 178] 4}]
sorted hs, hs: [{[79 250 21 202 93 220 157 205 101 197 206 12 94 235 149 89 30 162 57 164 34 26 35 137 216 237 107 157 235 160 231 178] 4}]
=====CM.COINBASE IS:===== [130 169 120 179 245 150 42 91 9 87 217 238 158 239 71 46 229 91 66 241] block number is: 5
INFO [10-28|14:18:53] case: default, cm.process 
ready: 4 need: 2.6666667
INFO [10-28|14:18:53] ---------------process------------------ 
INFO [10-28|14:18:53] In RM Process                            height=5 round=0
INFO [10-28|14:18:53] --------In rm.propose------- 
INFO [10-28|14:18:53] ---------------in rm.vote----------------- 
INFO [10-28|14:18:53] in vote in RM                            height=5 round=0
INFO [10-28|14:18:53] vote mp 
INFO [10-28|14:18:53] vote success in                          height=5 round=0
INFO [10-28|14:18:53] Send VoteMsg 
INFO [10-28|14:18:53] in rm.process, check lockset HasQuorum 
INFO [10-28|14:18:53] in HasQuorum 
INFO [10-28|14:18:53] In IsValid() 
len(lockset.Votes): 4 lockset.EligibleVotesNum: 4
INFO [10-28|14:18:53] in sortByBlockhash 
made bhs, bhs: map[[89 87 132 97 134 9 156 44 163 213 136 185 237 27 167 171 78 28 45 25 61 46 220 72 201 6 240 128 198 1 166 33]:4]
made hs, hs: [{[89 87 132 97 134 9 156 44 163 213 136 185 237 27 167 171 78 28 45 25 61 46 220 72 201 6 240 128 198 1 166 33] 4}]
sorted hs, hs: [{[89 87 132 97 134 9 156 44 163 213 136 185 237 27 167 171 78 28 45 25 61 46 220 72 201 6 240 128 198 1 166 33] 4}]
INFO [10-28|14:18:53] There is a quorum                        height=5 round=0
--- in rm.process p.id: --- Peer 6d11b37ef4fc909a [eth/63]
INFO [10-28|14:18:53] ============in cm.commitLockset============ 
INFO [10-28|14:18:53] in commitLockset, check ls HasQuorum 
INFO [10-28|14:18:53] in HasQuorum 
INFO [10-28|14:18:53] In IsValid() 
len(lockset.Votes): 4 lockset.EligibleVotesNum: 4
INFO [10-28|14:18:53] in sortByBlockhash 
made bhs, bhs: map[[89 87 132 97 134 9 156 44 163 213 136 185 237 27 167 171 78 28 45 25 61 46 220 72 201 6 240 128 198 1 166 33]:4]
made hs, hs: [{[89 87 132 97 134 9 156 44 163 213 136 185 237 27 167 171 78 28 45 25 61 46 220 72 201 6 240 128 198 1 166 33] 4}]
sorted hs, hs: [{[89 87 132 97 134 9 156 44 163 213 136 185 237 27 167 171 78 28 45 25 61 46 220 72 201 6 240 128 198 1 166 33] 4}]
INFO [10-28|14:18:53] cm.found is not nil 
INFO [10-28|14:18:53] store lockset 
peerid: 6d11b37ef4fc909a
INFO [10-28|14:18:53] ---storeLockset--- 
INFO [10-28|14:18:53] after cm.process() 
INFO [10-28|14:18:53] have a consensus on the block 
INFO [10-28|14:18:53] result.Header().Coinbase != b.signer 
result.Header().Coinbase: [125 87 122 89 123 39 66 180 152 203 92 240 194 108 220 215 38 211 158 110] b.signer: [130 169 120 179 245 150 42 91 9 87 217 238 158 239 71 46 229 91 66 241]
ConsensusTime, 6328436 , txs, 1601 , blockNum, 5
FinishedConsensus, 1540707533842060000
INFO [10-28|14:18:53] result is nil 
INFO [10-28|14:18:53] === Finished Mine() === 
cmH 5
INFO [10-28|14:18:53] in validatorCommit1 
pid: 6d11b37ef4fc909a
block number 5
-------in NewBFTValidatorBlock-------
INFO [10-28|14:18:53] in validatorCommit2 
validatorCommit time: 508.449µs
INFO [10-28|14:18:53] **in eth.handler**, get result from ch 
INFO [10-28|14:18:54] Imported new chain segment               blocks=1 txs=1601 mgas=33.621 elapsed=2.956s    mgasps=11.370 number=5 hash=595784…01a621
FinishedPostExec, 1540707534843516000 , txs, 1601
PostExecTime, 2.956899452s
INFO [10-28|14:18:54] in pool.evenLoop, call pool.resetState 
./node1.sh: line 16: 18034 Terminated: 15          ../build/bin/geth --networkid 2234 --port 30303 --rpcport 8545 --datadir "data/node1" --nodiscover --rpc --rpccorsdomain "*" --rpcapi "eth,net,debug" --bft --allow-empty --num-validators 4 --node-num 0
