INFO [10-28|14:16:13] Starting peer-to-peer node               instance=Geth/v1.6.7-unstable-287ee7b9/darwin-amd64/go1.9.7
INFO [10-28|14:16:13] Allocated cache and file handles         database=/Users/sujianwei20/new_misgcode/go_ethereum_cosi/examples/data/node2/geth/chaindata cache=128 handles=1024
WARN [10-28|14:16:13] Upgrading chain database to use sequential keys 
INFO [10-28|14:16:13] Initialised chain configuration          config="{ChainID: 2235 Homestead: 1 DAO: <nil> DAOSupport: false EIP150: 2 EIP155: 3 EIP158: 3 Metropolis: <nil> Engine: ethash}"
INFO [10-28|14:16:13] config bft is                            bft=true
WARN [10-28|14:16:13] Upgrading db log bloom bins 
INFO [10-28|14:16:13] Bloom-bin upgrade completed              elapsed=219.233µs
INFO [10-28|14:16:13] Initialising Ethereum protocol           versions="[63 62]" network=2234
INFO [10-28|14:16:13] Loaded most recent local header          number=0 hash=6f3c1c…1bf138 td=1048576
INFO [10-28|14:16:13] Loaded most recent local full block      number=0 hash=6f3c1c…1bf138 td=1048576
INFO [10-28|14:16:13] Loaded most recent local fast block      number=0 hash=6f3c1c…1bf138 td=1048576
INFO [10-28|14:16:13] in NewTxPool, call resetState 
INFO [10-28|14:16:13] in NewTxPool, call pool.eventLoog() 
INFO [10-28|14:16:13] Database conversion successful 
INFO [10-28|14:16:13] Allocated cache and file handles         database=/Users/sujianwei20/new_misgcode/go_ethereum_cosi/examples/data/node2/geth/bftData   cache=128 handles=1024
INFO [10-28|14:16:14] addVote to                               height=0 round=0 from=0x7d577a597b2742b498cb5cf0c26cdcd726d39e6e success=true cm.coinbase=0x7d577a597b2742b498cb5cf0c26cdcd726d39e6e
ready: 1 need: 2.6666667
INFO [10-28|14:16:14] consensusManager not ready  
ready: 1 need: 2.6666667
INFO [10-28|14:16:14] Starting P2P networking 
INFO [10-28|14:16:14] RLPx listener up                         self="enode://6d11b37ef4fc909ae1ec6c63584f99843f04ea9466730f8e58950c8c7262e6933ca3dd37304995604f567517e8c6e6074de37eab843f91475f713bd062067e61@[::]:30304?discport=0"
INFO [10-28|14:16:14] HTTP endpoint opened: http://127.0.0.1:8546 
INFO [10-28|14:16:14] ---In BFTvalidatorCommitBlock--- 
INFO [10-28|14:16:14] IPC endpoint opened: /Users/sujianwei20/new_misgcode/go_ethereum_cosi/examples/data/node2/geth.ipc 
INFO [10-28|14:16:14] Handle BFT Msg,                          msg="msg #8 (78 bytes)"
INFO [10-28|14:16:14] ------Received ReadMsg------ 
INFO [10-28|14:16:14] Handle BFT Msg,                          msg="msg #8 (78 bytes)"
INFO [10-28|14:16:14] ------Received ReadMsg------ 
AddReady from: [220 236 234 243 252 92 10 99 209 149 214 155 26 144 1 27 123 25 101 13]
INFO [10-28|14:16:14] send Ready msg 
#### peer = Peer 94dd98401cf6ca04 [eth/63]
INFO [10-28|14:16:14] send Ready msg 
#### peer = Peer d67104e65b61fca1 [eth/63]
INFO [10-28|14:16:14] send Ready msg 
#### peer = Peer d9d5b902798f5c42 [eth/63]
INFO [10-28|14:16:14] Handle BFT Msg,                          msg="msg #8 (78 bytes)"
INFO [10-28|14:16:14] ------Received ReadMsg------ 
AddReady from: [220 236 234 243 252 92 10 99 209 149 214 155 26 144 1 27 123 25 101 13]
AddReady from: [220 236 234 243 252 92 10 99 209 149 214 155 26 144 1 27 123 25 101 13]
ready: 2 need: 2.6666667
INFO [10-28|14:16:14] consensusManager not ready  
ready: 2 need: 2.6666667
INFO [10-28|14:16:14] send Ready msg 
#### peer = Peer d9d5b902798f5c42 [eth/63]
INFO [10-28|14:16:14] send Ready msg 
#### peer = Peer 94dd98401cf6ca04 [eth/63]
INFO [10-28|14:16:14] send Ready msg 
#### peer = Peer d67104e65b61fca1 [eth/63]
INFO [10-28|14:16:14] Handle BFT Msg,                          msg="msg #8 (78 bytes)"
INFO [10-28|14:16:14] ------Received ReadMsg------ 
AddReady from: [125 87 122 89 123 39 66 180 152 203 92 240 194 108 220 215 38 211 158 110]
INFO [10-28|14:16:14] Handle BFT Msg,                          msg="msg #8 (78 bytes)"
INFO [10-28|14:16:14] ------Received ReadMsg------ 
AddReady from: [125 87 122 89 123 39 66 180 152 203 92 240 194 108 220 215 38 211 158 110]
INFO [10-28|14:16:14] Handle BFT Msg,                          msg="msg #8 (78 bytes)"
INFO [10-28|14:16:14] ------Received ReadMsg------ 
AddReady from: [125 87 122 89 123 39 66 180 152 203 92 240 194 108 220 215 38 211 158 110]
INFO [10-28|14:16:14] Handle BFT Msg,                          msg="msg #8 (78 bytes)"
INFO [10-28|14:16:14] ------Received ReadMsg------ 
AddReady from: [125 87 122 89 123 39 66 180 152 203 92 240 194 108 220 215 38 211 158 110]
INFO [10-28|14:16:14] Handle BFT Msg,                          msg="msg #8 (78 bytes)"
INFO [10-28|14:16:14] ------Received ReadMsg------ 
AddReady from: [130 169 120 179 245 150 42 91 9 87 217 238 158 239 71 46 229 91 66 241]
INFO [10-28|14:16:14] send Ready msg 
#### peer = Peer 94dd98401cf6ca04 [eth/63]
INFO [10-28|14:16:14] Handle BFT Msg,                          msg="msg #8 (78 bytes)"
INFO [10-28|14:16:14] ------Received ReadMsg------ 
AddReady from: [130 169 120 179 245 150 42 91 9 87 217 238 158 239 71 46 229 91 66 241]
INFO [10-28|14:16:14] send Ready msg 
#### peer = Peer d67104e65b61fca1 [eth/63]
INFO [10-28|14:16:14] send Ready msg 
#### peer = Peer d9d5b902798f5c42 [eth/63]
INFO [10-28|14:16:14] send Ready msg 
#### peer = Peer d67104e65b61fca1 [eth/63]
INFO [10-28|14:16:14] send Ready msg 
#### peer = Peer d9d5b902798f5c42 [eth/63]
INFO [10-28|14:16:14] Handle BFT Msg,                          msg="msg #8 (78 bytes)"
INFO [10-28|14:16:14] ------Received ReadMsg------ 
AddReady from: [130 169 120 179 245 150 42 91 9 87 217 238 158 239 71 46 229 91 66 241]
INFO [10-28|14:16:14] Handle BFT Msg,                          msg="msg #8 (78 bytes)"
INFO [10-28|14:16:14] ------Received ReadMsg------ 
AddReady from: [89 132 67 241 136 14 245 133 178 31 29 117 133 189 5 119 64 40 97 229]
INFO [10-28|14:16:14] send Ready msg 
#### peer = Peer 94dd98401cf6ca04 [eth/63]
INFO [10-28|14:16:14] send Ready msg 
#### peer = Peer d67104e65b61fca1 [eth/63]
INFO [10-28|14:16:14] send Ready msg 
#### peer = Peer d9d5b902798f5c42 [eth/63]
INFO [10-28|14:16:14] Handle BFT Msg,                          msg="msg #8 (78 bytes)"
INFO [10-28|14:16:14] ------Received ReadMsg------ 
INFO [10-28|14:16:14] Handle BFT Msg,                          msg="msg #8 (78 bytes)"
INFO [10-28|14:16:14] ------Received ReadMsg------ 
AddReady from: [89 132 67 241 136 14 245 133 178 31 29 117 133 189 5 119 64 40 97 229]
AddReady from: [89 132 67 241 136 14 245 133 178 31 29 117 133 189 5 119 64 40 97 229]
INFO [10-28|14:16:14] Handle BFT Msg,                          msg="msg #8 (78 bytes)"
INFO [10-28|14:16:14] ------Received ReadMsg------ 
AddReady from: [220 236 234 243 252 92 10 99 209 149 214 155 26 144 1 27 123 25 101 13]
INFO [10-28|14:16:14] send Ready msg 
#### peer = Peer 94dd98401cf6ca04 [eth/63]
INFO [10-28|14:16:15] send Ready msg 
#### peer = Peer d67104e65b61fca1 [eth/63]
INFO [10-28|14:16:15] send Ready msg 
#### peer = Peer d9d5b902798f5c42 [eth/63]
INFO [10-28|14:16:15] Handle BFT Msg,                          msg="msg #8 (78 bytes)"
INFO [10-28|14:16:15] ------Received ReadMsg------ 
AddReady from: [220 236 234 243 252 92 10 99 209 149 214 155 26 144 1 27 123 25 101 13]
INFO [10-28|14:16:15] Handle BFT Msg,                          msg="msg #8 (78 bytes)"
INFO [10-28|14:16:15] ------Received ReadMsg------ 
AddReady from: [220 236 234 243 252 92 10 99 209 149 214 155 26 144 1 27 123 25 101 13]
ready: 4 need: 2.6666667
ready: 4 need: 2.6666667
INFO [10-28|14:16:15] send Ready msg 
#### peer = Peer 94dd98401cf6ca04 [eth/63]
INFO [10-28|14:16:15] send Ready msg 
#### peer = Peer d67104e65b61fca1 [eth/63]
INFO [10-28|14:16:15] send Ready msg 
#### peer = Peer d9d5b902798f5c42 [eth/63]
INFO [10-28|14:16:15] -----------------consensusManager Ready------------------------- 
INFO [10-28|14:16:15] Handle BFT Msg,                          msg="msg #8 (78 bytes)"
INFO [10-28|14:16:15] ------Received ReadMsg------ 
AddReady from: [125 87 122 89 123 39 66 180 152 203 92 240 194 108 220 215 38 211 158 110]
INFO [10-28|14:16:15] Handle BFT Msg,                          msg="msg #8 (78 bytes)"
INFO [10-28|14:16:15] ------Received ReadMsg------ 
AddReady from: [125 87 122 89 123 39 66 180 152 203 92 240 194 108 220 215 38 211 158 110]
INFO [10-28|14:16:15] Handle BFT Msg,                          msg="msg #8 (78 bytes)"
INFO [10-28|14:16:15] ------Received ReadMsg------ 
AddReady from: [125 87 122 89 123 39 66 180 152 203 92 240 194 108 220 215 38 211 158 110]
INFO [10-28|14:18:25] Transaction pool price threshold updated price=18000000000
INFO [10-28|14:18:25] Starting mining operation 
INFO [10-28|14:18:29] Commit new mining work                   number=1 txs=1598 uncles=0 elapsed=4.628s
INFO [10-28|14:18:29] Sealing                                  block n=1
StartConsensus, 1540707509813754000
INFO [10-28|14:18:29] Start Process 
INFO [10-28|14:18:29] in cm.Process, check lastCommittingLockset() 
INFO [10-28|14:18:29] In IsValid() 
len(lockset.Votes): 1 lockset.EligibleVotesNum: 0
INFO [10-28|14:18:29] in HasQuorum 
INFO [10-28|14:18:29] In IsValid() 
len(lockset.Votes): 1 lockset.EligibleVotesNum: 0
INFO [10-28|14:18:29] in sortByBlockhash 
made bhs, bhs: map[[111 60 28 34 114 80 121 51 60 176 50 117 65 207 97 154 170 82 172 187 58 33 229 200 29 126 81 195 42 27 241 56]:1]
made hs, hs: [{[111 60 28 34 114 80 121 51 60 176 50 117 65 207 97 154 170 82 172 187 58 33 229 200 29 126 81 195 42 27 241 56] 1}]
sorted hs, hs: [{[111 60 28 34 114 80 121 51 60 176 50 117 65 207 97 154 170 82 172 187 58 33 229 200 29 126 81 195 42 27 241 56] 1}]
=====CM.COINBASE IS:===== [125 87 122 89 123 39 66 180 152 203 92 240 194 108 220 215 38 211 158 110] block number is: 1
INFO [10-28|14:18:29] case: default, cm.process 
ready: 4 need: 2.6666667
INFO [10-28|14:18:29] ---------------process------------------ 
INFO [10-28|14:18:29] In RM Process                            height=1 round=0
INFO [10-28|14:18:29] --------In rm.propose------- 
INFO [10-28|14:18:29] I am a proposer in                       height=1 round=0
INFO [10-28|14:18:29] in propose, check lastRoundLockset 
lastRoundLockset, hm.activeround: 0
INFO [10-28|14:18:29] ------in mkProposal------ 
INFO [10-28|14:18:29] In IsValid() 
len(lockset.Votes): 1 lockset.EligibleVotesNum: 0
INFO [10-28|14:18:29] in HasQuorum 
INFO [10-28|14:18:29] In IsValid() 
len(lockset.Votes): 1 lockset.EligibleVotesNum: 0
INFO [10-28|14:18:29] in sortByBlockhash 
made bhs, bhs: map[[111 60 28 34 114 80 121 51 60 176 50 117 65 207 97 154 170 82 172 187 58 33 229 200 29 126 81 195 42 27 241 56]:1]
made hs, hs: [{[111 60 28 34 114 80 121 51 60 176 50 117 65 207 97 154 170 82 172 187 58 33 229 200 29 126 81 195 42 27 241 56] 1}]
sorted hs, hs: [{[111 60 28 34 114 80 121 51 60 176 50 117 65 207 97 154 170 82 172 187 58 33 229 200 29 126 81 195 42 27 241 56] 1}]
INFO [10-28|14:18:29] LockSet(R-1) is nil (rm.round should equal to zero) 
INFO [10-28|14:18:29] in HasQuorum 
INFO [10-28|14:18:29] In IsValid() 
len(lockset.Votes): 1 lockset.EligibleVotesNum: 0
INFO [10-28|14:18:29] in sortByBlockhash 
made bhs, bhs: map[[111 60 28 34 114 80 121 51 60 176 50 117 65 207 97 154 170 82 172 187 58 33 229 200 29 126 81 195 42 27 241 56]:1]
made hs, hs: [{[111 60 28 34 114 80 121 51 60 176 50 117 65 207 97 154 170 82 172 187 58 33 229 200 29 126 81 195 42 27 241 56] 1}]
sorted hs, hs: [{[111 60 28 34 114 80 121 51 60 176 50 117 65 207 97 154 170 82 172 187 58 33 229 200 29 126 81 195 42 27 241 56] 1}]
INFO [10-28|14:18:29] in HasQuorum 
INFO [10-28|14:18:29] In IsValid() 
len(lockset.Votes): 1 lockset.EligibleVotesNum: 0
INFO [10-28|14:18:29] in sortByBlockhash 
made bhs, bhs: map[[111 60 28 34 114 80 121 51 60 176 50 117 65 207 97 154 170 82 172 187 58 33 229 200 29 126 81 195 42 27 241 56]:1]
made hs, hs: [{[111 60 28 34 114 80 121 51 60 176 50 117 65 207 97 154 170 82 172 187 58 33 229 200 29 126 81 195 42 27 241 56] 1}]
sorted hs, hs: [{[111 60 28 34 114 80 121 51 60 176 50 117 65 207 97 154 170 82 172 187 58 33 229 200 29 126 81 195 42 27 241 56] 1}]
INFO [10-28|14:18:29] in newbp, 11 
INFO [10-28|14:18:29] in newbp, 12 
Create block blockhash :  [74 160 239 48 185 232 229 115 80 18 192 118 253 73 220 132 33 205 224 78 117 31 154 146 174 153 216 241 109 127 10 27]
INFO [10-28|14:18:29] In addBlockCandidates!! 
INFO [10-28|14:18:29] Send NewBlockProposalMsg:                LOG15_ERROR= LOG15_ERROR="Normalized odd number of arguments by adding nil"
INFO [10-28|14:18:29] Handle BFT Msg,                          msg="msg #18 (225 bytes)"
INFO [10-28|14:18:29] ------Received MsigProposalMsg------ 
I received msp from  Peer 94dd98401cf6ca04 [eth/63]
mpHR: H: 1 R: 0 hash: [74 160 239 48 185 232 229 115 80 18 192 118 253 73 220 132 33 205 224 78 117 31 154 146 174 153 216 241 109 127 10 27]
cmHR: H: 1 R: 0
INFO [10-28|14:18:29] --------------------------------------- 
mp= &{<nil> 27 109924710004234556200149755168498082357118672248213103778998854472128961165967 27645814600126365619440103906105385966202813219887092739188011652222041908341 map[] map[] map[] 1 0 [74 160 239 48 185 232 229 115 80 18 192 118 253 73 220 132 33 205 224 78 117 31 154 146 174 153 216 241 109 127 10 27] 0xc42a58e000 0xc42a58e050}
H====:  1 P==== 0
@rm.proposerPeer = <nil>
INFO [10-28|14:18:29] in MsigFinished 
INFO [10-28|14:18:29] ---------------in rm.vote----------------- 
INFO [10-28|14:18:29] in vote in RM                            height=1 round=0
INFO [10-28|14:18:29] Timeout time not reach, curr vs timeout: curr=1540707509.000 timeout=1540707514.000
INFO [10-28|14:18:29] in rm.process, check lockset HasQuorum 
INFO [10-28|14:18:29] in HasQuorum 
INFO [10-28|14:18:29] In IsValid() 
len(lockset.Votes): 0 lockset.EligibleVotesNum: 4
INFO [10-28|14:18:29] rm lockset is not valid yet 
INFO [10-28|14:18:29] after cm.process() 
INFO [10-28|14:18:29] ------addmsigproposal success!------- 
mp= &{0xc4292a0b00 27 109924710004234556200149755168498082357118672248213103778998854472128961165967 27645814600126365619440103906105385966202813219887092739188011652222041908341 map[] map[] map[] 1 0 [74 160 239 48 185 232 229 115 80 18 192 118 253 73 220 132 33 205 224 78 117 31 154 146 174 153 216 241 109 127 10 27] 0xc42a58e000 0xc42a58e050}
INFO [10-28|14:18:30] case: default, cm.process 
ready: 4 need: 2.6666667
INFO [10-28|14:18:30] ---------------process------------------ 
INFO [10-28|14:18:30] In RM Process                            height=1 round=0
INFO [10-28|14:18:30] --------In rm.propose------- 
INFO [10-28|14:18:30] I am a proposer in                       height=1 round=0
INFO [10-28|14:18:30] ---------------in rm.vote----------------- 
INFO [10-28|14:18:30] in vote in RM                            height=1 round=0
INFO [10-28|14:18:30] vote mp 
INFO [10-28|14:18:30] vote success in                          height=1 round=0
INFO [10-28|14:18:30] Send VoteMsg 
INFO [10-28|14:18:30] in rm.process, check lockset HasQuorum 
INFO [10-28|14:18:30] in HasQuorum 
INFO [10-28|14:18:30] In IsValid() 
len(lockset.Votes): 1 lockset.EligibleVotesNum: 4
INFO [10-28|14:18:30] rm lockset is not valid yet 
INFO [10-28|14:18:30] after cm.process() 
INFO [10-28|14:18:30] Handle BFT Msg,                          msg="msg #17 (107 bytes)"
INFO [10-28|14:18:30] ------Received VoteMsg------ 
voteHR: H: 1 R: 0 voteType:: 1 voteHash: [74 160 239 48 185 232 229 115 80 18 192 118 253 73 220 132 33 205 224 78 117 31 154 146 174 153 216 241 109 127 10 27]
cmHR: H: 1 R: 0
INFO [10-28|14:18:30] --------------------------------------- 
INFO [10-28|14:18:30] addVote to                               height=1 round=0 from=0xdceceaf3fc5c0a63d195d69b1a90011b7b19650d success=true cm.coinbase=0x7d577a597b2742b498cb5cf0c26cdcd726d39e6e
INFO [10-28|14:18:30] ------in handle VoteMsg, success!------ 
INFO [10-28|14:18:30] Handle BFT Msg,                          msg="msg #17 (107 bytes)"
INFO [10-28|14:18:30] ------Received VoteMsg------ 
voteHR: H: 1 R: 0 voteType:: 1 voteHash: [74 160 239 48 185 232 229 115 80 18 192 118 253 73 220 132 33 205 224 78 117 31 154 146 174 153 216 241 109 127 10 27]
cmHR: H: 1 R: 0
INFO [10-28|14:18:30] --------------------------------------- 
INFO [10-28|14:18:30] addVote to                               height=1 round=0 from=0x82a978b3f5962a5b0957d9ee9eef472ee55b42f1 success=true cm.coinbase=0x7d577a597b2742b498cb5cf0c26cdcd726d39e6e
INFO [10-28|14:18:30] ------in handle VoteMsg, success!------ 
INFO [10-28|14:18:30] Handle BFT Msg,                          msg="msg #17 (107 bytes)"
INFO [10-28|14:18:30] ------Received VoteMsg------ 
voteHR: H: 1 R: 0 voteType:: 1 voteHash: [74 160 239 48 185 232 229 115 80 18 192 118 253 73 220 132 33 205 224 78 117 31 154 146 174 153 216 241 109 127 10 27]
cmHR: H: 1 R: 0
INFO [10-28|14:18:30] --------------------------------------- 
INFO [10-28|14:18:30] addVote to                               height=1 round=0 from=0x598443f1880ef585b21f1d7585bd0577402861e5 success=true cm.coinbase=0x7d577a597b2742b498cb5cf0c26cdcd726d39e6e
INFO [10-28|14:18:30] ------in handle VoteMsg, success!------ 
INFO [10-28|14:18:30] Handle BFT Msg,                          msg="msg #9 (3 bytes)"
INFO [10-28|14:18:30] -------GetLocksetsMsg------- 
GetLockSetsMsg request:  [{1}] from:  94dd98401cf6ca04
INFO [10-28|14:18:30] Request future block 
INFO [10-28|14:18:30] received NewBlockMsg! 
INFO [10-28|14:18:30] ***in BFT.VVVVerifyHeader*** 
INFO [10-28|14:18:30] ***in BFT.verifyHeader*** 
INFO [10-28|14:18:30] ***in BFT.verifySeal*** 
INFO [10-28|14:18:30] In verifyVotes 
INFO [10-28|14:18:30] ***in sync.request()*** 
INFO [10-28|14:18:30] case: default, cm.process 
ready: 4 need: 2.6666667
INFO [10-28|14:18:30] ---------------process------------------ 
INFO [10-28|14:18:30] In RM Process                            height=1 round=0
INFO [10-28|14:18:30] --------In rm.propose------- 
INFO [10-28|14:18:30] I am a proposer in                       height=1 round=0
INFO [10-28|14:18:30] ---------------in rm.vote----------------- 
INFO [10-28|14:18:30] voted 
INFO [10-28|14:18:30] in rm.process, check lockset HasQuorum 
INFO [10-28|14:18:30] in HasQuorum 
INFO [10-28|14:18:30] In IsValid() 
len(lockset.Votes): 4 lockset.EligibleVotesNum: 4
INFO [10-28|14:18:30] in sortByBlockhash 
made bhs, bhs: map[[74 160 239 48 185 232 229 115 80 18 192 118 253 73 220 132 33 205 224 78 117 31 154 146 174 153 216 241 109 127 10 27]:4]
made hs, hs: [{[74 160 239 48 185 232 229 115 80 18 192 118 253 73 220 132 33 205 224 78 117 31 154 146 174 153 216 241 109 127 10 27] 4}]
sorted hs, hs: [{[74 160 239 48 185 232 229 115 80 18 192 118 253 73 220 132 33 205 224 78 117 31 154 146 174 153 216 241 109 127 10 27] 4}]
INFO [10-28|14:18:30] There is a quorum                        height=1 round=0
INFO [10-28|14:18:30] ============in cm.commitLockset============ 
INFO [10-28|14:18:30] in commitLockset, check ls HasQuorum 
INFO [10-28|14:18:30] in HasQuorum 
INFO [10-28|14:18:30] In IsValid() 
len(lockset.Votes): 4 lockset.EligibleVotesNum: 4
INFO [10-28|14:18:30] in sortByBlockhash 
made bhs, bhs: map[[74 160 239 48 185 232 229 115 80 18 192 118 253 73 220 132 33 205 224 78 117 31 154 146 174 153 216 241 109 127 10 27]:4]
made hs, hs: [{[74 160 239 48 185 232 229 115 80 18 192 118 253 73 220 132 33 205 224 78 117 31 154 146 174 153 216 241 109 127 10 27] 4}]
sorted hs, hs: [{[74 160 239 48 185 232 229 115 80 18 192 118 253 73 220 132 33 205 224 78 117 31 154 146 174 153 216 241 109 127 10 27] 4}]
INFO [10-28|14:18:30] cm.found is not nil 
INFO [10-28|14:18:30] store lockset 
INFO [10-28|14:18:30] ---storeLockset--- 
INFO [10-28|14:18:30] have a consensus on the block 
ConsensusTime, 361392120 , txs, 1598 , blockNum, 1
FinishedConsensus, 1540707510175111000
INFO [10-28|14:18:30] after cm.process() 
INFO [10-28|14:18:30] Successfully sealed new block            number=1 hash=4aa0ef…7f0a1b
INFO [10-28|14:18:30] === Finished Mine() === 
INFO [10-28|14:18:30] 🔨 mined potential block                  number=1 hash=4aa0ef…7f0a1b
INFO [10-28|14:18:30] ---atomic.LoadInt32(&self.mining) == 1 && work.tcount == 0--- 
INFO [10-28|14:18:30] in pool.evenLoop, call pool.resetState 
INFO [10-28|14:18:30] In verifyVotes 
INFO [10-28|14:18:30] in HasQuorum 
INFO [10-28|14:18:30] In IsValid() 
len(lockset.Votes): 4 lockset.EligibleVotesNum: 4
INFO [10-28|14:18:30] in sortByBlockhash 
made bhs, bhs: map[[74 160 239 48 185 232 229 115 80 18 192 118 253 73 220 132 33 205 224 78 117 31 154 146 174 153 216 241 109 127 10 27]:4]
made hs, hs: [{[74 160 239 48 185 232 229 115 80 18 192 118 253 73 220 132 33 205 224 78 117 31 154 146 174 153 216 241 109 127 10 27] 4}]
sorted hs, hs: [{[74 160 239 48 185 232 229 115 80 18 192 118 253 73 220 132 33 205 224 78 117 31 154 146 174 153 216 241 109 127 10 27] 4}]
INFO [10-28|14:18:30] ***in BFT.VerifyHeaderSSSS*** 
INFO [10-28|14:18:30] ***in BFT.verifyHeader*** 
INFO [10-28|14:18:30] ***in BFT.verifySeal*** 
INFO [10-28|14:18:30] In verifyVotes 
INFO [10-28|14:18:30] in HasQuorum 
INFO [10-28|14:18:30] In IsValid() 
len(lockset.Votes): 4 lockset.EligibleVotesNum: 4
INFO [10-28|14:18:30] in sortByBlockhash 
made bhs, bhs: map[[74 160 239 48 185 232 229 115 80 18 192 118 253 73 220 132 33 205 224 78 117 31 154 146 174 153 216 241 109 127 10 27]:4]
made hs, hs: [{[74 160 239 48 185 232 229 115 80 18 192 118 253 73 220 132 33 205 224 78 117 31 154 146 174 153 216 241 109 127 10 27] 4}]
sorted hs, hs: [{[74 160 239 48 185 232 229 115 80 18 192 118 253 73 220 132 33 205 224 78 117 31 154 146 174 153 216 241 109 127 10 27] 4}]
INFO [10-28|14:18:36] Handle BFT Msg,                          msg="msg #11 (173334 bytes)"
INFO [10-28|14:18:36] -------Received NewBlockProposalMsg------- 
bpHR: H: 2 R: 0
cmHR: H: 2 R: 0
INFO [10-28|14:18:36] --------------------------------------- 
# collMsig from = Peer 94dd98401cf6ca04 [eth/63]
cmHR: H: 2 R: 0
this is rm.proposerPeer  Peer 94dd98401cf6ca04 [eth/63]
INFO [10-28|14:18:36] In IsValid() 
len(lockset.Votes): 0 lockset.EligibleVotesNum: 0
INFO [10-28|14:18:36] cm add BlockProposal                     h=2 r=0
INFO [10-28|14:18:36] in HasQuorum 
INFO [10-28|14:18:36] In IsValid() 
len(lockset.Votes): 4 lockset.EligibleVotesNum: 4
INFO [10-28|14:18:36] in sortByBlockhash 
made bhs, bhs: map[[74 160 239 48 185 232 229 115 80 18 192 118 253 73 220 132 33 205 224 78 117 31 154 146 174 153 216 241 109 127 10 27]:4]
made hs, hs: [{[74 160 239 48 185 232 229 115 80 18 192 118 253 73 220 132 33 205 224 78 117 31 154 146 174 153 216 241 109 127 10 27] 4}]
sorted hs, hs: [{[74 160 239 48 185 232 229 115 80 18 192 118 253 73 220 132 33 205 224 78 117 31 154 146 174 153 216 241 109 127 10 27] 4}]
INFO [10-28|14:18:36] In addBlockCandidates!! 
INFO [10-28|14:18:36] -------in handle NewBlockProposalMsg, success!------- 
INFO [10-28|14:18:36] Handle BFT Msg,                          msg="msg #18 (544 bytes)"
INFO [10-28|14:18:36] ------Received MsigProposalMsg------ 
I received msp from  Peer d9d5b902798f5c42 [eth/63]
mpHR: H: 2 R: 0 hash: [3 72 12 43 183 10 130 250 32 249 29 247 227 171 138 64 208 75 106 182 13 52 209 205 48 19 42 29 54 240 181 172]
cmHR: H: 2 R: 0
INFO [10-28|14:18:36] --------------------------------------- 
mp= &{<nil> 28 81623144095819546891270123470120093366747221880374709868410142084500450628901 30076973630442211044681749292204289807045451984634718137977771901063816912483 map[] map[] map[] 2 0 [3 72 12 43 183 10 130 250 32 249 29 247 227 171 138 64 208 75 106 182 13 52 209 205 48 19 42 29 54 240 181 172] 0xc4272a0230 0xc4272a0280}
H====:  2 P==== 0
@rm.proposerPeer = Peer 94dd98401cf6ca04 [eth/63]
INFO [10-28|14:18:36] in MsigFinished 
INFO [10-28|14:18:36] ------addmsigproposal success!------- 
mp= &{0xc428f2bac0 28 81623144095819546891270123470120093366747221880374709868410142084500450628901 30076973630442211044681749292204289807045451984634718137977771901063816912483 map[] map[] map[] 2 0 [3 72 12 43 183 10 130 250 32 249 29 247 227 171 138 64 208 75 106 182 13 52 209 205 48 19 42 29 54 240 181 172] 0xc4272a0230 0xc4272a0280}
INFO [10-28|14:18:36] Handle BFT Msg,                          msg="msg #17 (107 bytes)"
INFO [10-28|14:18:36] ------Received VoteMsg------ 
voteHR: H: 2 R: 0 voteType:: 1 voteHash: [3 72 12 43 183 10 130 250 32 249 29 247 227 171 138 64 208 75 106 182 13 52 209 205 48 19 42 29 54 240 181 172]
cmHR: H: 2 R: 0
INFO [10-28|14:18:36] --------------------------------------- 
INFO [10-28|14:18:36] addVote to                               height=2 round=0 from=0x598443f1880ef585b21f1d7585bd0577402861e5 success=true cm.coinbase=0x7d577a597b2742b498cb5cf0c26cdcd726d39e6e
INFO [10-28|14:18:36] ------in handle VoteMsg, success!------ 
INFO [10-28|14:18:36] Handle BFT Msg,                          msg="msg #17 (107 bytes)"
INFO [10-28|14:18:36] ------Received VoteMsg------ 
voteHR: H: 2 R: 0 voteType:: 1 voteHash: [3 72 12 43 183 10 130 250 32 249 29 247 227 171 138 64 208 75 106 182 13 52 209 205 48 19 42 29 54 240 181 172]
cmHR: H: 2 R: 0
INFO [10-28|14:18:36] --------------------------------------- 
INFO [10-28|14:18:36] addVote to                               height=2 round=0 from=0xdceceaf3fc5c0a63d195d69b1a90011b7b19650d success=true cm.coinbase=0x7d577a597b2742b498cb5cf0c26cdcd726d39e6e
INFO [10-28|14:18:36] ------in handle VoteMsg, success!------ 
INFO [10-28|14:18:36] Commit new mining work                   number=2 txs=1599 uncles=0 elapsed=3.583s
INFO [10-28|14:18:36] Sealing                                  block n=2
StartConsensus, 1540707516824439000
INFO [10-28|14:18:36] Start Process 
INFO [10-28|14:18:36] in cm.Process, check lastCommittingLockset() 
INFO [10-28|14:18:36] In IsValid() 
len(lockset.Votes): 4 lockset.EligibleVotesNum: 4
INFO [10-28|14:18:36] in HasQuorum 
INFO [10-28|14:18:36] In IsValid() 
len(lockset.Votes): 4 lockset.EligibleVotesNum: 4
INFO [10-28|14:18:36] in sortByBlockhash 
made bhs, bhs: map[[74 160 239 48 185 232 229 115 80 18 192 118 253 73 220 132 33 205 224 78 117 31 154 146 174 153 216 241 109 127 10 27]:4]
INFO [10-28|14:18:36] Handle BFT Msg,                          msg="msg #17 (107 bytes)"
INFO [10-28|14:18:36] ------Received VoteMsg------ 
voteHR: H: 2 R: 0 voteType:: 1 voteHash: [3 72 12 43 183 10 130 250 32 249 29 247 227 171 138 64 208 75 106 182 13 52 209 205 48 19 42 29 54 240 181 172]
cmHR: H: 2 R: 0
INFO [10-28|14:18:36] --------------------------------------- 
INFO [10-28|14:18:36] addVote to                               height=2 round=0 from=0x82a978b3f5962a5b0957d9ee9eef472ee55b42f1 success=true cm.coinbase=0x7d577a597b2742b498cb5cf0c26cdcd726d39e6e
INFO [10-28|14:18:36] ------in handle VoteMsg, success!------ 
made hs, hs: [{[74 160 239 48 185 232 229 115 80 18 192 118 253 73 220 132 33 205 224 78 117 31 154 146 174 153 216 241 109 127 10 27] 4}]
sorted hs, hs: [{[74 160 239 48 185 232 229 115 80 18 192 118 253 73 220 132 33 205 224 78 117 31 154 146 174 153 216 241 109 127 10 27] 4}]
=====CM.COINBASE IS:===== [125 87 122 89 123 39 66 180 152 203 92 240 194 108 220 215 38 211 158 110] block number is: 2
INFO [10-28|14:18:36] case: default, cm.process 
ready: 4 need: 2.6666667
INFO [10-28|14:18:36] ---------------process------------------ 
INFO [10-28|14:18:36] In RM Process                            height=2 round=0
INFO [10-28|14:18:36] --------In rm.propose------- 
INFO [10-28|14:18:36] ---------------in rm.vote----------------- 
INFO [10-28|14:18:36] in vote in RM                            height=2 round=0
INFO [10-28|14:18:36] vote mp 
INFO [10-28|14:18:36] vote success in                          height=2 round=0
INFO [10-28|14:18:36] Send VoteMsg 
INFO [10-28|14:18:36] in rm.process, check lockset HasQuorum 
INFO [10-28|14:18:36] in HasQuorum 
INFO [10-28|14:18:36] In IsValid() 
len(lockset.Votes): 4 lockset.EligibleVotesNum: 4
INFO [10-28|14:18:36] in sortByBlockhash 
made bhs, bhs: map[[3 72 12 43 183 10 130 250 32 249 29 247 227 171 138 64 208 75 106 182 13 52 209 205 48 19 42 29 54 240 181 172]:4]
made hs, hs: [{[3 72 12 43 183 10 130 250 32 249 29 247 227 171 138 64 208 75 106 182 13 52 209 205 48 19 42 29 54 240 181 172] 4}]
sorted hs, hs: [{[3 72 12 43 183 10 130 250 32 249 29 247 227 171 138 64 208 75 106 182 13 52 209 205 48 19 42 29 54 240 181 172] 4}]
INFO [10-28|14:18:36] There is a quorum                        height=2 round=0
--- in rm.process p.id: --- Peer 94dd98401cf6ca04 [eth/63]
INFO [10-28|14:18:36] ============in cm.commitLockset============ 
INFO [10-28|14:18:36] in commitLockset, check ls HasQuorum 
INFO [10-28|14:18:36] in HasQuorum 
INFO [10-28|14:18:36] In IsValid() 
len(lockset.Votes): 4 lockset.EligibleVotesNum: 4
INFO [10-28|14:18:36] in sortByBlockhash 
made bhs, bhs: map[[3 72 12 43 183 10 130 250 32 249 29 247 227 171 138 64 208 75 106 182 13 52 209 205 48 19 42 29 54 240 181 172]:4]
made hs, hs: [{[3 72 12 43 183 10 130 250 32 249 29 247 227 171 138 64 208 75 106 182 13 52 209 205 48 19 42 29 54 240 181 172] 4}]
sorted hs, hs: [{[3 72 12 43 183 10 130 250 32 249 29 247 227 171 138 64 208 75 106 182 13 52 209 205 48 19 42 29 54 240 181 172] 4}]
INFO [10-28|14:18:36] cm.found is not nil 
INFO [10-28|14:18:36] store lockset 
peerid: 94dd98401cf6ca04
INFO [10-28|14:18:36] ---storeLockset--- 
INFO [10-28|14:18:36] have a consensus on the block 
INFO [10-28|14:18:36] result.Header().Coinbase != b.signer 
cmH 2
result.Header().Coinbase: [220 236 234 243 252 92 10 99 209 149 214 155 26 144 1 27 123 25 101 13] b.signer: [125 87 122 89 123 39 66 180 152 203 92 240 194 108 220 215 38 211 158 110]
INFO [10-28|14:18:36] after cm.process() 
ConsensusTime, 165068397 , txs, 1599 , blockNum, 2
FinishedConsensus, 1540707516989631000
INFO [10-28|14:18:36] result is nil 
INFO [10-28|14:18:36] === Finished Mine() === 
INFO [10-28|14:18:36] in validatorCommit1 
pid: 94dd98401cf6ca04
block number 2
-------in NewBFTValidatorBlock-------
INFO [10-28|14:18:36] in validatorCommit2 
validatorCommit time: 517.826µs
INFO [10-28|14:18:36] **in eth.handler**, get result from ch 
INFO [10-28|14:18:36] ***in BFT.VVVVerifyHeader*** 
INFO [10-28|14:18:36] ***in BFT.verifyHeader*** 
INFO [10-28|14:18:36] ***in BFT.verifySeal*** 
INFO [10-28|14:18:36] In verifyVotes 
INFO [10-28|14:18:36] in HasQuorum 
INFO [10-28|14:18:36] In IsValid() 
len(lockset.Votes): 4 lockset.EligibleVotesNum: 4
INFO [10-28|14:18:36] in sortByBlockhash 
made bhs, bhs: map[[3 72 12 43 183 10 130 250 32 249 29 247 227 171 138 64 208 75 106 182 13 52 209 205 48 19 42 29 54 240 181 172]:4]
made hs, hs: [{[3 72 12 43 183 10 130 250 32 249 29 247 227 171 138 64 208 75 106 182 13 52 209 205 48 19 42 29 54 240 181 172] 4}]
sorted hs, hs: [{[3 72 12 43 183 10 130 250 32 249 29 247 227 171 138 64 208 75 106 182 13 52 209 205 48 19 42 29 54 240 181 172] 4}]
INFO [10-28|14:18:36] ***in BFT.VerifyHeaderSSSS*** 
INFO [10-28|14:18:36] ***in BFT.verifyHeader*** 
INFO [10-28|14:18:36] ***in BFT.verifySeal*** 
INFO [10-28|14:18:36] In verifyVotes 
INFO [10-28|14:18:36] in HasQuorum 
INFO [10-28|14:18:36] In IsValid() 
len(lockset.Votes): 4 lockset.EligibleVotesNum: 4
INFO [10-28|14:18:36] in sortByBlockhash 
made bhs, bhs: map[[3 72 12 43 183 10 130 250 32 249 29 247 227 171 138 64 208 75 106 182 13 52 209 205 48 19 42 29 54 240 181 172]:4]
made hs, hs: [{[3 72 12 43 183 10 130 250 32 249 29 247 227 171 138 64 208 75 106 182 13 52 209 205 48 19 42 29 54 240 181 172] 4}]
sorted hs, hs: [{[3 72 12 43 183 10 130 250 32 249 29 247 227 171 138 64 208 75 106 182 13 52 209 205 48 19 42 29 54 240 181 172] 4}]
INFO [10-28|14:18:39] Imported new chain segment               blocks=1 txs=1599 mgas=33.579 elapsed=2.342s    mgasps=14.334 number=2 hash=03480c…f0b5ac
FinishedPostExec, 1540707519334393000 , txs, 1599
PostExecTime, 2.342616846s
INFO [10-28|14:18:39] in pool.evenLoop, call pool.resetState 
INFO [10-28|14:18:41] Commit new mining work                   number=3 txs=1599 uncles=0 elapsed=1.839s
INFO [10-28|14:18:41] Sealing                                  block n=3
StartConsensus, 1540707521175655000
INFO [10-28|14:18:41] Start Process 
INFO [10-28|14:18:41] in cm.Process, check lastCommittingLockset() 
INFO [10-28|14:18:41] In IsValid() 
len(lockset.Votes): 4 lockset.EligibleVotesNum: 4
INFO [10-28|14:18:41] in HasQuorum 
INFO [10-28|14:18:41] In IsValid() 
len(lockset.Votes): 4 lockset.EligibleVotesNum: 4
INFO [10-28|14:18:41] in sortByBlockhash 
made bhs, bhs: map[[3 72 12 43 183 10 130 250 32 249 29 247 227 171 138 64 208 75 106 182 13 52 209 205 48 19 42 29 54 240 181 172]:4]
made hs, hs: [{[3 72 12 43 183 10 130 250 32 249 29 247 227 171 138 64 208 75 106 182 13 52 209 205 48 19 42 29 54 240 181 172] 4}]
sorted hs, hs: [{[3 72 12 43 183 10 130 250 32 249 29 247 227 171 138 64 208 75 106 182 13 52 209 205 48 19 42 29 54 240 181 172] 4}]
=====CM.COINBASE IS:===== [125 87 122 89 123 39 66 180 152 203 92 240 194 108 220 215 38 211 158 110] block number is: 3
INFO [10-28|14:18:41] case: default, cm.process 
ready: 4 need: 2.6666667
INFO [10-28|14:18:41] ---------------process------------------ 
INFO [10-28|14:18:41] In RM Process                            height=3 round=0
INFO [10-28|14:18:41] --------In rm.propose------- 
INFO [10-28|14:18:41] ---------------in rm.vote----------------- 
INFO [10-28|14:18:41] in vote in RM                            height=3 round=0
INFO [10-28|14:18:41] Timeout time not reach, curr vs timeout: curr=1540707521.000 timeout=1540707526.000
INFO [10-28|14:18:41] in rm.process, check lockset HasQuorum 
INFO [10-28|14:18:41] in HasQuorum 
INFO [10-28|14:18:41] In IsValid() 
len(lockset.Votes): 0 lockset.EligibleVotesNum: 4
INFO [10-28|14:18:41] rm lockset is not valid yet 
INFO [10-28|14:18:41] after cm.process() 
INFO [10-28|14:18:41] Handle BFT Msg,                          msg="msg #11 (173336 bytes)"
INFO [10-28|14:18:41] -------Received NewBlockProposalMsg------- 
bpHR: H: 3 R: 0
cmHR: H: 3 R: 0
INFO [10-28|14:18:41] --------------------------------------- 
# collMsig from = Peer d9d5b902798f5c42 [eth/63]
cmHR: H: 3 R: 0
this is rm.proposerPeer  Peer d9d5b902798f5c42 [eth/63]
INFO [10-28|14:18:41] In IsValid() 
len(lockset.Votes): 0 lockset.EligibleVotesNum: 0
INFO [10-28|14:18:41] cm add BlockProposal                     h=3 r=0
INFO [10-28|14:18:41] in HasQuorum 
INFO [10-28|14:18:41] In IsValid() 
len(lockset.Votes): 4 lockset.EligibleVotesNum: 4
INFO [10-28|14:18:41] in sortByBlockhash 
made bhs, bhs: map[[3 72 12 43 183 10 130 250 32 249 29 247 227 171 138 64 208 75 106 182 13 52 209 205 48 19 42 29 54 240 181 172]:4]
made hs, hs: [{[3 72 12 43 183 10 130 250 32 249 29 247 227 171 138 64 208 75 106 182 13 52 209 205 48 19 42 29 54 240 181 172] 4}]
sorted hs, hs: [{[3 72 12 43 183 10 130 250 32 249 29 247 227 171 138 64 208 75 106 182 13 52 209 205 48 19 42 29 54 240 181 172] 4}]
INFO [10-28|14:18:41] In addBlockCandidates!! 
INFO [10-28|14:18:41] -------in handle NewBlockProposalMsg, success!------- 
INFO [10-28|14:18:41] Handle BFT Msg,                          msg="msg #18 (544 bytes)"
INFO [10-28|14:18:41] ------Received MsigProposalMsg------ 
I received msp from  Peer d67104e65b61fca1 [eth/63]
mpHR: H: 3 R: 0 hash: [49 210 71 126 97 193 179 157 177 7 16 235 123 115 186 68 236 104 72 88 17 15 112 247 178 18 92 215 228 7 245 143]
cmHR: H: 3 R: 0
INFO [10-28|14:18:41] --------------------------------------- 
mp= &{<nil> 27 17382903764625068123515086765626854502610748300001841802195273240211480222007 31293107001570733389661052442237067656924866361364011496942777598752716053378 map[] map[] map[] 3 0 [49 210 71 126 97 193 179 157 177 7 16 235 123 115 186 68 236 104 72 88 17 15 112 247 178 18 92 215 228 7 245 143] 0xc426b00b40 0xc426b00b90}
H====:  3 P==== 0
@rm.proposerPeer = Peer d9d5b902798f5c42 [eth/63]
INFO [10-28|14:18:41] in MsigFinished 
INFO [10-28|14:18:41] ------addmsigproposal success!------- 
mp= &{0xc428f787e0 27 17382903764625068123515086765626854502610748300001841802195273240211480222007 31293107001570733389661052442237067656924866361364011496942777598752716053378 map[] map[] map[] 3 0 [49 210 71 126 97 193 179 157 177 7 16 235 123 115 186 68 236 104 72 88 17 15 112 247 178 18 92 215 228 7 245 143] 0xc426b00b40 0xc426b00b90}
INFO [10-28|14:18:41] Handle BFT Msg,                          msg="msg #17 (107 bytes)"
INFO [10-28|14:18:41] ------Received VoteMsg------ 
voteHR: H: 3 R: 0 voteType:: 1 voteHash: [49 210 71 126 97 193 179 157 177 7 16 235 123 115 186 68 236 104 72 88 17 15 112 247 178 18 92 215 228 7 245 143]
cmHR: H: 3 R: 0
INFO [10-28|14:18:41] --------------------------------------- 
INFO [10-28|14:18:41] addVote to                               height=3 round=0 from=0x82a978b3f5962a5b0957d9ee9eef472ee55b42f1 success=true cm.coinbase=0x7d577a597b2742b498cb5cf0c26cdcd726d39e6e
INFO [10-28|14:18:41] ------in handle VoteMsg, success!------ 
INFO [10-28|14:18:41] case: default, cm.process 
ready: 4 need: 2.6666667
INFO [10-28|14:18:41] ---------------process------------------ 
INFO [10-28|14:18:41] In RM Process                            height=3 round=0
INFO [10-28|14:18:41] --------In rm.propose------- 
INFO [10-28|14:18:41] ---------------in rm.vote----------------- 
INFO [10-28|14:18:41] in vote in RM                            height=3 round=0
INFO [10-28|14:18:41] vote mp 
INFO [10-28|14:18:41] vote success in                          height=3 round=0
INFO [10-28|14:18:41] Send VoteMsg 
INFO [10-28|14:18:41] in rm.process, check lockset HasQuorum 
INFO [10-28|14:18:41] in HasQuorum 
INFO [10-28|14:18:41] In IsValid() 
len(lockset.Votes): 2 lockset.EligibleVotesNum: 4
INFO [10-28|14:18:41] rm lockset is not valid yet 
INFO [10-28|14:18:41] after cm.process() 
INFO [10-28|14:18:41] Handle BFT Msg,                          msg="msg #17 (107 bytes)"
INFO [10-28|14:18:41] ------Received VoteMsg------ 
voteHR: H: 3 R: 0 voteType:: 1 voteHash: [49 210 71 126 97 193 179 157 177 7 16 235 123 115 186 68 236 104 72 88 17 15 112 247 178 18 92 215 228 7 245 143]
cmHR: H: 3 R: 0
INFO [10-28|14:18:41] --------------------------------------- 
INFO [10-28|14:18:41] addVote to                               height=3 round=0 from=0xdceceaf3fc5c0a63d195d69b1a90011b7b19650d success=true cm.coinbase=0x7d577a597b2742b498cb5cf0c26cdcd726d39e6e
INFO [10-28|14:18:41] ------in handle VoteMsg, success!------ 
INFO [10-28|14:18:41] Handle BFT Msg,                          msg="msg #17 (107 bytes)"
INFO [10-28|14:18:41] ------Received VoteMsg------ 
voteHR: H: 3 R: 0 voteType:: 1 voteHash: [49 210 71 126 97 193 179 157 177 7 16 235 123 115 186 68 236 104 72 88 17 15 112 247 178 18 92 215 228 7 245 143]
cmHR: H: 3 R: 0
INFO [10-28|14:18:41] --------------------------------------- 
INFO [10-28|14:18:41] addVote to                               height=3 round=0 from=0x598443f1880ef585b21f1d7585bd0577402861e5 success=true cm.coinbase=0x7d577a597b2742b498cb5cf0c26cdcd726d39e6e
INFO [10-28|14:18:41] ------in handle VoteMsg, success!------ 
INFO [10-28|14:18:41] Handle BFT Msg,                          msg="msg #9 (3 bytes)"
INFO [10-28|14:18:41] -------GetLocksetsMsg------- 
GetLockSetsMsg request:  [{3}] from:  94dd98401cf6ca04
INFO [10-28|14:18:41] Request future block 
INFO [10-28|14:18:41] case: default, cm.process 
ready: 4 need: 2.6666667
INFO [10-28|14:18:41] ---------------process------------------ 
INFO [10-28|14:18:41] In RM Process                            height=3 round=0
INFO [10-28|14:18:41] --------In rm.propose------- 
INFO [10-28|14:18:41] ---------------in rm.vote----------------- 
INFO [10-28|14:18:41] voted 
INFO [10-28|14:18:41] in rm.process, check lockset HasQuorum 
INFO [10-28|14:18:41] in HasQuorum 
INFO [10-28|14:18:41] In IsValid() 
len(lockset.Votes): 4 lockset.EligibleVotesNum: 4
INFO [10-28|14:18:41] in sortByBlockhash 
made bhs, bhs: map[[49 210 71 126 97 193 179 157 177 7 16 235 123 115 186 68 236 104 72 88 17 15 112 247 178 18 92 215 228 7 245 143]:4]
made hs, hs: [{[49 210 71 126 97 193 179 157 177 7 16 235 123 115 186 68 236 104 72 88 17 15 112 247 178 18 92 215 228 7 245 143] 4}]
sorted hs, hs: [{[49 210 71 126 97 193 179 157 177 7 16 235 123 115 186 68 236 104 72 88 17 15 112 247 178 18 92 215 228 7 245 143] 4}]
INFO [10-28|14:18:41] There is a quorum                        height=3 round=0
--- in rm.process p.id: --- Peer d9d5b902798f5c42 [eth/63]
INFO [10-28|14:18:41] ============in cm.commitLockset============ 
INFO [10-28|14:18:41] in commitLockset, check ls HasQuorum 
INFO [10-28|14:18:41] in HasQuorum 
INFO [10-28|14:18:41] In IsValid() 
len(lockset.Votes): 4 lockset.EligibleVotesNum: 4
INFO [10-28|14:18:41] in sortByBlockhash 
made bhs, bhs: map[[49 210 71 126 97 193 179 157 177 7 16 235 123 115 186 68 236 104 72 88 17 15 112 247 178 18 92 215 228 7 245 143]:4]
made hs, hs: [{[49 210 71 126 97 193 179 157 177 7 16 235 123 115 186 68 236 104 72 88 17 15 112 247 178 18 92 215 228 7 245 143] 4}]
sorted hs, hs: [{[49 210 71 126 97 193 179 157 177 7 16 235 123 115 186 68 236 104 72 88 17 15 112 247 178 18 92 215 228 7 245 143] 4}]
INFO [10-28|14:18:41] cm.found is not nil 
INFO [10-28|14:18:41] store lockset 
peerid: d9d5b902798f5c42
INFO [10-28|14:18:41] ---storeLockset--- 
INFO [10-28|14:18:41] after cm.process() 
cmH 3
INFO [10-28|14:18:41] in validatorCommit1 
pid: d9d5b902798f5c42
block number 3
-------in NewBFTValidatorBlock-------
INFO [10-28|14:18:41] in validatorCommit2 
validatorCommit time: 121.584µs
INFO [10-28|14:18:41] **in eth.handler**, get result from ch 
INFO [10-28|14:18:41] ***in BFT.VVVVerifyHeader*** 
INFO [10-28|14:18:41] ***in BFT.verifyHeader*** 
INFO [10-28|14:18:41] ***in BFT.verifySeal*** 
INFO [10-28|14:18:41] In verifyVotes 
INFO [10-28|14:18:41] have a consensus on the block 
INFO [10-28|14:18:41] in HasQuorum 
INFO [10-28|14:18:41] In IsValid() 
len(lockset.Votes): 4 lockset.EligibleVotesNum: 4
INFO [10-28|14:18:41] result.Header().Coinbase != b.signer 
INFO [10-28|14:18:41] in sortByBlockhash 
result.Header().Coinbase: [89 132 67 241 136 14 245 133 178 31 29 117 133 189 5 119 64 40 97 229] b.signer: [125 87 122 89 123 39 66 180 152 203 92 240 194 108 220 215 38 211 158 110]
made bhs, bhs: map[[49 210 71 126 97 193 179 157 177 7 16 235 123 115 186 68 236 104 72 88 17 15 112 247 178 18 92 215 228 7 245 143]:4]
ConsensusTime, 210306095 , txs, 1599 , blockNum, 3
FinishedConsensus, 1540707521386092000
made hs, hs: [{[49 210 71 126 97 193 179 157 177 7 16 235 123 115 186 68 236 104 72 88 17 15 112 247 178 18 92 215 228 7 245 143] 4}]
INFO [10-28|14:18:41] result is nil 
sorted hs, hs: [{[49 210 71 126 97 193 179 157 177 7 16 235 123 115 186 68 236 104 72 88 17 15 112 247 178 18 92 215 228 7 245 143] 4}]
INFO [10-28|14:18:41] ***in BFT.VerifyHeaderSSSS*** 
INFO [10-28|14:18:41] ***in BFT.verifyHeader*** 
INFO [10-28|14:18:41] ***in BFT.verifySeal*** 
INFO [10-28|14:18:41] In verifyVotes 
INFO [10-28|14:18:41] in HasQuorum 
INFO [10-28|14:18:41] In IsValid() 
len(lockset.Votes): 4 lockset.EligibleVotesNum: 4
INFO [10-28|14:18:41] in sortByBlockhash 
made bhs, bhs: map[[49 210 71 126 97 193 179 157 177 7 16 235 123 115 186 68 236 104 72 88 17 15 112 247 178 18 92 215 228 7 245 143]:4]
made hs, hs: [{[49 210 71 126 97 193 179 157 177 7 16 235 123 115 186 68 236 104 72 88 17 15 112 247 178 18 92 215 228 7 245 143] 4}]
sorted hs, hs: [{[49 210 71 126 97 193 179 157 177 7 16 235 123 115 186 68 236 104 72 88 17 15 112 247 178 18 92 215 228 7 245 143] 4}]
INFO [10-28|14:18:41] === Finished Mine() === 
INFO [10-28|14:18:42] Imported new chain segment               blocks=1 txs=1599 mgas=33.579 elapsed=1.009s    mgasps=33.250 number=3 hash=31d247…07f58f
FinishedPostExec, 1540707522396152000 , txs, 1599
PostExecTime, 1.009896087s
INFO [10-28|14:18:42] in pool.evenLoop, call pool.resetState 
INFO [10-28|14:18:44] Handle BFT Msg,                          msg="msg #11 (173453 bytes)"
INFO [10-28|14:18:44] -------Received NewBlockProposalMsg------- 
bpHR: H: 4 R: 0
cmHR: H: 4 R: 0
INFO [10-28|14:18:44] --------------------------------------- 
INFO [10-28|14:18:44] Commit new mining work                   number=4 txs=1600 uncles=0 elapsed=2.050s
# collMsig from = Peer d67104e65b61fca1 [eth/63]
cmHR: H: 4 R: 0
this is rm.proposerPeer  Peer d67104e65b61fca1 [eth/63]
INFO [10-28|14:18:44] Sealing                                  block n=4
StartConsensus, 1540707524446943000
INFO [10-28|14:18:44] Start Process 
INFO [10-28|14:18:44] in cm.Process, check lastCommittingLockset() 
INFO [10-28|14:18:44] In IsValid() 
len(lockset.Votes): 4 lockset.EligibleVotesNum: 4
INFO [10-28|14:18:44] in HasQuorum 
INFO [10-28|14:18:44] In IsValid() 
len(lockset.Votes): 4 lockset.EligibleVotesNum: 4
INFO [10-28|14:18:44] in sortByBlockhash 
made bhs, bhs: map[[49 210 71 126 97 193 179 157 177 7 16 235 123 115 186 68 236 104 72 88 17 15 112 247 178 18 92 215 228 7 245 143]:4]
made hs, hs: [{[49 210 71 126 97 193 179 157 177 7 16 235 123 115 186 68 236 104 72 88 17 15 112 247 178 18 92 215 228 7 245 143] 4}]
sorted hs, hs: [{[49 210 71 126 97 193 179 157 177 7 16 235 123 115 186 68 236 104 72 88 17 15 112 247 178 18 92 215 228 7 245 143] 4}]
=====CM.COINBASE IS:===== [125 87 122 89 123 39 66 180 152 203 92 240 194 108 220 215 38 211 158 110] block number is: 4
INFO [10-28|14:18:44] case: default, cm.process 
ready: 4 need: 2.6666667
INFO [10-28|14:18:44] ---------------process------------------ 
INFO [10-28|14:18:44] In RM Process                            height=4 round=0
INFO [10-28|14:18:44] --------In rm.propose------- 
INFO [10-28|14:18:44] ---------------in rm.vote----------------- 
INFO [10-28|14:18:44] in vote in RM                            height=4 round=0
INFO [10-28|14:18:44] Timeout time not reach, curr vs timeout: curr=1540707524.000 timeout=1540707529.000
INFO [10-28|14:18:44] in rm.process, check lockset HasQuorum 
INFO [10-28|14:18:44] in HasQuorum 
INFO [10-28|14:18:44] In IsValid() 
len(lockset.Votes): 0 lockset.EligibleVotesNum: 4
INFO [10-28|14:18:44] rm lockset is not valid yet 
INFO [10-28|14:18:44] after cm.process() 
INFO [10-28|14:18:44] In IsValid() 
len(lockset.Votes): 0 lockset.EligibleVotesNum: 0
INFO [10-28|14:18:44] cm add BlockProposal                     h=4 r=0
INFO [10-28|14:18:44] in HasQuorum 
INFO [10-28|14:18:44] In IsValid() 
len(lockset.Votes): 4 lockset.EligibleVotesNum: 4
INFO [10-28|14:18:44] in sortByBlockhash 
made bhs, bhs: map[[49 210 71 126 97 193 179 157 177 7 16 235 123 115 186 68 236 104 72 88 17 15 112 247 178 18 92 215 228 7 245 143]:4]
made hs, hs: [{[49 210 71 126 97 193 179 157 177 7 16 235 123 115 186 68 236 104 72 88 17 15 112 247 178 18 92 215 228 7 245 143] 4}]
sorted hs, hs: [{[49 210 71 126 97 193 179 157 177 7 16 235 123 115 186 68 236 104 72 88 17 15 112 247 178 18 92 215 228 7 245 143] 4}]
INFO [10-28|14:18:44] in collectMsig, i am wintness 
Msig=  @cm.privkey = &{{0xc42019f3e0 49333375731026722763724673355817623010216273375510230893922038453389442082451 27428293760379827852581312387232657834965419531096753702893145947157763096161} 90743482286830539503240959006302832933333810038750515972785732718729991261126} ##cm.coinbase= [125 87 122 89 123 39 66 180 152 203 92 240 194 108 220 215 38 211 158 110]
in collect Misg from Peer d67104e65b61fca1 [eth/63]
INFO [10-28|14:18:44] Return MsigProposalMsg to                LOG15_ERROR=                                                   LOG15_ERROR="Normalized odd number of arguments by adding nil"
INFO [10-28|14:18:44] Send MsigProposalMsg 
INFO [10-28|14:18:44] In addBlockCandidates!! 
INFO [10-28|14:18:44] -------in handle NewBlockProposalMsg, success!------- 
INFO [10-28|14:18:44] Handle BFT Msg,                          msg="msg #17 (107 bytes)"
INFO [10-28|14:18:44] ------Received VoteMsg------ 
voteHR: H: 4 R: 0 voteType:: 1 voteHash: [79 250 21 202 93 220 157 205 101 197 206 12 94 235 149 89 30 162 57 164 34 26 35 137 216 237 107 157 235 160 231 178]
cmHR: H: 4 R: 0
INFO [10-28|14:18:44] --------------------------------------- 
INFO [10-28|14:18:44] addVote to                               height=4 round=0 from=0x82a978b3f5962a5b0957d9ee9eef472ee55b42f1 success=true cm.coinbase=0x7d577a597b2742b498cb5cf0c26cdcd726d39e6e
INFO [10-28|14:18:44] ------in handle VoteMsg, success!------ 
INFO [10-28|14:18:44] Handle BFT Msg,                          msg="msg #17 (107 bytes)"
INFO [10-28|14:18:44] ------Received VoteMsg------ 
voteHR: H: 4 R: 0 voteType:: 1 voteHash: [79 250 21 202 93 220 157 205 101 197 206 12 94 235 149 89 30 162 57 164 34 26 35 137 216 237 107 157 235 160 231 178]
cmHR: H: 4 R: 0
INFO [10-28|14:18:44] --------------------------------------- 
INFO [10-28|14:18:44] addVote to                               height=4 round=0 from=0x598443f1880ef585b21f1d7585bd0577402861e5 success=true cm.coinbase=0x7d577a597b2742b498cb5cf0c26cdcd726d39e6e
INFO [10-28|14:18:44] ------in handle VoteMsg, success!------ 
INFO [10-28|14:18:44] case: default, cm.process 
ready: 4 need: 2.6666667
INFO [10-28|14:18:44] ---------------process------------------ 
INFO [10-28|14:18:44] In RM Process                            height=4 round=0
INFO [10-28|14:18:44] --------In rm.propose------- 
INFO [10-28|14:18:44] ---------------in rm.vote----------------- 
INFO [10-28|14:18:44] in vote in RM                            height=4 round=0
INFO [10-28|14:18:44] vote mp 
INFO [10-28|14:18:44] vote success in                          height=4 round=0
INFO [10-28|14:18:44] Send VoteMsg 
INFO [10-28|14:18:44] in rm.process, check lockset HasQuorum 
INFO [10-28|14:18:44] in HasQuorum 
INFO [10-28|14:18:44] In IsValid() 
len(lockset.Votes): 3 lockset.EligibleVotesNum: 4
INFO [10-28|14:18:44] in sortByBlockhash 
made bhs, bhs: map[[79 250 21 202 93 220 157 205 101 197 206 12 94 235 149 89 30 162 57 164 34 26 35 137 216 237 107 157 235 160 231 178]:3]
made hs, hs: [{[79 250 21 202 93 220 157 205 101 197 206 12 94 235 149 89 30 162 57 164 34 26 35 137 216 237 107 157 235 160 231 178] 3}]
sorted hs, hs: [{[79 250 21 202 93 220 157 205 101 197 206 12 94 235 149 89 30 162 57 164 34 26 35 137 216 237 107 157 235 160 231 178] 3}]
INFO [10-28|14:18:44] There is a quorum                        height=4 round=0
--- in rm.process p.id: --- Peer d67104e65b61fca1 [eth/63]
INFO [10-28|14:18:44] ============in cm.commitLockset============ 
INFO [10-28|14:18:44] in commitLockset, check ls HasQuorum 
INFO [10-28|14:18:44] in HasQuorum 
INFO [10-28|14:18:44] In IsValid() 
len(lockset.Votes): 3 lockset.EligibleVotesNum: 4
INFO [10-28|14:18:44] in sortByBlockhash 
made bhs, bhs: map[[79 250 21 202 93 220 157 205 101 197 206 12 94 235 149 89 30 162 57 164 34 26 35 137 216 237 107 157 235 160 231 178]:3]
made hs, hs: [{[79 250 21 202 93 220 157 205 101 197 206 12 94 235 149 89 30 162 57 164 34 26 35 137 216 237 107 157 235 160 231 178] 3}]
sorted hs, hs: [{[79 250 21 202 93 220 157 205 101 197 206 12 94 235 149 89 30 162 57 164 34 26 35 137 216 237 107 157 235 160 231 178] 3}]
INFO [10-28|14:18:44] cm.found is not nil 
INFO [10-28|14:18:44] store lockset 
peerid: d67104e65b61fca1
INFO [10-28|14:18:44] ---storeLockset--- 
INFO [10-28|14:18:44] after cm.process() 
cmH 4
INFO [10-28|14:18:44] in validatorCommit1 
pid: d67104e65b61fca1
block number 4
-------in NewBFTValidatorBlock-------
INFO [10-28|14:18:44] in validatorCommit2 
validatorCommit time: 93.727µs
INFO [10-28|14:18:44] **in eth.handler**, get result from ch 
INFO [10-28|14:18:44] ***in BFT.VVVVerifyHeader*** 
INFO [10-28|14:18:44] ***in BFT.verifyHeader*** 
INFO [10-28|14:18:44] ***in BFT.verifySeal*** 
INFO [10-28|14:18:44] In verifyVotes 
INFO [10-28|14:18:44] in HasQuorum 
INFO [10-28|14:18:44] In IsValid() 
len(lockset.Votes): 3 lockset.EligibleVotesNum: 4
INFO [10-28|14:18:44] in sortByBlockhash 
made bhs, bhs: map[[79 250 21 202 93 220 157 205 101 197 206 12 94 235 149 89 30 162 57 164 34 26 35 137 216 237 107 157 235 160 231 178]:3]
made hs, hs: [{[79 250 21 202 93 220 157 205 101 197 206 12 94 235 149 89 30 162 57 164 34 26 35 137 216 237 107 157 235 160 231 178] 3}]
sorted hs, hs: [{[79 250 21 202 93 220 157 205 101 197 206 12 94 235 149 89 30 162 57 164 34 26 35 137 216 237 107 157 235 160 231 178] 3}]
INFO [10-28|14:18:44] ***in BFT.VerifyHeaderSSSS*** 
INFO [10-28|14:18:44] ***in BFT.verifyHeader*** 
INFO [10-28|14:18:44] ***in BFT.verifySeal*** 
INFO [10-28|14:18:44] In verifyVotes 
INFO [10-28|14:18:44] in HasQuorum 
INFO [10-28|14:18:44] In IsValid() 
len(lockset.Votes): 3 lockset.EligibleVotesNum: 4
INFO [10-28|14:18:44] in sortByBlockhash 
made bhs, bhs: map[[79 250 21 202 93 220 157 205 101 197 206 12 94 235 149 89 30 162 57 164 34 26 35 137 216 237 107 157 235 160 231 178]:3]
made hs, hs: [{[79 250 21 202 93 220 157 205 101 197 206 12 94 235 149 89 30 162 57 164 34 26 35 137 216 237 107 157 235 160 231 178] 3}]
sorted hs, hs: [{[79 250 21 202 93 220 157 205 101 197 206 12 94 235 149 89 30 162 57 164 34 26 35 137 216 237 107 157 235 160 231 178] 3}]
INFO [10-28|14:18:44] have a consensus on the block 
INFO [10-28|14:18:44] result.Header().Coinbase != b.signer 
result.Header().Coinbase: [130 169 120 179 245 150 42 91 9 87 217 238 158 239 71 46 229 91 66 241] b.signer: [125 87 122 89 123 39 66 180 152 203 92 240 194 108 220 215 38 211 158 110]
ConsensusTime, 115336712 , txs, 1600 , blockNum, 4
FinishedConsensus, 1540707524562332000
INFO [10-28|14:18:44] result is nil 
INFO [10-28|14:18:44] === Finished Mine() === 
INFO [10-28|14:18:44] Handle BFT Msg,                          msg="msg #9 (3 bytes)"
INFO [10-28|14:18:44] -------GetLocksetsMsg------- 
GetLockSetsMsg request:  [{4}] from:  94dd98401cf6ca04
INFO [10-28|14:18:44] Request future block 
INFO [10-28|14:18:44] received NewBlockMsg! 
INFO [10-28|14:18:45] Handle BFT Msg,                          msg="msg #17 (107 bytes)"
INFO [10-28|14:18:45] ------Received VoteMsg------ 
voteHR: H: 4 R: 0 voteType:: 1 voteHash: [79 250 21 202 93 220 157 205 101 197 206 12 94 235 149 89 30 162 57 164 34 26 35 137 216 237 107 157 235 160 231 178]
cmHR: H: 4 R: 0
INFO [10-28|14:18:45] --------------------------------------- 
INFO [10-28|14:18:45] addVote to                               height=4 round=0 from=0xdceceaf3fc5c0a63d195d69b1a90011b7b19650d success=true cm.coinbase=0x7d577a597b2742b498cb5cf0c26cdcd726d39e6e
INFO [10-28|14:18:45] ------in handle VoteMsg, success!------ 
INFO [10-28|14:18:46] Imported new chain segment               blocks=1 txs=1600 mgas=33.600 elapsed=1.802s    mgasps=18.643 number=4 hash=4ffa15…a0e7b2
FinishedPostExec, 1540707526361693000 , txs, 1600
PostExecTime, 1.802293692s
INFO [10-28|14:18:46] in pool.evenLoop, call pool.resetState 
INFO [10-28|14:18:50] Commit new mining work                   number=5 txs=1601 uncles=0 elapsed=4.478s
INFO [10-28|14:18:50] Sealing                                  block n=5
StartConsensus, 1540707530840475000
INFO [10-28|14:18:50] Start Process 
INFO [10-28|14:18:50] in cm.Process, check lastCommittingLockset() 
INFO [10-28|14:18:50] In IsValid() 
len(lockset.Votes): 4 lockset.EligibleVotesNum: 4
INFO [10-28|14:18:50] in HasQuorum 
INFO [10-28|14:18:50] In IsValid() 
len(lockset.Votes): 4 lockset.EligibleVotesNum: 4
INFO [10-28|14:18:50] in sortByBlockhash 
made bhs, bhs: map[[79 250 21 202 93 220 157 205 101 197 206 12 94 235 149 89 30 162 57 164 34 26 35 137 216 237 107 157 235 160 231 178]:4]
made hs, hs: [{[79 250 21 202 93 220 157 205 101 197 206 12 94 235 149 89 30 162 57 164 34 26 35 137 216 237 107 157 235 160 231 178] 4}]
sorted hs, hs: [{[79 250 21 202 93 220 157 205 101 197 206 12 94 235 149 89 30 162 57 164 34 26 35 137 216 237 107 157 235 160 231 178] 4}]
=====CM.COINBASE IS:===== [125 87 122 89 123 39 66 180 152 203 92 240 194 108 220 215 38 211 158 110] block number is: 5
INFO [10-28|14:18:50] case: default, cm.process 
ready: 4 need: 2.6666667
INFO [10-28|14:18:50] ---------------process------------------ 
INFO [10-28|14:18:50] In RM Process                            height=5 round=0
INFO [10-28|14:18:50] --------In rm.propose------- 
INFO [10-28|14:18:50] I am a proposer in                       height=5 round=0
INFO [10-28|14:18:50] in propose, check lastRoundLockset 
lastRoundLockset, hm.activeround: 0
INFO [10-28|14:18:50] ------in mkProposal------ 
INFO [10-28|14:18:50] In IsValid() 
len(lockset.Votes): 4 lockset.EligibleVotesNum: 4
INFO [10-28|14:18:50] in HasQuorum 
INFO [10-28|14:18:50] In IsValid() 
len(lockset.Votes): 4 lockset.EligibleVotesNum: 4
INFO [10-28|14:18:50] in sortByBlockhash 
made bhs, bhs: map[[79 250 21 202 93 220 157 205 101 197 206 12 94 235 149 89 30 162 57 164 34 26 35 137 216 237 107 157 235 160 231 178]:4]
made hs, hs: [{[79 250 21 202 93 220 157 205 101 197 206 12 94 235 149 89 30 162 57 164 34 26 35 137 216 237 107 157 235 160 231 178] 4}]
sorted hs, hs: [{[79 250 21 202 93 220 157 205 101 197 206 12 94 235 149 89 30 162 57 164 34 26 35 137 216 237 107 157 235 160 231 178] 4}]
INFO [10-28|14:18:50] LockSet(R-1) is nil (rm.round should equal to zero) 
INFO [10-28|14:18:50] in HasQuorum 
INFO [10-28|14:18:50] In IsValid() 
len(lockset.Votes): 4 lockset.EligibleVotesNum: 4
INFO [10-28|14:18:50] in sortByBlockhash 
made bhs, bhs: map[[79 250 21 202 93 220 157 205 101 197 206 12 94 235 149 89 30 162 57 164 34 26 35 137 216 237 107 157 235 160 231 178]:4]
made hs, hs: [{[79 250 21 202 93 220 157 205 101 197 206 12 94 235 149 89 30 162 57 164 34 26 35 137 216 237 107 157 235 160 231 178] 4}]
sorted hs, hs: [{[79 250 21 202 93 220 157 205 101 197 206 12 94 235 149 89 30 162 57 164 34 26 35 137 216 237 107 157 235 160 231 178] 4}]
INFO [10-28|14:18:50] in HasQuorum 
INFO [10-28|14:18:50] In IsValid() 
len(lockset.Votes): 4 lockset.EligibleVotesNum: 4
INFO [10-28|14:18:50] in sortByBlockhash 
made bhs, bhs: map[[79 250 21 202 93 220 157 205 101 197 206 12 94 235 149 89 30 162 57 164 34 26 35 137 216 237 107 157 235 160 231 178]:4]
made hs, hs: [{[79 250 21 202 93 220 157 205 101 197 206 12 94 235 149 89 30 162 57 164 34 26 35 137 216 237 107 157 235 160 231 178] 4}]
sorted hs, hs: [{[79 250 21 202 93 220 157 205 101 197 206 12 94 235 149 89 30 162 57 164 34 26 35 137 216 237 107 157 235 160 231 178] 4}]
INFO [10-28|14:18:50] in newbp, 11 
INFO [10-28|14:18:50] in newbp, 12 
Create block blockhash :  [89 87 132 97 134 9 156 44 163 213 136 185 237 27 167 171 78 28 45 25 61 46 220 72 201 6 240 128 198 1 166 33]
INFO [10-28|14:18:50] In addBlockCandidates!! 
INFO [10-28|14:18:50] Send NewBlockProposalMsg:                LOG15_ERROR=                                                   LOG15_ERROR="Normalized odd number of arguments by adding nil"
INFO [10-28|14:18:50] Handle BFT Msg,                          msg="msg #18 (544 bytes)"
INFO [10-28|14:18:50] ------Received MsigProposalMsg------ 
I received msp from  Peer 94dd98401cf6ca04 [eth/63]
mpHR: H: 5 R: 0 hash: [89 87 132 97 134 9 156 44 163 213 136 185 237 27 167 171 78 28 45 25 61 46 220 72 201 6 240 128 198 1 166 33]
cmHR: H: 5 R: 0
INFO [10-28|14:18:50] --------------------------------------- 
mp= &{<nil> 27 28857777108686814538965243270117556627965806288940687442829424241789805343147 30269538207030732201052904080217971449053032790882906174856514850541139547723 map[] map[] map[] 5 0 [89 87 132 97 134 9 156 44 163 213 136 185 237 27 167 171 78 28 45 25 61 46 220 72 201 6 240 128 198 1 166 33] 0xc429d58050 0xc429d580a0}
H====:  5 P==== 0
@rm.proposerPeer = <nil>
INFO [10-28|14:18:50] in MsigFinished 
INFO [10-28|14:18:50] ---------------in rm.vote----------------- 
INFO [10-28|14:18:50] in vote in RM                            height=5 round=0
INFO [10-28|14:18:50] Timeout time not reach, curr vs timeout: curr=1540707530.000 timeout=1540707535.000
INFO [10-28|14:18:50] in rm.process, check lockset HasQuorum 
INFO [10-28|14:18:50] in HasQuorum 
INFO [10-28|14:18:50] In IsValid() 
len(lockset.Votes): 0 lockset.EligibleVotesNum: 4
INFO [10-28|14:18:50] rm lockset is not valid yet 
INFO [10-28|14:18:50] ------addmsigproposal success!------- 
mp= &{0xc42afbe880 27 28857777108686814538965243270117556627965806288940687442829424241789805343147 30269538207030732201052904080217971449053032790882906174856514850541139547723 map[] map[] map[] 5 0 [89 87 132 97 134 9 156 44 163 213 136 185 237 27 167 171 78 28 45 25 61 46 220 72 201 6 240 128 198 1 166 33] 0xc429d58050 0xc429d580a0}
INFO [10-28|14:18:50] Handle BFT Msg,                          msg="msg #17 (107 bytes)"
INFO [10-28|14:18:50] ------Received VoteMsg------ 
voteHR: H: 5 R: 0 voteType:: 1 voteHash: [89 87 132 97 134 9 156 44 163 213 136 185 237 27 167 171 78 28 45 25 61 46 220 72 201 6 240 128 198 1 166 33]
cmHR: H: 5 R: 0
INFO [10-28|14:18:50] --------------------------------------- 
INFO [10-28|14:18:50] addVote to                               height=5 round=0 from=0xdceceaf3fc5c0a63d195d69b1a90011b7b19650d success=true cm.coinbase=0x7d577a597b2742b498cb5cf0c26cdcd726d39e6e
INFO [10-28|14:18:50] ------in handle VoteMsg, success!------ 
INFO [10-28|14:18:50] after cm.process() 
INFO [10-28|14:18:51] case: default, cm.process 
ready: 4 need: 2.6666667
INFO [10-28|14:18:51] ---------------process------------------ 
INFO [10-28|14:18:51] In RM Process                            height=5 round=0
INFO [10-28|14:18:51] --------In rm.propose------- 
INFO [10-28|14:18:51] I am a proposer in                       height=5 round=0
INFO [10-28|14:18:51] ---------------in rm.vote----------------- 
INFO [10-28|14:18:51] in vote in RM                            height=5 round=0
INFO [10-28|14:18:51] vote mp 
INFO [10-28|14:18:51] vote success in                          height=5 round=0
INFO [10-28|14:18:51] Send VoteMsg 
INFO [10-28|14:18:51] Handle BFT Msg,                          msg="msg #17 (107 bytes)"
INFO [10-28|14:18:51] ------Received VoteMsg------ 
voteHR: H: 5 R: 0 voteType:: 1 voteHash: [89 87 132 97 134 9 156 44 163 213 136 185 237 27 167 171 78 28 45 25 61 46 220 72 201 6 240 128 198 1 166 33]
cmHR: H: 5 R: 0
INFO [10-28|14:18:51] --------------------------------------- 
INFO [10-28|14:18:51] in rm.process, check lockset HasQuorum 
INFO [10-28|14:18:51] in HasQuorum 
INFO [10-28|14:18:51] In IsValid() 
len(lockset.Votes): 2 lockset.EligibleVotesNum: 4
INFO [10-28|14:18:51] rm lockset is not valid yet 
INFO [10-28|14:18:51] after cm.process() 
INFO [10-28|14:18:51] addVote to                               height=5 round=0 from=0x598443f1880ef585b21f1d7585bd0577402861e5 success=true cm.coinbase=0x7d577a597b2742b498cb5cf0c26cdcd726d39e6e
INFO [10-28|14:18:51] ------in handle VoteMsg, success!------ 
INFO [10-28|14:18:51] received NewBlockMsg! 
INFO [10-28|14:18:51] ***in BFT.VVVVerifyHeader*** 
INFO [10-28|14:18:51] ***in BFT.verifyHeader*** 
INFO [10-28|14:18:51] ***in BFT.verifySeal*** 
INFO [10-28|14:18:51] In verifyVotes 
INFO [10-28|14:18:51] ***in sync.request()*** 
INFO [10-28|14:18:51] case: default, cm.process 
ready: 4 need: 2.6666667
INFO [10-28|14:18:51] ---------------process------------------ 
INFO [10-28|14:18:51] In RM Process                            height=5 round=0
INFO [10-28|14:18:51] --------In rm.propose------- 
INFO [10-28|14:18:51] I am a proposer in                       height=5 round=0
INFO [10-28|14:18:51] ---------------in rm.vote----------------- 
INFO [10-28|14:18:51] voted 
INFO [10-28|14:18:51] in rm.process, check lockset HasQuorum 
INFO [10-28|14:18:51] in HasQuorum 
INFO [10-28|14:18:51] In IsValid() 
len(lockset.Votes): 3 lockset.EligibleVotesNum: 4
INFO [10-28|14:18:51] in sortByBlockhash 
made bhs, bhs: map[[89 87 132 97 134 9 156 44 163 213 136 185 237 27 167 171 78 28 45 25 61 46 220 72 201 6 240 128 198 1 166 33]:3]
made hs, hs: [{[89 87 132 97 134 9 156 44 163 213 136 185 237 27 167 171 78 28 45 25 61 46 220 72 201 6 240 128 198 1 166 33] 3}]
sorted hs, hs: [{[89 87 132 97 134 9 156 44 163 213 136 185 237 27 167 171 78 28 45 25 61 46 220 72 201 6 240 128 198 1 166 33] 3}]
INFO [10-28|14:18:51] There is a quorum                        height=5 round=0
INFO [10-28|14:18:51] ============in cm.commitLockset============ 
INFO [10-28|14:18:51] in commitLockset, check ls HasQuorum 
INFO [10-28|14:18:51] in HasQuorum 
INFO [10-28|14:18:51] In IsValid() 
len(lockset.Votes): 3 lockset.EligibleVotesNum: 4
INFO [10-28|14:18:51] in sortByBlockhash 
made bhs, bhs: map[[89 87 132 97 134 9 156 44 163 213 136 185 237 27 167 171 78 28 45 25 61 46 220 72 201 6 240 128 198 1 166 33]:3]
made hs, hs: [{[89 87 132 97 134 9 156 44 163 213 136 185 237 27 167 171 78 28 45 25 61 46 220 72 201 6 240 128 198 1 166 33] 3}]
sorted hs, hs: [{[89 87 132 97 134 9 156 44 163 213 136 185 237 27 167 171 78 28 45 25 61 46 220 72 201 6 240 128 198 1 166 33] 3}]
INFO [10-28|14:18:51] cm.found is not nil 
INFO [10-28|14:18:51] store lockset 
INFO [10-28|14:18:51] ---storeLockset--- 
INFO [10-28|14:18:51] have a consensus on the block 
ConsensusTime, 356920516 , txs, 1601 , blockNum, 5
FinishedConsensus, 1540707531197376000
INFO [10-28|14:18:51] Successfully sealed new block            number=5 hash=595784…01a621
INFO [10-28|14:18:51] === Finished Mine() === 
INFO [10-28|14:18:51] after cm.process() 
INFO [10-28|14:18:51] 🔨 mined potential block                  number=5 hash=595784…01a621
INFO [10-28|14:18:51] ---atomic.LoadInt32(&self.mining) == 1 && work.tcount == 0--- 
INFO [10-28|14:18:51] in pool.evenLoop, call pool.resetState 
INFO [10-28|14:18:51] In verifyVotes 
INFO [10-28|14:18:51] in HasQuorum 
INFO [10-28|14:18:51] In IsValid() 
len(lockset.Votes): 3 lockset.EligibleVotesNum: 4
INFO [10-28|14:18:51] in sortByBlockhash 
made bhs, bhs: map[[89 87 132 97 134 9 156 44 163 213 136 185 237 27 167 171 78 28 45 25 61 46 220 72 201 6 240 128 198 1 166 33]:3]
made hs, hs: [{[89 87 132 97 134 9 156 44 163 213 136 185 237 27 167 171 78 28 45 25 61 46 220 72 201 6 240 128 198 1 166 33] 3}]
sorted hs, hs: [{[89 87 132 97 134 9 156 44 163 213 136 185 237 27 167 171 78 28 45 25 61 46 220 72 201 6 240 128 198 1 166 33] 3}]
INFO [10-28|14:18:51] ***in BFT.VerifyHeaderSSSS*** 
INFO [10-28|14:18:51] ***in BFT.verifyHeader*** 
INFO [10-28|14:18:51] ***in BFT.verifySeal*** 
INFO [10-28|14:18:51] In verifyVotes 
INFO [10-28|14:18:51] in HasQuorum 
INFO [10-28|14:18:51] In IsValid() 
len(lockset.Votes): 3 lockset.EligibleVotesNum: 4
INFO [10-28|14:18:51] in sortByBlockhash 
made bhs, bhs: map[[89 87 132 97 134 9 156 44 163 213 136 185 237 27 167 171 78 28 45 25 61 46 220 72 201 6 240 128 198 1 166 33]:3]
made hs, hs: [{[89 87 132 97 134 9 156 44 163 213 136 185 237 27 167 171 78 28 45 25 61 46 220 72 201 6 240 128 198 1 166 33] 3}]
sorted hs, hs: [{[89 87 132 97 134 9 156 44 163 213 136 185 237 27 167 171 78 28 45 25 61 46 220 72 201 6 240 128 198 1 166 33] 3}]
INFO [10-28|14:18:51] Handle BFT Msg,                          msg="msg #9 (3 bytes)"
INFO [10-28|14:18:51] -------GetLocksetsMsg------- 
GetLockSetsMsg request:  [{5}] from:  d67104e65b61fca1
INFO [10-28|14:18:51]  Sending Lockset                         LOG15_ERROR=                                                   LOG15_ERROR="Normalized odd number of arguments by adding nil"
INFO [10-28|14:18:53] Handle BFT Msg,                          msg="msg #17 (107 bytes)"
INFO [10-28|14:18:53] ------Received VoteMsg------ 
voteHR: H: 5 R: 0 voteType:: 1 voteHash: [89 87 132 97 134 9 156 44 163 213 136 185 237 27 167 171 78 28 45 25 61 46 220 72 201 6 240 128 198 1 166 33]
cmHR: H: 6 R: 0
INFO [10-28|14:18:53] --------------------------------------- 
INFO [10-28|14:18:53] addVote to                               height=5 round=0 from=0x82a978b3f5962a5b0957d9ee9eef472ee55b42f1 success=true cm.coinbase=0x7d577a597b2742b498cb5cf0c26cdcd726d39e6e
INFO [10-28|14:18:53] ------in handle VoteMsg, success!------ 
./node2.sh: line 16: 18033 Terminated: 15          ../build/bin/geth --networkid 2234 --port 30304 --rpcport 8546 --datadir "data/node2" --nodiscover --rpc --rpccorsdomain "*" --rpcapi "eth,net,web3,debug" --bft --allow-empty --num-validators 4 --node-num 1
