INFO [10-28|14:16:13] Starting peer-to-peer node               instance=Geth/v1.6.7-unstable-287ee7b9/darwin-amd64/go1.9.7
INFO [10-28|14:16:13] Allocated cache and file handles         database=/Users/sujianwei20/new_misgcode/go_ethereum_cosi/examples/data/node3/geth/chaindata cache=128 handles=1024
WARN [10-28|14:16:13] Upgrading chain database to use sequential keys 
INFO [10-28|14:16:13] Initialised chain configuration          config="{ChainID: 2235 Homestead: 1 DAO: <nil> DAOSupport: false EIP150: 2 EIP155: 3 EIP158: 3 Metropolis: <nil> Engine: ethash}"
INFO [10-28|14:16:13] config bft is                            bft=true
INFO [10-28|14:16:13] Database conversion successful 
WARN [10-28|14:16:13] Upgrading db log bloom bins 
INFO [10-28|14:16:13] Bloom-bin upgrade completed              elapsed=191.07µs
INFO [10-28|14:16:13] Initialising Ethereum protocol           versions="[63 62]" network=2234
INFO [10-28|14:16:13] Loaded most recent local header          number=0 hash=6f3c1c…1bf138 td=1048576
INFO [10-28|14:16:13] Loaded most recent local full block      number=0 hash=6f3c1c…1bf138 td=1048576
INFO [10-28|14:16:13] Loaded most recent local fast block      number=0 hash=6f3c1c…1bf138 td=1048576
INFO [10-28|14:16:13] in NewTxPool, call resetState 
INFO [10-28|14:16:13] in NewTxPool, call pool.eventLoog() 
INFO [10-28|14:16:13] Allocated cache and file handles         database=/Users/sujianwei20/new_misgcode/go_ethereum_cosi/examples/data/node3/geth/bftData   cache=128 handles=1024
INFO [10-28|14:16:13] addVote to                               height=0 round=0 from=0xdceceaf3fc5c0a63d195d69b1a90011b7b19650d success=true cm.coinbase=0xdceceaf3fc5c0a63d195d69b1a90011b7b19650d
ready: 1 need: 2.6666667
INFO [10-28|14:16:13] consensusManager not ready  
ready: 1 need: 2.6666667
INFO [10-28|14:16:13] Starting P2P networking 
INFO [10-28|14:16:13] RLPx listener up                         self="enode://94dd98401cf6ca0418580bb77ad0606a35ae8f442b22ab0f81011d8d2c78e70ff779c1d53d015640d79a13f0be99161ae3ff3adb60633ca03a7b542cbe116882@[::]:30305?discport=0"
INFO [10-28|14:16:13] ---In BFTvalidatorCommitBlock--- 
INFO [10-28|14:16:13] HTTP endpoint opened: http://127.0.0.1:8547 
INFO [10-28|14:16:13] IPC endpoint opened: /Users/sujianwei20/new_misgcode/go_ethereum_cosi/examples/data/node3/geth.ipc 
ready: 1 need: 2.6666667
INFO [10-28|14:16:14] consensusManager not ready  
ready: 1 need: 2.6666667
INFO [10-28|14:16:14] send Ready msg 
#### peer = Peer 6d11b37ef4fc909a [eth/63]
INFO [10-28|14:16:14] send Ready msg 
#### peer = Peer d67104e65b61fca1 [eth/63]
INFO [10-28|14:16:14] send Ready msg 
#### peer = Peer d9d5b902798f5c42 [eth/63]
INFO [10-28|14:16:14] Handle BFT Msg,                          msg="msg #8 (78 bytes)"
INFO [10-28|14:16:14] ------Received ReadMsg------ 
AddReady from: [220 236 234 243 252 92 10 99 209 149 214 155 26 144 1 27 123 25 101 13]
INFO [10-28|14:16:14] Handle BFT Msg,                          msg="msg #8 (78 bytes)"
INFO [10-28|14:16:14] ------Received ReadMsg------ 
AddReady from: [220 236 234 243 252 92 10 99 209 149 214 155 26 144 1 27 123 25 101 13]
INFO [10-28|14:16:14] Handle BFT Msg,                          msg="msg #8 (78 bytes)"
INFO [10-28|14:16:14] ------Received ReadMsg------ 
AddReady from: [220 236 234 243 252 92 10 99 209 149 214 155 26 144 1 27 123 25 101 13]
INFO [10-28|14:16:14] Handle BFT Msg,                          msg="msg #8 (78 bytes)"
INFO [10-28|14:16:14] ------Received ReadMsg------ 
AddReady from: [125 87 122 89 123 39 66 180 152 203 92 240 194 108 220 215 38 211 158 110]
INFO [10-28|14:16:14] send Ready msg 
#### peer = Peer 6d11b37ef4fc909a [eth/63]
INFO [10-28|14:16:14] send Ready msg 
#### peer = Peer d67104e65b61fca1 [eth/63]
INFO [10-28|14:16:14] send Ready msg 
#### peer = Peer d9d5b902798f5c42 [eth/63]
INFO [10-28|14:16:14] Handle BFT Msg,                          msg="msg #8 (78 bytes)"
INFO [10-28|14:16:14] ------Received ReadMsg------ 
AddReady from: [125 87 122 89 123 39 66 180 152 203 92 240 194 108 220 215 38 211 158 110]
INFO [10-28|14:16:14] Handle BFT Msg,                          msg="msg #8 (78 bytes)"
INFO [10-28|14:16:14] ------Received ReadMsg------ 
AddReady from: [125 87 122 89 123 39 66 180 152 203 92 240 194 108 220 215 38 211 158 110]
INFO [10-28|14:16:14] Handle BFT Msg,                          msg="msg #8 (78 bytes)"
INFO [10-28|14:16:14] ------Received ReadMsg------ 
AddReady from: [130 169 120 179 245 150 42 91 9 87 217 238 158 239 71 46 229 91 66 241]
INFO [10-28|14:16:14] send Ready msg 
#### peer = Peer 6d11b37ef4fc909a [eth/63]
INFO [10-28|14:16:14] send Ready msg 
#### peer = Peer d67104e65b61fca1 [eth/63]
INFO [10-28|14:16:14] send Ready msg 
#### peer = Peer d9d5b902798f5c42 [eth/63]
INFO [10-28|14:16:14] Handle BFT Msg,                          msg="msg #8 (78 bytes)"
INFO [10-28|14:16:14] ------Received ReadMsg------ 
AddReady from: [130 169 120 179 245 150 42 91 9 87 217 238 158 239 71 46 229 91 66 241]
INFO [10-28|14:16:14] Handle BFT Msg,                          msg="msg #8 (78 bytes)"
INFO [10-28|14:16:14] ------Received ReadMsg------ 
AddReady from: [130 169 120 179 245 150 42 91 9 87 217 238 158 239 71 46 229 91 66 241]
INFO [10-28|14:16:14] Handle BFT Msg,                          msg="msg #8 (78 bytes)"
INFO [10-28|14:16:14] ------Received ReadMsg------ 
AddReady from: [89 132 67 241 136 14 245 133 178 31 29 117 133 189 5 119 64 40 97 229]
INFO [10-28|14:16:14] send Ready msg 
#### peer = Peer 6d11b37ef4fc909a [eth/63]
INFO [10-28|14:16:14] send Ready msg 
#### peer = Peer d67104e65b61fca1 [eth/63]
INFO [10-28|14:16:14] send Ready msg 
#### peer = Peer d9d5b902798f5c42 [eth/63]
INFO [10-28|14:16:14] Handle BFT Msg,                          msg="msg #8 (78 bytes)"
INFO [10-28|14:16:14] ------Received ReadMsg------ 
AddReady from: [89 132 67 241 136 14 245 133 178 31 29 117 133 189 5 119 64 40 97 229]
INFO [10-28|14:16:14] Handle BFT Msg,                          msg="msg #8 (78 bytes)"
INFO [10-28|14:16:14] ------Received ReadMsg------ 
AddReady from: [89 132 67 241 136 14 245 133 178 31 29 117 133 189 5 119 64 40 97 229]
ready: 4 need: 2.6666667
ready: 4 need: 2.6666667
INFO [10-28|14:16:14] send Ready msg 
#### peer = Peer 6d11b37ef4fc909a [eth/63]
INFO [10-28|14:16:14] send Ready msg 
#### peer = Peer d67104e65b61fca1 [eth/63]
INFO [10-28|14:16:14] send Ready msg 
#### peer = Peer d9d5b902798f5c42 [eth/63]
INFO [10-28|14:16:14] -----------------consensusManager Ready------------------------- 
INFO [10-28|14:16:15] Handle BFT Msg,                          msg="msg #8 (78 bytes)"
INFO [10-28|14:16:15] ------Received ReadMsg------ 
AddReady from: [220 236 234 243 252 92 10 99 209 149 214 155 26 144 1 27 123 25 101 13]
INFO [10-28|14:16:15] Handle BFT Msg,                          msg="msg #8 (78 bytes)"
INFO [10-28|14:16:15] ------Received ReadMsg------ 
INFO [10-28|14:16:15] Handle BFT Msg,                          msg="msg #8 (78 bytes)"
INFO [10-28|14:16:15] ------Received ReadMsg------ 
AddReady from: [220 236 234 243 252 92 10 99 209 149 214 155 26 144 1 27 123 25 101 13]
AddReady from: [220 236 234 243 252 92 10 99 209 149 214 155 26 144 1 27 123 25 101 13]
INFO [10-28|14:16:15] Handle BFT Msg,                          msg="msg #8 (78 bytes)"
INFO [10-28|14:16:15] ------Received ReadMsg------ 
AddReady from: [125 87 122 89 123 39 66 180 152 203 92 240 194 108 220 215 38 211 158 110]
INFO [10-28|14:16:15] send Ready msg 
#### peer = Peer d67104e65b61fca1 [eth/63]
INFO [10-28|14:16:15] send Ready msg 
#### peer = Peer d9d5b902798f5c42 [eth/63]
INFO [10-28|14:16:15] send Ready msg 
#### peer = Peer 6d11b37ef4fc909a [eth/63]
INFO [10-28|14:16:15] Handle BFT Msg,                          msg="msg #8 (78 bytes)"
INFO [10-28|14:16:15] ------Received ReadMsg------ 
AddReady from: [125 87 122 89 123 39 66 180 152 203 92 240 194 108 220 215 38 211 158 110]
INFO [10-28|14:16:15] Handle BFT Msg,                          msg="msg #8 (78 bytes)"
INFO [10-28|14:16:15] ------Received ReadMsg------ 
AddReady from: [125 87 122 89 123 39 66 180 152 203 92 240 194 108 220 215 38 211 158 110]
INFO [10-28|14:18:25] Transaction pool price threshold updated price=18000000000
INFO [10-28|14:18:25] Starting mining operation 
INFO [10-28|14:18:29] Handle BFT Msg,                          msg="msg #11 (172922 bytes)"
INFO [10-28|14:18:29] -------Received NewBlockProposalMsg------- 
bpHR: H: 1 R: 0
cmHR: H: 1 R: 0
INFO [10-28|14:18:29] --------------------------------------- 
# collMsig from = Peer 6d11b37ef4fc909a [eth/63]
cmHR: H: 1 R: 0
this is rm.proposerPeer  Peer 6d11b37ef4fc909a [eth/63]
INFO [10-28|14:18:29] In IsValid() 
len(lockset.Votes): 0 lockset.EligibleVotesNum: 0
INFO [10-28|14:18:29] cm add BlockProposal                     h=1 r=0
INFO [10-28|14:18:29] in HasQuorum 
INFO [10-28|14:18:29] In IsValid() 
len(lockset.Votes): 1 lockset.EligibleVotesNum: 0
INFO [10-28|14:18:29] in sortByBlockhash 
made bhs, bhs: map[[111 60 28 34 114 80 121 51 60 176 50 117 65 207 97 154 170 82 172 187 58 33 229 200 29 126 81 195 42 27 241 56]:1]
made hs, hs: [{[111 60 28 34 114 80 121 51 60 176 50 117 65 207 97 154 170 82 172 187 58 33 229 200 29 126 81 195 42 27 241 56] 1}]
sorted hs, hs: [{[111 60 28 34 114 80 121 51 60 176 50 117 65 207 97 154 170 82 172 187 58 33 229 200 29 126 81 195 42 27 241 56] 1}]
INFO [10-28|14:18:29] in collectMsig, i am wintness 
Msig=  @cm.privkey = &{{0xc420079c20 67333825585571014603611635451020349202021545719350172562572682223116453734159 111936399880843152885602076155268524635577748095116000279445393134704403769474} 78469846343542442363028680824980501212021332975324075417961003849793346933925} ##cm.coinbase= [220 236 234 243 252 92 10 99 209 149 214 155 26 144 1 27 123 25 101 13]
in collect Misg from Peer 6d11b37ef4fc909a [eth/63]
INFO [10-28|14:18:29] Return MsigProposalMsg to                LOG15_ERROR= LOG15_ERROR="Normalized odd number of arguments by adding nil"
INFO [10-28|14:18:29] Send MsigProposalMsg 
INFO [10-28|14:18:29] In addBlockCandidates!! 
INFO [10-28|14:18:29] -------in handle NewBlockProposalMsg, success!------- 
INFO [10-28|14:18:30] Handle BFT Msg,                          msg="msg #17 (107 bytes)"
INFO [10-28|14:18:30] ------Received VoteMsg------ 
voteHR: H: 1 R: 0 voteType:: 1 voteHash: [74 160 239 48 185 232 229 115 80 18 192 118 253 73 220 132 33 205 224 78 117 31 154 146 174 153 216 241 109 127 10 27]
cmHR: H: 1 R: 0
INFO [10-28|14:18:30] --------------------------------------- 
INFO [10-28|14:18:30] addVote to                               height=1 round=0 from=0x7d577a597b2742b498cb5cf0c26cdcd726d39e6e success=true cm.coinbase=0xdceceaf3fc5c0a63d195d69b1a90011b7b19650d
INFO [10-28|14:18:30] ------in handle VoteMsg, success!------ 
INFO [10-28|14:18:30] Commit new mining work                   number=1 txs=1598 uncles=0 elapsed=4.545s
INFO [10-28|14:18:30] Sealing                                  block n=1
StartConsensus, 1540707510113100000
INFO [10-28|14:18:30] Start Process 
INFO [10-28|14:18:30] in cm.Process, check lastCommittingLockset() 
INFO [10-28|14:18:30] In IsValid() 
len(lockset.Votes): 2 lockset.EligibleVotesNum: 0
INFO [10-28|14:18:30] in HasQuorum 
INFO [10-28|14:18:30] In IsValid() 
len(lockset.Votes): 2 lockset.EligibleVotesNum: 0
INFO [10-28|14:18:30] in sortByBlockhash 
made bhs, bhs: map[[111 60 28 34 114 80 121 51 60 176 50 117 65 207 97 154 170 82 172 187 58 33 229 200 29 126 81 195 42 27 241 56]:2]
made hs, hs: [{[111 60 28 34 114 80 121 51 60 176 50 117 65 207 97 154 170 82 172 187 58 33 229 200 29 126 81 195 42 27 241 56] 2}]
sorted hs, hs: [{[111 60 28 34 114 80 121 51 60 176 50 117 65 207 97 154 170 82 172 187 58 33 229 200 29 126 81 195 42 27 241 56] 2}]
=====CM.COINBASE IS:===== [220 236 234 243 252 92 10 99 209 149 214 155 26 144 1 27 123 25 101 13] block number is: 1
INFO [10-28|14:18:30] case: default, cm.process 
ready: 4 need: 2.6666667
INFO [10-28|14:18:30] ---------------process------------------ 
INFO [10-28|14:18:30] In RM Process                            height=1 round=0
INFO [10-28|14:18:30] --------In rm.propose------- 
INFO [10-28|14:18:30] ---------------in rm.vote----------------- 
INFO [10-28|14:18:30] in vote in RM                            height=1 round=0
INFO [10-28|14:18:30] vote mp 
INFO [10-28|14:18:30] vote success in                          height=1 round=0
INFO [10-28|14:18:30] Send VoteMsg 
INFO [10-28|14:18:30] in rm.process, check lockset HasQuorum 
INFO [10-28|14:18:30] in HasQuorum 
INFO [10-28|14:18:30] In IsValid() 
len(lockset.Votes): 2 lockset.EligibleVotesNum: 4
INFO [10-28|14:18:30] rm lockset is not valid yet 
INFO [10-28|14:18:30] after cm.process() 
INFO [10-28|14:18:30] Handle BFT Msg,                          msg="msg #17 (107 bytes)"
INFO [10-28|14:18:30] ------Received VoteMsg------ 
voteHR: H: 1 R: 0 voteType:: 1 voteHash: [74 160 239 48 185 232 229 115 80 18 192 118 253 73 220 132 33 205 224 78 117 31 154 146 174 153 216 241 109 127 10 27]
cmHR: H: 1 R: 0
INFO [10-28|14:18:30] --------------------------------------- 
INFO [10-28|14:18:30] addVote to                               height=1 round=0 from=0x82a978b3f5962a5b0957d9ee9eef472ee55b42f1 success=true cm.coinbase=0xdceceaf3fc5c0a63d195d69b1a90011b7b19650d
INFO [10-28|14:18:30] ------in handle VoteMsg, success!------ 
INFO [10-28|14:18:30] Handle BFT Msg,                          msg="msg #17 (107 bytes)"
INFO [10-28|14:18:30] ------Received VoteMsg------ 
voteHR: H: 1 R: 0 voteType:: 1 voteHash: [74 160 239 48 185 232 229 115 80 18 192 118 253 73 220 132 33 205 224 78 117 31 154 146 174 153 216 241 109 127 10 27]
cmHR: H: 1 R: 0
INFO [10-28|14:18:30] --------------------------------------- 
INFO [10-28|14:18:30] addVote to                               height=1 round=0 from=0x598443f1880ef585b21f1d7585bd0577402861e5 success=true cm.coinbase=0xdceceaf3fc5c0a63d195d69b1a90011b7b19650d
INFO [10-28|14:18:30] ------in handle VoteMsg, success!------ 
INFO [10-28|14:18:30] received NewBlockMsg! 
INFO [10-28|14:18:30] ***in BFT.VVVVerifyHeader*** 
INFO [10-28|14:18:30] ***in BFT.verifyHeader*** 
INFO [10-28|14:18:30] ***in BFT.verifySeal*** 
INFO [10-28|14:18:30] In verifyVotes 
INFO [10-28|14:18:30] ***in sync.request()*** 
INFO [10-28|14:18:30] Handle BFT Msg,                          msg="msg #9 (3 bytes)"
INFO [10-28|14:18:30] -------GetLocksetsMsg------- 
GetLockSetsMsg request:  [{1}] from:  6d11b37ef4fc909a
INFO [10-28|14:18:30] Request future block 
INFO [10-28|14:18:30] case: default, cm.process 
ready: 4 need: 2.6666667
INFO [10-28|14:18:30] ---------------process------------------ 
INFO [10-28|14:18:30] In RM Process                            height=1 round=0
INFO [10-28|14:18:30] --------In rm.propose------- 
INFO [10-28|14:18:30] ---------------in rm.vote----------------- 
INFO [10-28|14:18:30] voted 
INFO [10-28|14:18:30] in rm.process, check lockset HasQuorum 
INFO [10-28|14:18:30] in HasQuorum 
INFO [10-28|14:18:30] In IsValid() 
len(lockset.Votes): 4 lockset.EligibleVotesNum: 4
INFO [10-28|14:18:30] in sortByBlockhash 
made bhs, bhs: map[[74 160 239 48 185 232 229 115 80 18 192 118 253 73 220 132 33 205 224 78 117 31 154 146 174 153 216 241 109 127 10 27]:4]
made hs, hs: [{[74 160 239 48 185 232 229 115 80 18 192 118 253 73 220 132 33 205 224 78 117 31 154 146 174 153 216 241 109 127 10 27] 4}]
sorted hs, hs: [{[74 160 239 48 185 232 229 115 80 18 192 118 253 73 220 132 33 205 224 78 117 31 154 146 174 153 216 241 109 127 10 27] 4}]
INFO [10-28|14:18:30] There is a quorum                        height=1 round=0
--- in rm.process p.id: --- Peer 6d11b37ef4fc909a [eth/63]
INFO [10-28|14:18:30] ============in cm.commitLockset============ 
INFO [10-28|14:18:30] in commitLockset, check ls HasQuorum 
INFO [10-28|14:18:30] in HasQuorum 
INFO [10-28|14:18:30] In IsValid() 
len(lockset.Votes): 4 lockset.EligibleVotesNum: 4
INFO [10-28|14:18:30] in sortByBlockhash 
made bhs, bhs: map[[74 160 239 48 185 232 229 115 80 18 192 118 253 73 220 132 33 205 224 78 117 31 154 146 174 153 216 241 109 127 10 27]:4]
made hs, hs: [{[74 160 239 48 185 232 229 115 80 18 192 118 253 73 220 132 33 205 224 78 117 31 154 146 174 153 216 241 109 127 10 27] 4}]
sorted hs, hs: [{[74 160 239 48 185 232 229 115 80 18 192 118 253 73 220 132 33 205 224 78 117 31 154 146 174 153 216 241 109 127 10 27] 4}]
INFO [10-28|14:18:30] cm.found is not nil 
INFO [10-28|14:18:30] store lockset 
peerid: 6d11b37ef4fc909a
INFO [10-28|14:18:30] ---storeLockset--- 
INFO [10-28|14:18:30] after cm.process() 
cmH 1
INFO [10-28|14:18:30] in validatorCommit1 
pid: 6d11b37ef4fc909a
block number 1
-------in NewBFTValidatorBlock-------
INFO [10-28|14:18:30] in validatorCommit2 
validatorCommit time: 99.688µs
INFO [10-28|14:18:30] **in eth.handler**, get result from ch 
INFO [10-28|14:18:30] have a consensus on the block 
INFO [10-28|14:18:30] result.Header().Coinbase != b.signer 
result.Header().Coinbase: [125 87 122 89 123 39 66 180 152 203 92 240 194 108 220 215 38 211 158 110] b.signer: [220 236 234 243 252 92 10 99 209 149 214 155 26 144 1 27 123 25 101 13]
ConsensusTime, 111788465 , txs, 1598 , blockNum, 1
FinishedConsensus, 1540707510224884000
INFO [10-28|14:18:30] result is nil 
INFO [10-28|14:18:30] === Finished Mine() === 
INFO [10-28|14:18:30] received NewBlockMsg! 
INFO [10-28|14:18:30] In verifyVotes 
INFO [10-28|14:18:30] in HasQuorum 
INFO [10-28|14:18:30] In IsValid() 
len(lockset.Votes): 4 lockset.EligibleVotesNum: 4
INFO [10-28|14:18:30] in sortByBlockhash 
made bhs, bhs: map[[74 160 239 48 185 232 229 115 80 18 192 118 253 73 220 132 33 205 224 78 117 31 154 146 174 153 216 241 109 127 10 27]:4]
made hs, hs: [{[74 160 239 48 185 232 229 115 80 18 192 118 253 73 220 132 33 205 224 78 117 31 154 146 174 153 216 241 109 127 10 27] 4}]
sorted hs, hs: [{[74 160 239 48 185 232 229 115 80 18 192 118 253 73 220 132 33 205 224 78 117 31 154 146 174 153 216 241 109 127 10 27] 4}]
INFO [10-28|14:18:30] ***in BFT.VerifyHeaderSSSS*** 
INFO [10-28|14:18:30] ***in BFT.verifyHeader*** 
INFO [10-28|14:18:30] ***in BFT.verifySeal*** 
INFO [10-28|14:18:30] In verifyVotes 
INFO [10-28|14:18:30] in HasQuorum 
INFO [10-28|14:18:30] In IsValid() 
len(lockset.Votes): 4 lockset.EligibleVotesNum: 4
INFO [10-28|14:18:30] in sortByBlockhash 
made bhs, bhs: map[[74 160 239 48 185 232 229 115 80 18 192 118 253 73 220 132 33 205 224 78 117 31 154 146 174 153 216 241 109 127 10 27]:4]
made hs, hs: [{[74 160 239 48 185 232 229 115 80 18 192 118 253 73 220 132 33 205 224 78 117 31 154 146 174 153 216 241 109 127 10 27] 4}]
sorted hs, hs: [{[74 160 239 48 185 232 229 115 80 18 192 118 253 73 220 132 33 205 224 78 117 31 154 146 174 153 216 241 109 127 10 27] 4}]
INFO [10-28|14:18:32] Imported new chain segment               blocks=1 txs=1598 mgas=33.558 elapsed=2.471s   mgasps=13.579 number=1 hash=4aa0ef…7f0a1b
FinishedPostExec, 1540707512821935000 , txs, 1598
PostExecTime, 2.471330226s
INFO [10-28|14:18:32] in pool.evenLoop, call pool.resetState 
INFO [10-28|14:18:36] Commit new mining work                   number=2 txs=1599 uncles=0 elapsed=3.628s
INFO [10-28|14:18:36] Sealing                                  block n=2
StartConsensus, 1540707516450833000
INFO [10-28|14:18:36] Start Process 
INFO [10-28|14:18:36] in cm.Process, check lastCommittingLockset() 
INFO [10-28|14:18:36] In IsValid() 
len(lockset.Votes): 4 lockset.EligibleVotesNum: 4
INFO [10-28|14:18:36] in HasQuorum 
INFO [10-28|14:18:36] In IsValid() 
len(lockset.Votes): 4 lockset.EligibleVotesNum: 4
INFO [10-28|14:18:36] in sortByBlockhash 
made bhs, bhs: map[[74 160 239 48 185 232 229 115 80 18 192 118 253 73 220 132 33 205 224 78 117 31 154 146 174 153 216 241 109 127 10 27]:4]
made hs, hs: [{[74 160 239 48 185 232 229 115 80 18 192 118 253 73 220 132 33 205 224 78 117 31 154 146 174 153 216 241 109 127 10 27] 4}]
sorted hs, hs: [{[74 160 239 48 185 232 229 115 80 18 192 118 253 73 220 132 33 205 224 78 117 31 154 146 174 153 216 241 109 127 10 27] 4}]
=====CM.COINBASE IS:===== [220 236 234 243 252 92 10 99 209 149 214 155 26 144 1 27 123 25 101 13] block number is: 2
INFO [10-28|14:18:36] case: default, cm.process 
ready: 4 need: 2.6666667
INFO [10-28|14:18:36] ---------------process------------------ 
INFO [10-28|14:18:36] In RM Process                            height=2 round=0
INFO [10-28|14:18:36] --------In rm.propose------- 
INFO [10-28|14:18:36] I am a proposer in                       height=2 round=0
INFO [10-28|14:18:36] in propose, check lastRoundLockset 
lastRoundLockset, hm.activeround: 0
INFO [10-28|14:18:36] ------in mkProposal------ 
INFO [10-28|14:18:36] In IsValid() 
len(lockset.Votes): 4 lockset.EligibleVotesNum: 4
INFO [10-28|14:18:36] in HasQuorum 
INFO [10-28|14:18:36] In IsValid() 
len(lockset.Votes): 4 lockset.EligibleVotesNum: 4
INFO [10-28|14:18:36] in sortByBlockhash 
made bhs, bhs: map[[74 160 239 48 185 232 229 115 80 18 192 118 253 73 220 132 33 205 224 78 117 31 154 146 174 153 216 241 109 127 10 27]:4]
made hs, hs: [{[74 160 239 48 185 232 229 115 80 18 192 118 253 73 220 132 33 205 224 78 117 31 154 146 174 153 216 241 109 127 10 27] 4}]
sorted hs, hs: [{[74 160 239 48 185 232 229 115 80 18 192 118 253 73 220 132 33 205 224 78 117 31 154 146 174 153 216 241 109 127 10 27] 4}]
INFO [10-28|14:18:36] LockSet(R-1) is nil (rm.round should equal to zero) 
INFO [10-28|14:18:36] in HasQuorum 
INFO [10-28|14:18:36] In IsValid() 
len(lockset.Votes): 4 lockset.EligibleVotesNum: 4
INFO [10-28|14:18:36] in sortByBlockhash 
made bhs, bhs: map[[74 160 239 48 185 232 229 115 80 18 192 118 253 73 220 132 33 205 224 78 117 31 154 146 174 153 216 241 109 127 10 27]:4]
made hs, hs: [{[74 160 239 48 185 232 229 115 80 18 192 118 253 73 220 132 33 205 224 78 117 31 154 146 174 153 216 241 109 127 10 27] 4}]
sorted hs, hs: [{[74 160 239 48 185 232 229 115 80 18 192 118 253 73 220 132 33 205 224 78 117 31 154 146 174 153 216 241 109 127 10 27] 4}]
INFO [10-28|14:18:36] in HasQuorum 
INFO [10-28|14:18:36] In IsValid() 
len(lockset.Votes): 4 lockset.EligibleVotesNum: 4
INFO [10-28|14:18:36] in sortByBlockhash 
made bhs, bhs: map[[74 160 239 48 185 232 229 115 80 18 192 118 253 73 220 132 33 205 224 78 117 31 154 146 174 153 216 241 109 127 10 27]:4]
made hs, hs: [{[74 160 239 48 185 232 229 115 80 18 192 118 253 73 220 132 33 205 224 78 117 31 154 146 174 153 216 241 109 127 10 27] 4}]
sorted hs, hs: [{[74 160 239 48 185 232 229 115 80 18 192 118 253 73 220 132 33 205 224 78 117 31 154 146 174 153 216 241 109 127 10 27] 4}]
INFO [10-28|14:18:36] in newbp, 11 
INFO [10-28|14:18:36] in newbp, 12 
Create block blockhash :  [3 72 12 43 183 10 130 250 32 249 29 247 227 171 138 64 208 75 106 182 13 52 209 205 48 19 42 29 54 240 181 172]
INFO [10-28|14:18:36] In addBlockCandidates!! 
INFO [10-28|14:18:36] Send NewBlockProposalMsg:                LOG15_ERROR=                                                   LOG15_ERROR="Normalized odd number of arguments by adding nil"
INFO [10-28|14:18:36] ---------------in rm.vote----------------- 
INFO [10-28|14:18:36] in vote in RM                            height=2 round=0
INFO [10-28|14:18:36] Timeout time not reach, curr vs timeout: curr=1540707516.000 timeout=1540707521.000
INFO [10-28|14:18:36] in rm.process, check lockset HasQuorum 
INFO [10-28|14:18:36] in HasQuorum 
INFO [10-28|14:18:36] In IsValid() 
len(lockset.Votes): 0 lockset.EligibleVotesNum: 4
INFO [10-28|14:18:36] rm lockset is not valid yet 
INFO [10-28|14:18:36] after cm.process() 
INFO [10-28|14:18:36] Handle BFT Msg,                          msg="msg #18 (544 bytes)"
INFO [10-28|14:18:36] ------Received MsigProposalMsg------ 
I received msp from  Peer d9d5b902798f5c42 [eth/63]
mpHR: H: 2 R: 0 hash: [3 72 12 43 183 10 130 250 32 249 29 247 227 171 138 64 208 75 106 182 13 52 209 205 48 19 42 29 54 240 181 172]
cmHR: H: 2 R: 0
INFO [10-28|14:18:36] --------------------------------------- 
mp= &{<nil> 28 81623144095819546891270123470120093366747221880374709868410142084500450628901 30076973630442211044681749292204289807045451984634718137977771901063816912483 map[] map[] map[] 2 0 [3 72 12 43 183 10 130 250 32 249 29 247 227 171 138 64 208 75 106 182 13 52 209 205 48 19 42 29 54 240 181 172] 0xc42903c050 0xc42903c0a0}
H====:  2 P==== 0
@rm.proposerPeer = <nil>
INFO [10-28|14:18:36] in MsigFinished 
INFO [10-28|14:18:36] ------addmsigproposal success!------- 
mp= &{0xc42a3c6400 28 81623144095819546891270123470120093366747221880374709868410142084500450628901 30076973630442211044681749292204289807045451984634718137977771901063816912483 map[] map[] map[] 2 0 [3 72 12 43 183 10 130 250 32 249 29 247 227 171 138 64 208 75 106 182 13 52 209 205 48 19 42 29 54 240 181 172] 0xc42903c050 0xc42903c0a0}
INFO [10-28|14:18:36] Handle BFT Msg,                          msg="msg #17 (107 bytes)"
INFO [10-28|14:18:36] ------Received VoteMsg------ 
voteHR: H: 2 R: 0 voteType:: 1 voteHash: [3 72 12 43 183 10 130 250 32 249 29 247 227 171 138 64 208 75 106 182 13 52 209 205 48 19 42 29 54 240 181 172]
cmHR: H: 2 R: 0
INFO [10-28|14:18:36] --------------------------------------- 
INFO [10-28|14:18:36] addVote to                               height=2 round=0 from=0x598443f1880ef585b21f1d7585bd0577402861e5 success=true cm.coinbase=0xdceceaf3fc5c0a63d195d69b1a90011b7b19650d
INFO [10-28|14:18:36] ------in handle VoteMsg, success!------ 
INFO [10-28|14:18:36] case: default, cm.process 
ready: 4 need: 2.6666667
INFO [10-28|14:18:36] ---------------process------------------ 
INFO [10-28|14:18:36] In RM Process                            height=2 round=0
INFO [10-28|14:18:36] --------In rm.propose------- 
INFO [10-28|14:18:36] I am a proposer in                       height=2 round=0
INFO [10-28|14:18:36] ---------------in rm.vote----------------- 
INFO [10-28|14:18:36] in vote in RM                            height=2 round=0
INFO [10-28|14:18:36] vote mp 
INFO [10-28|14:18:36] vote success in                          height=2 round=0
INFO [10-28|14:18:36] Send VoteMsg 
INFO [10-28|14:18:36] in rm.process, check lockset HasQuorum 
INFO [10-28|14:18:36] in HasQuorum 
INFO [10-28|14:18:36] In IsValid() 
len(lockset.Votes): 2 lockset.EligibleVotesNum: 4
INFO [10-28|14:18:36] rm lockset is not valid yet 
INFO [10-28|14:18:36] after cm.process() 
INFO [10-28|14:18:36] Handle BFT Msg,                          msg="msg #17 (107 bytes)"
INFO [10-28|14:18:36] ------Received VoteMsg------ 
voteHR: H: 2 R: 0 voteType:: 1 voteHash: [3 72 12 43 183 10 130 250 32 249 29 247 227 171 138 64 208 75 106 182 13 52 209 205 48 19 42 29 54 240 181 172]
cmHR: H: 2 R: 0
INFO [10-28|14:18:36] --------------------------------------- 
INFO [10-28|14:18:36] addVote to                               height=2 round=0 from=0x82a978b3f5962a5b0957d9ee9eef472ee55b42f1 success=true cm.coinbase=0xdceceaf3fc5c0a63d195d69b1a90011b7b19650d
INFO [10-28|14:18:36] ------in handle VoteMsg, success!------ 
INFO [10-28|14:18:36] Handle BFT Msg,                          msg="msg #17 (107 bytes)"
INFO [10-28|14:18:36] ------Received VoteMsg------ 
voteHR: H: 2 R: 0 voteType:: 1 voteHash: [3 72 12 43 183 10 130 250 32 249 29 247 227 171 138 64 208 75 106 182 13 52 209 205 48 19 42 29 54 240 181 172]
cmHR: H: 2 R: 0
INFO [10-28|14:18:36] --------------------------------------- 
INFO [10-28|14:18:36] addVote to                               height=2 round=0 from=0x7d577a597b2742b498cb5cf0c26cdcd726d39e6e success=true cm.coinbase=0xdceceaf3fc5c0a63d195d69b1a90011b7b19650d
INFO [10-28|14:18:36] ------in handle VoteMsg, success!------ 
INFO [10-28|14:18:36] case: default, cm.process 
ready: 4 need: 2.6666667
INFO [10-28|14:18:36] ---------------process------------------ 
INFO [10-28|14:18:36] In RM Process                            height=2 round=0
INFO [10-28|14:18:36] --------In rm.propose------- 
INFO [10-28|14:18:36] I am a proposer in                       height=2 round=0
INFO [10-28|14:18:36] ---------------in rm.vote----------------- 
INFO [10-28|14:18:36] voted 
INFO [10-28|14:18:36] in rm.process, check lockset HasQuorum 
INFO [10-28|14:18:36] in HasQuorum 
INFO [10-28|14:18:36] In IsValid() 
len(lockset.Votes): 4 lockset.EligibleVotesNum: 4
INFO [10-28|14:18:36] in sortByBlockhash 
made bhs, bhs: map[[3 72 12 43 183 10 130 250 32 249 29 247 227 171 138 64 208 75 106 182 13 52 209 205 48 19 42 29 54 240 181 172]:4]
made hs, hs: [{[3 72 12 43 183 10 130 250 32 249 29 247 227 171 138 64 208 75 106 182 13 52 209 205 48 19 42 29 54 240 181 172] 4}]
sorted hs, hs: [{[3 72 12 43 183 10 130 250 32 249 29 247 227 171 138 64 208 75 106 182 13 52 209 205 48 19 42 29 54 240 181 172] 4}]
INFO [10-28|14:18:36] There is a quorum                        height=2 round=0
INFO [10-28|14:18:36] ============in cm.commitLockset============ 
INFO [10-28|14:18:36] in commitLockset, check ls HasQuorum 
INFO [10-28|14:18:36] in HasQuorum 
INFO [10-28|14:18:36] In IsValid() 
len(lockset.Votes): 4 lockset.EligibleVotesNum: 4
INFO [10-28|14:18:36] in sortByBlockhash 
made bhs, bhs: map[[3 72 12 43 183 10 130 250 32 249 29 247 227 171 138 64 208 75 106 182 13 52 209 205 48 19 42 29 54 240 181 172]:4]
made hs, hs: [{[3 72 12 43 183 10 130 250 32 249 29 247 227 171 138 64 208 75 106 182 13 52 209 205 48 19 42 29 54 240 181 172] 4}]
sorted hs, hs: [{[3 72 12 43 183 10 130 250 32 249 29 247 227 171 138 64 208 75 106 182 13 52 209 205 48 19 42 29 54 240 181 172] 4}]
INFO [10-28|14:18:36] cm.found is not nil 
INFO [10-28|14:18:36] store lockset 
INFO [10-28|14:18:36] ---storeLockset--- 
INFO [10-28|14:18:36] after cm.process() 
INFO [10-28|14:18:36] have a consensus on the block 
ConsensusTime, 449604806 , txs, 1599 , blockNum, 2
FinishedConsensus, 1540707516900414000
INFO [10-28|14:18:36] Successfully sealed new block            number=2 hash=03480c…f0b5ac
INFO [10-28|14:18:36] === Finished Mine() === 
INFO [10-28|14:18:36] 🔨 mined potential block                  number=2 hash=03480c…f0b5ac
INFO [10-28|14:18:36] in pool.evenLoop, call pool.resetState 
INFO [10-28|14:18:40] Commit new mining work                   number=3 txs=1599 uncles=0 elapsed=3.397s
INFO [10-28|14:18:40] Sealing                                  block n=3
StartConsensus, 1540707520354754000
INFO [10-28|14:18:40] Start Process 
INFO [10-28|14:18:40] in cm.Process, check lastCommittingLockset() 
INFO [10-28|14:18:40] In IsValid() 
len(lockset.Votes): 4 lockset.EligibleVotesNum: 4
INFO [10-28|14:18:40] in HasQuorum 
INFO [10-28|14:18:40] In IsValid() 
len(lockset.Votes): 4 lockset.EligibleVotesNum: 4
INFO [10-28|14:18:40] in sortByBlockhash 
made bhs, bhs: map[[3 72 12 43 183 10 130 250 32 249 29 247 227 171 138 64 208 75 106 182 13 52 209 205 48 19 42 29 54 240 181 172]:4]
made hs, hs: [{[3 72 12 43 183 10 130 250 32 249 29 247 227 171 138 64 208 75 106 182 13 52 209 205 48 19 42 29 54 240 181 172] 4}]
sorted hs, hs: [{[3 72 12 43 183 10 130 250 32 249 29 247 227 171 138 64 208 75 106 182 13 52 209 205 48 19 42 29 54 240 181 172] 4}]
=====CM.COINBASE IS:===== [220 236 234 243 252 92 10 99 209 149 214 155 26 144 1 27 123 25 101 13] block number is: 3
INFO [10-28|14:18:40] case: default, cm.process 
ready: 4 need: 2.6666667
INFO [10-28|14:18:40] ---------------process------------------ 
INFO [10-28|14:18:40] In RM Process                            height=3 round=0
INFO [10-28|14:18:40] --------In rm.propose------- 
INFO [10-28|14:18:40] ---------------in rm.vote----------------- 
INFO [10-28|14:18:40] in vote in RM                            height=3 round=0
INFO [10-28|14:18:40] Timeout time not reach, curr vs timeout: curr=1540707520.000 timeout=1540707525.000
INFO [10-28|14:18:40] in rm.process, check lockset HasQuorum 
INFO [10-28|14:18:40] in HasQuorum 
INFO [10-28|14:18:40] In IsValid() 
len(lockset.Votes): 0 lockset.EligibleVotesNum: 4
INFO [10-28|14:18:40] rm lockset is not valid yet 
INFO [10-28|14:18:40] after cm.process() 
INFO [10-28|14:18:40] case: default, cm.process 
ready: 4 need: 2.6666667
INFO [10-28|14:18:40] ---------------process------------------ 
INFO [10-28|14:18:40] In RM Process                            height=3 round=0
INFO [10-28|14:18:40] --------In rm.propose------- 
INFO [10-28|14:18:40] ---------------in rm.vote----------------- 
INFO [10-28|14:18:40] in vote in RM                            height=3 round=0
INFO [10-28|14:18:40] Timeout time not reach, curr vs timeout: curr=1540707520.000 timeout=1540707525.000
INFO [10-28|14:18:40] in rm.process, check lockset HasQuorum 
INFO [10-28|14:18:40] in HasQuorum 
INFO [10-28|14:18:40] In IsValid() 
len(lockset.Votes): 0 lockset.EligibleVotesNum: 4
INFO [10-28|14:18:40] rm lockset is not valid yet 
INFO [10-28|14:18:40] after cm.process() 
INFO [10-28|14:18:40] case: default, cm.process 
ready: 4 need: 2.6666667
INFO [10-28|14:18:40] ---------------process------------------ 
INFO [10-28|14:18:40] In RM Process                            height=3 round=0
INFO [10-28|14:18:40] --------In rm.propose------- 
INFO [10-28|14:18:40] ---------------in rm.vote----------------- 
INFO [10-28|14:18:40] in vote in RM                            height=3 round=0
INFO [10-28|14:18:40] Timeout time not reach, curr vs timeout: curr=1540707520.000 timeout=1540707525.000
INFO [10-28|14:18:40] in rm.process, check lockset HasQuorum 
INFO [10-28|14:18:40] in HasQuorum 
INFO [10-28|14:18:40] In IsValid() 
len(lockset.Votes): 0 lockset.EligibleVotesNum: 4
INFO [10-28|14:18:40] rm lockset is not valid yet 
INFO [10-28|14:18:40] after cm.process() 
INFO [10-28|14:18:40] case: default, cm.process 
ready: 4 need: 2.6666667
INFO [10-28|14:18:40] ---------------process------------------ 
INFO [10-28|14:18:40] In RM Process                            height=3 round=0
INFO [10-28|14:18:40] --------In rm.propose------- 
INFO [10-28|14:18:40] ---------------in rm.vote----------------- 
INFO [10-28|14:18:40] in vote in RM                            height=3 round=0
INFO [10-28|14:18:40] Timeout time not reach, curr vs timeout: curr=1540707520.000 timeout=1540707525.000
INFO [10-28|14:18:40] in rm.process, check lockset HasQuorum 
INFO [10-28|14:18:40] in HasQuorum 
INFO [10-28|14:18:40] In IsValid() 
len(lockset.Votes): 0 lockset.EligibleVotesNum: 4
INFO [10-28|14:18:40] rm lockset is not valid yet 
INFO [10-28|14:18:40] after cm.process() 
INFO [10-28|14:18:40] case: default, cm.process 
ready: 4 need: 2.6666667
INFO [10-28|14:18:40] ---------------process------------------ 
INFO [10-28|14:18:40] In RM Process                            height=3 round=0
INFO [10-28|14:18:40] --------In rm.propose------- 
INFO [10-28|14:18:40] ---------------in rm.vote----------------- 
INFO [10-28|14:18:40] in vote in RM                            height=3 round=0
INFO [10-28|14:18:40] Timeout time not reach, curr vs timeout: curr=1540707520.000 timeout=1540707525.000
INFO [10-28|14:18:40] in rm.process, check lockset HasQuorum 
INFO [10-28|14:18:40] in HasQuorum 
INFO [10-28|14:18:40] In IsValid() 
len(lockset.Votes): 0 lockset.EligibleVotesNum: 4
INFO [10-28|14:18:40] rm lockset is not valid yet 
INFO [10-28|14:18:40] after cm.process() 
INFO [10-28|14:18:40] case: default, cm.process 
ready: 4 need: 2.6666667
INFO [10-28|14:18:40] ---------------process------------------ 
INFO [10-28|14:18:40] In RM Process                            height=3 round=0
INFO [10-28|14:18:40] --------In rm.propose------- 
INFO [10-28|14:18:40] ---------------in rm.vote----------------- 
INFO [10-28|14:18:40] in vote in RM                            height=3 round=0
INFO [10-28|14:18:40] Timeout time not reach, curr vs timeout: curr=1540707520.000 timeout=1540707525.000
INFO [10-28|14:18:40] in rm.process, check lockset HasQuorum 
INFO [10-28|14:18:40] in HasQuorum 
INFO [10-28|14:18:40] In IsValid() 
len(lockset.Votes): 0 lockset.EligibleVotesNum: 4
INFO [10-28|14:18:40] rm lockset is not valid yet 
INFO [10-28|14:18:40] after cm.process() 
INFO [10-28|14:18:40] case: default, cm.process 
ready: 4 need: 2.6666667
INFO [10-28|14:18:40] ---------------process------------------ 
INFO [10-28|14:18:40] In RM Process                            height=3 round=0
INFO [10-28|14:18:40] --------In rm.propose------- 
INFO [10-28|14:18:40] ---------------in rm.vote----------------- 
INFO [10-28|14:18:40] in vote in RM                            height=3 round=0
INFO [10-28|14:18:40] Timeout time not reach, curr vs timeout: curr=1540707520.000 timeout=1540707525.000
INFO [10-28|14:18:40] in rm.process, check lockset HasQuorum 
INFO [10-28|14:18:40] in HasQuorum 
INFO [10-28|14:18:40] In IsValid() 
len(lockset.Votes): 0 lockset.EligibleVotesNum: 4
INFO [10-28|14:18:40] rm lockset is not valid yet 
INFO [10-28|14:18:40] after cm.process() 
INFO [10-28|14:18:41] case: default, cm.process 
ready: 4 need: 2.6666667
INFO [10-28|14:18:41] ---------------process------------------ 
INFO [10-28|14:18:41] In RM Process                            height=3 round=0
INFO [10-28|14:18:41] --------In rm.propose------- 
INFO [10-28|14:18:41] ---------------in rm.vote----------------- 
INFO [10-28|14:18:41] in vote in RM                            height=3 round=0
INFO [10-28|14:18:41] Timeout time not reach, curr vs timeout: curr=1540707521.000 timeout=1540707525.000
INFO [10-28|14:18:41] in rm.process, check lockset HasQuorum 
INFO [10-28|14:18:41] in HasQuorum 
INFO [10-28|14:18:41] In IsValid() 
len(lockset.Votes): 0 lockset.EligibleVotesNum: 4
INFO [10-28|14:18:41] rm lockset is not valid yet 
INFO [10-28|14:18:41] after cm.process() 
INFO [10-28|14:18:41] Handle BFT Msg,                          msg="msg #11 (173336 bytes)"
INFO [10-28|14:18:41] -------Received NewBlockProposalMsg------- 
INFO [10-28|14:18:41] case: default, cm.process 
ready: 4 need: 2.6666667
INFO [10-28|14:18:41] ---------------process------------------ 
INFO [10-28|14:18:41] In RM Process                            height=3 round=0
INFO [10-28|14:18:41] --------In rm.propose------- 
INFO [10-28|14:18:41] ---------------in rm.vote----------------- 
INFO [10-28|14:18:41] in vote in RM                            height=3 round=0
INFO [10-28|14:18:41] Timeout time not reach, curr vs timeout: curr=1540707521.000 timeout=1540707525.000
INFO [10-28|14:18:41] in rm.process, check lockset HasQuorum 
INFO [10-28|14:18:41] in HasQuorum 
INFO [10-28|14:18:41] In IsValid() 
len(lockset.Votes): 0 lockset.EligibleVotesNum: 4
INFO [10-28|14:18:41] rm lockset is not valid yet 
INFO [10-28|14:18:41] after cm.process() 
bpHR: H: 3 R: 0
cmHR: H: 3 R: 0
INFO [10-28|14:18:41] --------------------------------------- 
# collMsig from = Peer d9d5b902798f5c42 [eth/63]
cmHR: H: 3 R: 0
this is rm.proposerPeer  Peer d9d5b902798f5c42 [eth/63]
INFO [10-28|14:18:41] In IsValid() 
len(lockset.Votes): 0 lockset.EligibleVotesNum: 0
INFO [10-28|14:18:41] cm add BlockProposal                     h=3 r=0
INFO [10-28|14:18:41] in HasQuorum 
INFO [10-28|14:18:41] In IsValid() 
len(lockset.Votes): 4 lockset.EligibleVotesNum: 4
INFO [10-28|14:18:41] in sortByBlockhash 
made bhs, bhs: map[[3 72 12 43 183 10 130 250 32 249 29 247 227 171 138 64 208 75 106 182 13 52 209 205 48 19 42 29 54 240 181 172]:4]
made hs, hs: [{[3 72 12 43 183 10 130 250 32 249 29 247 227 171 138 64 208 75 106 182 13 52 209 205 48 19 42 29 54 240 181 172] 4}]
sorted hs, hs: [{[3 72 12 43 183 10 130 250 32 249 29 247 227 171 138 64 208 75 106 182 13 52 209 205 48 19 42 29 54 240 181 172] 4}]
INFO [10-28|14:18:41] In addBlockCandidates!! 
INFO [10-28|14:18:41] -------in handle NewBlockProposalMsg, success!------- 
INFO [10-28|14:18:41] Handle BFT Msg,                          msg="msg #18 (544 bytes)"
INFO [10-28|14:18:41] ------Received MsigProposalMsg------ 
I received msp from  Peer d67104e65b61fca1 [eth/63]
mpHR: H: 3 R: 0 hash: [49 210 71 126 97 193 179 157 177 7 16 235 123 115 186 68 236 104 72 88 17 15 112 247 178 18 92 215 228 7 245 143]
cmHR: H: 3 R: 0
INFO [10-28|14:18:41] --------------------------------------- 
mp= &{<nil> 27 17382903764625068123515086765626854502610748300001841802195273240211480222007 31293107001570733389661052442237067656924866361364011496942777598752716053378 map[] map[] map[] 3 0 [49 210 71 126 97 193 179 157 177 7 16 235 123 115 186 68 236 104 72 88 17 15 112 247 178 18 92 215 228 7 245 143] 0xc428740190 0xc4287401e0}
H====:  3 P==== 0
@rm.proposerPeer = Peer d9d5b902798f5c42 [eth/63]
INFO [10-28|14:18:41] in MsigFinished 
INFO [10-28|14:18:41] ------addmsigproposal success!------- 
mp= &{0xc42b4880c0 27 17382903764625068123515086765626854502610748300001841802195273240211480222007 31293107001570733389661052442237067656924866361364011496942777598752716053378 map[] map[] map[] 3 0 [49 210 71 126 97 193 179 157 177 7 16 235 123 115 186 68 236 104 72 88 17 15 112 247 178 18 92 215 228 7 245 143] 0xc428740190 0xc4287401e0}
INFO [10-28|14:18:41] Handle BFT Msg,                          msg="msg #17 (107 bytes)"
INFO [10-28|14:18:41] ------Received VoteMsg------ 
voteHR: H: 3 R: 0 voteType:: 1 voteHash: [49 210 71 126 97 193 179 157 177 7 16 235 123 115 186 68 236 104 72 88 17 15 112 247 178 18 92 215 228 7 245 143]
cmHR: H: 3 R: 0
INFO [10-28|14:18:41] --------------------------------------- 
INFO [10-28|14:18:41] addVote to                               height=3 round=0 from=0x82a978b3f5962a5b0957d9ee9eef472ee55b42f1 success=true cm.coinbase=0xdceceaf3fc5c0a63d195d69b1a90011b7b19650d
INFO [10-28|14:18:41] ------in handle VoteMsg, success!------ 
INFO [10-28|14:18:41] case: default, cm.process 
ready: 4 need: 2.6666667
INFO [10-28|14:18:41] ---------------process------------------ 
INFO [10-28|14:18:41] In RM Process                            height=3 round=0
INFO [10-28|14:18:41] --------In rm.propose------- 
INFO [10-28|14:18:41] ---------------in rm.vote----------------- 
INFO [10-28|14:18:41] in vote in RM                            height=3 round=0
INFO [10-28|14:18:41] vote mp 
INFO [10-28|14:18:41] vote success in                          height=3 round=0
INFO [10-28|14:18:41] Handle BFT Msg,                          msg="msg #17 (107 bytes)"
INFO [10-28|14:18:41] ------Received VoteMsg------ 
INFO [10-28|14:18:41] Send VoteMsg 
voteHR: H: 3 R: 0 voteType:: 1 voteHash: [49 210 71 126 97 193 179 157 177 7 16 235 123 115 186 68 236 104 72 88 17 15 112 247 178 18 92 215 228 7 245 143]
cmHR: H: 3 R: 0
INFO [10-28|14:18:41] --------------------------------------- 
INFO [10-28|14:18:41] in rm.process, check lockset HasQuorum 
INFO [10-28|14:18:41] in HasQuorum 
INFO [10-28|14:18:41] In IsValid() 
len(lockset.Votes): 2 lockset.EligibleVotesNum: 4
INFO [10-28|14:18:41] rm lockset is not valid yet 
INFO [10-28|14:18:41] after cm.process() 
INFO [10-28|14:18:41] addVote to                               height=3 round=0 from=0x7d577a597b2742b498cb5cf0c26cdcd726d39e6e success=true cm.coinbase=0xdceceaf3fc5c0a63d195d69b1a90011b7b19650d
INFO [10-28|14:18:41] ------in handle VoteMsg, success!------ 
INFO [10-28|14:18:41] Handle BFT Msg,                          msg="msg #17 (107 bytes)"
INFO [10-28|14:18:41] ------Received VoteMsg------ 
voteHR: H: 3 R: 0 voteType:: 1 voteHash: [49 210 71 126 97 193 179 157 177 7 16 235 123 115 186 68 236 104 72 88 17 15 112 247 178 18 92 215 228 7 245 143]
cmHR: H: 3 R: 0
INFO [10-28|14:18:41] --------------------------------------- 
INFO [10-28|14:18:41] addVote to                               height=3 round=0 from=0x598443f1880ef585b21f1d7585bd0577402861e5 success=true cm.coinbase=0xdceceaf3fc5c0a63d195d69b1a90011b7b19650d
INFO [10-28|14:18:41] ------in handle VoteMsg, success!------ 
INFO [10-28|14:18:41] received NewBlockMsg! 
INFO [10-28|14:18:41] ***in BFT.VVVVerifyHeader*** 
INFO [10-28|14:18:41] ***in BFT.verifyHeader*** 
INFO [10-28|14:18:41] ***in BFT.verifySeal*** 
INFO [10-28|14:18:41] In verifyVotes 
INFO [10-28|14:18:41] ***in sync.request()*** 
INFO [10-28|14:18:41] case: default, cm.process 
ready: 4 need: 2.6666667
INFO [10-28|14:18:41] ---------------process------------------ 
INFO [10-28|14:18:41] In RM Process                            height=3 round=0
INFO [10-28|14:18:41] --------In rm.propose------- 
INFO [10-28|14:18:41] ---------------in rm.vote----------------- 
INFO [10-28|14:18:41] voted 
INFO [10-28|14:18:41] in rm.process, check lockset HasQuorum 
INFO [10-28|14:18:41] in HasQuorum 
INFO [10-28|14:18:41] In IsValid() 
len(lockset.Votes): 4 lockset.EligibleVotesNum: 4
INFO [10-28|14:18:41] in sortByBlockhash 
made bhs, bhs: map[[49 210 71 126 97 193 179 157 177 7 16 235 123 115 186 68 236 104 72 88 17 15 112 247 178 18 92 215 228 7 245 143]:4]
made hs, hs: [{[49 210 71 126 97 193 179 157 177 7 16 235 123 115 186 68 236 104 72 88 17 15 112 247 178 18 92 215 228 7 245 143] 4}]
sorted hs, hs: [{[49 210 71 126 97 193 179 157 177 7 16 235 123 115 186 68 236 104 72 88 17 15 112 247 178 18 92 215 228 7 245 143] 4}]
INFO [10-28|14:18:41] There is a quorum                        height=3 round=0
--- in rm.process p.id: --- Peer d9d5b902798f5c42 [eth/63]
INFO [10-28|14:18:41] ============in cm.commitLockset============ 
INFO [10-28|14:18:41] in commitLockset, check ls HasQuorum 
INFO [10-28|14:18:41] in HasQuorum 
INFO [10-28|14:18:41] In IsValid() 
len(lockset.Votes): 4 lockset.EligibleVotesNum: 4
INFO [10-28|14:18:41] in sortByBlockhash 
made bhs, bhs: map[[49 210 71 126 97 193 179 157 177 7 16 235 123 115 186 68 236 104 72 88 17 15 112 247 178 18 92 215 228 7 245 143]:4]
made hs, hs: [{[49 210 71 126 97 193 179 157 177 7 16 235 123 115 186 68 236 104 72 88 17 15 112 247 178 18 92 215 228 7 245 143] 4}]
sorted hs, hs: [{[49 210 71 126 97 193 179 157 177 7 16 235 123 115 186 68 236 104 72 88 17 15 112 247 178 18 92 215 228 7 245 143] 4}]
INFO [10-28|14:18:41] cm.found is not nil 
INFO [10-28|14:18:41] store lockset 
peerid: d9d5b902798f5c42
INFO [10-28|14:18:41] ---storeLockset--- 
INFO [10-28|14:18:41] have a consensus on the block 
INFO [10-28|14:18:41] result.Header().Coinbase != b.signer 
INFO [10-28|14:18:41] after cm.process() 
cmH 3
result.Header().Coinbase: [89 132 67 241 136 14 245 133 178 31 29 117 133 189 5 119 64 40 97 229] b.signer: [220 236 234 243 252 92 10 99 209 149 214 155 26 144 1 27 123 25 101 13]
INFO [10-28|14:18:41] in validatorCommit1 
ConsensusTime, 1030755416 , txs, 1599 , blockNum, 3
FinishedConsensus, 1540707521385645000
INFO [10-28|14:18:41] result is nil 
pid: d9d5b902798f5c42
block number 3
-------in NewBFTValidatorBlock-------
INFO [10-28|14:18:41] === Finished Mine() === 
INFO [10-28|14:18:41] in validatorCommit2 
validatorCommit time: 288.486µs
INFO [10-28|14:18:41] **in eth.handler**, get result from ch 
INFO [10-28|14:18:41] received NewBlockMsg! 
INFO [10-28|14:18:41] In verifyVotes 
INFO [10-28|14:18:41] in HasQuorum 
INFO [10-28|14:18:41] In IsValid() 
len(lockset.Votes): 4 lockset.EligibleVotesNum: 4
INFO [10-28|14:18:41] in sortByBlockhash 
made bhs, bhs: map[[49 210 71 126 97 193 179 157 177 7 16 235 123 115 186 68 236 104 72 88 17 15 112 247 178 18 92 215 228 7 245 143]:4]
made hs, hs: [{[49 210 71 126 97 193 179 157 177 7 16 235 123 115 186 68 236 104 72 88 17 15 112 247 178 18 92 215 228 7 245 143] 4}]
sorted hs, hs: [{[49 210 71 126 97 193 179 157 177 7 16 235 123 115 186 68 236 104 72 88 17 15 112 247 178 18 92 215 228 7 245 143] 4}]
INFO [10-28|14:18:41] ***in BFT.VerifyHeaderSSSS*** 
INFO [10-28|14:18:41] ***in BFT.verifyHeader*** 
INFO [10-28|14:18:41] ***in BFT.verifySeal*** 
INFO [10-28|14:18:41] In verifyVotes 
INFO [10-28|14:18:41] in HasQuorum 
INFO [10-28|14:18:41] In IsValid() 
len(lockset.Votes): 4 lockset.EligibleVotesNum: 4
INFO [10-28|14:18:41] in sortByBlockhash 
made bhs, bhs: map[[49 210 71 126 97 193 179 157 177 7 16 235 123 115 186 68 236 104 72 88 17 15 112 247 178 18 92 215 228 7 245 143]:4]
made hs, hs: [{[49 210 71 126 97 193 179 157 177 7 16 235 123 115 186 68 236 104 72 88 17 15 112 247 178 18 92 215 228 7 245 143] 4}]
sorted hs, hs: [{[49 210 71 126 97 193 179 157 177 7 16 235 123 115 186 68 236 104 72 88 17 15 112 247 178 18 92 215 228 7 245 143] 4}]
INFO [10-28|14:18:42] Imported new chain segment               blocks=1 txs=1599 mgas=33.579 elapsed=1.019s   mgasps=32.936 number=3 hash=31d247…07f58f
FinishedPostExec, 1540707522555378000 , txs, 1599
PostExecTime, 1.01952894s
INFO [10-28|14:18:42] in pool.evenLoop, call pool.resetState 
INFO [10-28|14:18:44] Handle BFT Msg,                          msg="msg #11 (173453 bytes)"
INFO [10-28|14:18:44] -------Received NewBlockProposalMsg------- 
bpHR: H: 4 R: 0
cmHR: H: 4 R: 0
INFO [10-28|14:18:44] --------------------------------------- 
# collMsig from = Peer d67104e65b61fca1 [eth/63]
cmHR: H: 4 R: 0
this is rm.proposerPeer  Peer d67104e65b61fca1 [eth/63]
INFO [10-28|14:18:44] In IsValid() 
len(lockset.Votes): 0 lockset.EligibleVotesNum: 0
INFO [10-28|14:18:44] cm add BlockProposal                     h=4 r=0
INFO [10-28|14:18:44] in HasQuorum 
INFO [10-28|14:18:44] In IsValid() 
len(lockset.Votes): 4 lockset.EligibleVotesNum: 4
INFO [10-28|14:18:44] in sortByBlockhash 
made bhs, bhs: map[[49 210 71 126 97 193 179 157 177 7 16 235 123 115 186 68 236 104 72 88 17 15 112 247 178 18 92 215 228 7 245 143]:4]
made hs, hs: [{[49 210 71 126 97 193 179 157 177 7 16 235 123 115 186 68 236 104 72 88 17 15 112 247 178 18 92 215 228 7 245 143] 4}]
sorted hs, hs: [{[49 210 71 126 97 193 179 157 177 7 16 235 123 115 186 68 236 104 72 88 17 15 112 247 178 18 92 215 228 7 245 143] 4}]
INFO [10-28|14:18:44] In addBlockCandidates!! 
INFO [10-28|14:18:44] -------in handle NewBlockProposalMsg, success!------- 
INFO [10-28|14:18:44] Handle BFT Msg,                          msg="msg #18 (544 bytes)"
INFO [10-28|14:18:44] ------Received MsigProposalMsg------ 
I received msp from  Peer 6d11b37ef4fc909a [eth/63]
mpHR: H: 4 R: 0 hash: [79 250 21 202 93 220 157 205 101 197 206 12 94 235 149 89 30 162 57 164 34 26 35 137 216 237 107 157 235 160 231 178]
cmHR: H: 4 R: 0
INFO [10-28|14:18:44] --------------------------------------- 
mp= &{<nil> 28 97437666690936275880392186030689017951276380305681950867076388414149594960486 6052219217470047610205200252060173663004600517663474281208757040051798675158 map[] map[] map[] 4 0 [79 250 21 202 93 220 157 205 101 197 206 12 94 235 149 89 30 162 57 164 34 26 35 137 216 237 107 157 235 160 231 178] 0xc42a1da410 0xc42a1da460}
H====:  4 P==== 0
@rm.proposerPeer = Peer d67104e65b61fca1 [eth/63]
INFO [10-28|14:18:44] in MsigFinished 
INFO [10-28|14:18:44] ------addmsigproposal success!------- 
mp= &{0xc428be7420 28 97437666690936275880392186030689017951276380305681950867076388414149594960486 6052219217470047610205200252060173663004600517663474281208757040051798675158 map[] map[] map[] 4 0 [79 250 21 202 93 220 157 205 101 197 206 12 94 235 149 89 30 162 57 164 34 26 35 137 216 237 107 157 235 160 231 178] 0xc42a1da410 0xc42a1da460}
INFO [10-28|14:18:44] Handle BFT Msg,                          msg="msg #17 (107 bytes)"
INFO [10-28|14:18:44] ------Received VoteMsg------ 
voteHR: H: 4 R: 0 voteType:: 1 voteHash: [79 250 21 202 93 220 157 205 101 197 206 12 94 235 149 89 30 162 57 164 34 26 35 137 216 237 107 157 235 160 231 178]
cmHR: H: 4 R: 0
INFO [10-28|14:18:44] --------------------------------------- 
INFO [10-28|14:18:44] Handle BFT Msg,                          msg="msg #17 (107 bytes)"
INFO [10-28|14:18:44] ------Received VoteMsg------ 
voteHR: H: 4 R: 0 voteType:: 1 voteHash: [79 250 21 202 93 220 157 205 101 197 206 12 94 235 149 89 30 162 57 164 34 26 35 137 216 237 107 157 235 160 231 178]
cmHR: H: 4 R: 0
INFO [10-28|14:18:44] --------------------------------------- 
INFO [10-28|14:18:44] addVote to                               height=4 round=0 from=0x82a978b3f5962a5b0957d9ee9eef472ee55b42f1 success=true cm.coinbase=0xdceceaf3fc5c0a63d195d69b1a90011b7b19650d
INFO [10-28|14:18:44] ------in handle VoteMsg, success!------ 
INFO [10-28|14:18:44] addVote to                               height=4 round=0 from=0x598443f1880ef585b21f1d7585bd0577402861e5 success=true cm.coinbase=0xdceceaf3fc5c0a63d195d69b1a90011b7b19650d
INFO [10-28|14:18:44] ------in handle VoteMsg, success!------ 
INFO [10-28|14:18:44] Handle BFT Msg,                          msg="msg #17 (107 bytes)"
INFO [10-28|14:18:44] ------Received VoteMsg------ 
voteHR: H: 4 R: 0 voteType:: 1 voteHash: [79 250 21 202 93 220 157 205 101 197 206 12 94 235 149 89 30 162 57 164 34 26 35 137 216 237 107 157 235 160 231 178]
cmHR: H: 4 R: 0
INFO [10-28|14:18:44] --------------------------------------- 
INFO [10-28|14:18:44] addVote to                               height=4 round=0 from=0x7d577a597b2742b498cb5cf0c26cdcd726d39e6e success=true cm.coinbase=0xdceceaf3fc5c0a63d195d69b1a90011b7b19650d
INFO [10-28|14:18:44] ------in handle VoteMsg, success!------ 
INFO [10-28|14:18:44] received NewBlockMsg! 
INFO [10-28|14:18:44] ***in BFT.VVVVerifyHeader*** 
INFO [10-28|14:18:44] ***in BFT.verifyHeader*** 
INFO [10-28|14:18:44] ***in BFT.verifySeal*** 
INFO [10-28|14:18:44] In verifyVotes 
INFO [10-28|14:18:44] ***in sync.request()*** 
INFO [10-28|14:18:44] received NewBlockMsg! 
INFO [10-28|14:18:44] In verifyVotes 
INFO [10-28|14:18:44] ***in sync.request()*** 
INFO [10-28|14:18:44] Handle BFT Msg,                          msg="msg #10 (328 bytes)"
INFO [10-28|14:18:44] -------Received LocksetMsg------- 
lockset: &{<nil> 0 0 0 4 [0xc4274a8360 0xc4274a83c0 0xc4274a8420] false}
INFO [10-28|14:18:44] in HasQuorum 
INFO [10-28|14:18:44] In IsValid() 
len(lockset.Votes): 3 lockset.EligibleVotesNum: 4
INFO [10-28|14:18:44] in sortByBlockhash 
made bhs, bhs: map[[79 250 21 202 93 220 157 205 101 197 206 12 94 235 149 89 30 162 57 164 34 26 35 137 216 237 107 157 235 160 231 178]:3]
made hs, hs: [{[79 250 21 202 93 220 157 205 101 197 206 12 94 235 149 89 30 162 57 164 34 26 35 137 216 237 107 157 235 160 231 178] 3}]
sorted hs, hs: [{[79 250 21 202 93 220 157 205 101 197 206 12 94 235 149 89 30 162 57 164 34 26 35 137 216 237 107 157 235 160 231 178] 3}]
INFO [10-28|14:18:44] ---storeLockset--- 
INFO [10-28|14:18:44] In verifyVotes 
INFO [10-28|14:18:44] in HasQuorum 
INFO [10-28|14:18:44] In IsValid() 
len(lockset.Votes): 3 lockset.EligibleVotesNum: 4
INFO [10-28|14:18:44] in sortByBlockhash 
made bhs, bhs: map[[79 250 21 202 93 220 157 205 101 197 206 12 94 235 149 89 30 162 57 164 34 26 35 137 216 237 107 157 235 160 231 178]:3]
made hs, hs: [{[79 250 21 202 93 220 157 205 101 197 206 12 94 235 149 89 30 162 57 164 34 26 35 137 216 237 107 157 235 160 231 178] 3}]
sorted hs, hs: [{[79 250 21 202 93 220 157 205 101 197 206 12 94 235 149 89 30 162 57 164 34 26 35 137 216 237 107 157 235 160 231 178] 3}]
INFO [10-28|14:18:44] ***in BFT.VerifyHeaderSSSS*** 
INFO [10-28|14:18:44] ***in BFT.verifyHeader*** 
INFO [10-28|14:18:44] ***in BFT.verifySeal*** 
INFO [10-28|14:18:44] In verifyVotes 
INFO [10-28|14:18:44] in HasQuorum 
INFO [10-28|14:18:44] In IsValid() 
len(lockset.Votes): 3 lockset.EligibleVotesNum: 4
INFO [10-28|14:18:44] in sortByBlockhash 
made bhs, bhs: map[[79 250 21 202 93 220 157 205 101 197 206 12 94 235 149 89 30 162 57 164 34 26 35 137 216 237 107 157 235 160 231 178]:3]
made hs, hs: [{[79 250 21 202 93 220 157 205 101 197 206 12 94 235 149 89 30 162 57 164 34 26 35 137 216 237 107 157 235 160 231 178] 3}]
sorted hs, hs: [{[79 250 21 202 93 220 157 205 101 197 206 12 94 235 149 89 30 162 57 164 34 26 35 137 216 237 107 157 235 160 231 178] 3}]
INFO [10-28|14:18:45] Commit new mining work                   number=4 txs=1600 uncles=0 elapsed=2.458s
INFO [10-28|14:18:45] Sealing                                  block n=4
StartConsensus, 1540707525013695000
INFO [10-28|14:18:45] Start Process 
INFO [10-28|14:18:45] in cm.Process, check lastCommittingLockset() 
INFO [10-28|14:18:45] In IsValid() 
len(lockset.Votes): 4 lockset.EligibleVotesNum: 4
INFO [10-28|14:18:45] in HasQuorum 
INFO [10-28|14:18:45] In IsValid() 
len(lockset.Votes): 4 lockset.EligibleVotesNum: 4
INFO [10-28|14:18:45] in sortByBlockhash 
made bhs, bhs: map[[49 210 71 126 97 193 179 157 177 7 16 235 123 115 186 68 236 104 72 88 17 15 112 247 178 18 92 215 228 7 245 143]:4]
made hs, hs: [{[49 210 71 126 97 193 179 157 177 7 16 235 123 115 186 68 236 104 72 88 17 15 112 247 178 18 92 215 228 7 245 143] 4}]
sorted hs, hs: [{[49 210 71 126 97 193 179 157 177 7 16 235 123 115 186 68 236 104 72 88 17 15 112 247 178 18 92 215 228 7 245 143] 4}]
=====CM.COINBASE IS:===== [220 236 234 243 252 92 10 99 209 149 214 155 26 144 1 27 123 25 101 13] block number is: 4
INFO [10-28|14:18:45] case: default, cm.process 
ready: 4 need: 2.6666667
INFO [10-28|14:18:45] ---------------process------------------ 
INFO [10-28|14:18:45] In RM Process                            height=4 round=0
INFO [10-28|14:18:45] --------In rm.propose------- 
INFO [10-28|14:18:45] ---------------in rm.vote----------------- 
INFO [10-28|14:18:45] in vote in RM                            height=4 round=0
INFO [10-28|14:18:45] vote mp 
INFO [10-28|14:18:45] vote success in                          height=4 round=0
INFO [10-28|14:18:45] Send VoteMsg 
INFO [10-28|14:18:45] in rm.process, check lockset HasQuorum 
INFO [10-28|14:18:45] in HasQuorum 
INFO [10-28|14:18:45] In IsValid() 
len(lockset.Votes): 4 lockset.EligibleVotesNum: 4
INFO [10-28|14:18:45] in sortByBlockhash 
made bhs, bhs: map[[79 250 21 202 93 220 157 205 101 197 206 12 94 235 149 89 30 162 57 164 34 26 35 137 216 237 107 157 235 160 231 178]:4]
made hs, hs: [{[79 250 21 202 93 220 157 205 101 197 206 12 94 235 149 89 30 162 57 164 34 26 35 137 216 237 107 157 235 160 231 178] 4}]
sorted hs, hs: [{[79 250 21 202 93 220 157 205 101 197 206 12 94 235 149 89 30 162 57 164 34 26 35 137 216 237 107 157 235 160 231 178] 4}]
INFO [10-28|14:18:45] There is a quorum                        height=4 round=0
--- in rm.process p.id: --- Peer d67104e65b61fca1 [eth/63]
INFO [10-28|14:18:45] ============in cm.commitLockset============ 
INFO [10-28|14:18:45] in commitLockset, check ls HasQuorum 
INFO [10-28|14:18:45] in HasQuorum 
INFO [10-28|14:18:45] In IsValid() 
len(lockset.Votes): 4 lockset.EligibleVotesNum: 4
INFO [10-28|14:18:45] in sortByBlockhash 
made bhs, bhs: map[[79 250 21 202 93 220 157 205 101 197 206 12 94 235 149 89 30 162 57 164 34 26 35 137 216 237 107 157 235 160 231 178]:4]
made hs, hs: [{[79 250 21 202 93 220 157 205 101 197 206 12 94 235 149 89 30 162 57 164 34 26 35 137 216 237 107 157 235 160 231 178] 4}]
sorted hs, hs: [{[79 250 21 202 93 220 157 205 101 197 206 12 94 235 149 89 30 162 57 164 34 26 35 137 216 237 107 157 235 160 231 178] 4}]
INFO [10-28|14:18:45] cm.found is not nil 
INFO [10-28|14:18:45] have a consensus on the block 
INFO [10-28|14:18:45] result.Header().Coinbase != b.signer 
result.Header().Coinbase: [130 169 120 179 245 150 42 91 9 87 217 238 158 239 71 46 229 91 66 241] b.signer: [220 236 234 243 252 92 10 99 209 149 214 155 26 144 1 27 123 25 101 13]
ConsensusTime, 13317024 , txs, 1600 , blockNum, 4
FinishedConsensus, 1540707525027025000
INFO [10-28|14:18:45] result is nil 
INFO [10-28|14:18:45] === Finished Mine() === 
INFO [10-28|14:18:45] store lockset 
peerid: d67104e65b61fca1
cmH 4
INFO [10-28|14:18:45] in validatorCommit1 
pid: d67104e65b61fca1
block number 4
-------in NewBFTValidatorBlock-------
INFO [10-28|14:18:45] in validatorCommit2 
validatorCommit time: 80.11µs
INFO [10-28|14:18:45] **in eth.handler**, get result from ch 
INFO [10-28|14:18:45] ---storeLockset--- 
INFO [10-28|14:18:45] after cm.process() 
INFO [10-28|14:18:46] Imported new chain segment               blocks=1 txs=1600 mgas=33.600 elapsed=1.537s   mgasps=21.852 number=4 hash=4ffa15…a0e7b2
FinishedPostExec, 1540707526523235000 , txs, 1600
PostExecTime, 1.537646633s
INFO [10-28|14:18:46] in pool.evenLoop, call pool.resetState 
INFO [10-28|14:18:50] Commit new mining work                   number=5 txs=1601 uncles=0 elapsed=4.335s
INFO [10-28|14:18:50] Sealing                                  block n=5
StartConsensus, 1540707530858763000
INFO [10-28|14:18:50] Start Process 
INFO [10-28|14:18:50] in cm.Process, check lastCommittingLockset() 
INFO [10-28|14:18:50] In IsValid() 
len(lockset.Votes): 4 lockset.EligibleVotesNum: 4
INFO [10-28|14:18:50] in HasQuorum 
INFO [10-28|14:18:50] In IsValid() 
len(lockset.Votes): 4 lockset.EligibleVotesNum: 4
INFO [10-28|14:18:50] in sortByBlockhash 
made bhs, bhs: map[[79 250 21 202 93 220 157 205 101 197 206 12 94 235 149 89 30 162 57 164 34 26 35 137 216 237 107 157 235 160 231 178]:4]
made hs, hs: [{[79 250 21 202 93 220 157 205 101 197 206 12 94 235 149 89 30 162 57 164 34 26 35 137 216 237 107 157 235 160 231 178] 4}]
sorted hs, hs: [{[79 250 21 202 93 220 157 205 101 197 206 12 94 235 149 89 30 162 57 164 34 26 35 137 216 237 107 157 235 160 231 178] 4}]
=====CM.COINBASE IS:===== [220 236 234 243 252 92 10 99 209 149 214 155 26 144 1 27 123 25 101 13] block number is: 5
INFO [10-28|14:18:50] case: default, cm.process 
ready: 4 need: 2.6666667
INFO [10-28|14:18:50] ---------------process------------------ 
INFO [10-28|14:18:50] In RM Process                            height=5 round=0
INFO [10-28|14:18:50] --------In rm.propose------- 
INFO [10-28|14:18:50] ---------------in rm.vote----------------- 
INFO [10-28|14:18:50] in vote in RM                            height=5 round=0
INFO [10-28|14:18:50] Timeout time not reach, curr vs timeout: curr=1540707530.000 timeout=1540707535.000
INFO [10-28|14:18:50] in rm.process, check lockset HasQuorum 
INFO [10-28|14:18:50] in HasQuorum 
INFO [10-28|14:18:50] In IsValid() 
len(lockset.Votes): 0 lockset.EligibleVotesNum: 4
INFO [10-28|14:18:50] rm lockset is not valid yet 
INFO [10-28|14:18:50] after cm.process() 
INFO [10-28|14:18:50] Handle BFT Msg,                          msg="msg #11 (173950 bytes)"
INFO [10-28|14:18:50] -------Received NewBlockProposalMsg------- 
bpHR: H: 5 R: 0
cmHR: H: 5 R: 0
INFO [10-28|14:18:50] --------------------------------------- 
# collMsig from = Peer 6d11b37ef4fc909a [eth/63]
cmHR: H: 5 R: 0
this is rm.proposerPeer  Peer 6d11b37ef4fc909a [eth/63]
INFO [10-28|14:18:50] In IsValid() 
len(lockset.Votes): 0 lockset.EligibleVotesNum: 0
INFO [10-28|14:18:50] cm add BlockProposal                     h=5 r=0
INFO [10-28|14:18:50] in HasQuorum 
INFO [10-28|14:18:50] In IsValid() 
len(lockset.Votes): 4 lockset.EligibleVotesNum: 4
INFO [10-28|14:18:50] in sortByBlockhash 
made bhs, bhs: map[[79 250 21 202 93 220 157 205 101 197 206 12 94 235 149 89 30 162 57 164 34 26 35 137 216 237 107 157 235 160 231 178]:4]
made hs, hs: [{[79 250 21 202 93 220 157 205 101 197 206 12 94 235 149 89 30 162 57 164 34 26 35 137 216 237 107 157 235 160 231 178] 4}]
sorted hs, hs: [{[79 250 21 202 93 220 157 205 101 197 206 12 94 235 149 89 30 162 57 164 34 26 35 137 216 237 107 157 235 160 231 178] 4}]
INFO [10-28|14:18:50] in collectMsig, i am wintness 
Msig=  @cm.privkey = &{{0xc420079c20 67333825585571014603611635451020349202021545719350172562572682223116453734159 111936399880843152885602076155268524635577748095116000279445393134704403769474} 78469846343542442363028680824980501212021332975324075417961003849793346933925} ##cm.coinbase= [220 236 234 243 252 92 10 99 209 149 214 155 26 144 1 27 123 25 101 13]
in collect Misg from Peer 6d11b37ef4fc909a [eth/63]
INFO [10-28|14:18:50] Return MsigProposalMsg to                LOG15_ERROR=                                                   LOG15_ERROR="Normalized odd number of arguments by adding nil"
INFO [10-28|14:18:50] Send MsigProposalMsg 
INFO [10-28|14:18:50] In addBlockCandidates!! 
INFO [10-28|14:18:50] -------in handle NewBlockProposalMsg, success!------- 
INFO [10-28|14:18:50] case: default, cm.process 
ready: 4 need: 2.6666667
INFO [10-28|14:18:50] ---------------process------------------ 
INFO [10-28|14:18:50] In RM Process                            height=5 round=0
INFO [10-28|14:18:50] --------In rm.propose------- 
INFO [10-28|14:18:50] ---------------in rm.vote----------------- 
INFO [10-28|14:18:50] in vote in RM                            height=5 round=0
INFO [10-28|14:18:50] vote mp 
INFO [10-28|14:18:50] vote success in                          height=5 round=0
INFO [10-28|14:18:50] Send VoteMsg 
INFO [10-28|14:18:50] in rm.process, check lockset HasQuorum 
INFO [10-28|14:18:50] in HasQuorum 
INFO [10-28|14:18:50] In IsValid() 
len(lockset.Votes): 1 lockset.EligibleVotesNum: 4
INFO [10-28|14:18:50] rm lockset is not valid yet 
INFO [10-28|14:18:50] after cm.process() 
INFO [10-28|14:18:51] case: default, cm.process 
ready: 4 need: 2.6666667
INFO [10-28|14:18:51] ---------------process------------------ 
INFO [10-28|14:18:51] In RM Process                            height=5 round=0
INFO [10-28|14:18:51] --------In rm.propose------- 
INFO [10-28|14:18:51] ---------------in rm.vote----------------- 
INFO [10-28|14:18:51] voted 
INFO [10-28|14:18:51] in rm.process, check lockset HasQuorum 
INFO [10-28|14:18:51] in HasQuorum 
INFO [10-28|14:18:51] In IsValid() 
len(lockset.Votes): 1 lockset.EligibleVotesNum: 4
INFO [10-28|14:18:51] rm lockset is not valid yet 
INFO [10-28|14:18:51] after cm.process() 
INFO [10-28|14:18:51] Handle BFT Msg,                          msg="msg #17 (107 bytes)"
INFO [10-28|14:18:51] ------Received VoteMsg------ 
voteHR: H: 5 R: 0 voteType:: 1 voteHash: [89 87 132 97 134 9 156 44 163 213 136 185 237 27 167 171 78 28 45 25 61 46 220 72 201 6 240 128 198 1 166 33]
cmHR: H: 5 R: 0
INFO [10-28|14:18:51] Handle BFT Msg,                          msg="msg #17 (107 bytes)"
INFO [10-28|14:18:51] ------Received VoteMsg------ 
voteHR: H: 5 R: 0 voteType:: 1 voteHash: [89 87 132 97 134 9 156 44 163 213 136 185 237 27 167 171 78 28 45 25 61 46 220 72 201 6 240 128 198 1 166 33]
cmHR: H: 5 R: 0
INFO [10-28|14:18:51] --------------------------------------- 
INFO [10-28|14:18:51] --------------------------------------- 
INFO [10-28|14:18:51] addVote to                               height=5 round=0 from=0x598443f1880ef585b21f1d7585bd0577402861e5 success=true cm.coinbase=0xdceceaf3fc5c0a63d195d69b1a90011b7b19650d
INFO [10-28|14:18:51] ------in handle VoteMsg, success!------ 
INFO [10-28|14:18:51] addVote to                               height=5 round=0 from=0x7d577a597b2742b498cb5cf0c26cdcd726d39e6e success=true cm.coinbase=0xdceceaf3fc5c0a63d195d69b1a90011b7b19650d
INFO [10-28|14:18:51] ------in handle VoteMsg, success!------ 
INFO [10-28|14:18:51] case: default, cm.process 
ready: 4 need: 2.6666667
INFO [10-28|14:18:51] ---------------process------------------ 
INFO [10-28|14:18:51] In RM Process                            height=5 round=0
INFO [10-28|14:18:51] --------In rm.propose------- 
INFO [10-28|14:18:51] ---------------in rm.vote----------------- 
INFO [10-28|14:18:51] voted 
INFO [10-28|14:18:51] in rm.process, check lockset HasQuorum 
INFO [10-28|14:18:51] in HasQuorum 
INFO [10-28|14:18:51] In IsValid() 
len(lockset.Votes): 3 lockset.EligibleVotesNum: 4
INFO [10-28|14:18:51] in sortByBlockhash 
made bhs, bhs: map[[89 87 132 97 134 9 156 44 163 213 136 185 237 27 167 171 78 28 45 25 61 46 220 72 201 6 240 128 198 1 166 33]:3]
made hs, hs: [{[89 87 132 97 134 9 156 44 163 213 136 185 237 27 167 171 78 28 45 25 61 46 220 72 201 6 240 128 198 1 166 33] 3}]
sorted hs, hs: [{[89 87 132 97 134 9 156 44 163 213 136 185 237 27 167 171 78 28 45 25 61 46 220 72 201 6 240 128 198 1 166 33] 3}]
INFO [10-28|14:18:51] There is a quorum                        height=5 round=0
--- in rm.process p.id: --- Peer 6d11b37ef4fc909a [eth/63]
INFO [10-28|14:18:51] ============in cm.commitLockset============ 
INFO [10-28|14:18:51] in commitLockset, check ls HasQuorum 
INFO [10-28|14:18:51] in HasQuorum 
INFO [10-28|14:18:51] In IsValid() 
len(lockset.Votes): 3 lockset.EligibleVotesNum: 4
INFO [10-28|14:18:51] in sortByBlockhash 
made bhs, bhs: map[[89 87 132 97 134 9 156 44 163 213 136 185 237 27 167 171 78 28 45 25 61 46 220 72 201 6 240 128 198 1 166 33]:3]
made hs, hs: [{[89 87 132 97 134 9 156 44 163 213 136 185 237 27 167 171 78 28 45 25 61 46 220 72 201 6 240 128 198 1 166 33] 3}]
sorted hs, hs: [{[89 87 132 97 134 9 156 44 163 213 136 185 237 27 167 171 78 28 45 25 61 46 220 72 201 6 240 128 198 1 166 33] 3}]
INFO [10-28|14:18:51] cm.found is not nil 
INFO [10-28|14:18:51] store lockset 
peerid: 6d11b37ef4fc909a
INFO [10-28|14:18:51] ---storeLockset--- 
INFO [10-28|14:18:51] have a consensus on the block 
INFO [10-28|14:18:51] result.Header().Coinbase != b.signer 
result.Header().Coinbase: [125 87 122 89 123 39 66 180 152 203 92 240 194 108 220 215 38 211 158 110] b.signer: [220 236 234 243 252 92 10 99 209 149 214 155 26 144 1 27 123 25 101 13]
ConsensusTime, 309395224 , txs, 1601 , blockNum, 5
FinishedConsensus, 1540707531168176000
cmH 5
INFO [10-28|14:18:51] after cm.process() 
INFO [10-28|14:18:51] result is nil 
INFO [10-28|14:18:51] === Finished Mine() === 
INFO [10-28|14:18:51] in validatorCommit1 
pid: 6d11b37ef4fc909a
block number 5
-------in NewBFTValidatorBlock-------
INFO [10-28|14:18:51] in validatorCommit2 
validatorCommit time: 210.172µs
INFO [10-28|14:18:51] **in eth.handler**, get result from ch 
INFO [10-28|14:18:51] ***in BFT.VVVVerifyHeader*** 
INFO [10-28|14:18:51] ***in BFT.verifyHeader*** 
INFO [10-28|14:18:51] ***in BFT.verifySeal*** 
INFO [10-28|14:18:51] In verifyVotes 
INFO [10-28|14:18:51] in HasQuorum 
INFO [10-28|14:18:51] In IsValid() 
len(lockset.Votes): 3 lockset.EligibleVotesNum: 4
INFO [10-28|14:18:51] in sortByBlockhash 
made bhs, bhs: map[[89 87 132 97 134 9 156 44 163 213 136 185 237 27 167 171 78 28 45 25 61 46 220 72 201 6 240 128 198 1 166 33]:3]
made hs, hs: [{[89 87 132 97 134 9 156 44 163 213 136 185 237 27 167 171 78 28 45 25 61 46 220 72 201 6 240 128 198 1 166 33] 3}]
sorted hs, hs: [{[89 87 132 97 134 9 156 44 163 213 136 185 237 27 167 171 78 28 45 25 61 46 220 72 201 6 240 128 198 1 166 33] 3}]
INFO [10-28|14:18:51] ***in BFT.VerifyHeaderSSSS*** 
INFO [10-28|14:18:51] ***in BFT.verifyHeader*** 
INFO [10-28|14:18:51] ***in BFT.verifySeal*** 
INFO [10-28|14:18:51] In verifyVotes 
INFO [10-28|14:18:51] in HasQuorum 
INFO [10-28|14:18:51] In IsValid() 
len(lockset.Votes): 3 lockset.EligibleVotesNum: 4
INFO [10-28|14:18:51] in sortByBlockhash 
made bhs, bhs: map[[89 87 132 97 134 9 156 44 163 213 136 185 237 27 167 171 78 28 45 25 61 46 220 72 201 6 240 128 198 1 166 33]:3]
made hs, hs: [{[89 87 132 97 134 9 156 44 163 213 136 185 237 27 167 171 78 28 45 25 61 46 220 72 201 6 240 128 198 1 166 33] 3}]
sorted hs, hs: [{[89 87 132 97 134 9 156 44 163 213 136 185 237 27 167 171 78 28 45 25 61 46 220 72 201 6 240 128 198 1 166 33] 3}]
INFO [10-28|14:18:51] Handle BFT Msg,                          msg="msg #9 (3 bytes)"
INFO [10-28|14:18:51] -------GetLocksetsMsg------- 
GetLockSetsMsg request:  [{5}] from:  6d11b37ef4fc909a
INFO [10-28|14:18:51] Request future block 
INFO [10-28|14:18:51] received NewBlockMsg! 
INFO [10-28|14:18:51] Handle BFT Msg,                          msg="msg #9 (3 bytes)"
INFO [10-28|14:18:51] -------GetLocksetsMsg------- 
GetLockSetsMsg request:  [{5}] from:  d67104e65b61fca1
INFO [10-28|14:18:51] Request future block 
INFO [10-28|14:18:51] Handle BFT Msg,                          msg="msg #9 (3 bytes)"
INFO [10-28|14:18:51] -------GetLocksetsMsg------- 
GetLockSetsMsg request:  [{5}] from:  d67104e65b61fca1
INFO [10-28|14:18:51] Request future block 
INFO [10-28|14:18:51] received NewBlockMsg! 
INFO [10-28|14:18:53] Handle BFT Msg,                          msg="msg #17 (107 bytes)"
INFO [10-28|14:18:53] ------Received VoteMsg------ 
voteHR: H: 5 R: 0 voteType:: 1 voteHash: [89 87 132 97 134 9 156 44 163 213 136 185 237 27 167 171 78 28 45 25 61 46 220 72 201 6 240 128 198 1 166 33]
cmHR: H: 5 R: 0
INFO [10-28|14:18:53] --------------------------------------- 
INFO [10-28|14:18:53] addVote to                               height=5 round=0 from=0x82a978b3f5962a5b0957d9ee9eef472ee55b42f1 success=true cm.coinbase=0xdceceaf3fc5c0a63d195d69b1a90011b7b19650d
INFO [10-28|14:18:53] ------in handle VoteMsg, success!------ 
INFO [10-28|14:18:54] Imported new chain segment               blocks=1 txs=1601 mgas=33.621 elapsed=2.979s   mgasps=11.284 number=5 hash=595784…01a621
FinishedPostExec, 1540707534148717000 , txs, 1601
PostExecTime, 2.979528097s
INFO [10-28|14:18:54] in pool.evenLoop, call pool.resetState 
./node3.sh: line 16: 18036 Terminated: 15          ../build/bin/geth --networkid 2234 --port 30305 --rpcport 8547 --datadir "data/node3" --nodiscover --rpc --rpccorsdomain "*" --rpcapi "eth,net,web3,debug" --bft --allow-empty --num-validators 4 --node-num 2
