INFO [10-28|14:16:14] Starting peer-to-peer node               instance=Geth/v1.6.7-unstable-287ee7b9/darwin-amd64/go1.9.7
INFO [10-28|14:16:14] Allocated cache and file handles         database=/Users/sujianwei20/new_misgcode/go_ethereum_cosi/examples/data/node4/geth/chaindata cache=128 handles=1024
WARN [10-28|14:16:14] Upgrading chain database to use sequential keys 
INFO [10-28|14:16:14] Initialised chain configuration          config="{ChainID: 2235 Homestead: 1 DAO: <nil> DAOSupport: false EIP150: 2 EIP155: 3 EIP158: 3 Metropolis: <nil> Engine: ethash}"
INFO [10-28|14:16:14] config bft is                            bft=true
WARN [10-28|14:16:14] Upgrading db log bloom bins 
INFO [10-28|14:16:14] Bloom-bin upgrade completed              elapsed=218.066µs
INFO [10-28|14:16:14] Initialising Ethereum protocol           versions="[63 62]" network=2234
INFO [10-28|14:16:14] Loaded most recent local header          number=0 hash=6f3c1c…1bf138 td=1048576
INFO [10-28|14:16:14] Loaded most recent local full block      number=0 hash=6f3c1c…1bf138 td=1048576
INFO [10-28|14:16:14] Loaded most recent local fast block      number=0 hash=6f3c1c…1bf138 td=1048576
INFO [10-28|14:16:14] in NewTxPool, call resetState 
INFO [10-28|14:16:14] Database conversion successful 
INFO [10-28|14:16:14] in NewTxPool, call pool.eventLoog() 
INFO [10-28|14:16:14] Allocated cache and file handles         database=/Users/sujianwei20/new_misgcode/go_ethereum_cosi/examples/data/node4/geth/bftData   cache=128 handles=1024
INFO [10-28|14:16:14] addVote to                               height=0 round=0 from=0x598443f1880ef585b21f1d7585bd0577402861e5 success=true cm.coinbase=0x598443f1880ef585b21f1d7585bd0577402861e5
ready: 1 need: 2.6666667
INFO [10-28|14:16:14] consensusManager not ready  
ready: 1 need: 2.6666667
INFO [10-28|14:16:14] Starting P2P networking 
INFO [10-28|14:16:14] RLPx listener up                         self="enode://d9d5b902798f5c42901f3fd993e58a9fb2ded12c3996e2a3849d4fdfcd0c3516aa806f56d93a759278d1c92e88b0daccffc69312581544c9f680a13a2e556a9e@[::]:30306?discport=0"
INFO [10-28|14:16:14] ---In BFTvalidatorCommitBlock--- 
INFO [10-28|14:16:14] HTTP endpoint opened: http://127.0.0.1:8548 
INFO [10-28|14:16:14] IPC endpoint opened: /Users/sujianwei20/new_misgcode/go_ethereum_cosi/examples/data/node4/geth.ipc 
INFO [10-28|14:16:14] Handle BFT Msg,                          msg="msg #8 (78 bytes)"
INFO [10-28|14:16:14] ------Received ReadMsg------ 
AddReady from: [220 236 234 243 252 92 10 99 209 149 214 155 26 144 1 27 123 25 101 13]
INFO [10-28|14:16:14] send Ready msg 
#### peer = Peer 6d11b37ef4fc909a [eth/63]
INFO [10-28|14:16:14] send Ready msg 
#### peer = Peer d67104e65b61fca1 [eth/63]
INFO [10-28|14:16:14] send Ready msg 
#### peer = Peer 94dd98401cf6ca04 [eth/63]
INFO [10-28|14:16:14] Handle BFT Msg,                          msg="msg #8 (78 bytes)"
INFO [10-28|14:16:14] ------Received ReadMsg------ 
AddReady from: [220 236 234 243 252 92 10 99 209 149 214 155 26 144 1 27 123 25 101 13]
INFO [10-28|14:16:14] Handle BFT Msg,                          msg="msg #8 (78 bytes)"
INFO [10-28|14:16:14] ------Received ReadMsg------ 
AddReady from: [220 236 234 243 252 92 10 99 209 149 214 155 26 144 1 27 123 25 101 13]
INFO [10-28|14:16:14] Handle BFT Msg,                          msg="msg #8 (78 bytes)"
INFO [10-28|14:16:14] ------Received ReadMsg------ 
AddReady from: [125 87 122 89 123 39 66 180 152 203 92 240 194 108 220 215 38 211 158 110]
INFO [10-28|14:16:14] send Ready msg 
#### peer = Peer 6d11b37ef4fc909a [eth/63]
INFO [10-28|14:16:14] send Ready msg 
#### peer = Peer d67104e65b61fca1 [eth/63]
INFO [10-28|14:16:14] send Ready msg 
#### peer = Peer 94dd98401cf6ca04 [eth/63]
INFO [10-28|14:16:14] Handle BFT Msg,                          msg="msg #8 (78 bytes)"
INFO [10-28|14:16:14] ------Received ReadMsg------ 
AddReady from: [125 87 122 89 123 39 66 180 152 203 92 240 194 108 220 215 38 211 158 110]
INFO [10-28|14:16:14] Handle BFT Msg,                          msg="msg #8 (78 bytes)"
INFO [10-28|14:16:14] ------Received ReadMsg------ 
AddReady from: [125 87 122 89 123 39 66 180 152 203 92 240 194 108 220 215 38 211 158 110]
INFO [10-28|14:16:14] Handle BFT Msg,                          msg="msg #8 (78 bytes)"
INFO [10-28|14:16:14] ------Received ReadMsg------ 
AddReady from: [130 169 120 179 245 150 42 91 9 87 217 238 158 239 71 46 229 91 66 241]
INFO [10-28|14:16:14] send Ready msg 
#### peer = Peer 94dd98401cf6ca04 [eth/63]
INFO [10-28|14:16:14] send Ready msg 
#### peer = Peer 6d11b37ef4fc909a [eth/63]
INFO [10-28|14:16:14] send Ready msg 
#### peer = Peer d67104e65b61fca1 [eth/63]
INFO [10-28|14:16:14] Handle BFT Msg,                          msg="msg #8 (78 bytes)"
INFO [10-28|14:16:14] ------Received ReadMsg------ 
AddReady from: [130 169 120 179 245 150 42 91 9 87 217 238 158 239 71 46 229 91 66 241]
INFO [10-28|14:16:14] Handle BFT Msg,                          msg="msg #8 (78 bytes)"
INFO [10-28|14:16:14] ------Received ReadMsg------ 
AddReady from: [130 169 120 179 245 150 42 91 9 87 217 238 158 239 71 46 229 91 66 241]
INFO [10-28|14:16:14] Handle BFT Msg,                          msg="msg #8 (78 bytes)"
INFO [10-28|14:16:14] ------Received ReadMsg------ 
AddReady from: [130 169 120 179 245 150 42 91 9 87 217 238 158 239 71 46 229 91 66 241]
ready: 4 need: 2.6666667
ready: 4 need: 2.6666667
INFO [10-28|14:16:14] send Ready msg 
#### peer = Peer 6d11b37ef4fc909a [eth/63]
INFO [10-28|14:16:14] send Ready msg 
#### peer = Peer d67104e65b61fca1 [eth/63]
INFO [10-28|14:16:14] send Ready msg 
#### peer = Peer 94dd98401cf6ca04 [eth/63]
INFO [10-28|14:16:14] -----------------consensusManager Ready------------------------- 
INFO [10-28|14:16:14] Handle BFT Msg,                          msg="msg #8 (78 bytes)"
INFO [10-28|14:16:14] ------Received ReadMsg------ 
INFO [10-28|14:16:14] Handle BFT Msg,                          msg="msg #8 (78 bytes)"
INFO [10-28|14:16:14] ------Received ReadMsg------ 
AddReady from: [89 132 67 241 136 14 245 133 178 31 29 117 133 189 5 119 64 40 97 229]
AddReady from: [89 132 67 241 136 14 245 133 178 31 29 117 133 189 5 119 64 40 97 229]
INFO [10-28|14:16:14] Handle BFT Msg,                          msg="msg #8 (78 bytes)"
INFO [10-28|14:16:14] ------Received ReadMsg------ 
AddReady from: [89 132 67 241 136 14 245 133 178 31 29 117 133 189 5 119 64 40 97 229]
INFO [10-28|14:16:14] Handle BFT Msg,                          msg="msg #8 (78 bytes)"
INFO [10-28|14:16:14] ------Received ReadMsg------ 
AddReady from: [220 236 234 243 252 92 10 99 209 149 214 155 26 144 1 27 123 25 101 13]
INFO [10-28|14:16:14] send Ready msg 
#### peer = Peer 6d11b37ef4fc909a [eth/63]
INFO [10-28|14:16:14] send Ready msg 
#### peer = Peer d67104e65b61fca1 [eth/63]
INFO [10-28|14:16:14] send Ready msg 
#### peer = Peer 94dd98401cf6ca04 [eth/63]
INFO [10-28|14:16:15] Handle BFT Msg,                          msg="msg #8 (78 bytes)"
INFO [10-28|14:16:15] ------Received ReadMsg------ 
AddReady from: [220 236 234 243 252 92 10 99 209 149 214 155 26 144 1 27 123 25 101 13]
INFO [10-28|14:16:15] Handle BFT Msg,                          msg="msg #8 (78 bytes)"
INFO [10-28|14:16:15] ------Received ReadMsg------ 
AddReady from: [220 236 234 243 252 92 10 99 209 149 214 155 26 144 1 27 123 25 101 13]
INFO [10-28|14:16:15] Handle BFT Msg,                          msg="msg #8 (78 bytes)"
INFO [10-28|14:16:15] ------Received ReadMsg------ 
AddReady from: [125 87 122 89 123 39 66 180 152 203 92 240 194 108 220 215 38 211 158 110]
INFO [10-28|14:16:15] send Ready msg 
#### peer = Peer 6d11b37ef4fc909a [eth/63]
INFO [10-28|14:16:15] send Ready msg 
#### peer = Peer d67104e65b61fca1 [eth/63]
INFO [10-28|14:16:15] send Ready msg 
#### peer = Peer 94dd98401cf6ca04 [eth/63]
INFO [10-28|14:16:15] Handle BFT Msg,                          msg="msg #8 (78 bytes)"
INFO [10-28|14:16:15] ------Received ReadMsg------ 
AddReady from: [125 87 122 89 123 39 66 180 152 203 92 240 194 108 220 215 38 211 158 110]
INFO [10-28|14:16:15] Handle BFT Msg,                          msg="msg #8 (78 bytes)"
INFO [10-28|14:16:15] ------Received ReadMsg------ 
AddReady from: [125 87 122 89 123 39 66 180 152 203 92 240 194 108 220 215 38 211 158 110]
INFO [10-28|14:18:25] Transaction pool price threshold updated price=18000000000
INFO [10-28|14:18:25] Starting mining operation 
INFO [10-28|14:18:29] Handle BFT Msg,                          msg="msg #18 (225 bytes)"
INFO [10-28|14:18:29] ------Received MsigProposalMsg------ 
I received msp from  Peer 94dd98401cf6ca04 [eth/63]
mpHR: H: 1 R: 0 hash: [74 160 239 48 185 232 229 115 80 18 192 118 253 73 220 132 33 205 224 78 117 31 154 146 174 153 216 241 109 127 10 27]
cmHR: H: 1 R: 0
INFO [10-28|14:18:29] --------------------------------------- 
mp= &{<nil> 27 109924710004234556200149755168498082357118672248213103778998854472128961165967 27645814600126365619440103906105385966202813219887092739188011652222041908341 map[] map[] map[] 1 0 [74 160 239 48 185 232 229 115 80 18 192 118 253 73 220 132 33 205 224 78 117 31 154 146 174 153 216 241 109 127 10 27] 0xc424a32690 0xc424a326e0}
INFO [10-28|14:18:29] received mp before p, wait for a while 
INFO [10-28|14:18:29] Handle BFT Msg,                          msg="msg #11 (172922 bytes)"
INFO [10-28|14:18:29] -------Received NewBlockProposalMsg------- 
bpHR: H: 1 R: 0
cmHR: H: 1 R: 0
INFO [10-28|14:18:29] --------------------------------------- 
# collMsig from = Peer 6d11b37ef4fc909a [eth/63]
cmHR: H: 1 R: 0
this is rm.proposerPeer  Peer 6d11b37ef4fc909a [eth/63]
INFO [10-28|14:18:29] In IsValid() 
len(lockset.Votes): 0 lockset.EligibleVotesNum: 0
INFO [10-28|14:18:29] cm add BlockProposal                     h=1 r=0
INFO [10-28|14:18:29] in HasQuorum 
INFO [10-28|14:18:29] In IsValid() 
len(lockset.Votes): 1 lockset.EligibleVotesNum: 0
INFO [10-28|14:18:29] in sortByBlockhash 
made bhs, bhs: map[[111 60 28 34 114 80 121 51 60 176 50 117 65 207 97 154 170 82 172 187 58 33 229 200 29 126 81 195 42 27 241 56]:1]
made hs, hs: [{[111 60 28 34 114 80 121 51 60 176 50 117 65 207 97 154 170 82 172 187 58 33 229 200 29 126 81 195 42 27 241 56] 1}]
sorted hs, hs: [{[111 60 28 34 114 80 121 51 60 176 50 117 65 207 97 154 170 82 172 187 58 33 229 200 29 126 81 195 42 27 241 56] 1}]
INFO [10-28|14:18:29] In addBlockCandidates!! 
INFO [10-28|14:18:29] -------in handle NewBlockProposalMsg, success!------- 
INFO [10-28|14:18:30] Commit new mining work                   number=1 txs=1598 uncles=0 elapsed=4.073s
INFO [10-28|14:18:30] Sealing                                  block n=1
StartConsensus, 1540707510031182000
INFO [10-28|14:18:30] Start Process 
INFO [10-28|14:18:30] in cm.Process, check lastCommittingLockset() 
INFO [10-28|14:18:30] In IsValid() 
len(lockset.Votes): 2 lockset.EligibleVotesNum: 0
INFO [10-28|14:18:30] in HasQuorum 
INFO [10-28|14:18:30] In IsValid() 
len(lockset.Votes): 2 lockset.EligibleVotesNum: 0
INFO [10-28|14:18:30] in sortByBlockhash 
made bhs, bhs: map[[111 60 28 34 114 80 121 51 60 176 50 117 65 207 97 154 170 82 172 187 58 33 229 200 29 126 81 195 42 27 241 56]:2]
made hs, hs: [{[111 60 28 34 114 80 121 51 60 176 50 117 65 207 97 154 170 82 172 187 58 33 229 200 29 126 81 195 42 27 241 56] 2}]
sorted hs, hs: [{[111 60 28 34 114 80 121 51 60 176 50 117 65 207 97 154 170 82 172 187 58 33 229 200 29 126 81 195 42 27 241 56] 2}]
=====CM.COINBASE IS:===== [89 132 67 241 136 14 245 133 178 31 29 117 133 189 5 119 64 40 97 229] block number is: 1
INFO [10-28|14:18:30] case: default, cm.process 
ready: 4 need: 2.6666667
INFO [10-28|14:18:30] ---------------process------------------ 
INFO [10-28|14:18:30] In RM Process                            height=1 round=0
INFO [10-28|14:18:30] --------In rm.propose------- 
INFO [10-28|14:18:30] ---------------in rm.vote----------------- 
INFO [10-28|14:18:30] in vote in RM                            height=1 round=0
INFO [10-28|14:18:30] Timeout time not reach, curr vs timeout: curr=1540707510.000 timeout=1540707515.000
INFO [10-28|14:18:30] in rm.process, check lockset HasQuorum 
INFO [10-28|14:18:30] in HasQuorum 
INFO [10-28|14:18:30] In IsValid() 
len(lockset.Votes): 0 lockset.EligibleVotesNum: 4
INFO [10-28|14:18:30] rm lockset is not valid yet 
INFO [10-28|14:18:30] after cm.process() 
H====:  1 P==== 0
@rm.proposerPeer = Peer 6d11b37ef4fc909a [eth/63]
INFO [10-28|14:18:30] in MsigFinished 
INFO [10-28|14:18:30] ------addmsigproposal success!------- 
mp= &{0xc4248b6880 27 109924710004234556200149755168498082357118672248213103778998854472128961165967 27645814600126365619440103906105385966202813219887092739188011652222041908341 map[] map[] map[] 1 0 [74 160 239 48 185 232 229 115 80 18 192 118 253 73 220 132 33 205 224 78 117 31 154 146 174 153 216 241 109 127 10 27] 0xc424a32690 0xc424a326e0}
INFO [10-28|14:18:30] Handle BFT Msg,                          msg="msg #17 (107 bytes)"
INFO [10-28|14:18:30] ------Received VoteMsg------ 
voteHR: H: 1 R: 0 voteType:: 1 voteHash: [74 160 239 48 185 232 229 115 80 18 192 118 253 73 220 132 33 205 224 78 117 31 154 146 174 153 216 241 109 127 10 27]
cmHR: H: 1 R: 0
INFO [10-28|14:18:30] --------------------------------------- 
INFO [10-28|14:18:30] addVote to                               height=1 round=0 from=0x7d577a597b2742b498cb5cf0c26cdcd726d39e6e success=true cm.coinbase=0x598443f1880ef585b21f1d7585bd0577402861e5
INFO [10-28|14:18:30] ------in handle VoteMsg, success!------ 
INFO [10-28|14:18:30] Handle BFT Msg,                          msg="msg #17 (107 bytes)"
INFO [10-28|14:18:30] ------Received VoteMsg------ 
voteHR: H: 1 R: 0 voteType:: 1 voteHash: [74 160 239 48 185 232 229 115 80 18 192 118 253 73 220 132 33 205 224 78 117 31 154 146 174 153 216 241 109 127 10 27]
cmHR: H: 1 R: 0
INFO [10-28|14:18:30] --------------------------------------- 
INFO [10-28|14:18:30] addVote to                               height=1 round=0 from=0xdceceaf3fc5c0a63d195d69b1a90011b7b19650d success=true cm.coinbase=0x598443f1880ef585b21f1d7585bd0577402861e5
INFO [10-28|14:18:30] ------in handle VoteMsg, success!------ 
INFO [10-28|14:18:30] Handle BFT Msg,                          msg="msg #17 (107 bytes)"
INFO [10-28|14:18:30] ------Received VoteMsg------ 
voteHR: H: 1 R: 0 voteType:: 1 voteHash: [74 160 239 48 185 232 229 115 80 18 192 118 253 73 220 132 33 205 224 78 117 31 154 146 174 153 216 241 109 127 10 27]
cmHR: H: 1 R: 0
INFO [10-28|14:18:30] --------------------------------------- 
INFO [10-28|14:18:30] case: default, cm.process 
ready: 4 need: 2.6666667
INFO [10-28|14:18:30] ---------------process------------------ 
INFO [10-28|14:18:30] In RM Process                            height=1 round=0
INFO [10-28|14:18:30] --------In rm.propose------- 
INFO [10-28|14:18:30] ---------------in rm.vote----------------- 
INFO [10-28|14:18:30] in vote in RM                            height=1 round=0
INFO [10-28|14:18:30] vote mp 
INFO [10-28|14:18:30] vote success in                          height=1 round=0
INFO [10-28|14:18:30] Send VoteMsg 
INFO [10-28|14:18:30] in rm.process, check lockset HasQuorum 
INFO [10-28|14:18:30] in HasQuorum 
INFO [10-28|14:18:30] In IsValid() 
len(lockset.Votes): 3 lockset.EligibleVotesNum: 4
INFO [10-28|14:18:30] in sortByBlockhash 
made bhs, bhs: map[[74 160 239 48 185 232 229 115 80 18 192 118 253 73 220 132 33 205 224 78 117 31 154 146 174 153 216 241 109 127 10 27]:3]
made hs, hs: [{[74 160 239 48 185 232 229 115 80 18 192 118 253 73 220 132 33 205 224 78 117 31 154 146 174 153 216 241 109 127 10 27] 3}]
sorted hs, hs: [{[74 160 239 48 185 232 229 115 80 18 192 118 253 73 220 132 33 205 224 78 117 31 154 146 174 153 216 241 109 127 10 27] 3}]
INFO [10-28|14:18:30] There is a quorum                        height=1 round=0
--- in rm.process p.id: --- Peer 6d11b37ef4fc909a [eth/63]
INFO [10-28|14:18:30] ============in cm.commitLockset============ 
INFO [10-28|14:18:30] in commitLockset, check ls HasQuorum 
INFO [10-28|14:18:30] in HasQuorum 
INFO [10-28|14:18:30] In IsValid() 
len(lockset.Votes): 3 lockset.EligibleVotesNum: 4
INFO [10-28|14:18:30] in sortByBlockhash 
made bhs, bhs: map[[74 160 239 48 185 232 229 115 80 18 192 118 253 73 220 132 33 205 224 78 117 31 154 146 174 153 216 241 109 127 10 27]:3]
made hs, hs: [{[74 160 239 48 185 232 229 115 80 18 192 118 253 73 220 132 33 205 224 78 117 31 154 146 174 153 216 241 109 127 10 27] 3}]
sorted hs, hs: [{[74 160 239 48 185 232 229 115 80 18 192 118 253 73 220 132 33 205 224 78 117 31 154 146 174 153 216 241 109 127 10 27] 3}]
INFO [10-28|14:18:30] cm.found is not nil 
INFO [10-28|14:18:30] store lockset 
peerid: 6d11b37ef4fc909a
INFO [10-28|14:18:30] ---storeLockset--- 
INFO [10-28|14:18:30] after cm.process() 
INFO [10-28|14:18:30] addVote to                               height=1 round=0 from=0x82a978b3f5962a5b0957d9ee9eef472ee55b42f1 success=true cm.coinbase=0x598443f1880ef585b21f1d7585bd0577402861e5
INFO [10-28|14:18:30] ------in handle VoteMsg, success!------ 
INFO [10-28|14:18:30] have a consensus on the block 
INFO [10-28|14:18:30] result.Header().Coinbase != b.signer 
result.Header().Coinbase: [125 87 122 89 123 39 66 180 152 203 92 240 194 108 220 215 38 211 158 110] b.signer: [89 132 67 241 136 14 245 133 178 31 29 117 133 189 5 119 64 40 97 229]
ConsensusTime, 108008786 , txs, 1598 , blockNum, 1
FinishedConsensus, 1540707510139203000
INFO [10-28|14:18:30] result is nil 
INFO [10-28|14:18:30] === Finished Mine() === 
cmH 1
INFO [10-28|14:18:30] in validatorCommit1 
pid: 6d11b37ef4fc909a
block number 1
-------in NewBFTValidatorBlock-------
INFO [10-28|14:18:30] in validatorCommit2 
validatorCommit time: 81.825µs
INFO [10-28|14:18:30] **in eth.handler**, get result from ch 
INFO [10-28|14:18:30] ***in BFT.VVVVerifyHeader*** 
INFO [10-28|14:18:30] ***in BFT.verifyHeader*** 
INFO [10-28|14:18:30] ***in BFT.verifySeal*** 
INFO [10-28|14:18:30] In verifyVotes 
INFO [10-28|14:18:30] in HasQuorum 
INFO [10-28|14:18:30] In IsValid() 
len(lockset.Votes): 3 lockset.EligibleVotesNum: 4
INFO [10-28|14:18:30] in sortByBlockhash 
made bhs, bhs: map[[74 160 239 48 185 232 229 115 80 18 192 118 253 73 220 132 33 205 224 78 117 31 154 146 174 153 216 241 109 127 10 27]:3]
made hs, hs: [{[74 160 239 48 185 232 229 115 80 18 192 118 253 73 220 132 33 205 224 78 117 31 154 146 174 153 216 241 109 127 10 27] 3}]
sorted hs, hs: [{[74 160 239 48 185 232 229 115 80 18 192 118 253 73 220 132 33 205 224 78 117 31 154 146 174 153 216 241 109 127 10 27] 3}]
INFO [10-28|14:18:30] ***in BFT.VerifyHeaderSSSS*** 
INFO [10-28|14:18:30] ***in BFT.verifyHeader*** 
INFO [10-28|14:18:30] ***in BFT.verifySeal*** 
INFO [10-28|14:18:30] In verifyVotes 
INFO [10-28|14:18:30] in HasQuorum 
INFO [10-28|14:18:30] In IsValid() 
len(lockset.Votes): 3 lockset.EligibleVotesNum: 4
INFO [10-28|14:18:30] in sortByBlockhash 
made bhs, bhs: map[[74 160 239 48 185 232 229 115 80 18 192 118 253 73 220 132 33 205 224 78 117 31 154 146 174 153 216 241 109 127 10 27]:3]
made hs, hs: [{[74 160 239 48 185 232 229 115 80 18 192 118 253 73 220 132 33 205 224 78 117 31 154 146 174 153 216 241 109 127 10 27] 3}]
sorted hs, hs: [{[74 160 239 48 185 232 229 115 80 18 192 118 253 73 220 132 33 205 224 78 117 31 154 146 174 153 216 241 109 127 10 27] 3}]
INFO [10-28|14:18:30] received NewBlockMsg! 
INFO [10-28|14:18:32] Imported new chain segment               blocks=1 txs=1598 mgas=33.558 elapsed=2.622s    mgasps=12.798 number=1 hash=4aa0ef…7f0a1b
FinishedPostExec, 1540707512761949000 , txs, 1598
PostExecTime, 2.622029339s
INFO [10-28|14:18:32] in pool.evenLoop, call pool.resetState 
INFO [10-28|14:18:36] Commit new mining work                   number=2 txs=1599 uncles=0 elapsed=3.350s
INFO [10-28|14:18:36] Sealing                                  block n=2
StartConsensus, 1540707516113379000
INFO [10-28|14:18:36] Start Process 
INFO [10-28|14:18:36] in cm.Process, check lastCommittingLockset() 
INFO [10-28|14:18:36] In IsValid() 
len(lockset.Votes): 4 lockset.EligibleVotesNum: 4
INFO [10-28|14:18:36] in HasQuorum 
INFO [10-28|14:18:36] In IsValid() 
len(lockset.Votes): 4 lockset.EligibleVotesNum: 4
INFO [10-28|14:18:36] in sortByBlockhash 
made bhs, bhs: map[[74 160 239 48 185 232 229 115 80 18 192 118 253 73 220 132 33 205 224 78 117 31 154 146 174 153 216 241 109 127 10 27]:4]
made hs, hs: [{[74 160 239 48 185 232 229 115 80 18 192 118 253 73 220 132 33 205 224 78 117 31 154 146 174 153 216 241 109 127 10 27] 4}]
sorted hs, hs: [{[74 160 239 48 185 232 229 115 80 18 192 118 253 73 220 132 33 205 224 78 117 31 154 146 174 153 216 241 109 127 10 27] 4}]
=====CM.COINBASE IS:===== [89 132 67 241 136 14 245 133 178 31 29 117 133 189 5 119 64 40 97 229] block number is: 2
INFO [10-28|14:18:36] case: default, cm.process 
ready: 4 need: 2.6666667
INFO [10-28|14:18:36] ---------------process------------------ 
INFO [10-28|14:18:36] In RM Process                            height=2 round=0
INFO [10-28|14:18:36] --------In rm.propose------- 
INFO [10-28|14:18:36] ---------------in rm.vote----------------- 
INFO [10-28|14:18:36] in vote in RM                            height=2 round=0
INFO [10-28|14:18:36] Timeout time not reach, curr vs timeout: curr=1540707516.000 timeout=1540707521.000
INFO [10-28|14:18:36] in rm.process, check lockset HasQuorum 
INFO [10-28|14:18:36] in HasQuorum 
INFO [10-28|14:18:36] In IsValid() 
len(lockset.Votes): 0 lockset.EligibleVotesNum: 4
INFO [10-28|14:18:36] rm lockset is not valid yet 
INFO [10-28|14:18:36] after cm.process() 
INFO [10-28|14:18:36] case: default, cm.process 
ready: 4 need: 2.6666667
INFO [10-28|14:18:36] ---------------process------------------ 
INFO [10-28|14:18:36] In RM Process                            height=2 round=0
INFO [10-28|14:18:36] --------In rm.propose------- 
INFO [10-28|14:18:36] ---------------in rm.vote----------------- 
INFO [10-28|14:18:36] in vote in RM                            height=2 round=0
INFO [10-28|14:18:36] Timeout time not reach, curr vs timeout: curr=1540707516.000 timeout=1540707521.000
INFO [10-28|14:18:36] in rm.process, check lockset HasQuorum 
INFO [10-28|14:18:36] in HasQuorum 
INFO [10-28|14:18:36] In IsValid() 
len(lockset.Votes): 0 lockset.EligibleVotesNum: 4
INFO [10-28|14:18:36] rm lockset is not valid yet 
INFO [10-28|14:18:36] after cm.process() 
INFO [10-28|14:18:36] case: default, cm.process 
ready: 4 need: 2.6666667
INFO [10-28|14:18:36] ---------------process------------------ 
INFO [10-28|14:18:36] In RM Process                            height=2 round=0
INFO [10-28|14:18:36] --------In rm.propose------- 
INFO [10-28|14:18:36] ---------------in rm.vote----------------- 
INFO [10-28|14:18:36] in vote in RM                            height=2 round=0
INFO [10-28|14:18:36] Timeout time not reach, curr vs timeout: curr=1540707516.000 timeout=1540707521.000
INFO [10-28|14:18:36] in rm.process, check lockset HasQuorum 
INFO [10-28|14:18:36] in HasQuorum 
INFO [10-28|14:18:36] In IsValid() 
len(lockset.Votes): 0 lockset.EligibleVotesNum: 4
INFO [10-28|14:18:36] rm lockset is not valid yet 
INFO [10-28|14:18:36] after cm.process() 
INFO [10-28|14:18:36] case: default, cm.process 
ready: 4 need: 2.6666667
INFO [10-28|14:18:36] ---------------process------------------ 
INFO [10-28|14:18:36] In RM Process                            height=2 round=0
INFO [10-28|14:18:36] --------In rm.propose------- 
INFO [10-28|14:18:36] ---------------in rm.vote----------------- 
INFO [10-28|14:18:36] in vote in RM                            height=2 round=0
INFO [10-28|14:18:36] Timeout time not reach, curr vs timeout: curr=1540707516.000 timeout=1540707521.000
INFO [10-28|14:18:36] in rm.process, check lockset HasQuorum 
INFO [10-28|14:18:36] in HasQuorum 
INFO [10-28|14:18:36] In IsValid() 
len(lockset.Votes): 0 lockset.EligibleVotesNum: 4
INFO [10-28|14:18:36] rm lockset is not valid yet 
INFO [10-28|14:18:36] after cm.process() 
INFO [10-28|14:18:36] case: default, cm.process 
ready: 4 need: 2.6666667
INFO [10-28|14:18:36] ---------------process------------------ 
INFO [10-28|14:18:36] In RM Process                            height=2 round=0
INFO [10-28|14:18:36] --------In rm.propose------- 
INFO [10-28|14:18:36] ---------------in rm.vote----------------- 
INFO [10-28|14:18:36] in vote in RM                            height=2 round=0
INFO [10-28|14:18:36] Timeout time not reach, curr vs timeout: curr=1540707516.000 timeout=1540707521.000
INFO [10-28|14:18:36] in rm.process, check lockset HasQuorum 
INFO [10-28|14:18:36] in HasQuorum 
INFO [10-28|14:18:36] In IsValid() 
len(lockset.Votes): 0 lockset.EligibleVotesNum: 4
INFO [10-28|14:18:36] rm lockset is not valid yet 
INFO [10-28|14:18:36] after cm.process() 
INFO [10-28|14:18:36] case: default, cm.process 
ready: 4 need: 2.6666667
INFO [10-28|14:18:36] ---------------process------------------ 
INFO [10-28|14:18:36] In RM Process                            height=2 round=0
INFO [10-28|14:18:36] --------In rm.propose------- 
INFO [10-28|14:18:36] ---------------in rm.vote----------------- 
INFO [10-28|14:18:36] in vote in RM                            height=2 round=0
INFO [10-28|14:18:36] Timeout time not reach, curr vs timeout: curr=1540707516.000 timeout=1540707521.000
INFO [10-28|14:18:36] in rm.process, check lockset HasQuorum 
INFO [10-28|14:18:36] in HasQuorum 
INFO [10-28|14:18:36] In IsValid() 
len(lockset.Votes): 0 lockset.EligibleVotesNum: 4
INFO [10-28|14:18:36] rm lockset is not valid yet 
INFO [10-28|14:18:36] after cm.process() 
INFO [10-28|14:18:36] Handle BFT Msg,                          msg="msg #11 (173334 bytes)"
INFO [10-28|14:18:36] -------Received NewBlockProposalMsg------- 
bpHR: H: 2 R: 0
cmHR: H: 2 R: 0
INFO [10-28|14:18:36] --------------------------------------- 
# collMsig from = Peer 94dd98401cf6ca04 [eth/63]
cmHR: H: 2 R: 0
this is rm.proposerPeer  Peer 94dd98401cf6ca04 [eth/63]
INFO [10-28|14:18:36] In IsValid() 
len(lockset.Votes): 0 lockset.EligibleVotesNum: 0
INFO [10-28|14:18:36] cm add BlockProposal                     h=2 r=0
INFO [10-28|14:18:36] in HasQuorum 
INFO [10-28|14:18:36] In IsValid() 
len(lockset.Votes): 4 lockset.EligibleVotesNum: 4
INFO [10-28|14:18:36] in sortByBlockhash 
made bhs, bhs: map[[74 160 239 48 185 232 229 115 80 18 192 118 253 73 220 132 33 205 224 78 117 31 154 146 174 153 216 241 109 127 10 27]:4]
made hs, hs: [{[74 160 239 48 185 232 229 115 80 18 192 118 253 73 220 132 33 205 224 78 117 31 154 146 174 153 216 241 109 127 10 27] 4}]
sorted hs, hs: [{[74 160 239 48 185 232 229 115 80 18 192 118 253 73 220 132 33 205 224 78 117 31 154 146 174 153 216 241 109 127 10 27] 4}]
INFO [10-28|14:18:36] in collectMsig, i am wintness 
Msig=  @cm.privkey = &{{0xc4201712f0 98529503457162414063756842042532842583271330470440609133022296248300562298134 77120109118723642384515780513570766436090431500175179719422034843054546184862} 19224855404247632006917173431419498680506051063941070371722880450128577361118} ##cm.coinbase= [89 132 67 241 136 14 245 133 178 31 29 117 133 189 5 119 64 40 97 229]
in collect Misg from Peer 94dd98401cf6ca04 [eth/63]
INFO [10-28|14:18:36] Return MsigProposalMsg to                LOG15_ERROR= LOG15_ERROR="Normalized odd number of arguments by adding nil"
INFO [10-28|14:18:36] Send MsigProposalMsg 
INFO [10-28|14:18:36] In addBlockCandidates!! 
INFO [10-28|14:18:36] -------in handle NewBlockProposalMsg, success!------- 
INFO [10-28|14:18:36] case: default, cm.process 
ready: 4 need: 2.6666667
INFO [10-28|14:18:36] ---------------process------------------ 
INFO [10-28|14:18:36] In RM Process                            height=2 round=0
INFO [10-28|14:18:36] --------In rm.propose------- 
INFO [10-28|14:18:36] ---------------in rm.vote----------------- 
INFO [10-28|14:18:36] in vote in RM                            height=2 round=0
INFO [10-28|14:18:36] vote mp 
INFO [10-28|14:18:36] vote success in                          height=2 round=0
INFO [10-28|14:18:36] Send VoteMsg 
INFO [10-28|14:18:36] in rm.process, check lockset HasQuorum 
INFO [10-28|14:18:36] in HasQuorum 
INFO [10-28|14:18:36] In IsValid() 
len(lockset.Votes): 1 lockset.EligibleVotesNum: 4
INFO [10-28|14:18:36] rm lockset is not valid yet 
INFO [10-28|14:18:36] after cm.process() 
INFO [10-28|14:18:36] Handle BFT Msg,                          msg="msg #17 (107 bytes)"
INFO [10-28|14:18:36] ------Received VoteMsg------ 
voteHR: H: 2 R: 0 voteType:: 1 voteHash: [3 72 12 43 183 10 130 250 32 249 29 247 227 171 138 64 208 75 106 182 13 52 209 205 48 19 42 29 54 240 181 172]
cmHR: H: 2 R: 0
INFO [10-28|14:18:36] --------------------------------------- 
INFO [10-28|14:18:36] addVote to                               height=2 round=0 from=0xdceceaf3fc5c0a63d195d69b1a90011b7b19650d success=true cm.coinbase=0x598443f1880ef585b21f1d7585bd0577402861e5
INFO [10-28|14:18:36] ------in handle VoteMsg, success!------ 
INFO [10-28|14:18:36] Handle BFT Msg,                          msg="msg #17 (107 bytes)"
INFO [10-28|14:18:36] ------Received VoteMsg------ 
voteHR: H: 2 R: 0 voteType:: 1 voteHash: [3 72 12 43 183 10 130 250 32 249 29 247 227 171 138 64 208 75 106 182 13 52 209 205 48 19 42 29 54 240 181 172]
cmHR: H: 2 R: 0
INFO [10-28|14:18:36] --------------------------------------- 
INFO [10-28|14:18:36] addVote to                               height=2 round=0 from=0x82a978b3f5962a5b0957d9ee9eef472ee55b42f1 success=true cm.coinbase=0x598443f1880ef585b21f1d7585bd0577402861e5
INFO [10-28|14:18:36] ------in handle VoteMsg, success!------ 
INFO [10-28|14:18:36] received NewBlockMsg! 
INFO [10-28|14:18:36] case: default, cm.process 
ready: 4 need: 2.6666667
INFO [10-28|14:18:36] ---------------process------------------ 
INFO [10-28|14:18:36] In RM Process                            height=2 round=0
INFO [10-28|14:18:36] --------In rm.propose------- 
INFO [10-28|14:18:36] ---------------in rm.vote----------------- 
INFO [10-28|14:18:36] voted 
INFO [10-28|14:18:36] in rm.process, check lockset HasQuorum 
INFO [10-28|14:18:36] in HasQuorum 
INFO [10-28|14:18:36] In IsValid() 
len(lockset.Votes): 3 lockset.EligibleVotesNum: 4
INFO [10-28|14:18:36] in sortByBlockhash 
made bhs, bhs: map[[3 72 12 43 183 10 130 250 32 249 29 247 227 171 138 64 208 75 106 182 13 52 209 205 48 19 42 29 54 240 181 172]:3]
made hs, hs: [{[3 72 12 43 183 10 130 250 32 249 29 247 227 171 138 64 208 75 106 182 13 52 209 205 48 19 42 29 54 240 181 172] 3}]
sorted hs, hs: [{[3 72 12 43 183 10 130 250 32 249 29 247 227 171 138 64 208 75 106 182 13 52 209 205 48 19 42 29 54 240 181 172] 3}]
INFO [10-28|14:18:36] There is a quorum                        height=2 round=0
--- in rm.process p.id: --- Peer 94dd98401cf6ca04 [eth/63]
INFO [10-28|14:18:36] ============in cm.commitLockset============ 
INFO [10-28|14:18:36] in commitLockset, check ls HasQuorum 
INFO [10-28|14:18:36] in HasQuorum 
INFO [10-28|14:18:36] In IsValid() 
len(lockset.Votes): 3 lockset.EligibleVotesNum: 4
INFO [10-28|14:18:36] in sortByBlockhash 
made bhs, bhs: map[[3 72 12 43 183 10 130 250 32 249 29 247 227 171 138 64 208 75 106 182 13 52 209 205 48 19 42 29 54 240 181 172]:3]
made hs, hs: [{[3 72 12 43 183 10 130 250 32 249 29 247 227 171 138 64 208 75 106 182 13 52 209 205 48 19 42 29 54 240 181 172] 3}]
sorted hs, hs: [{[3 72 12 43 183 10 130 250 32 249 29 247 227 171 138 64 208 75 106 182 13 52 209 205 48 19 42 29 54 240 181 172] 3}]
INFO [10-28|14:18:36] cm.found is not nil 
INFO [10-28|14:18:36] store lockset 
peerid: 94dd98401cf6ca04
INFO [10-28|14:18:36] ---storeLockset--- 
INFO [10-28|14:18:36] after cm.process() 
cmH 2
INFO [10-28|14:18:36] in validatorCommit1 
pid: 94dd98401cf6ca04
block number 2
-------in NewBFTValidatorBlock-------
INFO [10-28|14:18:36] in validatorCommit2 
validatorCommit time: 92.738µs
INFO [10-28|14:18:36] **in eth.handler**, get result from ch 
INFO [10-28|14:18:36] have a consensus on the block 
INFO [10-28|14:18:36] result.Header().Coinbase != b.signer 
result.Header().Coinbase: [220 236 234 243 252 92 10 99 209 149 214 155 26 144 1 27 123 25 101 13] b.signer: [89 132 67 241 136 14 245 133 178 31 29 117 133 189 5 119 64 40 97 229]
ConsensusTime, 730149502 , txs, 1599 , blockNum, 2
FinishedConsensus, 1540707516843548000
INFO [10-28|14:18:36] result is nil 
INFO [10-28|14:18:36] === Finished Mine() === 
INFO [10-28|14:18:36] ***in BFT.VVVVerifyHeader*** 
INFO [10-28|14:18:36] ***in BFT.verifyHeader*** 
INFO [10-28|14:18:36] ***in BFT.verifySeal*** 
INFO [10-28|14:18:36] In verifyVotes 
INFO [10-28|14:18:36] in HasQuorum 
INFO [10-28|14:18:36] In IsValid() 
len(lockset.Votes): 3 lockset.EligibleVotesNum: 4
INFO [10-28|14:18:36] in sortByBlockhash 
made bhs, bhs: map[[3 72 12 43 183 10 130 250 32 249 29 247 227 171 138 64 208 75 106 182 13 52 209 205 48 19 42 29 54 240 181 172]:3]
made hs, hs: [{[3 72 12 43 183 10 130 250 32 249 29 247 227 171 138 64 208 75 106 182 13 52 209 205 48 19 42 29 54 240 181 172] 3}]
sorted hs, hs: [{[3 72 12 43 183 10 130 250 32 249 29 247 227 171 138 64 208 75 106 182 13 52 209 205 48 19 42 29 54 240 181 172] 3}]
INFO [10-28|14:18:36] ***in BFT.VerifyHeaderSSSS*** 
INFO [10-28|14:18:36] ***in BFT.verifyHeader*** 
INFO [10-28|14:18:36] ***in BFT.verifySeal*** 
INFO [10-28|14:18:36] In verifyVotes 
INFO [10-28|14:18:36] in HasQuorum 
INFO [10-28|14:18:36] In IsValid() 
len(lockset.Votes): 3 lockset.EligibleVotesNum: 4
INFO [10-28|14:18:36] in sortByBlockhash 
made bhs, bhs: map[[3 72 12 43 183 10 130 250 32 249 29 247 227 171 138 64 208 75 106 182 13 52 209 205 48 19 42 29 54 240 181 172]:3]
made hs, hs: [{[3 72 12 43 183 10 130 250 32 249 29 247 227 171 138 64 208 75 106 182 13 52 209 205 48 19 42 29 54 240 181 172] 3}]
sorted hs, hs: [{[3 72 12 43 183 10 130 250 32 249 29 247 227 171 138 64 208 75 106 182 13 52 209 205 48 19 42 29 54 240 181 172] 3}]
INFO [10-28|14:18:36] Handle BFT Msg,                          msg="msg #17 (107 bytes)"
INFO [10-28|14:18:36] ------Received VoteMsg------ 
voteHR: H: 2 R: 0 voteType:: 1 voteHash: [3 72 12 43 183 10 130 250 32 249 29 247 227 171 138 64 208 75 106 182 13 52 209 205 48 19 42 29 54 240 181 172]
cmHR: H: 2 R: 0
INFO [10-28|14:18:36] --------------------------------------- 
INFO [10-28|14:18:36] addVote to                               height=2 round=0 from=0x7d577a597b2742b498cb5cf0c26cdcd726d39e6e success=true cm.coinbase=0x598443f1880ef585b21f1d7585bd0577402861e5
INFO [10-28|14:18:36] ------in handle VoteMsg, success!------ 
INFO [10-28|14:18:36] received NewBlockMsg! 
INFO [10-28|14:18:37] received NewBlockMsg! 
INFO [10-28|14:18:39] Imported new chain segment               blocks=1 txs=1599 mgas=33.579 elapsed=2.501s    mgasps=13.423 number=2 hash=03480c…f0b5ac
FinishedPostExec, 1540707519345931000 , txs, 1599
PostExecTime, 2.501581251s
INFO [10-28|14:18:39] in pool.evenLoop, call pool.resetState 
INFO [10-28|14:18:41] Commit new mining work                   number=3 txs=1599 uncles=0 elapsed=1.808s
INFO [10-28|14:18:41] Sealing                                  block n=3
StartConsensus, 1540707521154762000
INFO [10-28|14:18:41] Start Process 
INFO [10-28|14:18:41] in cm.Process, check lastCommittingLockset() 
INFO [10-28|14:18:41] In IsValid() 
len(lockset.Votes): 4 lockset.EligibleVotesNum: 4
INFO [10-28|14:18:41] in HasQuorum 
INFO [10-28|14:18:41] In IsValid() 
len(lockset.Votes): 4 lockset.EligibleVotesNum: 4
INFO [10-28|14:18:41] in sortByBlockhash 
made bhs, bhs: map[[3 72 12 43 183 10 130 250 32 249 29 247 227 171 138 64 208 75 106 182 13 52 209 205 48 19 42 29 54 240 181 172]:4]
made hs, hs: [{[3 72 12 43 183 10 130 250 32 249 29 247 227 171 138 64 208 75 106 182 13 52 209 205 48 19 42 29 54 240 181 172] 4}]
sorted hs, hs: [{[3 72 12 43 183 10 130 250 32 249 29 247 227 171 138 64 208 75 106 182 13 52 209 205 48 19 42 29 54 240 181 172] 4}]
=====CM.COINBASE IS:===== [89 132 67 241 136 14 245 133 178 31 29 117 133 189 5 119 64 40 97 229] block number is: 3
INFO [10-28|14:18:41] case: default, cm.process 
ready: 4 need: 2.6666667
INFO [10-28|14:18:41] ---------------process------------------ 
INFO [10-28|14:18:41] In RM Process                            height=3 round=0
INFO [10-28|14:18:41] --------In rm.propose------- 
INFO [10-28|14:18:41] I am a proposer in                       height=3 round=0
INFO [10-28|14:18:41] in propose, check lastRoundLockset 
lastRoundLockset, hm.activeround: 0
INFO [10-28|14:18:41] ------in mkProposal------ 
INFO [10-28|14:18:41] In IsValid() 
len(lockset.Votes): 4 lockset.EligibleVotesNum: 4
INFO [10-28|14:18:41] in HasQuorum 
INFO [10-28|14:18:41] In IsValid() 
len(lockset.Votes): 4 lockset.EligibleVotesNum: 4
INFO [10-28|14:18:41] in sortByBlockhash 
made bhs, bhs: map[[3 72 12 43 183 10 130 250 32 249 29 247 227 171 138 64 208 75 106 182 13 52 209 205 48 19 42 29 54 240 181 172]:4]
made hs, hs: [{[3 72 12 43 183 10 130 250 32 249 29 247 227 171 138 64 208 75 106 182 13 52 209 205 48 19 42 29 54 240 181 172] 4}]
sorted hs, hs: [{[3 72 12 43 183 10 130 250 32 249 29 247 227 171 138 64 208 75 106 182 13 52 209 205 48 19 42 29 54 240 181 172] 4}]
INFO [10-28|14:18:41] LockSet(R-1) is nil (rm.round should equal to zero) 
INFO [10-28|14:18:41] in HasQuorum 
INFO [10-28|14:18:41] In IsValid() 
len(lockset.Votes): 4 lockset.EligibleVotesNum: 4
INFO [10-28|14:18:41] in sortByBlockhash 
made bhs, bhs: map[[3 72 12 43 183 10 130 250 32 249 29 247 227 171 138 64 208 75 106 182 13 52 209 205 48 19 42 29 54 240 181 172]:4]
made hs, hs: [{[3 72 12 43 183 10 130 250 32 249 29 247 227 171 138 64 208 75 106 182 13 52 209 205 48 19 42 29 54 240 181 172] 4}]
sorted hs, hs: [{[3 72 12 43 183 10 130 250 32 249 29 247 227 171 138 64 208 75 106 182 13 52 209 205 48 19 42 29 54 240 181 172] 4}]
INFO [10-28|14:18:41] in HasQuorum 
INFO [10-28|14:18:41] In IsValid() 
len(lockset.Votes): 4 lockset.EligibleVotesNum: 4
INFO [10-28|14:18:41] in sortByBlockhash 
made bhs, bhs: map[[3 72 12 43 183 10 130 250 32 249 29 247 227 171 138 64 208 75 106 182 13 52 209 205 48 19 42 29 54 240 181 172]:4]
made hs, hs: [{[3 72 12 43 183 10 130 250 32 249 29 247 227 171 138 64 208 75 106 182 13 52 209 205 48 19 42 29 54 240 181 172] 4}]
sorted hs, hs: [{[3 72 12 43 183 10 130 250 32 249 29 247 227 171 138 64 208 75 106 182 13 52 209 205 48 19 42 29 54 240 181 172] 4}]
INFO [10-28|14:18:41] in newbp, 11 
INFO [10-28|14:18:41] in newbp, 12 
Create block blockhash :  [49 210 71 126 97 193 179 157 177 7 16 235 123 115 186 68 236 104 72 88 17 15 112 247 178 18 92 215 228 7 245 143]
INFO [10-28|14:18:41] In addBlockCandidates!! 
INFO [10-28|14:18:41] Send NewBlockProposalMsg:                LOG15_ERROR=                                                   LOG15_ERROR="Normalized odd number of arguments by adding nil"
INFO [10-28|14:18:41] ---------------in rm.vote----------------- 
INFO [10-28|14:18:41] in vote in RM                            height=3 round=0
INFO [10-28|14:18:41] Timeout time not reach, curr vs timeout: curr=1540707521.000 timeout=1540707526.000
INFO [10-28|14:18:41] in rm.process, check lockset HasQuorum 
INFO [10-28|14:18:41] in HasQuorum 
INFO [10-28|14:18:41] In IsValid() 
len(lockset.Votes): 0 lockset.EligibleVotesNum: 4
INFO [10-28|14:18:41] rm lockset is not valid yet 
INFO [10-28|14:18:41] after cm.process() 
INFO [10-28|14:18:41] Handle BFT Msg,                          msg="msg #18 (544 bytes)"
INFO [10-28|14:18:41] ------Received MsigProposalMsg------ 
I received msp from  Peer d67104e65b61fca1 [eth/63]
mpHR: H: 3 R: 0 hash: [49 210 71 126 97 193 179 157 177 7 16 235 123 115 186 68 236 104 72 88 17 15 112 247 178 18 92 215 228 7 245 143]
cmHR: H: 3 R: 0
INFO [10-28|14:18:41] --------------------------------------- 
mp= &{<nil> 27 17382903764625068123515086765626854502610748300001841802195273240211480222007 31293107001570733389661052442237067656924866361364011496942777598752716053378 map[] map[] map[] 3 0 [49 210 71 126 97 193 179 157 177 7 16 235 123 115 186 68 236 104 72 88 17 15 112 247 178 18 92 215 228 7 245 143] 0xc4263ce3c0 0xc4263ce410}
H====:  3 P==== 0
@rm.proposerPeer = <nil>
INFO [10-28|14:18:41] in MsigFinished 
INFO [10-28|14:18:41] ------addmsigproposal success!------- 
mp= &{0xc427868500 27 17382903764625068123515086765626854502610748300001841802195273240211480222007 31293107001570733389661052442237067656924866361364011496942777598752716053378 map[] map[] map[] 3 0 [49 210 71 126 97 193 179 157 177 7 16 235 123 115 186 68 236 104 72 88 17 15 112 247 178 18 92 215 228 7 245 143] 0xc4263ce3c0 0xc4263ce410}
INFO [10-28|14:18:41] Handle BFT Msg,                          msg="msg #17 (107 bytes)"
INFO [10-28|14:18:41] ------Received VoteMsg------ 
voteHR: H: 3 R: 0 voteType:: 1 voteHash: [49 210 71 126 97 193 179 157 177 7 16 235 123 115 186 68 236 104 72 88 17 15 112 247 178 18 92 215 228 7 245 143]
cmHR: H: 3 R: 0
INFO [10-28|14:18:41] --------------------------------------- 
INFO [10-28|14:18:41] addVote to                               height=3 round=0 from=0x82a978b3f5962a5b0957d9ee9eef472ee55b42f1 success=true cm.coinbase=0x598443f1880ef585b21f1d7585bd0577402861e5
INFO [10-28|14:18:41] ------in handle VoteMsg, success!------ 
INFO [10-28|14:18:41] Handle BFT Msg,                          msg="msg #17 (107 bytes)"
INFO [10-28|14:18:41] ------Received VoteMsg------ 
voteHR: H: 3 R: 0 voteType:: 1 voteHash: [49 210 71 126 97 193 179 157 177 7 16 235 123 115 186 68 236 104 72 88 17 15 112 247 178 18 92 215 228 7 245 143]
cmHR: H: 3 R: 0
INFO [10-28|14:18:41] --------------------------------------- 
INFO [10-28|14:18:41] addVote to                               height=3 round=0 from=0xdceceaf3fc5c0a63d195d69b1a90011b7b19650d success=true cm.coinbase=0x598443f1880ef585b21f1d7585bd0577402861e5
INFO [10-28|14:18:41] Handle BFT Msg,                          msg="msg #17 (107 bytes)"
INFO [10-28|14:18:41] ------Received VoteMsg------ 
voteHR: H: 3 R: 0 voteType:: 1 voteHash: [49 210 71 126 97 193 179 157 177 7 16 235 123 115 186 68 236 104 72 88 17 15 112 247 178 18 92 215 228 7 245 143]
cmHR: H: 3 R: 0
INFO [10-28|14:18:41] ------in handle VoteMsg, success!------ 
INFO [10-28|14:18:41] --------------------------------------- 
INFO [10-28|14:18:41] addVote to                               height=3 round=0 from=0x7d577a597b2742b498cb5cf0c26cdcd726d39e6e success=true cm.coinbase=0x598443f1880ef585b21f1d7585bd0577402861e5
INFO [10-28|14:18:41] ------in handle VoteMsg, success!------ 
INFO [10-28|14:18:41] case: default, cm.process 
ready: 4 need: 2.6666667
INFO [10-28|14:18:41] ---------------process------------------ 
INFO [10-28|14:18:41] In RM Process                            height=3 round=0
INFO [10-28|14:18:41] --------In rm.propose------- 
INFO [10-28|14:18:41] I am a proposer in                       height=3 round=0
INFO [10-28|14:18:41] ---------------in rm.vote----------------- 
INFO [10-28|14:18:41] in vote in RM                            height=3 round=0
INFO [10-28|14:18:41] vote mp 
INFO [10-28|14:18:41] vote success in                          height=3 round=0
INFO [10-28|14:18:41] Send VoteMsg 
INFO [10-28|14:18:41] in rm.process, check lockset HasQuorum 
INFO [10-28|14:18:41] in HasQuorum 
INFO [10-28|14:18:41] In IsValid() 
len(lockset.Votes): 4 lockset.EligibleVotesNum: 4
INFO [10-28|14:18:41] in sortByBlockhash 
made bhs, bhs: map[[49 210 71 126 97 193 179 157 177 7 16 235 123 115 186 68 236 104 72 88 17 15 112 247 178 18 92 215 228 7 245 143]:4]
made hs, hs: [{[49 210 71 126 97 193 179 157 177 7 16 235 123 115 186 68 236 104 72 88 17 15 112 247 178 18 92 215 228 7 245 143] 4}]
sorted hs, hs: [{[49 210 71 126 97 193 179 157 177 7 16 235 123 115 186 68 236 104 72 88 17 15 112 247 178 18 92 215 228 7 245 143] 4}]
INFO [10-28|14:18:41] There is a quorum                        height=3 round=0
INFO [10-28|14:18:41] ============in cm.commitLockset============ 
INFO [10-28|14:18:41] in commitLockset, check ls HasQuorum 
INFO [10-28|14:18:41] in HasQuorum 
INFO [10-28|14:18:41] In IsValid() 
len(lockset.Votes): 4 lockset.EligibleVotesNum: 4
INFO [10-28|14:18:41] in sortByBlockhash 
made bhs, bhs: map[[49 210 71 126 97 193 179 157 177 7 16 235 123 115 186 68 236 104 72 88 17 15 112 247 178 18 92 215 228 7 245 143]:4]
made hs, hs: [{[49 210 71 126 97 193 179 157 177 7 16 235 123 115 186 68 236 104 72 88 17 15 112 247 178 18 92 215 228 7 245 143] 4}]
sorted hs, hs: [{[49 210 71 126 97 193 179 157 177 7 16 235 123 115 186 68 236 104 72 88 17 15 112 247 178 18 92 215 228 7 245 143] 4}]
INFO [10-28|14:18:41] cm.found is not nil 
INFO [10-28|14:18:41] store lockset 
INFO [10-28|14:18:41] ---storeLockset--- 
INFO [10-28|14:18:41] have a consensus on the block 
ConsensusTime, 144948450 , txs, 1599 , blockNum, 3
INFO [10-28|14:18:41] after cm.process() 
FinishedConsensus, 1540707521299726000
INFO [10-28|14:18:41] Successfully sealed new block            number=3 hash=31d247…07f58f
INFO [10-28|14:18:41] === Finished Mine() === 
INFO [10-28|14:18:41] 🔨 mined potential block                  number=3 hash=31d247…07f58f
INFO [10-28|14:18:41] in pool.evenLoop, call pool.resetState 
INFO [10-28|14:18:43] Commit new mining work                   number=4 txs=1600 uncles=0 elapsed=2.081s
INFO [10-28|14:18:43] Sealing                                  block n=4
StartConsensus, 1540707523407385000
INFO [10-28|14:18:43] Start Process 
INFO [10-28|14:18:43] in cm.Process, check lastCommittingLockset() 
INFO [10-28|14:18:43] In IsValid() 
len(lockset.Votes): 4 lockset.EligibleVotesNum: 4
INFO [10-28|14:18:43] in HasQuorum 
INFO [10-28|14:18:43] In IsValid() 
len(lockset.Votes): 4 lockset.EligibleVotesNum: 4
INFO [10-28|14:18:43] in sortByBlockhash 
made bhs, bhs: map[[49 210 71 126 97 193 179 157 177 7 16 235 123 115 186 68 236 104 72 88 17 15 112 247 178 18 92 215 228 7 245 143]:4]
made hs, hs: [{[49 210 71 126 97 193 179 157 177 7 16 235 123 115 186 68 236 104 72 88 17 15 112 247 178 18 92 215 228 7 245 143] 4}]
sorted hs, hs: [{[49 210 71 126 97 193 179 157 177 7 16 235 123 115 186 68 236 104 72 88 17 15 112 247 178 18 92 215 228 7 245 143] 4}]
=====CM.COINBASE IS:===== [89 132 67 241 136 14 245 133 178 31 29 117 133 189 5 119 64 40 97 229] block number is: 4
INFO [10-28|14:18:43] case: default, cm.process 
ready: 4 need: 2.6666667
INFO [10-28|14:18:43] ---------------process------------------ 
INFO [10-28|14:18:43] In RM Process                            height=4 round=0
INFO [10-28|14:18:43] --------In rm.propose------- 
INFO [10-28|14:18:43] ---------------in rm.vote----------------- 
INFO [10-28|14:18:43] in vote in RM                            height=4 round=0
INFO [10-28|14:18:43] Timeout time not reach, curr vs timeout: curr=1540707523.000 timeout=1540707528.000
INFO [10-28|14:18:43] in rm.process, check lockset HasQuorum 
INFO [10-28|14:18:43] in HasQuorum 
INFO [10-28|14:18:43] In IsValid() 
len(lockset.Votes): 0 lockset.EligibleVotesNum: 4
INFO [10-28|14:18:43] rm lockset is not valid yet 
INFO [10-28|14:18:43] after cm.process() 
INFO [10-28|14:18:43] case: default, cm.process 
ready: 4 need: 2.6666667
INFO [10-28|14:18:43] ---------------process------------------ 
INFO [10-28|14:18:43] In RM Process                            height=4 round=0
INFO [10-28|14:18:43] --------In rm.propose------- 
INFO [10-28|14:18:43] ---------------in rm.vote----------------- 
INFO [10-28|14:18:43] in vote in RM                            height=4 round=0
INFO [10-28|14:18:43] Timeout time not reach, curr vs timeout: curr=1540707523.000 timeout=1540707528.000
INFO [10-28|14:18:43] in rm.process, check lockset HasQuorum 
INFO [10-28|14:18:43] in HasQuorum 
INFO [10-28|14:18:43] In IsValid() 
len(lockset.Votes): 0 lockset.EligibleVotesNum: 4
INFO [10-28|14:18:43] rm lockset is not valid yet 
INFO [10-28|14:18:43] after cm.process() 
INFO [10-28|14:18:43] case: default, cm.process 
ready: 4 need: 2.6666667
INFO [10-28|14:18:43] ---------------process------------------ 
INFO [10-28|14:18:43] In RM Process                            height=4 round=0
INFO [10-28|14:18:43] --------In rm.propose------- 
INFO [10-28|14:18:43] ---------------in rm.vote----------------- 
INFO [10-28|14:18:43] in vote in RM                            height=4 round=0
INFO [10-28|14:18:43] Timeout time not reach, curr vs timeout: curr=1540707523.000 timeout=1540707528.000
INFO [10-28|14:18:43] in rm.process, check lockset HasQuorum 
INFO [10-28|14:18:43] in HasQuorum 
INFO [10-28|14:18:43] In IsValid() 
len(lockset.Votes): 0 lockset.EligibleVotesNum: 4
INFO [10-28|14:18:43] rm lockset is not valid yet 
INFO [10-28|14:18:43] after cm.process() 
INFO [10-28|14:18:43] case: default, cm.process 
ready: 4 need: 2.6666667
INFO [10-28|14:18:43] ---------------process------------------ 
INFO [10-28|14:18:43] In RM Process                            height=4 round=0
INFO [10-28|14:18:43] --------In rm.propose------- 
INFO [10-28|14:18:43] ---------------in rm.vote----------------- 
INFO [10-28|14:18:43] in vote in RM                            height=4 round=0
INFO [10-28|14:18:43] Timeout time not reach, curr vs timeout: curr=1540707523.000 timeout=1540707528.000
INFO [10-28|14:18:43] in rm.process, check lockset HasQuorum 
INFO [10-28|14:18:43] in HasQuorum 
INFO [10-28|14:18:43] In IsValid() 
len(lockset.Votes): 0 lockset.EligibleVotesNum: 4
INFO [10-28|14:18:43] rm lockset is not valid yet 
INFO [10-28|14:18:43] after cm.process() 
INFO [10-28|14:18:43] case: default, cm.process 
ready: 4 need: 2.6666667
INFO [10-28|14:18:43] ---------------process------------------ 
INFO [10-28|14:18:43] In RM Process                            height=4 round=0
INFO [10-28|14:18:43] --------In rm.propose------- 
INFO [10-28|14:18:43] ---------------in rm.vote----------------- 
INFO [10-28|14:18:43] in vote in RM                            height=4 round=0
INFO [10-28|14:18:43] Timeout time not reach, curr vs timeout: curr=1540707523.000 timeout=1540707528.000
INFO [10-28|14:18:43] in rm.process, check lockset HasQuorum 
INFO [10-28|14:18:43] in HasQuorum 
INFO [10-28|14:18:43] In IsValid() 
len(lockset.Votes): 0 lockset.EligibleVotesNum: 4
INFO [10-28|14:18:43] rm lockset is not valid yet 
INFO [10-28|14:18:43] after cm.process() 
INFO [10-28|14:18:43] case: default, cm.process 
ready: 4 need: 2.6666667
INFO [10-28|14:18:43] ---------------process------------------ 
INFO [10-28|14:18:43] In RM Process                            height=4 round=0
INFO [10-28|14:18:43] --------In rm.propose------- 
INFO [10-28|14:18:43] ---------------in rm.vote----------------- 
INFO [10-28|14:18:43] in vote in RM                            height=4 round=0
INFO [10-28|14:18:43] Timeout time not reach, curr vs timeout: curr=1540707523.000 timeout=1540707528.000
INFO [10-28|14:18:43] in rm.process, check lockset HasQuorum 
INFO [10-28|14:18:43] in HasQuorum 
INFO [10-28|14:18:43] In IsValid() 
len(lockset.Votes): 0 lockset.EligibleVotesNum: 4
INFO [10-28|14:18:43] rm lockset is not valid yet 
INFO [10-28|14:18:43] after cm.process() 
INFO [10-28|14:18:44] case: default, cm.process 
ready: 4 need: 2.6666667
INFO [10-28|14:18:44] ---------------process------------------ 
INFO [10-28|14:18:44] In RM Process                            height=4 round=0
INFO [10-28|14:18:44] --------In rm.propose------- 
INFO [10-28|14:18:44] ---------------in rm.vote----------------- 
INFO [10-28|14:18:44] in vote in RM                            height=4 round=0
INFO [10-28|14:18:44] Timeout time not reach, curr vs timeout: curr=1540707524.000 timeout=1540707528.000
INFO [10-28|14:18:44] in rm.process, check lockset HasQuorum 
INFO [10-28|14:18:44] in HasQuorum 
INFO [10-28|14:18:44] In IsValid() 
len(lockset.Votes): 0 lockset.EligibleVotesNum: 4
INFO [10-28|14:18:44] rm lockset is not valid yet 
INFO [10-28|14:18:44] after cm.process() 
INFO [10-28|14:18:44] case: default, cm.process 
ready: 4 need: 2.6666667
INFO [10-28|14:18:44] ---------------process------------------ 
INFO [10-28|14:18:44] In RM Process                            height=4 round=0
INFO [10-28|14:18:44] --------In rm.propose------- 
INFO [10-28|14:18:44] ---------------in rm.vote----------------- 
INFO [10-28|14:18:44] in vote in RM                            height=4 round=0
INFO [10-28|14:18:44] Timeout time not reach, curr vs timeout: curr=1540707524.000 timeout=1540707528.000
INFO [10-28|14:18:44] in rm.process, check lockset HasQuorum 
INFO [10-28|14:18:44] in HasQuorum 
INFO [10-28|14:18:44] In IsValid() 
len(lockset.Votes): 0 lockset.EligibleVotesNum: 4
INFO [10-28|14:18:44] rm lockset is not valid yet 
INFO [10-28|14:18:44] after cm.process() 
INFO [10-28|14:18:44] case: default, cm.process 
ready: 4 need: 2.6666667
INFO [10-28|14:18:44] ---------------process------------------ 
INFO [10-28|14:18:44] In RM Process                            height=4 round=0
INFO [10-28|14:18:44] --------In rm.propose------- 
INFO [10-28|14:18:44] ---------------in rm.vote----------------- 
INFO [10-28|14:18:44] in vote in RM                            height=4 round=0
INFO [10-28|14:18:44] Timeout time not reach, curr vs timeout: curr=1540707524.000 timeout=1540707528.000
INFO [10-28|14:18:44] in rm.process, check lockset HasQuorum 
INFO [10-28|14:18:44] in HasQuorum 
INFO [10-28|14:18:44] In IsValid() 
len(lockset.Votes): 0 lockset.EligibleVotesNum: 4
INFO [10-28|14:18:44] rm lockset is not valid yet 
INFO [10-28|14:18:44] after cm.process() 
INFO [10-28|14:18:44] case: default, cm.process 
ready: 4 need: 2.6666667
INFO [10-28|14:18:44] ---------------process------------------ 
INFO [10-28|14:18:44] In RM Process                            height=4 round=0
INFO [10-28|14:18:44] --------In rm.propose------- 
INFO [10-28|14:18:44] ---------------in rm.vote----------------- 
INFO [10-28|14:18:44] in vote in RM                            height=4 round=0
INFO [10-28|14:18:44] Timeout time not reach, curr vs timeout: curr=1540707524.000 timeout=1540707528.000
INFO [10-28|14:18:44] in rm.process, check lockset HasQuorum 
INFO [10-28|14:18:44] in HasQuorum 
INFO [10-28|14:18:44] In IsValid() 
len(lockset.Votes): 0 lockset.EligibleVotesNum: 4
INFO [10-28|14:18:44] rm lockset is not valid yet 
INFO [10-28|14:18:44] after cm.process() 
INFO [10-28|14:18:44] Handle BFT Msg,                          msg="msg #11 (173453 bytes)"
INFO [10-28|14:18:44] -------Received NewBlockProposalMsg------- 
bpHR: H: 4 R: 0
cmHR: H: 4 R: 0
INFO [10-28|14:18:44] --------------------------------------- 
# collMsig from = Peer d67104e65b61fca1 [eth/63]
cmHR: H: 4 R: 0
this is rm.proposerPeer  Peer d67104e65b61fca1 [eth/63]
INFO [10-28|14:18:44] In IsValid() 
len(lockset.Votes): 0 lockset.EligibleVotesNum: 0
INFO [10-28|14:18:44] cm add BlockProposal                     h=4 r=0
INFO [10-28|14:18:44] in HasQuorum 
INFO [10-28|14:18:44] In IsValid() 
len(lockset.Votes): 4 lockset.EligibleVotesNum: 4
INFO [10-28|14:18:44] in sortByBlockhash 
made bhs, bhs: map[[49 210 71 126 97 193 179 157 177 7 16 235 123 115 186 68 236 104 72 88 17 15 112 247 178 18 92 215 228 7 245 143]:4]
made hs, hs: [{[49 210 71 126 97 193 179 157 177 7 16 235 123 115 186 68 236 104 72 88 17 15 112 247 178 18 92 215 228 7 245 143] 4}]
sorted hs, hs: [{[49 210 71 126 97 193 179 157 177 7 16 235 123 115 186 68 236 104 72 88 17 15 112 247 178 18 92 215 228 7 245 143] 4}]
INFO [10-28|14:18:44] In addBlockCandidates!! 
INFO [10-28|14:18:44] -------in handle NewBlockProposalMsg, success!------- 
INFO [10-28|14:18:44] case: default, cm.process 
ready: 4 need: 2.6666667
INFO [10-28|14:18:44] ---------------process------------------ 
INFO [10-28|14:18:44] In RM Process                            height=4 round=0
INFO [10-28|14:18:44] --------In rm.propose------- 
INFO [10-28|14:18:44] ---------------in rm.vote----------------- 
INFO [10-28|14:18:44] in vote in RM                            height=4 round=0
INFO [10-28|14:18:44] Timeout time not reach, curr vs timeout: curr=1540707524.000 timeout=1540707528.000
INFO [10-28|14:18:44] in rm.process, check lockset HasQuorum 
INFO [10-28|14:18:44] in HasQuorum 
INFO [10-28|14:18:44] In IsValid() 
len(lockset.Votes): 0 lockset.EligibleVotesNum: 4
INFO [10-28|14:18:44] rm lockset is not valid yet 
INFO [10-28|14:18:44] after cm.process() 
INFO [10-28|14:18:44] Handle BFT Msg,                          msg="msg #18 (544 bytes)"
INFO [10-28|14:18:44] ------Received MsigProposalMsg------ 
I received msp from  Peer 6d11b37ef4fc909a [eth/63]
mpHR: H: 4 R: 0 hash: [79 250 21 202 93 220 157 205 101 197 206 12 94 235 149 89 30 162 57 164 34 26 35 137 216 237 107 157 235 160 231 178]
cmHR: H: 4 R: 0
INFO [10-28|14:18:44] --------------------------------------- 
mp= &{<nil> 28 97437666690936275880392186030689017951276380305681950867076388414149594960486 6052219217470047610205200252060173663004600517663474281208757040051798675158 map[] map[] map[] 4 0 [79 250 21 202 93 220 157 205 101 197 206 12 94 235 149 89 30 162 57 164 34 26 35 137 216 237 107 157 235 160 231 178] 0xc42a1ac000 0xc42a1ac050}
H====:  4 P==== 0
@rm.proposerPeer = Peer d67104e65b61fca1 [eth/63]
INFO [10-28|14:18:44] in MsigFinished 
INFO [10-28|14:18:44] ------addmsigproposal success!------- 
mp= &{0xc4252fb8c0 28 97437666690936275880392186030689017951276380305681950867076388414149594960486 6052219217470047610205200252060173663004600517663474281208757040051798675158 map[] map[] map[] 4 0 [79 250 21 202 93 220 157 205 101 197 206 12 94 235 149 89 30 162 57 164 34 26 35 137 216 237 107 157 235 160 231 178] 0xc42a1ac000 0xc42a1ac050}
INFO [10-28|14:18:44] case: default, cm.process 
ready: 4 need: 2.6666667
INFO [10-28|14:18:44] ---------------process------------------ 
INFO [10-28|14:18:44] In RM Process                            height=4 round=0
INFO [10-28|14:18:44] --------In rm.propose------- 
INFO [10-28|14:18:44] ---------------in rm.vote----------------- 
INFO [10-28|14:18:44] in vote in RM                            height=4 round=0
INFO [10-28|14:18:44] vote mp 
INFO [10-28|14:18:44] vote success in                          height=4 round=0
INFO [10-28|14:18:44] Send VoteMsg 
INFO [10-28|14:18:44] in rm.process, check lockset HasQuorum 
INFO [10-28|14:18:44] in HasQuorum 
INFO [10-28|14:18:44] In IsValid() 
len(lockset.Votes): 1 lockset.EligibleVotesNum: 4
INFO [10-28|14:18:44] rm lockset is not valid yet 
INFO [10-28|14:18:44] after cm.process() 
INFO [10-28|14:18:44] Handle BFT Msg,                          msg="msg #17 (107 bytes)"
INFO [10-28|14:18:44] ------Received VoteMsg------ 
voteHR: H: 4 R: 0 voteType:: 1 voteHash: [79 250 21 202 93 220 157 205 101 197 206 12 94 235 149 89 30 162 57 164 34 26 35 137 216 237 107 157 235 160 231 178]
cmHR: H: 4 R: 0
INFO [10-28|14:18:44] --------------------------------------- 
INFO [10-28|14:18:44] addVote to                               height=4 round=0 from=0x82a978b3f5962a5b0957d9ee9eef472ee55b42f1 success=true cm.coinbase=0x598443f1880ef585b21f1d7585bd0577402861e5
INFO [10-28|14:18:44] ------in handle VoteMsg, success!------ 
INFO [10-28|14:18:44] Handle BFT Msg,                          msg="msg #17 (107 bytes)"
INFO [10-28|14:18:44] ------Received VoteMsg------ 
voteHR: H: 4 R: 0 voteType:: 1 voteHash: [79 250 21 202 93 220 157 205 101 197 206 12 94 235 149 89 30 162 57 164 34 26 35 137 216 237 107 157 235 160 231 178]
cmHR: H: 4 R: 0
INFO [10-28|14:18:44] --------------------------------------- 
INFO [10-28|14:18:44] addVote to                               height=4 round=0 from=0x7d577a597b2742b498cb5cf0c26cdcd726d39e6e success=true cm.coinbase=0x598443f1880ef585b21f1d7585bd0577402861e5
INFO [10-28|14:18:44] ------in handle VoteMsg, success!------ 
INFO [10-28|14:18:44] case: default, cm.process 
ready: 4 need: 2.6666667
INFO [10-28|14:18:44] ---------------process------------------ 
INFO [10-28|14:18:44] In RM Process                            height=4 round=0
INFO [10-28|14:18:44] --------In rm.propose------- 
INFO [10-28|14:18:44] ---------------in rm.vote----------------- 
INFO [10-28|14:18:44] voted 
INFO [10-28|14:18:44] in rm.process, check lockset HasQuorum 
INFO [10-28|14:18:44] in HasQuorum 
INFO [10-28|14:18:44] In IsValid() 
len(lockset.Votes): 3 lockset.EligibleVotesNum: 4
INFO [10-28|14:18:44] in sortByBlockhash 
made bhs, bhs: map[[79 250 21 202 93 220 157 205 101 197 206 12 94 235 149 89 30 162 57 164 34 26 35 137 216 237 107 157 235 160 231 178]:3]
made hs, hs: [{[79 250 21 202 93 220 157 205 101 197 206 12 94 235 149 89 30 162 57 164 34 26 35 137 216 237 107 157 235 160 231 178] 3}]
sorted hs, hs: [{[79 250 21 202 93 220 157 205 101 197 206 12 94 235 149 89 30 162 57 164 34 26 35 137 216 237 107 157 235 160 231 178] 3}]
INFO [10-28|14:18:44] There is a quorum                        height=4 round=0
--- in rm.process p.id: --- Peer d67104e65b61fca1 [eth/63]
INFO [10-28|14:18:44] ============in cm.commitLockset============ 
INFO [10-28|14:18:44] in commitLockset, check ls HasQuorum 
INFO [10-28|14:18:44] in HasQuorum 
INFO [10-28|14:18:44] In IsValid() 
len(lockset.Votes): 3 lockset.EligibleVotesNum: 4
INFO [10-28|14:18:44] in sortByBlockhash 
made bhs, bhs: map[[79 250 21 202 93 220 157 205 101 197 206 12 94 235 149 89 30 162 57 164 34 26 35 137 216 237 107 157 235 160 231 178]:3]
made hs, hs: [{[79 250 21 202 93 220 157 205 101 197 206 12 94 235 149 89 30 162 57 164 34 26 35 137 216 237 107 157 235 160 231 178] 3}]
sorted hs, hs: [{[79 250 21 202 93 220 157 205 101 197 206 12 94 235 149 89 30 162 57 164 34 26 35 137 216 237 107 157 235 160 231 178] 3}]
INFO [10-28|14:18:44] cm.found is not nil 
INFO [10-28|14:18:44] store lockset 
peerid: d67104e65b61fca1
INFO [10-28|14:18:44] ---storeLockset--- 
cmH 4
INFO [10-28|14:18:44] in validatorCommit1 
pid: d67104e65b61fca1
block number 4
INFO [10-28|14:18:44] after cm.process() 
-------in NewBFTValidatorBlock-------
INFO [10-28|14:18:44] have a consensus on the block 
INFO [10-28|14:18:44] result.Header().Coinbase != b.signer 
result.Header().Coinbase: [130 169 120 179 245 150 42 91 9 87 217 238 158 239 71 46 229 91 66 241] b.signer: [89 132 67 241 136 14 245 133 178 31 29 117 133 189 5 119 64 40 97 229]
INFO [10-28|14:18:44] in validatorCommit2 
ConsensusTime, 1239216940 , txs, 1600 , blockNum, 4
INFO [10-28|14:18:44] **in eth.handler**, get result from ch 
FinishedConsensus, 1540707524646671000
validatorCommit time: 168.495µs
INFO [10-28|14:18:44] result is nil 
INFO [10-28|14:18:44] === Finished Mine() === 
INFO [10-28|14:18:44] ***in BFT.VVVVerifyHeader*** 
INFO [10-28|14:18:44] ***in BFT.verifyHeader*** 
INFO [10-28|14:18:44] ***in BFT.verifySeal*** 
INFO [10-28|14:18:44] In verifyVotes 
INFO [10-28|14:18:44] in HasQuorum 
INFO [10-28|14:18:44] In IsValid() 
len(lockset.Votes): 3 lockset.EligibleVotesNum: 4
INFO [10-28|14:18:44] in sortByBlockhash 
made bhs, bhs: map[[79 250 21 202 93 220 157 205 101 197 206 12 94 235 149 89 30 162 57 164 34 26 35 137 216 237 107 157 235 160 231 178]:3]
made hs, hs: [{[79 250 21 202 93 220 157 205 101 197 206 12 94 235 149 89 30 162 57 164 34 26 35 137 216 237 107 157 235 160 231 178] 3}]
sorted hs, hs: [{[79 250 21 202 93 220 157 205 101 197 206 12 94 235 149 89 30 162 57 164 34 26 35 137 216 237 107 157 235 160 231 178] 3}]
INFO [10-28|14:18:44] ***in BFT.VerifyHeaderSSSS*** 
INFO [10-28|14:18:44] ***in BFT.verifyHeader*** 
INFO [10-28|14:18:44] ***in BFT.verifySeal*** 
INFO [10-28|14:18:44] In verifyVotes 
INFO [10-28|14:18:44] in HasQuorum 
INFO [10-28|14:18:44] In IsValid() 
len(lockset.Votes): 3 lockset.EligibleVotesNum: 4
INFO [10-28|14:18:44] in sortByBlockhash 
made bhs, bhs: map[[79 250 21 202 93 220 157 205 101 197 206 12 94 235 149 89 30 162 57 164 34 26 35 137 216 237 107 157 235 160 231 178]:3]
made hs, hs: [{[79 250 21 202 93 220 157 205 101 197 206 12 94 235 149 89 30 162 57 164 34 26 35 137 216 237 107 157 235 160 231 178] 3}]
sorted hs, hs: [{[79 250 21 202 93 220 157 205 101 197 206 12 94 235 149 89 30 162 57 164 34 26 35 137 216 237 107 157 235 160 231 178] 3}]
INFO [10-28|14:18:45] Handle BFT Msg,                          msg="msg #17 (107 bytes)"
INFO [10-28|14:18:45] ------Received VoteMsg------ 
voteHR: H: 4 R: 0 voteType:: 1 voteHash: [79 250 21 202 93 220 157 205 101 197 206 12 94 235 149 89 30 162 57 164 34 26 35 137 216 237 107 157 235 160 231 178]
cmHR: H: 4 R: 0
INFO [10-28|14:18:45] --------------------------------------- 
INFO [10-28|14:18:45] addVote to                               height=4 round=0 from=0xdceceaf3fc5c0a63d195d69b1a90011b7b19650d success=true cm.coinbase=0x598443f1880ef585b21f1d7585bd0577402861e5
INFO [10-28|14:18:45] ------in handle VoteMsg, success!------ 
INFO [10-28|14:18:46] Imported new chain segment               blocks=1 txs=1600 mgas=33.600 elapsed=1.780s    mgasps=18.871 number=4 hash=4ffa15…a0e7b2
FinishedPostExec, 1540707526427710000 , txs, 1600
PostExecTime, 1.780536319s
INFO [10-28|14:18:46] in pool.evenLoop, call pool.resetState 
INFO [10-28|14:18:50] Commit new mining work                   number=5 txs=1601 uncles=0 elapsed=4.461s
INFO [10-28|14:18:50] Sealing                                  block n=5
StartConsensus, 1540707530889689000
INFO [10-28|14:18:50] Start Process 
INFO [10-28|14:18:50] in cm.Process, check lastCommittingLockset() 
INFO [10-28|14:18:50] In IsValid() 
len(lockset.Votes): 4 lockset.EligibleVotesNum: 4
INFO [10-28|14:18:50] in HasQuorum 
INFO [10-28|14:18:50] In IsValid() 
len(lockset.Votes): 4 lockset.EligibleVotesNum: 4
INFO [10-28|14:18:50] in sortByBlockhash 
made bhs, bhs: map[[79 250 21 202 93 220 157 205 101 197 206 12 94 235 149 89 30 162 57 164 34 26 35 137 216 237 107 157 235 160 231 178]:4]
made hs, hs: [{[79 250 21 202 93 220 157 205 101 197 206 12 94 235 149 89 30 162 57 164 34 26 35 137 216 237 107 157 235 160 231 178] 4}]
sorted hs, hs: [{[79 250 21 202 93 220 157 205 101 197 206 12 94 235 149 89 30 162 57 164 34 26 35 137 216 237 107 157 235 160 231 178] 4}]
=====CM.COINBASE IS:===== [89 132 67 241 136 14 245 133 178 31 29 117 133 189 5 119 64 40 97 229] block number is: 5
INFO [10-28|14:18:50] case: default, cm.process 
ready: 4 need: 2.6666667
INFO [10-28|14:18:50] ---------------process------------------ 
INFO [10-28|14:18:50] In RM Process                            height=5 round=0
INFO [10-28|14:18:50] --------In rm.propose------- 
INFO [10-28|14:18:50] ---------------in rm.vote----------------- 
INFO [10-28|14:18:50] in vote in RM                            height=5 round=0
INFO [10-28|14:18:50] Timeout time not reach, curr vs timeout: curr=1540707530.000 timeout=1540707535.000
INFO [10-28|14:18:50] in rm.process, check lockset HasQuorum 
INFO [10-28|14:18:50] in HasQuorum 
INFO [10-28|14:18:50] In IsValid() 
len(lockset.Votes): 0 lockset.EligibleVotesNum: 4
INFO [10-28|14:18:50] rm lockset is not valid yet 
INFO [10-28|14:18:50] after cm.process() 
INFO [10-28|14:18:50] Handle BFT Msg,                          msg="msg #18 (544 bytes)"
INFO [10-28|14:18:50] ------Received MsigProposalMsg------ 
I received msp from  Peer 94dd98401cf6ca04 [eth/63]
mpHR: H: 5 R: 0 hash: [89 87 132 97 134 9 156 44 163 213 136 185 237 27 167 171 78 28 45 25 61 46 220 72 201 6 240 128 198 1 166 33]
cmHR: H: 5 R: 0
INFO [10-28|14:18:50] --------------------------------------- 
mp= &{<nil> 27 28857777108686814538965243270117556627965806288940687442829424241789805343147 30269538207030732201052904080217971449053032790882906174856514850541139547723 map[] map[] map[] 5 0 [89 87 132 97 134 9 156 44 163 213 136 185 237 27 167 171 78 28 45 25 61 46 220 72 201 6 240 128 198 1 166 33] 0xc426196a50 0xc426196aa0}
INFO [10-28|14:18:50] received mp before p, wait for a while 
INFO [10-28|14:18:50] case: default, cm.process 
ready: 4 need: 2.6666667
INFO [10-28|14:18:50] ---------------process------------------ 
INFO [10-28|14:18:50] In RM Process                            height=5 round=0
INFO [10-28|14:18:50] --------In rm.propose------- 
INFO [10-28|14:18:50] ---------------in rm.vote----------------- 
INFO [10-28|14:18:50] in vote in RM                            height=5 round=0
INFO [10-28|14:18:50] Timeout time not reach, curr vs timeout: curr=1540707530.000 timeout=1540707535.000
INFO [10-28|14:18:50] in rm.process, check lockset HasQuorum 
INFO [10-28|14:18:50] in HasQuorum 
INFO [10-28|14:18:50] In IsValid() 
len(lockset.Votes): 0 lockset.EligibleVotesNum: 4
INFO [10-28|14:18:50] rm lockset is not valid yet 
INFO [10-28|14:18:50] after cm.process() 
INFO [10-28|14:18:50] Handle BFT Msg,                          msg="msg #11 (173950 bytes)"
INFO [10-28|14:18:50] -------Received NewBlockProposalMsg------- 
bpHR: H: 5 R: 0
cmHR: H: 5 R: 0
INFO [10-28|14:18:50] --------------------------------------- 
# collMsig from = Peer 6d11b37ef4fc909a [eth/63]
cmHR: H: 5 R: 0
this is rm.proposerPeer  Peer 6d11b37ef4fc909a [eth/63]
INFO [10-28|14:18:51] In IsValid() 
len(lockset.Votes): 0 lockset.EligibleVotesNum: 0
INFO [10-28|14:18:51] cm add BlockProposal                     h=5 r=0
INFO [10-28|14:18:51] in HasQuorum 
INFO [10-28|14:18:51] In IsValid() 
len(lockset.Votes): 4 lockset.EligibleVotesNum: 4
INFO [10-28|14:18:51] in sortByBlockhash 
made bhs, bhs: map[[79 250 21 202 93 220 157 205 101 197 206 12 94 235 149 89 30 162 57 164 34 26 35 137 216 237 107 157 235 160 231 178]:4]
made hs, hs: [{[79 250 21 202 93 220 157 205 101 197 206 12 94 235 149 89 30 162 57 164 34 26 35 137 216 237 107 157 235 160 231 178] 4}]
sorted hs, hs: [{[79 250 21 202 93 220 157 205 101 197 206 12 94 235 149 89 30 162 57 164 34 26 35 137 216 237 107 157 235 160 231 178] 4}]
INFO [10-28|14:18:51] In addBlockCandidates!! 
INFO [10-28|14:18:51] -------in handle NewBlockProposalMsg, success!------- 
H====:  5 P==== 0
@rm.proposerPeer = Peer 6d11b37ef4fc909a [eth/63]
INFO [10-28|14:18:51] in MsigFinished 
INFO [10-28|14:18:51] ------addmsigproposal success!------- 
mp= &{0xc4291f6e20 27 28857777108686814538965243270117556627965806288940687442829424241789805343147 30269538207030732201052904080217971449053032790882906174856514850541139547723 map[] map[] map[] 5 0 [89 87 132 97 134 9 156 44 163 213 136 185 237 27 167 171 78 28 45 25 61 46 220 72 201 6 240 128 198 1 166 33] 0xc426196a50 0xc426196aa0}
INFO [10-28|14:18:51] Handle BFT Msg,                          msg="msg #17 (107 bytes)"
INFO [10-28|14:18:51] ------Received VoteMsg------ 
voteHR: H: 5 R: 0 voteType:: 1 voteHash: [89 87 132 97 134 9 156 44 163 213 136 185 237 27 167 171 78 28 45 25 61 46 220 72 201 6 240 128 198 1 166 33]
cmHR: H: 5 R: 0
INFO [10-28|14:18:51] --------------------------------------- 
INFO [10-28|14:18:51] addVote to                               height=5 round=0 from=0xdceceaf3fc5c0a63d195d69b1a90011b7b19650d success=true cm.coinbase=0x598443f1880ef585b21f1d7585bd0577402861e5
INFO [10-28|14:18:51] ------in handle VoteMsg, success!------ 
INFO [10-28|14:18:51] case: default, cm.process 
ready: 4 need: 2.6666667
INFO [10-28|14:18:51] ---------------process------------------ 
INFO [10-28|14:18:51] In RM Process                            height=5 round=0
INFO [10-28|14:18:51] --------In rm.propose------- 
INFO [10-28|14:18:51] ---------------in rm.vote----------------- 
INFO [10-28|14:18:51] in vote in RM                            height=5 round=0
INFO [10-28|14:18:51] vote mp 
INFO [10-28|14:18:51] vote success in                          height=5 round=0
INFO [10-28|14:18:51] Send VoteMsg 
INFO [10-28|14:18:51] in rm.process, check lockset HasQuorum 
INFO [10-28|14:18:51] in HasQuorum 
INFO [10-28|14:18:51] In IsValid() 
len(lockset.Votes): 2 lockset.EligibleVotesNum: 4
INFO [10-28|14:18:51] rm lockset is not valid yet 
INFO [10-28|14:18:51] after cm.process() 
INFO [10-28|14:18:51] Handle BFT Msg,                          msg="msg #17 (107 bytes)"
INFO [10-28|14:18:51] ------Received VoteMsg------ 
voteHR: H: 5 R: 0 voteType:: 1 voteHash: [89 87 132 97 134 9 156 44 163 213 136 185 237 27 167 171 78 28 45 25 61 46 220 72 201 6 240 128 198 1 166 33]
cmHR: H: 5 R: 0
INFO [10-28|14:18:51] --------------------------------------- 
INFO [10-28|14:18:51] addVote to                               height=5 round=0 from=0x7d577a597b2742b498cb5cf0c26cdcd726d39e6e success=true cm.coinbase=0x598443f1880ef585b21f1d7585bd0577402861e5
INFO [10-28|14:18:51] ------in handle VoteMsg, success!------ 
INFO [10-28|14:18:51] case: default, cm.process 
ready: 4 need: 2.6666667
INFO [10-28|14:18:51] ---------------process------------------ 
INFO [10-28|14:18:51] In RM Process                            height=5 round=0
INFO [10-28|14:18:51] --------In rm.propose------- 
INFO [10-28|14:18:51] ---------------in rm.vote----------------- 
INFO [10-28|14:18:51] voted 
INFO [10-28|14:18:51] in rm.process, check lockset HasQuorum 
INFO [10-28|14:18:51] in HasQuorum 
INFO [10-28|14:18:51] In IsValid() 
len(lockset.Votes): 3 lockset.EligibleVotesNum: 4
INFO [10-28|14:18:51] in sortByBlockhash 
made bhs, bhs: map[[89 87 132 97 134 9 156 44 163 213 136 185 237 27 167 171 78 28 45 25 61 46 220 72 201 6 240 128 198 1 166 33]:3]
made hs, hs: [{[89 87 132 97 134 9 156 44 163 213 136 185 237 27 167 171 78 28 45 25 61 46 220 72 201 6 240 128 198 1 166 33] 3}]
sorted hs, hs: [{[89 87 132 97 134 9 156 44 163 213 136 185 237 27 167 171 78 28 45 25 61 46 220 72 201 6 240 128 198 1 166 33] 3}]
INFO [10-28|14:18:51] There is a quorum                        height=5 round=0
--- in rm.process p.id: --- Peer 6d11b37ef4fc909a [eth/63]
INFO [10-28|14:18:51] ============in cm.commitLockset============ 
INFO [10-28|14:18:51] in commitLockset, check ls HasQuorum 
INFO [10-28|14:18:51] in HasQuorum 
INFO [10-28|14:18:51] In IsValid() 
len(lockset.Votes): 3 lockset.EligibleVotesNum: 4
INFO [10-28|14:18:51] in sortByBlockhash 
made bhs, bhs: map[[89 87 132 97 134 9 156 44 163 213 136 185 237 27 167 171 78 28 45 25 61 46 220 72 201 6 240 128 198 1 166 33]:3]
made hs, hs: [{[89 87 132 97 134 9 156 44 163 213 136 185 237 27 167 171 78 28 45 25 61 46 220 72 201 6 240 128 198 1 166 33] 3}]
sorted hs, hs: [{[89 87 132 97 134 9 156 44 163 213 136 185 237 27 167 171 78 28 45 25 61 46 220 72 201 6 240 128 198 1 166 33] 3}]
INFO [10-28|14:18:51] cm.found is not nil 
INFO [10-28|14:18:51] store lockset 
peerid: 6d11b37ef4fc909a
INFO [10-28|14:18:51] ---storeLockset--- 
cmH 5
INFO [10-28|14:18:51] in validatorCommit1 
pid: 6d11b37ef4fc909a
block number 5
-------in NewBFTValidatorBlock-------
INFO [10-28|14:18:51] in validatorCommit2 
validatorCommit time: 99.296µs
INFO [10-28|14:18:51] **in eth.handler**, get result from ch 
INFO [10-28|14:18:51] ***in BFT.VVVVerifyHeader*** 
INFO [10-28|14:18:51] ***in BFT.verifyHeader*** 
INFO [10-28|14:18:51] ***in BFT.verifySeal*** 
INFO [10-28|14:18:51] In verifyVotes 
INFO [10-28|14:18:51] in HasQuorum 
INFO [10-28|14:18:51] In IsValid() 
len(lockset.Votes): 3 lockset.EligibleVotesNum: 4
INFO [10-28|14:18:51] in sortByBlockhash 
made bhs, bhs: map[[89 87 132 97 134 9 156 44 163 213 136 185 237 27 167 171 78 28 45 25 61 46 220 72 201 6 240 128 198 1 166 33]:3]
made hs, hs: [{[89 87 132 97 134 9 156 44 163 213 136 185 237 27 167 171 78 28 45 25 61 46 220 72 201 6 240 128 198 1 166 33] 3}]
sorted hs, hs: [{[89 87 132 97 134 9 156 44 163 213 136 185 237 27 167 171 78 28 45 25 61 46 220 72 201 6 240 128 198 1 166 33] 3}]
INFO [10-28|14:18:51] ***in BFT.VerifyHeaderSSSS*** 
INFO [10-28|14:18:51] ***in BFT.verifyHeader*** 
INFO [10-28|14:18:51] ***in BFT.verifySeal*** 
INFO [10-28|14:18:51] In verifyVotes 
INFO [10-28|14:18:51] in HasQuorum 
INFO [10-28|14:18:51] In IsValid() 
len(lockset.Votes): 3 lockset.EligibleVotesNum: 4
INFO [10-28|14:18:51] in sortByBlockhash 
made bhs, bhs: map[[89 87 132 97 134 9 156 44 163 213 136 185 237 27 167 171 78 28 45 25 61 46 220 72 201 6 240 128 198 1 166 33]:3]
made hs, hs: [{[89 87 132 97 134 9 156 44 163 213 136 185 237 27 167 171 78 28 45 25 61 46 220 72 201 6 240 128 198 1 166 33] 3}]
sorted hs, hs: [{[89 87 132 97 134 9 156 44 163 213 136 185 237 27 167 171 78 28 45 25 61 46 220 72 201 6 240 128 198 1 166 33] 3}]
INFO [10-28|14:18:51] after cm.process() 
INFO [10-28|14:18:51] have a consensus on the block 
INFO [10-28|14:18:51] result.Header().Coinbase != b.signer 
result.Header().Coinbase: [125 87 122 89 123 39 66 180 152 203 92 240 194 108 220 215 38 211 158 110] b.signer: [89 132 67 241 136 14 245 133 178 31 29 117 133 189 5 119 64 40 97 229]
ConsensusTime, 310906828 , txs, 1601 , blockNum, 5
FinishedConsensus, 1540707531200623000
INFO [10-28|14:18:51] result is nil 
INFO [10-28|14:18:51] === Finished Mine() === 
INFO [10-28|14:18:53] Handle BFT Msg,                          msg="msg #17 (107 bytes)"
INFO [10-28|14:18:53] ------Received VoteMsg------ 
voteHR: H: 5 R: 0 voteType:: 1 voteHash: [89 87 132 97 134 9 156 44 163 213 136 185 237 27 167 171 78 28 45 25 61 46 220 72 201 6 240 128 198 1 166 33]
cmHR: H: 5 R: 0
INFO [10-28|14:18:53] --------------------------------------- 
INFO [10-28|14:18:53] addVote to                               height=5 round=0 from=0x82a978b3f5962a5b0957d9ee9eef472ee55b42f1 success=true cm.coinbase=0x598443f1880ef585b21f1d7585bd0577402861e5
INFO [10-28|14:18:53] ------in handle VoteMsg, success!------ 
INFO [10-28|14:18:54] Imported new chain segment               blocks=1 txs=1601 mgas=33.621 elapsed=2.980s    mgasps=11.281 number=5 hash=595784…01a621
FinishedPostExec, 1540707534180543000 , txs, 1601
PostExecTime, 2.980325312s
INFO [10-28|14:18:54] in pool.evenLoop, call pool.resetState 
./node4.sh: line 16: 18035 Terminated: 15          ../build/bin/geth --networkid 2234 --port 30306 --rpcport 8548 --datadir "data/node4" --nodiscover --rpc --rpccorsdomain "*" --rpcapi "eth,net,web3,debug" --bft --allow-empty --num-validators 4 --node-num 3
