INFO [10-17|16:29:01] Starting peer-to-peer node               instance=Geth/v1.6.7-unstable-287ee7b9/darwin-amd64/go1.9.7
INFO [10-17|16:29:01] Allocated cache and file handles         database=/Users/sujianwei20/new_misgcode/go_ethereum_cosi/examples/data/node1/geth/chaindata cache=128 handles=1024
WARN [10-17|16:29:01] Upgrading chain database to use sequential keys 
INFO [10-17|16:29:01] Initialised chain configuration          config="{ChainID: 2235 Homestead: 1 DAO: <nil> DAOSupport: false EIP150: 2 EIP155: 3 EIP158: 3 Metropolis: <nil> Engine: ethash}"
INFO [10-17|16:29:01] config bft is                            bft=true
WARN [10-17|16:29:01] Upgrading db log bloom bins 
INFO [10-17|16:29:01] Database conversion successful 
INFO [10-17|16:29:01] Bloom-bin upgrade completed              elapsed=228.653µs
INFO [10-17|16:29:01] Initialising Ethereum protocol           versions="[63 62]" network=2234
INFO [10-17|16:29:01] Loaded most recent local header          number=0 hash=6f3c1c…1bf138 td=1048576
INFO [10-17|16:29:01] Loaded most recent local full block      number=0 hash=6f3c1c…1bf138 td=1048576
INFO [10-17|16:29:01] Loaded most recent local fast block      number=0 hash=6f3c1c…1bf138 td=1048576
INFO [10-17|16:29:01] in NewTxPool, call resetState 
INFO [10-17|16:29:01] in NewTxPool, call pool.eventLoog() 
INFO [10-17|16:29:01] Allocated cache and file handles         database=/Users/sujianwei20/new_misgcode/go_ethereum_cosi/examples/data/node1/geth/bftData   cache=128 handles=1024
INFO [10-17|16:29:01] addVote to                               height=0 round=0 from=0x82a978b3f5962a5b0957d9ee9eef472ee55b42f1 success=true cm.coinbase=0x82a978b3f5962a5b0957d9ee9eef472ee55b42f1
ready: 1 need: 2.6666667
INFO [10-17|16:29:01] consensusManager not ready  
ready: 1 need: 2.6666667
INFO [10-17|16:29:01] Starting P2P networking 
INFO [10-17|16:29:01] RLPx listener up                         self="enode://d67104e65b61fca1fc73a74175667c11f16c037fa8e414499189df9d68706aca6e1a1b4ea02b702f101eb609c4cd2964d4790047a06458ba8a1a19040ab1fe0d@[::]:30303?discport=0"
INFO [10-17|16:29:01] ---In BFTvalidatorCommitBlock--- 
INFO [10-17|16:29:01] IPC endpoint opened: /Users/sujianwei20/new_misgcode/go_ethereum_cosi/examples/data/node1/geth.ipc 
INFO [10-17|16:29:01] HTTP endpoint opened: http://127.0.0.1:8545 
INFO [10-17|16:29:01] Handle BFT Msg,                          msg="msg #8 (78 bytes)"
INFO [10-17|16:29:01] ------Received ReadMsg------ 
AddReady from: [89 132 67 241 136 14 245 133 178 31 29 117 133 189 5 119 64 40 97 229]
INFO [10-17|16:29:01] send Ready msg 
#### peer = Peer 6d11b37ef4fc909a [eth/63]
INFO [10-17|16:29:01] send Ready msg 
#### peer = Peer d9d5b902798f5c42 [eth/63]
INFO [10-17|16:29:01] Handle BFT Msg,                          msg="msg #8 (78 bytes)"
INFO [10-17|16:29:01] ------Received ReadMsg------ 
AddReady from: [89 132 67 241 136 14 245 133 178 31 29 117 133 189 5 119 64 40 97 229]
INFO [10-17|16:29:01] Handle BFT Msg,                          msg="msg #8 (78 bytes)"
INFO [10-17|16:29:01] ------Received ReadMsg------ 
AddReady from: [125 87 122 89 123 39 66 180 152 203 92 240 194 108 220 215 38 211 158 110]
INFO [10-17|16:29:01] send Ready msg 
#### peer = Peer 6d11b37ef4fc909a [eth/63]
INFO [10-17|16:29:01] send Ready msg 
#### peer = Peer d9d5b902798f5c42 [eth/63]
INFO [10-17|16:29:01] send Ready msg 
#### peer = Peer 94dd98401cf6ca04 [eth/63]
INFO [10-17|16:29:01] Handle BFT Msg,                          msg="msg #8 (78 bytes)"
INFO [10-17|16:29:01] ------Received ReadMsg------ 
ready: 3 need: 2.6666667
ready: 3 need: 2.6666667
INFO [10-17|16:29:01] Handle BFT Msg,                          msg="msg #8 (78 bytes)"
INFO [10-17|16:29:01] ------Received ReadMsg------ 
AddReady from: [125 87 122 89 123 39 66 180 152 203 92 240 194 108 220 215 38 211 158 110]
INFO [10-17|16:29:01] send Ready msg 
AddReady from: [125 87 122 89 123 39 66 180 152 203 92 240 194 108 220 215 38 211 158 110]
#### peer = Peer 6d11b37ef4fc909a [eth/63]
INFO [10-17|16:29:01] send Ready msg 
#### peer = Peer d9d5b902798f5c42 [eth/63]
INFO [10-17|16:29:01] send Ready msg 
#### peer = Peer 94dd98401cf6ca04 [eth/63]
INFO [10-17|16:29:01] -----------------consensusManager Ready------------------------- 
INFO [10-17|16:29:01] Handle BFT Msg,                          msg="msg #8 (78 bytes)"
INFO [10-17|16:29:01] ------Received ReadMsg------ 
INFO [10-17|16:29:01] Handle BFT Msg,                          msg="msg #8 (78 bytes)"
INFO [10-17|16:29:01] ------Received ReadMsg------ 
AddReady from: [130 169 120 179 245 150 42 91 9 87 217 238 158 239 71 46 229 91 66 241]
AddReady from: [130 169 120 179 245 150 42 91 9 87 217 238 158 239 71 46 229 91 66 241]
INFO [10-17|16:29:01] Handle BFT Msg,                          msg="msg #8 (78 bytes)"
INFO [10-17|16:29:01] ------Received ReadMsg------ 
AddReady from: [130 169 120 179 245 150 42 91 9 87 217 238 158 239 71 46 229 91 66 241]
INFO [10-17|16:29:01] Handle BFT Msg,                          msg="msg #8 (78 bytes)"
INFO [10-17|16:29:01] ------Received ReadMsg------ 
AddReady from: [89 132 67 241 136 14 245 133 178 31 29 117 133 189 5 119 64 40 97 229]
INFO [10-17|16:29:01] send Ready msg 
#### peer = Peer 6d11b37ef4fc909a [eth/63]
INFO [10-17|16:29:01] send Ready msg 
#### peer = Peer d9d5b902798f5c42 [eth/63]
INFO [10-17|16:29:01] send Ready msg 
#### peer = Peer 94dd98401cf6ca04 [eth/63]
INFO [10-17|16:29:01] Handle BFT Msg,                          msg="msg #8 (78 bytes)"
INFO [10-17|16:29:01] ------Received ReadMsg------ 
AddReady from: [89 132 67 241 136 14 245 133 178 31 29 117 133 189 5 119 64 40 97 229]
INFO [10-17|16:29:01] Handle BFT Msg,                          msg="msg #8 (78 bytes)"
INFO [10-17|16:29:01] ------Received ReadMsg------ 
AddReady from: [89 132 67 241 136 14 245 133 178 31 29 117 133 189 5 119 64 40 97 229]
INFO [10-17|16:29:01] Handle BFT Msg,                          msg="msg #8 (78 bytes)"
INFO [10-17|16:29:01] ------Received ReadMsg------ 
AddReady from: [220 236 234 243 252 92 10 99 209 149 214 155 26 144 1 27 123 25 101 13]
INFO [10-17|16:29:01] send Ready msg 
#### peer = Peer 6d11b37ef4fc909a [eth/63]
INFO [10-17|16:29:01] send Ready msg 
#### peer = Peer d9d5b902798f5c42 [eth/63]
INFO [10-17|16:29:01] send Ready msg 
#### peer = Peer 94dd98401cf6ca04 [eth/63]
INFO [10-17|16:29:01] Handle BFT Msg,                          msg="msg #8 (78 bytes)"
INFO [10-17|16:29:01] ------Received ReadMsg------ 
INFO [10-17|16:29:01] Handle BFT Msg,                          msg="msg #8 (78 bytes)"
INFO [10-17|16:29:01] ------Received ReadMsg------ 
AddReady from: [220 236 234 243 252 92 10 99 209 149 214 155 26 144 1 27 123 25 101 13]
AddReady from: [220 236 234 243 252 92 10 99 209 149 214 155 26 144 1 27 123 25 101 13]
INFO [10-17|16:29:02] Handle BFT Msg,                          msg="msg #8 (78 bytes)"
INFO [10-17|16:29:02] ------Received ReadMsg------ 
AddReady from: [125 87 122 89 123 39 66 180 152 203 92 240 194 108 220 215 38 211 158 110]
INFO [10-17|16:29:02] send Ready msg 
#### peer = Peer 6d11b37ef4fc909a [eth/63]
INFO [10-17|16:29:02] send Ready msg 
#### peer = Peer d9d5b902798f5c42 [eth/63]
INFO [10-17|16:29:02] send Ready msg 
#### peer = Peer 94dd98401cf6ca04 [eth/63]
INFO [10-17|16:29:02] Handle BFT Msg,                          msg="msg #8 (78 bytes)"
INFO [10-17|16:29:02] ------Received ReadMsg------ 
INFO [10-17|16:29:02] Handle BFT Msg,                          msg="msg #8 (78 bytes)"
INFO [10-17|16:29:02] ------Received ReadMsg------ 
AddReady from: [125 87 122 89 123 39 66 180 152 203 92 240 194 108 220 215 38 211 158 110]
AddReady from: [125 87 122 89 123 39 66 180 152 203 92 240 194 108 220 215 38 211 158 110]
./node1.sh: line 16: 23483 Terminated: 15          ../build/bin/geth --networkid 2234 --port 30303 --rpcport 8545 --datadir "data/node1" --nodiscover --rpc --rpccorsdomain "*" --rpcapi "eth,net,debug" --bft --allow-empty --num-validators 4 --node-num 0
