INFO [10-17|16:29:01] Starting peer-to-peer node               instance=Geth/v1.6.7-unstable-287ee7b9/darwin-amd64/go1.9.7
INFO [10-17|16:29:01] Allocated cache and file handles         database=/Users/sujianwei20/new_misgcode/go_ethereum_cosi/examples/data/node3/geth/chaindata cache=128 handles=1024
WARN [10-17|16:29:01] Upgrading chain database to use sequential keys 
INFO [10-17|16:29:01] Initialised chain configuration          config="{ChainID: 2235 Homestead: 1 DAO: <nil> DAOSupport: false EIP150: 2 EIP155: 3 EIP158: 3 Metropolis: <nil> Engine: ethash}"
INFO [10-17|16:29:01] config bft is                            bft=true
INFO [10-17|16:29:01] Database conversion successful 
WARN [10-17|16:29:01] Upgrading db log bloom bins 
INFO [10-17|16:29:01] Bloom-bin upgrade completed              elapsed=742.043µs
INFO [10-17|16:29:01] Initialising Ethereum protocol           versions="[63 62]" network=2234
INFO [10-17|16:29:01] Loaded most recent local header          number=0 hash=6f3c1c…1bf138 td=1048576
INFO [10-17|16:29:01] Loaded most recent local full block      number=0 hash=6f3c1c…1bf138 td=1048576
INFO [10-17|16:29:01] Loaded most recent local fast block      number=0 hash=6f3c1c…1bf138 td=1048576
INFO [10-17|16:29:01] in NewTxPool, call resetState 
INFO [10-17|16:29:01] in NewTxPool, call pool.eventLoog() 
INFO [10-17|16:29:01] Allocated cache and file handles         database=/Users/sujianwei20/new_misgcode/go_ethereum_cosi/examples/data/node3/geth/bftData   cache=128 handles=1024
INFO [10-17|16:29:01] addVote to                               height=0 round=0 from=0xdceceaf3fc5c0a63d195d69b1a90011b7b19650d success=true cm.coinbase=0xdceceaf3fc5c0a63d195d69b1a90011b7b19650d
ready: 1 need: 2.6666667
INFO [10-17|16:29:01] consensusManager not ready  
ready: 1 need: 2.6666667
INFO [10-17|16:29:01] Starting P2P networking 
INFO [10-17|16:29:01] RLPx listener up                         self="enode://94dd98401cf6ca0418580bb77ad0606a35ae8f442b22ab0f81011d8d2c78e70ff779c1d53d015640d79a13f0be99161ae3ff3adb60633ca03a7b542cbe116882@[::]:30305?discport=0"
INFO [10-17|16:29:01] ---In BFTvalidatorCommitBlock--- 
INFO [10-17|16:29:01] HTTP endpoint opened: http://127.0.0.1:8547 
INFO [10-17|16:29:01] IPC endpoint opened: /Users/sujianwei20/new_misgcode/go_ethereum_cosi/examples/data/node3/geth.ipc 
INFO [10-17|16:29:01] Handle BFT Msg,                          msg="msg #8 (78 bytes)"
INFO [10-17|16:29:01] ------Received ReadMsg------ 
AddReady from: [125 87 122 89 123 39 66 180 152 203 92 240 194 108 220 215 38 211 158 110]
INFO [10-17|16:29:01] send Ready msg 
#### peer = Peer d67104e65b61fca1 [eth/63]
INFO [10-17|16:29:01] send Ready msg 
#### peer = Peer d9d5b902798f5c42 [eth/63]
INFO [10-17|16:29:01] send Ready msg 
#### peer = Peer 6d11b37ef4fc909a [eth/63]
INFO [10-17|16:29:01] Handle BFT Msg,                          msg="msg #8 (78 bytes)"
INFO [10-17|16:29:01] ------Received ReadMsg------ 
INFO [10-17|16:29:01] Handle BFT Msg,                          msg="msg #8 (78 bytes)"
INFO [10-17|16:29:01] ------Received ReadMsg------ 
AddReady from: [125 87 122 89 123 39 66 180 152 203 92 240 194 108 220 215 38 211 158 110]
AddReady from: [125 87 122 89 123 39 66 180 152 203 92 240 194 108 220 215 38 211 158 110]
INFO [10-17|16:29:01] Handle BFT Msg,                          msg="msg #8 (78 bytes)"
INFO [10-17|16:29:01] ------Received ReadMsg------ 
AddReady from: [130 169 120 179 245 150 42 91 9 87 217 238 158 239 71 46 229 91 66 241]
INFO [10-17|16:29:01] send Ready msg 
#### peer = Peer d67104e65b61fca1 [eth/63]
INFO [10-17|16:29:01] send Ready msg 
#### peer = Peer d9d5b902798f5c42 [eth/63]
INFO [10-17|16:29:01] send Ready msg 
#### peer = Peer 6d11b37ef4fc909a [eth/63]
INFO [10-17|16:29:01] Handle BFT Msg,                          msg="msg #8 (78 bytes)"
INFO [10-17|16:29:01] Handle BFT Msg,                          msg="msg #8 (78 bytes)"
INFO [10-17|16:29:01] ------Received ReadMsg------ 
AddReady from: [130 169 120 179 245 150 42 91 9 87 217 238 158 239 71 46 229 91 66 241]
INFO [10-17|16:29:01] ------Received ReadMsg------ 
AddReady from: [130 169 120 179 245 150 42 91 9 87 217 238 158 239 71 46 229 91 66 241]
INFO [10-17|16:29:01] Handle BFT Msg,                          msg="msg #8 (78 bytes)"
INFO [10-17|16:29:01] ------Received ReadMsg------ 
AddReady from: [89 132 67 241 136 14 245 133 178 31 29 117 133 189 5 119 64 40 97 229]
INFO [10-17|16:29:01] send Ready msg 
#### peer = Peer d67104e65b61fca1 [eth/63]
ready: 4 need: 2.6666667
ready: 4 need: 2.6666667
INFO [10-17|16:29:01] send Ready msg 
#### peer = Peer d9d5b902798f5c42 [eth/63]
INFO [10-17|16:29:01] send Ready msg 
#### peer = Peer 6d11b37ef4fc909a [eth/63]
INFO [10-17|16:29:01] send Ready msg 
#### peer = Peer d67104e65b61fca1 [eth/63]
INFO [10-17|16:29:01] send Ready msg 
#### peer = Peer d9d5b902798f5c42 [eth/63]
INFO [10-17|16:29:01] send Ready msg 
#### peer = Peer 6d11b37ef4fc909a [eth/63]
INFO [10-17|16:29:01] -----------------consensusManager Ready------------------------- 
INFO [10-17|16:29:01] Handle BFT Msg,                          msg="msg #8 (78 bytes)"
INFO [10-17|16:29:01] ------Received ReadMsg------ 
AddReady from: [89 132 67 241 136 14 245 133 178 31 29 117 133 189 5 119 64 40 97 229]
INFO [10-17|16:29:01] Handle BFT Msg,                          msg="msg #8 (78 bytes)"
INFO [10-17|16:29:01] ------Received ReadMsg------ 
AddReady from: [220 236 234 243 252 92 10 99 209 149 214 155 26 144 1 27 123 25 101 13]
INFO [10-17|16:29:01] Handle BFT Msg,                          msg="msg #8 (78 bytes)"
INFO [10-17|16:29:01] ------Received ReadMsg------ 
INFO [10-17|16:29:01] Handle BFT Msg,                          msg="msg #8 (78 bytes)"
INFO [10-17|16:29:01] ------Received ReadMsg------ 
AddReady from: [220 236 234 243 252 92 10 99 209 149 214 155 26 144 1 27 123 25 101 13]
AddReady from: [89 132 67 241 136 14 245 133 178 31 29 117 133 189 5 119 64 40 97 229]
INFO [10-17|16:29:01] Handle BFT Msg,                          msg="msg #8 (78 bytes)"
INFO [10-17|16:29:01] ------Received ReadMsg------ 
AddReady from: [220 236 234 243 252 92 10 99 209 149 214 155 26 144 1 27 123 25 101 13]
INFO [10-17|16:29:02] Handle BFT Msg,                          msg="msg #8 (78 bytes)"
INFO [10-17|16:29:02] ------Received ReadMsg------ 
AddReady from: [125 87 122 89 123 39 66 180 152 203 92 240 194 108 220 215 38 211 158 110]
INFO [10-17|16:29:02] send Ready msg 
#### peer = Peer 6d11b37ef4fc909a [eth/63]
INFO [10-17|16:29:02] send Ready msg 
#### peer = Peer d67104e65b61fca1 [eth/63]
INFO [10-17|16:29:02] send Ready msg 
#### peer = Peer d9d5b902798f5c42 [eth/63]
INFO [10-17|16:29:02] Handle BFT Msg,                          msg="msg #8 (78 bytes)"
INFO [10-17|16:29:02] ------Received ReadMsg------ 
INFO [10-17|16:29:02] Handle BFT Msg,                          msg="msg #8 (78 bytes)"
INFO [10-17|16:29:02] ------Received ReadMsg------ 
AddReady from: [125 87 122 89 123 39 66 180 152 203 92 240 194 108 220 215 38 211 158 110]
AddReady from: [125 87 122 89 123 39 66 180 152 203 92 240 194 108 220 215 38 211 158 110]
./node3.sh: line 16: 23485 Terminated: 15          ../build/bin/geth --networkid 2234 --port 30305 --rpcport 8547 --datadir "data/node3" --nodiscover --rpc --rpccorsdomain "*" --rpcapi "eth,net,web3,debug" --bft --allow-empty --num-validators 4 --node-num 2
