INFO [10-08|16:10:49] Starting peer-to-peer node               instance=Geth/v1.6.7-unstable-4802f345/darwin-amd64/go1.9.2
INFO [10-08|16:10:49] Allocated cache and file handles         database=/Users/sujianwei20/new_misgcode/msigcode/examples/data/node2/geth/chaindata cache=128 handles=1024
WARN [10-08|16:10:49] Upgrading chain database to use sequential keys 
INFO [10-08|16:10:49] Database conversion successful 
INFO [10-08|16:10:49] Initialised chain configuration          config="{ChainID: 2235 Homestead: 1 DAO: <nil> DAOSupport: false EIP150: 2 EIP155: 3 EIP158: 3 Metropolis: <nil> Engine: ethash}"
INFO [10-08|16:10:49] config bft is                            bft=true
WARN [10-08|16:10:49] Upgrading db log bloom bins 
INFO [10-08|16:10:49] Bloom-bin upgrade completed              elapsed=14.494ms
INFO [10-08|16:10:49] Initialising Ethereum protocol           versions="[63 62]" network=2234
INFO [10-08|16:10:49] Loaded most recent local header          number=0 hash=6f3c1c…1bf138 td=1048576
INFO [10-08|16:10:49] Loaded most recent local full block      number=0 hash=6f3c1c…1bf138 td=1048576
INFO [10-08|16:10:49] Loaded most recent local fast block      number=0 hash=6f3c1c…1bf138 td=1048576
INFO [10-08|16:10:49] in NewTxPool, call resetState 
INFO [10-08|16:10:49] in NewTxPool, call pool.eventLoog() 
INFO [10-08|16:10:49] Allocated cache and file handles         database=/Users/sujianwei20/new_misgcode/msigcode/examples/data/node2/geth/bftData   cache=128 handles=1024
INFO [10-08|16:10:49] addVote to                               height=0 round=0 from=0x7d577a597b2742b498cb5cf0c26cdcd726d39e6e success=true cm.coinbase=0x7d577a597b2742b498cb5cf0c26cdcd726d39e6e
ready: 1 need: 2.6666667
INFO [10-08|16:10:49] consensusManager not ready  
ready: 1 need: 2.6666667
INFO [10-08|16:10:49] Starting P2P networking 
INFO [10-08|16:10:49] RLPx listener up                         self="enode://6d11b37ef4fc909ae1ec6c63584f99843f04ea9466730f8e58950c8c7262e6933ca3dd37304995604f567517e8c6e6074de37eab843f91475f713bd062067e61@[::]:30304?discport=0"
INFO [10-08|16:10:49] ---In BFTvalidatorCommitBlock--- 
INFO [10-08|16:10:49] HTTP endpoint opened: http://127.0.0.1:8546 
INFO [10-08|16:10:49] IPC endpoint opened: /Users/sujianwei20/new_misgcode/msigcode/examples/data/node2/geth.ipc 
INFO [10-08|16:10:49] Handle BFT Msg,                          msg="msg #8 (78 bytes)"
INFO [10-08|16:10:49] ------Received ReadMsg------ 
AddReady from: [220 236 234 243 252 92 10 99 209 149 214 155 26 144 1 27 123 25 101 13]
INFO [10-08|16:10:49] send Ready msg 
#### peer = Peer d67104e65b61fca1 [eth/63]
INFO [10-08|16:10:49] send Ready msg 
#### peer = Peer d9d5b902798f5c42 [eth/63]
INFO [10-08|16:10:49] send Ready msg 
#### peer = Peer 94dd98401cf6ca04 [eth/63]
INFO [10-08|16:10:49] Handle BFT Msg,                          msg="msg #8 (78 bytes)"
INFO [10-08|16:10:49] ------Received ReadMsg------ 
AddReady from: [220 236 234 243 252 92 10 99 209 149 214 155 26 144 1 27 123 25 101 13]
INFO [10-08|16:10:49] Handle BFT Msg,                          msg="msg #8 (78 bytes)"
INFO [10-08|16:10:49] ------Received ReadMsg------ 
AddReady from: [220 236 234 243 252 92 10 99 209 149 214 155 26 144 1 27 123 25 101 13]
INFO [10-08|16:10:49] Handle BFT Msg,                          msg="msg #8 (78 bytes)"
INFO [10-08|16:10:49] ------Received ReadMsg------ 
AddReady from: [89 132 67 241 136 14 245 133 178 31 29 117 133 189 5 119 64 40 97 229]
INFO [10-08|16:10:49] send Ready msg 
#### peer = Peer d9d5b902798f5c42 [eth/63]
INFO [10-08|16:10:49] send Ready msg 
#### peer = Peer 94dd98401cf6ca04 [eth/63]
INFO [10-08|16:10:49] Handle BFT Msg,                          msg="msg #8 (78 bytes)"
INFO [10-08|16:10:49] ------Received ReadMsg------ 
AddReady from: [89 132 67 241 136 14 245 133 178 31 29 117 133 189 5 119 64 40 97 229]
INFO [10-08|16:10:49] send Ready msg 
#### peer = Peer d67104e65b61fca1 [eth/63]
INFO [10-08|16:10:49] send Ready msg 
#### peer = Peer d67104e65b61fca1 [eth/63]
INFO [10-08|16:10:49] Handle BFT Msg,                          msg="msg #8 (78 bytes)"
INFO [10-08|16:10:49] ------Received ReadMsg------ 
AddReady from: [89 132 67 241 136 14 245 133 178 31 29 117 133 189 5 119 64 40 97 229]
INFO [10-08|16:10:49] Handle BFT Msg,                          msg="msg #8 (78 bytes)"
INFO [10-08|16:10:49] ------Received ReadMsg------ 
AddReady from: [89 132 67 241 136 14 245 133 178 31 29 117 133 189 5 119 64 40 97 229]
ready: 3 need: 2.6666667
ready: 3 need: 2.6666667
INFO [10-08|16:10:49] send Ready msg 
#### peer = Peer d9d5b902798f5c42 [eth/63]
INFO [10-08|16:10:49] send Ready msg 
#### peer = Peer 94dd98401cf6ca04 [eth/63]
INFO [10-08|16:10:49] send Ready msg 
#### peer = Peer d67104e65b61fca1 [eth/63]
INFO [10-08|16:10:49] -----------------consensusManager Ready------------------------- 
INFO [10-08|16:10:49] Handle BFT Msg,                          msg="msg #8 (78 bytes)"
INFO [10-08|16:10:49] ------Received ReadMsg------ 
AddReady from: [125 87 122 89 123 39 66 180 152 203 92 240 194 108 220 215 38 211 158 110]
INFO [10-08|16:10:49] Handle BFT Msg,                          msg="msg #8 (78 bytes)"
INFO [10-08|16:10:49] ------Received ReadMsg------ 
AddReady from: [125 87 122 89 123 39 66 180 152 203 92 240 194 108 220 215 38 211 158 110]
INFO [10-08|16:10:49] Handle BFT Msg,                          msg="msg #8 (78 bytes)"
INFO [10-08|16:10:49] ------Received ReadMsg------ 
AddReady from: [125 87 122 89 123 39 66 180 152 203 92 240 194 108 220 215 38 211 158 110]
INFO [10-08|16:10:49] Handle BFT Msg,                          msg="msg #8 (78 bytes)"
INFO [10-08|16:10:49] ------Received ReadMsg------ 
AddReady from: [130 169 120 179 245 150 42 91 9 87 217 238 158 239 71 46 229 91 66 241]
INFO [10-08|16:10:49] send Ready msg 
#### peer = Peer d9d5b902798f5c42 [eth/63]
INFO [10-08|16:10:49] Handle BFT Msg,                          msg="msg #8 (78 bytes)"
INFO [10-08|16:10:49] ------Received ReadMsg------ 
AddReady from: [130 169 120 179 245 150 42 91 9 87 217 238 158 239 71 46 229 91 66 241]
INFO [10-08|16:10:49] Handle BFT Msg,                          msg="msg #8 (78 bytes)"
INFO [10-08|16:10:49] ------Received ReadMsg------ 
AddReady from: [130 169 120 179 245 150 42 91 9 87 217 238 158 239 71 46 229 91 66 241]
INFO [10-08|16:10:49] send Ready msg 
#### peer = Peer 94dd98401cf6ca04 [eth/63]
INFO [10-08|16:10:49] send Ready msg 
#### peer = Peer d67104e65b61fca1 [eth/63]
INFO [10-08|16:10:49] send Ready msg 
#### peer = Peer 94dd98401cf6ca04 [eth/63]
INFO [10-08|16:10:49] send Ready msg 
#### peer = Peer d67104e65b61fca1 [eth/63]
INFO [10-08|16:10:49] send Ready msg 
#### peer = Peer 94dd98401cf6ca04 [eth/63]
INFO [10-08|16:10:49] send Ready msg 
#### peer = Peer d67104e65b61fca1 [eth/63]
INFO [10-08|16:10:50] Handle BFT Msg,                          msg="msg #8 (78 bytes)"
INFO [10-08|16:10:50] ------Received ReadMsg------ 
AddReady from: [220 236 234 243 252 92 10 99 209 149 214 155 26 144 1 27 123 25 101 13]
INFO [10-08|16:10:50] send Ready msg 
#### peer = Peer d9d5b902798f5c42 [eth/63]
INFO [10-08|16:10:50] send Ready msg 
#### peer = Peer 94dd98401cf6ca04 [eth/63]
INFO [10-08|16:10:50] send Ready msg 
#### peer = Peer d67104e65b61fca1 [eth/63]
INFO [10-08|16:10:50] Handle BFT Msg,                          msg="msg #8 (78 bytes)"
INFO [10-08|16:10:50] ------Received ReadMsg------ 
AddReady from: [220 236 234 243 252 92 10 99 209 149 214 155 26 144 1 27 123 25 101 13]
INFO [10-08|16:10:50] Handle BFT Msg,                          msg="msg #8 (78 bytes)"
INFO [10-08|16:10:50] ------Received ReadMsg------ 
AddReady from: [220 236 234 243 252 92 10 99 209 149 214 155 26 144 1 27 123 25 101 13]
INFO [10-08|16:10:50] Handle BFT Msg,                          msg="msg #8 (78 bytes)"
INFO [10-08|16:10:50] ------Received ReadMsg------ 
AddReady from: [89 132 67 241 136 14 245 133 178 31 29 117 133 189 5 119 64 40 97 229]
INFO [10-08|16:10:50] send Ready msg 
#### peer = Peer d9d5b902798f5c42 [eth/63]
INFO [10-08|16:10:50] send Ready msg 
#### peer = Peer 94dd98401cf6ca04 [eth/63]
INFO [10-08|16:10:50] send Ready msg 
#### peer = Peer d67104e65b61fca1 [eth/63]
INFO [10-08|16:10:50] Handle BFT Msg,                          msg="msg #8 (78 bytes)"
INFO [10-08|16:10:50] ------Received ReadMsg------ 
AddReady from: [89 132 67 241 136 14 245 133 178 31 29 117 133 189 5 119 64 40 97 229]
INFO [10-08|16:10:50] Handle BFT Msg,                          msg="msg #8 (78 bytes)"
INFO [10-08|16:10:50] ------Received ReadMsg------ 
AddReady from: [89 132 67 241 136 14 245 133 178 31 29 117 133 189 5 119 64 40 97 229]
INFO [10-08|16:12:59] Transaction pool price threshold updated price=18000000000
INFO [10-08|16:12:59] Starting mining operation 
INFO [10-08|16:13:04] Commit new mining work                   number=1 txs=1598 uncles=0 elapsed=5.450s
INFO [10-08|16:13:04] Sealing                                  block n=1
StartConsensus, 1538986384881088000
INFO [10-08|16:13:04] Start Process 
INFO [10-08|16:13:04] in cm.Process, check lastCommittingLockset() 
INFO [10-08|16:13:04] In IsValid() 
len(lockset.Votes): 1 lockset.EligibleVotesNum: 0
INFO [10-08|16:13:04] in HasQuorum 
INFO [10-08|16:13:04] In IsValid() 
len(lockset.Votes): 1 lockset.EligibleVotesNum: 0
INFO [10-08|16:13:04] in sortByBlockhash 
made bhs, bhs: map[[111 60 28 34 114 80 121 51 60 176 50 117 65 207 97 154 170 82 172 187 58 33 229 200 29 126 81 195 42 27 241 56]:1]
made hs, hs: [{[111 60 28 34 114 80 121 51 60 176 50 117 65 207 97 154 170 82 172 187 58 33 229 200 29 126 81 195 42 27 241 56] 1}]
sorted hs, hs: [{[111 60 28 34 114 80 121 51 60 176 50 117 65 207 97 154 170 82 172 187 58 33 229 200 29 126 81 195 42 27 241 56] 1}]
=====CM.COINBASE IS:===== [125 87 122 89 123 39 66 180 152 203 92 240 194 108 220 215 38 211 158 110] block number is: 1
INFO [10-08|16:13:04] case: default, cm.process 
ready: 4 need: 2.6666667
INFO [10-08|16:13:04] ---------------process------------------ 
INFO [10-08|16:13:04] In RM Process                            height=1 round=0
INFO [10-08|16:13:04] --------In rm.propose------- 
INFO [10-08|16:13:04] I am a proposer in                       height=1 round=0
INFO [10-08|16:13:04] in propose, check lastRoundLockset 
lastRoundLockset, hm.activeround: 0
INFO [10-08|16:13:04] ------in mkProposal------ 
INFO [10-08|16:13:04] In IsValid() 
len(lockset.Votes): 1 lockset.EligibleVotesNum: 0
INFO [10-08|16:13:04] in HasQuorum 
INFO [10-08|16:13:04] In IsValid() 
len(lockset.Votes): 1 lockset.EligibleVotesNum: 0
INFO [10-08|16:13:04] in sortByBlockhash 
made bhs, bhs: map[[111 60 28 34 114 80 121 51 60 176 50 117 65 207 97 154 170 82 172 187 58 33 229 200 29 126 81 195 42 27 241 56]:1]
made hs, hs: [{[111 60 28 34 114 80 121 51 60 176 50 117 65 207 97 154 170 82 172 187 58 33 229 200 29 126 81 195 42 27 241 56] 1}]
sorted hs, hs: [{[111 60 28 34 114 80 121 51 60 176 50 117 65 207 97 154 170 82 172 187 58 33 229 200 29 126 81 195 42 27 241 56] 1}]
INFO [10-08|16:13:04] LockSet(R-1) is nil (rm.round should equal to zero) 
INFO [10-08|16:13:04] in HasQuorum 
INFO [10-08|16:13:04] In IsValid() 
len(lockset.Votes): 1 lockset.EligibleVotesNum: 0
INFO [10-08|16:13:04] in sortByBlockhash 
made bhs, bhs: map[[111 60 28 34 114 80 121 51 60 176 50 117 65 207 97 154 170 82 172 187 58 33 229 200 29 126 81 195 42 27 241 56]:1]
made hs, hs: [{[111 60 28 34 114 80 121 51 60 176 50 117 65 207 97 154 170 82 172 187 58 33 229 200 29 126 81 195 42 27 241 56] 1}]
sorted hs, hs: [{[111 60 28 34 114 80 121 51 60 176 50 117 65 207 97 154 170 82 172 187 58 33 229 200 29 126 81 195 42 27 241 56] 1}]
INFO [10-08|16:13:04] in HasQuorum 
INFO [10-08|16:13:04] In IsValid() 
len(lockset.Votes): 1 lockset.EligibleVotesNum: 0
INFO [10-08|16:13:04] in sortByBlockhash 
made bhs, bhs: map[[111 60 28 34 114 80 121 51 60 176 50 117 65 207 97 154 170 82 172 187 58 33 229 200 29 126 81 195 42 27 241 56]:1]
made hs, hs: [{[111 60 28 34 114 80 121 51 60 176 50 117 65 207 97 154 170 82 172 187 58 33 229 200 29 126 81 195 42 27 241 56] 1}]
sorted hs, hs: [{[111 60 28 34 114 80 121 51 60 176 50 117 65 207 97 154 170 82 172 187 58 33 229 200 29 126 81 195 42 27 241 56] 1}]
INFO [10-08|16:13:04] in newbp, 11 
INFO [10-08|16:13:04] in newbp, 12 
Create block blockhash :  [176 234 156 106 102 47 255 240 126 229 204 56 5 225 252 52 205 112 116 244 144 77 134 248 21 54 144 208 132 184 56 238]
INFO [10-08|16:13:04] In addBlockCandidates!! 
INFO [10-08|16:13:04] Send NewBlockProposalMsg:                LOG15_ERROR= LOG15_ERROR="Normalized odd number of arguments by adding nil"
INFO [10-08|16:13:05] Handle BFT Msg,                          msg="msg #18 (225 bytes)"
INFO [10-08|16:13:05] ------Received MsigProposalMsg------ 
I received msp from  Peer 94dd98401cf6ca04 [eth/63]
mpHR: H: 1 R: 0 hash: [176 234 156 106 102 47 255 240 126 229 204 56 5 225 252 52 205 112 116 244 144 77 134 248 21 54 144 208 132 184 56 238]
cmHR: H: 1 R: 0
INFO [10-08|16:13:05] --------------------------------------- 
H====:  1 P==== 0
@rm.proposerPeer = <nil>
INFO [10-08|16:13:05] In addMsig I am leader 
INFO [10-08|16:13:05] Removing Ethereum peer                   peer=94dd98401cf6ca04
panic: assignment to entry in nil map

goroutine 101 [running]:
github.com/ethereum/go-ethereum/consensus/bft/types.(*MsigProposal).mWithSignature(0xc429247700, 0xc427121950, 0x41, 0x41, 0xb442277b597a577d, 0xd7dc6cc2f05ccb98, 0x6e9ed326, 0x0, 0x0, 0x4)
	/Users/sujianwei20/new_misgcode/msigcode/build/_workspace/src/github.com/ethereum/go-ethereum/consensus/bft/types/bft_bases.go:1341 +0xed
github.com/ethereum/go-ethereum/consensus/bft/types.(*MsigProposal).mSignECDSA(0xc429247700, 0xc42017c720, 0xca25de3f1fda2690, 0xf2bac12a7cef43c2, 0x7da2bbf05709d3fb, 0xd4aab1cfd2aa8154, 0xb442277b597a577d, 0xd7dc6cc2f05ccb98, 0x6e9ed326, 0xc4284e23f0, ...)
	/Users/sujianwei20/new_misgcode/msigcode/build/_workspace/src/github.com/ethereum/go-ethereum/consensus/bft/types/bft_bases.go:1362 +0xfa
github.com/ethereum/go-ethereum/consensus/bft/types.(*MsigProposal).Msig(0xc429247700, 0xc42017c720, 0xb442277b597a577d, 0xd7dc6cc2f05ccb98, 0x6e9ed326, 0x0, 0x90)
	/Users/sujianwei20/new_misgcode/msigcode/build/_workspace/src/github.com/ethereum/go-ethereum/consensus/bft/types/bft_bases.go:1251 +0x1bb
github.com/ethereum/go-ethereum/consensus/bft.(*ConsensusManager).AddMsigProposal(0xc420208120, 0x5118280, 0xc429247700, 0xc4203a23c0, 0x0)
	/Users/sujianwei20/new_misgcode/msigcode/build/_workspace/src/github.com/ethereum/go-ethereum/consensus/bft/bft_manager.go:671 +0xc77
github.com/ethereum/go-ethereum/consensus/bft.(*ProtocolManager).handleBFTMsg(0xc4201cb500, 0xc4203a23c0, 0x0, 0x0)
	/Users/sujianwei20/new_misgcode/msigcode/build/_workspace/src/github.com/ethereum/go-ethereum/consensus/bft/handler.go:312 +0x13b5
github.com/ethereum/go-ethereum/consensus/bft.(*ProtocolManager).handle(0xc4201cb500, 0xc4203a23c0, 0x0, 0x0)
	/Users/sujianwei20/new_misgcode/msigcode/build/_workspace/src/github.com/ethereum/go-ethereum/consensus/bft/handler.go:185 +0x515
github.com/ethereum/go-ethereum/consensus/bft.NewProtocolManager.func1(0xc420174b40, 0x510d3e0, 0xc420092f50, 0x567e2b0, 0xc4201fad20)
	/Users/sujianwei20/new_misgcode/msigcode/build/_workspace/src/github.com/ethereum/go-ethereum/consensus/bft/handler.go:109 +0x6e
github.com/ethereum/go-ethereum/p2p.(*Peer).startProtocols.func1(0xc420092f50, 0xc420174b40)
	/Users/sujianwei20/new_misgcode/msigcode/build/_workspace/src/github.com/ethereum/go-ethereum/p2p/peer.go:301 +0x5d
created by github.com/ethereum/go-ethereum/p2p.(*Peer).startProtocols
	/Users/sujianwei20/new_misgcode/msigcode/build/_workspace/src/github.com/ethereum/go-ethereum/p2p/peer.go:300 +0x1d4
