INFO [10-28|16:07:08] Starting peer-to-peer node               instance=Geth/v1.6.7-unstable-5328d2c7/darwin-amd64/go1.9.7
INFO [10-28|16:07:08] Allocated cache and file handles         database=/Users/sujianwei20/new_misgcode/go_ethereum_cosi/examples/data/node2/geth/chaindata cache=128 handles=1024
WARN [10-28|16:07:08] Upgrading chain database to use sequential keys 
INFO [10-28|16:07:08] Database conversion successful 
INFO [10-28|16:07:08] Initialised chain configuration          config="{ChainID: 2235 Homestead: 1 DAO: <nil> DAOSupport: false EIP150: 2 EIP155: 3 EIP158: 3 Metropolis: <nil> Engine: ethash}"
INFO [10-28|16:07:08] config bft is                            bft=true
WARN [10-28|16:07:08] Upgrading db log bloom bins 
INFO [10-28|16:07:08] Bloom-bin upgrade completed              elapsed=178.676µs
INFO [10-28|16:07:08] Initialising Ethereum protocol           versions="[63 62]" network=2234
INFO [10-28|16:07:08] Loaded most recent local header          number=0 hash=6f3c1c…1bf138 td=1048576
INFO [10-28|16:07:08] Loaded most recent local full block      number=0 hash=6f3c1c…1bf138 td=1048576
INFO [10-28|16:07:08] Loaded most recent local fast block      number=0 hash=6f3c1c…1bf138 td=1048576
INFO [10-28|16:07:08] in NewTxPool, call resetState 
INFO [10-28|16:07:08] in NewTxPool, call pool.eventLoog() 
INFO [10-28|16:07:08] Allocated cache and file handles         database=/Users/sujianwei20/new_misgcode/go_ethereum_cosi/examples/data/node2/geth/bftData   cache=128 handles=1024
INFO [10-28|16:07:08] addVote to                               height=0 round=0 from=0x7d577a597b2742b498cb5cf0c26cdcd726d39e6e success=true cm.coinbase=0x7d577a597b2742b498cb5cf0c26cdcd726d39e6e
ready: 1 need: 2.6666667
INFO [10-28|16:07:08] consensusManager not ready  
ready: 1 need: 2.6666667
INFO [10-28|16:07:08] Starting P2P networking 
INFO [10-28|16:07:08] RLPx listener up                         self="enode://6d11b37ef4fc909ae1ec6c63584f99843f04ea9466730f8e58950c8c7262e6933ca3dd37304995604f567517e8c6e6074de37eab843f91475f713bd062067e61@[::]:30304?discport=0"
INFO [10-28|16:07:08] ---In BFTvalidatorCommitBlock--- 
INFO [10-28|16:07:08] IPC endpoint opened: /Users/sujianwei20/new_misgcode/go_ethereum_cosi/examples/data/node2/geth.ipc 
INFO [10-28|16:07:08] HTTP endpoint opened: http://127.0.0.1:8546 
INFO [10-28|16:07:08] Handle BFT Msg,                          msg="msg #8 (78 bytes)"
INFO [10-28|16:07:08] ------Received ReadMsg------ 
AddReady from: [220 236 234 243 252 92 10 99 209 149 214 155 26 144 1 27 123 25 101 13]
INFO [10-28|16:07:08] send Ready msg 
ready: 2 need: 2.6666667
INFO [10-28|16:07:08] consensusManager not ready  
ready: 2 need: 2.6666667
INFO [10-28|16:07:08] send Ready msg 
INFO [10-28|16:07:08] send Ready msg 
INFO [10-28|16:07:08] send Ready msg 
INFO [10-28|16:07:08] Handle BFT Msg,                          msg="msg #8 (78 bytes)"
INFO [10-28|16:07:08] ------Received ReadMsg------ 
AddReady from: [125 87 122 89 123 39 66 180 152 203 92 240 194 108 220 215 38 211 158 110]
INFO [10-28|16:07:08] Handle BFT Msg,                          msg="msg #8 (78 bytes)"
INFO [10-28|16:07:08] ------Received ReadMsg------ 
INFO [10-28|16:07:08] Handle BFT Msg,                          msg="msg #8 (78 bytes)"
INFO [10-28|16:07:08] ------Received ReadMsg------ 
AddReady from: [125 87 122 89 123 39 66 180 152 203 92 240 194 108 220 215 38 211 158 110]
AddReady from: [125 87 122 89 123 39 66 180 152 203 92 240 194 108 220 215 38 211 158 110]
INFO [10-28|16:07:08] Handle BFT Msg,                          msg="msg #8 (78 bytes)"
INFO [10-28|16:07:08] ------Received ReadMsg------ 
AddReady from: [89 132 67 241 136 14 245 133 178 31 29 117 133 189 5 119 64 40 97 229]
INFO [10-28|16:07:08] send Ready msg 
INFO [10-28|16:07:08] send Ready msg 
INFO [10-28|16:07:08] send Ready msg 
INFO [10-28|16:07:08] Handle BFT Msg,                          msg="msg #8 (78 bytes)"
INFO [10-28|16:07:08] ------Received ReadMsg------ 
AddReady from: [89 132 67 241 136 14 245 133 178 31 29 117 133 189 5 119 64 40 97 229]
INFO [10-28|16:07:08] Handle BFT Msg,                          msg="msg #8 (78 bytes)"
INFO [10-28|16:07:08] ------Received ReadMsg------ 
AddReady from: [89 132 67 241 136 14 245 133 178 31 29 117 133 189 5 119 64 40 97 229]
INFO [10-28|16:07:08] Handle BFT Msg,                          msg="msg #8 (78 bytes)"
INFO [10-28|16:07:08] ------Received ReadMsg------ 
AddReady from: [220 236 234 243 252 92 10 99 209 149 214 155 26 144 1 27 123 25 101 13]
INFO [10-28|16:07:08] send Ready msg 
INFO [10-28|16:07:08] Handle BFT Msg,                          msg="msg #8 (78 bytes)"
INFO [10-28|16:07:08] ------Received ReadMsg------ 
INFO [10-28|16:07:08] send Ready msg 
INFO [10-28|16:07:08] send Ready msg 
AddReady from: [220 236 234 243 252 92 10 99 209 149 214 155 26 144 1 27 123 25 101 13]
INFO [10-28|16:07:08] Handle BFT Msg,                          msg="msg #8 (78 bytes)"
INFO [10-28|16:07:08] ------Received ReadMsg------ 
AddReady from: [220 236 234 243 252 92 10 99 209 149 214 155 26 144 1 27 123 25 101 13]
INFO [10-28|16:07:09] Handle BFT Msg,                          msg="msg #8 (78 bytes)"
INFO [10-28|16:07:09] ------Received ReadMsg------ 
AddReady from: [130 169 120 179 245 150 42 91 9 87 217 238 158 239 71 46 229 91 66 241]
INFO [10-28|16:07:09] send Ready msg 
INFO [10-28|16:07:09] send Ready msg 
INFO [10-28|16:07:09] send Ready msg 
INFO [10-28|16:07:09] Handle BFT Msg,                          msg="msg #8 (78 bytes)"
INFO [10-28|16:07:09] ------Received ReadMsg------ 
AddReady from: [130 169 120 179 245 150 42 91 9 87 217 238 158 239 71 46 229 91 66 241]
INFO [10-28|16:07:09] Handle BFT Msg,                          msg="msg #8 (78 bytes)"
INFO [10-28|16:07:09] ------Received ReadMsg------ 
AddReady from: [130 169 120 179 245 150 42 91 9 87 217 238 158 239 71 46 229 91 66 241]
INFO [10-28|16:07:09] Handle BFT Msg,                          msg="msg #8 (78 bytes)"
INFO [10-28|16:07:09] ------Received ReadMsg------ 
AddReady from: [130 169 120 179 245 150 42 91 9 87 217 238 158 239 71 46 229 91 66 241]
ready: 4 need: 2.6666667
ready: 4 need: 2.6666667
INFO [10-28|16:07:09] send Ready msg 
INFO [10-28|16:07:09] send Ready msg 
INFO [10-28|16:07:09] send Ready msg 
INFO [10-28|16:07:09] -----------------consensusManager Ready------------------------- 
INFO [10-28|16:07:09] Handle BFT Msg,                          msg="msg #8 (78 bytes)"
INFO [10-28|16:07:09] ------Received ReadMsg------ 
AddReady from: [125 87 122 89 123 39 66 180 152 203 92 240 194 108 220 215 38 211 158 110]
INFO [10-28|16:07:09] Handle BFT Msg,                          msg="msg #8 (78 bytes)"
INFO [10-28|16:07:09] ------Received ReadMsg------ 
INFO [10-28|16:07:09] Handle BFT Msg,                          msg="msg #8 (78 bytes)"
INFO [10-28|16:07:09] ------Received ReadMsg------ 
AddReady from: [125 87 122 89 123 39 66 180 152 203 92 240 194 108 220 215 38 211 158 110]
AddReady from: [125 87 122 89 123 39 66 180 152 203 92 240 194 108 220 215 38 211 158 110]
INFO [10-28|16:09:18] Transaction pool price threshold updated price=18000000000
INFO [10-28|16:09:18] Starting mining operation 
INFO [10-28|16:09:20] Commit new mining work                   number=1 txs=1598 uncles=0 elapsed=2.144s
INFO [10-28|16:09:20] Sealing                                  block n=1
StartConsensus, 1540714160421436000
INFO [10-28|16:09:20] Start Process 
INFO [10-28|16:09:20] in cm.Process, check lastCommittingLockset() 
INFO [10-28|16:09:20] In IsValid() 
len(lockset.Votes): 1 lockset.EligibleVotesNum: 0
INFO [10-28|16:09:20] in HasQuorum 
INFO [10-28|16:09:20] In IsValid() 
len(lockset.Votes): 1 lockset.EligibleVotesNum: 0
=====CM.COINBASE IS:===== [125 87 122 89 123 39 66 180 152 203 92 240 194 108 220 215 38 211 158 110] block number is: 1
INFO [10-28|16:09:20] case: default, cm.process 
ready: 4 need: 2.6666667
INFO [10-28|16:09:20] ---------------process------------------ 
INFO [10-28|16:09:20] In RM Process                            height=1 round=0
INFO [10-28|16:09:20] --------In rm.propose------- 
INFO [10-28|16:09:20] I am a proposer in                       height=1 round=0
INFO [10-28|16:09:20] in propose, check lastRoundLockset 
lastRoundLockset, hm.activeround: 0
INFO [10-28|16:09:20] ------in mkProposal------ 
INFO [10-28|16:09:20] In IsValid() 
len(lockset.Votes): 1 lockset.EligibleVotesNum: 0
INFO [10-28|16:09:20] in HasQuorum 
INFO [10-28|16:09:20] In IsValid() 
len(lockset.Votes): 1 lockset.EligibleVotesNum: 0
INFO [10-28|16:09:20] LockSet(R-1) is nil (rm.round should equal to zero) 
INFO [10-28|16:09:20] in HasQuorum 
INFO [10-28|16:09:20] In IsValid() 
len(lockset.Votes): 1 lockset.EligibleVotesNum: 0
INFO [10-28|16:09:20] in HasQuorum 
INFO [10-28|16:09:20] In IsValid() 
len(lockset.Votes): 1 lockset.EligibleVotesNum: 0
Create block blockhash :  [180 233 249 15 187 236 55 42 233 160 102 193 187 22 162 100 44 160 5 15 19 53 68 230 240 154 164 236 107 66 215 68]
INFO [10-28|16:09:20] In addBlockCandidates!! 
INFO [10-28|16:09:20] Send NewBlockProposalMsg:                LOG15_ERROR= LOG15_ERROR="Normalized odd number of arguments by adding nil"
INFO [10-28|16:09:20] ---------------in rm.vote----------------- 
INFO [10-28|16:09:20] in vote in RM                            height=1 round=0
INFO [10-28|16:09:20] Timeout time not reach, curr vs timeout: curr=1540714160.000 timeout=1540714165.000
INFO [10-28|16:09:20] in rm.process, check lockset HasQuorum 
INFO [10-28|16:09:20] in HasQuorum 
INFO [10-28|16:09:20] In IsValid() 
len(lockset.Votes): 0 lockset.EligibleVotesNum: 4
INFO [10-28|16:09:20] rm lockset is not valid yet 
INFO [10-28|16:09:20] after cm.process() 
INFO [10-28|16:09:20] Handle BFT Msg,                          msg="msg #18 (345 bytes)"
INFO [10-28|16:09:20] ------Received MsigProposalMsg------ 
mpHR: H: 1 R: 0 hash: [180 233 249 15 187 236 55 42 233 160 102 193 187 22 162 100 44 160 5 15 19 53 68 230 240 154 164 236 107 66 215 68]
cmHR: H: 1 R: 0
INFO [10-28|16:09:20] --------------------------------------- 
INFO [10-28|16:09:20] in MsigFinished 
len(mp.Msig.MsigVs): 2 mp.MsigVs: [0 27]
INFO [10-28|16:09:20] ------addmsigproposal success!------- 
INFO [10-28|16:09:20] Handle BFT Msg,                          msg="msg #18 (345 bytes)"
INFO [10-28|16:09:20] ------Received MsigProposalMsg------ 
mpHR: H: 1 R: 0 hash: [180 233 249 15 187 236 55 42 233 160 102 193 187 22 162 100 44 160 5 15 19 53 68 230 240 154 164 236 107 66 215 68]
cmHR: H: 1 R: 0
INFO [10-28|16:09:20] --------------------------------------- 
INFO [10-28|16:09:20] in MsigFinished 
len(mp.Msig.MsigVs): 2 mp.MsigVs: [0 27]
INFO [10-28|16:09:20] ------addmsigproposal success!------- 
INFO [10-28|16:09:20] case: default, cm.process 
ready: 4 need: 2.6666667
INFO [10-28|16:09:20] ---------------process------------------ 
INFO [10-28|16:09:20] In RM Process                            height=1 round=0
INFO [10-28|16:09:20] --------In rm.propose------- 
INFO [10-28|16:09:20] I am a proposer in                       height=1 round=0
INFO [10-28|16:09:20] ---------------in rm.vote----------------- 
INFO [10-28|16:09:20] in vote in RM                            height=1 round=0
INFO [10-28|16:09:20] vote mp 
INFO [10-28|16:09:20] vote success in                          height=1 round=0
INFO [10-28|16:09:20] Send VoteMsg 
INFO [10-28|16:09:20] in rm.process, check lockset HasQuorum 
INFO [10-28|16:09:20] in HasQuorum 
INFO [10-28|16:09:20] In IsValid() 
len(lockset.Votes): 1 lockset.EligibleVotesNum: 4
INFO [10-28|16:09:20] rm lockset is not valid yet 
INFO [10-28|16:09:20] after cm.process() 
INFO [10-28|16:09:20] Handle BFT Msg,                          msg="msg #17 (107 bytes)"
INFO [10-28|16:09:20] ------Received VoteMsg------ 
voteHR: H: 1 R: 0 voteType:: 1 voteHash: [180 233 249 15 187 236 55 42 233 160 102 193 187 22 162 100 44 160 5 15 19 53 68 230 240 154 164 236 107 66 215 68]
cmHR: H: 1 R: 0
INFO [10-28|16:09:20] --------------------------------------- 
INFO [10-28|16:09:20] addVote to                               height=1 round=0 from=0x82a978b3f5962a5b0957d9ee9eef472ee55b42f1 success=true cm.coinbase=0x7d577a597b2742b498cb5cf0c26cdcd726d39e6e
INFO [10-28|16:09:20] ------in handle VoteMsg, success!------ 
INFO [10-28|16:09:20] Handle BFT Msg,                          msg="msg #17 (107 bytes)"
INFO [10-28|16:09:20] ------Received VoteMsg------ 
voteHR: H: 1 R: 0 voteType:: 1 voteHash: [180 233 249 15 187 236 55 42 233 160 102 193 187 22 162 100 44 160 5 15 19 53 68 230 240 154 164 236 107 66 215 68]
cmHR: H: 1 R: 0
INFO [10-28|16:09:20] --------------------------------------- 
INFO [10-28|16:09:20] addVote to                               height=1 round=0 from=0x598443f1880ef585b21f1d7585bd0577402861e5 success=true cm.coinbase=0x7d577a597b2742b498cb5cf0c26cdcd726d39e6e
INFO [10-28|16:09:20] ------in handle VoteMsg, success!------ 
INFO [10-28|16:09:20] received NewBlockMsg! 
INFO [10-28|16:09:20] ***in BFT.VVVVerifyHeader*** 
INFO [10-28|16:09:20] case: default, cm.process 
ready: 4 need: 2.6666667
INFO [10-28|16:09:20] ---------------process------------------ 
INFO [10-28|16:09:20] In RM Process                            height=1 round=0
INFO [10-28|16:09:20] --------In rm.propose------- 
INFO [10-28|16:09:20] I am a proposer in                       height=1 round=0
INFO [10-28|16:09:20] ---------------in rm.vote----------------- 
INFO [10-28|16:09:20] voted 
INFO [10-28|16:09:20] in rm.process, check lockset HasQuorum 
INFO [10-28|16:09:20] in HasQuorum 
INFO [10-28|16:09:20] In IsValid() 
len(lockset.Votes): 3 lockset.EligibleVotesNum: 4
INFO [10-28|16:09:20] There is a quorum                        height=1 round=0
INFO [10-28|16:09:20] ============in cm.commitLockset============ 
INFO [10-28|16:09:20] in commitLockset, check ls HasQuorum 
INFO [10-28|16:09:20] in HasQuorum 
INFO [10-28|16:09:20] In IsValid() 
len(lockset.Votes): 3 lockset.EligibleVotesNum: 4
INFO [10-28|16:09:20] cm.found is not nil 
INFO [10-28|16:09:20] store lockset 
INFO [10-28|16:09:20] ---storeLockset--- 
INFO [10-28|16:09:20] after cm.process() 
INFO [10-28|16:09:20] have a consensus on the block 
ConsensusTime, 268909837 , txs, 1598 , blockNum, 1
FinishedConsensus, 1540714160690326000
INFO [10-28|16:09:20] Successfully sealed new block            number=1 hash=b4e9f9…42d744
INFO [10-28|16:09:20] === Finished Mine() === 
INFO [10-28|16:09:20] ***in BFT.verifyHeader*** 
INFO [10-28|16:09:20] ***in BFT.verifySeal*** 
INFO [10-28|16:09:20] In verifyVotes 
INFO [10-28|16:09:20] in HasQuorum 
INFO [10-28|16:09:20] In IsValid() 
len(lockset.Votes): 3 lockset.EligibleVotesNum: 4
INFO [10-28|16:09:20] ***in BFT.VerifyHeaderSSSS*** 
INFO [10-28|16:09:20] ***in BFT.verifyHeader*** 
INFO [10-28|16:09:20] ***in BFT.verifySeal*** 
INFO [10-28|16:09:20] In verifyVotes 
INFO [10-28|16:09:20] in HasQuorum 
INFO [10-28|16:09:20] In IsValid() 
len(lockset.Votes): 3 lockset.EligibleVotesNum: 4
INFO [10-28|16:09:20] 🔨 mined potential block                  number=1 hash=b4e9f9…42d744
INFO [10-28|16:09:20] in pool.evenLoop, call pool.resetState 
INFO [10-28|16:09:20] Handle BFT Msg,                          msg="msg #17 (107 bytes)"
INFO [10-28|16:09:20] ------Received VoteMsg------ 
voteHR: H: 1 R: 0 voteType:: 1 voteHash: [180 233 249 15 187 236 55 42 233 160 102 193 187 22 162 100 44 160 5 15 19 53 68 230 240 154 164 236 107 66 215 68]
cmHR: H: 2 R: 0
INFO [10-28|16:09:20] --------------------------------------- 
INFO [10-28|16:09:20] addVote to                               height=1 round=0 from=0xdceceaf3fc5c0a63d195d69b1a90011b7b19650d success=true cm.coinbase=0x7d577a597b2742b498cb5cf0c26cdcd726d39e6e
INFO [10-28|16:09:20] ------in handle VoteMsg, success!------ 
INFO [10-28|16:09:22] Commit new mining work                   number=2 txs=1599 uncles=0 elapsed=2.257s
INFO [10-28|16:09:22] Sealing                                  block n=2
StartConsensus, 1540714162997426000
INFO [10-28|16:09:22] Start Process 
INFO [10-28|16:09:22] in cm.Process, check lastCommittingLockset() 
INFO [10-28|16:09:22] In IsValid() 
len(lockset.Votes): 4 lockset.EligibleVotesNum: 4
INFO [10-28|16:09:22] in HasQuorum 
INFO [10-28|16:09:23] In IsValid() 
len(lockset.Votes): 4 lockset.EligibleVotesNum: 4
=====CM.COINBASE IS:===== [125 87 122 89 123 39 66 180 152 203 92 240 194 108 220 215 38 211 158 110] block number is: 2
INFO [10-28|16:09:23] case: default, cm.process 
ready: 4 need: 2.6666667
INFO [10-28|16:09:23] ---------------process------------------ 
INFO [10-28|16:09:23] In RM Process                            height=2 round=0
INFO [10-28|16:09:23] --------In rm.propose------- 
INFO [10-28|16:09:23] ---------------in rm.vote----------------- 
INFO [10-28|16:09:23] in vote in RM                            height=2 round=0
INFO [10-28|16:09:23] Timeout time not reach, curr vs timeout: curr=1540714163.000 timeout=1540714168.000
INFO [10-28|16:09:23] in rm.process, check lockset HasQuorum 
INFO [10-28|16:09:23] in HasQuorum 
INFO [10-28|16:09:23] In IsValid() 
len(lockset.Votes): 0 lockset.EligibleVotesNum: 4
INFO [10-28|16:09:23] rm lockset is not valid yet 
INFO [10-28|16:09:23] after cm.process() 
INFO [10-28|16:09:23] case: default, cm.process 
ready: 4 need: 2.6666667
INFO [10-28|16:09:23] ---------------process------------------ 
INFO [10-28|16:09:23] In RM Process                            height=2 round=0
INFO [10-28|16:09:23] --------In rm.propose------- 
INFO [10-28|16:09:23] ---------------in rm.vote----------------- 
INFO [10-28|16:09:23] in vote in RM                            height=2 round=0
INFO [10-28|16:09:23] Timeout time not reach, curr vs timeout: curr=1540714163.000 timeout=1540714168.000
INFO [10-28|16:09:23] in rm.process, check lockset HasQuorum 
INFO [10-28|16:09:23] in HasQuorum 
INFO [10-28|16:09:23] In IsValid() 
len(lockset.Votes): 0 lockset.EligibleVotesNum: 4
INFO [10-28|16:09:23] rm lockset is not valid yet 
INFO [10-28|16:09:23] after cm.process() 
INFO [10-28|16:09:23] case: default, cm.process 
ready: 4 need: 2.6666667
INFO [10-28|16:09:23] ---------------process------------------ 
INFO [10-28|16:09:23] In RM Process                            height=2 round=0
INFO [10-28|16:09:23] --------In rm.propose------- 
INFO [10-28|16:09:23] ---------------in rm.vote----------------- 
INFO [10-28|16:09:23] in vote in RM                            height=2 round=0
INFO [10-28|16:09:23] Timeout time not reach, curr vs timeout: curr=1540714163.000 timeout=1540714168.000
INFO [10-28|16:09:23] in rm.process, check lockset HasQuorum 
INFO [10-28|16:09:23] in HasQuorum 
INFO [10-28|16:09:23] In IsValid() 
len(lockset.Votes): 0 lockset.EligibleVotesNum: 4
INFO [10-28|16:09:23] rm lockset is not valid yet 
INFO [10-28|16:09:23] after cm.process() 
INFO [10-28|16:09:23] case: default, cm.process 
ready: 4 need: 2.6666667
INFO [10-28|16:09:23] ---------------process------------------ 
INFO [10-28|16:09:23] In RM Process                            height=2 round=0
INFO [10-28|16:09:23] --------In rm.propose------- 
INFO [10-28|16:09:23] ---------------in rm.vote----------------- 
INFO [10-28|16:09:23] in vote in RM                            height=2 round=0
INFO [10-28|16:09:23] Timeout time not reach, curr vs timeout: curr=1540714163.000 timeout=1540714168.000
INFO [10-28|16:09:23] in rm.process, check lockset HasQuorum 
INFO [10-28|16:09:23] in HasQuorum 
INFO [10-28|16:09:23] In IsValid() 
len(lockset.Votes): 0 lockset.EligibleVotesNum: 4
INFO [10-28|16:09:23] rm lockset is not valid yet 
INFO [10-28|16:09:23] after cm.process() 
INFO [10-28|16:09:23] case: default, cm.process 
ready: 4 need: 2.6666667
INFO [10-28|16:09:23] ---------------process------------------ 
INFO [10-28|16:09:23] In RM Process                            height=2 round=0
INFO [10-28|16:09:23] --------In rm.propose------- 
INFO [10-28|16:09:23] ---------------in rm.vote----------------- 
INFO [10-28|16:09:23] in vote in RM                            height=2 round=0
INFO [10-28|16:09:23] Timeout time not reach, curr vs timeout: curr=1540714163.000 timeout=1540714168.000
INFO [10-28|16:09:23] in rm.process, check lockset HasQuorum 
INFO [10-28|16:09:23] in HasQuorum 
INFO [10-28|16:09:23] In IsValid() 
len(lockset.Votes): 0 lockset.EligibleVotesNum: 4
INFO [10-28|16:09:23] rm lockset is not valid yet 
INFO [10-28|16:09:23] after cm.process() 
INFO [10-28|16:09:23] case: default, cm.process 
ready: 4 need: 2.6666667
INFO [10-28|16:09:23] ---------------process------------------ 
INFO [10-28|16:09:23] In RM Process                            height=2 round=0
INFO [10-28|16:09:23] --------In rm.propose------- 
INFO [10-28|16:09:23] ---------------in rm.vote----------------- 
INFO [10-28|16:09:23] in vote in RM                            height=2 round=0
INFO [10-28|16:09:23] Timeout time not reach, curr vs timeout: curr=1540714163.000 timeout=1540714168.000
INFO [10-28|16:09:23] in rm.process, check lockset HasQuorum 
INFO [10-28|16:09:23] in HasQuorum 
INFO [10-28|16:09:23] In IsValid() 
len(lockset.Votes): 0 lockset.EligibleVotesNum: 4
INFO [10-28|16:09:23] rm lockset is not valid yet 
INFO [10-28|16:09:23] after cm.process() 
INFO [10-28|16:09:23] case: default, cm.process 
ready: 4 need: 2.6666667
INFO [10-28|16:09:23] ---------------process------------------ 
INFO [10-28|16:09:23] In RM Process                            height=2 round=0
INFO [10-28|16:09:23] --------In rm.propose------- 
INFO [10-28|16:09:23] ---------------in rm.vote----------------- 
INFO [10-28|16:09:23] in vote in RM                            height=2 round=0
INFO [10-28|16:09:23] Timeout time not reach, curr vs timeout: curr=1540714163.000 timeout=1540714168.000
INFO [10-28|16:09:23] in rm.process, check lockset HasQuorum 
INFO [10-28|16:09:23] in HasQuorum 
INFO [10-28|16:09:23] In IsValid() 
len(lockset.Votes): 0 lockset.EligibleVotesNum: 4
INFO [10-28|16:09:23] rm lockset is not valid yet 
INFO [10-28|16:09:23] after cm.process() 
INFO [10-28|16:09:23] case: default, cm.process 
ready: 4 need: 2.6666667
INFO [10-28|16:09:23] ---------------process------------------ 
INFO [10-28|16:09:23] In RM Process                            height=2 round=0
INFO [10-28|16:09:23] --------In rm.propose------- 
INFO [10-28|16:09:23] ---------------in rm.vote----------------- 
INFO [10-28|16:09:23] in vote in RM                            height=2 round=0
INFO [10-28|16:09:23] Timeout time not reach, curr vs timeout: curr=1540714163.000 timeout=1540714168.000
INFO [10-28|16:09:23] in rm.process, check lockset HasQuorum 
INFO [10-28|16:09:23] in HasQuorum 
INFO [10-28|16:09:23] In IsValid() 
len(lockset.Votes): 0 lockset.EligibleVotesNum: 4
INFO [10-28|16:09:23] rm lockset is not valid yet 
INFO [10-28|16:09:23] after cm.process() 
INFO [10-28|16:09:23] case: default, cm.process 
ready: 4 need: 2.6666667
INFO [10-28|16:09:23] ---------------process------------------ 
INFO [10-28|16:09:23] In RM Process                            height=2 round=0
INFO [10-28|16:09:23] --------In rm.propose------- 
INFO [10-28|16:09:23] ---------------in rm.vote----------------- 
INFO [10-28|16:09:23] in vote in RM                            height=2 round=0
INFO [10-28|16:09:23] Timeout time not reach, curr vs timeout: curr=1540714163.000 timeout=1540714168.000
INFO [10-28|16:09:23] in rm.process, check lockset HasQuorum 
INFO [10-28|16:09:23] in HasQuorum 
INFO [10-28|16:09:23] In IsValid() 
len(lockset.Votes): 0 lockset.EligibleVotesNum: 4
INFO [10-28|16:09:23] rm lockset is not valid yet 
INFO [10-28|16:09:23] after cm.process() 
INFO [10-28|16:09:23] Handle BFT Msg,                          msg="msg #11 (173334 bytes)"
INFO [10-28|16:09:23] -------Received NewBlockProposalMsg------- 
INFO [10-28|16:09:23] Handle BFT Msg,                          msg="msg #18 (662 bytes)"
INFO [10-28|16:09:23] ------Received MsigProposalMsg------ 
mpHR: H: 2 R: 0 hash: [76 137 6 217 196 210 125 30 14 37 27 146 76 99 229 241 177 247 242 132 97 51 75 135 5 3 126 63 120 201 25 176]
cmHR: H: 2 R: 0
INFO [10-28|16:09:23] --------------------------------------- 
INFO [10-28|16:09:23] received mp before p, wait for a while 
bpHR: H: 2 R: 0
cmHR: H: 2 R: 0
INFO [10-28|16:09:23] --------------------------------------- 
# collMsig from = Peer 94dd98401cf6ca04 [eth/63]
cmHR: H: 2 R: 0
this is rm.proposerPeer  Peer 94dd98401cf6ca04 [eth/63]
INFO [10-28|16:09:23] In IsValid() 
len(lockset.Votes): 0 lockset.EligibleVotesNum: 0
INFO [10-28|16:09:23] cm add BlockProposal                     h=2 r=0
INFO [10-28|16:09:23] in HasQuorum 
INFO [10-28|16:09:23] In IsValid() 
len(lockset.Votes): 4 lockset.EligibleVotesNum: 4
INFO [10-28|16:09:23] In addBlockCandidates!! 
INFO [10-28|16:09:23] -------in handle NewBlockProposalMsg, success!------- 
INFO [10-28|16:09:23] case: default, cm.process 
ready: 4 need: 2.6666667
INFO [10-28|16:09:23] ---------------process------------------ 
INFO [10-28|16:09:23] In RM Process                            height=2 round=0
INFO [10-28|16:09:23] --------In rm.propose------- 
INFO [10-28|16:09:23] ---------------in rm.vote----------------- 
INFO [10-28|16:09:23] in vote in RM                            height=2 round=0
INFO [10-28|16:09:23] Timeout time not reach, curr vs timeout: curr=1540714163.000 timeout=1540714168.000
INFO [10-28|16:09:23] in rm.process, check lockset HasQuorum 
INFO [10-28|16:09:23] in HasQuorum 
INFO [10-28|16:09:23] In IsValid() 
len(lockset.Votes): 0 lockset.EligibleVotesNum: 4
INFO [10-28|16:09:23] rm lockset is not valid yet 
INFO [10-28|16:09:23] after cm.process() 
INFO [10-28|16:09:23] Handle BFT Msg,                          msg="msg #17 (107 bytes)"
INFO [10-28|16:09:23] ------Received VoteMsg------ 
voteHR: H: 2 R: 0 voteType:: 1 voteHash: [76 137 6 217 196 210 125 30 14 37 27 146 76 99 229 241 177 247 242 132 97 51 75 135 5 3 126 63 120 201 25 176]
cmHR: H: 2 R: 0
INFO [10-28|16:09:23] --------------------------------------- 
INFO [10-28|16:09:23] addVote to                               height=2 round=0 from=0x82a978b3f5962a5b0957d9ee9eef472ee55b42f1 success=true cm.coinbase=0x7d577a597b2742b498cb5cf0c26cdcd726d39e6e
INFO [10-28|16:09:23] ------in handle VoteMsg, success!------ 
INFO [10-28|16:09:24] Handle BFT Msg,                          msg="msg #17 (107 bytes)"
INFO [10-28|16:09:24] ------Received VoteMsg------ 
voteHR: H: 2 R: 0 voteType:: 1 voteHash: [76 137 6 217 196 210 125 30 14 37 27 146 76 99 229 241 177 247 242 132 97 51 75 135 5 3 126 63 120 201 25 176]
cmHR: H: 2 R: 0
INFO [10-28|16:09:24] --------------------------------------- 
INFO [10-28|16:09:24] addVote to                               height=2 round=0 from=0xdceceaf3fc5c0a63d195d69b1a90011b7b19650d success=true cm.coinbase=0x7d577a597b2742b498cb5cf0c26cdcd726d39e6e
INFO [10-28|16:09:24] ------in handle VoteMsg, success!------ 
INFO [10-28|16:09:24] in MsigFinished 
len(mp.Msig.MsigVs): 2 mp.MsigVs: [0 27]
INFO [10-28|16:09:24] ------addmsigproposal success!------- 
INFO [10-28|16:09:24] Handle BFT Msg,                          msg="msg #17 (107 bytes)"
INFO [10-28|16:09:24] ------Received VoteMsg------ 
voteHR: H: 2 R: 0 voteType:: 1 voteHash: [76 137 6 217 196 210 125 30 14 37 27 146 76 99 229 241 177 247 242 132 97 51 75 135 5 3 126 63 120 201 25 176]
cmHR: H: 2 R: 0
INFO [10-28|16:09:24] --------------------------------------- 
INFO [10-28|16:09:24] addVote to                               height=2 round=0 from=0x598443f1880ef585b21f1d7585bd0577402861e5 success=true cm.coinbase=0x7d577a597b2742b498cb5cf0c26cdcd726d39e6e
INFO [10-28|16:09:24] ------in handle VoteMsg, success!------ 
INFO [10-28|16:09:24] case: default, cm.process 
ready: 4 need: 2.6666667
INFO [10-28|16:09:24] ---------------process------------------ 
INFO [10-28|16:09:24] In RM Process                            height=2 round=0
INFO [10-28|16:09:24] --------In rm.propose------- 
INFO [10-28|16:09:24] ---------------in rm.vote----------------- 
INFO [10-28|16:09:24] in vote in RM                            height=2 round=0
INFO [10-28|16:09:24] vote mp 
INFO [10-28|16:09:24] vote success in                          height=2 round=0
INFO [10-28|16:09:24] Send VoteMsg 
INFO [10-28|16:09:24] in rm.process, check lockset HasQuorum 
INFO [10-28|16:09:24] in HasQuorum 
INFO [10-28|16:09:24] In IsValid() 
len(lockset.Votes): 4 lockset.EligibleVotesNum: 4
INFO [10-28|16:09:24] There is a quorum                        height=2 round=0
--- in rm.process p.id: --- Peer 94dd98401cf6ca04 [eth/63]
INFO [10-28|16:09:24] ============in cm.commitLockset============ 
INFO [10-28|16:09:24] in commitLockset, check ls HasQuorum 
INFO [10-28|16:09:24] in HasQuorum 
INFO [10-28|16:09:24] In IsValid() 
len(lockset.Votes): 4 lockset.EligibleVotesNum: 4
INFO [10-28|16:09:24] cm.found is not nil 
INFO [10-28|16:09:24] store lockset 
peerid: 94dd98401cf6ca04
INFO [10-28|16:09:24] have a consensus on the block 
cmH 2
INFO [10-28|16:09:24] result.Header().Coinbase != b.signer 
result.Header().Coinbase: [220 236 234 243 252 92 10 99 209 149 214 155 26 144 1 27 123 25 101 13] b.signer: [125 87 122 89 123 39 66 180 152 203 92 240 194 108 220 215 38 211 158 110]
ConsensusTime, 1045156683 , txs, 1599 , blockNum, 2
INFO [10-28|16:09:24] in validatorCommit1 
FinishedConsensus, 1540714164026172000
INFO [10-28|16:09:24] result is nil 
pid: 94dd98401cf6ca04
INFO [10-28|16:09:24] === Finished Mine() === 
block number 2
INFO [10-28|16:09:24] ---storeLockset--- 
-------in NewBFTValidatorBlock-------
INFO [10-28|16:09:24] in validatorCommit2 
validatorCommit time: 213.822µs
INFO [10-28|16:09:24] **in eth.handler**, get result from ch 
INFO [10-28|16:09:24] after cm.process() 
INFO [10-28|16:09:24] ***in BFT.VVVVerifyHeader*** 
INFO [10-28|16:09:24] ***in BFT.verifyHeader*** 
INFO [10-28|16:09:24] ***in BFT.verifySeal*** 
INFO [10-28|16:09:24] In verifyVotes 
INFO [10-28|16:09:24] in HasQuorum 
INFO [10-28|16:09:24] In IsValid() 
len(lockset.Votes): 4 lockset.EligibleVotesNum: 4
INFO [10-28|16:09:24] ***in BFT.VerifyHeaderSSSS*** 
INFO [10-28|16:09:24] ***in BFT.verifyHeader*** 
INFO [10-28|16:09:24] ***in BFT.verifySeal*** 
INFO [10-28|16:09:24] In verifyVotes 
INFO [10-28|16:09:24] in HasQuorum 
INFO [10-28|16:09:24] In IsValid() 
len(lockset.Votes): 4 lockset.EligibleVotesNum: 4
INFO [10-28|16:09:24] Handle BFT Msg,                          msg="msg #9 (3 bytes)"
INFO [10-28|16:09:24] -------GetLocksetsMsg------- 
GetLockSetsMsg request:  [{2}] from:  d9d5b902798f5c42
INFO [10-28|16:09:24] Request future block 
INFO [10-28|16:09:24] received NewBlockMsg! 
INFO [10-28|16:09:25] Imported new chain segment               blocks=1 txs=1599 mgas=33.579 elapsed=1.170s    mgasps=28.677 number=2 hash=4c8906…c919b0
FinishedPostExec, 1540714165197734000 , txs, 1599
PostExecTime, 1.170943725s
INFO [10-28|16:09:25] in pool.evenLoop, call pool.resetState 
INFO [10-28|16:09:27] Commit new mining work                   number=3 txs=1599 uncles=0 elapsed=1.920s
INFO [10-28|16:09:27] Sealing                                  block n=3
StartConsensus, 1540714167118741000
INFO [10-28|16:09:27] Start Process 
INFO [10-28|16:09:27] in cm.Process, check lastCommittingLockset() 
INFO [10-28|16:09:27] In IsValid() 
len(lockset.Votes): 4 lockset.EligibleVotesNum: 4
INFO [10-28|16:09:27] in HasQuorum 
INFO [10-28|16:09:27] In IsValid() 
len(lockset.Votes): 4 lockset.EligibleVotesNum: 4
=====CM.COINBASE IS:===== [125 87 122 89 123 39 66 180 152 203 92 240 194 108 220 215 38 211 158 110] block number is: 3
INFO [10-28|16:09:27] case: default, cm.process 
ready: 4 need: 2.6666667
INFO [10-28|16:09:27] ---------------process------------------ 
INFO [10-28|16:09:27] In RM Process                            height=3 round=0
INFO [10-28|16:09:27] --------In rm.propose------- 
INFO [10-28|16:09:27] ---------------in rm.vote----------------- 
INFO [10-28|16:09:27] in vote in RM                            height=3 round=0
INFO [10-28|16:09:27] Timeout time not reach, curr vs timeout: curr=1540714167.000 timeout=1540714172.000
INFO [10-28|16:09:27] in rm.process, check lockset HasQuorum 
INFO [10-28|16:09:27] in HasQuorum 
INFO [10-28|16:09:27] In IsValid() 
len(lockset.Votes): 0 lockset.EligibleVotesNum: 4
INFO [10-28|16:09:27] rm lockset is not valid yet 
INFO [10-28|16:09:27] after cm.process() 
INFO [10-28|16:09:27] Handle BFT Msg,                          msg="msg #11 (173336 bytes)"
INFO [10-28|16:09:27] -------Received NewBlockProposalMsg------- 
INFO [10-28|16:09:27] case: default, cm.process 
ready: 4 need: 2.6666667
INFO [10-28|16:09:27] ---------------process------------------ 
INFO [10-28|16:09:27] In RM Process                            height=3 round=0
INFO [10-28|16:09:27] --------In rm.propose------- 
INFO [10-28|16:09:27] ---------------in rm.vote----------------- 
INFO [10-28|16:09:27] in vote in RM                            height=3 round=0
INFO [10-28|16:09:27] Timeout time not reach, curr vs timeout: curr=1540714167.000 timeout=1540714172.000
INFO [10-28|16:09:27] in rm.process, check lockset HasQuorum 
INFO [10-28|16:09:27] in HasQuorum 
INFO [10-28|16:09:27] In IsValid() 
len(lockset.Votes): 0 lockset.EligibleVotesNum: 4
INFO [10-28|16:09:27] rm lockset is not valid yet 
INFO [10-28|16:09:27] after cm.process() 
bpHR: H: 3 R: 0
cmHR: H: 3 R: 0
INFO [10-28|16:09:27] --------------------------------------- 
# collMsig from = Peer d9d5b902798f5c42 [eth/63]
cmHR: H: 3 R: 0
this is rm.proposerPeer  Peer d9d5b902798f5c42 [eth/63]
INFO [10-28|16:09:27] In IsValid() 
len(lockset.Votes): 0 lockset.EligibleVotesNum: 0
INFO [10-28|16:09:27] cm add BlockProposal                     h=3 r=0
INFO [10-28|16:09:27] in HasQuorum 
INFO [10-28|16:09:27] In IsValid() 
len(lockset.Votes): 4 lockset.EligibleVotesNum: 4
INFO [10-28|16:09:27] In addBlockCandidates!! 
INFO [10-28|16:09:27] -------in handle NewBlockProposalMsg, success!------- 
INFO [10-28|16:09:27] Handle BFT Msg,                          msg="msg #18 (662 bytes)"
INFO [10-28|16:09:27] ------Received MsigProposalMsg------ 
mpHR: H: 3 R: 0 hash: [16 123 197 49 225 86 78 72 12 225 220 199 89 69 10 110 212 40 92 85 254 88 143 160 240 128 4 40 251 92 105 218]
cmHR: H: 3 R: 0
INFO [10-28|16:09:27] --------------------------------------- 
INFO [10-28|16:09:27] in MsigFinished 
len(mp.Msig.MsigVs): 2 mp.MsigVs: [0 28]
INFO [10-28|16:09:27] ------addmsigproposal success!------- 
INFO [10-28|16:09:27] case: default, cm.process 
ready: 4 need: 2.6666667
INFO [10-28|16:09:27] ---------------process------------------ 
INFO [10-28|16:09:27] In RM Process                            height=3 round=0
INFO [10-28|16:09:27] --------In rm.propose------- 
INFO [10-28|16:09:27] ---------------in rm.vote----------------- 
INFO [10-28|16:09:27] in vote in RM                            height=3 round=0
INFO [10-28|16:09:27] vote mp 
INFO [10-28|16:09:27] vote success in                          height=3 round=0
INFO [10-28|16:09:27] Send VoteMsg 
INFO [10-28|16:09:27] in rm.process, check lockset HasQuorum 
INFO [10-28|16:09:27] in HasQuorum 
INFO [10-28|16:09:27] In IsValid() 
len(lockset.Votes): 1 lockset.EligibleVotesNum: 4
INFO [10-28|16:09:27] rm lockset is not valid yet 
INFO [10-28|16:09:27] after cm.process() 
INFO [10-28|16:09:27] Handle BFT Msg,                          msg="msg #17 (107 bytes)"
INFO [10-28|16:09:27] ------Received VoteMsg------ 
voteHR: H: 3 R: 0 voteType:: 1 voteHash: [16 123 197 49 225 86 78 72 12 225 220 199 89 69 10 110 212 40 92 85 254 88 143 160 240 128 4 40 251 92 105 218]
cmHR: H: 3 R: 0
INFO [10-28|16:09:27] --------------------------------------- 
INFO [10-28|16:09:27] addVote to                               height=3 round=0 from=0x598443f1880ef585b21f1d7585bd0577402861e5 success=true cm.coinbase=0x7d577a597b2742b498cb5cf0c26cdcd726d39e6e
INFO [10-28|16:09:27] ------in handle VoteMsg, success!------ 
INFO [10-28|16:09:27] Handle BFT Msg,                          msg="msg #17 (107 bytes)"
INFO [10-28|16:09:27] ------Received VoteMsg------ 
voteHR: H: 3 R: 0 voteType:: 1 voteHash: [16 123 197 49 225 86 78 72 12 225 220 199 89 69 10 110 212 40 92 85 254 88 143 160 240 128 4 40 251 92 105 218]
cmHR: H: 3 R: 0
INFO [10-28|16:09:27] --------------------------------------- 
INFO [10-28|16:09:27] addVote to                               height=3 round=0 from=0xdceceaf3fc5c0a63d195d69b1a90011b7b19650d success=true cm.coinbase=0x7d577a597b2742b498cb5cf0c26cdcd726d39e6e
INFO [10-28|16:09:27] ------in handle VoteMsg, success!------ 
INFO [10-28|16:09:27] Handle BFT Msg,                          msg="msg #9 (3 bytes)"
INFO [10-28|16:09:27] -------GetLocksetsMsg------- 
GetLockSetsMsg request:  [{3}] from:  d9d5b902798f5c42
INFO [10-28|16:09:27] Request future block 
INFO [10-28|16:09:27] case: default, cm.process 
ready: 4 need: 2.6666667
INFO [10-28|16:09:27] ---------------process------------------ 
INFO [10-28|16:09:27] In RM Process                            height=3 round=0
INFO [10-28|16:09:27] --------In rm.propose------- 
INFO [10-28|16:09:27] ---------------in rm.vote----------------- 
INFO [10-28|16:09:27] voted 
INFO [10-28|16:09:27] in rm.process, check lockset HasQuorum 
INFO [10-28|16:09:27] in HasQuorum 
INFO [10-28|16:09:27] In IsValid() 
len(lockset.Votes): 3 lockset.EligibleVotesNum: 4
INFO [10-28|16:09:27] There is a quorum                        height=3 round=0
--- in rm.process p.id: --- Peer d9d5b902798f5c42 [eth/63]
INFO [10-28|16:09:27] ============in cm.commitLockset============ 
INFO [10-28|16:09:27] in commitLockset, check ls HasQuorum 
INFO [10-28|16:09:27] in HasQuorum 
INFO [10-28|16:09:27] In IsValid() 
len(lockset.Votes): 3 lockset.EligibleVotesNum: 4
INFO [10-28|16:09:27] cm.found is not nil 
INFO [10-28|16:09:27] store lockset 
peerid: d9d5b902798f5c42
cmH 3
INFO [10-28|16:09:27] have a consensus on the block 
INFO [10-28|16:09:27] result.Header().Coinbase != b.signer 
result.Header().Coinbase: [89 132 67 241 136 14 245 133 178 31 29 117 133 189 5 119 64 40 97 229] b.signer: [125 87 122 89 123 39 66 180 152 203 92 240 194 108 220 215 38 211 158 110]
INFO [10-28|16:09:27] ---storeLockset--- 
ConsensusTime, 309258005 , txs, 1599 , blockNum, 3
FinishedConsensus, 1540714167428039000
INFO [10-28|16:09:27] in validatorCommit1 
pid: d9d5b902798f5c42
block number 3
INFO [10-28|16:09:27] result is nil 
-------in NewBFTValidatorBlock-------
INFO [10-28|16:09:27] === Finished Mine() === 
INFO [10-28|16:09:27] after cm.process() 
INFO [10-28|16:09:27] in validatorCommit2 
validatorCommit time: 256.533µs
INFO [10-28|16:09:27] **in eth.handler**, get result from ch 
INFO [10-28|16:09:27] ***in BFT.VVVVerifyHeader*** 
INFO [10-28|16:09:27] ***in BFT.verifyHeader*** 
INFO [10-28|16:09:27] ***in BFT.verifySeal*** 
INFO [10-28|16:09:27] In verifyVotes 
INFO [10-28|16:09:27] in HasQuorum 
INFO [10-28|16:09:27] In IsValid() 
len(lockset.Votes): 3 lockset.EligibleVotesNum: 4
INFO [10-28|16:09:27] ***in BFT.VerifyHeaderSSSS*** 
INFO [10-28|16:09:27] ***in BFT.verifyHeader*** 
INFO [10-28|16:09:27] ***in BFT.verifySeal*** 
INFO [10-28|16:09:27] In verifyVotes 
INFO [10-28|16:09:27] in HasQuorum 
INFO [10-28|16:09:27] In IsValid() 
len(lockset.Votes): 3 lockset.EligibleVotesNum: 4
INFO [10-28|16:09:27] Handle BFT Msg,                          msg="msg #17 (107 bytes)"
INFO [10-28|16:09:27] ------Received VoteMsg------ 
voteHR: H: 3 R: 0 voteType:: 1 voteHash: [16 123 197 49 225 86 78 72 12 225 220 199 89 69 10 110 212 40 92 85 254 88 143 160 240 128 4 40 251 92 105 218]
cmHR: H: 3 R: 0
INFO [10-28|16:09:27] --------------------------------------- 
INFO [10-28|16:09:27] addVote to                               height=3 round=0 from=0x82a978b3f5962a5b0957d9ee9eef472ee55b42f1 success=true cm.coinbase=0x7d577a597b2742b498cb5cf0c26cdcd726d39e6e
INFO [10-28|16:09:27] ------in handle VoteMsg, success!------ 
INFO [10-28|16:09:27] received NewBlockMsg! 
INFO [10-28|16:09:28] Imported new chain segment               blocks=1 txs=1599 mgas=33.579 elapsed=1.071s    mgasps=31.352 number=3 hash=107bc5…5c69da
FinishedPostExec, 1540714168499671000 , txs, 1599
PostExecTime, 1.071047429s
INFO [10-28|16:09:28] in pool.evenLoop, call pool.resetState 
INFO [10-28|16:09:30] Commit new mining work                   number=4 txs=1600 uncles=0 elapsed=1.605s
INFO [10-28|16:09:30] Sealing                                  block n=4
StartConsensus, 1540714170105195000
INFO [10-28|16:09:30] Start Process 
INFO [10-28|16:09:30] in cm.Process, check lastCommittingLockset() 
INFO [10-28|16:09:30] In IsValid() 
len(lockset.Votes): 4 lockset.EligibleVotesNum: 4
INFO [10-28|16:09:30] in HasQuorum 
INFO [10-28|16:09:30] In IsValid() 
len(lockset.Votes): 4 lockset.EligibleVotesNum: 4
=====CM.COINBASE IS:===== [125 87 122 89 123 39 66 180 152 203 92 240 194 108 220 215 38 211 158 110] block number is: 4
INFO [10-28|16:09:30] case: default, cm.process 
ready: 4 need: 2.6666667
INFO [10-28|16:09:30] ---------------process------------------ 
INFO [10-28|16:09:30] In RM Process                            height=4 round=0
INFO [10-28|16:09:30] --------In rm.propose------- 
INFO [10-28|16:09:30] ---------------in rm.vote----------------- 
INFO [10-28|16:09:30] in vote in RM                            height=4 round=0
INFO [10-28|16:09:30] Timeout time not reach, curr vs timeout: curr=1540714170.000 timeout=1540714175.000
INFO [10-28|16:09:30] in rm.process, check lockset HasQuorum 
INFO [10-28|16:09:30] in HasQuorum 
INFO [10-28|16:09:30] In IsValid() 
len(lockset.Votes): 0 lockset.EligibleVotesNum: 4
INFO [10-28|16:09:30] rm lockset is not valid yet 
INFO [10-28|16:09:30] after cm.process() 
INFO [10-28|16:09:30] case: default, cm.process 
ready: 4 need: 2.6666667
INFO [10-28|16:09:30] ---------------process------------------ 
INFO [10-28|16:09:30] In RM Process                            height=4 round=0
INFO [10-28|16:09:30] --------In rm.propose------- 
INFO [10-28|16:09:30] ---------------in rm.vote----------------- 
INFO [10-28|16:09:30] in vote in RM                            height=4 round=0
INFO [10-28|16:09:30] Timeout time not reach, curr vs timeout: curr=1540714170.000 timeout=1540714175.000
INFO [10-28|16:09:30] in rm.process, check lockset HasQuorum 
INFO [10-28|16:09:30] in HasQuorum 
INFO [10-28|16:09:30] In IsValid() 
len(lockset.Votes): 0 lockset.EligibleVotesNum: 4
INFO [10-28|16:09:30] rm lockset is not valid yet 
INFO [10-28|16:09:30] after cm.process() 
INFO [10-28|16:09:30] case: default, cm.process 
ready: 4 need: 2.6666667
INFO [10-28|16:09:30] ---------------process------------------ 
INFO [10-28|16:09:30] In RM Process                            height=4 round=0
INFO [10-28|16:09:30] --------In rm.propose------- 
INFO [10-28|16:09:30] ---------------in rm.vote----------------- 
INFO [10-28|16:09:30] in vote in RM                            height=4 round=0
INFO [10-28|16:09:30] Timeout time not reach, curr vs timeout: curr=1540714170.000 timeout=1540714175.000
INFO [10-28|16:09:30] in rm.process, check lockset HasQuorum 
INFO [10-28|16:09:30] in HasQuorum 
INFO [10-28|16:09:30] In IsValid() 
len(lockset.Votes): 0 lockset.EligibleVotesNum: 4
INFO [10-28|16:09:30] rm lockset is not valid yet 
INFO [10-28|16:09:30] after cm.process() 
INFO [10-28|16:09:30] Handle BFT Msg,                          msg="msg #11 (173453 bytes)"
INFO [10-28|16:09:30] -------Received NewBlockProposalMsg------- 
bpHR: H: 4 R: 0
cmHR: H: 4 R: 0
INFO [10-28|16:09:30] --------------------------------------- 
# collMsig from = Peer d67104e65b61fca1 [eth/63]
cmHR: H: 4 R: 0
this is rm.proposerPeer  Peer d67104e65b61fca1 [eth/63]
INFO [10-28|16:09:30] In IsValid() 
len(lockset.Votes): 0 lockset.EligibleVotesNum: 0
INFO [10-28|16:09:30] cm add BlockProposal                     h=4 r=0
INFO [10-28|16:09:30] in HasQuorum 
INFO [10-28|16:09:30] In IsValid() 
len(lockset.Votes): 4 lockset.EligibleVotesNum: 4
INFO [10-28|16:09:30] in collectMsig, i am msig wintness 
INFO [10-28|16:09:30] in bfthandler Send MsigProposalMsg 
INFO [10-28|16:09:30] Sending MsigProposalMsg 
INFO [10-28|16:09:30] Sending MsigProposalMsg 
INFO [10-28|16:09:30] Sending MsigProposalMsg 
INFO [10-28|16:09:30] Return MsigProposalMsg to                LOG15_ERROR=                                                   LOG15_ERROR="Normalized odd number of arguments by adding nil"
INFO [10-28|16:09:30] Sending MsigProposalMsg 
in cm.collectMsig, mp.MsigVs: [<nil> 28]
INFO [10-28|16:09:30] In addBlockCandidates!! 
INFO [10-28|16:09:30] -------in handle NewBlockProposalMsg, success!------- 
INFO [10-28|16:09:30] Handle BFT Msg,                          msg="msg #17 (107 bytes)"
INFO [10-28|16:09:30] ------Received VoteMsg------ 
voteHR: H: 4 R: 0 voteType:: 1 voteHash: [230 227 95 216 221 147 173 202 11 28 110 198 239 25 45 40 160 83 204 77 227 231 158 199 249 203 102 43 71 95 31 76]
cmHR: H: 4 R: 0
INFO [10-28|16:09:30] --------------------------------------- 
INFO [10-28|16:09:30] addVote to                               height=4 round=0 from=0xdceceaf3fc5c0a63d195d69b1a90011b7b19650d success=true cm.coinbase=0x7d577a597b2742b498cb5cf0c26cdcd726d39e6e
INFO [10-28|16:09:30] ------in handle VoteMsg, success!------ 
INFO [10-28|16:09:30] case: default, cm.process 
ready: 4 need: 2.6666667
INFO [10-28|16:09:30] ---------------process------------------ 
INFO [10-28|16:09:30] In RM Process                            height=4 round=0
INFO [10-28|16:09:30] --------In rm.propose------- 
INFO [10-28|16:09:30] ---------------in rm.vote----------------- 
INFO [10-28|16:09:30] in vote in RM                            height=4 round=0
INFO [10-28|16:09:30] vote mp 
INFO [10-28|16:09:30] vote success in                          height=4 round=0
INFO [10-28|16:09:30] Send VoteMsg 
INFO [10-28|16:09:30] in rm.process, check lockset HasQuorum 
INFO [10-28|16:09:30] in HasQuorum 
INFO [10-28|16:09:30] In IsValid() 
len(lockset.Votes): 2 lockset.EligibleVotesNum: 4
INFO [10-28|16:09:30] rm lockset is not valid yet 
INFO [10-28|16:09:30] after cm.process() 
INFO [10-28|16:09:30] Handle BFT Msg,                          msg="msg #17 (107 bytes)"
INFO [10-28|16:09:30] ------Received VoteMsg------ 
voteHR: H: 4 R: 0 voteType:: 1 voteHash: [230 227 95 216 221 147 173 202 11 28 110 198 239 25 45 40 160 83 204 77 227 231 158 199 249 203 102 43 71 95 31 76]
cmHR: H: 4 R: 0
INFO [10-28|16:09:30] --------------------------------------- 
INFO [10-28|16:09:30] addVote to                               height=4 round=0 from=0x82a978b3f5962a5b0957d9ee9eef472ee55b42f1 success=true cm.coinbase=0x7d577a597b2742b498cb5cf0c26cdcd726d39e6e
INFO [10-28|16:09:30] ------in handle VoteMsg, success!------ 
INFO [10-28|16:09:30] received NewBlockMsg! 
INFO [10-28|16:09:30] ***in BFT.VVVVerifyHeader*** 
INFO [10-28|16:09:30] ***in BFT.verifyHeader*** 
INFO [10-28|16:09:30] ***in BFT.verifySeal*** 
INFO [10-28|16:09:30] In verifyVotes 
INFO [10-28|16:09:30] ***in sync.request()*** 
INFO [10-28|16:09:30] case: default, cm.process 
ready: 4 need: 2.6666667
INFO [10-28|16:09:30] ---------------process------------------ 
INFO [10-28|16:09:30] In RM Process                            height=4 round=0
INFO [10-28|16:09:30] --------In rm.propose------- 
INFO [10-28|16:09:30] ---------------in rm.vote----------------- 
INFO [10-28|16:09:30] voted 
INFO [10-28|16:09:30] in rm.process, check lockset HasQuorum 
INFO [10-28|16:09:30] in HasQuorum 
INFO [10-28|16:09:30] In IsValid() 
len(lockset.Votes): 3 lockset.EligibleVotesNum: 4
INFO [10-28|16:09:30] There is a quorum                        height=4 round=0
--- in rm.process p.id: --- Peer d67104e65b61fca1 [eth/63]
INFO [10-28|16:09:30] ============in cm.commitLockset============ 
INFO [10-28|16:09:30] in commitLockset, check ls HasQuorum 
INFO [10-28|16:09:30] in HasQuorum 
INFO [10-28|16:09:30] In IsValid() 
len(lockset.Votes): 3 lockset.EligibleVotesNum: 4
INFO [10-28|16:09:30] cm.found is not nil 
INFO [10-28|16:09:30] store lockset 
peerid: d67104e65b61fca1
INFO [10-28|16:09:30] ---storeLockset--- 
INFO [10-28|16:09:30] after cm.process() 
cmH 4
INFO [10-28|16:09:30] in validatorCommit1 
pid: d67104e65b61fca1
block number 4
-------in NewBFTValidatorBlock-------
INFO [10-28|16:09:30] in validatorCommit2 
validatorCommit time: 82.131µs
INFO [10-28|16:09:30] **in eth.handler**, get result from ch 
INFO [10-28|16:09:30] have a consensus on the block 
INFO [10-28|16:09:30] result.Header().Coinbase != b.signer 
result.Header().Coinbase: [130 169 120 179 245 150 42 91 9 87 217 238 158 239 71 46 229 91 66 241] b.signer: [125 87 122 89 123 39 66 180 152 203 92 240 194 108 220 215 38 211 158 110]
ConsensusTime, 410145199 , txs, 1600 , blockNum, 4
FinishedConsensus, 1540714170515347000
INFO [10-28|16:09:30] result is nil 
INFO [10-28|16:09:30] === Finished Mine() === 
INFO [10-28|16:09:30] Handle BFT Msg,                          msg="msg #9 (3 bytes)"
INFO [10-28|16:09:30] -------GetLocksetsMsg------- 
GetLockSetsMsg request:  [{4}] from:  d9d5b902798f5c42
INFO [10-28|16:09:30] Request future block 
INFO [10-28|16:09:30] In verifyVotes 
INFO [10-28|16:09:30] in HasQuorum 
INFO [10-28|16:09:30] In IsValid() 
len(lockset.Votes): 3 lockset.EligibleVotesNum: 4
INFO [10-28|16:09:30] ***in BFT.VerifyHeaderSSSS*** 
INFO [10-28|16:09:30] ***in BFT.verifyHeader*** 
INFO [10-28|16:09:30] ***in BFT.verifySeal*** 
INFO [10-28|16:09:30] In verifyVotes 
INFO [10-28|16:09:30] in HasQuorum 
INFO [10-28|16:09:30] In IsValid() 
len(lockset.Votes): 3 lockset.EligibleVotesNum: 4
INFO [10-28|16:09:31] Handle BFT Msg,                          msg="msg #9 (3 bytes)"
INFO [10-28|16:09:31] -------GetLocksetsMsg------- 
GetLockSetsMsg request:  [{4}] from:  d9d5b902798f5c42
INFO [10-28|16:09:31] Request future block 
INFO [10-28|16:09:31] Handle BFT Msg,                          msg="msg #9 (3 bytes)"
INFO [10-28|16:09:31] -------GetLocksetsMsg------- 
GetLockSetsMsg request:  [{4}] from:  d9d5b902798f5c42
INFO [10-28|16:09:31] Request future block 
INFO [10-28|16:09:31] Handle BFT Msg,                          msg="msg #9 (3 bytes)"
INFO [10-28|16:09:31] -------GetLocksetsMsg------- 
GetLockSetsMsg request:  [{4}] from:  d9d5b902798f5c42
INFO [10-28|16:09:31] Request future block 
INFO [10-28|16:09:31] Handle BFT Msg,                          msg="msg #9 (3 bytes)"
INFO [10-28|16:09:31] -------GetLocksetsMsg------- 
GetLockSetsMsg request:  [{4}] from:  d9d5b902798f5c42
INFO [10-28|16:09:31] Request future block 
INFO [10-28|16:09:31] Handle BFT Msg,                          msg="msg #9 (3 bytes)"
INFO [10-28|16:09:31] -------GetLocksetsMsg------- 
GetLockSetsMsg request:  [{4}] from:  d9d5b902798f5c42
INFO [10-28|16:09:31] Request future block 
INFO [10-28|16:09:32] Imported new chain segment               blocks=1 txs=1600 mgas=33.600 elapsed=1.510s    mgasps=22.248 number=4 hash=e6e35f…5f1f4c
FinishedPostExec, 1540714172179436000 , txs, 1600
PostExecTime, 1.510217692s
INFO [10-28|16:09:32] in pool.evenLoop, call pool.resetState 
INFO [10-28|16:09:33] Handle BFT Msg,                          msg="msg #17 (107 bytes)"
INFO [10-28|16:09:33] ------Received VoteMsg------ 
voteHR: H: 4 R: 0 voteType:: 1 voteHash: [230 227 95 216 221 147 173 202 11 28 110 198 239 25 45 40 160 83 204 77 227 231 158 199 249 203 102 43 71 95 31 76]
cmHR: H: 5 R: 0
INFO [10-28|16:09:33] --------------------------------------- 
INFO [10-28|16:09:33] addVote to                               height=4 round=0 from=0x598443f1880ef585b21f1d7585bd0577402861e5 success=true cm.coinbase=0x7d577a597b2742b498cb5cf0c26cdcd726d39e6e
INFO [10-28|16:09:33] ------in handle VoteMsg, success!------ 
INFO [10-28|16:09:34] Commit new mining work                   number=5 txs=1601 uncles=0 elapsed=2.351s
INFO [10-28|16:09:34] Sealing                                  block n=5
StartConsensus, 1540714174531491000
INFO [10-28|16:09:34] Start Process 
INFO [10-28|16:09:34] in cm.Process, check lastCommittingLockset() 
INFO [10-28|16:09:34] In IsValid() 
len(lockset.Votes): 4 lockset.EligibleVotesNum: 4
INFO [10-28|16:09:34] in HasQuorum 
INFO [10-28|16:09:34] In IsValid() 
len(lockset.Votes): 4 lockset.EligibleVotesNum: 4
=====CM.COINBASE IS:===== [125 87 122 89 123 39 66 180 152 203 92 240 194 108 220 215 38 211 158 110] block number is: 5
INFO [10-28|16:09:34] case: default, cm.process 
ready: 4 need: 2.6666667
INFO [10-28|16:09:34] ---------------process------------------ 
INFO [10-28|16:09:34] In RM Process                            height=5 round=0
INFO [10-28|16:09:34] --------In rm.propose------- 
INFO [10-28|16:09:34] I am a proposer in                       height=5 round=0
INFO [10-28|16:09:34] in propose, check lastRoundLockset 
lastRoundLockset, hm.activeround: 0
INFO [10-28|16:09:34] ------in mkProposal------ 
INFO [10-28|16:09:34] In IsValid() 
len(lockset.Votes): 4 lockset.EligibleVotesNum: 4
INFO [10-28|16:09:34] in HasQuorum 
INFO [10-28|16:09:34] In IsValid() 
len(lockset.Votes): 4 lockset.EligibleVotesNum: 4
INFO [10-28|16:09:34] LockSet(R-1) is nil (rm.round should equal to zero) 
INFO [10-28|16:09:34] in HasQuorum 
INFO [10-28|16:09:34] In IsValid() 
len(lockset.Votes): 4 lockset.EligibleVotesNum: 4
INFO [10-28|16:09:34] in HasQuorum 
INFO [10-28|16:09:34] In IsValid() 
len(lockset.Votes): 4 lockset.EligibleVotesNum: 4
Create block blockhash :  [55 121 212 97 247 138 75 46 171 80 69 108 114 15 143 10 193 216 158 82 200 10 213 0 225 92 69 238 43 27 249 36]
INFO [10-28|16:09:34] In addBlockCandidates!! 
INFO [10-28|16:09:34] Send NewBlockProposalMsg:                LOG15_ERROR=                                                   LOG15_ERROR="Normalized odd number of arguments by adding nil"
INFO [10-28|16:09:34] ---------------in rm.vote----------------- 
INFO [10-28|16:09:34] in vote in RM                            height=5 round=0
INFO [10-28|16:09:34] Timeout time not reach, curr vs timeout: curr=1540714174.000 timeout=1540714179.000
INFO [10-28|16:09:34] in rm.process, check lockset HasQuorum 
INFO [10-28|16:09:34] in HasQuorum 
INFO [10-28|16:09:34] In IsValid() 
len(lockset.Votes): 0 lockset.EligibleVotesNum: 4
INFO [10-28|16:09:34] rm lockset is not valid yet 
INFO [10-28|16:09:34] after cm.process() 
INFO [10-28|16:09:34] Handle BFT Msg,                          msg="msg #18 (662 bytes)"
INFO [10-28|16:09:34] ------Received MsigProposalMsg------ 
mpHR: H: 5 R: 0 hash: [55 121 212 97 247 138 75 46 171 80 69 108 114 15 143 10 193 216 158 82 200 10 213 0 225 92 69 238 43 27 249 36]
cmHR: H: 5 R: 0
INFO [10-28|16:09:34] --------------------------------------- 
INFO [10-28|16:09:34] in MsigFinished 
len(mp.Msig.MsigVs): 2 mp.MsigVs: [0 28]
INFO [10-28|16:09:34] ------addmsigproposal success!------- 
INFO [10-28|16:09:34] Handle BFT Msg,                          msg="msg #18 (662 bytes)"
INFO [10-28|16:09:34] ------Received MsigProposalMsg------ 
mpHR: H: 5 R: 0 hash: [55 121 212 97 247 138 75 46 171 80 69 108 114 15 143 10 193 216 158 82 200 10 213 0 225 92 69 238 43 27 249 36]
cmHR: H: 5 R: 0
INFO [10-28|16:09:34] --------------------------------------- 
INFO [10-28|16:09:34] in MsigFinished 
len(mp.Msig.MsigVs): 2 mp.MsigVs: [0 28]
INFO [10-28|16:09:34] ------addmsigproposal success!------- 
INFO [10-28|16:09:34] Handle BFT Msg,                          msg="msg #17 (107 bytes)"
INFO [10-28|16:09:34] ------Received VoteMsg------ 
voteHR: H: 5 R: 0 voteType:: 1 voteHash: [55 121 212 97 247 138 75 46 171 80 69 108 114 15 143 10 193 216 158 82 200 10 213 0 225 92 69 238 43 27 249 36]
cmHR: H: 5 R: 0
INFO [10-28|16:09:34] --------------------------------------- 
INFO [10-28|16:09:34] addVote to                               height=5 round=0 from=0xdceceaf3fc5c0a63d195d69b1a90011b7b19650d success=true cm.coinbase=0x7d577a597b2742b498cb5cf0c26cdcd726d39e6e
INFO [10-28|16:09:34] ------in handle VoteMsg, success!------ 
INFO [10-28|16:09:34] case: default, cm.process 
ready: 4 need: 2.6666667
INFO [10-28|16:09:34] ---------------process------------------ 
INFO [10-28|16:09:34] In RM Process                            height=5 round=0
INFO [10-28|16:09:34] --------In rm.propose------- 
INFO [10-28|16:09:34] I am a proposer in                       height=5 round=0
INFO [10-28|16:09:34] ---------------in rm.vote----------------- 
INFO [10-28|16:09:34] in vote in RM                            height=5 round=0
INFO [10-28|16:09:34] vote mp 
INFO [10-28|16:09:34] vote success in                          height=5 round=0
INFO [10-28|16:09:34] Send VoteMsg 
INFO [10-28|16:09:34] in rm.process, check lockset HasQuorum 
INFO [10-28|16:09:34] in HasQuorum 
INFO [10-28|16:09:34] In IsValid() 
len(lockset.Votes): 2 lockset.EligibleVotesNum: 4
INFO [10-28|16:09:34] rm lockset is not valid yet 
INFO [10-28|16:09:34] after cm.process() 
INFO [10-28|16:09:34] Handle BFT Msg,                          msg="msg #17 (107 bytes)"
INFO [10-28|16:09:34] ------Received VoteMsg------ 
voteHR: H: 5 R: 0 voteType:: 1 voteHash: [55 121 212 97 247 138 75 46 171 80 69 108 114 15 143 10 193 216 158 82 200 10 213 0 225 92 69 238 43 27 249 36]
cmHR: H: 5 R: 0
INFO [10-28|16:09:34] --------------------------------------- 
INFO [10-28|16:09:34] addVote to                               height=5 round=0 from=0x82a978b3f5962a5b0957d9ee9eef472ee55b42f1 success=true cm.coinbase=0x7d577a597b2742b498cb5cf0c26cdcd726d39e6e
INFO [10-28|16:09:34] ------in handle VoteMsg, success!------ 
INFO [10-28|16:09:34] case: default, cm.process 
ready: 4 need: 2.6666667
INFO [10-28|16:09:34] ---------------process------------------ 
INFO [10-28|16:09:34] In RM Process                            height=5 round=0
INFO [10-28|16:09:34] --------In rm.propose------- 
INFO [10-28|16:09:34] I am a proposer in                       height=5 round=0
INFO [10-28|16:09:34] ---------------in rm.vote----------------- 
INFO [10-28|16:09:34] voted 
INFO [10-28|16:09:34] in rm.process, check lockset HasQuorum 
INFO [10-28|16:09:34] in HasQuorum 
INFO [10-28|16:09:34] In IsValid() 
len(lockset.Votes): 3 lockset.EligibleVotesNum: 4
INFO [10-28|16:09:34] There is a quorum                        height=5 round=0
INFO [10-28|16:09:34] ============in cm.commitLockset============ 
INFO [10-28|16:09:34] in commitLockset, check ls HasQuorum 
INFO [10-28|16:09:34] in HasQuorum 
INFO [10-28|16:09:34] In IsValid() 
len(lockset.Votes): 3 lockset.EligibleVotesNum: 4
INFO [10-28|16:09:34] cm.found is not nil 
INFO [10-28|16:09:34] store lockset 
INFO [10-28|16:09:34] ---storeLockset--- 
INFO [10-28|16:09:34] have a consensus on the block 
ConsensusTime, 255025264 , txs, 1601 , blockNum, 5
FinishedConsensus, 1540714174786547000
INFO [10-28|16:09:34] after cm.process() 
INFO [10-28|16:09:34] Successfully sealed new block            number=5 hash=3779d4…1bf924
INFO [10-28|16:09:34] === Finished Mine() === 
INFO [10-28|16:09:34] 🔨 mined potential block                  number=5 hash=3779d4…1bf924
INFO [10-28|16:09:34] in pool.evenLoop, call pool.resetState 
INFO [10-28|16:09:34] Handle BFT Msg,                          msg="msg #9 (3 bytes)"
INFO [10-28|16:09:34] -------GetLocksetsMsg------- 
GetLockSetsMsg request:  [{5}] from:  d9d5b902798f5c42
INFO [10-28|16:09:34]  Sending Lockset                         LOG15_ERROR=                                                   LOG15_ERROR="Normalized odd number of arguments by adding nil"
INFO [10-28|16:09:35] Handle BFT Msg,                          msg="msg #17 (107 bytes)"
INFO [10-28|16:09:35] ------Received VoteMsg------ 
voteHR: H: 5 R: 0 voteType:: 1 voteHash: [55 121 212 97 247 138 75 46 171 80 69 108 114 15 143 10 193 216 158 82 200 10 213 0 225 92 69 238 43 27 249 36]
cmHR: H: 6 R: 0
INFO [10-28|16:09:35] --------------------------------------- 
INFO [10-28|16:09:35] addVote to                               height=5 round=0 from=0x598443f1880ef585b21f1d7585bd0577402861e5 success=true cm.coinbase=0x7d577a597b2742b498cb5cf0c26cdcd726d39e6e
INFO [10-28|16:09:35] ------in handle VoteMsg, success!------ 
INFO [10-28|16:09:37] Commit new mining work                   number=6 txs=1602 uncles=0 elapsed=2.525s
INFO [10-28|16:09:37] Sealing                                  block n=6
StartConsensus, 1540714177357438000
INFO [10-28|16:09:37] Start Process 
INFO [10-28|16:09:37] in cm.Process, check lastCommittingLockset() 
INFO [10-28|16:09:37] In IsValid() 
len(lockset.Votes): 4 lockset.EligibleVotesNum: 4
INFO [10-28|16:09:37] in HasQuorum 
INFO [10-28|16:09:37] In IsValid() 
len(lockset.Votes): 4 lockset.EligibleVotesNum: 4
=====CM.COINBASE IS:===== [125 87 122 89 123 39 66 180 152 203 92 240 194 108 220 215 38 211 158 110] block number is: 6
INFO [10-28|16:09:37] case: default, cm.process 
ready: 4 need: 2.6666667
INFO [10-28|16:09:37] ---------------process------------------ 
INFO [10-28|16:09:37] In RM Process                            height=6 round=0
INFO [10-28|16:09:37] --------In rm.propose------- 
INFO [10-28|16:09:37] ---------------in rm.vote----------------- 
INFO [10-28|16:09:37] in vote in RM                            height=6 round=0
INFO [10-28|16:09:37] Timeout time not reach, curr vs timeout: curr=1540714177.000 timeout=1540714182.000
INFO [10-28|16:09:37] in rm.process, check lockset HasQuorum 
INFO [10-28|16:09:37] in HasQuorum 
INFO [10-28|16:09:37] In IsValid() 
len(lockset.Votes): 0 lockset.EligibleVotesNum: 4
INFO [10-28|16:09:37] rm lockset is not valid yet 
INFO [10-28|16:09:37] after cm.process() 
INFO [10-28|16:09:37] case: default, cm.process 
ready: 4 need: 2.6666667
INFO [10-28|16:09:37] ---------------process------------------ 
INFO [10-28|16:09:37] In RM Process                            height=6 round=0
INFO [10-28|16:09:37] --------In rm.propose------- 
INFO [10-28|16:09:37] ---------------in rm.vote----------------- 
INFO [10-28|16:09:37] in vote in RM                            height=6 round=0
INFO [10-28|16:09:37] Timeout time not reach, curr vs timeout: curr=1540714177.000 timeout=1540714182.000
INFO [10-28|16:09:37] in rm.process, check lockset HasQuorum 
INFO [10-28|16:09:37] in HasQuorum 
INFO [10-28|16:09:37] In IsValid() 
len(lockset.Votes): 0 lockset.EligibleVotesNum: 4
INFO [10-28|16:09:37] rm lockset is not valid yet 
INFO [10-28|16:09:37] after cm.process() 
INFO [10-28|16:09:37] case: default, cm.process 
ready: 4 need: 2.6666667
INFO [10-28|16:09:37] ---------------process------------------ 
INFO [10-28|16:09:37] In RM Process                            height=6 round=0
INFO [10-28|16:09:37] --------In rm.propose------- 
INFO [10-28|16:09:37] ---------------in rm.vote----------------- 
INFO [10-28|16:09:37] in vote in RM                            height=6 round=0
INFO [10-28|16:09:37] Timeout time not reach, curr vs timeout: curr=1540714177.000 timeout=1540714182.000
INFO [10-28|16:09:37] in rm.process, check lockset HasQuorum 
INFO [10-28|16:09:37] in HasQuorum 
INFO [10-28|16:09:37] In IsValid() 
len(lockset.Votes): 0 lockset.EligibleVotesNum: 4
INFO [10-28|16:09:37] rm lockset is not valid yet 
INFO [10-28|16:09:37] after cm.process() 
INFO [10-28|16:09:37] case: default, cm.process 
ready: 4 need: 2.6666667
INFO [10-28|16:09:37] ---------------process------------------ 
INFO [10-28|16:09:37] In RM Process                            height=6 round=0
INFO [10-28|16:09:37] --------In rm.propose------- 
INFO [10-28|16:09:37] ---------------in rm.vote----------------- 
INFO [10-28|16:09:37] in vote in RM                            height=6 round=0
INFO [10-28|16:09:37] Timeout time not reach, curr vs timeout: curr=1540714177.000 timeout=1540714182.000
INFO [10-28|16:09:37] in rm.process, check lockset HasQuorum 
INFO [10-28|16:09:37] in HasQuorum 
INFO [10-28|16:09:37] In IsValid() 
len(lockset.Votes): 0 lockset.EligibleVotesNum: 4
INFO [10-28|16:09:37] rm lockset is not valid yet 
INFO [10-28|16:09:37] after cm.process() 
INFO [10-28|16:09:37] case: default, cm.process 
ready: 4 need: 2.6666667
INFO [10-28|16:09:37] ---------------process------------------ 
INFO [10-28|16:09:37] In RM Process                            height=6 round=0
INFO [10-28|16:09:37] --------In rm.propose------- 
INFO [10-28|16:09:37] ---------------in rm.vote----------------- 
INFO [10-28|16:09:37] in vote in RM                            height=6 round=0
INFO [10-28|16:09:37] Timeout time not reach, curr vs timeout: curr=1540714177.000 timeout=1540714182.000
INFO [10-28|16:09:37] in rm.process, check lockset HasQuorum 
INFO [10-28|16:09:37] in HasQuorum 
INFO [10-28|16:09:37] In IsValid() 
len(lockset.Votes): 0 lockset.EligibleVotesNum: 4
INFO [10-28|16:09:37] rm lockset is not valid yet 
INFO [10-28|16:09:37] after cm.process() 
INFO [10-28|16:09:37] case: default, cm.process 
ready: 4 need: 2.6666667
INFO [10-28|16:09:37] ---------------process------------------ 
INFO [10-28|16:09:37] In RM Process                            height=6 round=0
INFO [10-28|16:09:37] --------In rm.propose------- 
INFO [10-28|16:09:37] ---------------in rm.vote----------------- 
INFO [10-28|16:09:37] in vote in RM                            height=6 round=0
INFO [10-28|16:09:37] Timeout time not reach, curr vs timeout: curr=1540714177.000 timeout=1540714182.000
INFO [10-28|16:09:37] in rm.process, check lockset HasQuorum 
INFO [10-28|16:09:37] in HasQuorum 
INFO [10-28|16:09:37] In IsValid() 
len(lockset.Votes): 0 lockset.EligibleVotesNum: 4
INFO [10-28|16:09:37] rm lockset is not valid yet 
INFO [10-28|16:09:37] after cm.process() 
INFO [10-28|16:09:37] case: default, cm.process 
ready: 4 need: 2.6666667
INFO [10-28|16:09:37] ---------------process------------------ 
INFO [10-28|16:09:37] In RM Process                            height=6 round=0
INFO [10-28|16:09:37] --------In rm.propose------- 
INFO [10-28|16:09:37] ---------------in rm.vote----------------- 
INFO [10-28|16:09:37] in vote in RM                            height=6 round=0
INFO [10-28|16:09:37] Timeout time not reach, curr vs timeout: curr=1540714177.000 timeout=1540714182.000
INFO [10-28|16:09:37] in rm.process, check lockset HasQuorum 
INFO [10-28|16:09:37] in HasQuorum 
INFO [10-28|16:09:37] In IsValid() 
len(lockset.Votes): 0 lockset.EligibleVotesNum: 4
INFO [10-28|16:09:37] rm lockset is not valid yet 
INFO [10-28|16:09:37] after cm.process() 
INFO [10-28|16:09:38] case: default, cm.process 
ready: 4 need: 2.6666667
INFO [10-28|16:09:38] ---------------process------------------ 
INFO [10-28|16:09:38] In RM Process                            height=6 round=0
INFO [10-28|16:09:38] --------In rm.propose------- 
INFO [10-28|16:09:38] ---------------in rm.vote----------------- 
INFO [10-28|16:09:38] in vote in RM                            height=6 round=0
INFO [10-28|16:09:38] Timeout time not reach, curr vs timeout: curr=1540714178.000 timeout=1540714182.000
INFO [10-28|16:09:38] in rm.process, check lockset HasQuorum 
INFO [10-28|16:09:38] in HasQuorum 
INFO [10-28|16:09:38] In IsValid() 
len(lockset.Votes): 0 lockset.EligibleVotesNum: 4
INFO [10-28|16:09:38] rm lockset is not valid yet 
INFO [10-28|16:09:38] after cm.process() 
INFO [10-28|16:09:38] case: default, cm.process 
ready: 4 need: 2.6666667
INFO [10-28|16:09:38] ---------------process------------------ 
INFO [10-28|16:09:38] In RM Process                            height=6 round=0
INFO [10-28|16:09:38] --------In rm.propose------- 
INFO [10-28|16:09:38] ---------------in rm.vote----------------- 
INFO [10-28|16:09:38] in vote in RM                            height=6 round=0
INFO [10-28|16:09:38] Timeout time not reach, curr vs timeout: curr=1540714178.000 timeout=1540714182.000
INFO [10-28|16:09:38] in rm.process, check lockset HasQuorum 
INFO [10-28|16:09:38] in HasQuorum 
INFO [10-28|16:09:38] In IsValid() 
len(lockset.Votes): 0 lockset.EligibleVotesNum: 4
INFO [10-28|16:09:38] rm lockset is not valid yet 
INFO [10-28|16:09:38] after cm.process() 
INFO [10-28|16:09:38] case: default, cm.process 
ready: 4 need: 2.6666667
INFO [10-28|16:09:38] ---------------process------------------ 
INFO [10-28|16:09:38] In RM Process                            height=6 round=0
INFO [10-28|16:09:38] --------In rm.propose------- 
INFO [10-28|16:09:38] ---------------in rm.vote----------------- 
INFO [10-28|16:09:38] in vote in RM                            height=6 round=0
INFO [10-28|16:09:38] Timeout time not reach, curr vs timeout: curr=1540714178.000 timeout=1540714182.000
INFO [10-28|16:09:38] in rm.process, check lockset HasQuorum 
INFO [10-28|16:09:38] in HasQuorum 
INFO [10-28|16:09:38] In IsValid() 
len(lockset.Votes): 0 lockset.EligibleVotesNum: 4
INFO [10-28|16:09:38] rm lockset is not valid yet 
INFO [10-28|16:09:38] after cm.process() 
INFO [10-28|16:09:38] case: default, cm.process 
ready: 4 need: 2.6666667
INFO [10-28|16:09:38] ---------------process------------------ 
INFO [10-28|16:09:38] In RM Process                            height=6 round=0
INFO [10-28|16:09:38] --------In rm.propose------- 
INFO [10-28|16:09:38] ---------------in rm.vote----------------- 
INFO [10-28|16:09:38] in vote in RM                            height=6 round=0
INFO [10-28|16:09:38] Timeout time not reach, curr vs timeout: curr=1540714178.000 timeout=1540714182.000
INFO [10-28|16:09:38] in rm.process, check lockset HasQuorum 
INFO [10-28|16:09:38] in HasQuorum 
INFO [10-28|16:09:38] In IsValid() 
len(lockset.Votes): 0 lockset.EligibleVotesNum: 4
INFO [10-28|16:09:38] rm lockset is not valid yet 
INFO [10-28|16:09:38] after cm.process() 
INFO [10-28|16:09:38] Handle BFT Msg,                          msg="msg #11 (174050 bytes)"
INFO [10-28|16:09:38] -------Received NewBlockProposalMsg------- 
INFO [10-28|16:09:38] Handle BFT Msg,                          msg="msg #18 (662 bytes)"
INFO [10-28|16:09:38] ------Received MsigProposalMsg------ 
mpHR: H: 6 R: 0 hash: [96 85 221 225 90 125 219 103 26 11 161 31 8 141 244 79 219 233 230 6 186 9 64 142 16 35 210 152 150 193 61 51]
cmHR: H: 6 R: 0
INFO [10-28|16:09:38] --------------------------------------- 
INFO [10-28|16:09:38] received mp before p, wait for a while 
bpHR: H: 6 R: 0
cmHR: H: 6 R: 0
INFO [10-28|16:09:38] --------------------------------------- 
# collMsig from = Peer 94dd98401cf6ca04 [eth/63]
cmHR: H: 6 R: 0
this is rm.proposerPeer  Peer 94dd98401cf6ca04 [eth/63]
INFO [10-28|16:09:38] In IsValid() 
len(lockset.Votes): 0 lockset.EligibleVotesNum: 0
INFO [10-28|16:09:38] cm add BlockProposal                     h=6 r=0
INFO [10-28|16:09:38] in HasQuorum 
INFO [10-28|16:09:38] In IsValid() 
len(lockset.Votes): 4 lockset.EligibleVotesNum: 4
INFO [10-28|16:09:38] In addBlockCandidates!! 
INFO [10-28|16:09:38] -------in handle NewBlockProposalMsg, success!------- 
INFO [10-28|16:09:38] Handle BFT Msg,                          msg="msg #17 (107 bytes)"
INFO [10-28|16:09:38] ------Received VoteMsg------ 
voteHR: H: 6 R: 0 voteType:: 1 voteHash: [96 85 221 225 90 125 219 103 26 11 161 31 8 141 244 79 219 233 230 6 186 9 64 142 16 35 210 152 150 193 61 51]
cmHR: H: 6 R: 0
INFO [10-28|16:09:38] --------------------------------------- 
INFO [10-28|16:09:38] addVote to                               height=6 round=0 from=0x82a978b3f5962a5b0957d9ee9eef472ee55b42f1 success=true cm.coinbase=0x7d577a597b2742b498cb5cf0c26cdcd726d39e6e
INFO [10-28|16:09:38] ------in handle VoteMsg, success!------ 
INFO [10-28|16:09:38] case: default, cm.process 
ready: 4 need: 2.6666667
INFO [10-28|16:09:38] ---------------process------------------ 
INFO [10-28|16:09:38] In RM Process                            height=6 round=0
INFO [10-28|16:09:38] --------In rm.propose------- 
INFO [10-28|16:09:38] ---------------in rm.vote----------------- 
INFO [10-28|16:09:38] in vote in RM                            height=6 round=0
INFO [10-28|16:09:38] Timeout time not reach, curr vs timeout: curr=1540714178.000 timeout=1540714182.000
INFO [10-28|16:09:38] in rm.process, check lockset HasQuorum 
INFO [10-28|16:09:38] in HasQuorum 
INFO [10-28|16:09:38] In IsValid() 
len(lockset.Votes): 1 lockset.EligibleVotesNum: 4
INFO [10-28|16:09:38] rm lockset is not valid yet 
INFO [10-28|16:09:38] after cm.process() 
INFO [10-28|16:09:38] Handle BFT Msg,                          msg="msg #17 (107 bytes)"
INFO [10-28|16:09:38] ------Received VoteMsg------ 
voteHR: H: 6 R: 0 voteType:: 1 voteHash: [96 85 221 225 90 125 219 103 26 11 161 31 8 141 244 79 219 233 230 6 186 9 64 142 16 35 210 152 150 193 61 51]
cmHR: H: 6 R: 0
INFO [10-28|16:09:38] --------------------------------------- 
INFO [10-28|16:09:38] addVote to                               height=6 round=0 from=0xdceceaf3fc5c0a63d195d69b1a90011b7b19650d success=true cm.coinbase=0x7d577a597b2742b498cb5cf0c26cdcd726d39e6e
INFO [10-28|16:09:38] ------in handle VoteMsg, success!------ 
INFO [10-28|16:09:38] in MsigFinished 
len(mp.Msig.MsigVs): 2 mp.MsigVs: [0 27]
INFO [10-28|16:09:38] ------addmsigproposal success!------- 
INFO [10-28|16:09:38] Handle BFT Msg,                          msg="msg #17 (107 bytes)"
INFO [10-28|16:09:38] ------Received VoteMsg------ 
voteHR: H: 6 R: 0 voteType:: 1 voteHash: [96 85 221 225 90 125 219 103 26 11 161 31 8 141 244 79 219 233 230 6 186 9 64 142 16 35 210 152 150 193 61 51]
cmHR: H: 6 R: 0
INFO [10-28|16:09:38] --------------------------------------- 
INFO [10-28|16:09:38] addVote to                               height=6 round=0 from=0x598443f1880ef585b21f1d7585bd0577402861e5 success=true cm.coinbase=0x7d577a597b2742b498cb5cf0c26cdcd726d39e6e
INFO [10-28|16:09:38] ------in handle VoteMsg, success!------ 
INFO [10-28|16:09:38] Handle BFT Msg,                          msg="msg #9 (3 bytes)"
INFO [10-28|16:09:38] -------GetLocksetsMsg------- 
GetLockSetsMsg request:  [{6}] from:  d9d5b902798f5c42
INFO [10-28|16:09:38] Request future block 
INFO [10-28|16:09:38] received NewBlockMsg! 
INFO [10-28|16:09:38] ***in BFT.VVVVerifyHeader*** 
INFO [10-28|16:09:38] ***in BFT.verifyHeader*** 
INFO [10-28|16:09:38] ***in BFT.verifySeal*** 
INFO [10-28|16:09:38] In verifyVotes 
INFO [10-28|16:09:38] ***in sync.request()*** 
INFO [10-28|16:09:38] case: default, cm.process 
ready: 4 need: 2.6666667
INFO [10-28|16:09:38] ---------------process------------------ 
INFO [10-28|16:09:38] In RM Process                            height=6 round=0
INFO [10-28|16:09:38] --------In rm.propose------- 
INFO [10-28|16:09:38] ---------------in rm.vote----------------- 
INFO [10-28|16:09:38] in vote in RM                            height=6 round=0
INFO [10-28|16:09:38] vote mp 
INFO [10-28|16:09:38] vote success in                          height=6 round=0
INFO [10-28|16:09:38] Send VoteMsg 
INFO [10-28|16:09:38] in rm.process, check lockset HasQuorum 
INFO [10-28|16:09:38] in HasQuorum 
INFO [10-28|16:09:38] In IsValid() 
len(lockset.Votes): 4 lockset.EligibleVotesNum: 4
INFO [10-28|16:09:38] There is a quorum                        height=6 round=0
--- in rm.process p.id: --- Peer 94dd98401cf6ca04 [eth/63]
INFO [10-28|16:09:38] ============in cm.commitLockset============ 
INFO [10-28|16:09:38] in commitLockset, check ls HasQuorum 
INFO [10-28|16:09:38] in HasQuorum 
INFO [10-28|16:09:38] In IsValid() 
len(lockset.Votes): 4 lockset.EligibleVotesNum: 4
INFO [10-28|16:09:38] cm.found is not nil 
INFO [10-28|16:09:38] store lockset 
peerid: 94dd98401cf6ca04
INFO [10-28|16:09:38] ---storeLockset--- 
INFO [10-28|16:09:38] after cm.process() 
cmH 6
INFO [10-28|16:09:38] in validatorCommit1 
pid: 94dd98401cf6ca04
block number 6
-------in NewBFTValidatorBlock-------
INFO [10-28|16:09:38] in validatorCommit2 
validatorCommit time: 75.416µs
INFO [10-28|16:09:38] **in eth.handler**, get result from ch 
INFO [10-28|16:09:38] have a consensus on the block 
INFO [10-28|16:09:38] result.Header().Coinbase != b.signer 
result.Header().Coinbase: [220 236 234 243 252 92 10 99 209 149 214 155 26 144 1 27 123 25 101 13] b.signer: [125 87 122 89 123 39 66 180 152 203 92 240 194 108 220 215 38 211 158 110]
ConsensusTime, 1247916141 , txs, 1602 , blockNum, 6
FinishedConsensus, 1540714178605390000
INFO [10-28|16:09:38] result is nil 
INFO [10-28|16:09:38] === Finished Mine() === 
INFO [10-28|16:09:38] received NewBlockMsg! 
INFO [10-28|16:09:38] In verifyVotes 
INFO [10-28|16:09:38] in HasQuorum 
INFO [10-28|16:09:38] In IsValid() 
len(lockset.Votes): 4 lockset.EligibleVotesNum: 4
INFO [10-28|16:09:38] ***in BFT.VerifyHeaderSSSS*** 
INFO [10-28|16:09:38] ***in BFT.verifyHeader*** 
INFO [10-28|16:09:38] ***in BFT.verifySeal*** 
INFO [10-28|16:09:38] In verifyVotes 
INFO [10-28|16:09:38] in HasQuorum 
INFO [10-28|16:09:38] In IsValid() 
len(lockset.Votes): 4 lockset.EligibleVotesNum: 4
INFO [10-28|16:09:40] Imported new chain segment               blocks=1 txs=1602 mgas=33.642 elapsed=1.392s    mgasps=24.158 number=6 hash=6055dd…c13d33
FinishedPostExec, 1540714180173612000 , txs, 1602
PostExecTime, 1.392610227s
INFO [10-28|16:09:40] in pool.evenLoop, call pool.resetState 
INFO [10-28|16:09:41] Handle BFT Msg,                          msg="msg #11 (174160 bytes)"
INFO [10-28|16:09:41] -------Received NewBlockProposalMsg------- 
bpHR: H: 7 R: 0
cmHR: H: 7 R: 0
INFO [10-28|16:09:41] --------------------------------------- 
# collMsig from = Peer d9d5b902798f5c42 [eth/63]
cmHR: H: 7 R: 0
this is rm.proposerPeer  Peer d9d5b902798f5c42 [eth/63]
INFO [10-28|16:09:41] In IsValid() 
len(lockset.Votes): 0 lockset.EligibleVotesNum: 0
INFO [10-28|16:09:41] cm add BlockProposal                     h=7 r=0
INFO [10-28|16:09:41] in HasQuorum 
INFO [10-28|16:09:41] In IsValid() 
len(lockset.Votes): 4 lockset.EligibleVotesNum: 4
INFO [10-28|16:09:41] In addBlockCandidates!! 
INFO [10-28|16:09:41] -------in handle NewBlockProposalMsg, success!------- 
INFO [10-28|16:09:41] Handle BFT Msg,                          msg="msg #18 (662 bytes)"
INFO [10-28|16:09:41] ------Received MsigProposalMsg------ 
mpHR: H: 7 R: 0 hash: [129 164 30 179 144 160 150 149 23 195 68 38 170 124 57 124 225 235 8 197 254 194 246 228 38 188 230 53 60 172 57 208]
cmHR: H: 7 R: 0
INFO [10-28|16:09:41] --------------------------------------- 
INFO [10-28|16:09:41] in MsigFinished 
len(mp.Msig.MsigVs): 2 mp.MsigVs: [0 27]
INFO [10-28|16:09:41] ------addmsigproposal success!------- 
INFO [10-28|16:09:41] Handle BFT Msg,                          msg="msg #17 (107 bytes)"
INFO [10-28|16:09:41] ------Received VoteMsg------ 
voteHR: H: 7 R: 0 voteType:: 1 voteHash: [129 164 30 179 144 160 150 149 23 195 68 38 170 124 57 124 225 235 8 197 254 194 246 228 38 188 230 53 60 172 57 208]
cmHR: H: 7 R: 0
INFO [10-28|16:09:41] --------------------------------------- 
INFO [10-28|16:09:41] addVote to                               height=7 round=0 from=0x82a978b3f5962a5b0957d9ee9eef472ee55b42f1 success=true cm.coinbase=0x7d577a597b2742b498cb5cf0c26cdcd726d39e6e
INFO [10-28|16:09:41] ------in handle VoteMsg, success!------ 
INFO [10-28|16:09:41] Handle BFT Msg,                          msg="msg #17 (107 bytes)"
INFO [10-28|16:09:41] ------Received VoteMsg------ 
voteHR: H: 7 R: 0 voteType:: 1 voteHash: [129 164 30 179 144 160 150 149 23 195 68 38 170 124 57 124 225 235 8 197 254 194 246 228 38 188 230 53 60 172 57 208]
cmHR: H: 7 R: 0
INFO [10-28|16:09:41] --------------------------------------- 
INFO [10-28|16:09:41] addVote to                               height=7 round=0 from=0xdceceaf3fc5c0a63d195d69b1a90011b7b19650d success=true cm.coinbase=0x7d577a597b2742b498cb5cf0c26cdcd726d39e6e
INFO [10-28|16:09:41] ------in handle VoteMsg, success!------ 
INFO [10-28|16:09:41] Handle BFT Msg,                          msg="msg #17 (107 bytes)"
INFO [10-28|16:09:41] ------Received VoteMsg------ 
voteHR: H: 7 R: 0 voteType:: 1 voteHash: [129 164 30 179 144 160 150 149 23 195 68 38 170 124 57 124 225 235 8 197 254 194 246 228 38 188 230 53 60 172 57 208]
cmHR: H: 7 R: 0
INFO [10-28|16:09:41] --------------------------------------- 
INFO [10-28|16:09:41] addVote to                               height=7 round=0 from=0x598443f1880ef585b21f1d7585bd0577402861e5 success=true cm.coinbase=0x7d577a597b2742b498cb5cf0c26cdcd726d39e6e
INFO [10-28|16:09:41] ------in handle VoteMsg, success!------ 
INFO [10-28|16:09:41] Commit new mining work                   number=7 txs=1603 uncles=0 elapsed=1.821s
INFO [10-28|16:09:41] 🔗 block reached canonical chain          number=1 hash=b4e9f9…42d744
INFO [10-28|16:09:41] Sealing                                  block n=7
StartConsensus, 1540714181995820000
INFO [10-28|16:09:41] Start Process 
INFO [10-28|16:09:41] in cm.Process, check lastCommittingLockset() 
INFO [10-28|16:09:41] In IsValid() 
len(lockset.Votes): 4 lockset.EligibleVotesNum: 4
INFO [10-28|16:09:41] in HasQuorum 
INFO [10-28|16:09:41] In IsValid() 
len(lockset.Votes): 4 lockset.EligibleVotesNum: 4
=====CM.COINBASE IS:===== [125 87 122 89 123 39 66 180 152 203 92 240 194 108 220 215 38 211 158 110] block number is: 7
INFO [10-28|16:09:41] case: default, cm.process 
ready: 4 need: 2.6666667
INFO [10-28|16:09:41] ---------------process------------------ 
INFO [10-28|16:09:41] In RM Process                            height=7 round=0
INFO [10-28|16:09:41] --------In rm.propose------- 
INFO [10-28|16:09:41] ---------------in rm.vote----------------- 
INFO [10-28|16:09:41] in vote in RM                            height=7 round=0
INFO [10-28|16:09:41] vote mp 
INFO [10-28|16:09:41] vote success in                          height=7 round=0
INFO [10-28|16:09:41] Send VoteMsg 
INFO [10-28|16:09:41] in rm.process, check lockset HasQuorum 
INFO [10-28|16:09:41] in HasQuorum 
INFO [10-28|16:09:41] In IsValid() 
len(lockset.Votes): 4 lockset.EligibleVotesNum: 4
INFO [10-28|16:09:41] There is a quorum                        height=7 round=0
--- in rm.process p.id: --- Peer d9d5b902798f5c42 [eth/63]
INFO [10-28|16:09:41] ============in cm.commitLockset============ 
INFO [10-28|16:09:41] in commitLockset, check ls HasQuorum 
INFO [10-28|16:09:41] in HasQuorum 
INFO [10-28|16:09:41] In IsValid() 
len(lockset.Votes): 4 lockset.EligibleVotesNum: 4
INFO [10-28|16:09:41] cm.found is not nil 
INFO [10-28|16:09:41] store lockset 
INFO [10-28|16:09:41] have a consensus on the block 
INFO [10-28|16:09:41] result.Header().Coinbase != b.signer 
result.Header().Coinbase: [89 132 67 241 136 14 245 133 178 31 29 117 133 189 5 119 64 40 97 229] b.signer: [125 87 122 89 123 39 66 180 152 203 92 240 194 108 220 215 38 211 158 110]
ConsensusTime, 2067565 , txs, 1603 , blockNum, 7
FinishedConsensus, 1540714181997910000
INFO [10-28|16:09:41] result is nil 
INFO [10-28|16:09:41] === Finished Mine() === 
peerid: d9d5b902798f5c42
cmH 7
INFO [10-28|16:09:41] in validatorCommit1 
pid: d9d5b902798f5c42
block number 7
-------in NewBFTValidatorBlock-------
INFO [10-28|16:09:41] in validatorCommit2 
validatorCommit time: 157.25µs
INFO [10-28|16:09:41] **in eth.handler**, get result from ch 
INFO [10-28|16:09:41] ***in BFT.VVVVerifyHeader*** 
INFO [10-28|16:09:41] ***in BFT.verifyHeader*** 
INFO [10-28|16:09:41] ***in BFT.verifySeal*** 
INFO [10-28|16:09:41] In verifyVotes 
INFO [10-28|16:09:41] ---storeLockset--- 
INFO [10-28|16:09:41] after cm.process() 
INFO [10-28|16:09:41] ***in sync.request()*** 
INFO [10-28|16:09:42] received NewBlockMsg! 
INFO [10-28|16:09:42] Handle BFT Msg,                          msg="msg #9 (3 bytes)"
INFO [10-28|16:09:42] -------GetLocksetsMsg------- 
GetLockSetsMsg request:  [{7}] from:  94dd98401cf6ca04
INFO [10-28|16:09:42] Request future block 
INFO [10-28|16:09:42] In verifyVotes 
INFO [10-28|16:09:42] in HasQuorum 
INFO [10-28|16:09:42] In IsValid() 
len(lockset.Votes): 4 lockset.EligibleVotesNum: 4
INFO [10-28|16:09:42] ***in BFT.VerifyHeaderSSSS*** 
INFO [10-28|16:09:42] ***in BFT.verifyHeader*** 
INFO [10-28|16:09:42] ***in BFT.verifySeal*** 
INFO [10-28|16:09:42] In verifyVotes 
INFO [10-28|16:09:42] in HasQuorum 
INFO [10-28|16:09:42] In IsValid() 
len(lockset.Votes): 4 lockset.EligibleVotesNum: 4
INFO [10-28|16:09:43] Imported new chain segment               blocks=1 txs=1603 mgas=33.663 elapsed=1.042s    mgasps=32.304 number=7 hash=81a41e…ac39d0
FinishedPostExec, 1540714183242507000 , txs, 1603
PostExecTime, 1.042065964s
INFO [10-28|16:09:43] in pool.evenLoop, call pool.resetState 
INFO [10-28|16:09:44] Commit new mining work                   number=8 txs=1603 uncles=0 elapsed=1.550s
INFO [10-28|16:09:44] Sealing                                  block n=8
StartConsensus, 1540714184793233000
INFO [10-28|16:09:44] Start Process 
INFO [10-28|16:09:44] in cm.Process, check lastCommittingLockset() 
INFO [10-28|16:09:44] In IsValid() 
len(lockset.Votes): 4 lockset.EligibleVotesNum: 4
INFO [10-28|16:09:44] in HasQuorum 
INFO [10-28|16:09:44] In IsValid() 
len(lockset.Votes): 4 lockset.EligibleVotesNum: 4
=====CM.COINBASE IS:===== [125 87 122 89 123 39 66 180 152 203 92 240 194 108 220 215 38 211 158 110] block number is: 8
INFO [10-28|16:09:44] case: default, cm.process 
ready: 4 need: 2.6666667
INFO [10-28|16:09:44] ---------------process------------------ 
INFO [10-28|16:09:44] In RM Process                            height=8 round=0
INFO [10-28|16:09:44] --------In rm.propose------- 
INFO [10-28|16:09:44] ---------------in rm.vote----------------- 
INFO [10-28|16:09:44] in vote in RM                            height=8 round=0
INFO [10-28|16:09:44] Timeout time not reach, curr vs timeout: curr=1540714184.000 timeout=1540714189.000
INFO [10-28|16:09:44] in rm.process, check lockset HasQuorum 
INFO [10-28|16:09:44] in HasQuorum 
INFO [10-28|16:09:44] In IsValid() 
len(lockset.Votes): 0 lockset.EligibleVotesNum: 4
INFO [10-28|16:09:44] rm lockset is not valid yet 
INFO [10-28|16:09:44] after cm.process() 
INFO [10-28|16:09:44] Handle BFT Msg,                          msg="msg #11 (174160 bytes)"
INFO [10-28|16:09:44] -------Received NewBlockProposalMsg------- 
bpHR: H: 8 R: 0
cmHR: H: 8 R: 0
INFO [10-28|16:09:44] --------------------------------------- 
# collMsig from = Peer d67104e65b61fca1 [eth/63]
cmHR: H: 8 R: 0
this is rm.proposerPeer  Peer d67104e65b61fca1 [eth/63]
INFO [10-28|16:09:44] In IsValid() 
len(lockset.Votes): 0 lockset.EligibleVotesNum: 0
INFO [10-28|16:09:44] cm add BlockProposal                     h=8 r=0
INFO [10-28|16:09:44] in HasQuorum 
INFO [10-28|16:09:44] In IsValid() 
len(lockset.Votes): 4 lockset.EligibleVotesNum: 4
INFO [10-28|16:09:44] in collectMsig, i am msig wintness 
INFO [10-28|16:09:44] in bfthandler Send MsigProposalMsg 
INFO [10-28|16:09:44] Sending MsigProposalMsg 
INFO [10-28|16:09:44] Sending MsigProposalMsg 
INFO [10-28|16:09:44] Sending MsigProposalMsg 
INFO [10-28|16:09:44] Return MsigProposalMsg to                LOG15_ERROR=                                                   LOG15_ERROR="Normalized odd number of arguments by adding nil"
INFO [10-28|16:09:44] Sending MsigProposalMsg 
in cm.collectMsig, mp.MsigVs: [<nil> 27]
INFO [10-28|16:09:44] In addBlockCandidates!! 
INFO [10-28|16:09:44] -------in handle NewBlockProposalMsg, success!------- 
INFO [10-28|16:09:44] case: default, cm.process 
ready: 4 need: 2.6666667
INFO [10-28|16:09:44] ---------------process------------------ 
INFO [10-28|16:09:44] In RM Process                            height=8 round=0
INFO [10-28|16:09:44] --------In rm.propose------- 
INFO [10-28|16:09:44] ---------------in rm.vote----------------- 
INFO [10-28|16:09:44] in vote in RM                            height=8 round=0
INFO [10-28|16:09:44] vote mp 
INFO [10-28|16:09:44] vote success in                          height=8 round=0
INFO [10-28|16:09:44] Send VoteMsg 
INFO [10-28|16:09:44] in rm.process, check lockset HasQuorum 
INFO [10-28|16:09:44] in HasQuorum 
INFO [10-28|16:09:44] In IsValid() 
len(lockset.Votes): 1 lockset.EligibleVotesNum: 4
INFO [10-28|16:09:44] rm lockset is not valid yet 
INFO [10-28|16:09:44] after cm.process() 
INFO [10-28|16:09:44] Handle BFT Msg,                          msg="msg #17 (107 bytes)"
INFO [10-28|16:09:44] ------Received VoteMsg------ 
voteHR: H: 8 R: 0 voteType:: 1 voteHash: [76 39 107 164 99 226 117 190 129 251 218 213 131 220 175 46 116 14 40 210 128 87 59 52 29 229 140 114 191 231 137 240]
cmHR: H: 8 R: 0
INFO [10-28|16:09:44] --------------------------------------- 
INFO [10-28|16:09:44] addVote to                               height=8 round=0 from=0x82a978b3f5962a5b0957d9ee9eef472ee55b42f1 success=true cm.coinbase=0x7d577a597b2742b498cb5cf0c26cdcd726d39e6e
INFO [10-28|16:09:44] ------in handle VoteMsg, success!------ 
INFO [10-28|16:09:44] Handle BFT Msg,                          msg="msg #17 (107 bytes)"
INFO [10-28|16:09:44] ------Received VoteMsg------ 
voteHR: H: 8 R: 0 voteType:: 1 voteHash: [76 39 107 164 99 226 117 190 129 251 218 213 131 220 175 46 116 14 40 210 128 87 59 52 29 229 140 114 191 231 137 240]
cmHR: H: 8 R: 0
INFO [10-28|16:09:44] --------------------------------------- 
INFO [10-28|16:09:44] addVote to                               height=8 round=0 from=0xdceceaf3fc5c0a63d195d69b1a90011b7b19650d success=true cm.coinbase=0x7d577a597b2742b498cb5cf0c26cdcd726d39e6e
INFO [10-28|16:09:44] ------in handle VoteMsg, success!------ 
INFO [10-28|16:09:44] received NewBlockMsg! 
INFO [10-28|16:09:44] ***in BFT.VVVVerifyHeader*** 
INFO [10-28|16:09:44] ***in BFT.verifyHeader*** 
INFO [10-28|16:09:44] ***in BFT.verifySeal*** 
INFO [10-28|16:09:44] In verifyVotes 
INFO [10-28|16:09:44] ***in sync.request()*** 
INFO [10-28|16:09:45] case: default, cm.process 
ready: 4 need: 2.6666667
INFO [10-28|16:09:45] ---------------process------------------ 
INFO [10-28|16:09:45] In RM Process                            height=8 round=0
INFO [10-28|16:09:45] --------In rm.propose------- 
INFO [10-28|16:09:45] ---------------in rm.vote----------------- 
INFO [10-28|16:09:45] voted 
INFO [10-28|16:09:45] in rm.process, check lockset HasQuorum 
INFO [10-28|16:09:45] in HasQuorum 
INFO [10-28|16:09:45] In IsValid() 
len(lockset.Votes): 3 lockset.EligibleVotesNum: 4
INFO [10-28|16:09:45] There is a quorum                        height=8 round=0
--- in rm.process p.id: --- Peer d67104e65b61fca1 [eth/63]
INFO [10-28|16:09:45] ============in cm.commitLockset============ 
INFO [10-28|16:09:45] in commitLockset, check ls HasQuorum 
INFO [10-28|16:09:45] in HasQuorum 
INFO [10-28|16:09:45] In IsValid() 
len(lockset.Votes): 3 lockset.EligibleVotesNum: 4
INFO [10-28|16:09:45] cm.found is not nil 
INFO [10-28|16:09:45] store lockset 
peerid: d67104e65b61fca1
INFO [10-28|16:09:45] ---storeLockset--- 
INFO [10-28|16:09:45] after cm.process() 
cmH 8
INFO [10-28|16:09:45] in validatorCommit1 
pid: d67104e65b61fca1
block number 8
-------in NewBFTValidatorBlock-------
INFO [10-28|16:09:45] in validatorCommit2 
validatorCommit time: 85.881µs
INFO [10-28|16:09:45] have a consensus on the block 
INFO [10-28|16:09:45] result.Header().Coinbase != b.signer 
result.Header().Coinbase: [130 169 120 179 245 150 42 91 9 87 217 238 158 239 71 46 229 91 66 241] b.signer: [125 87 122 89 123 39 66 180 152 203 92 240 194 108 220 215 38 211 158 110]
ConsensusTime, 207854671 , txs, 1603 , blockNum, 8
FinishedConsensus, 1540714185001051000
INFO [10-28|16:09:45] result is nil 
INFO [10-28|16:09:45] === Finished Mine() === 
INFO [10-28|16:09:45] **in eth.handler**, get result from ch 
INFO [10-28|16:09:45] Handle BFT Msg,                          msg="msg #9 (3 bytes)"
INFO [10-28|16:09:45] -------GetLocksetsMsg------- 
GetLockSetsMsg request:  [{8}] from:  d9d5b902798f5c42
INFO [10-28|16:09:45] Request future block 
INFO [10-28|16:09:45] In verifyVotes 
INFO [10-28|16:09:45] in HasQuorum 
INFO [10-28|16:09:45] In IsValid() 
len(lockset.Votes): 3 lockset.EligibleVotesNum: 4
INFO [10-28|16:09:45] ***in BFT.VerifyHeaderSSSS*** 
INFO [10-28|16:09:45] ***in BFT.verifyHeader*** 
INFO [10-28|16:09:45] ***in BFT.verifySeal*** 
INFO [10-28|16:09:45] In verifyVotes 
INFO [10-28|16:09:45] in HasQuorum 
INFO [10-28|16:09:45] In IsValid() 
len(lockset.Votes): 3 lockset.EligibleVotesNum: 4
INFO [10-28|16:09:45] Handle BFT Msg,                          msg="msg #9 (3 bytes)"
INFO [10-28|16:09:45] -------GetLocksetsMsg------- 
GetLockSetsMsg request:  [{8}] from:  d9d5b902798f5c42
INFO [10-28|16:09:45] Request future block 
INFO [10-28|16:09:46] Imported new chain segment               blocks=1 txs=1603 mgas=33.663 elapsed=1.548s    mgasps=21.744 number=8 hash=4c276b…e789f0
FinishedPostExec, 1540714186748601000 , txs, 1603
PostExecTime, 1.548127248s
INFO [10-28|16:09:46] in pool.evenLoop, call pool.resetState 
./node2.sh: line 16: 20960 Terminated: 15          ../build/bin/geth --networkid 2234 --port 30304 --rpcport 8546 --datadir "data/node2" --nodiscover --rpc --rpccorsdomain "*" --rpcapi "eth,net,web3,debug" --bft --allow-empty --num-validators 4 --node-num 1
