INFO [10-29|14:22:01] Starting peer-to-peer node               instance=Geth/v1.6.7-unstable-5328d2c7/darwin-amd64/go1.9.7
INFO [10-29|14:22:01] Allocated cache and file handles         database=/Users/sujianwei20/new_misgcode/go_ethereum_cosi/examples/data/node3/geth/chaindata cache=128 handles=1024
WARN [10-29|14:22:01] Upgrading chain database to use sequential keys 
INFO [10-29|14:22:01] Initialised chain configuration          config="{ChainID: 2235 Homestead: 1 DAO: <nil> DAOSupport: false EIP150: 2 EIP155: 3 EIP158: 3 Metropolis: <nil> Engine: ethash}"
INFO [10-29|14:22:01] config bft is                            bft=true
WARN [10-29|14:22:01] Upgrading db log bloom bins 
INFO [10-29|14:22:01] Bloom-bin upgrade completed              elapsed=407.88µs
INFO [10-29|14:22:01] Initialising Ethereum protocol           versions="[63 62]" network=2234
INFO [10-29|14:22:01] Loaded most recent local header          number=0 hash=6f3c1c…1bf138 td=1048576
INFO [10-29|14:22:01] Loaded most recent local full block      number=0 hash=6f3c1c…1bf138 td=1048576
INFO [10-29|14:22:01] Loaded most recent local fast block      number=0 hash=6f3c1c…1bf138 td=1048576
INFO [10-29|14:22:01] in NewTxPool, call resetState 
INFO [10-29|14:22:01] in NewTxPool, call pool.eventLoog() 
INFO [10-29|14:22:01] Allocated cache and file handles         database=/Users/sujianwei20/new_misgcode/go_ethereum_cosi/examples/data/node3/geth/bftData   cache=128 handles=1024
INFO [10-29|14:22:01] Database conversion successful 
INFO [10-29|14:22:01] addVote to                               height=0 round=0 from=0xdceceaf3fc5c0a63d195d69b1a90011b7b19650d success=true cm.coinbase=0xdceceaf3fc5c0a63d195d69b1a90011b7b19650d
INFO [10-29|14:22:01] Starting P2P networking 
ready: 1 need: 2.6666667
INFO [10-29|14:22:01] consensusManager not ready  
ready: 1 need: 2.6666667
INFO [10-29|14:22:01] RLPx listener up                         self="enode://94dd98401cf6ca0418580bb77ad0606a35ae8f442b22ab0f81011d8d2c78e70ff779c1d53d015640d79a13f0be99161ae3ff3adb60633ca03a7b542cbe116882@[::]:30305?discport=0"
INFO [10-29|14:22:01] ---In BFTvalidatorCommitBlock--- 
INFO [10-29|14:22:01] HTTP endpoint opened: http://127.0.0.1:8547 
INFO [10-29|14:22:01] IPC endpoint opened: /Users/sujianwei20/new_misgcode/go_ethereum_cosi/examples/data/node3/geth.ipc 
INFO [10-29|14:22:01] Handle BFT Msg,                          msg="msg #8 (78 bytes)"
INFO [10-29|14:22:01] ------Received ReadMsg------ 
AddReady from: [125 87 122 89 123 39 66 180 152 203 92 240 194 108 220 215 38 211 158 110]
INFO [10-29|14:22:01] send Ready msg 
INFO [10-29|14:22:01] send Ready msg 
INFO [10-29|14:22:01] send Ready msg 
INFO [10-29|14:22:01] Handle BFT Msg,                          msg="msg #8 (78 bytes)"
INFO [10-29|14:22:01] ------Received ReadMsg------ 
AddReady from: [125 87 122 89 123 39 66 180 152 203 92 240 194 108 220 215 38 211 158 110]
INFO [10-29|14:22:01] Handle BFT Msg,                          msg="msg #8 (78 bytes)"
INFO [10-29|14:22:01] ------Received ReadMsg------ 
AddReady from: [125 87 122 89 123 39 66 180 152 203 92 240 194 108 220 215 38 211 158 110]
INFO [10-29|14:22:01] Handle BFT Msg,                          msg="msg #8 (78 bytes)"
ready: 2 need: 2.6666667
INFO [10-29|14:22:01] ------Received ReadMsg------ 
INFO [10-29|14:22:01] consensusManager not ready  
ready: 2 need: 2.6666667
INFO [10-29|14:22:01] Handle BFT Msg,                          msg="msg #8 (78 bytes)"
INFO [10-29|14:22:01] ------Received ReadMsg------ 
AddReady from: [89 132 67 241 136 14 245 133 178 31 29 117 133 189 5 119 64 40 97 229]
INFO [10-29|14:22:01] send Ready msg 
INFO [10-29|14:22:01] send Ready msg 
AddReady from: [89 132 67 241 136 14 245 133 178 31 29 117 133 189 5 119 64 40 97 229]
INFO [10-29|14:22:01] send Ready msg 
INFO [10-29|14:22:01] send Ready msg 
INFO [10-29|14:22:01] send Ready msg 
INFO [10-29|14:22:01] send Ready msg 
INFO [10-29|14:22:01] send Ready msg 
INFO [10-29|14:22:01] Handle BFT Msg,                          msg="msg #8 (78 bytes)"
INFO [10-29|14:22:01] ------Received ReadMsg------ 
AddReady from: [220 236 234 243 252 92 10 99 209 149 214 155 26 144 1 27 123 25 101 13]
INFO [10-29|14:22:01] Handle BFT Msg,                          msg="msg #8 (78 bytes)"
INFO [10-29|14:22:01] ------Received ReadMsg------ 
AddReady from: [89 132 67 241 136 14 245 133 178 31 29 117 133 189 5 119 64 40 97 229]
INFO [10-29|14:22:01] Handle BFT Msg,                          msg="msg #8 (78 bytes)"
INFO [10-29|14:22:01] ------Received ReadMsg------ 
AddReady from: [220 236 234 243 252 92 10 99 209 149 214 155 26 144 1 27 123 25 101 13]
INFO [10-29|14:22:01] Handle BFT Msg,                          msg="msg #8 (78 bytes)"
INFO [10-29|14:22:01] ------Received ReadMsg------ 
AddReady from: [220 236 234 243 252 92 10 99 209 149 214 155 26 144 1 27 123 25 101 13]
INFO [10-29|14:22:01] Handle BFT Msg,                          msg="msg #8 (78 bytes)"
INFO [10-29|14:22:01] ------Received ReadMsg------ 
AddReady from: [130 169 120 179 245 150 42 91 9 87 217 238 158 239 71 46 229 91 66 241]
INFO [10-29|14:22:01] send Ready msg 
INFO [10-29|14:22:01] send Ready msg 
INFO [10-29|14:22:01] send Ready msg 
INFO [10-29|14:22:01] Handle BFT Msg,                          msg="msg #8 (78 bytes)"
INFO [10-29|14:22:01] ------Received ReadMsg------ 
INFO [10-29|14:22:01] Handle BFT Msg,                          msg="msg #8 (78 bytes)"
INFO [10-29|14:22:01] ------Received ReadMsg------ 
AddReady from: [130 169 120 179 245 150 42 91 9 87 217 238 158 239 71 46 229 91 66 241]
AddReady from: [130 169 120 179 245 150 42 91 9 87 217 238 158 239 71 46 229 91 66 241]
INFO [10-29|14:22:02] Handle BFT Msg,                          msg="msg #8 (78 bytes)"
INFO [10-29|14:22:02] ------Received ReadMsg------ 
AddReady from: [125 87 122 89 123 39 66 180 152 203 92 240 194 108 220 215 38 211 158 110]
INFO [10-29|14:22:02] send Ready msg 
INFO [10-29|14:22:02] send Ready msg 
INFO [10-29|14:22:02] send Ready msg 
INFO [10-29|14:22:02] Handle BFT Msg,                          msg="msg #8 (78 bytes)"
INFO [10-29|14:22:02] ------Received ReadMsg------ 
AddReady from: [125 87 122 89 123 39 66 180 152 203 92 240 194 108 220 215 38 211 158 110]
INFO [10-29|14:22:02] Handle BFT Msg,                          msg="msg #8 (78 bytes)"
INFO [10-29|14:22:02] ------Received ReadMsg------ 
AddReady from: [125 87 122 89 123 39 66 180 152 203 92 240 194 108 220 215 38 211 158 110]
ready: 4 need: 2.6666667
ready: 4 need: 2.6666667
INFO [10-29|14:22:02] send Ready msg 
INFO [10-29|14:22:02] send Ready msg 
INFO [10-29|14:22:02] send Ready msg 
INFO [10-29|14:22:02] -----------------consensusManager Ready------------------------- 
INFO [10-29|14:22:02] Handle BFT Msg,                          msg="msg #8 (78 bytes)"
INFO [10-29|14:22:02] ------Received ReadMsg------ 
AddReady from: [89 132 67 241 136 14 245 133 178 31 29 117 133 189 5 119 64 40 97 229]
INFO [10-29|14:22:02] send Ready msg 
INFO [10-29|14:22:02] send Ready msg 
INFO [10-29|14:22:02] send Ready msg 
INFO [10-29|14:22:02] Handle BFT Msg,                          msg="msg #8 (78 bytes)"
INFO [10-29|14:22:02] ------Received ReadMsg------ 
INFO [10-29|14:22:02] Handle BFT Msg,                          msg="msg #8 (78 bytes)"
INFO [10-29|14:22:02] ------Received ReadMsg------ 
AddReady from: [89 132 67 241 136 14 245 133 178 31 29 117 133 189 5 119 64 40 97 229]
INFO [10-29|14:22:02] Handle BFT Msg,                          msg="msg #8 (78 bytes)"
INFO [10-29|14:22:02] ------Received ReadMsg------ 
AddReady from: [220 236 234 243 252 92 10 99 209 149 214 155 26 144 1 27 123 25 101 13]
AddReady from: [220 236 234 243 252 92 10 99 209 149 214 155 26 144 1 27 123 25 101 13]
INFO [10-29|14:22:02] Handle BFT Msg,                          msg="msg #8 (78 bytes)"
INFO [10-29|14:22:02] ------Received ReadMsg------ 
INFO [10-29|14:22:02] Handle BFT Msg,                          msg="msg #8 (78 bytes)"
INFO [10-29|14:22:02] ------Received ReadMsg------ 
AddReady from: [89 132 67 241 136 14 245 133 178 31 29 117 133 189 5 119 64 40 97 229]
INFO [10-29|14:22:02] Handle BFT Msg,                          msg="msg #8 (78 bytes)"
INFO [10-29|14:22:02] ------Received ReadMsg------ 
AddReady from: [220 236 234 243 252 92 10 99 209 149 214 155 26 144 1 27 123 25 101 13]
AddReady from: [89 132 67 241 136 14 245 133 178 31 29 117 133 189 5 119 64 40 97 229]
INFO [10-29|14:24:15] Transaction pool price threshold updated price=18000000000
INFO [10-29|14:24:15] Starting mining operation 
INFO [10-29|14:24:17] Handle BFT Msg,                          msg="msg #11 (172922 bytes)"
INFO [10-29|14:24:17] -------Received NewBlockProposalMsg------- 
bpHR: H: 1 R: 0
cmHR: H: 1 R: 0
INFO [10-29|14:24:17] --------------------------------------- 
# collMsig from = Peer 6d11b37ef4fc909a [eth/63]
cmHR: H: 1 R: 0
this is rm.proposerPeer  Peer 6d11b37ef4fc909a [eth/63]
INFO [10-29|14:24:17] In IsValid() 
len(lockset.Votes): 0 lockset.EligibleVotesNum: 0
INFO [10-29|14:24:17] cm add BlockProposal                     h=1 r=0
INFO [10-29|14:24:17] in HasQuorum 
INFO [10-29|14:24:17] In IsValid() 
len(lockset.Votes): 1 lockset.EligibleVotesNum: 0
INFO [10-29|14:24:17] in collectMsig, i am msig wintness 
INFO [10-29|14:24:17] Return MsigProposalMsg to                LOG15_ERROR= LOG15_ERROR="Normalized odd number of arguments by adding nil"
INFO [10-29|14:24:17] Sending MsigProposalMsg 
in cm.collectMsig, mp.MsigVs: [<nil> 27]
INFO [10-29|14:24:17] In addBlockCandidates!! 
INFO [10-29|14:24:17] -------in handle NewBlockProposalMsg, success!------- 
INFO [10-29|14:24:17] Handle BFT Msg,                          msg="msg #18 (345 bytes)"
INFO [10-29|14:24:17] ------Received MsigProposalMsg------ 
mpHR: H: 1 R: 0 hash: [108 209 67 65 217 17 75 88 133 206 21 223 178 253 206 7 169 225 20 57 97 233 108 145 2 58 19 23 172 252 219 236]
cmHR: H: 1 R: 0
INFO [10-29|14:24:17] --------------------------------------- 
H====:  1 P==== 0
INFO [10-29|14:24:17] ------addmsigproposal success!------- 
INFO [10-29|14:24:17] Handle BFT Msg,                          msg="msg #17 (107 bytes)"
INFO [10-29|14:24:17] ------Received VoteMsg------ 
voteHR: H: 1 R: 0 voteType:: 1 voteHash: [108 209 67 65 217 17 75 88 133 206 21 223 178 253 206 7 169 225 20 57 97 233 108 145 2 58 19 23 172 252 219 236]
cmHR: H: 1 R: 0
INFO [10-29|14:24:17] --------------------------------------- 
INFO [10-29|14:24:17] addVote to                               height=1 round=0 from=0x82a978b3f5962a5b0957d9ee9eef472ee55b42f1 success=true cm.coinbase=0xdceceaf3fc5c0a63d195d69b1a90011b7b19650d
INFO [10-29|14:24:17] ------in handle VoteMsg, success!------ 
INFO [10-29|14:24:17] Handle BFT Msg,                          msg="msg #17 (107 bytes)"
INFO [10-29|14:24:17] ------Received VoteMsg------ 
voteHR: H: 1 R: 0 voteType:: 1 voteHash: [108 209 67 65 217 17 75 88 133 206 21 223 178 253 206 7 169 225 20 57 97 233 108 145 2 58 19 23 172 252 219 236]
cmHR: H: 1 R: 0
INFO [10-29|14:24:17] --------------------------------------- 
INFO [10-29|14:24:17] addVote to                               height=1 round=0 from=0x7d577a597b2742b498cb5cf0c26cdcd726d39e6e success=true cm.coinbase=0xdceceaf3fc5c0a63d195d69b1a90011b7b19650d
INFO [10-29|14:24:17] ------in handle VoteMsg, success!------ 
INFO [10-29|14:24:17] Commit new mining work                   number=1 txs=1598 uncles=0 elapsed=2.384s
INFO [10-29|14:24:17] Sealing                                  block n=1
StartConsensus, 1540794257571995000
INFO [10-29|14:24:17] Start Process 
INFO [10-29|14:24:17] in cm.Process, check lastCommittingLockset() 
INFO [10-29|14:24:17] In IsValid() 
len(lockset.Votes): 2 lockset.EligibleVotesNum: 0
INFO [10-29|14:24:17] in HasQuorum 
INFO [10-29|14:24:17] In IsValid() 
len(lockset.Votes): 2 lockset.EligibleVotesNum: 0
=====CM.COINBASE IS:===== [220 236 234 243 252 92 10 99 209 149 214 155 26 144 1 27 123 25 101 13] block number is: 1
INFO [10-29|14:24:17] case: default, cm.process 
ready: 4 need: 2.6666667
INFO [10-29|14:24:17] ---------------process------------------ 
INFO [10-29|14:24:17] In RM Process                            height=1 round=0
INFO [10-29|14:24:17] --------In rm.propose------- 
INFO [10-29|14:24:17] ---------------in rm.vote----------------- 
INFO [10-29|14:24:17] in vote in RM                            height=1 round=0
INFO [10-29|14:24:17] vote mp 
INFO [10-29|14:24:17] vote success in                          height=1 round=0
INFO [10-29|14:24:17] Send VoteMsg 
INFO [10-29|14:24:17] in rm.process, check lockset HasQuorum 
INFO [10-29|14:24:17] in HasQuorum 
INFO [10-29|14:24:17] In IsValid() 
len(lockset.Votes): 3 lockset.EligibleVotesNum: 4
INFO [10-29|14:24:17] There is a quorum                        height=1 round=0
--- in rm.process p.id: --- Peer 6d11b37ef4fc909a [eth/63]
INFO [10-29|14:24:17] ============in cm.commitLockset============ 
INFO [10-29|14:24:17] in commitLockset, check ls HasQuorum 
INFO [10-29|14:24:17] in HasQuorum 
INFO [10-29|14:24:17] In IsValid() 
len(lockset.Votes): 3 lockset.EligibleVotesNum: 4
INFO [10-29|14:24:17] cm.found is not nil 
INFO [10-29|14:24:17] store lockset 
peerid: 6d11b37ef4fc909a
INFO [10-29|14:24:17] ---storeLockset--- 
INFO [10-29|14:24:17] after cm.process() 
cmH 1
INFO [10-29|14:24:17] in validatorCommit1 
pid: 6d11b37ef4fc909a
block number 1
-------in NewBFTValidatorBlock-------
INFO [10-29|14:24:17] in validatorCommit2 
validatorCommit time: 80.026µs
INFO [10-29|14:24:17] **in eth.handler**, get result from ch 
INFO [10-29|14:24:17] have a consensus on the block 
INFO [10-29|14:24:17] result.Header().Coinbase != b.signer 
result.Header().Coinbase: [125 87 122 89 123 39 66 180 152 203 92 240 194 108 220 215 38 211 158 110] b.signer: [220 236 234 243 252 92 10 99 209 149 214 155 26 144 1 27 123 25 101 13]
ConsensusTime, 2451282 , txs, 1598 , blockNum, 1
FinishedConsensus, 1540794257574458000
INFO [10-29|14:24:17] result is nil 
INFO [10-29|14:24:17] === Finished Mine() === 
INFO [10-29|14:24:17] ***in BFT.VVVVerifyHeader*** 
INFO [10-29|14:24:17] ***in BFT.verifyHeader*** 
INFO [10-29|14:24:17] ***in BFT.verifySeal*** 
INFO [10-29|14:24:17] In verifyVotes 
INFO [10-29|14:24:17] in HasQuorum 
INFO [10-29|14:24:17] In IsValid() 
len(lockset.Votes): 3 lockset.EligibleVotesNum: 4
INFO [10-29|14:24:17] ***in BFT.VerifyHeaderSSSS*** 
INFO [10-29|14:24:17] ***in BFT.verifyHeader*** 
INFO [10-29|14:24:17] ***in BFT.verifySeal*** 
INFO [10-29|14:24:17] In verifyVotes 
INFO [10-29|14:24:17] in HasQuorum 
INFO [10-29|14:24:17] In IsValid() 
len(lockset.Votes): 3 lockset.EligibleVotesNum: 4
INFO [10-29|14:24:17] received NewBlockMsg! 
INFO [10-29|14:24:17] received NewBlockMsg! 
INFO [10-29|14:24:17] Handle BFT Msg,                          msg="msg #17 (107 bytes)"
INFO [10-29|14:24:17] ------Received VoteMsg------ 
voteHR: H: 1 R: 0 voteType:: 1 voteHash: [108 209 67 65 217 17 75 88 133 206 21 223 178 253 206 7 169 225 20 57 97 233 108 145 2 58 19 23 172 252 219 236]
cmHR: H: 1 R: 0
INFO [10-29|14:24:17] --------------------------------------- 
INFO [10-29|14:24:17] addVote to                               height=1 round=0 from=0x598443f1880ef585b21f1d7585bd0577402861e5 success=true cm.coinbase=0xdceceaf3fc5c0a63d195d69b1a90011b7b19650d
INFO [10-29|14:24:17] ------in handle VoteMsg, success!------ 
INFO [10-29|14:24:18] Imported new chain segment               blocks=1 txs=1598 mgas=33.558 elapsed=1.149s   mgasps=29.197 number=1 hash=6cd143…fcdbec
FinishedPostExec, 1540794258725622000 , txs, 1598
PostExecTime, 1.149380285s
INFO [10-29|14:24:18] in pool.evenLoop, call pool.resetState 
INFO [10-29|14:24:20] Commit new mining work                   number=2 txs=1599 uncles=0 elapsed=1.925s
INFO [10-29|14:24:20] Sealing                                  block n=2
StartConsensus, 1540794260651047000
INFO [10-29|14:24:20] Start Process 
INFO [10-29|14:24:20] in cm.Process, check lastCommittingLockset() 
INFO [10-29|14:24:20] In IsValid() 
len(lockset.Votes): 4 lockset.EligibleVotesNum: 4
INFO [10-29|14:24:20] in HasQuorum 
INFO [10-29|14:24:20] In IsValid() 
len(lockset.Votes): 4 lockset.EligibleVotesNum: 4
=====CM.COINBASE IS:===== [220 236 234 243 252 92 10 99 209 149 214 155 26 144 1 27 123 25 101 13] block number is: 2
INFO [10-29|14:24:20] case: default, cm.process 
ready: 4 need: 2.6666667
INFO [10-29|14:24:20] ---------------process------------------ 
INFO [10-29|14:24:20] In RM Process                            height=2 round=0
INFO [10-29|14:24:20] --------In rm.propose------- 
INFO [10-29|14:24:20] I am a proposer in                       height=2 round=0
INFO [10-29|14:24:20] in propose, check lastRoundLockset 
lastRoundLockset, hm.activeround: 0
INFO [10-29|14:24:20] ------in mkProposal------ 
INFO [10-29|14:24:20] In IsValid() 
len(lockset.Votes): 4 lockset.EligibleVotesNum: 4
INFO [10-29|14:24:20] in HasQuorum 
INFO [10-29|14:24:20] In IsValid() 
len(lockset.Votes): 4 lockset.EligibleVotesNum: 4
INFO [10-29|14:24:20] LockSet(R-1) is nil (rm.round should equal to zero) 
INFO [10-29|14:24:20] in HasQuorum 
INFO [10-29|14:24:20] In IsValid() 
len(lockset.Votes): 4 lockset.EligibleVotesNum: 4
INFO [10-29|14:24:20] in HasQuorum 
INFO [10-29|14:24:20] In IsValid() 
len(lockset.Votes): 4 lockset.EligibleVotesNum: 4
Create block blockhash :  [89 83 160 227 89 196 246 140 231 83 138 118 116 13 213 224 159 25 235 221 37 190 222 214 51 106 155 102 199 178 18 194]
INFO [10-29|14:24:20] In addBlockCandidates!! 
INFO [10-29|14:24:20] Send NewBlockProposalMsg:                LOG15_ERROR=                                                   LOG15_ERROR="Normalized odd number of arguments by adding nil"
INFO [10-29|14:24:20] Handle BFT Msg,                          msg="msg #18 (662 bytes)"
INFO [10-29|14:24:20] ------Received MsigProposalMsg------ 
mpHR: H: 2 R: 0 hash: [89 83 160 227 89 196 246 140 231 83 138 118 116 13 213 224 159 25 235 221 37 190 222 214 51 106 155 102 199 178 18 194]
cmHR: H: 2 R: 0
INFO [10-29|14:24:20] --------------------------------------- 
H====:  2 P==== 0
INFO [10-29|14:24:20] In addMsig I am leader 
mp= &{<nil> 27 99279498069063757237380922412578139400776830316487216833668354597611521605063 38915591381940883413075923143543621701326869637784022730951707728029244271388 0xc424a88000 2 0 [89 83 160 227 89 196 246 140 231 83 138 118 116 13 213 224 159 25 235 221 37 190 222 214 51 106 155 102 199 178 18 194] 0xc429100000 0xc429100050}
INFO [10-29|14:24:20] in MsigFinished 
len(mp.Msig.MsigVs): 2 mp.MsigVs: [0 27]
INFO [10-29|14:24:20] in bfthandler Send MsigProposalMsg 
INFO [10-29|14:24:20] Sending MsigProposalMsg 
INFO [10-29|14:24:20] Sending MsigProposalMsg 
INFO [10-29|14:24:20] Sending MsigProposalMsg 
INFO [10-29|14:24:20] Handle BFT Msg,                          msg="msg #18 (662 bytes)"
INFO [10-29|14:24:20] ------Received MsigProposalMsg------ 
mpHR: H: 2 R: 0 hash: [89 83 160 227 89 196 246 140 231 83 138 118 116 13 213 224 159 25 235 221 37 190 222 214 51 106 155 102 199 178 18 194]
cmHR: H: 2 R: 0
INFO [10-29|14:24:20] --------------------------------------- 
H====:  2 P==== 0
INFO [10-29|14:24:20] In addMsig I am leader 
mp= &{<nil> 27 99279498069063757237380922412578139400776830316487216833668354597611521605063 38915591381940883413075923143543621701326869637784022730951707728029244271388 0xc424a88240 2 0 [89 83 160 227 89 196 246 140 231 83 138 118 116 13 213 224 159 25 235 221 37 190 222 214 51 106 155 102 199 178 18 194] 0xc4291001e0 0xc429100230}
INFO [10-29|14:24:20] in MsigFinished 
len(mp.Msig.MsigVs): 2 mp.MsigVs: [0 27]
INFO [10-29|14:24:20] in bfthandler Send MsigProposalMsg 
INFO [10-29|14:24:20] Handle BFT Msg,                          msg="msg #18 (662 bytes)"
INFO [10-29|14:24:20] ------Received MsigProposalMsg------ 
mpHR: H: 2 R: 0 hash: [89 83 160 227 89 196 246 140 231 83 138 118 116 13 213 224 159 25 235 221 37 190 222 214 51 106 155 102 199 178 18 194]
cmHR: H: 2 R: 0
INFO [10-29|14:24:20] --------------------------------------- 
H====:  2 P==== 0
INFO [10-29|14:24:20] In addMsig I am leader 
mp= &{<nil> 27 99279498069063757237380922412578139400776830316487216833668354597611521605063 38915591381940883413075923143543621701326869637784022730951707728029244271388 0xc424a88480 2 0 [89 83 160 227 89 196 246 140 231 83 138 118 116 13 213 224 159 25 235 221 37 190 222 214 51 106 155 102 199 178 18 194] 0xc4291002d0 0xc429100320}
INFO [10-29|14:24:20] in MsigFinished 
len(mp.Msig.MsigVs): 2 mp.MsigVs: [0 27]
INFO [10-29|14:24:20] in bfthandler Send MsigProposalMsg 
INFO [10-29|14:24:20] ---------------in rm.vote----------------- 
INFO [10-29|14:24:20] in vote in RM                            height=2 round=0
INFO [10-29|14:24:20] Timeout time not reach, curr vs timeout: curr=1540794260.000 timeout=1540794265.000
INFO [10-29|14:24:20] in rm.process, check lockset HasQuorum 
INFO [10-29|14:24:20] in HasQuorum 
INFO [10-29|14:24:20] In IsValid() 
len(lockset.Votes): 0 lockset.EligibleVotesNum: 4
INFO [10-29|14:24:20] rm lockset is not valid yet 
INFO [10-29|14:24:20] ------addmsigproposal success!------- 
INFO [10-29|14:24:20] ------addmsigproposal success!------- 
INFO [10-29|14:24:20] ------addmsigproposal success!------- 
INFO [10-29|14:24:20] after cm.process() 
INFO [10-29|14:24:20] Handle BFT Msg,                          msg="msg #17 (107 bytes)"
INFO [10-29|14:24:20] ------Received VoteMsg------ 
voteHR: H: 2 R: 0 voteType:: 1 voteHash: [89 83 160 227 89 196 246 140 231 83 138 118 116 13 213 224 159 25 235 221 37 190 222 214 51 106 155 102 199 178 18 194]
cmHR: H: 2 R: 0
INFO [10-29|14:24:20] --------------------------------------- 
INFO [10-29|14:24:20] addVote to                               height=2 round=0 from=0x7d577a597b2742b498cb5cf0c26cdcd726d39e6e success=true cm.coinbase=0xdceceaf3fc5c0a63d195d69b1a90011b7b19650d
INFO [10-29|14:24:20] ------in handle VoteMsg, success!------ 
INFO [10-29|14:24:20] case: default, cm.process 
ready: 4 need: 2.6666667
INFO [10-29|14:24:20] ---------------process------------------ 
INFO [10-29|14:24:20] In RM Process                            height=2 round=0
INFO [10-29|14:24:20] --------In rm.propose------- 
INFO [10-29|14:24:20] I am a proposer in                       height=2 round=0
INFO [10-29|14:24:20] ---------------in rm.vote----------------- 
INFO [10-29|14:24:20] in vote in RM                            height=2 round=0
INFO [10-29|14:24:20] vote mp 
INFO [10-29|14:24:20] vote success in                          height=2 round=0
INFO [10-29|14:24:20] Send VoteMsg 
INFO [10-29|14:24:20] in rm.process, check lockset HasQuorum 
INFO [10-29|14:24:20] in HasQuorum 
INFO [10-29|14:24:20] In IsValid() 
len(lockset.Votes): 2 lockset.EligibleVotesNum: 4
INFO [10-29|14:24:20] rm lockset is not valid yet 
INFO [10-29|14:24:20] after cm.process() 
INFO [10-29|14:24:20] Handle BFT Msg,                          msg="msg #17 (107 bytes)"
INFO [10-29|14:24:20] ------Received VoteMsg------ 
voteHR: H: 2 R: 0 voteType:: 1 voteHash: [89 83 160 227 89 196 246 140 231 83 138 118 116 13 213 224 159 25 235 221 37 190 222 214 51 106 155 102 199 178 18 194]
cmHR: H: 2 R: 0
INFO [10-29|14:24:20] --------------------------------------- 
INFO [10-29|14:24:20] addVote to                               height=2 round=0 from=0x598443f1880ef585b21f1d7585bd0577402861e5 success=true cm.coinbase=0xdceceaf3fc5c0a63d195d69b1a90011b7b19650d
INFO [10-29|14:24:20] ------in handle VoteMsg, success!------ 
INFO [10-29|14:24:20] Handle BFT Msg,                          msg="msg #9 (3 bytes)"
INFO [10-29|14:24:20] -------GetLocksetsMsg------- 
GetLockSetsMsg request:  [{2}] from:  d67104e65b61fca1
INFO [10-29|14:24:20] Request future block 
INFO [10-29|14:24:20] case: default, cm.process 
ready: 4 need: 2.6666667
INFO [10-29|14:24:20] ---------------process------------------ 
INFO [10-29|14:24:20] In RM Process                            height=2 round=0
INFO [10-29|14:24:20] --------In rm.propose------- 
INFO [10-29|14:24:20] I am a proposer in                       height=2 round=0
INFO [10-29|14:24:20] ---------------in rm.vote----------------- 
INFO [10-29|14:24:20] voted 
INFO [10-29|14:24:20] in rm.process, check lockset HasQuorum 
INFO [10-29|14:24:20] in HasQuorum 
INFO [10-29|14:24:20] In IsValid() 
len(lockset.Votes): 3 lockset.EligibleVotesNum: 4
INFO [10-29|14:24:20] There is a quorum                        height=2 round=0
INFO [10-29|14:24:20] ============in cm.commitLockset============ 
INFO [10-29|14:24:20] in commitLockset, check ls HasQuorum 
INFO [10-29|14:24:20] in HasQuorum 
INFO [10-29|14:24:20] In IsValid() 
len(lockset.Votes): 3 lockset.EligibleVotesNum: 4
INFO [10-29|14:24:20] cm.found is not nil 
INFO [10-29|14:24:20] store lockset 
INFO [10-29|14:24:20] have a consensus on the block 
ConsensusTime, 292571089 , txs, 1599 , blockNum, 2
FinishedConsensus, 1540794260943584000
INFO [10-29|14:24:20] Successfully sealed new block            number=2 hash=5953a0…b212c2
INFO [10-29|14:24:20] === Finished Mine() === 
INFO [10-29|14:24:20] ---storeLockset--- 
INFO [10-29|14:24:20] after cm.process() 
INFO [10-29|14:24:20] Handle BFT Msg,                          msg="msg #17 (107 bytes)"
INFO [10-29|14:24:20] ------Received VoteMsg------ 
voteHR: H: 2 R: 0 voteType:: 1 voteHash: [89 83 160 227 89 196 246 140 231 83 138 118 116 13 213 224 159 25 235 221 37 190 222 214 51 106 155 102 199 178 18 194]
cmHR: H: 3 R: 0
INFO [10-29|14:24:20] --------------------------------------- 
INFO [10-29|14:24:20] addVote to                               height=2 round=0 from=0x82a978b3f5962a5b0957d9ee9eef472ee55b42f1 success=true cm.coinbase=0xdceceaf3fc5c0a63d195d69b1a90011b7b19650d
INFO [10-29|14:24:20] ------in handle VoteMsg, success!------ 
INFO [10-29|14:24:20] 🔨 mined potential block                  number=2 hash=5953a0…b212c2
INFO [10-29|14:24:20] in pool.evenLoop, call pool.resetState 
INFO [10-29|14:24:23] Commit new mining work                   number=3 txs=1599 uncles=0 elapsed=2.209s
INFO [10-29|14:24:23] Sealing                                  block n=3
StartConsensus, 1540794263184282000
INFO [10-29|14:24:23] Start Process 
INFO [10-29|14:24:23] in cm.Process, check lastCommittingLockset() 
INFO [10-29|14:24:23] In IsValid() 
len(lockset.Votes): 4 lockset.EligibleVotesNum: 4
INFO [10-29|14:24:23] in HasQuorum 
INFO [10-29|14:24:23] In IsValid() 
len(lockset.Votes): 4 lockset.EligibleVotesNum: 4
=====CM.COINBASE IS:===== [220 236 234 243 252 92 10 99 209 149 214 155 26 144 1 27 123 25 101 13] block number is: 3
INFO [10-29|14:24:23] case: default, cm.process 
ready: 4 need: 2.6666667
INFO [10-29|14:24:23] ---------------process------------------ 
INFO [10-29|14:24:23] In RM Process                            height=3 round=0
INFO [10-29|14:24:23] --------In rm.propose------- 
INFO [10-29|14:24:23] ---------------in rm.vote----------------- 
INFO [10-29|14:24:23] in vote in RM                            height=3 round=0
INFO [10-29|14:24:23] Timeout time not reach, curr vs timeout: curr=1540794263.000 timeout=1540794268.000
INFO [10-29|14:24:23] in rm.process, check lockset HasQuorum 
INFO [10-29|14:24:23] in HasQuorum 
INFO [10-29|14:24:23] In IsValid() 
len(lockset.Votes): 0 lockset.EligibleVotesNum: 4
INFO [10-29|14:24:23] rm lockset is not valid yet 
INFO [10-29|14:24:23] after cm.process() 
INFO [10-29|14:24:23] case: default, cm.process 
ready: 4 need: 2.6666667
INFO [10-29|14:24:23] ---------------process------------------ 
INFO [10-29|14:24:23] In RM Process                            height=3 round=0
INFO [10-29|14:24:23] --------In rm.propose------- 
INFO [10-29|14:24:23] ---------------in rm.vote----------------- 
INFO [10-29|14:24:23] in vote in RM                            height=3 round=0
INFO [10-29|14:24:23] Timeout time not reach, curr vs timeout: curr=1540794263.000 timeout=1540794268.000
INFO [10-29|14:24:23] in rm.process, check lockset HasQuorum 
INFO [10-29|14:24:23] in HasQuorum 
INFO [10-29|14:24:23] In IsValid() 
len(lockset.Votes): 0 lockset.EligibleVotesNum: 4
INFO [10-29|14:24:23] rm lockset is not valid yet 
INFO [10-29|14:24:23] after cm.process() 
INFO [10-29|14:24:23] case: default, cm.process 
ready: 4 need: 2.6666667
INFO [10-29|14:24:23] ---------------process------------------ 
INFO [10-29|14:24:23] In RM Process                            height=3 round=0
INFO [10-29|14:24:23] --------In rm.propose------- 
INFO [10-29|14:24:23] ---------------in rm.vote----------------- 
INFO [10-29|14:24:23] in vote in RM                            height=3 round=0
INFO [10-29|14:24:23] Timeout time not reach, curr vs timeout: curr=1540794263.000 timeout=1540794268.000
INFO [10-29|14:24:23] in rm.process, check lockset HasQuorum 
INFO [10-29|14:24:23] in HasQuorum 
INFO [10-29|14:24:23] In IsValid() 
len(lockset.Votes): 0 lockset.EligibleVotesNum: 4
INFO [10-29|14:24:23] rm lockset is not valid yet 
INFO [10-29|14:24:23] after cm.process() 
INFO [10-29|14:24:23] case: default, cm.process 
ready: 4 need: 2.6666667
INFO [10-29|14:24:23] ---------------process------------------ 
INFO [10-29|14:24:23] In RM Process                            height=3 round=0
INFO [10-29|14:24:23] --------In rm.propose------- 
INFO [10-29|14:24:23] ---------------in rm.vote----------------- 
INFO [10-29|14:24:23] in vote in RM                            height=3 round=0
INFO [10-29|14:24:23] Timeout time not reach, curr vs timeout: curr=1540794263.000 timeout=1540794268.000
INFO [10-29|14:24:23] in rm.process, check lockset HasQuorum 
INFO [10-29|14:24:23] in HasQuorum 
INFO [10-29|14:24:23] In IsValid() 
len(lockset.Votes): 0 lockset.EligibleVotesNum: 4
INFO [10-29|14:24:23] rm lockset is not valid yet 
INFO [10-29|14:24:23] after cm.process() 
INFO [10-29|14:24:23] case: default, cm.process 
ready: 4 need: 2.6666667
INFO [10-29|14:24:23] ---------------process------------------ 
INFO [10-29|14:24:23] In RM Process                            height=3 round=0
INFO [10-29|14:24:23] --------In rm.propose------- 
INFO [10-29|14:24:23] ---------------in rm.vote----------------- 
INFO [10-29|14:24:23] in vote in RM                            height=3 round=0
INFO [10-29|14:24:23] Timeout time not reach, curr vs timeout: curr=1540794263.000 timeout=1540794268.000
INFO [10-29|14:24:23] in rm.process, check lockset HasQuorum 
INFO [10-29|14:24:23] in HasQuorum 
INFO [10-29|14:24:23] In IsValid() 
len(lockset.Votes): 0 lockset.EligibleVotesNum: 4
INFO [10-29|14:24:23] rm lockset is not valid yet 
INFO [10-29|14:24:23] after cm.process() 
INFO [10-29|14:24:23] case: default, cm.process 
ready: 4 need: 2.6666667
INFO [10-29|14:24:23] ---------------process------------------ 
INFO [10-29|14:24:23] In RM Process                            height=3 round=0
INFO [10-29|14:24:23] --------In rm.propose------- 
INFO [10-29|14:24:23] ---------------in rm.vote----------------- 
INFO [10-29|14:24:23] in vote in RM                            height=3 round=0
INFO [10-29|14:24:23] Timeout time not reach, curr vs timeout: curr=1540794263.000 timeout=1540794268.000
INFO [10-29|14:24:23] in rm.process, check lockset HasQuorum 
INFO [10-29|14:24:23] in HasQuorum 
INFO [10-29|14:24:23] In IsValid() 
len(lockset.Votes): 0 lockset.EligibleVotesNum: 4
INFO [10-29|14:24:23] rm lockset is not valid yet 
INFO [10-29|14:24:23] after cm.process() 
INFO [10-29|14:24:23] case: default, cm.process 
ready: 4 need: 2.6666667
INFO [10-29|14:24:23] ---------------process------------------ 
INFO [10-29|14:24:23] In RM Process                            height=3 round=0
INFO [10-29|14:24:23] --------In rm.propose------- 
INFO [10-29|14:24:23] ---------------in rm.vote----------------- 
INFO [10-29|14:24:23] in vote in RM                            height=3 round=0
INFO [10-29|14:24:23] Timeout time not reach, curr vs timeout: curr=1540794263.000 timeout=1540794268.000
INFO [10-29|14:24:23] in rm.process, check lockset HasQuorum 
INFO [10-29|14:24:23] in HasQuorum 
INFO [10-29|14:24:23] In IsValid() 
len(lockset.Votes): 0 lockset.EligibleVotesNum: 4
INFO [10-29|14:24:23] rm lockset is not valid yet 
INFO [10-29|14:24:23] after cm.process() 
INFO [10-29|14:24:23] case: default, cm.process 
ready: 4 need: 2.6666667
INFO [10-29|14:24:23] ---------------process------------------ 
INFO [10-29|14:24:23] In RM Process                            height=3 round=0
INFO [10-29|14:24:23] --------In rm.propose------- 
INFO [10-29|14:24:23] ---------------in rm.vote----------------- 
INFO [10-29|14:24:23] in vote in RM                            height=3 round=0
INFO [10-29|14:24:23] Timeout time not reach, curr vs timeout: curr=1540794263.000 timeout=1540794268.000
INFO [10-29|14:24:23] in rm.process, check lockset HasQuorum 
INFO [10-29|14:24:23] in HasQuorum 
INFO [10-29|14:24:23] In IsValid() 
len(lockset.Votes): 0 lockset.EligibleVotesNum: 4
INFO [10-29|14:24:23] rm lockset is not valid yet 
INFO [10-29|14:24:23] after cm.process() 
INFO [10-29|14:24:24] case: default, cm.process 
ready: 4 need: 2.6666667
INFO [10-29|14:24:24] ---------------process------------------ 
INFO [10-29|14:24:24] In RM Process                            height=3 round=0
INFO [10-29|14:24:24] --------In rm.propose------- 
INFO [10-29|14:24:24] ---------------in rm.vote----------------- 
INFO [10-29|14:24:24] in vote in RM                            height=3 round=0
INFO [10-29|14:24:24] Timeout time not reach, curr vs timeout: curr=1540794264.000 timeout=1540794268.000
INFO [10-29|14:24:24] in rm.process, check lockset HasQuorum 
INFO [10-29|14:24:24] in HasQuorum 
INFO [10-29|14:24:24] In IsValid() 
len(lockset.Votes): 0 lockset.EligibleVotesNum: 4
INFO [10-29|14:24:24] rm lockset is not valid yet 
INFO [10-29|14:24:24] after cm.process() 
INFO [10-29|14:24:24] case: default, cm.process 
ready: 4 need: 2.6666667
INFO [10-29|14:24:24] ---------------process------------------ 
INFO [10-29|14:24:24] In RM Process                            height=3 round=0
INFO [10-29|14:24:24] --------In rm.propose------- 
INFO [10-29|14:24:24] ---------------in rm.vote----------------- 
INFO [10-29|14:24:24] in vote in RM                            height=3 round=0
INFO [10-29|14:24:24] Timeout time not reach, curr vs timeout: curr=1540794264.000 timeout=1540794268.000
INFO [10-29|14:24:24] in rm.process, check lockset HasQuorum 
INFO [10-29|14:24:24] in HasQuorum 
INFO [10-29|14:24:24] In IsValid() 
len(lockset.Votes): 0 lockset.EligibleVotesNum: 4
INFO [10-29|14:24:24] rm lockset is not valid yet 
INFO [10-29|14:24:24] after cm.process() 
INFO [10-29|14:24:24] Handle BFT Msg,                          msg="msg #18 (662 bytes)"
INFO [10-29|14:24:24] ------Received MsigProposalMsg------ 
mpHR: H: 3 R: 0 hash: [84 122 131 33 147 172 252 128 121 118 13 99 252 91 206 56 97 125 255 71 222 173 51 161 211 152 70 134 211 95 171 239]
cmHR: H: 3 R: 0
INFO [10-29|14:24:24] --------------------------------------- 
H====:  3 P==== 0
INFO [10-29|14:24:24] In addMsig I am leader 
mp= &{<nil> 28 86464955284599026226541071876355348041611815626097009853306011743358155937944 14264081255983585927409880640387919462827278526478049583795010662389066302654 0xc426804900 3 0 [84 122 131 33 147 172 252 128 121 118 13 99 252 91 206 56 97 125 255 71 222 173 51 161 211 152 70 134 211 95 171 239] 0xc42c0b88c0 0xc42c0b8910}
INFO [10-29|14:24:24] in MsigFinished 
len(mp.Msig.MsigVs): 2 mp.MsigVs: [0 28]
INFO [10-29|14:24:24] in bfthandler Send MsigProposalMsg 
INFO [10-29|14:24:24] Sending MsigProposalMsg 
INFO [10-29|14:24:24] Sending MsigProposalMsg 
INFO [10-29|14:24:24] Sending MsigProposalMsg 
INFO [10-29|14:24:24] ------addmsigproposal success!------- 
INFO [10-29|14:24:24] Handle BFT Msg,                          msg="msg #11 (173336 bytes)"
INFO [10-29|14:24:24] -------Received NewBlockProposalMsg------- 
bpHR: H: 3 R: 0
cmHR: H: 3 R: 0
INFO [10-29|14:24:24] --------------------------------------- 
# collMsig from = Peer d9d5b902798f5c42 [eth/63]
cmHR: H: 3 R: 0
this is rm.proposerPeer  Peer d9d5b902798f5c42 [eth/63]
INFO [10-29|14:24:24] In IsValid() 
len(lockset.Votes): 0 lockset.EligibleVotesNum: 0
INFO [10-29|14:24:24] cm add BlockProposal                     h=3 r=0
INFO [10-29|14:24:24] in HasQuorum 
INFO [10-29|14:24:24] In IsValid() 
len(lockset.Votes): 4 lockset.EligibleVotesNum: 4
INFO [10-29|14:24:24] Handle BFT Msg,                          msg="msg #17 (107 bytes)"
INFO [10-29|14:24:24] ------Received VoteMsg------ 
voteHR: H: 3 R: 0 voteType:: 1 voteHash: [84 122 131 33 147 172 252 128 121 118 13 99 252 91 206 56 97 125 255 71 222 173 51 161 211 152 70 134 211 95 171 239]
cmHR: H: 3 R: 0
INFO [10-29|14:24:24] --------------------------------------- 
INFO [10-29|14:24:24] In addBlockCandidates!! 
INFO [10-29|14:24:24] -------in handle NewBlockProposalMsg, success!------- 
INFO [10-29|14:24:24] addVote to                               height=3 round=0 from=0x7d577a597b2742b498cb5cf0c26cdcd726d39e6e success=true cm.coinbase=0xdceceaf3fc5c0a63d195d69b1a90011b7b19650d
INFO [10-29|14:24:24] ------in handle VoteMsg, success!------ 
INFO [10-29|14:24:24] case: default, cm.process 
ready: 4 need: 2.6666667
INFO [10-29|14:24:24] ---------------process------------------ 
INFO [10-29|14:24:24] In RM Process                            height=3 round=0
INFO [10-29|14:24:24] --------In rm.propose------- 
INFO [10-29|14:24:24] ---------------in rm.vote----------------- 
INFO [10-29|14:24:24] in vote in RM                            height=3 round=0
INFO [10-29|14:24:24] vote mp 
INFO [10-29|14:24:24] vote success in                          height=3 round=0
INFO [10-29|14:24:24] Send VoteMsg 
INFO [10-29|14:24:24] in rm.process, check lockset HasQuorum 
INFO [10-29|14:24:24] in HasQuorum 
INFO [10-29|14:24:24] In IsValid() 
len(lockset.Votes): 2 lockset.EligibleVotesNum: 4
INFO [10-29|14:24:24] rm lockset is not valid yet 
INFO [10-29|14:24:24] after cm.process() 
INFO [10-29|14:24:24] Handle BFT Msg,                          msg="msg #17 (107 bytes)"
INFO [10-29|14:24:24] ------Received VoteMsg------ 
voteHR: H: 3 R: 0 voteType:: 1 voteHash: [84 122 131 33 147 172 252 128 121 118 13 99 252 91 206 56 97 125 255 71 222 173 51 161 211 152 70 134 211 95 171 239]
cmHR: H: 3 R: 0
INFO [10-29|14:24:24] --------------------------------------- 
INFO [10-29|14:24:24] addVote to                               height=3 round=0 from=0x82a978b3f5962a5b0957d9ee9eef472ee55b42f1 success=true cm.coinbase=0xdceceaf3fc5c0a63d195d69b1a90011b7b19650d
INFO [10-29|14:24:24] ------in handle VoteMsg, success!------ 
INFO [10-29|14:24:24] Handle BFT Msg,                          msg="msg #17 (107 bytes)"
INFO [10-29|14:24:24] ------Received VoteMsg------ 
voteHR: H: 3 R: 0 voteType:: 1 voteHash: [84 122 131 33 147 172 252 128 121 118 13 99 252 91 206 56 97 125 255 71 222 173 51 161 211 152 70 134 211 95 171 239]
cmHR: H: 3 R: 0
INFO [10-29|14:24:24] --------------------------------------- 
INFO [10-29|14:24:24] addVote to                               height=3 round=0 from=0x598443f1880ef585b21f1d7585bd0577402861e5 success=true cm.coinbase=0xdceceaf3fc5c0a63d195d69b1a90011b7b19650d
INFO [10-29|14:24:24] ------in handle VoteMsg, success!------ 
INFO [10-29|14:24:24] received NewBlockMsg! 
INFO [10-29|14:24:24] ***in BFT.VVVVerifyHeader*** 
INFO [10-29|14:24:24] ***in BFT.verifyHeader*** 
INFO [10-29|14:24:24] ***in BFT.verifySeal*** 
INFO [10-29|14:24:24] In verifyVotes 
INFO [10-29|14:24:24] ***in sync.request()*** 
INFO [10-29|14:24:24] Handle BFT Msg,                          msg="msg #10 (433 bytes)"
INFO [10-29|14:24:24] -------Received LocksetMsg------- 
lockset: &{<nil> 0 0 0 4 [0xc425f64000 0xc425f64060 0xc425f640c0 0xc425f64120] false}
INFO [10-29|14:24:24] in HasQuorum 
INFO [10-29|14:24:24] In IsValid() 
len(lockset.Votes): 4 lockset.EligibleVotesNum: 4
INFO [10-29|14:24:24] ---storeLockset--- 
INFO [10-29|14:24:24] case: default, cm.process 
ready: 4 need: 2.6666667
INFO [10-29|14:24:24] ---------------process------------------ 
INFO [10-29|14:24:24] In RM Process                            height=3 round=0
INFO [10-29|14:24:24] --------In rm.propose------- 
INFO [10-29|14:24:24] ---------------in rm.vote----------------- 
INFO [10-29|14:24:24] voted 
INFO [10-29|14:24:24] in rm.process, check lockset HasQuorum 
INFO [10-29|14:24:24] in HasQuorum 
INFO [10-29|14:24:24] In IsValid() 
len(lockset.Votes): 4 lockset.EligibleVotesNum: 4
INFO [10-29|14:24:24] There is a quorum                        height=3 round=0
--- in rm.process p.id: --- Peer d9d5b902798f5c42 [eth/63]
INFO [10-29|14:24:24] ============in cm.commitLockset============ 
INFO [10-29|14:24:24] in commitLockset, check ls HasQuorum 
INFO [10-29|14:24:24] in HasQuorum 
INFO [10-29|14:24:24] In IsValid() 
len(lockset.Votes): 4 lockset.EligibleVotesNum: 4
INFO [10-29|14:24:24] cm.found is not nil 
INFO [10-29|14:24:24] store lockset 
peerid: d9d5b902798f5c42
INFO [10-29|14:24:24] ---storeLockset--- 
INFO [10-29|14:24:24] have a consensus on the block 
INFO [10-29|14:24:24] result.Header().Coinbase != b.signer 
result.Header().Coinbase: [89 132 67 241 136 14 245 133 178 31 29 117 133 189 5 119 64 40 97 229] b.signer: [220 236 234 243 252 92 10 99 209 149 214 155 26 144 1 27 123 25 101 13]
ConsensusTime, 1128392689 , txs, 1599 , blockNum, 3
FinishedConsensus, 1540794264312670000
INFO [10-29|14:24:24] result is nil 
INFO [10-29|14:24:24] === Finished Mine() === 
INFO [10-29|14:24:24] after cm.process() 
cmH 3
INFO [10-29|14:24:24] in validatorCommit1 
pid: d9d5b902798f5c42
block number 3
-------in NewBFTValidatorBlock-------
INFO [10-29|14:24:24] in validatorCommit2 
validatorCommit time: 85.26µs
INFO [10-29|14:24:24] **in eth.handler**, get result from ch 
INFO [10-29|14:24:24] received NewBlockMsg! 
INFO [10-29|14:24:24] In verifyVotes 
INFO [10-29|14:24:24] in HasQuorum 
INFO [10-29|14:24:24] In IsValid() 
len(lockset.Votes): 4 lockset.EligibleVotesNum: 4
INFO [10-29|14:24:24] ***in BFT.VerifyHeaderSSSS*** 
INFO [10-29|14:24:24] ***in BFT.verifyHeader*** 
INFO [10-29|14:24:24] ***in BFT.verifySeal*** 
INFO [10-29|14:24:24] In verifyVotes 
INFO [10-29|14:24:24] in HasQuorum 
INFO [10-29|14:24:24] In IsValid() 
len(lockset.Votes): 4 lockset.EligibleVotesNum: 4
INFO [10-29|14:24:25] Imported new chain segment               blocks=1 txs=1599 mgas=33.579 elapsed=1.016s   mgasps=33.026 number=3 hash=547a83…5fabef
FinishedPostExec, 1540794265524638000 , txs, 1599
PostExecTime, 1.016735252s
INFO [10-29|14:24:25] in pool.evenLoop, call pool.resetState 
INFO [10-29|14:24:27] Handle BFT Msg,                          msg="msg #11 (173453 bytes)"
INFO [10-29|14:24:27] -------Received NewBlockProposalMsg------- 
bpHR: H: 4 R: 0
cmHR: H: 4 R: 0
INFO [10-29|14:24:27] --------------------------------------- 
# collMsig from = Peer d67104e65b61fca1 [eth/63]
cmHR: H: 4 R: 0
this is rm.proposerPeer  Peer d67104e65b61fca1 [eth/63]
INFO [10-29|14:24:27] In IsValid() 
len(lockset.Votes): 0 lockset.EligibleVotesNum: 0
INFO [10-29|14:24:27] cm add BlockProposal                     h=4 r=0
INFO [10-29|14:24:27] in HasQuorum 
INFO [10-29|14:24:27] In IsValid() 
len(lockset.Votes): 4 lockset.EligibleVotesNum: 4
INFO [10-29|14:24:27] In addBlockCandidates!! 
INFO [10-29|14:24:27] -------in handle NewBlockProposalMsg, success!------- 
INFO [10-29|14:24:27] Handle BFT Msg,                          msg="msg #18 (662 bytes)"
INFO [10-29|14:24:27] ------Received MsigProposalMsg------ 
mpHR: H: 4 R: 0 hash: [34 6 222 124 141 210 227 242 6 213 107 195 172 196 60 193 118 200 28 245 47 35 139 133 183 40 59 2 13 128 87 104]
cmHR: H: 4 R: 0
INFO [10-29|14:24:27] --------------------------------------- 
H====:  4 P==== 0
INFO [10-29|14:24:27] ------addmsigproposal success!------- 
INFO [10-29|14:24:27] Commit new mining work                   number=4 txs=1600 uncles=0 elapsed=1.606s
INFO [10-29|14:24:27] Sealing                                  block n=4
StartConsensus, 1540794267131391000
INFO [10-29|14:24:27] Start Process 
INFO [10-29|14:24:27] in cm.Process, check lastCommittingLockset() 
INFO [10-29|14:24:27] In IsValid() 
len(lockset.Votes): 4 lockset.EligibleVotesNum: 4
INFO [10-29|14:24:27] in HasQuorum 
INFO [10-29|14:24:27] In IsValid() 
len(lockset.Votes): 4 lockset.EligibleVotesNum: 4
=====CM.COINBASE IS:===== [220 236 234 243 252 92 10 99 209 149 214 155 26 144 1 27 123 25 101 13] block number is: 4
INFO [10-29|14:24:27] case: default, cm.process 
ready: 4 need: 2.6666667
INFO [10-29|14:24:27] ---------------process------------------ 
INFO [10-29|14:24:27] In RM Process                            height=4 round=0
INFO [10-29|14:24:27] --------In rm.propose------- 
INFO [10-29|14:24:27] ---------------in rm.vote----------------- 
INFO [10-29|14:24:27] in vote in RM                            height=4 round=0
INFO [10-29|14:24:27] vote mp 
INFO [10-29|14:24:27] vote success in                          height=4 round=0
INFO [10-29|14:24:27] Send VoteMsg 
INFO [10-29|14:24:27] in rm.process, check lockset HasQuorum 
INFO [10-29|14:24:27] in HasQuorum 
INFO [10-29|14:24:27] In IsValid() 
len(lockset.Votes): 1 lockset.EligibleVotesNum: 4
INFO [10-29|14:24:27] rm lockset is not valid yet 
INFO [10-29|14:24:27] after cm.process() 
INFO [10-29|14:24:27] Handle BFT Msg,                          msg="msg #17 (107 bytes)"
INFO [10-29|14:24:27] ------Received VoteMsg------ 
voteHR: H: 4 R: 0 voteType:: 1 voteHash: [34 6 222 124 141 210 227 242 6 213 107 195 172 196 60 193 118 200 28 245 47 35 139 133 183 40 59 2 13 128 87 104]
cmHR: H: 4 R: 0
INFO [10-29|14:24:27] --------------------------------------- 
INFO [10-29|14:24:27] addVote to                               height=4 round=0 from=0x7d577a597b2742b498cb5cf0c26cdcd726d39e6e success=true cm.coinbase=0xdceceaf3fc5c0a63d195d69b1a90011b7b19650d
INFO [10-29|14:24:27] ------in handle VoteMsg, success!------ 
INFO [10-29|14:24:27] Handle BFT Msg,                          msg="msg #17 (107 bytes)"
INFO [10-29|14:24:27] ------Received VoteMsg------ 
voteHR: H: 4 R: 0 voteType:: 1 voteHash: [34 6 222 124 141 210 227 242 6 213 107 195 172 196 60 193 118 200 28 245 47 35 139 133 183 40 59 2 13 128 87 104]
cmHR: H: 4 R: 0
INFO [10-29|14:24:27] --------------------------------------- 
INFO [10-29|14:24:27] addVote to                               height=4 round=0 from=0x82a978b3f5962a5b0957d9ee9eef472ee55b42f1 success=true cm.coinbase=0xdceceaf3fc5c0a63d195d69b1a90011b7b19650d
INFO [10-29|14:24:27] ------in handle VoteMsg, success!------ 
INFO [10-29|14:24:27] received NewBlockMsg! 
INFO [10-29|14:24:27] ***in BFT.VVVVerifyHeader*** 
INFO [10-29|14:24:27] ***in BFT.verifyHeader*** 
INFO [10-29|14:24:27] ***in BFT.verifySeal*** 
INFO [10-29|14:24:27] In verifyVotes 
INFO [10-29|14:24:27] ***in sync.request()*** 
INFO [10-29|14:24:27] case: default, cm.process 
ready: 4 need: 2.6666667
INFO [10-29|14:24:27] ---------------process------------------ 
INFO [10-29|14:24:27] In RM Process                            height=4 round=0
INFO [10-29|14:24:27] --------In rm.propose------- 
INFO [10-29|14:24:27] ---------------in rm.vote----------------- 
INFO [10-29|14:24:27] voted 
INFO [10-29|14:24:27] in rm.process, check lockset HasQuorum 
INFO [10-29|14:24:27] in HasQuorum 
INFO [10-29|14:24:27] In IsValid() 
len(lockset.Votes): 3 lockset.EligibleVotesNum: 4
INFO [10-29|14:24:27] There is a quorum                        height=4 round=0
--- in rm.process p.id: --- Peer d67104e65b61fca1 [eth/63]
INFO [10-29|14:24:27] ============in cm.commitLockset============ 
INFO [10-29|14:24:27] in commitLockset, check ls HasQuorum 
INFO [10-29|14:24:27] in HasQuorum 
INFO [10-29|14:24:27] In IsValid() 
len(lockset.Votes): 3 lockset.EligibleVotesNum: 4
INFO [10-29|14:24:27] cm.found is not nil 
INFO [10-29|14:24:27] store lockset 
peerid: d67104e65b61fca1
INFO [10-29|14:24:27] ---storeLockset--- 
cmH 4
INFO [10-29|14:24:27] have a consensus on the block 
INFO [10-29|14:24:27] result.Header().Coinbase != b.signer 
INFO [10-29|14:24:27] in validatorCommit1 
result.Header().Coinbase: [130 169 120 179 245 150 42 91 9 87 217 238 158 239 71 46 229 91 66 241] b.signer: [220 236 234 243 252 92 10 99 209 149 214 155 26 144 1 27 123 25 101 13]
INFO [10-29|14:24:27] after cm.process() 
ConsensusTime, 103111697 , txs, 1600 , blockNum, 4
pid: d67104e65b61fca1
block number 4
-------in NewBFTValidatorBlock-------
INFO [10-29|14:24:27] in validatorCommit2 
FinishedConsensus, 1540794267234574000
INFO [10-29|14:24:27] **in eth.handler**, get result from ch 
INFO [10-29|14:24:27] result is nil 
validatorCommit time: 189.503µs
INFO [10-29|14:24:27] === Finished Mine() === 
INFO [10-29|14:24:27] In verifyVotes 
INFO [10-29|14:24:27] in HasQuorum 
INFO [10-29|14:24:27] In IsValid() 
len(lockset.Votes): 3 lockset.EligibleVotesNum: 4
INFO [10-29|14:24:27] ***in BFT.VerifyHeaderSSSS*** 
INFO [10-29|14:24:27] ***in BFT.verifyHeader*** 
INFO [10-29|14:24:27] ***in BFT.verifySeal*** 
INFO [10-29|14:24:27] In verifyVotes 
INFO [10-29|14:24:27] in HasQuorum 
INFO [10-29|14:24:27] In IsValid() 
len(lockset.Votes): 3 lockset.EligibleVotesNum: 4
INFO [10-29|14:24:29] Imported new chain segment               blocks=1 txs=1600 mgas=33.600 elapsed=1.635s   mgasps=20.549 number=4 hash=2206de…805768
FinishedPostExec, 1540794269071403000 , txs, 1600
PostExecTime, 1.635122737s
INFO [10-29|14:24:29] in pool.evenLoop, call pool.resetState 
INFO [10-29|14:24:30] Handle BFT Msg,                          msg="msg #11 (173845 bytes)"
INFO [10-29|14:24:30] -------Received NewBlockProposalMsg------- 
bpHR: H: 5 R: 0
cmHR: H: 5 R: 0
INFO [10-29|14:24:30] --------------------------------------- 
# collMsig from = Peer 6d11b37ef4fc909a [eth/63]
cmHR: H: 5 R: 0
this is rm.proposerPeer  Peer 6d11b37ef4fc909a [eth/63]
INFO [10-29|14:24:30] In IsValid() 
len(lockset.Votes): 0 lockset.EligibleVotesNum: 0
INFO [10-29|14:24:30] cm add BlockProposal                     h=5 r=0
INFO [10-29|14:24:30] in HasQuorum 
INFO [10-29|14:24:30] In IsValid() 
len(lockset.Votes): 3 lockset.EligibleVotesNum: 4
INFO [10-29|14:24:30] in collectMsig, i am msig wintness 
INFO [10-29|14:24:30] Return MsigProposalMsg to                LOG15_ERROR=                                                   LOG15_ERROR="Normalized odd number of arguments by adding nil"
INFO [10-29|14:24:30] Sending MsigProposalMsg 
in cm.collectMsig, mp.MsigVs: [<nil> 27]
INFO [10-29|14:24:30] In addBlockCandidates!! 
INFO [10-29|14:24:30] -------in handle NewBlockProposalMsg, success!------- 
INFO [10-29|14:24:30] Handle BFT Msg,                          msg="msg #18 (557 bytes)"
INFO [10-29|14:24:30] ------Received MsigProposalMsg------ 
mpHR: H: 5 R: 0 hash: [225 209 54 139 172 4 144 8 109 103 155 185 126 79 119 244 229 14 3 231 193 138 81 71 165 233 2 87 135 46 220 173]
cmHR: H: 5 R: 0
INFO [10-29|14:24:30] --------------------------------------- 
H====:  5 P==== 0
INFO [10-29|14:24:30] ------addmsigproposal success!------- 
INFO [10-29|14:24:30] Handle BFT Msg,                          msg="msg #18 (557 bytes)"
INFO [10-29|14:24:30] ------Received MsigProposalMsg------ 
mpHR: H: 5 R: 0 hash: [225 209 54 139 172 4 144 8 109 103 155 185 126 79 119 244 229 14 3 231 193 138 81 71 165 233 2 87 135 46 220 173]
cmHR: H: 5 R: 0
INFO [10-29|14:24:30] --------------------------------------- 
H====:  5 P==== 0
INFO [10-29|14:24:30] ------addmsigproposal success!------- 
INFO [10-29|14:24:30] Handle BFT Msg,                          msg="msg #17 (107 bytes)"
INFO [10-29|14:24:30] ------Received VoteMsg------ 
voteHR: H: 5 R: 0 voteType:: 1 voteHash: [225 209 54 139 172 4 144 8 109 103 155 185 126 79 119 244 229 14 3 231 193 138 81 71 165 233 2 87 135 46 220 173]
cmHR: H: 5 R: 0
INFO [10-29|14:24:30] --------------------------------------- 
INFO [10-29|14:24:30] addVote to                               height=5 round=0 from=0x82a978b3f5962a5b0957d9ee9eef472ee55b42f1 success=true cm.coinbase=0xdceceaf3fc5c0a63d195d69b1a90011b7b19650d
INFO [10-29|14:24:30] ------in handle VoteMsg, success!------ 
INFO [10-29|14:24:31] Handle BFT Msg,                          msg="msg #17 (107 bytes)"
INFO [10-29|14:24:31] ------Received VoteMsg------ 
voteHR: H: 5 R: 0 voteType:: 1 voteHash: [225 209 54 139 172 4 144 8 109 103 155 185 126 79 119 244 229 14 3 231 193 138 81 71 165 233 2 87 135 46 220 173]
cmHR: H: 5 R: 0
INFO [10-29|14:24:31] --------------------------------------- 
INFO [10-29|14:24:31] addVote to                               height=5 round=0 from=0x7d577a597b2742b498cb5cf0c26cdcd726d39e6e success=true cm.coinbase=0xdceceaf3fc5c0a63d195d69b1a90011b7b19650d
INFO [10-29|14:24:31] ------in handle VoteMsg, success!------ 
INFO [10-29|14:24:31] Commit new mining work                   number=5 txs=1601 uncles=0 elapsed=2.069s
INFO [10-29|14:24:31] Sealing                                  block n=5
StartConsensus, 1540794271141159000
INFO [10-29|14:24:31] Start Process 
INFO [10-29|14:24:31] in cm.Process, check lastCommittingLockset() 
INFO [10-29|14:24:31] In IsValid() 
len(lockset.Votes): 3 lockset.EligibleVotesNum: 4
INFO [10-29|14:24:31] in HasQuorum 
INFO [10-29|14:24:31] In IsValid() 
len(lockset.Votes): 3 lockset.EligibleVotesNum: 4
=====CM.COINBASE IS:===== [220 236 234 243 252 92 10 99 209 149 214 155 26 144 1 27 123 25 101 13] block number is: 5
INFO [10-29|14:24:31] case: default, cm.process 
ready: 4 need: 2.6666667
INFO [10-29|14:24:31] ---------------process------------------ 
INFO [10-29|14:24:31] In RM Process                            height=5 round=0
INFO [10-29|14:24:31] --------In rm.propose------- 
INFO [10-29|14:24:31] ---------------in rm.vote----------------- 
INFO [10-29|14:24:31] in vote in RM                            height=5 round=0
INFO [10-29|14:24:31] vote mp 
INFO [10-29|14:24:31] vote success in                          height=5 round=0
INFO [10-29|14:24:31] Send VoteMsg 
INFO [10-29|14:24:31] in rm.process, check lockset HasQuorum 
INFO [10-29|14:24:31] in HasQuorum 
INFO [10-29|14:24:31] In IsValid() 
len(lockset.Votes): 3 lockset.EligibleVotesNum: 4
INFO [10-29|14:24:31] There is a quorum                        height=5 round=0
--- in rm.process p.id: --- Peer 6d11b37ef4fc909a [eth/63]
INFO [10-29|14:24:31] ============in cm.commitLockset============ 
INFO [10-29|14:24:31] in commitLockset, check ls HasQuorum 
INFO [10-29|14:24:31] in HasQuorum 
INFO [10-29|14:24:31] In IsValid() 
len(lockset.Votes): 3 lockset.EligibleVotesNum: 4
INFO [10-29|14:24:31] cm.found is not nil 
INFO [10-29|14:24:31] store lockset 
peerid: 6d11b37ef4fc909a
INFO [10-29|14:24:31] ---storeLockset--- 
INFO [10-29|14:24:31] after cm.process() 
cmH 5
INFO [10-29|14:24:31] in validatorCommit1 
pid: 6d11b37ef4fc909a
block number 5
-------in NewBFTValidatorBlock-------
INFO [10-29|14:24:31] in validatorCommit2 
validatorCommit time: 76.537µs
INFO [10-29|14:24:31] **in eth.handler**, get result from ch 
INFO [10-29|14:24:31] ***in BFT.VVVVerifyHeader*** 
INFO [10-29|14:24:31] ***in BFT.verifyHeader*** 
INFO [10-29|14:24:31] ***in BFT.verifySeal*** 
INFO [10-29|14:24:31] In verifyVotes 
INFO [10-29|14:24:31] in HasQuorum 
INFO [10-29|14:24:31] In IsValid() 
len(lockset.Votes): 3 lockset.EligibleVotesNum: 4
INFO [10-29|14:24:31] ***in BFT.VerifyHeaderSSSS*** 
INFO [10-29|14:24:31] ***in BFT.verifyHeader*** 
INFO [10-29|14:24:31] ***in BFT.verifySeal*** 
INFO [10-29|14:24:31] In verifyVotes 
INFO [10-29|14:24:31] have a consensus on the block 
INFO [10-29|14:24:31] result.Header().Coinbase != b.signer 
result.Header().Coinbase: [125 87 122 89 123 39 66 180 152 203 92 240 194 108 220 215 38 211 158 110] b.signer: [220 236 234 243 252 92 10 99 209 149 214 155 26 144 1 27 123 25 101 13]
INFO [10-29|14:24:31] in HasQuorum 
ConsensusTime, 2292975 , txs, 1601 , blockNum, 5
INFO [10-29|14:24:31] In IsValid() 
FinishedConsensus, 1540794271143471000
INFO [10-29|14:24:31] result is nil 
len(lockset.Votes): 3 lockset.EligibleVotesNum: 4
INFO [10-29|14:24:31] === Finished Mine() === 
INFO [10-29|14:24:31] received NewBlockMsg! 
INFO [10-29|14:24:31] Handle BFT Msg,                          msg="msg #17 (107 bytes)"
INFO [10-29|14:24:31] ------Received VoteMsg------ 
voteHR: H: 5 R: 0 voteType:: 1 voteHash: [225 209 54 139 172 4 144 8 109 103 155 185 126 79 119 244 229 14 3 231 193 138 81 71 165 233 2 87 135 46 220 173]
cmHR: H: 5 R: 0
INFO [10-29|14:24:31] --------------------------------------- 
INFO [10-29|14:24:31] addVote to                               height=5 round=0 from=0x598443f1880ef585b21f1d7585bd0577402861e5 success=true cm.coinbase=0xdceceaf3fc5c0a63d195d69b1a90011b7b19650d
INFO [10-29|14:24:31] ------in handle VoteMsg, success!------ 
INFO [10-29|14:24:32] Imported new chain segment               blocks=1 txs=1601 mgas=33.621 elapsed=1.542s   mgasps=21.797 number=5 hash=e1d136…2edcad
FinishedPostExec, 1540794272685795000 , txs, 1601
PostExecTime, 1.542451714s
INFO [10-29|14:24:32] in pool.evenLoop, call pool.resetState 
INFO [10-29|14:24:34] Commit new mining work                   number=6 txs=1602 uncles=0 elapsed=1.969s
INFO [10-29|14:24:34] Sealing                                  block n=6
StartConsensus, 1540794274655346000
INFO [10-29|14:24:34] Start Process 
INFO [10-29|14:24:34] in cm.Process, check lastCommittingLockset() 
INFO [10-29|14:24:34] In IsValid() 
len(lockset.Votes): 4 lockset.EligibleVotesNum: 4
INFO [10-29|14:24:34] in HasQuorum 
INFO [10-29|14:24:34] In IsValid() 
len(lockset.Votes): 4 lockset.EligibleVotesNum: 4
=====CM.COINBASE IS:===== [220 236 234 243 252 92 10 99 209 149 214 155 26 144 1 27 123 25 101 13] block number is: 6
INFO [10-29|14:24:34] case: default, cm.process 
ready: 4 need: 2.6666667
INFO [10-29|14:24:34] ---------------process------------------ 
INFO [10-29|14:24:34] In RM Process                            height=6 round=0
INFO [10-29|14:24:34] --------In rm.propose------- 
INFO [10-29|14:24:34] I am a proposer in                       height=6 round=0
INFO [10-29|14:24:34] in propose, check lastRoundLockset 
lastRoundLockset, hm.activeround: 0
INFO [10-29|14:24:34] ------in mkProposal------ 
INFO [10-29|14:24:34] In IsValid() 
len(lockset.Votes): 4 lockset.EligibleVotesNum: 4
INFO [10-29|14:24:34] in HasQuorum 
INFO [10-29|14:24:34] In IsValid() 
len(lockset.Votes): 4 lockset.EligibleVotesNum: 4
INFO [10-29|14:24:34] LockSet(R-1) is nil (rm.round should equal to zero) 
INFO [10-29|14:24:34] in HasQuorum 
INFO [10-29|14:24:34] In IsValid() 
len(lockset.Votes): 4 lockset.EligibleVotesNum: 4
INFO [10-29|14:24:34] in HasQuorum 
INFO [10-29|14:24:34] In IsValid() 
len(lockset.Votes): 4 lockset.EligibleVotesNum: 4
Create block blockhash :  [174 194 107 81 220 3 91 127 49 235 81 51 46 252 228 40 16 85 230 71 0 127 171 19 139 145 241 139 237 124 6 123]
INFO [10-29|14:24:34] In addBlockCandidates!! 
INFO [10-29|14:24:34] Send NewBlockProposalMsg:                LOG15_ERROR=                                                   LOG15_ERROR="Normalized odd number of arguments by adding nil"
INFO [10-29|14:24:34] Handle BFT Msg,                          msg="msg #18 (662 bytes)"
INFO [10-29|14:24:34] ------Received MsigProposalMsg------ 
mpHR: H: 6 R: 0 hash: [174 194 107 81 220 3 91 127 49 235 81 51 46 252 228 40 16 85 230 71 0 127 171 19 139 145 241 139 237 124 6 123]
cmHR: H: 6 R: 0
INFO [10-29|14:24:34] --------------------------------------- 
H====:  6 P==== 0
INFO [10-29|14:24:34] In addMsig I am leader 
mp= &{<nil> 27 77028956489323818183832568255648387996889409591624319792604509321076896827000 16556592215668905847855168543684191410563749437042560802998799683063760497702 0xc42b020000 6 0 [174 194 107 81 220 3 91 127 49 235 81 51 46 252 228 40 16 85 230 71 0 127 171 19 139 145 241 139 237 124 6 123] 0xc42702a000 0xc42702a050}
INFO [10-29|14:24:34] in MsigFinished 
len(mp.Msig.MsigVs): 2 mp.MsigVs: [0 27]
INFO [10-29|14:24:34] in bfthandler Send MsigProposalMsg 
INFO [10-29|14:24:34] Sending MsigProposalMsg 
INFO [10-29|14:24:34] Sending MsigProposalMsg 
INFO [10-29|14:24:34] Sending MsigProposalMsg 
INFO [10-29|14:24:34] Handle BFT Msg,                          msg="msg #18 (662 bytes)"
INFO [10-29|14:24:34] ------Received MsigProposalMsg------ 
mpHR: H: 6 R: 0 hash: [174 194 107 81 220 3 91 127 49 235 81 51 46 252 228 40 16 85 230 71 0 127 171 19 139 145 241 139 237 124 6 123]
cmHR: H: 6 R: 0
INFO [10-29|14:24:34] --------------------------------------- 
H====:  6 P==== 0
INFO [10-29|14:24:34] In addMsig I am leader 
mp= &{<nil> 27 77028956489323818183832568255648387996889409591624319792604509321076896827000 16556592215668905847855168543684191410563749437042560802998799683063760497702 0xc428de0180 6 0 [174 194 107 81 220 3 91 127 49 235 81 51 46 252 228 40 16 85 230 71 0 127 171 19 139 145 241 139 237 124 6 123] 0xc425b38230 0xc425b38280}
INFO [10-29|14:24:34] in MsigFinished 
len(mp.Msig.MsigVs): 2 mp.MsigVs: [0 27]
INFO [10-29|14:24:34] in bfthandler Send MsigProposalMsg 
INFO [10-29|14:24:34] ---------------in rm.vote----------------- 
INFO [10-29|14:24:34] in vote in RM                            height=6 round=0
INFO [10-29|14:24:34] Timeout time not reach, curr vs timeout: curr=1540794274.000 timeout=1540794279.000
INFO [10-29|14:24:34] in rm.process, check lockset HasQuorum 
INFO [10-29|14:24:34] in HasQuorum 
INFO [10-29|14:24:34] In IsValid() 
len(lockset.Votes): 0 lockset.EligibleVotesNum: 4
INFO [10-29|14:24:34] rm lockset is not valid yet 
INFO [10-29|14:24:34] after cm.process() 
INFO [10-29|14:24:34] ------addmsigproposal success!------- 
INFO [10-29|14:24:34] ------addmsigproposal success!------- 
INFO [10-29|14:24:34] Handle BFT Msg,                          msg="msg #18 (662 bytes)"
INFO [10-29|14:24:34] ------Received MsigProposalMsg------ 
mpHR: H: 6 R: 0 hash: [174 194 107 81 220 3 91 127 49 235 81 51 46 252 228 40 16 85 230 71 0 127 171 19 139 145 241 139 237 124 6 123]
cmHR: H: 6 R: 0
INFO [10-29|14:24:34] --------------------------------------- 
H====:  6 P==== 0
INFO [10-29|14:24:34] In addMsig I am leader 
mp= &{<nil> 27 77028956489323818183832568255648387996889409591624319792604509321076896827000 16556592215668905847855168543684191410563749437042560802998799683063760497702 0xc42b020240 6 0 [174 194 107 81 220 3 91 127 49 235 81 51 46 252 228 40 16 85 230 71 0 127 171 19 139 145 241 139 237 124 6 123] 0xc42702a1e0 0xc42702a230}
INFO [10-29|14:24:34] in MsigFinished 
len(mp.Msig.MsigVs): 2 mp.MsigVs: [0 27]
INFO [10-29|14:24:34] in bfthandler Send MsigProposalMsg 
INFO [10-29|14:24:34] ------addmsigproposal success!------- 
INFO [10-29|14:24:34] Handle BFT Msg,                          msg="msg #17 (107 bytes)"
INFO [10-29|14:24:34] ------Received VoteMsg------ 
voteHR: H: 6 R: 0 voteType:: 1 voteHash: [174 194 107 81 220 3 91 127 49 235 81 51 46 252 228 40 16 85 230 71 0 127 171 19 139 145 241 139 237 124 6 123]
cmHR: H: 6 R: 0
INFO [10-29|14:24:34] --------------------------------------- 
INFO [10-29|14:24:34] addVote to                               height=6 round=0 from=0x598443f1880ef585b21f1d7585bd0577402861e5 success=true cm.coinbase=0xdceceaf3fc5c0a63d195d69b1a90011b7b19650d
INFO [10-29|14:24:34] ------in handle VoteMsg, success!------ 
INFO [10-29|14:24:34] Handle BFT Msg,                          msg="msg #17 (107 bytes)"
INFO [10-29|14:24:34] ------Received VoteMsg------ 
voteHR: H: 6 R: 0 voteType:: 1 voteHash: [174 194 107 81 220 3 91 127 49 235 81 51 46 252 228 40 16 85 230 71 0 127 171 19 139 145 241 139 237 124 6 123]
cmHR: H: 6 R: 0
INFO [10-29|14:24:34] --------------------------------------- 
INFO [10-29|14:24:34] addVote to                               height=6 round=0 from=0x7d577a597b2742b498cb5cf0c26cdcd726d39e6e success=true cm.coinbase=0xdceceaf3fc5c0a63d195d69b1a90011b7b19650d
INFO [10-29|14:24:34] ------in handle VoteMsg, success!------ 
INFO [10-29|14:24:34] Handle BFT Msg,                          msg="msg #17 (107 bytes)"
INFO [10-29|14:24:34] ------Received VoteMsg------ 
voteHR: H: 6 R: 0 voteType:: 1 voteHash: [174 194 107 81 220 3 91 127 49 235 81 51 46 252 228 40 16 85 230 71 0 127 171 19 139 145 241 139 237 124 6 123]
cmHR: H: 6 R: 0
INFO [10-29|14:24:34] --------------------------------------- 
INFO [10-29|14:24:34] addVote to                               height=6 round=0 from=0x82a978b3f5962a5b0957d9ee9eef472ee55b42f1 success=true cm.coinbase=0xdceceaf3fc5c0a63d195d69b1a90011b7b19650d
INFO [10-29|14:24:34] ------in handle VoteMsg, success!------ 
INFO [10-29|14:24:34] received NewBlockMsg! 
INFO [10-29|14:24:34] ***in BFT.VVVVerifyHeader*** 
INFO [10-29|14:24:34] ***in BFT.verifyHeader*** 
INFO [10-29|14:24:34] ***in BFT.verifySeal*** 
INFO [10-29|14:24:34] In verifyVotes 
INFO [10-29|14:24:34] ***in sync.request()*** 
INFO [10-29|14:24:34] case: default, cm.process 
ready: 4 need: 2.6666667
INFO [10-29|14:24:34] ---------------process------------------ 
INFO [10-29|14:24:34] In RM Process                            height=6 round=0
INFO [10-29|14:24:34] --------In rm.propose------- 
INFO [10-29|14:24:34] I am a proposer in                       height=6 round=0
INFO [10-29|14:24:34] ---------------in rm.vote----------------- 
INFO [10-29|14:24:34] in vote in RM                            height=6 round=0
INFO [10-29|14:24:34] vote mp 
INFO [10-29|14:24:34] vote success in                          height=6 round=0
INFO [10-29|14:24:34] Send VoteMsg 
INFO [10-29|14:24:34] in rm.process, check lockset HasQuorum 
INFO [10-29|14:24:34] in HasQuorum 
INFO [10-29|14:24:34] In IsValid() 
len(lockset.Votes): 4 lockset.EligibleVotesNum: 4
INFO [10-29|14:24:34] There is a quorum                        height=6 round=0
INFO [10-29|14:24:34] ============in cm.commitLockset============ 
INFO [10-29|14:24:34] in commitLockset, check ls HasQuorum 
INFO [10-29|14:24:34] in HasQuorum 
INFO [10-29|14:24:34] In IsValid() 
len(lockset.Votes): 4 lockset.EligibleVotesNum: 4
INFO [10-29|14:24:34] cm.found is not nil 
INFO [10-29|14:24:34] store lockset 
INFO [10-29|14:24:34] ---storeLockset--- 
INFO [10-29|14:24:34] after cm.process() 
INFO [10-29|14:24:34] have a consensus on the block 
ConsensusTime, 150208320 , txs, 1602 , blockNum, 6
FinishedConsensus, 1540794274805532000
INFO [10-29|14:24:34] Successfully sealed new block            number=6 hash=aec26b…7c067b
INFO [10-29|14:24:34] === Finished Mine() === 
INFO [10-29|14:24:34] 🔨 mined potential block                  number=6 hash=aec26b…7c067b
INFO [10-29|14:24:34] received NewBlockMsg! 
INFO [10-29|14:24:34] ---atomic.LoadInt32(&self.mining) == 1 && work.tcount == 0--- 
INFO [10-29|14:24:34] in pool.evenLoop, call pool.resetState 
INFO [10-29|14:24:34] In verifyVotes 
INFO [10-29|14:24:34] in HasQuorum 
INFO [10-29|14:24:34] In IsValid() 
len(lockset.Votes): 4 lockset.EligibleVotesNum: 4
INFO [10-29|14:24:34] ***in BFT.VerifyHeaderSSSS*** 
INFO [10-29|14:24:34] ***in BFT.verifyHeader*** 
INFO [10-29|14:24:34] ***in BFT.verifySeal*** 
INFO [10-29|14:24:34] In verifyVotes 
INFO [10-29|14:24:34] in HasQuorum 
INFO [10-29|14:24:34] In IsValid() 
len(lockset.Votes): 4 lockset.EligibleVotesNum: 4
INFO [10-29|14:24:37] Handle BFT Msg,                          msg="msg #11 (174160 bytes)"
INFO [10-29|14:24:37] -------Received NewBlockProposalMsg------- 
bpHR: H: 7 R: 0
cmHR: H: 7 R: 0
INFO [10-29|14:24:37] --------------------------------------- 
# collMsig from = Peer d9d5b902798f5c42 [eth/63]
cmHR: H: 7 R: 0
this is rm.proposerPeer  Peer d9d5b902798f5c42 [eth/63]
INFO [10-29|14:24:37] In IsValid() 
len(lockset.Votes): 0 lockset.EligibleVotesNum: 0
INFO [10-29|14:24:37] cm add BlockProposal                     h=7 r=0
INFO [10-29|14:24:37] in HasQuorum 
INFO [10-29|14:24:37] In IsValid() 
len(lockset.Votes): 4 lockset.EligibleVotesNum: 4
INFO [10-29|14:24:37] In addBlockCandidates!! 
INFO [10-29|14:24:37] -------in handle NewBlockProposalMsg, success!------- 
INFO [10-29|14:24:37] Handle BFT Msg,                          msg="msg #18 (662 bytes)"
INFO [10-29|14:24:37] ------Received MsigProposalMsg------ 
mpHR: H: 7 R: 0 hash: [101 210 22 234 156 130 226 252 122 117 174 12 3 196 242 109 172 147 173 200 38 149 77 182 125 239 78 115 71 140 98 146]
cmHR: H: 7 R: 0
INFO [10-29|14:24:37] --------------------------------------- 
H====:  7 P==== 0
INFO [10-29|14:24:37] ------addmsigproposal success!------- 
INFO [10-29|14:24:37] Handle BFT Msg,                          msg="msg #17 (107 bytes)"
INFO [10-29|14:24:37] ------Received VoteMsg------ 
voteHR: H: 7 R: 0 voteType:: 1 voteHash: [101 210 22 234 156 130 226 252 122 117 174 12 3 196 242 109 172 147 173 200 38 149 77 182 125 239 78 115 71 140 98 146]
cmHR: H: 7 R: 0
INFO [10-29|14:24:37] --------------------------------------- 
INFO [10-29|14:24:37] addVote to                               height=7 round=0 from=0x82a978b3f5962a5b0957d9ee9eef472ee55b42f1 success=true cm.coinbase=0xdceceaf3fc5c0a63d195d69b1a90011b7b19650d
INFO [10-29|14:24:37] ------in handle VoteMsg, success!------ 
INFO [10-29|14:24:37] Handle BFT Msg,                          msg="msg #17 (107 bytes)"
INFO [10-29|14:24:37] ------Received VoteMsg------ 
voteHR: H: 7 R: 0 voteType:: 1 voteHash: [101 210 22 234 156 130 226 252 122 117 174 12 3 196 242 109 172 147 173 200 38 149 77 182 125 239 78 115 71 140 98 146]
cmHR: H: 7 R: 0
INFO [10-29|14:24:37] --------------------------------------- 
INFO [10-29|14:24:37] addVote to                               height=7 round=0 from=0x7d577a597b2742b498cb5cf0c26cdcd726d39e6e success=true cm.coinbase=0xdceceaf3fc5c0a63d195d69b1a90011b7b19650d
INFO [10-29|14:24:37] ------in handle VoteMsg, success!------ 
INFO [10-29|14:24:37] Handle BFT Msg,                          msg="msg #17 (107 bytes)"
INFO [10-29|14:24:37] ------Received VoteMsg------ 
voteHR: H: 7 R: 0 voteType:: 1 voteHash: [101 210 22 234 156 130 226 252 122 117 174 12 3 196 242 109 172 147 173 200 38 149 77 182 125 239 78 115 71 140 98 146]
cmHR: H: 7 R: 0
INFO [10-29|14:24:37] --------------------------------------- 
INFO [10-29|14:24:37] addVote to                               height=7 round=0 from=0x598443f1880ef585b21f1d7585bd0577402861e5 success=true cm.coinbase=0xdceceaf3fc5c0a63d195d69b1a90011b7b19650d
INFO [10-29|14:24:37] ------in handle VoteMsg, success!------ 
INFO [10-29|14:24:37] received NewBlockMsg! 
INFO [10-29|14:24:37] ***in BFT.VVVVerifyHeader*** 
INFO [10-29|14:24:37] ***in BFT.verifyHeader*** 
INFO [10-29|14:24:37] ***in BFT.verifySeal*** 
INFO [10-29|14:24:37] In verifyVotes 
INFO [10-29|14:24:37] ***in sync.request()*** 
INFO [10-29|14:24:37] Handle BFT Msg,                          msg="msg #10 (328 bytes)"
INFO [10-29|14:24:37] -------Received LocksetMsg------- 
lockset: &{<nil> 0 0 0 4 [0xc42b020d80 0xc42b020de0 0xc42b020e40] false}
INFO [10-29|14:24:37] in HasQuorum 
INFO [10-29|14:24:37] In IsValid() 
len(lockset.Votes): 3 lockset.EligibleVotesNum: 4
INFO [10-29|14:24:37] ---storeLockset--- 
INFO [10-29|14:24:37] received NewBlockMsg! 
INFO [10-29|14:24:37] In verifyVotes 
INFO [10-29|14:24:37] in HasQuorum 
INFO [10-29|14:24:37] In IsValid() 
len(lockset.Votes): 3 lockset.EligibleVotesNum: 4
INFO [10-29|14:24:37] ***in BFT.VerifyHeaderSSSS*** 
INFO [10-29|14:24:37] ***in BFT.verifyHeader*** 
INFO [10-29|14:24:37] ***in BFT.verifySeal*** 
INFO [10-29|14:24:37] In verifyVotes 
INFO [10-29|14:24:37] in HasQuorum 
INFO [10-29|14:24:37] In IsValid() 
len(lockset.Votes): 3 lockset.EligibleVotesNum: 4
INFO [10-29|14:24:39] Imported new chain segment               blocks=1 txs=1603 mgas=33.663 elapsed=1.802s   mgasps=18.680 number=7 hash=65d216…8c6292
FinishedPostExec, 1540794279723094000 , txs, 1603
PostExecTime, 1.802059838s
INFO [10-29|14:24:39] in pool.evenLoop, call pool.resetState 
INFO [10-29|14:24:40] Commit new mining work                   number=7 txs=1603 uncles=0 elapsed=2.584s
INFO [10-29|14:24:40] Sealing                                  block n=7
StartConsensus, 1540794280478315000
INFO [10-29|14:24:40] Start Process 
INFO [10-29|14:24:40] in cm.Process, check lastCommittingLockset() 
INFO [10-29|14:24:40] In IsValid() 
len(lockset.Votes): 3 lockset.EligibleVotesNum: 4
INFO [10-29|14:24:40] in HasQuorum 
INFO [10-29|14:24:40] In IsValid() 
len(lockset.Votes): 3 lockset.EligibleVotesNum: 4
INFO [10-29|14:24:41] Handle BFT Msg,                          msg="msg #11 (174055 bytes)"
INFO [10-29|14:24:41] -------Received NewBlockProposalMsg------- 
bpHR: H: 8 R: 0
cmHR: H: 8 R: 0
INFO [10-29|14:24:41] --------------------------------------- 
# collMsig from = Peer d67104e65b61fca1 [eth/63]
cmHR: H: 8 R: 0
this is rm.proposerPeer  Peer d67104e65b61fca1 [eth/63]
INFO [10-29|14:24:41] In IsValid() 
len(lockset.Votes): 0 lockset.EligibleVotesNum: 0
INFO [10-29|14:24:41] cm add BlockProposal                     h=8 r=0
INFO [10-29|14:24:41] in HasQuorum 
INFO [10-29|14:24:41] In IsValid() 
len(lockset.Votes): 3 lockset.EligibleVotesNum: 4
INFO [10-29|14:24:41] In addBlockCandidates!! 
INFO [10-29|14:24:41] -------in handle NewBlockProposalMsg, success!------- 
INFO [10-29|14:24:41] Handle BFT Msg,                          msg="msg #18 (557 bytes)"
INFO [10-29|14:24:41] ------Received MsigProposalMsg------ 
mpHR: H: 8 R: 0 hash: [249 181 165 197 226 57 201 165 230 171 93 241 18 75 243 202 102 252 133 245 185 96 239 7 131 148 195 138 179 58 149 239]
cmHR: H: 8 R: 0
INFO [10-29|14:24:41] --------------------------------------- 
H====:  8 P==== 0
INFO [10-29|14:24:41] ------addmsigproposal success!------- 
INFO [10-29|14:24:41] Handle BFT Msg,                          msg="msg #17 (107 bytes)"
INFO [10-29|14:24:41] ------Received VoteMsg------ 
voteHR: H: 8 R: 0 voteType:: 1 voteHash: [249 181 165 197 226 57 201 165 230 171 93 241 18 75 243 202 102 252 133 245 185 96 239 7 131 148 195 138 179 58 149 239]
cmHR: H: 8 R: 0
INFO [10-29|14:24:41] --------------------------------------- 
INFO [10-29|14:24:41] addVote to                               height=8 round=0 from=0x7d577a597b2742b498cb5cf0c26cdcd726d39e6e success=true cm.coinbase=0xdceceaf3fc5c0a63d195d69b1a90011b7b19650d
INFO [10-29|14:24:41] ------in handle VoteMsg, success!------ 
INFO [10-29|14:24:41] Handle BFT Msg,                          msg="msg #17 (107 bytes)"
INFO [10-29|14:24:41] ------Received VoteMsg------ 
voteHR: H: 8 R: 0 voteType:: 1 voteHash: [249 181 165 197 226 57 201 165 230 171 93 241 18 75 243 202 102 252 133 245 185 96 239 7 131 148 195 138 179 58 149 239]
cmHR: H: 8 R: 0
INFO [10-29|14:24:41] --------------------------------------- 
INFO [10-29|14:24:41] addVote to                               height=8 round=0 from=0x598443f1880ef585b21f1d7585bd0577402861e5 success=true cm.coinbase=0xdceceaf3fc5c0a63d195d69b1a90011b7b19650d
INFO [10-29|14:24:41] ------in handle VoteMsg, success!------ 
INFO [10-29|14:24:41] Handle BFT Msg,                          msg="msg #17 (107 bytes)"
INFO [10-29|14:24:41] ------Received VoteMsg------ 
voteHR: H: 8 R: 0 voteType:: 1 voteHash: [249 181 165 197 226 57 201 165 230 171 93 241 18 75 243 202 102 252 133 245 185 96 239 7 131 148 195 138 179 58 149 239]
cmHR: H: 8 R: 0
INFO [10-29|14:24:41] --------------------------------------- 
INFO [10-29|14:24:41] addVote to                               height=8 round=0 from=0x82a978b3f5962a5b0957d9ee9eef472ee55b42f1 success=true cm.coinbase=0xdceceaf3fc5c0a63d195d69b1a90011b7b19650d
INFO [10-29|14:24:41] ------in handle VoteMsg, success!------ 
INFO [10-29|14:24:41] Handle BFT Msg,                          msg="msg #9 (3 bytes)"
INFO [10-29|14:24:41] -------GetLocksetsMsg------- 
GetLockSetsMsg request:  [{8}] from:  d9d5b902798f5c42
INFO [10-29|14:24:41] Request future block 
INFO [10-29|14:24:41] received NewBlockMsg! 
INFO [10-29|14:24:41] ***in BFT.VVVVerifyHeader*** 
INFO [10-29|14:24:41] ***in BFT.verifyHeader*** 
INFO [10-29|14:24:41] ***in BFT.verifySeal*** 
INFO [10-29|14:24:41] In verifyVotes 
INFO [10-29|14:24:41] ***in sync.request()*** 
INFO [10-29|14:24:41] Handle BFT Msg,                          msg="msg #10 (328 bytes)"
INFO [10-29|14:24:41] -------Received LocksetMsg------- 
lockset: &{<nil> 0 0 0 4 [0xc4202d3260 0xc4202d32c0 0xc4202d33e0] false}
INFO [10-29|14:24:41] in HasQuorum 
INFO [10-29|14:24:41] In IsValid() 
len(lockset.Votes): 3 lockset.EligibleVotesNum: 4
INFO [10-29|14:24:41] ---storeLockset--- 
INFO [10-29|14:24:41] received NewBlockMsg! 
INFO [10-29|14:24:41] In verifyVotes 
INFO [10-29|14:24:41] in HasQuorum 
INFO [10-29|14:24:41] In IsValid() 
len(lockset.Votes): 3 lockset.EligibleVotesNum: 4
INFO [10-29|14:24:41] ***in BFT.VerifyHeaderSSSS*** 
INFO [10-29|14:24:41] ***in BFT.verifyHeader*** 
INFO [10-29|14:24:41] ***in BFT.verifySeal*** 
INFO [10-29|14:24:41] In verifyVotes 
INFO [10-29|14:24:41] in HasQuorum 
INFO [10-29|14:24:41] In IsValid() 
len(lockset.Votes): 3 lockset.EligibleVotesNum: 4
INFO [10-29|14:24:42] Commit new mining work                   number=8 txs=1603 uncles=0 elapsed=1.999s
INFO [10-29|14:24:42] 🔗 block reached canonical chain          number=2 hash=5953a0…b212c2
INFO [10-29|14:24:42] Sealing                                  block n=8
StartConsensus, 1540794282474667000
INFO [10-29|14:24:42] Start Process 
INFO [10-29|14:24:42] in cm.Process, check lastCommittingLockset() 
INFO [10-29|14:24:42] In IsValid() 
len(lockset.Votes): 3 lockset.EligibleVotesNum: 4
INFO [10-29|14:24:42] in HasQuorum 
INFO [10-29|14:24:42] In IsValid() 
len(lockset.Votes): 3 lockset.EligibleVotesNum: 4
INFO [10-29|14:24:42] stop by outside                          height=7
INFO [10-29|14:24:42] result is nil 
INFO [10-29|14:24:42] === Finished Mine() === 
=====CM.COINBASE IS:===== [220 236 234 243 252 92 10 99 209 149 214 155 26 144 1 27 123 25 101 13] block number is: 8
INFO [10-29|14:24:42] case: default, cm.process 
ready: 4 need: 2.6666667
INFO [10-29|14:24:42] ---------------process------------------ 
INFO [10-29|14:24:42] In RM Process                            height=8 round=0
INFO [10-29|14:24:42] --------In rm.propose------- 
INFO [10-29|14:24:42] ---------------in rm.vote----------------- 
INFO [10-29|14:24:42] in vote in RM                            height=8 round=0
INFO [10-29|14:24:42] vote mp 
INFO [10-29|14:24:42] vote success in                          height=8 round=0
INFO [10-29|14:24:42] Send VoteMsg 
INFO [10-29|14:24:42] in rm.process, check lockset HasQuorum 
INFO [10-29|14:24:42] in HasQuorum 
INFO [10-29|14:24:42] In IsValid() 
len(lockset.Votes): 4 lockset.EligibleVotesNum: 4
INFO [10-29|14:24:42] There is a quorum                        height=8 round=0
--- in rm.process p.id: --- Peer d67104e65b61fca1 [eth/63]
INFO [10-29|14:24:42] ============in cm.commitLockset============ 
INFO [10-29|14:24:42] in commitLockset, check ls HasQuorum 
INFO [10-29|14:24:42] in HasQuorum 
INFO [10-29|14:24:42] In IsValid() 
len(lockset.Votes): 4 lockset.EligibleVotesNum: 4
INFO [10-29|14:24:42] cm.found is not nil 
INFO [10-29|14:24:42] store lockset 
peerid: d67104e65b61fca1
INFO [10-29|14:24:42] ---storeLockset--- 
INFO [10-29|14:24:42] have a consensus on the block 
INFO [10-29|14:24:42] result.Header().Coinbase != b.signer 
result.Header().Coinbase: [130 169 120 179 245 150 42 91 9 87 217 238 158 239 71 46 229 91 66 241] b.signer: [220 236 234 243 252 92 10 99 209 149 214 155 26 144 1 27 123 25 101 13]
ConsensusTime, 3171180 , txs, 1603 , blockNum, 8
FinishedConsensus, 1540794282477870000
INFO [10-29|14:24:42] result is nil 
INFO [10-29|14:24:42] === Finished Mine() === 
cmH 8
INFO [10-29|14:24:42] in validatorCommit1 
pid: d67104e65b61fca1
block number 8
-------in NewBFTValidatorBlock-------
INFO [10-29|14:24:42] in validatorCommit2 
validatorCommit time: 125.678µs
INFO [10-29|14:24:42] **in eth.handler**, get result from ch 
INFO [10-29|14:24:42] after cm.process() 
INFO [10-29|14:24:43] Imported new chain segment               blocks=1 txs=1603 mgas=33.663 elapsed=1.420s   mgasps=23.691 number=8 hash=f9b5a5…3a95ef
FinishedPostExec, 1540794283052746000 , txs, 1603
PostExecTime, 1.420940566s
INFO [10-29|14:24:43] in pool.evenLoop, call pool.resetState 
INFO [10-29|14:24:44] Handle BFT Msg,                          msg="msg #11 (174270 bytes)"
INFO [10-29|14:24:44] -------Received NewBlockProposalMsg------- 
bpHR: H: 9 R: 0
cmHR: H: 9 R: 0
INFO [10-29|14:24:44] --------------------------------------- 
# collMsig from = Peer 6d11b37ef4fc909a [eth/63]
cmHR: H: 9 R: 0
this is rm.proposerPeer  Peer 6d11b37ef4fc909a [eth/63]
INFO [10-29|14:24:44] In IsValid() 
len(lockset.Votes): 0 lockset.EligibleVotesNum: 0
INFO [10-29|14:24:44] cm add BlockProposal                     h=9 r=0
INFO [10-29|14:24:44] in HasQuorum 
INFO [10-29|14:24:44] In IsValid() 
len(lockset.Votes): 4 lockset.EligibleVotesNum: 4
INFO [10-29|14:24:44] in collectMsig, i am msig wintness 
INFO [10-29|14:24:44] Return MsigProposalMsg to                LOG15_ERROR=                                                   LOG15_ERROR="Normalized odd number of arguments by adding nil"
INFO [10-29|14:24:44] Sending MsigProposalMsg 
in cm.collectMsig, mp.MsigVs: [<nil> 27]
INFO [10-29|14:24:44] In addBlockCandidates!! 
INFO [10-29|14:24:44] -------in handle NewBlockProposalMsg, success!------- 
INFO [10-29|14:24:44] Handle BFT Msg,                          msg="msg #18 (662 bytes)"
INFO [10-29|14:24:44] ------Received MsigProposalMsg------ 
mpHR: H: 9 R: 0 hash: [55 252 119 250 106 216 26 28 239 121 5 238 121 166 92 183 115 192 24 176 5 95 142 236 209 238 111 202 201 143 124 147]
cmHR: H: 9 R: 0
INFO [10-29|14:24:44] --------------------------------------- 
H====:  9 P==== 0
INFO [10-29|14:24:44] ------addmsigproposal success!------- 
INFO [10-29|14:24:44] Handle BFT Msg,                          msg="msg #18 (662 bytes)"
INFO [10-29|14:24:44] ------Received MsigProposalMsg------ 
mpHR: H: 9 R: 0 hash: [55 252 119 250 106 216 26 28 239 121 5 238 121 166 92 183 115 192 24 176 5 95 142 236 209 238 111 202 201 143 124 147]
cmHR: H: 9 R: 0
INFO [10-29|14:24:44] --------------------------------------- 
H====:  9 P==== 0
INFO [10-29|14:24:44] ------addmsigproposal success!------- 
INFO [10-29|14:24:44] Handle BFT Msg,                          msg="msg #17 (107 bytes)"
INFO [10-29|14:24:44] ------Received VoteMsg------ 
voteHR: H: 9 R: 0 voteType:: 1 voteHash: [55 252 119 250 106 216 26 28 239 121 5 238 121 166 92 183 115 192 24 176 5 95 142 236 209 238 111 202 201 143 124 147]
cmHR: H: 9 R: 0
INFO [10-29|14:24:44] --------------------------------------- 
INFO [10-29|14:24:44] addVote to                               height=9 round=0 from=0x7d577a597b2742b498cb5cf0c26cdcd726d39e6e success=true cm.coinbase=0xdceceaf3fc5c0a63d195d69b1a90011b7b19650d
INFO [10-29|14:24:44] ------in handle VoteMsg, success!------ 
INFO [10-29|14:24:44] Handle BFT Msg,                          msg="msg #17 (107 bytes)"
INFO [10-29|14:24:44] ------Received VoteMsg------ 
voteHR: H: 9 R: 0 voteType:: 1 voteHash: [55 252 119 250 106 216 26 28 239 121 5 238 121 166 92 183 115 192 24 176 5 95 142 236 209 238 111 202 201 143 124 147]
cmHR: H: 9 R: 0
INFO [10-29|14:24:44] --------------------------------------- 
INFO [10-29|14:24:44] addVote to                               height=9 round=0 from=0x598443f1880ef585b21f1d7585bd0577402861e5 success=true cm.coinbase=0xdceceaf3fc5c0a63d195d69b1a90011b7b19650d
INFO [10-29|14:24:44] ------in handle VoteMsg, success!------ 
INFO [10-29|14:24:45] Commit new mining work                   number=9 txs=1604 uncles=0 elapsed=2.086s
INFO [10-29|14:24:45] Sealing                                  block n=9
StartConsensus, 1540794285138999000
INFO [10-29|14:24:45] Start Process 
INFO [10-29|14:24:45] in cm.Process, check lastCommittingLockset() 
INFO [10-29|14:24:45] In IsValid() 
len(lockset.Votes): 4 lockset.EligibleVotesNum: 4
INFO [10-29|14:24:45] in HasQuorum 
INFO [10-29|14:24:45] In IsValid() 
len(lockset.Votes): 4 lockset.EligibleVotesNum: 4
=====CM.COINBASE IS:===== [220 236 234 243 252 92 10 99 209 149 214 155 26 144 1 27 123 25 101 13] block number is: 9
INFO [10-29|14:24:45] case: default, cm.process 
ready: 4 need: 2.6666667
INFO [10-29|14:24:45] ---------------process------------------ 
INFO [10-29|14:24:45] In RM Process                            height=9 round=0
INFO [10-29|14:24:45] --------In rm.propose------- 
INFO [10-29|14:24:45] ---------------in rm.vote----------------- 
INFO [10-29|14:24:45] in vote in RM                            height=9 round=0
INFO [10-29|14:24:45] vote mp 
INFO [10-29|14:24:45] vote success in                          height=9 round=0
INFO [10-29|14:24:45] Send VoteMsg 
INFO [10-29|14:24:45] in rm.process, check lockset HasQuorum 
INFO [10-29|14:24:45] in HasQuorum 
INFO [10-29|14:24:45] In IsValid() 
len(lockset.Votes): 3 lockset.EligibleVotesNum: 4
INFO [10-29|14:24:45] There is a quorum                        height=9 round=0
--- in rm.process p.id: --- Peer 6d11b37ef4fc909a [eth/63]
INFO [10-29|14:24:45] ============in cm.commitLockset============ 
INFO [10-29|14:24:45] in commitLockset, check ls HasQuorum 
INFO [10-29|14:24:45] in HasQuorum 
INFO [10-29|14:24:45] In IsValid() 
len(lockset.Votes): 3 lockset.EligibleVotesNum: 4
INFO [10-29|14:24:45] cm.found is not nil 
INFO [10-29|14:24:45] store lockset 
peerid: 6d11b37ef4fc909a
INFO [10-29|14:24:45] ---storeLockset--- 
INFO [10-29|14:24:45] after cm.process() 
cmH 9
INFO [10-29|14:24:45] in validatorCommit1 
pid: 6d11b37ef4fc909a
block number 9
-------in NewBFTValidatorBlock-------
INFO [10-29|14:24:45] in validatorCommit2 
validatorCommit time: 109.175µs
INFO [10-29|14:24:45] **in eth.handler**, get result from ch 
INFO [10-29|14:24:45] have a consensus on the block 
INFO [10-29|14:24:45] result.Header().Coinbase != b.signer 
result.Header().Coinbase: [125 87 122 89 123 39 66 180 152 203 92 240 194 108 220 215 38 211 158 110] b.signer: [220 236 234 243 252 92 10 99 209 149 214 155 26 144 1 27 123 25 101 13]
ConsensusTime, 2146840 , txs, 1604 , blockNum, 9
FinishedConsensus, 1540794285141173000
INFO [10-29|14:24:45] ***in BFT.VVVVerifyHeader*** 
INFO [10-29|14:24:45] ***in BFT.verifyHeader*** 
INFO [10-29|14:24:45] ***in BFT.verifySeal*** 
INFO [10-29|14:24:45] In verifyVotes 
INFO [10-29|14:24:45] in HasQuorum 
INFO [10-29|14:24:45] In IsValid() 
len(lockset.Votes): 3 lockset.EligibleVotesNum: 4
INFO [10-29|14:24:45] ***in BFT.VerifyHeaderSSSS*** 
INFO [10-29|14:24:45] ***in BFT.verifyHeader*** 
INFO [10-29|14:24:45] ***in BFT.verifySeal*** 
INFO [10-29|14:24:45] In verifyVotes 
INFO [10-29|14:24:45] in HasQuorum 
INFO [10-29|14:24:45] In IsValid() 
len(lockset.Votes): 3 lockset.EligibleVotesNum: 4
INFO [10-29|14:24:45] result is nil 
INFO [10-29|14:24:45] === Finished Mine() === 
INFO [10-29|14:24:45] Handle BFT Msg,                          msg="msg #9 (3 bytes)"
INFO [10-29|14:24:45] -------GetLocksetsMsg------- 
GetLockSetsMsg request:  [{9}] from:  d67104e65b61fca1
INFO [10-29|14:24:45] Request future block 
INFO [10-29|14:24:45] received NewBlockMsg! 
INFO [10-29|14:24:45] Handle BFT Msg,                          msg="msg #9 (3 bytes)"
INFO [10-29|14:24:45] -------GetLocksetsMsg------- 
GetLockSetsMsg request:  [{9}] from:  d67104e65b61fca1
INFO [10-29|14:24:45] Request future block 
./node3.sh: line 16:  1566 Terminated: 15          ../build/bin/geth --networkid 2234 --port 30305 --rpcport 8547 --datadir "data/node3" --nodiscover --rpc --rpccorsdomain "*" --rpcapi "eth,net,web3,debug" --bft --allow-empty --num-validators 4 --node-num 2
