INFO [10-29|14:22:01] Starting peer-to-peer node               instance=Geth/v1.6.7-unstable-5328d2c7/darwin-amd64/go1.9.7
INFO [10-29|14:22:01] Allocated cache and file handles         database=/Users/sujianwei20/new_misgcode/go_ethereum_cosi/examples/data/node4/geth/chaindata cache=128 handles=1024
WARN [10-29|14:22:01] Upgrading chain database to use sequential keys 
INFO [10-29|14:22:01] Initialised chain configuration          config="{ChainID: 2235 Homestead: 1 DAO: <nil> DAOSupport: false EIP150: 2 EIP155: 3 EIP158: 3 Metropolis: <nil> Engine: ethash}"
INFO [10-29|14:22:01] config bft is                            bft=true
WARN [10-29|14:22:01] Upgrading db log bloom bins 
INFO [10-29|14:22:01] Bloom-bin upgrade completed              elapsed=192.04µs
INFO [10-29|14:22:01] Initialising Ethereum protocol           versions="[63 62]" network=2234
INFO [10-29|14:22:01] Database conversion successful 
INFO [10-29|14:22:01] Loaded most recent local header          number=0 hash=6f3c1c…1bf138 td=1048576
INFO [10-29|14:22:01] Loaded most recent local full block      number=0 hash=6f3c1c…1bf138 td=1048576
INFO [10-29|14:22:01] Loaded most recent local fast block      number=0 hash=6f3c1c…1bf138 td=1048576
INFO [10-29|14:22:01] in NewTxPool, call resetState 
INFO [10-29|14:22:01] in NewTxPool, call pool.eventLoog() 
INFO [10-29|14:22:01] Allocated cache and file handles         database=/Users/sujianwei20/new_misgcode/go_ethereum_cosi/examples/data/node4/geth/bftData   cache=128 handles=1024
INFO [10-29|14:22:01] addVote to                               height=0 round=0 from=0x598443f1880ef585b21f1d7585bd0577402861e5 success=true cm.coinbase=0x598443f1880ef585b21f1d7585bd0577402861e5
ready: 1 need: 2.6666667
INFO [10-29|14:22:01] consensusManager not ready  
ready: 1 need: 2.6666667
INFO [10-29|14:22:01] Starting P2P networking 
INFO [10-29|14:22:01] ---In BFTvalidatorCommitBlock--- 
INFO [10-29|14:22:01] RLPx listener up                         self="enode://d9d5b902798f5c42901f3fd993e58a9fb2ded12c3996e2a3849d4fdfcd0c3516aa806f56d93a759278d1c92e88b0daccffc69312581544c9f680a13a2e556a9e@[::]:30306?discport=0"
INFO [10-29|14:22:01] HTTP endpoint opened: http://127.0.0.1:8548 
INFO [10-29|14:22:01] IPC endpoint opened: /Users/sujianwei20/new_misgcode/go_ethereum_cosi/examples/data/node4/geth.ipc 
INFO [10-29|14:22:01] send Ready msg 
INFO [10-29|14:22:01] Handle BFT Msg,                          msg="msg #8 (78 bytes)"
INFO [10-29|14:22:01] ------Received ReadMsg------ 
AddReady from: [89 132 67 241 136 14 245 133 178 31 29 117 133 189 5 119 64 40 97 229]
INFO [10-29|14:22:01] Handle BFT Msg,                          msg="msg #8 (78 bytes)"
INFO [10-29|14:22:01] ------Received ReadMsg------ 
AddReady from: [125 87 122 89 123 39 66 180 152 203 92 240 194 108 220 215 38 211 158 110]
INFO [10-29|14:22:01] send Ready msg 
INFO [10-29|14:22:01] send Ready msg 
INFO [10-29|14:22:01] send Ready msg 
INFO [10-29|14:22:01] Handle BFT Msg,                          msg="msg #8 (78 bytes)"
INFO [10-29|14:22:01] ------Received ReadMsg------ 
AddReady from: [125 87 122 89 123 39 66 180 152 203 92 240 194 108 220 215 38 211 158 110]
INFO [10-29|14:22:01] Handle BFT Msg,                          msg="msg #8 (78 bytes)"
INFO [10-29|14:22:01] ------Received ReadMsg------ 
AddReady from: [125 87 122 89 123 39 66 180 152 203 92 240 194 108 220 215 38 211 158 110]
ready: 2 need: 2.6666667
INFO [10-29|14:22:01] consensusManager not ready  
ready: 2 need: 2.6666667
INFO [10-29|14:22:01] send Ready msg 
INFO [10-29|14:22:01] send Ready msg 
INFO [10-29|14:22:01] send Ready msg 
INFO [10-29|14:22:01] Handle BFT Msg,                          msg="msg #8 (78 bytes)"
INFO [10-29|14:22:01] ------Received ReadMsg------ 
INFO [10-29|14:22:01] Handle BFT Msg,                          msg="msg #8 (78 bytes)"
INFO [10-29|14:22:01] ------Received ReadMsg------ 
AddReady from: [89 132 67 241 136 14 245 133 178 31 29 117 133 189 5 119 64 40 97 229]
AddReady from: [89 132 67 241 136 14 245 133 178 31 29 117 133 189 5 119 64 40 97 229]
INFO [10-29|14:22:01] Handle BFT Msg,                          msg="msg #8 (78 bytes)"
INFO [10-29|14:22:01] ------Received ReadMsg------ 
AddReady from: [220 236 234 243 252 92 10 99 209 149 214 155 26 144 1 27 123 25 101 13]
INFO [10-29|14:22:01] send Ready msg 
INFO [10-29|14:22:01] send Ready msg 
INFO [10-29|14:22:01] Handle BFT Msg,                          msg="msg #8 (78 bytes)"
INFO [10-29|14:22:01] ------Received ReadMsg------ 
INFO [10-29|14:22:01] send Ready msg 
AddReady from: [89 132 67 241 136 14 245 133 178 31 29 117 133 189 5 119 64 40 97 229]
INFO [10-29|14:22:01] Handle BFT Msg,                          msg="msg #8 (78 bytes)"
INFO [10-29|14:22:01] ------Received ReadMsg------ 
INFO [10-29|14:22:01] Handle BFT Msg,                          msg="msg #8 (78 bytes)"
INFO [10-29|14:22:01] ------Received ReadMsg------ 
AddReady from: [89 132 67 241 136 14 245 133 178 31 29 117 133 189 5 119 64 40 97 229]
AddReady from: [220 236 234 243 252 92 10 99 209 149 214 155 26 144 1 27 123 25 101 13]
INFO [10-29|14:22:01] Handle BFT Msg,                          msg="msg #8 (78 bytes)"
INFO [10-29|14:22:01] ------Received ReadMsg------ 
AddReady from: [220 236 234 243 252 92 10 99 209 149 214 155 26 144 1 27 123 25 101 13]
INFO [10-29|14:22:01] Handle BFT Msg,                          msg="msg #8 (78 bytes)"
INFO [10-29|14:22:01] ------Received ReadMsg------ 
AddReady from: [130 169 120 179 245 150 42 91 9 87 217 238 158 239 71 46 229 91 66 241]
INFO [10-29|14:22:01] send Ready msg 
INFO [10-29|14:22:01] send Ready msg 
INFO [10-29|14:22:01] send Ready msg 
INFO [10-29|14:22:01] Handle BFT Msg,                          msg="msg #8 (78 bytes)"
INFO [10-29|14:22:01] ------Received ReadMsg------ 
INFO [10-29|14:22:01] Handle BFT Msg,                          msg="msg #8 (78 bytes)"
INFO [10-29|14:22:01] ------Received ReadMsg------ 
AddReady from: [130 169 120 179 245 150 42 91 9 87 217 238 158 239 71 46 229 91 66 241]
AddReady from: [130 169 120 179 245 150 42 91 9 87 217 238 158 239 71 46 229 91 66 241]
INFO [10-29|14:22:02] Handle BFT Msg,                          msg="msg #8 (78 bytes)"
INFO [10-29|14:22:02] ------Received ReadMsg------ 
INFO [10-29|14:22:02] Handle BFT Msg,                          msg="msg #8 (78 bytes)"
INFO [10-29|14:22:02] ------Received ReadMsg------ 
AddReady from: [125 87 122 89 123 39 66 180 152 203 92 240 194 108 220 215 38 211 158 110]
INFO [10-29|14:22:02] send Ready msg 
INFO [10-29|14:22:02] send Ready msg 
INFO [10-29|14:22:02] send Ready msg 
INFO [10-29|14:22:02] Handle BFT Msg,                          msg="msg #8 (78 bytes)"
INFO [10-29|14:22:02] ------Received ReadMsg------ 
AddReady from: [125 87 122 89 123 39 66 180 152 203 92 240 194 108 220 215 38 211 158 110]
AddReady from: [125 87 122 89 123 39 66 180 152 203 92 240 194 108 220 215 38 211 158 110]
ready: 4 need: 2.6666667
ready: 4 need: 2.6666667
INFO [10-29|14:22:02] send Ready msg 
INFO [10-29|14:22:02] send Ready msg 
INFO [10-29|14:22:02] Handle BFT Msg,                          msg="msg #8 (78 bytes)"
INFO [10-29|14:22:02] ------Received ReadMsg------ 
INFO [10-29|14:22:02] send Ready msg 
INFO [10-29|14:22:02] -----------------consensusManager Ready------------------------- 
AddReady from: [220 236 234 243 252 92 10 99 209 149 214 155 26 144 1 27 123 25 101 13]
INFO [10-29|14:22:02] send Ready msg 
INFO [10-29|14:22:02] send Ready msg 
INFO [10-29|14:22:02] send Ready msg 
INFO [10-29|14:22:02] Handle BFT Msg,                          msg="msg #8 (78 bytes)"
INFO [10-29|14:22:02] ------Received ReadMsg------ 
AddReady from: [220 236 234 243 252 92 10 99 209 149 214 155 26 144 1 27 123 25 101 13]
INFO [10-29|14:22:02] Handle BFT Msg,                          msg="msg #8 (78 bytes)"
INFO [10-29|14:22:02] ------Received ReadMsg------ 
INFO [10-29|14:22:02] Handle BFT Msg,                          msg="msg #8 (78 bytes)"
INFO [10-29|14:22:02] ------Received ReadMsg------ 
AddReady from: [89 132 67 241 136 14 245 133 178 31 29 117 133 189 5 119 64 40 97 229]
INFO [10-29|14:22:02] Handle BFT Msg,                          msg="msg #8 (78 bytes)"
INFO [10-29|14:22:02] ------Received ReadMsg------ 
AddReady from: [89 132 67 241 136 14 245 133 178 31 29 117 133 189 5 119 64 40 97 229]
AddReady from: [89 132 67 241 136 14 245 133 178 31 29 117 133 189 5 119 64 40 97 229]
INFO [10-29|14:22:02] Handle BFT Msg,                          msg="msg #8 (78 bytes)"
INFO [10-29|14:22:02] ------Received ReadMsg------ 
AddReady from: [220 236 234 243 252 92 10 99 209 149 214 155 26 144 1 27 123 25 101 13]
INFO [10-29|14:24:15] Transaction pool price threshold updated price=18000000000
INFO [10-29|14:24:15] Starting mining operation 
INFO [10-29|14:24:17] Handle BFT Msg,                          msg="msg #11 (172922 bytes)"
INFO [10-29|14:24:17] -------Received NewBlockProposalMsg------- 
bpHR: H: 1 R: 0
cmHR: H: 1 R: 0
INFO [10-29|14:24:17] --------------------------------------- 
# collMsig from = Peer 6d11b37ef4fc909a [eth/63]
cmHR: H: 1 R: 0
this is rm.proposerPeer  Peer 6d11b37ef4fc909a [eth/63]
INFO [10-29|14:24:17] In IsValid() 
len(lockset.Votes): 0 lockset.EligibleVotesNum: 0
INFO [10-29|14:24:17] cm add BlockProposal                     h=1 r=0
INFO [10-29|14:24:17] in HasQuorum 
INFO [10-29|14:24:17] In IsValid() 
len(lockset.Votes): 1 lockset.EligibleVotesNum: 0
INFO [10-29|14:24:17] In addBlockCandidates!! 
INFO [10-29|14:24:17] -------in handle NewBlockProposalMsg, success!------- 
INFO [10-29|14:24:17] Handle BFT Msg,                          msg="msg #18 (345 bytes)"
INFO [10-29|14:24:17] ------Received MsigProposalMsg------ 
mpHR: H: 1 R: 0 hash: [108 209 67 65 217 17 75 88 133 206 21 223 178 253 206 7 169 225 20 57 97 233 108 145 2 58 19 23 172 252 219 236]
cmHR: H: 1 R: 0
INFO [10-29|14:24:17] --------------------------------------- 
H====:  1 P==== 0
INFO [10-29|14:24:17] ------addmsigproposal success!------- 
INFO [10-29|14:24:17] Handle BFT Msg,                          msg="msg #17 (107 bytes)"
INFO [10-29|14:24:17] ------Received VoteMsg------ 
voteHR: H: 1 R: 0 voteType:: 1 voteHash: [108 209 67 65 217 17 75 88 133 206 21 223 178 253 206 7 169 225 20 57 97 233 108 145 2 58 19 23 172 252 219 236]
cmHR: H: 1 R: 0
INFO [10-29|14:24:17] --------------------------------------- 
INFO [10-29|14:24:17] addVote to                               height=1 round=0 from=0x82a978b3f5962a5b0957d9ee9eef472ee55b42f1 success=true cm.coinbase=0x598443f1880ef585b21f1d7585bd0577402861e5
INFO [10-29|14:24:17] ------in handle VoteMsg, success!------ 
INFO [10-29|14:24:17] Handle BFT Msg,                          msg="msg #17 (107 bytes)"
INFO [10-29|14:24:17] ------Received VoteMsg------ 
voteHR: H: 1 R: 0 voteType:: 1 voteHash: [108 209 67 65 217 17 75 88 133 206 21 223 178 253 206 7 169 225 20 57 97 233 108 145 2 58 19 23 172 252 219 236]
cmHR: H: 1 R: 0
INFO [10-29|14:24:17] --------------------------------------- 
INFO [10-29|14:24:17] addVote to                               height=1 round=0 from=0x7d577a597b2742b498cb5cf0c26cdcd726d39e6e success=true cm.coinbase=0x598443f1880ef585b21f1d7585bd0577402861e5
INFO [10-29|14:24:17] ------in handle VoteMsg, success!------ 
INFO [10-29|14:24:17] Handle BFT Msg,                          msg="msg #17 (107 bytes)"
INFO [10-29|14:24:17] ------Received VoteMsg------ 
voteHR: H: 1 R: 0 voteType:: 1 voteHash: [108 209 67 65 217 17 75 88 133 206 21 223 178 253 206 7 169 225 20 57 97 233 108 145 2 58 19 23 172 252 219 236]
cmHR: H: 1 R: 0
INFO [10-29|14:24:17] --------------------------------------- 
INFO [10-29|14:24:17] addVote to                               height=1 round=0 from=0xdceceaf3fc5c0a63d195d69b1a90011b7b19650d success=true cm.coinbase=0x598443f1880ef585b21f1d7585bd0577402861e5
INFO [10-29|14:24:17] ------in handle VoteMsg, success!------ 
INFO [10-29|14:24:17] received NewBlockMsg! 
INFO [10-29|14:24:17] ***in BFT.VVVVerifyHeader*** 
INFO [10-29|14:24:17] ***in BFT.verifyHeader*** 
INFO [10-29|14:24:17] ***in BFT.verifySeal*** 
INFO [10-29|14:24:17] In verifyVotes 
INFO [10-29|14:24:17] ***in sync.request()*** 
INFO [10-29|14:24:17] Commit new mining work                   number=1 txs=1598 uncles=0 elapsed=2.256s
INFO [10-29|14:24:17] Sealing                                  block n=1
StartConsensus, 1540794257777632000
INFO [10-29|14:24:17] Start Process 
INFO [10-29|14:24:17] in cm.Process, check lastCommittingLockset() 
INFO [10-29|14:24:17] In IsValid() 
len(lockset.Votes): 2 lockset.EligibleVotesNum: 0
INFO [10-29|14:24:17] in HasQuorum 
INFO [10-29|14:24:17] In IsValid() 
len(lockset.Votes): 2 lockset.EligibleVotesNum: 0
=====CM.COINBASE IS:===== [89 132 67 241 136 14 245 133 178 31 29 117 133 189 5 119 64 40 97 229] block number is: 1
INFO [10-29|14:24:17] case: default, cm.process 
ready: 4 need: 2.6666667
INFO [10-29|14:24:17] ---------------process------------------ 
INFO [10-29|14:24:17] In RM Process                            height=1 round=0
INFO [10-29|14:24:17] --------In rm.propose------- 
INFO [10-29|14:24:17] ---------------in rm.vote----------------- 
INFO [10-29|14:24:17] in vote in RM                            height=1 round=0
INFO [10-29|14:24:17] vote mp 
INFO [10-29|14:24:17] vote success in                          height=1 round=0
INFO [10-29|14:24:17] Send VoteMsg 
INFO [10-29|14:24:17] in rm.process, check lockset HasQuorum 
INFO [10-29|14:24:17] in HasQuorum 
INFO [10-29|14:24:17] In IsValid() 
len(lockset.Votes): 4 lockset.EligibleVotesNum: 4
INFO [10-29|14:24:17] There is a quorum                        height=1 round=0
--- in rm.process p.id: --- Peer 6d11b37ef4fc909a [eth/63]
INFO [10-29|14:24:17] ============in cm.commitLockset============ 
INFO [10-29|14:24:17] in commitLockset, check ls HasQuorum 
INFO [10-29|14:24:17] in HasQuorum 
INFO [10-29|14:24:17] In IsValid() 
len(lockset.Votes): 4 lockset.EligibleVotesNum: 4
INFO [10-29|14:24:17] cm.found is not nil 
INFO [10-29|14:24:17] store lockset 
peerid: 6d11b37ef4fc909a
INFO [10-29|14:24:17] ---storeLockset--- 
INFO [10-29|14:24:17] have a consensus on the block 
INFO [10-29|14:24:17] result.Header().Coinbase != b.signer 
INFO [10-29|14:24:17] after cm.process() 
cmH 1
INFO [10-29|14:24:17] in validatorCommit1 
pid: 6d11b37ef4fc909a
block number 1
-------in NewBFTValidatorBlock-------
INFO [10-29|14:24:17] in validatorCommit2 
validatorCommit time: 157.713µs
INFO [10-29|14:24:17] **in eth.handler**, get result from ch 
result.Header().Coinbase: [125 87 122 89 123 39 66 180 152 203 92 240 194 108 220 215 38 211 158 110] b.signer: [89 132 67 241 136 14 245 133 178 31 29 117 133 189 5 119 64 40 97 229]
ConsensusTime, 2556618 , txs, 1598 , blockNum, 1
FinishedConsensus, 1540794257780281000
INFO [10-29|14:24:17] result is nil 
INFO [10-29|14:24:17] === Finished Mine() === 
INFO [10-29|14:24:17] In verifyVotes 
INFO [10-29|14:24:17] in HasQuorum 
INFO [10-29|14:24:17] In IsValid() 
len(lockset.Votes): 4 lockset.EligibleVotesNum: 4
INFO [10-29|14:24:17] ***in BFT.VerifyHeaderSSSS*** 
INFO [10-29|14:24:17] ***in BFT.verifyHeader*** 
INFO [10-29|14:24:17] ***in BFT.verifySeal*** 
INFO [10-29|14:24:17] In verifyVotes 
INFO [10-29|14:24:17] in HasQuorum 
INFO [10-29|14:24:17] In IsValid() 
len(lockset.Votes): 4 lockset.EligibleVotesNum: 4
INFO [10-29|14:24:19] Imported new chain segment               blocks=1 txs=1598 mgas=33.558 elapsed=1.298s   mgasps=25.846 number=1 hash=6cd143…fcdbec
FinishedPostExec, 1540794259089551000 , txs, 1598
PostExecTime, 1.298402745s
INFO [10-29|14:24:19] in pool.evenLoop, call pool.resetState 
INFO [10-29|14:24:20] Handle BFT Msg,                          msg="msg #11 (173334 bytes)"
INFO [10-29|14:24:20] -------Received NewBlockProposalMsg------- 
bpHR: H: 2 R: 0
cmHR: H: 2 R: 0
INFO [10-29|14:24:20] --------------------------------------- 
# collMsig from = Peer 94dd98401cf6ca04 [eth/63]
cmHR: H: 2 R: 0
this is rm.proposerPeer  Peer 94dd98401cf6ca04 [eth/63]
INFO [10-29|14:24:20] In IsValid() 
len(lockset.Votes): 0 lockset.EligibleVotesNum: 0
INFO [10-29|14:24:20] cm add BlockProposal                     h=2 r=0
INFO [10-29|14:24:20] in HasQuorum 
INFO [10-29|14:24:20] In IsValid() 
len(lockset.Votes): 4 lockset.EligibleVotesNum: 4
INFO [10-29|14:24:20] in collectMsig, i am msig wintness 
INFO [10-29|14:24:20] Return MsigProposalMsg to                LOG15_ERROR= LOG15_ERROR="Normalized odd number of arguments by adding nil"
INFO [10-29|14:24:20] Sending MsigProposalMsg 
in cm.collectMsig, mp.MsigVs: [<nil> 27]
INFO [10-29|14:24:20] In addBlockCandidates!! 
INFO [10-29|14:24:20] -------in handle NewBlockProposalMsg, success!------- 
INFO [10-29|14:24:20] Handle BFT Msg,                          msg="msg #18 (662 bytes)"
INFO [10-29|14:24:20] ------Received MsigProposalMsg------ 
mpHR: H: 2 R: 0 hash: [89 83 160 227 89 196 246 140 231 83 138 118 116 13 213 224 159 25 235 221 37 190 222 214 51 106 155 102 199 178 18 194]
cmHR: H: 2 R: 0
INFO [10-29|14:24:20] --------------------------------------- 
H====:  2 P==== 0
INFO [10-29|14:24:20] ------addmsigproposal success!------- 
INFO [10-29|14:24:20] Handle BFT Msg,                          msg="msg #18 (662 bytes)"
INFO [10-29|14:24:20] ------Received MsigProposalMsg------ 
mpHR: H: 2 R: 0 hash: [89 83 160 227 89 196 246 140 231 83 138 118 116 13 213 224 159 25 235 221 37 190 222 214 51 106 155 102 199 178 18 194]
cmHR: H: 2 R: 0
INFO [10-29|14:24:20] --------------------------------------- 
H====:  2 P==== 0
INFO [10-29|14:24:20] ------addmsigproposal success!------- 
INFO [10-29|14:24:20] Handle BFT Msg,                          msg="msg #18 (662 bytes)"
INFO [10-29|14:24:20] ------Received MsigProposalMsg------ 
mpHR: H: 2 R: 0 hash: [89 83 160 227 89 196 246 140 231 83 138 118 116 13 213 224 159 25 235 221 37 190 222 214 51 106 155 102 199 178 18 194]
cmHR: H: 2 R: 0
INFO [10-29|14:24:20] --------------------------------------- 
H====:  2 P==== 0
INFO [10-29|14:24:20] ------addmsigproposal success!------- 
INFO [10-29|14:24:20] Handle BFT Msg,                          msg="msg #17 (107 bytes)"
INFO [10-29|14:24:20] ------Received VoteMsg------ 
voteHR: H: 2 R: 0 voteType:: 1 voteHash: [89 83 160 227 89 196 246 140 231 83 138 118 116 13 213 224 159 25 235 221 37 190 222 214 51 106 155 102 199 178 18 194]
cmHR: H: 2 R: 0
INFO [10-29|14:24:20] --------------------------------------- 
INFO [10-29|14:24:20] addVote to                               height=2 round=0 from=0x7d577a597b2742b498cb5cf0c26cdcd726d39e6e success=true cm.coinbase=0x598443f1880ef585b21f1d7585bd0577402861e5
INFO [10-29|14:24:20] ------in handle VoteMsg, success!------ 
INFO [10-29|14:24:20] Handle BFT Msg,                          msg="msg #17 (107 bytes)"
INFO [10-29|14:24:20] ------Received VoteMsg------ 
voteHR: H: 2 R: 0 voteType:: 1 voteHash: [89 83 160 227 89 196 246 140 231 83 138 118 116 13 213 224 159 25 235 221 37 190 222 214 51 106 155 102 199 178 18 194]
cmHR: H: 2 R: 0
INFO [10-29|14:24:20] --------------------------------------- 
INFO [10-29|14:24:20] addVote to                               height=2 round=0 from=0xdceceaf3fc5c0a63d195d69b1a90011b7b19650d success=true cm.coinbase=0x598443f1880ef585b21f1d7585bd0577402861e5
INFO [10-29|14:24:20] ------in handle VoteMsg, success!------ 
INFO [10-29|14:24:20] Commit new mining work                   number=2 txs=1599 uncles=0 elapsed=1.812s
INFO [10-29|14:24:20] Sealing                                  block n=2
StartConsensus, 1540794260902520000
INFO [10-29|14:24:20] Start Process 
INFO [10-29|14:24:20] in cm.Process, check lastCommittingLockset() 
INFO [10-29|14:24:20] In IsValid() 
len(lockset.Votes): 4 lockset.EligibleVotesNum: 4
INFO [10-29|14:24:20] in HasQuorum 
INFO [10-29|14:24:20] In IsValid() 
len(lockset.Votes): 4 lockset.EligibleVotesNum: 4
=====CM.COINBASE IS:===== [89 132 67 241 136 14 245 133 178 31 29 117 133 189 5 119 64 40 97 229] block number is: 2
INFO [10-29|14:24:20] case: default, cm.process 
ready: 4 need: 2.6666667
INFO [10-29|14:24:20] ---------------process------------------ 
INFO [10-29|14:24:20] In RM Process                            height=2 round=0
INFO [10-29|14:24:20] --------In rm.propose------- 
INFO [10-29|14:24:20] ---------------in rm.vote----------------- 
INFO [10-29|14:24:20] in vote in RM                            height=2 round=0
INFO [10-29|14:24:20] vote mp 
INFO [10-29|14:24:20] vote success in                          height=2 round=0
INFO [10-29|14:24:20] Send VoteMsg 
INFO [10-29|14:24:20] in rm.process, check lockset HasQuorum 
INFO [10-29|14:24:20] in HasQuorum 
INFO [10-29|14:24:20] In IsValid() 
len(lockset.Votes): 3 lockset.EligibleVotesNum: 4
INFO [10-29|14:24:20] There is a quorum                        height=2 round=0
--- in rm.process p.id: --- Peer 94dd98401cf6ca04 [eth/63]
INFO [10-29|14:24:20] ============in cm.commitLockset============ 
INFO [10-29|14:24:20] in commitLockset, check ls HasQuorum 
INFO [10-29|14:24:20] in HasQuorum 
INFO [10-29|14:24:20] In IsValid() 
len(lockset.Votes): 3 lockset.EligibleVotesNum: 4
INFO [10-29|14:24:20] cm.found is not nil 
INFO [10-29|14:24:20] store lockset 
peerid: 94dd98401cf6ca04
INFO [10-29|14:24:20] have a consensus on the block 
INFO [10-29|14:24:20] result.Header().Coinbase != b.signer 
INFO [10-29|14:24:20] ---storeLockset--- 
INFO [10-29|14:24:20] after cm.process() 
cmH 2
result.Header().Coinbase: [220 236 234 243 252 92 10 99 209 149 214 155 26 144 1 27 123 25 101 13] b.signer: [89 132 67 241 136 14 245 133 178 31 29 117 133 189 5 119 64 40 97 229]
ConsensusTime, 2051144 , txs, 1599 , blockNum, 2
FinishedConsensus, 1540794260904734000
INFO [10-29|14:24:20] result is nil 
INFO [10-29|14:24:20] === Finished Mine() === 
INFO [10-29|14:24:20] in validatorCommit1 
pid: 94dd98401cf6ca04
block number 2
-------in NewBFTValidatorBlock-------
INFO [10-29|14:24:20] in validatorCommit2 
validatorCommit time: 324.806µs
INFO [10-29|14:24:20] **in eth.handler**, get result from ch 
INFO [10-29|14:24:20] ***in BFT.VVVVerifyHeader*** 
INFO [10-29|14:24:20] ***in BFT.verifyHeader*** 
INFO [10-29|14:24:20] ***in BFT.verifySeal*** 
INFO [10-29|14:24:20] In verifyVotes 
INFO [10-29|14:24:20] in HasQuorum 
INFO [10-29|14:24:20] In IsValid() 
len(lockset.Votes): 3 lockset.EligibleVotesNum: 4
INFO [10-29|14:24:20] ***in BFT.VerifyHeaderSSSS*** 
INFO [10-29|14:24:20] ***in BFT.verifyHeader*** 
INFO [10-29|14:24:20] ***in BFT.verifySeal*** 
INFO [10-29|14:24:20] In verifyVotes 
INFO [10-29|14:24:20] in HasQuorum 
INFO [10-29|14:24:20] In IsValid() 
len(lockset.Votes): 3 lockset.EligibleVotesNum: 4
INFO [10-29|14:24:20] Handle BFT Msg,                          msg="msg #17 (107 bytes)"
INFO [10-29|14:24:20] ------Received VoteMsg------ 
voteHR: H: 2 R: 0 voteType:: 1 voteHash: [89 83 160 227 89 196 246 140 231 83 138 118 116 13 213 224 159 25 235 221 37 190 222 214 51 106 155 102 199 178 18 194]
cmHR: H: 2 R: 0
INFO [10-29|14:24:20] --------------------------------------- 
INFO [10-29|14:24:20] addVote to                               height=2 round=0 from=0x82a978b3f5962a5b0957d9ee9eef472ee55b42f1 success=true cm.coinbase=0x598443f1880ef585b21f1d7585bd0577402861e5
INFO [10-29|14:24:20] ------in handle VoteMsg, success!------ 
INFO [10-29|14:24:20] received NewBlockMsg! 
INFO [10-29|14:24:20] received NewBlockMsg! 
INFO [10-29|14:24:22] Imported new chain segment               blocks=1 txs=1599 mgas=33.579 elapsed=1.471s   mgasps=22.822 number=2 hash=5953a0…b212c2
FinishedPostExec, 1540794262376599000 , txs, 1599
PostExecTime, 1.471370097s
INFO [10-29|14:24:22] in pool.evenLoop, call pool.resetState 
INFO [10-29|14:24:24] Commit new mining work                   number=3 txs=1599 uncles=0 elapsed=1.741s
INFO [10-29|14:24:24] Sealing                                  block n=3
StartConsensus, 1540794264118295000
INFO [10-29|14:24:24] Start Process 
INFO [10-29|14:24:24] in cm.Process, check lastCommittingLockset() 
INFO [10-29|14:24:24] In IsValid() 
len(lockset.Votes): 4 lockset.EligibleVotesNum: 4
INFO [10-29|14:24:24] in HasQuorum 
INFO [10-29|14:24:24] In IsValid() 
len(lockset.Votes): 4 lockset.EligibleVotesNum: 4
=====CM.COINBASE IS:===== [89 132 67 241 136 14 245 133 178 31 29 117 133 189 5 119 64 40 97 229] block number is: 3
INFO [10-29|14:24:24] case: default, cm.process 
ready: 4 need: 2.6666667
INFO [10-29|14:24:24] ---------------process------------------ 
INFO [10-29|14:24:24] In RM Process                            height=3 round=0
INFO [10-29|14:24:24] --------In rm.propose------- 
INFO [10-29|14:24:24] I am a proposer in                       height=3 round=0
INFO [10-29|14:24:24] in propose, check lastRoundLockset 
lastRoundLockset, hm.activeround: 0
INFO [10-29|14:24:24] ------in mkProposal------ 
INFO [10-29|14:24:24] In IsValid() 
len(lockset.Votes): 4 lockset.EligibleVotesNum: 4
INFO [10-29|14:24:24] in HasQuorum 
INFO [10-29|14:24:24] In IsValid() 
len(lockset.Votes): 4 lockset.EligibleVotesNum: 4
INFO [10-29|14:24:24] LockSet(R-1) is nil (rm.round should equal to zero) 
INFO [10-29|14:24:24] in HasQuorum 
INFO [10-29|14:24:24] In IsValid() 
len(lockset.Votes): 4 lockset.EligibleVotesNum: 4
INFO [10-29|14:24:24] in HasQuorum 
INFO [10-29|14:24:24] In IsValid() 
len(lockset.Votes): 4 lockset.EligibleVotesNum: 4
Create block blockhash :  [84 122 131 33 147 172 252 128 121 118 13 99 252 91 206 56 97 125 255 71 222 173 51 161 211 152 70 134 211 95 171 239]
INFO [10-29|14:24:24] In addBlockCandidates!! 
INFO [10-29|14:24:24] Send NewBlockProposalMsg:                LOG15_ERROR=                                                   LOG15_ERROR="Normalized odd number of arguments by adding nil"
INFO [10-29|14:24:24] Handle BFT Msg,                          msg="msg #18 (662 bytes)"
INFO [10-29|14:24:24] ------Received MsigProposalMsg------ 
mpHR: H: 3 R: 0 hash: [84 122 131 33 147 172 252 128 121 118 13 99 252 91 206 56 97 125 255 71 222 173 51 161 211 152 70 134 211 95 171 239]
cmHR: H: 3 R: 0
INFO [10-29|14:24:24] --------------------------------------- 
H====:  3 P==== 0
INFO [10-29|14:24:24] In addMsig I am leader 
mp= &{<nil> 28 86464955284599026226541071876355348041611815626097009853306011743358155937944 14264081255983585927409880640387919462827278526478049583795010662389066302654 0xc429940000 3 0 [84 122 131 33 147 172 252 128 121 118 13 99 252 91 206 56 97 125 255 71 222 173 51 161 211 152 70 134 211 95 171 239] 0xc425bc8000 0xc425bc8050}
INFO [10-29|14:24:24] in MsigFinished 
len(mp.Msig.MsigVs): 2 mp.MsigVs: [0 28]
INFO [10-29|14:24:24] in bfthandler Send MsigProposalMsg 
INFO [10-29|14:24:24] Sending MsigProposalMsg 
INFO [10-29|14:24:24] Sending MsigProposalMsg 
INFO [10-29|14:24:24] Sending MsigProposalMsg 
INFO [10-29|14:24:24] Handle BFT Msg,                          msg="msg #18 (662 bytes)"
INFO [10-29|14:24:24] ------Received MsigProposalMsg------ 
mpHR: H: 3 R: 0 hash: [84 122 131 33 147 172 252 128 121 118 13 99 252 91 206 56 97 125 255 71 222 173 51 161 211 152 70 134 211 95 171 239]
cmHR: H: 3 R: 0
INFO [10-29|14:24:24] --------------------------------------- 
H====:  3 P==== 0
INFO [10-29|14:24:24] In addMsig I am leader 
mp= &{<nil> 28 86464955284599026226541071876355348041611815626097009853306011743358155937944 14264081255983585927409880640387919462827278526478049583795010662389066302654 0xc429940240 3 0 [84 122 131 33 147 172 252 128 121 118 13 99 252 91 206 56 97 125 255 71 222 173 51 161 211 152 70 134 211 95 171 239] 0xc425bc8230 0xc425bc8280}
INFO [10-29|14:24:24] in MsigFinished 
len(mp.Msig.MsigVs): 2 mp.MsigVs: [0 28]
INFO [10-29|14:24:24] in bfthandler Send MsigProposalMsg 
INFO [10-29|14:24:24] ---------------in rm.vote----------------- 
INFO [10-29|14:24:24] in vote in RM                            height=3 round=0
INFO [10-29|14:24:24] Timeout time not reach, curr vs timeout: curr=1540794264.000 timeout=1540794269.000
INFO [10-29|14:24:24] in rm.process, check lockset HasQuorum 
INFO [10-29|14:24:24] in HasQuorum 
INFO [10-29|14:24:24] In IsValid() 
len(lockset.Votes): 0 lockset.EligibleVotesNum: 4
INFO [10-29|14:24:24] rm lockset is not valid yet 
INFO [10-29|14:24:24] ------addmsigproposal success!------- 
INFO [10-29|14:24:24] ------addmsigproposal success!------- 
INFO [10-29|14:24:24] after cm.process() 
INFO [10-29|14:24:24] Handle BFT Msg,                          msg="msg #17 (107 bytes)"
INFO [10-29|14:24:24] ------Received VoteMsg------ 
voteHR: H: 3 R: 0 voteType:: 1 voteHash: [84 122 131 33 147 172 252 128 121 118 13 99 252 91 206 56 97 125 255 71 222 173 51 161 211 152 70 134 211 95 171 239]
cmHR: H: 3 R: 0
INFO [10-29|14:24:24] --------------------------------------- 
INFO [10-29|14:24:24] addVote to                               height=3 round=0 from=0x7d577a597b2742b498cb5cf0c26cdcd726d39e6e success=true cm.coinbase=0x598443f1880ef585b21f1d7585bd0577402861e5
INFO [10-29|14:24:24] ------in handle VoteMsg, success!------ 
INFO [10-29|14:24:24] Handle BFT Msg,                          msg="msg #17 (107 bytes)"
INFO [10-29|14:24:24] ------Received VoteMsg------ 
voteHR: H: 3 R: 0 voteType:: 1 voteHash: [84 122 131 33 147 172 252 128 121 118 13 99 252 91 206 56 97 125 255 71 222 173 51 161 211 152 70 134 211 95 171 239]
cmHR: H: 3 R: 0
INFO [10-29|14:24:24] --------------------------------------- 
INFO [10-29|14:24:24] addVote to                               height=3 round=0 from=0xdceceaf3fc5c0a63d195d69b1a90011b7b19650d success=true cm.coinbase=0x598443f1880ef585b21f1d7585bd0577402861e5
INFO [10-29|14:24:24] ------in handle VoteMsg, success!------ 
INFO [10-29|14:24:24] Handle BFT Msg,                          msg="msg #17 (107 bytes)"
INFO [10-29|14:24:24] ------Received VoteMsg------ 
voteHR: H: 3 R: 0 voteType:: 1 voteHash: [84 122 131 33 147 172 252 128 121 118 13 99 252 91 206 56 97 125 255 71 222 173 51 161 211 152 70 134 211 95 171 239]
cmHR: H: 3 R: 0
INFO [10-29|14:24:24] --------------------------------------- 
INFO [10-29|14:24:24] addVote to                               height=3 round=0 from=0x82a978b3f5962a5b0957d9ee9eef472ee55b42f1 success=true cm.coinbase=0x598443f1880ef585b21f1d7585bd0577402861e5
INFO [10-29|14:24:24] ------in handle VoteMsg, success!------ 
INFO [10-29|14:24:24] case: default, cm.process 
ready: 4 need: 2.6666667
INFO [10-29|14:24:24] ---------------process------------------ 
INFO [10-29|14:24:24] In RM Process                            height=3 round=0
INFO [10-29|14:24:24] --------In rm.propose------- 
INFO [10-29|14:24:24] I am a proposer in                       height=3 round=0
INFO [10-29|14:24:24] ---------------in rm.vote----------------- 
INFO [10-29|14:24:24] in vote in RM                            height=3 round=0
INFO [10-29|14:24:24] vote mp 
INFO [10-29|14:24:24] vote success in                          height=3 round=0
INFO [10-29|14:24:24] Send VoteMsg 
INFO [10-29|14:24:24] in rm.process, check lockset HasQuorum 
INFO [10-29|14:24:24] in HasQuorum 
INFO [10-29|14:24:24] In IsValid() 
len(lockset.Votes): 4 lockset.EligibleVotesNum: 4
INFO [10-29|14:24:24] There is a quorum                        height=3 round=0
INFO [10-29|14:24:24] ============in cm.commitLockset============ 
INFO [10-29|14:24:24] in commitLockset, check ls HasQuorum 
INFO [10-29|14:24:24] in HasQuorum 
INFO [10-29|14:24:24] In IsValid() 
len(lockset.Votes): 4 lockset.EligibleVotesNum: 4
INFO [10-29|14:24:24] cm.found is not nil 
INFO [10-29|14:24:24] store lockset 
INFO [10-29|14:24:24] ---storeLockset--- 
INFO [10-29|14:24:24] after cm.process() 
INFO [10-29|14:24:24] have a consensus on the block 
ConsensusTime, 164514974 , txs, 1599 , blockNum, 3
FinishedConsensus, 1540794264282779000
INFO [10-29|14:24:24] Successfully sealed new block            number=3 hash=547a83…5fabef
INFO [10-29|14:24:24] === Finished Mine() === 
INFO [10-29|14:24:24] Handle BFT Msg,                          msg="msg #9 (3 bytes)"
INFO [10-29|14:24:24] -------GetLocksetsMsg------- 
GetLockSetsMsg request:  [{3}] from:  94dd98401cf6ca04
INFO [10-29|14:24:24]  Sending Lockset                         LOG15_ERROR=                                                   LOG15_ERROR="Normalized odd number of arguments by adding nil"
INFO [10-29|14:24:24] received NewBlockMsg! 
INFO [10-29|14:24:24] 🔨 mined potential block                  number=3 hash=547a83…5fabef
INFO [10-29|14:24:24] ---atomic.LoadInt32(&self.mining) == 1 && work.tcount == 0--- 
INFO [10-29|14:24:24] in pool.evenLoop, call pool.resetState 
INFO [10-29|14:24:27] Handle BFT Msg,                          msg="msg #11 (173453 bytes)"
INFO [10-29|14:24:27] -------Received NewBlockProposalMsg------- 
bpHR: H: 4 R: 0
cmHR: H: 4 R: 0
INFO [10-29|14:24:27] --------------------------------------- 
# collMsig from = Peer d67104e65b61fca1 [eth/63]
cmHR: H: 4 R: 0
this is rm.proposerPeer  Peer d67104e65b61fca1 [eth/63]
INFO [10-29|14:24:27] In IsValid() 
len(lockset.Votes): 0 lockset.EligibleVotesNum: 0
INFO [10-29|14:24:27] cm add BlockProposal                     h=4 r=0
INFO [10-29|14:24:27] in HasQuorum 
INFO [10-29|14:24:27] In IsValid() 
len(lockset.Votes): 4 lockset.EligibleVotesNum: 4
INFO [10-29|14:24:27] In addBlockCandidates!! 
INFO [10-29|14:24:27] -------in handle NewBlockProposalMsg, success!------- 
INFO [10-29|14:24:27] Handle BFT Msg,                          msg="msg #18 (662 bytes)"
INFO [10-29|14:24:27] ------Received MsigProposalMsg------ 
mpHR: H: 4 R: 0 hash: [34 6 222 124 141 210 227 242 6 213 107 195 172 196 60 193 118 200 28 245 47 35 139 133 183 40 59 2 13 128 87 104]
cmHR: H: 4 R: 0
INFO [10-29|14:24:27] --------------------------------------- 
H====:  4 P==== 0
INFO [10-29|14:24:27] ------addmsigproposal success!------- 
INFO [10-29|14:24:27] Handle BFT Msg,                          msg="msg #17 (107 bytes)"
INFO [10-29|14:24:27] ------Received VoteMsg------ 
voteHR: H: 4 R: 0 voteType:: 1 voteHash: [34 6 222 124 141 210 227 242 6 213 107 195 172 196 60 193 118 200 28 245 47 35 139 133 183 40 59 2 13 128 87 104]
cmHR: H: 4 R: 0
INFO [10-29|14:24:27] --------------------------------------- 
INFO [10-29|14:24:27] addVote to                               height=4 round=0 from=0xdceceaf3fc5c0a63d195d69b1a90011b7b19650d success=true cm.coinbase=0x598443f1880ef585b21f1d7585bd0577402861e5
INFO [10-29|14:24:27] ------in handle VoteMsg, success!------ 
INFO [10-29|14:24:27] Handle BFT Msg,                          msg="msg #17 (107 bytes)"
INFO [10-29|14:24:27] ------Received VoteMsg------ 
voteHR: H: 4 R: 0 voteType:: 1 voteHash: [34 6 222 124 141 210 227 242 6 213 107 195 172 196 60 193 118 200 28 245 47 35 139 133 183 40 59 2 13 128 87 104]
cmHR: H: 4 R: 0
INFO [10-29|14:24:27] --------------------------------------- 
INFO [10-29|14:24:27] addVote to                               height=4 round=0 from=0x7d577a597b2742b498cb5cf0c26cdcd726d39e6e success=true cm.coinbase=0x598443f1880ef585b21f1d7585bd0577402861e5
INFO [10-29|14:24:27] ------in handle VoteMsg, success!------ 
INFO [10-29|14:24:27] Handle BFT Msg,                          msg="msg #17 (107 bytes)"
INFO [10-29|14:24:27] ------Received VoteMsg------ 
voteHR: H: 4 R: 0 voteType:: 1 voteHash: [34 6 222 124 141 210 227 242 6 213 107 195 172 196 60 193 118 200 28 245 47 35 139 133 183 40 59 2 13 128 87 104]
cmHR: H: 4 R: 0
INFO [10-29|14:24:27] --------------------------------------- 
INFO [10-29|14:24:27] addVote to                               height=4 round=0 from=0x82a978b3f5962a5b0957d9ee9eef472ee55b42f1 success=true cm.coinbase=0x598443f1880ef585b21f1d7585bd0577402861e5
INFO [10-29|14:24:27] ------in handle VoteMsg, success!------ 
INFO [10-29|14:24:27] Handle BFT Msg,                          msg="msg #9 (3 bytes)"
INFO [10-29|14:24:27] -------GetLocksetsMsg------- 
GetLockSetsMsg request:  [{4}] from:  94dd98401cf6ca04
INFO [10-29|14:24:27] Request future block 
INFO [10-29|14:24:27] received NewBlockMsg! 
INFO [10-29|14:24:27] ***in BFT.VVVVerifyHeader*** 
INFO [10-29|14:24:27] ***in BFT.verifyHeader*** 
INFO [10-29|14:24:27] ***in BFT.verifySeal*** 
INFO [10-29|14:24:27] In verifyVotes 
INFO [10-29|14:24:27] ***in sync.request()*** 
INFO [10-29|14:24:27] received NewBlockMsg! 
INFO [10-29|14:24:27] In verifyVotes 
INFO [10-29|14:24:27] ***in sync.request()*** 
INFO [10-29|14:24:27] In verifyVotes 
INFO [10-29|14:24:27] ***in sync.request()*** 
INFO [10-29|14:24:27] In verifyVotes 
INFO [10-29|14:24:27] ***in sync.request()*** 
INFO [10-29|14:24:27] Handle BFT Msg,                          msg="msg #10 (328 bytes)"
INFO [10-29|14:24:27] -------Received LocksetMsg------- 
lockset: &{<nil> 0 0 0 4 [0xc4252020c0 0xc425202120 0xc425202180] false}
INFO [10-29|14:24:27] in HasQuorum 
INFO [10-29|14:24:27] In IsValid() 
len(lockset.Votes): 3 lockset.EligibleVotesNum: 4
INFO [10-29|14:24:27] ---storeLockset--- 
INFO [10-29|14:24:28] In verifyVotes 
INFO [10-29|14:24:28] in HasQuorum 
INFO [10-29|14:24:28] In IsValid() 
len(lockset.Votes): 3 lockset.EligibleVotesNum: 4
INFO [10-29|14:24:28] ***in BFT.VerifyHeaderSSSS*** 
INFO [10-29|14:24:28] ***in BFT.verifyHeader*** 
INFO [10-29|14:24:28] ***in BFT.verifySeal*** 
INFO [10-29|14:24:28] In verifyVotes 
INFO [10-29|14:24:28] in HasQuorum 
INFO [10-29|14:24:28] In IsValid() 
len(lockset.Votes): 3 lockset.EligibleVotesNum: 4
INFO [10-29|14:24:29] Imported new chain segment               blocks=1 txs=1600 mgas=33.600 elapsed=1.856s   mgasps=18.098 number=4 hash=2206de…805768
FinishedPostExec, 1540794269956043000 , txs, 1600
PostExecTime, 1.856607849s
INFO [10-29|14:24:29] in pool.evenLoop, call pool.resetState 
INFO [10-29|14:24:30] Commit new mining work                   number=4 txs=1600 uncles=0 elapsed=2.751s
INFO [10-29|14:24:30] Sealing                                  block n=4
StartConsensus, 1540794270073959000
INFO [10-29|14:24:30] Start Process 
INFO [10-29|14:24:30] in cm.Process, check lastCommittingLockset() 
INFO [10-29|14:24:30] In IsValid() 
len(lockset.Votes): 3 lockset.EligibleVotesNum: 4
INFO [10-29|14:24:30] in HasQuorum 
INFO [10-29|14:24:30] In IsValid() 
len(lockset.Votes): 3 lockset.EligibleVotesNum: 4
INFO [10-29|14:24:30] Handle BFT Msg,                          msg="msg #11 (173845 bytes)"
INFO [10-29|14:24:30] -------Received NewBlockProposalMsg------- 
bpHR: H: 5 R: 0
cmHR: H: 5 R: 0
INFO [10-29|14:24:30] --------------------------------------- 
# collMsig from = Peer 6d11b37ef4fc909a [eth/63]
cmHR: H: 5 R: 0
this is rm.proposerPeer  Peer 6d11b37ef4fc909a [eth/63]
INFO [10-29|14:24:30] In IsValid() 
len(lockset.Votes): 0 lockset.EligibleVotesNum: 0
INFO [10-29|14:24:30] cm add BlockProposal                     h=5 r=0
INFO [10-29|14:24:30] in HasQuorum 
INFO [10-29|14:24:30] In IsValid() 
len(lockset.Votes): 3 lockset.EligibleVotesNum: 4
INFO [10-29|14:24:30] In addBlockCandidates!! 
INFO [10-29|14:24:30] -------in handle NewBlockProposalMsg, success!------- 
INFO [10-29|14:24:30] Handle BFT Msg,                          msg="msg #18 (557 bytes)"
INFO [10-29|14:24:30] ------Received MsigProposalMsg------ 
mpHR: H: 5 R: 0 hash: [225 209 54 139 172 4 144 8 109 103 155 185 126 79 119 244 229 14 3 231 193 138 81 71 165 233 2 87 135 46 220 173]
cmHR: H: 5 R: 0
INFO [10-29|14:24:30] --------------------------------------- 
H====:  5 P==== 0
INFO [10-29|14:24:30] ------addmsigproposal success!------- 
INFO [10-29|14:24:30] Handle BFT Msg,                          msg="msg #18 (557 bytes)"
INFO [10-29|14:24:30] ------Received MsigProposalMsg------ 
mpHR: H: 5 R: 0 hash: [225 209 54 139 172 4 144 8 109 103 155 185 126 79 119 244 229 14 3 231 193 138 81 71 165 233 2 87 135 46 220 173]
cmHR: H: 5 R: 0
INFO [10-29|14:24:30] --------------------------------------- 
H====:  5 P==== 0
INFO [10-29|14:24:30] ------addmsigproposal success!------- 
INFO [10-29|14:24:30] Handle BFT Msg,                          msg="msg #17 (107 bytes)"
INFO [10-29|14:24:30] ------Received VoteMsg------ 
voteHR: H: 5 R: 0 voteType:: 1 voteHash: [225 209 54 139 172 4 144 8 109 103 155 185 126 79 119 244 229 14 3 231 193 138 81 71 165 233 2 87 135 46 220 173]
cmHR: H: 5 R: 0
INFO [10-29|14:24:30] --------------------------------------- 
INFO [10-29|14:24:30] addVote to                               height=5 round=0 from=0x82a978b3f5962a5b0957d9ee9eef472ee55b42f1 success=true cm.coinbase=0x598443f1880ef585b21f1d7585bd0577402861e5
INFO [10-29|14:24:30] ------in handle VoteMsg, success!------ 
INFO [10-29|14:24:31] Handle BFT Msg,                          msg="msg #17 (107 bytes)"
INFO [10-29|14:24:31] ------Received VoteMsg------ 
voteHR: H: 5 R: 0 voteType:: 1 voteHash: [225 209 54 139 172 4 144 8 109 103 155 185 126 79 119 244 229 14 3 231 193 138 81 71 165 233 2 87 135 46 220 173]
cmHR: H: 5 R: 0
INFO [10-29|14:24:31] --------------------------------------- 
INFO [10-29|14:24:31] addVote to                               height=5 round=0 from=0x7d577a597b2742b498cb5cf0c26cdcd726d39e6e success=true cm.coinbase=0x598443f1880ef585b21f1d7585bd0577402861e5
INFO [10-29|14:24:31] ------in handle VoteMsg, success!------ 
INFO [10-29|14:24:31] Handle BFT Msg,                          msg="msg #17 (107 bytes)"
INFO [10-29|14:24:31] ------Received VoteMsg------ 
voteHR: H: 5 R: 0 voteType:: 1 voteHash: [225 209 54 139 172 4 144 8 109 103 155 185 126 79 119 244 229 14 3 231 193 138 81 71 165 233 2 87 135 46 220 173]
cmHR: H: 5 R: 0
INFO [10-29|14:24:31] --------------------------------------- 
INFO [10-29|14:24:31] addVote to                               height=5 round=0 from=0xdceceaf3fc5c0a63d195d69b1a90011b7b19650d success=true cm.coinbase=0x598443f1880ef585b21f1d7585bd0577402861e5
INFO [10-29|14:24:31] ------in handle VoteMsg, success!------ 
INFO [10-29|14:24:31] Handle BFT Msg,                          msg="msg #9 (3 bytes)"
INFO [10-29|14:24:31] -------GetLocksetsMsg------- 
GetLockSetsMsg request:  [{5}] from:  d67104e65b61fca1
INFO [10-29|14:24:31] Request future block 
INFO [10-29|14:24:31] received NewBlockMsg! 
INFO [10-29|14:24:31] ***in BFT.VVVVerifyHeader*** 
INFO [10-29|14:24:31] ***in BFT.verifyHeader*** 
INFO [10-29|14:24:31] ***in BFT.verifySeal*** 
INFO [10-29|14:24:31] In verifyVotes 
INFO [10-29|14:24:31] ***in sync.request()*** 
INFO [10-29|14:24:31] Handle BFT Msg,                          msg="msg #10 (328 bytes)"
INFO [10-29|14:24:31] -------Received LocksetMsg------- 
lockset: &{<nil> 0 0 0 4 [0xc42a3ae6c0 0xc42a3ae720 0xc42a3ae780] false}
INFO [10-29|14:24:31] in HasQuorum 
INFO [10-29|14:24:31] In IsValid() 
len(lockset.Votes): 3 lockset.EligibleVotesNum: 4
INFO [10-29|14:24:31] ---storeLockset--- 
INFO [10-29|14:24:31] received NewBlockMsg! 
INFO [10-29|14:24:31] In verifyVotes 
INFO [10-29|14:24:31] in HasQuorum 
INFO [10-29|14:24:31] In IsValid() 
len(lockset.Votes): 3 lockset.EligibleVotesNum: 4
INFO [10-29|14:24:31] ***in BFT.VerifyHeaderSSSS*** 
INFO [10-29|14:24:31] ***in BFT.verifyHeader*** 
INFO [10-29|14:24:31] ***in BFT.verifySeal*** 
INFO [10-29|14:24:31] In verifyVotes 
INFO [10-29|14:24:31] in HasQuorum 
INFO [10-29|14:24:31] In IsValid() 
len(lockset.Votes): 3 lockset.EligibleVotesNum: 4
INFO [10-29|14:24:31] Commit new mining work                   number=5 txs=1601 uncles=0 elapsed=1.851s
INFO [10-29|14:24:31] Sealing                                  block n=5
StartConsensus, 1540794271922099000
INFO [10-29|14:24:31] Start Process 
INFO [10-29|14:24:31] in cm.Process, check lastCommittingLockset() 
INFO [10-29|14:24:31] In IsValid() 
len(lockset.Votes): 3 lockset.EligibleVotesNum: 4
INFO [10-29|14:24:31] in HasQuorum 
INFO [10-29|14:24:31] In IsValid() 
len(lockset.Votes): 3 lockset.EligibleVotesNum: 4
=====CM.COINBASE IS:===== [89 132 67 241 136 14 245 133 178 31 29 117 133 189 5 119 64 40 97 229] block number is: 5
INFO [10-29|14:24:31] stop by outside                          height=4
INFO [10-29|14:24:31] result is nil 
INFO [10-29|14:24:31] === Finished Mine() === 
INFO [10-29|14:24:31] case: default, cm.process 
ready: 4 need: 2.6666667
INFO [10-29|14:24:31] ---------------process------------------ 
INFO [10-29|14:24:31] In RM Process                            height=5 round=0
INFO [10-29|14:24:31] --------In rm.propose------- 
INFO [10-29|14:24:31] ---------------in rm.vote----------------- 
INFO [10-29|14:24:31] in vote in RM                            height=5 round=0
INFO [10-29|14:24:31] vote mp 
INFO [10-29|14:24:31] vote success in                          height=5 round=0
INFO [10-29|14:24:31] Send VoteMsg 
INFO [10-29|14:24:31] in rm.process, check lockset HasQuorum 
INFO [10-29|14:24:31] in HasQuorum 
INFO [10-29|14:24:31] In IsValid() 
len(lockset.Votes): 4 lockset.EligibleVotesNum: 4
INFO [10-29|14:24:31] There is a quorum                        height=5 round=0
--- in rm.process p.id: --- Peer 6d11b37ef4fc909a [eth/63]
INFO [10-29|14:24:31] ============in cm.commitLockset============ 
INFO [10-29|14:24:31] in commitLockset, check ls HasQuorum 
INFO [10-29|14:24:31] in HasQuorum 
INFO [10-29|14:24:31] In IsValid() 
len(lockset.Votes): 4 lockset.EligibleVotesNum: 4
INFO [10-29|14:24:31] cm.found is not nil 
INFO [10-29|14:24:31] store lockset 
peerid: 6d11b37ef4fc909a
INFO [10-29|14:24:31] ---storeLockset--- 
INFO [10-29|14:24:31] after cm.process() 
cmH 5
INFO [10-29|14:24:31] in validatorCommit1 
pid: 6d11b37ef4fc909a
block number 5
-------in NewBFTValidatorBlock-------
INFO [10-29|14:24:31] in validatorCommit2 
validatorCommit time: 78.492µs
INFO [10-29|14:24:31] **in eth.handler**, get result from ch 
INFO [10-29|14:24:31] have a consensus on the block 
INFO [10-29|14:24:31] result.Header().Coinbase != b.signer 
result.Header().Coinbase: [125 87 122 89 123 39 66 180 152 203 92 240 194 108 220 215 38 211 158 110] b.signer: [89 132 67 241 136 14 245 133 178 31 29 117 133 189 5 119 64 40 97 229]
ConsensusTime, 2351446 , txs, 1601 , blockNum, 5
FinishedConsensus, 1540794271924456000
INFO [10-29|14:24:31] result is nil 
INFO [10-29|14:24:31] === Finished Mine() === 
INFO [10-29|14:24:32] Imported new chain segment               blocks=1 txs=1601 mgas=33.621 elapsed=1.291s   mgasps=26.042 number=5 hash=e1d136…2edcad
FinishedPostExec, 1540794272806611000 , txs, 1601
PostExecTime, 1.291032181s
INFO [10-29|14:24:32] in pool.evenLoop, call pool.resetState 
INFO [10-29|14:24:34] Handle BFT Msg,                          msg="msg #11 (174050 bytes)"
INFO [10-29|14:24:34] -------Received NewBlockProposalMsg------- 
bpHR: H: 6 R: 0
cmHR: H: 6 R: 0
INFO [10-29|14:24:34] --------------------------------------- 
# collMsig from = Peer 94dd98401cf6ca04 [eth/63]
cmHR: H: 6 R: 0
this is rm.proposerPeer  Peer 94dd98401cf6ca04 [eth/63]
INFO [10-29|14:24:34] In IsValid() 
len(lockset.Votes): 0 lockset.EligibleVotesNum: 0
INFO [10-29|14:24:34] cm add BlockProposal                     h=6 r=0
INFO [10-29|14:24:34] in HasQuorum 
INFO [10-29|14:24:34] In IsValid() 
len(lockset.Votes): 4 lockset.EligibleVotesNum: 4
INFO [10-29|14:24:34] in collectMsig, i am msig wintness 
INFO [10-29|14:24:34] Return MsigProposalMsg to                LOG15_ERROR=                                                   LOG15_ERROR="Normalized odd number of arguments by adding nil"
INFO [10-29|14:24:34] Sending MsigProposalMsg 
in cm.collectMsig, mp.MsigVs: [<nil> 27]
INFO [10-29|14:24:34] In addBlockCandidates!! 
INFO [10-29|14:24:34] -------in handle NewBlockProposalMsg, success!------- 
INFO [10-29|14:24:34] Handle BFT Msg,                          msg="msg #18 (662 bytes)"
INFO [10-29|14:24:34] ------Received MsigProposalMsg------ 
mpHR: H: 6 R: 0 hash: [174 194 107 81 220 3 91 127 49 235 81 51 46 252 228 40 16 85 230 71 0 127 171 19 139 145 241 139 237 124 6 123]
cmHR: H: 6 R: 0
INFO [10-29|14:24:34] --------------------------------------- 
H====:  6 P==== 0
INFO [10-29|14:24:34] ------addmsigproposal success!------- 
INFO [10-29|14:24:34] Handle BFT Msg,                          msg="msg #18 (662 bytes)"
INFO [10-29|14:24:34] ------Received MsigProposalMsg------ 
mpHR: H: 6 R: 0 hash: [174 194 107 81 220 3 91 127 49 235 81 51 46 252 228 40 16 85 230 71 0 127 171 19 139 145 241 139 237 124 6 123]
cmHR: H: 6 R: 0
INFO [10-29|14:24:34] --------------------------------------- 
H====:  6 P==== 0
INFO [10-29|14:24:34] ------addmsigproposal success!------- 
INFO [10-29|14:24:34] Handle BFT Msg,                          msg="msg #18 (662 bytes)"
INFO [10-29|14:24:34] ------Received MsigProposalMsg------ 
mpHR: H: 6 R: 0 hash: [174 194 107 81 220 3 91 127 49 235 81 51 46 252 228 40 16 85 230 71 0 127 171 19 139 145 241 139 237 124 6 123]
cmHR: H: 6 R: 0
INFO [10-29|14:24:34] --------------------------------------- 
H====:  6 P==== 0
INFO [10-29|14:24:34] ------addmsigproposal success!------- 
INFO [10-29|14:24:34] Commit new mining work                   number=6 txs=1602 uncles=0 elapsed=1.923s
INFO [10-29|14:24:34] Sealing                                  block n=6
StartConsensus, 1540794274730423000
INFO [10-29|14:24:34] Start Process 
INFO [10-29|14:24:34] in cm.Process, check lastCommittingLockset() 
INFO [10-29|14:24:34] In IsValid() 
len(lockset.Votes): 4 lockset.EligibleVotesNum: 4
INFO [10-29|14:24:34] in HasQuorum 
INFO [10-29|14:24:34] In IsValid() 
len(lockset.Votes): 4 lockset.EligibleVotesNum: 4
=====CM.COINBASE IS:===== [89 132 67 241 136 14 245 133 178 31 29 117 133 189 5 119 64 40 97 229] block number is: 6
INFO [10-29|14:24:34] case: default, cm.process 
ready: 4 need: 2.6666667
INFO [10-29|14:24:34] ---------------process------------------ 
INFO [10-29|14:24:34] In RM Process                            height=6 round=0
INFO [10-29|14:24:34] --------In rm.propose------- 
INFO [10-29|14:24:34] ---------------in rm.vote----------------- 
INFO [10-29|14:24:34] in vote in RM                            height=6 round=0
INFO [10-29|14:24:34] vote mp 
INFO [10-29|14:24:34] vote success in                          height=6 round=0
INFO [10-29|14:24:34] Send VoteMsg 
INFO [10-29|14:24:34] in rm.process, check lockset HasQuorum 
INFO [10-29|14:24:34] in HasQuorum 
INFO [10-29|14:24:34] In IsValid() 
len(lockset.Votes): 1 lockset.EligibleVotesNum: 4
INFO [10-29|14:24:34] rm lockset is not valid yet 
INFO [10-29|14:24:34] after cm.process() 
INFO [10-29|14:24:34] Handle BFT Msg,                          msg="msg #17 (107 bytes)"
INFO [10-29|14:24:34] ------Received VoteMsg------ 
voteHR: H: 6 R: 0 voteType:: 1 voteHash: [174 194 107 81 220 3 91 127 49 235 81 51 46 252 228 40 16 85 230 71 0 127 171 19 139 145 241 139 237 124 6 123]
cmHR: H: 6 R: 0
INFO [10-29|14:24:34] --------------------------------------- 
INFO [10-29|14:24:34] addVote to                               height=6 round=0 from=0x7d577a597b2742b498cb5cf0c26cdcd726d39e6e success=true cm.coinbase=0x598443f1880ef585b21f1d7585bd0577402861e5
INFO [10-29|14:24:34] ------in handle VoteMsg, success!------ 
INFO [10-29|14:24:34] Handle BFT Msg,                          msg="msg #17 (107 bytes)"
INFO [10-29|14:24:34] ------Received VoteMsg------ 
voteHR: H: 6 R: 0 voteType:: 1 voteHash: [174 194 107 81 220 3 91 127 49 235 81 51 46 252 228 40 16 85 230 71 0 127 171 19 139 145 241 139 237 124 6 123]
cmHR: H: 6 R: 0
INFO [10-29|14:24:34] --------------------------------------- 
INFO [10-29|14:24:34] addVote to                               height=6 round=0 from=0x82a978b3f5962a5b0957d9ee9eef472ee55b42f1 success=true cm.coinbase=0x598443f1880ef585b21f1d7585bd0577402861e5
INFO [10-29|14:24:34] ------in handle VoteMsg, success!------ 
INFO [10-29|14:24:34] Handle BFT Msg,                          msg="msg #9 (3 bytes)"
INFO [10-29|14:24:34] -------GetLocksetsMsg------- 
GetLockSetsMsg request:  [{6}] from:  94dd98401cf6ca04
INFO [10-29|14:24:34] Request future block 
INFO [10-29|14:24:34] Handle BFT Msg,                          msg="msg #17 (107 bytes)"
INFO [10-29|14:24:34] ------Received VoteMsg------ 
voteHR: H: 6 R: 0 voteType:: 1 voteHash: [174 194 107 81 220 3 91 127 49 235 81 51 46 252 228 40 16 85 230 71 0 127 171 19 139 145 241 139 237 124 6 123]
cmHR: H: 6 R: 0
INFO [10-29|14:24:34] --------------------------------------- 
INFO [10-29|14:24:34] addVote to                               height=6 round=0 from=0xdceceaf3fc5c0a63d195d69b1a90011b7b19650d success=true cm.coinbase=0x598443f1880ef585b21f1d7585bd0577402861e5
INFO [10-29|14:24:34] ------in handle VoteMsg, success!------ 
INFO [10-29|14:24:34] case: default, cm.process 
ready: 4 need: 2.6666667
INFO [10-29|14:24:34] ---------------process------------------ 
INFO [10-29|14:24:34] In RM Process                            height=6 round=0
INFO [10-29|14:24:34] --------In rm.propose------- 
INFO [10-29|14:24:34] ---------------in rm.vote----------------- 
INFO [10-29|14:24:34] voted 
INFO [10-29|14:24:34] in rm.process, check lockset HasQuorum 
INFO [10-29|14:24:34] in HasQuorum 
INFO [10-29|14:24:34] In IsValid() 
len(lockset.Votes): 4 lockset.EligibleVotesNum: 4
INFO [10-29|14:24:34] There is a quorum                        height=6 round=0
--- in rm.process p.id: --- Peer 94dd98401cf6ca04 [eth/63]
INFO [10-29|14:24:34] ============in cm.commitLockset============ 
INFO [10-29|14:24:34] in commitLockset, check ls HasQuorum 
INFO [10-29|14:24:34] in HasQuorum 
INFO [10-29|14:24:34] In IsValid() 
len(lockset.Votes): 4 lockset.EligibleVotesNum: 4
INFO [10-29|14:24:34] cm.found is not nil 
INFO [10-29|14:24:34] store lockset 
peerid: 94dd98401cf6ca04
INFO [10-29|14:24:34] ---storeLockset--- 
INFO [10-29|14:24:34] after cm.process() 
cmH 6
INFO [10-29|14:24:34] in validatorCommit1 
pid: 94dd98401cf6ca04
block number 6
-------in NewBFTValidatorBlock-------
INFO [10-29|14:24:34] in validatorCommit2 
validatorCommit time: 78.292µs
INFO [10-29|14:24:34] **in eth.handler**, get result from ch 
INFO [10-29|14:24:34] ***in BFT.VVVVerifyHeader*** 
INFO [10-29|14:24:34] ***in BFT.verifyHeader*** 
INFO [10-29|14:24:34] ***in BFT.verifySeal*** 
INFO [10-29|14:24:34] In verifyVotes 
INFO [10-29|14:24:34] in HasQuorum 
INFO [10-29|14:24:34] In IsValid() 
len(lockset.Votes): 4 lockset.EligibleVotesNum: 4
INFO [10-29|14:24:34] ***in BFT.VerifyHeaderSSSS*** 
INFO [10-29|14:24:34] ***in BFT.verifyHeader*** 
INFO [10-29|14:24:34] ***in BFT.verifySeal*** 
INFO [10-29|14:24:34] In verifyVotes 
INFO [10-29|14:24:34] in HasQuorum 
INFO [10-29|14:24:34] In IsValid() 
len(lockset.Votes): 4 lockset.EligibleVotesNum: 4
INFO [10-29|14:24:34] have a consensus on the block 
INFO [10-29|14:24:34] result.Header().Coinbase != b.signer 
result.Header().Coinbase: [220 236 234 243 252 92 10 99 209 149 214 155 26 144 1 27 123 25 101 13] b.signer: [89 132 67 241 136 14 245 133 178 31 29 117 133 189 5 119 64 40 97 229]
ConsensusTime, 114877836 , txs, 1602 , blockNum, 6
FinishedConsensus, 1540794274845372000
INFO [10-29|14:24:34] result is nil 
INFO [10-29|14:24:34] === Finished Mine() === 
INFO [10-29|14:24:34] received NewBlockMsg! 
INFO [10-29|14:24:35] Imported new chain segment               blocks=1 txs=1602 mgas=33.642 elapsed=1.058s   mgasps=31.796 number=6 hash=aec26b…7c067b
FinishedPostExec, 1540794275896257000 , txs, 1602
PostExecTime, 1.058048529s
INFO [10-29|14:24:35] in pool.evenLoop, call pool.resetState 
INFO [10-29|14:24:37] Commit new mining work                   number=7 txs=1603 uncles=0 elapsed=1.582s
INFO [10-29|14:24:37] Sealing                                  block n=7
StartConsensus, 1540794277478763000
INFO [10-29|14:24:37] Start Process 
INFO [10-29|14:24:37] in cm.Process, check lastCommittingLockset() 
INFO [10-29|14:24:37] In IsValid() 
len(lockset.Votes): 4 lockset.EligibleVotesNum: 4
INFO [10-29|14:24:37] in HasQuorum 
INFO [10-29|14:24:37] In IsValid() 
len(lockset.Votes): 4 lockset.EligibleVotesNum: 4
=====CM.COINBASE IS:===== [89 132 67 241 136 14 245 133 178 31 29 117 133 189 5 119 64 40 97 229] block number is: 7
INFO [10-29|14:24:37] case: default, cm.process 
ready: 4 need: 2.6666667
INFO [10-29|14:24:37] ---------------process------------------ 
INFO [10-29|14:24:37] In RM Process                            height=7 round=0
INFO [10-29|14:24:37] --------In rm.propose------- 
INFO [10-29|14:24:37] I am a proposer in                       height=7 round=0
INFO [10-29|14:24:37] in propose, check lastRoundLockset 
lastRoundLockset, hm.activeround: 0
INFO [10-29|14:24:37] ------in mkProposal------ 
INFO [10-29|14:24:37] In IsValid() 
len(lockset.Votes): 4 lockset.EligibleVotesNum: 4
INFO [10-29|14:24:37] in HasQuorum 
INFO [10-29|14:24:37] In IsValid() 
len(lockset.Votes): 4 lockset.EligibleVotesNum: 4
INFO [10-29|14:24:37] LockSet(R-1) is nil (rm.round should equal to zero) 
INFO [10-29|14:24:37] in HasQuorum 
INFO [10-29|14:24:37] In IsValid() 
len(lockset.Votes): 4 lockset.EligibleVotesNum: 4
INFO [10-29|14:24:37] in HasQuorum 
INFO [10-29|14:24:37] In IsValid() 
len(lockset.Votes): 4 lockset.EligibleVotesNum: 4
Create block blockhash :  [101 210 22 234 156 130 226 252 122 117 174 12 3 196 242 109 172 147 173 200 38 149 77 182 125 239 78 115 71 140 98 146]
INFO [10-29|14:24:37] In addBlockCandidates!! 
INFO [10-29|14:24:37] Send NewBlockProposalMsg:                LOG15_ERROR=                                                   LOG15_ERROR="Normalized odd number of arguments by adding nil"
INFO [10-29|14:24:37] ---------------in rm.vote----------------- 
INFO [10-29|14:24:37] in vote in RM                            height=7 round=0
INFO [10-29|14:24:37] Timeout time not reach, curr vs timeout: curr=1540794277.000 timeout=1540794282.000
INFO [10-29|14:24:37] in rm.process, check lockset HasQuorum 
INFO [10-29|14:24:37] in HasQuorum 
INFO [10-29|14:24:37] In IsValid() 
len(lockset.Votes): 0 lockset.EligibleVotesNum: 4
INFO [10-29|14:24:37] rm lockset is not valid yet 
INFO [10-29|14:24:37] after cm.process() 
INFO [10-29|14:24:37] Handle BFT Msg,                          msg="msg #18 (662 bytes)"
INFO [10-29|14:24:37] ------Received MsigProposalMsg------ 
mpHR: H: 7 R: 0 hash: [101 210 22 234 156 130 226 252 122 117 174 12 3 196 242 109 172 147 173 200 38 149 77 182 125 239 78 115 71 140 98 146]
cmHR: H: 7 R: 0
INFO [10-29|14:24:37] --------------------------------------- 
H====:  7 P==== 0
INFO [10-29|14:24:37] In addMsig I am leader 
mp= &{<nil> 27 69303992515725063957249794626317988772130580618219146044350813259782169762416 26821308428718667603849374473194297964922156924192888032221580469568335664238 0xc4278d2f60 7 0 [101 210 22 234 156 130 226 252 122 117 174 12 3 196 242 109 172 147 173 200 38 149 77 182 125 239 78 115 71 140 98 146] 0xc42765def0 0xc42765df40}
INFO [10-29|14:24:37] in MsigFinished 
len(mp.Msig.MsigVs): 2 mp.MsigVs: [0 27]
INFO [10-29|14:24:37] in bfthandler Send MsigProposalMsg 
INFO [10-29|14:24:37] Sending MsigProposalMsg 
INFO [10-29|14:24:37] Sending MsigProposalMsg 
INFO [10-29|14:24:37] Sending MsigProposalMsg 
INFO [10-29|14:24:37] ------addmsigproposal success!------- 
INFO [10-29|14:24:37] Handle BFT Msg,                          msg="msg #17 (107 bytes)"
INFO [10-29|14:24:37] ------Received VoteMsg------ 
voteHR: H: 7 R: 0 voteType:: 1 voteHash: [101 210 22 234 156 130 226 252 122 117 174 12 3 196 242 109 172 147 173 200 38 149 77 182 125 239 78 115 71 140 98 146]
cmHR: H: 7 R: 0
INFO [10-29|14:24:37] --------------------------------------- 
INFO [10-29|14:24:37] addVote to                               height=7 round=0 from=0x82a978b3f5962a5b0957d9ee9eef472ee55b42f1 success=true cm.coinbase=0x598443f1880ef585b21f1d7585bd0577402861e5
INFO [10-29|14:24:37] ------in handle VoteMsg, success!------ 
INFO [10-29|14:24:37] Handle BFT Msg,                          msg="msg #17 (107 bytes)"
INFO [10-29|14:24:37] ------Received VoteMsg------ 
voteHR: H: 7 R: 0 voteType:: 1 voteHash: [101 210 22 234 156 130 226 252 122 117 174 12 3 196 242 109 172 147 173 200 38 149 77 182 125 239 78 115 71 140 98 146]
cmHR: H: 7 R: 0
INFO [10-29|14:24:37] --------------------------------------- 
INFO [10-29|14:24:37] addVote to                               height=7 round=0 from=0x7d577a597b2742b498cb5cf0c26cdcd726d39e6e success=true cm.coinbase=0x598443f1880ef585b21f1d7585bd0577402861e5
INFO [10-29|14:24:37] ------in handle VoteMsg, success!------ 
INFO [10-29|14:24:37] case: default, cm.process 
ready: 4 need: 2.6666667
INFO [10-29|14:24:37] ---------------process------------------ 
INFO [10-29|14:24:37] In RM Process                            height=7 round=0
INFO [10-29|14:24:37] --------In rm.propose------- 
INFO [10-29|14:24:37] I am a proposer in                       height=7 round=0
INFO [10-29|14:24:37] ---------------in rm.vote----------------- 
INFO [10-29|14:24:37] in vote in RM                            height=7 round=0
INFO [10-29|14:24:37] vote mp 
INFO [10-29|14:24:37] vote success in                          height=7 round=0
INFO [10-29|14:24:37] Send VoteMsg 
INFO [10-29|14:24:37] in rm.process, check lockset HasQuorum 
INFO [10-29|14:24:37] in HasQuorum 
INFO [10-29|14:24:37] In IsValid() 
len(lockset.Votes): 3 lockset.EligibleVotesNum: 4
INFO [10-29|14:24:37] There is a quorum                        height=7 round=0
INFO [10-29|14:24:37] ============in cm.commitLockset============ 
INFO [10-29|14:24:37] in commitLockset, check ls HasQuorum 
INFO [10-29|14:24:37] in HasQuorum 
INFO [10-29|14:24:37] In IsValid() 
len(lockset.Votes): 3 lockset.EligibleVotesNum: 4
INFO [10-29|14:24:37] cm.found is not nil 
INFO [10-29|14:24:37] store lockset 
INFO [10-29|14:24:37] have a consensus on the block 
ConsensusTime, 153958500 , txs, 1603 , blockNum, 7
FinishedConsensus, 1540794277632701000
INFO [10-29|14:24:37] ---storeLockset--- 
INFO [10-29|14:24:37] Successfully sealed new block            number=7 hash=65d216…8c6292
INFO [10-29|14:24:37] === Finished Mine() === 
INFO [10-29|14:24:37] after cm.process() 
INFO [10-29|14:24:37] 🔨 mined potential block                  number=7 hash=65d216…8c6292
INFO [10-29|14:24:37] in pool.evenLoop, call pool.resetState 
INFO [10-29|14:24:37] Handle BFT Msg,                          msg="msg #9 (3 bytes)"
INFO [10-29|14:24:37] -------GetLocksetsMsg------- 
GetLockSetsMsg request:  [{7}] from:  6d11b37ef4fc909a
INFO [10-29|14:24:37]  Sending Lockset                         LOG15_ERROR=                                                   LOG15_ERROR="Normalized odd number of arguments by adding nil"
INFO [10-29|14:24:37] Handle BFT Msg,                          msg="msg #9 (3 bytes)"
INFO [10-29|14:24:37] -------GetLocksetsMsg------- 
GetLockSetsMsg request:  [{7}] from:  94dd98401cf6ca04
INFO [10-29|14:24:37]  Sending Lockset                         LOG15_ERROR=                                                   LOG15_ERROR="Normalized odd number of arguments by adding nil"
INFO [10-29|14:24:40] Commit new mining work                   number=8 txs=1603 uncles=0 elapsed=2.458s
INFO [10-29|14:24:40] Sealing                                  block n=8
StartConsensus, 1540794280117433000
INFO [10-29|14:24:40] Start Process 
INFO [10-29|14:24:40] in cm.Process, check lastCommittingLockset() 
INFO [10-29|14:24:40] In IsValid() 
len(lockset.Votes): 3 lockset.EligibleVotesNum: 4
INFO [10-29|14:24:40] in HasQuorum 
INFO [10-29|14:24:40] In IsValid() 
len(lockset.Votes): 3 lockset.EligibleVotesNum: 4
=====CM.COINBASE IS:===== [89 132 67 241 136 14 245 133 178 31 29 117 133 189 5 119 64 40 97 229] block number is: 8
INFO [10-29|14:24:40] case: default, cm.process 
ready: 4 need: 2.6666667
INFO [10-29|14:24:40] ---------------process------------------ 
INFO [10-29|14:24:40] In RM Process                            height=8 round=0
INFO [10-29|14:24:40] --------In rm.propose------- 
INFO [10-29|14:24:40] ---------------in rm.vote----------------- 
INFO [10-29|14:24:40] in vote in RM                            height=8 round=0
INFO [10-29|14:24:40] Timeout time not reach, curr vs timeout: curr=1540794280.000 timeout=1540794285.000
INFO [10-29|14:24:40] in rm.process, check lockset HasQuorum 
INFO [10-29|14:24:40] in HasQuorum 
INFO [10-29|14:24:40] In IsValid() 
len(lockset.Votes): 0 lockset.EligibleVotesNum: 4
INFO [10-29|14:24:40] rm lockset is not valid yet 
INFO [10-29|14:24:40] after cm.process() 
INFO [10-29|14:24:40] case: default, cm.process 
ready: 4 need: 2.6666667
INFO [10-29|14:24:40] ---------------process------------------ 
INFO [10-29|14:24:40] In RM Process                            height=8 round=0
INFO [10-29|14:24:40] --------In rm.propose------- 
INFO [10-29|14:24:40] ---------------in rm.vote----------------- 
INFO [10-29|14:24:40] in vote in RM                            height=8 round=0
INFO [10-29|14:24:40] Timeout time not reach, curr vs timeout: curr=1540794280.000 timeout=1540794285.000
INFO [10-29|14:24:40] in rm.process, check lockset HasQuorum 
INFO [10-29|14:24:40] in HasQuorum 
INFO [10-29|14:24:40] In IsValid() 
len(lockset.Votes): 0 lockset.EligibleVotesNum: 4
INFO [10-29|14:24:40] rm lockset is not valid yet 
INFO [10-29|14:24:40] after cm.process() 
INFO [10-29|14:24:40] case: default, cm.process 
ready: 4 need: 2.6666667
INFO [10-29|14:24:40] ---------------process------------------ 
INFO [10-29|14:24:40] In RM Process                            height=8 round=0
INFO [10-29|14:24:40] --------In rm.propose------- 
INFO [10-29|14:24:40] ---------------in rm.vote----------------- 
INFO [10-29|14:24:40] in vote in RM                            height=8 round=0
INFO [10-29|14:24:40] Timeout time not reach, curr vs timeout: curr=1540794280.000 timeout=1540794285.000
INFO [10-29|14:24:40] in rm.process, check lockset HasQuorum 
INFO [10-29|14:24:40] in HasQuorum 
INFO [10-29|14:24:40] In IsValid() 
len(lockset.Votes): 0 lockset.EligibleVotesNum: 4
INFO [10-29|14:24:40] rm lockset is not valid yet 
INFO [10-29|14:24:40] after cm.process() 
INFO [10-29|14:24:40] case: default, cm.process 
ready: 4 need: 2.6666667
INFO [10-29|14:24:40] ---------------process------------------ 
INFO [10-29|14:24:40] In RM Process                            height=8 round=0
INFO [10-29|14:24:40] --------In rm.propose------- 
INFO [10-29|14:24:40] ---------------in rm.vote----------------- 
INFO [10-29|14:24:40] in vote in RM                            height=8 round=0
INFO [10-29|14:24:40] Timeout time not reach, curr vs timeout: curr=1540794280.000 timeout=1540794285.000
INFO [10-29|14:24:40] in rm.process, check lockset HasQuorum 
INFO [10-29|14:24:40] in HasQuorum 
INFO [10-29|14:24:40] In IsValid() 
len(lockset.Votes): 0 lockset.EligibleVotesNum: 4
INFO [10-29|14:24:40] rm lockset is not valid yet 
INFO [10-29|14:24:40] after cm.process() 
INFO [10-29|14:24:40] case: default, cm.process 
ready: 4 need: 2.6666667
INFO [10-29|14:24:40] ---------------process------------------ 
INFO [10-29|14:24:40] In RM Process                            height=8 round=0
INFO [10-29|14:24:40] --------In rm.propose------- 
INFO [10-29|14:24:40] ---------------in rm.vote----------------- 
INFO [10-29|14:24:40] in vote in RM                            height=8 round=0
INFO [10-29|14:24:40] Timeout time not reach, curr vs timeout: curr=1540794280.000 timeout=1540794285.000
INFO [10-29|14:24:40] in rm.process, check lockset HasQuorum 
INFO [10-29|14:24:40] in HasQuorum 
INFO [10-29|14:24:40] In IsValid() 
len(lockset.Votes): 0 lockset.EligibleVotesNum: 4
INFO [10-29|14:24:40] rm lockset is not valid yet 
INFO [10-29|14:24:40] after cm.process() 
INFO [10-29|14:24:40] case: default, cm.process 
ready: 4 need: 2.6666667
INFO [10-29|14:24:40] ---------------process------------------ 
INFO [10-29|14:24:40] In RM Process                            height=8 round=0
INFO [10-29|14:24:40] --------In rm.propose------- 
INFO [10-29|14:24:40] ---------------in rm.vote----------------- 
INFO [10-29|14:24:40] in vote in RM                            height=8 round=0
INFO [10-29|14:24:40] Timeout time not reach, curr vs timeout: curr=1540794280.000 timeout=1540794285.000
INFO [10-29|14:24:40] in rm.process, check lockset HasQuorum 
INFO [10-29|14:24:40] in HasQuorum 
INFO [10-29|14:24:40] In IsValid() 
len(lockset.Votes): 0 lockset.EligibleVotesNum: 4
INFO [10-29|14:24:40] rm lockset is not valid yet 
INFO [10-29|14:24:40] after cm.process() 
INFO [10-29|14:24:40] case: default, cm.process 
ready: 4 need: 2.6666667
INFO [10-29|14:24:40] ---------------process------------------ 
INFO [10-29|14:24:40] In RM Process                            height=8 round=0
INFO [10-29|14:24:40] --------In rm.propose------- 
INFO [10-29|14:24:40] ---------------in rm.vote----------------- 
INFO [10-29|14:24:40] in vote in RM                            height=8 round=0
INFO [10-29|14:24:40] Timeout time not reach, curr vs timeout: curr=1540794280.000 timeout=1540794285.000
INFO [10-29|14:24:40] in rm.process, check lockset HasQuorum 
INFO [10-29|14:24:40] in HasQuorum 
INFO [10-29|14:24:40] In IsValid() 
len(lockset.Votes): 0 lockset.EligibleVotesNum: 4
INFO [10-29|14:24:40] rm lockset is not valid yet 
INFO [10-29|14:24:40] after cm.process() 
INFO [10-29|14:24:40] case: default, cm.process 
ready: 4 need: 2.6666667
INFO [10-29|14:24:40] ---------------process------------------ 
INFO [10-29|14:24:40] In RM Process                            height=8 round=0
INFO [10-29|14:24:40] --------In rm.propose------- 
INFO [10-29|14:24:40] ---------------in rm.vote----------------- 
INFO [10-29|14:24:40] in vote in RM                            height=8 round=0
INFO [10-29|14:24:40] Timeout time not reach, curr vs timeout: curr=1540794280.000 timeout=1540794285.000
INFO [10-29|14:24:40] in rm.process, check lockset HasQuorum 
INFO [10-29|14:24:40] in HasQuorum 
INFO [10-29|14:24:40] In IsValid() 
len(lockset.Votes): 0 lockset.EligibleVotesNum: 4
INFO [10-29|14:24:40] rm lockset is not valid yet 
INFO [10-29|14:24:40] after cm.process() 
INFO [10-29|14:24:40] case: default, cm.process 
ready: 4 need: 2.6666667
INFO [10-29|14:24:40] ---------------process------------------ 
INFO [10-29|14:24:40] In RM Process                            height=8 round=0
INFO [10-29|14:24:40] --------In rm.propose------- 
INFO [10-29|14:24:40] ---------------in rm.vote----------------- 
INFO [10-29|14:24:40] in vote in RM                            height=8 round=0
INFO [10-29|14:24:40] Timeout time not reach, curr vs timeout: curr=1540794280.000 timeout=1540794285.000
INFO [10-29|14:24:40] in rm.process, check lockset HasQuorum 
INFO [10-29|14:24:40] in HasQuorum 
INFO [10-29|14:24:40] In IsValid() 
len(lockset.Votes): 0 lockset.EligibleVotesNum: 4
INFO [10-29|14:24:40] rm lockset is not valid yet 
INFO [10-29|14:24:40] after cm.process() 
INFO [10-29|14:24:41] case: default, cm.process 
ready: 4 need: 2.6666667
INFO [10-29|14:24:41] ---------------process------------------ 
INFO [10-29|14:24:41] In RM Process                            height=8 round=0
INFO [10-29|14:24:41] --------In rm.propose------- 
INFO [10-29|14:24:41] ---------------in rm.vote----------------- 
INFO [10-29|14:24:41] in vote in RM                            height=8 round=0
INFO [10-29|14:24:41] Timeout time not reach, curr vs timeout: curr=1540794281.000 timeout=1540794285.000
INFO [10-29|14:24:41] in rm.process, check lockset HasQuorum 
INFO [10-29|14:24:41] in HasQuorum 
INFO [10-29|14:24:41] In IsValid() 
len(lockset.Votes): 0 lockset.EligibleVotesNum: 4
INFO [10-29|14:24:41] rm lockset is not valid yet 
INFO [10-29|14:24:41] after cm.process() 
INFO [10-29|14:24:41] Handle BFT Msg,                          msg="msg #11 (174055 bytes)"
INFO [10-29|14:24:41] -------Received NewBlockProposalMsg------- 
bpHR: H: 8 R: 0
cmHR: H: 8 R: 0
INFO [10-29|14:24:41] --------------------------------------- 
# collMsig from = Peer d67104e65b61fca1 [eth/63]
cmHR: H: 8 R: 0
this is rm.proposerPeer  Peer d67104e65b61fca1 [eth/63]
INFO [10-29|14:24:41] case: default, cm.process 
ready: 4 need: 2.6666667
INFO [10-29|14:24:41] ---------------process------------------ 
INFO [10-29|14:24:41] In RM Process                            height=8 round=0
INFO [10-29|14:24:41] --------In rm.propose------- 
INFO [10-29|14:24:41] ---------------in rm.vote----------------- 
INFO [10-29|14:24:41] in vote in RM                            height=8 round=0
INFO [10-29|14:24:41] Timeout time not reach, curr vs timeout: curr=1540794281.000 timeout=1540794285.000
INFO [10-29|14:24:41] in rm.process, check lockset HasQuorum 
INFO [10-29|14:24:41] in HasQuorum 
INFO [10-29|14:24:41] In IsValid() 
len(lockset.Votes): 0 lockset.EligibleVotesNum: 4
INFO [10-29|14:24:41] rm lockset is not valid yet 
INFO [10-29|14:24:41] after cm.process() 
INFO [10-29|14:24:41] In IsValid() 
len(lockset.Votes): 0 lockset.EligibleVotesNum: 0
INFO [10-29|14:24:41] cm add BlockProposal                     h=8 r=0
INFO [10-29|14:24:41] in HasQuorum 
INFO [10-29|14:24:41] In IsValid() 
len(lockset.Votes): 3 lockset.EligibleVotesNum: 4
INFO [10-29|14:24:41] In addBlockCandidates!! 
INFO [10-29|14:24:41] -------in handle NewBlockProposalMsg, success!------- 
INFO [10-29|14:24:41] Handle BFT Msg,                          msg="msg #18 (557 bytes)"
INFO [10-29|14:24:41] ------Received MsigProposalMsg------ 
mpHR: H: 8 R: 0 hash: [249 181 165 197 226 57 201 165 230 171 93 241 18 75 243 202 102 252 133 245 185 96 239 7 131 148 195 138 179 58 149 239]
cmHR: H: 8 R: 0
INFO [10-29|14:24:41] --------------------------------------- 
H====:  8 P==== 0
INFO [10-29|14:24:41] ------addmsigproposal success!------- 
INFO [10-29|14:24:41] Handle BFT Msg,                          msg="msg #17 (107 bytes)"
INFO [10-29|14:24:41] ------Received VoteMsg------ 
voteHR: H: 8 R: 0 voteType:: 1 voteHash: [249 181 165 197 226 57 201 165 230 171 93 241 18 75 243 202 102 252 133 245 185 96 239 7 131 148 195 138 179 58 149 239]
cmHR: H: 8 R: 0
INFO [10-29|14:24:41] --------------------------------------- 
INFO [10-29|14:24:41] addVote to                               height=8 round=0 from=0x7d577a597b2742b498cb5cf0c26cdcd726d39e6e success=true cm.coinbase=0x598443f1880ef585b21f1d7585bd0577402861e5
INFO [10-29|14:24:41] ------in handle VoteMsg, success!------ 
INFO [10-29|14:24:41] case: default, cm.process 
ready: 4 need: 2.6666667
INFO [10-29|14:24:41] ---------------process------------------ 
INFO [10-29|14:24:41] In RM Process                            height=8 round=0
INFO [10-29|14:24:41] --------In rm.propose------- 
INFO [10-29|14:24:41] ---------------in rm.vote----------------- 
INFO [10-29|14:24:41] in vote in RM                            height=8 round=0
INFO [10-29|14:24:41] vote mp 
INFO [10-29|14:24:41] vote success in                          height=8 round=0
INFO [10-29|14:24:41] Send VoteMsg 
INFO [10-29|14:24:41] in rm.process, check lockset HasQuorum 
INFO [10-29|14:24:41] in HasQuorum 
INFO [10-29|14:24:41] In IsValid() 
len(lockset.Votes): 2 lockset.EligibleVotesNum: 4
INFO [10-29|14:24:41] rm lockset is not valid yet 
INFO [10-29|14:24:41] after cm.process() 
INFO [10-29|14:24:41] Handle BFT Msg,                          msg="msg #17 (107 bytes)"
INFO [10-29|14:24:41] ------Received VoteMsg------ 
voteHR: H: 8 R: 0 voteType:: 1 voteHash: [249 181 165 197 226 57 201 165 230 171 93 241 18 75 243 202 102 252 133 245 185 96 239 7 131 148 195 138 179 58 149 239]
cmHR: H: 8 R: 0
INFO [10-29|14:24:41] --------------------------------------- 
INFO [10-29|14:24:41] addVote to                               height=8 round=0 from=0x82a978b3f5962a5b0957d9ee9eef472ee55b42f1 success=true cm.coinbase=0x598443f1880ef585b21f1d7585bd0577402861e5
INFO [10-29|14:24:41] ------in handle VoteMsg, success!------ 
INFO [10-29|14:24:41] received NewBlockMsg! 
INFO [10-29|14:24:41] ***in BFT.VVVVerifyHeader*** 
INFO [10-29|14:24:41] ***in BFT.verifyHeader*** 
INFO [10-29|14:24:41] ***in BFT.verifySeal*** 
INFO [10-29|14:24:41] In verifyVotes 
INFO [10-29|14:24:41] ***in sync.request()*** 
INFO [10-29|14:24:41] case: default, cm.process 
ready: 4 need: 2.6666667
INFO [10-29|14:24:41] ---------------process------------------ 
INFO [10-29|14:24:41] In RM Process                            height=8 round=0
INFO [10-29|14:24:41] --------In rm.propose------- 
INFO [10-29|14:24:41] ---------------in rm.vote----------------- 
INFO [10-29|14:24:41] voted 
INFO [10-29|14:24:41] in rm.process, check lockset HasQuorum 
INFO [10-29|14:24:41] in HasQuorum 
INFO [10-29|14:24:41] In IsValid() 
len(lockset.Votes): 3 lockset.EligibleVotesNum: 4
INFO [10-29|14:24:41] There is a quorum                        height=8 round=0
--- in rm.process p.id: --- Peer d67104e65b61fca1 [eth/63]
INFO [10-29|14:24:41] ============in cm.commitLockset============ 
INFO [10-29|14:24:41] in commitLockset, check ls HasQuorum 
INFO [10-29|14:24:41] in HasQuorum 
INFO [10-29|14:24:41] In IsValid() 
len(lockset.Votes): 3 lockset.EligibleVotesNum: 4
INFO [10-29|14:24:41] cm.found is not nil 
INFO [10-29|14:24:41] store lockset 
peerid: d67104e65b61fca1
INFO [10-29|14:24:41] ---storeLockset--- 
INFO [10-29|14:24:41] have a consensus on the block 
cmH 8
INFO [10-29|14:24:41] result.Header().Coinbase != b.signer 
INFO [10-29|14:24:41] after cm.process() 
result.Header().Coinbase: [130 169 120 179 245 150 42 91 9 87 217 238 158 239 71 46 229 91 66 241] b.signer: [89 132 67 241 136 14 245 133 178 31 29 117 133 189 5 119 64 40 97 229]
INFO [10-29|14:24:41] in validatorCommit1 
ConsensusTime, 1244741475 , txs, 1603 , blockNum, 8
FinishedConsensus, 1540794281362243000
pid: d67104e65b61fca1
block number 8
-------in NewBFTValidatorBlock-------
INFO [10-29|14:24:41] result is nil 
INFO [10-29|14:24:41] === Finished Mine() === 
INFO [10-29|14:24:41] in validatorCommit2 
validatorCommit time: 257.506µs
INFO [10-29|14:24:41] **in eth.handler**, get result from ch 
INFO [10-29|14:24:41] In verifyVotes 
INFO [10-29|14:24:41] in HasQuorum 
INFO [10-29|14:24:41] In IsValid() 
len(lockset.Votes): 3 lockset.EligibleVotesNum: 4
INFO [10-29|14:24:41] ***in BFT.VerifyHeaderSSSS*** 
INFO [10-29|14:24:41] ***in BFT.verifyHeader*** 
INFO [10-29|14:24:41] ***in BFT.verifySeal*** 
INFO [10-29|14:24:41] In verifyVotes 
INFO [10-29|14:24:41] in HasQuorum 
INFO [10-29|14:24:41] In IsValid() 
len(lockset.Votes): 3 lockset.EligibleVotesNum: 4
INFO [10-29|14:24:42] Handle BFT Msg,                          msg="msg #17 (107 bytes)"
INFO [10-29|14:24:42] ------Received VoteMsg------ 
voteHR: H: 8 R: 0 voteType:: 1 voteHash: [249 181 165 197 226 57 201 165 230 171 93 241 18 75 243 202 102 252 133 245 185 96 239 7 131 148 195 138 179 58 149 239]
cmHR: H: 8 R: 0
INFO [10-29|14:24:42] --------------------------------------- 
INFO [10-29|14:24:42] addVote to                               height=8 round=0 from=0xdceceaf3fc5c0a63d195d69b1a90011b7b19650d success=true cm.coinbase=0x598443f1880ef585b21f1d7585bd0577402861e5
INFO [10-29|14:24:42] ------in handle VoteMsg, success!------ 
INFO [10-29|14:24:42] Imported new chain segment               blocks=1 txs=1603 mgas=33.663 elapsed=1.369s   mgasps=24.576 number=8 hash=f9b5a5…3a95ef
FinishedPostExec, 1540794282884895000 , txs, 1603
PostExecTime, 1.369770948s
INFO [10-29|14:24:42] in pool.evenLoop, call pool.resetState 
INFO [10-29|14:24:44] Handle BFT Msg,                          msg="msg #11 (174270 bytes)"
INFO [10-29|14:24:44] -------Received NewBlockProposalMsg------- 
bpHR: H: 9 R: 0
cmHR: H: 9 R: 0
INFO [10-29|14:24:44] --------------------------------------- 
# collMsig from = Peer 6d11b37ef4fc909a [eth/63]
cmHR: H: 9 R: 0
this is rm.proposerPeer  Peer 6d11b37ef4fc909a [eth/63]
INFO [10-29|14:24:44] In IsValid() 
len(lockset.Votes): 0 lockset.EligibleVotesNum: 0
INFO [10-29|14:24:44] cm add BlockProposal                     h=9 r=0
INFO [10-29|14:24:44] in HasQuorum 
INFO [10-29|14:24:44] In IsValid() 
len(lockset.Votes): 4 lockset.EligibleVotesNum: 4
INFO [10-29|14:24:44] In addBlockCandidates!! 
INFO [10-29|14:24:44] -------in handle NewBlockProposalMsg, success!------- 
INFO [10-29|14:24:44] Handle BFT Msg,                          msg="msg #18 (662 bytes)"
INFO [10-29|14:24:44] ------Received MsigProposalMsg------ 
mpHR: H: 9 R: 0 hash: [55 252 119 250 106 216 26 28 239 121 5 238 121 166 92 183 115 192 24 176 5 95 142 236 209 238 111 202 201 143 124 147]
cmHR: H: 9 R: 0
INFO [10-29|14:24:44] --------------------------------------- 
H====:  9 P==== 0
INFO [10-29|14:24:44] ------addmsigproposal success!------- 
INFO [10-29|14:24:44] Handle BFT Msg,                          msg="msg #18 (662 bytes)"
INFO [10-29|14:24:44] ------Received MsigProposalMsg------ 
mpHR: H: 9 R: 0 hash: [55 252 119 250 106 216 26 28 239 121 5 238 121 166 92 183 115 192 24 176 5 95 142 236 209 238 111 202 201 143 124 147]
cmHR: H: 9 R: 0
INFO [10-29|14:24:44] --------------------------------------- 
H====:  9 P==== 0
INFO [10-29|14:24:44] ------addmsigproposal success!------- 
INFO [10-29|14:24:44] Handle BFT Msg,                          msg="msg #17 (107 bytes)"
INFO [10-29|14:24:44] ------Received VoteMsg------ 
voteHR: H: 9 R: 0 voteType:: 1 voteHash: [55 252 119 250 106 216 26 28 239 121 5 238 121 166 92 183 115 192 24 176 5 95 142 236 209 238 111 202 201 143 124 147]
cmHR: H: 9 R: 0
INFO [10-29|14:24:44] --------------------------------------- 
INFO [10-29|14:24:44] addVote to                               height=9 round=0 from=0x7d577a597b2742b498cb5cf0c26cdcd726d39e6e success=true cm.coinbase=0x598443f1880ef585b21f1d7585bd0577402861e5
INFO [10-29|14:24:44] ------in handle VoteMsg, success!------ 
INFO [10-29|14:24:44] Commit new mining work                   number=9 txs=1604 uncles=0 elapsed=1.819s
INFO [10-29|14:24:44] 🔗 block reached canonical chain          number=3 hash=547a83…5fabef
INFO [10-29|14:24:44] Sealing                                  block n=9
StartConsensus, 1540794284704741000
INFO [10-29|14:24:44] Start Process 
INFO [10-29|14:24:44] in cm.Process, check lastCommittingLockset() 
INFO [10-29|14:24:44] In IsValid() 
len(lockset.Votes): 4 lockset.EligibleVotesNum: 4
INFO [10-29|14:24:44] in HasQuorum 
INFO [10-29|14:24:44] In IsValid() 
len(lockset.Votes): 4 lockset.EligibleVotesNum: 4
=====CM.COINBASE IS:===== [89 132 67 241 136 14 245 133 178 31 29 117 133 189 5 119 64 40 97 229] block number is: 9
INFO [10-29|14:24:44] case: default, cm.process 
ready: 4 need: 2.6666667
INFO [10-29|14:24:44] ---------------process------------------ 
INFO [10-29|14:24:44] In RM Process                            height=9 round=0
INFO [10-29|14:24:44] --------In rm.propose------- 
INFO [10-29|14:24:44] ---------------in rm.vote----------------- 
INFO [10-29|14:24:44] in vote in RM                            height=9 round=0
INFO [10-29|14:24:44] vote mp 
INFO [10-29|14:24:44] vote success in                          height=9 round=0
INFO [10-29|14:24:44] Send VoteMsg 
INFO [10-29|14:24:44] in rm.process, check lockset HasQuorum 
INFO [10-29|14:24:44] in HasQuorum 
INFO [10-29|14:24:44] In IsValid() 
len(lockset.Votes): 2 lockset.EligibleVotesNum: 4
INFO [10-29|14:24:44] rm lockset is not valid yet 
INFO [10-29|14:24:44] after cm.process() 
INFO [10-29|14:24:44] case: default, cm.process 
ready: 4 need: 2.6666667
INFO [10-29|14:24:44] ---------------process------------------ 
INFO [10-29|14:24:44] In RM Process                            height=9 round=0
INFO [10-29|14:24:44] --------In rm.propose------- 
INFO [10-29|14:24:44] ---------------in rm.vote----------------- 
INFO [10-29|14:24:44] voted 
INFO [10-29|14:24:44] in rm.process, check lockset HasQuorum 
INFO [10-29|14:24:44] in HasQuorum 
INFO [10-29|14:24:44] In IsValid() 
len(lockset.Votes): 2 lockset.EligibleVotesNum: 4
INFO [10-29|14:24:44] rm lockset is not valid yet 
INFO [10-29|14:24:44] after cm.process() 
INFO [10-29|14:24:44] case: default, cm.process 
ready: 4 need: 2.6666667
INFO [10-29|14:24:44] ---------------process------------------ 
INFO [10-29|14:24:44] In RM Process                            height=9 round=0
INFO [10-29|14:24:44] --------In rm.propose------- 
INFO [10-29|14:24:44] ---------------in rm.vote----------------- 
INFO [10-29|14:24:44] voted 
INFO [10-29|14:24:44] in rm.process, check lockset HasQuorum 
INFO [10-29|14:24:44] in HasQuorum 
INFO [10-29|14:24:44] In IsValid() 
len(lockset.Votes): 2 lockset.EligibleVotesNum: 4
INFO [10-29|14:24:44] rm lockset is not valid yet 
INFO [10-29|14:24:44] after cm.process() 
INFO [10-29|14:24:45] case: default, cm.process 
ready: 4 need: 2.6666667
INFO [10-29|14:24:45] ---------------process------------------ 
INFO [10-29|14:24:45] In RM Process                            height=9 round=0
INFO [10-29|14:24:45] --------In rm.propose------- 
INFO [10-29|14:24:45] ---------------in rm.vote----------------- 
INFO [10-29|14:24:45] voted 
INFO [10-29|14:24:45] in rm.process, check lockset HasQuorum 
INFO [10-29|14:24:45] in HasQuorum 
INFO [10-29|14:24:45] In IsValid() 
len(lockset.Votes): 2 lockset.EligibleVotesNum: 4
INFO [10-29|14:24:45] rm lockset is not valid yet 
INFO [10-29|14:24:45] after cm.process() 
INFO [10-29|14:24:45] case: default, cm.process 
ready: 4 need: 2.6666667
INFO [10-29|14:24:45] ---------------process------------------ 
INFO [10-29|14:24:45] In RM Process                            height=9 round=0
INFO [10-29|14:24:45] --------In rm.propose------- 
INFO [10-29|14:24:45] ---------------in rm.vote----------------- 
INFO [10-29|14:24:45] voted 
INFO [10-29|14:24:45] in rm.process, check lockset HasQuorum 
INFO [10-29|14:24:45] in HasQuorum 
INFO [10-29|14:24:45] In IsValid() 
len(lockset.Votes): 2 lockset.EligibleVotesNum: 4
INFO [10-29|14:24:45] rm lockset is not valid yet 
INFO [10-29|14:24:45] after cm.process() 
INFO [10-29|14:24:45] Handle BFT Msg,                          msg="msg #17 (107 bytes)"
INFO [10-29|14:24:45] ------Received VoteMsg------ 
voteHR: H: 9 R: 0 voteType:: 1 voteHash: [55 252 119 250 106 216 26 28 239 121 5 238 121 166 92 183 115 192 24 176 5 95 142 236 209 238 111 202 201 143 124 147]
cmHR: H: 9 R: 0
INFO [10-29|14:24:45] --------------------------------------- 
INFO [10-29|14:24:45] addVote to                               height=9 round=0 from=0xdceceaf3fc5c0a63d195d69b1a90011b7b19650d success=true cm.coinbase=0x598443f1880ef585b21f1d7585bd0577402861e5
INFO [10-29|14:24:45] ------in handle VoteMsg, success!------ 
INFO [10-29|14:24:45] case: default, cm.process 
ready: 4 need: 2.6666667
INFO [10-29|14:24:45] ---------------process------------------ 
INFO [10-29|14:24:45] In RM Process                            height=9 round=0
INFO [10-29|14:24:45] --------In rm.propose------- 
INFO [10-29|14:24:45] ---------------in rm.vote----------------- 
INFO [10-29|14:24:45] voted 
INFO [10-29|14:24:45] in rm.process, check lockset HasQuorum 
INFO [10-29|14:24:45] in HasQuorum 
INFO [10-29|14:24:45] In IsValid() 
len(lockset.Votes): 3 lockset.EligibleVotesNum: 4
INFO [10-29|14:24:45] There is a quorum                        height=9 round=0
--- in rm.process p.id: --- Peer 6d11b37ef4fc909a [eth/63]
INFO [10-29|14:24:45] ============in cm.commitLockset============ 
INFO [10-29|14:24:45] in commitLockset, check ls HasQuorum 
INFO [10-29|14:24:45] in HasQuorum 
INFO [10-29|14:24:45] In IsValid() 
len(lockset.Votes): 3 lockset.EligibleVotesNum: 4
INFO [10-29|14:24:45] cm.found is not nil 
INFO [10-29|14:24:45] store lockset 
peerid: 6d11b37ef4fc909a
INFO [10-29|14:24:45] ---storeLockset--- 
cmH 9
INFO [10-29|14:24:45] in validatorCommit1 
pid: 6d11b37ef4fc909a
block number 9
-------in NewBFTValidatorBlock-------
INFO [10-29|14:24:45] in validatorCommit2 
validatorCommit time: 145.268µs
INFO [10-29|14:24:45] **in eth.handler**, get result from ch 
INFO [10-29|14:24:45] have a consensus on the block 
INFO [10-29|14:24:45] result.Header().Coinbase != b.signer 
result.Header().Coinbase: [125 87 122 89 123 39 66 180 152 203 92 240 194 108 220 215 38 211 158 110] b.signer: [89 132 67 241 136 14 245 133 178 31 29 117 133 189 5 119 64 40 97 229]
INFO [10-29|14:24:45] after cm.process() 
ConsensusTime, 506142568 , txs, 1604 , blockNum, 9
INFO [10-29|14:24:45] ***in BFT.VVVVerifyHeader*** 
FinishedConsensus, 1540794285210990000
INFO [10-29|14:24:45] result is nil 
INFO [10-29|14:24:45] ***in BFT.verifyHeader*** 
INFO [10-29|14:24:45] === Finished Mine() === 
INFO [10-29|14:24:45] ***in BFT.verifySeal*** 
INFO [10-29|14:24:45] In verifyVotes 
INFO [10-29|14:24:45] in HasQuorum 
INFO [10-29|14:24:45] In IsValid() 
len(lockset.Votes): 3 lockset.EligibleVotesNum: 4
INFO [10-29|14:24:45] ***in BFT.VerifyHeaderSSSS*** 
INFO [10-29|14:24:45] ***in BFT.verifyHeader*** 
INFO [10-29|14:24:45] ***in BFT.verifySeal*** 
INFO [10-29|14:24:45] In verifyVotes 
INFO [10-29|14:24:45] in HasQuorum 
INFO [10-29|14:24:45] In IsValid() 
len(lockset.Votes): 3 lockset.EligibleVotesNum: 4
./node4.sh: line 16:  1568 Terminated: 15          ../build/bin/geth --networkid 2234 --port 30306 --rpcport 8548 --datadir "data/node4" --nodiscover --rpc --rpccorsdomain "*" --rpcapi "eth,net,web3,debug" --bft --allow-empty --num-validators 4 --node-num 3
