INFO [11-06|03:12:09] Starting peer-to-peer node               instance=Geth/v1.6.7-unstable-30f47b18/darwin-amd64/go1.9.7
INFO [11-06|03:12:09] Allocated cache and file handles         database=/Users/sujianwei20/new_misgcode/go_ethereum_cosi/examples/data/node1/geth/chaindata cache=128 handles=1024
WARN [11-06|03:12:09] Upgrading chain database to use sequential keys 
INFO [11-06|03:12:09] Database conversion successful 
INFO [11-06|03:12:09] Initialised chain configuration          config="{ChainID: 2235 Homestead: 1 DAO: <nil> DAOSupport: false EIP150: 2 EIP155: 3 EIP158: 3 Metropolis: <nil> Engine: ethash}"
INFO [11-06|03:12:09] config bft is                            bft=true
WARN [11-06|03:12:09] Upgrading db log bloom bins 
INFO [11-06|03:12:09] Bloom-bin upgrade completed              elapsed=167.088µs
INFO [11-06|03:12:09] Initialising Ethereum protocol           versions="[63 62]" network=2234
INFO [11-06|03:12:09] Loaded most recent local header          number=0 hash=6f3c1c…1bf138 td=1048576
INFO [11-06|03:12:09] Loaded most recent local full block      number=0 hash=6f3c1c…1bf138 td=1048576
INFO [11-06|03:12:09] Loaded most recent local fast block      number=0 hash=6f3c1c…1bf138 td=1048576
INFO [11-06|03:12:09] in NewTxPool, call resetState 
INFO [11-06|03:12:09] in NewTxPool, call pool.eventLoog() 
INFO [11-06|03:12:09] Allocated cache and file handles         database=/Users/sujianwei20/new_misgcode/go_ethereum_cosi/examples/data/node1/geth/bftData   cache=128 handles=1024
INFO [11-06|03:12:09] addVote to                               height=0 round=0 from=0x82a978b3f5962a5b0957d9ee9eef472ee55b42f1 success=true cm.coinbase=0x82a978b3f5962a5b0957d9ee9eef472ee55b42f1
ready: 1 need: 2.6666667
INFO [11-06|03:12:09] consensusManager not ready  
ready: 1 need: 2.6666667
INFO [11-06|03:12:09] Starting P2P networking 
INFO [11-06|03:12:09] RLPx listener up                         self="enode://d67104e65b61fca1fc73a74175667c11f16c037fa8e414499189df9d68706aca6e1a1b4ea02b702f101eb609c4cd2964d4790047a06458ba8a1a19040ab1fe0d@[::]:30303?discport=0"
INFO [11-06|03:12:09] ---In BFTvalidatorCommitBlock--- 
INFO [11-06|03:12:09] HTTP endpoint opened: http://127.0.0.1:8545 
INFO [11-06|03:12:09] IPC endpoint opened: /Users/sujianwei20/new_misgcode/go_ethereum_cosi/examples/data/node1/geth.ipc 
INFO [11-06|03:12:09] Handle BFT Msg,                          msg="msg #8 (78 bytes)"
INFO [11-06|03:12:09] ------Received ReadMsg------ 
AddReady from: [220 236 234 243 252 92 10 99 209 149 214 155 26 144 1 27 123 25 101 13]
INFO [11-06|03:12:09] send Ready msg 
INFO [11-06|03:12:09] send Ready msg 
INFO [11-06|03:12:09] send Ready msg 
INFO [11-06|03:12:09] Handle BFT Msg,                          msg="msg #8 (78 bytes)"
INFO [11-06|03:12:09] ------Received ReadMsg------ 
INFO [11-06|03:12:09] Handle BFT Msg,                          msg="msg #8 (78 bytes)"
INFO [11-06|03:12:09] ------Received ReadMsg------ 
AddReady from: [220 236 234 243 252 92 10 99 209 149 214 155 26 144 1 27 123 25 101 13]
INFO [11-06|03:12:09] Handle BFT Msg,                          msg="msg #8 (78 bytes)"
AddReady from: [220 236 234 243 252 92 10 99 209 149 214 155 26 144 1 27 123 25 101 13]
INFO [11-06|03:12:09] ------Received ReadMsg------ 
AddReady from: [220 236 234 243 252 92 10 99 209 149 214 155 26 144 1 27 123 25 101 13]
INFO [11-06|03:12:09] Handle BFT Msg,                          msg="msg #8 (78 bytes)"
INFO [11-06|03:12:09] ------Received ReadMsg------ 
AddReady from: [125 87 122 89 123 39 66 180 152 203 92 240 194 108 220 215 38 211 158 110]
INFO [11-06|03:12:09] send Ready msg 
INFO [11-06|03:12:09] send Ready msg 
INFO [11-06|03:12:09] send Ready msg 
INFO [11-06|03:12:09] Handle BFT Msg,                          msg="msg #8 (78 bytes)"
INFO [11-06|03:12:09] ------Received ReadMsg------ 
AddReady from: [125 87 122 89 123 39 66 180 152 203 92 240 194 108 220 215 38 211 158 110]
INFO [11-06|03:12:09] Handle BFT Msg,                          msg="msg #8 (78 bytes)"
INFO [11-06|03:12:09] ------Received ReadMsg------ 
AddReady from: [125 87 122 89 123 39 66 180 152 203 92 240 194 108 220 215 38 211 158 110]
INFO [11-06|03:12:09] Handle BFT Msg,                          msg="msg #8 (78 bytes)"
INFO [11-06|03:12:09] ------Received ReadMsg------ 
AddReady from: [89 132 67 241 136 14 245 133 178 31 29 117 133 189 5 119 64 40 97 229]
INFO [11-06|03:12:09] send Ready msg 
INFO [11-06|03:12:09] send Ready msg 
INFO [11-06|03:12:09] send Ready msg 
INFO [11-06|03:12:09] Handle BFT Msg,                          msg="msg #8 (78 bytes)"
INFO [11-06|03:12:09] ------Received ReadMsg------ 
AddReady from: [89 132 67 241 136 14 245 133 178 31 29 117 133 189 5 119 64 40 97 229]
INFO [11-06|03:12:09] Handle BFT Msg,                          msg="msg #8 (78 bytes)"
INFO [11-06|03:12:09] ------Received ReadMsg------ 
AddReady from: [89 132 67 241 136 14 245 133 178 31 29 117 133 189 5 119 64 40 97 229]
ready: 4 need: 2.6666667
ready: 4 need: 2.6666667
INFO [11-06|03:12:09] send Ready msg 
INFO [11-06|03:12:09] send Ready msg 
INFO [11-06|03:12:09] send Ready msg 
INFO [11-06|03:12:09] -----------------consensusManager Ready------------------------- 
INFO [11-06|03:12:09] Handle BFT Msg,                          msg="msg #8 (78 bytes)"
INFO [11-06|03:12:09] ------Received ReadMsg------ 
AddReady from: [130 169 120 179 245 150 42 91 9 87 217 238 158 239 71 46 229 91 66 241]
INFO [11-06|03:12:09] Handle BFT Msg,                          msg="msg #8 (78 bytes)"
INFO [11-06|03:12:09] ------Received ReadMsg------ 
INFO [11-06|03:12:09] Handle BFT Msg,                          msg="msg #8 (78 bytes)"
INFO [11-06|03:12:09] ------Received ReadMsg------ 
AddReady from: [130 169 120 179 245 150 42 91 9 87 217 238 158 239 71 46 229 91 66 241]
AddReady from: [130 169 120 179 245 150 42 91 9 87 217 238 158 239 71 46 229 91 66 241]
INFO [11-06|03:12:09] Handle BFT Msg,                          msg="msg #8 (78 bytes)"
INFO [11-06|03:12:09] ------Received ReadMsg------ 
AddReady from: [130 169 120 179 245 150 42 91 9 87 217 238 158 239 71 46 229 91 66 241]
INFO [11-06|03:12:10] Handle BFT Msg,                          msg="msg #8 (78 bytes)"
INFO [11-06|03:12:10] ------Received ReadMsg------ 
AddReady from: [220 236 234 243 252 92 10 99 209 149 214 155 26 144 1 27 123 25 101 13]
INFO [11-06|03:12:10] send Ready msg 
INFO [11-06|03:12:10] send Ready msg 
INFO [11-06|03:12:10] send Ready msg 
INFO [11-06|03:12:10] Handle BFT Msg,                          msg="msg #8 (78 bytes)"
INFO [11-06|03:12:10] ------Received ReadMsg------ 
INFO [11-06|03:12:10] Handle BFT Msg,                          msg="msg #8 (78 bytes)"
INFO [11-06|03:12:10] ------Received ReadMsg------ 
AddReady from: [220 236 234 243 252 92 10 99 209 149 214 155 26 144 1 27 123 25 101 13]
AddReady from: [220 236 234 243 252 92 10 99 209 149 214 155 26 144 1 27 123 25 101 13]
INFO [11-06|03:12:10] Handle BFT Msg,                          msg="msg #8 (78 bytes)"
INFO [11-06|03:12:10] ------Received ReadMsg------ 
AddReady from: [125 87 122 89 123 39 66 180 152 203 92 240 194 108 220 215 38 211 158 110]
INFO [11-06|03:12:10] send Ready msg 
INFO [11-06|03:12:10] send Ready msg 
INFO [11-06|03:12:10] Handle BFT Msg,                          msg="msg #8 (78 bytes)"
INFO [11-06|03:12:10] ------Received ReadMsg------ 
AddReady from: [125 87 122 89 123 39 66 180 152 203 92 240 194 108 220 215 38 211 158 110]
INFO [11-06|03:12:10] send Ready msg 
INFO [11-06|03:12:10] send Ready msg 
INFO [11-06|03:12:10] Handle BFT Msg,                          msg="msg #8 (78 bytes)"
INFO [11-06|03:12:10] ------Received ReadMsg------ 
AddReady from: [125 87 122 89 123 39 66 180 152 203 92 240 194 108 220 215 38 211 158 110]
INFO [11-06|03:14:20] Transaction pool price threshold updated price=18000000000
INFO [11-06|03:14:20] Starting mining operation 
INFO [11-06|03:14:22] Commit new mining work                   number=1 txs=1598 uncles=0 elapsed=2.302s
INFO [11-06|03:14:22] Sealing                                  block n=1
StartConsensus, 1541445262837839000
INFO [11-06|03:14:22] Start Process 
INFO [11-06|03:14:22] in cm.Process, check lastCommittingLockset() 
INFO [11-06|03:14:22] In IsValid() 
len(lockset.Votes): 1 lockset.EligibleVotesNum: 0
INFO [11-06|03:14:22] in HasQuorum 
INFO [11-06|03:14:22] In IsValid() 
len(lockset.Votes): 1 lockset.EligibleVotesNum: 0
=====CM.COINBASE IS:===== [130 169 120 179 245 150 42 91 9 87 217 238 158 239 71 46 229 91 66 241] block number is: 1
INFO [11-06|03:14:22] case: default, cm.process 
ready: 4 need: 2.6666667
INFO [11-06|03:14:22] ---------------process------------------ 
INFO [11-06|03:14:22] In RM Process                            height=1 round=0
INFO [11-06|03:14:22] --------In rm.propose------- 
INFO [11-06|03:14:22] ---------------in rm.vote----------------- 
INFO [11-06|03:14:22] in vote in RM                            height=1 round=0
INFO [11-06|03:14:22] Timeout time not reach, curr vs timeout: curr=1541445262.000 timeout=1541445267.000
INFO [11-06|03:14:22] in rm.process, check lockset HasQuorum 
INFO [11-06|03:14:22] in HasQuorum 
INFO [11-06|03:14:22] In IsValid() 
len(lockset.Votes): 0 lockset.EligibleVotesNum: 4
INFO [11-06|03:14:22] rm lockset is not valid yet 
INFO [11-06|03:14:22] after cm.process() 
INFO [11-06|03:14:22] case: default, cm.process 
ready: 4 need: 2.6666667
INFO [11-06|03:14:22] ---------------process------------------ 
INFO [11-06|03:14:22] In RM Process                            height=1 round=0
INFO [11-06|03:14:22] --------In rm.propose------- 
INFO [11-06|03:14:22] ---------------in rm.vote----------------- 
INFO [11-06|03:14:22] in vote in RM                            height=1 round=0
INFO [11-06|03:14:22] Timeout time not reach, curr vs timeout: curr=1541445262.000 timeout=1541445267.000
INFO [11-06|03:14:22] in rm.process, check lockset HasQuorum 
INFO [11-06|03:14:22] in HasQuorum 
INFO [11-06|03:14:22] In IsValid() 
len(lockset.Votes): 0 lockset.EligibleVotesNum: 4
INFO [11-06|03:14:22] rm lockset is not valid yet 
INFO [11-06|03:14:22] after cm.process() 
INFO [11-06|03:14:23] case: default, cm.process 
ready: 4 need: 2.6666667
INFO [11-06|03:14:23] ---------------process------------------ 
INFO [11-06|03:14:23] In RM Process                            height=1 round=0
INFO [11-06|03:14:23] --------In rm.propose------- 
INFO [11-06|03:14:23] ---------------in rm.vote----------------- 
INFO [11-06|03:14:23] in vote in RM                            height=1 round=0
INFO [11-06|03:14:23] Timeout time not reach, curr vs timeout: curr=1541445263.000 timeout=1541445267.000
INFO [11-06|03:14:23] in rm.process, check lockset HasQuorum 
INFO [11-06|03:14:23] in HasQuorum 
INFO [11-06|03:14:23] In IsValid() 
len(lockset.Votes): 0 lockset.EligibleVotesNum: 4
INFO [11-06|03:14:23] rm lockset is not valid yet 
INFO [11-06|03:14:23] after cm.process() 
INFO [11-06|03:14:23] case: default, cm.process 
ready: 4 need: 2.6666667
INFO [11-06|03:14:23] ---------------process------------------ 
INFO [11-06|03:14:23] In RM Process                            height=1 round=0
INFO [11-06|03:14:23] --------In rm.propose------- 
INFO [11-06|03:14:23] ---------------in rm.vote----------------- 
INFO [11-06|03:14:23] in vote in RM                            height=1 round=0
INFO [11-06|03:14:23] Timeout time not reach, curr vs timeout: curr=1541445263.000 timeout=1541445267.000
INFO [11-06|03:14:23] in rm.process, check lockset HasQuorum 
INFO [11-06|03:14:23] in HasQuorum 
INFO [11-06|03:14:23] In IsValid() 
len(lockset.Votes): 0 lockset.EligibleVotesNum: 4
INFO [11-06|03:14:23] rm lockset is not valid yet 
INFO [11-06|03:14:23] after cm.process() 
INFO [11-06|03:14:23] Handle BFT Msg,                          msg="msg #11 (172922 bytes)"
INFO [11-06|03:14:23] -------Received NewBlockProposalMsg------- 
bpHR: H: 1 R: 0
cmHR: H: 1 R: 0
INFO [11-06|03:14:23] --------------------------------------- 
# collMsig from = Peer 6d11b37ef4fc909a [eth/63]
cmHR: H: 1 R: 0
this is rm.proposerPeer  Peer 6d11b37ef4fc909a [eth/63]
INFO [11-06|03:14:23] In IsValid() 
len(lockset.Votes): 0 lockset.EligibleVotesNum: 0
INFO [11-06|03:14:23] cm add BlockProposal                     h=1 r=0
INFO [11-06|03:14:23] in HasQuorum 
INFO [11-06|03:14:23] In IsValid() 
len(lockset.Votes): 1 lockset.EligibleVotesNum: 0
INFO [11-06|03:14:23] In addBlockCandidates!! 
INFO [11-06|03:14:23] -------in handle NewBlockProposalMsg, success!------- 
INFO [11-06|03:14:23] Handle BFT Msg,                          msg="msg #18 (345 bytes)"
INFO [11-06|03:14:23] ------Received MsigProposalMsg------ 
mpHR: H: 1 R: 0 hash: [252 161 234 235 244 75 181 4 55 101 250 243 88 205 130 193 26 199 226 117 62 194 96 203 149 208 205 64 2 41 3 190]
cmHR: H: 1 R: 0
INFO [11-06|03:14:23] --------------------------------------- 
H====:  1 P==== 0
INFO [11-06|03:14:23] ------addmsigproposal success!------- 
INFO [11-06|03:14:23] case: default, cm.process 
ready: 4 need: 2.6666667
INFO [11-06|03:14:23] ---------------process------------------ 
INFO [11-06|03:14:23] In RM Process                            height=1 round=0
INFO [11-06|03:14:23] --------In rm.propose------- 
INFO [11-06|03:14:23] ---------------in rm.vote----------------- 
INFO [11-06|03:14:23] in vote in RM                            height=1 round=0
INFO [11-06|03:14:23] vote mp 
INFO [11-06|03:14:23] vote success in                          height=1 round=0
INFO [11-06|03:14:23] Send VoteMsg 
INFO [11-06|03:14:23] in rm.process, check lockset HasQuorum 
INFO [11-06|03:14:23] in HasQuorum 
INFO [11-06|03:14:23] In IsValid() 
len(lockset.Votes): 1 lockset.EligibleVotesNum: 4
INFO [11-06|03:14:23] rm lockset is not valid yet 
INFO [11-06|03:14:23] after cm.process() 
INFO [11-06|03:14:23] Handle BFT Msg,                          msg="msg #17 (107 bytes)"
INFO [11-06|03:14:23] ------Received VoteMsg------ 
voteHR: H: 1 R: 0 voteType:: 1 voteHash: [252 161 234 235 244 75 181 4 55 101 250 243 88 205 130 193 26 199 226 117 62 194 96 203 149 208 205 64 2 41 3 190]
cmHR: H: 1 R: 0
INFO [11-06|03:14:23] --------------------------------------- 
INFO [11-06|03:14:23] addVote to                               height=1 round=0 from=0xdceceaf3fc5c0a63d195d69b1a90011b7b19650d success=true cm.coinbase=0x82a978b3f5962a5b0957d9ee9eef472ee55b42f1
INFO [11-06|03:14:23] ------in handle VoteMsg, success!------ 
INFO [11-06|03:14:23] Handle BFT Msg,                          msg="msg #17 (107 bytes)"
INFO [11-06|03:14:23] ------Received VoteMsg------ 
voteHR: H: 1 R: 0 voteType:: 1 voteHash: [252 161 234 235 244 75 181 4 55 101 250 243 88 205 130 193 26 199 226 117 62 194 96 203 149 208 205 64 2 41 3 190]
cmHR: H: 1 R: 0
INFO [11-06|03:14:23] --------------------------------------- 
INFO [11-06|03:14:23] addVote to                               height=1 round=0 from=0x7d577a597b2742b498cb5cf0c26cdcd726d39e6e success=true cm.coinbase=0x82a978b3f5962a5b0957d9ee9eef472ee55b42f1
INFO [11-06|03:14:23] ------in handle VoteMsg, success!------ 
INFO [11-06|03:14:23] case: default, cm.process 
ready: 4 need: 2.6666667
INFO [11-06|03:14:23] ---------------process------------------ 
INFO [11-06|03:14:23] In RM Process                            height=1 round=0
INFO [11-06|03:14:23] --------In rm.propose------- 
INFO [11-06|03:14:23] ---------------in rm.vote----------------- 
INFO [11-06|03:14:23] voted 
INFO [11-06|03:14:23] in rm.process, check lockset HasQuorum 
INFO [11-06|03:14:23] in HasQuorum 
INFO [11-06|03:14:23] In IsValid() 
len(lockset.Votes): 3 lockset.EligibleVotesNum: 4
INFO [11-06|03:14:23] There is a quorum                        height=1 round=0
--- in rm.process p.id: --- Peer 6d11b37ef4fc909a [eth/63]
INFO [11-06|03:14:23] ============in cm.commitLockset============ 
INFO [11-06|03:14:23] in commitLockset, check ls HasQuorum 
INFO [11-06|03:14:23] in HasQuorum 
INFO [11-06|03:14:23] In IsValid() 
len(lockset.Votes): 3 lockset.EligibleVotesNum: 4
INFO [11-06|03:14:23] cm.found is not nil 
INFO [11-06|03:14:23] store lockset 
peerid: 6d11b37ef4fc909a
INFO [11-06|03:14:23] ---storeLockset--- 
INFO [11-06|03:14:23] have a consensus on the block 
INFO [11-06|03:14:23] result.Header().Coinbase != b.signer 
INFO [11-06|03:14:23] after cm.process() 
cmH 1
INFO [11-06|03:14:23] in validatorCommit1 
pid: 6d11b37ef4fc909a
block number 1
-------in NewBFTValidatorBlock-------
INFO [11-06|03:14:23] in validatorCommit2 
validatorCommit time: 138.306µs
INFO [11-06|03:14:23] **in eth.handler**, get result from ch 
result.Header().Coinbase: [125 87 122 89 123 39 66 180 152 203 92 240 194 108 220 215 38 211 158 110] b.signer: [130 169 120 179 245 150 42 91 9 87 217 238 158 239 71 46 229 91 66 241]
ConsensusTime, 518325700 , txs, 1598 , blockNum, 1
FinishedConsensus, 1541445263356523000
INFO [11-06|03:14:23] result is nil 
INFO [11-06|03:14:23] === Finished Mine() === 
INFO [11-06|03:14:23] ***in BFT.VVVVerifyHeader*** 
INFO [11-06|03:14:23] ***in BFT.verifyHeader*** 
INFO [11-06|03:14:23] ***in BFT.verifySeal*** 
INFO [11-06|03:14:23] In verifyVotes 
INFO [11-06|03:14:23] in HasQuorum 
INFO [11-06|03:14:23] In IsValid() 
len(lockset.Votes): 3 lockset.EligibleVotesNum: 4
INFO [11-06|03:14:23] ***in BFT.VerifyHeaderSSSS*** 
INFO [11-06|03:14:23] ***in BFT.verifyHeader*** 
INFO [11-06|03:14:23] ***in BFT.verifySeal*** 
INFO [11-06|03:14:23] In verifyVotes 
INFO [11-06|03:14:23] in HasQuorum 
INFO [11-06|03:14:23] In IsValid() 
len(lockset.Votes): 3 lockset.EligibleVotesNum: 4
INFO [11-06|03:14:23] Handle BFT Msg,                          msg="msg #17 (107 bytes)"
INFO [11-06|03:14:23] ------Received VoteMsg------ 
voteHR: H: 1 R: 0 voteType:: 1 voteHash: [252 161 234 235 244 75 181 4 55 101 250 243 88 205 130 193 26 199 226 117 62 194 96 203 149 208 205 64 2 41 3 190]
cmHR: H: 1 R: 0
INFO [11-06|03:14:23] --------------------------------------- 
INFO [11-06|03:14:23] addVote to                               height=1 round=0 from=0x598443f1880ef585b21f1d7585bd0577402861e5 success=true cm.coinbase=0x82a978b3f5962a5b0957d9ee9eef472ee55b42f1
INFO [11-06|03:14:23] ------in handle VoteMsg, success!------ 
INFO [11-06|03:14:24] Imported new chain segment               blocks=1 txs=1598 mgas=33.558 elapsed=1.016s    mgasps=33.023 number=1 hash=fca1ea…2903be
FinishedPostExec, 1541445264373580000 , txs, 1598
PostExecTime, 1.016200722s
INFO [11-06|03:14:24] in pool.evenLoop, call pool.resetState 
INFO [11-06|03:14:26] Commit new mining work                   number=2 txs=1599 uncles=0 elapsed=1.733s
INFO [11-06|03:14:26] Sealing                                  block n=2
StartConsensus, 1541445266107633000
INFO [11-06|03:14:26] Start Process 
INFO [11-06|03:14:26] in cm.Process, check lastCommittingLockset() 
INFO [11-06|03:14:26] In IsValid() 
len(lockset.Votes): 4 lockset.EligibleVotesNum: 4
INFO [11-06|03:14:26] in HasQuorum 
INFO [11-06|03:14:26] In IsValid() 
len(lockset.Votes): 4 lockset.EligibleVotesNum: 4
=====CM.COINBASE IS:===== [130 169 120 179 245 150 42 91 9 87 217 238 158 239 71 46 229 91 66 241] block number is: 2
INFO [11-06|03:14:26] case: default, cm.process 
ready: 4 need: 2.6666667
INFO [11-06|03:14:26] ---------------process------------------ 
INFO [11-06|03:14:26] In RM Process                            height=2 round=0
INFO [11-06|03:14:26] --------In rm.propose------- 
INFO [11-06|03:14:26] ---------------in rm.vote----------------- 
INFO [11-06|03:14:26] in vote in RM                            height=2 round=0
INFO [11-06|03:14:26] Timeout time not reach, curr vs timeout: curr=1541445266.000 timeout=1541445271.000
INFO [11-06|03:14:26] in rm.process, check lockset HasQuorum 
INFO [11-06|03:14:26] in HasQuorum 
INFO [11-06|03:14:26] In IsValid() 
len(lockset.Votes): 0 lockset.EligibleVotesNum: 4
INFO [11-06|03:14:26] rm lockset is not valid yet 
INFO [11-06|03:14:26] after cm.process() 
INFO [11-06|03:14:26] case: default, cm.process 
ready: 4 need: 2.6666667
INFO [11-06|03:14:26] ---------------process------------------ 
INFO [11-06|03:14:26] In RM Process                            height=2 round=0
INFO [11-06|03:14:26] --------In rm.propose------- 
INFO [11-06|03:14:26] ---------------in rm.vote----------------- 
INFO [11-06|03:14:26] in vote in RM                            height=2 round=0
INFO [11-06|03:14:26] Timeout time not reach, curr vs timeout: curr=1541445266.000 timeout=1541445271.000
INFO [11-06|03:14:26] in rm.process, check lockset HasQuorum 
INFO [11-06|03:14:26] in HasQuorum 
INFO [11-06|03:14:26] In IsValid() 
len(lockset.Votes): 0 lockset.EligibleVotesNum: 4
INFO [11-06|03:14:26] rm lockset is not valid yet 
INFO [11-06|03:14:26] after cm.process() 
INFO [11-06|03:14:26] Handle BFT Msg,                          msg="msg #11 (173334 bytes)"
INFO [11-06|03:14:26] -------Received NewBlockProposalMsg------- 
bpHR: H: 2 R: 0
cmHR: H: 2 R: 0
INFO [11-06|03:14:26] --------------------------------------- 
# collMsig from = Peer 94dd98401cf6ca04 [eth/63]
cmHR: H: 2 R: 0
this is rm.proposerPeer  Peer 94dd98401cf6ca04 [eth/63]
INFO [11-06|03:14:26] In IsValid() 
len(lockset.Votes): 0 lockset.EligibleVotesNum: 0
INFO [11-06|03:14:26] cm add BlockProposal                     h=2 r=0
INFO [11-06|03:14:26] in HasQuorum 
INFO [11-06|03:14:26] In IsValid() 
len(lockset.Votes): 4 lockset.EligibleVotesNum: 4
INFO [11-06|03:14:26] In addBlockCandidates!! 
INFO [11-06|03:14:26] -------in handle NewBlockProposalMsg, success!------- 
INFO [11-06|03:14:26] Handle BFT Msg,                          msg="msg #18 (662 bytes)"
INFO [11-06|03:14:26] ------Received MsigProposalMsg------ 
mpHR: H: 2 R: 0 hash: [186 131 254 213 52 139 78 44 228 84 97 30 12 137 35 153 229 81 177 65 75 117 114 50 245 225 101 242 47 48 22 120]
cmHR: H: 2 R: 0
INFO [11-06|03:14:26] --------------------------------------- 
H====:  2 P==== 0
INFO [11-06|03:14:26] ------addmsigproposal success!------- 
INFO [11-06|03:14:26] case: default, cm.process 
ready: 4 need: 2.6666667
INFO [11-06|03:14:26] ---------------process------------------ 
INFO [11-06|03:14:26] In RM Process                            height=2 round=0
INFO [11-06|03:14:26] --------In rm.propose------- 
INFO [11-06|03:14:26] ---------------in rm.vote----------------- 
INFO [11-06|03:14:26] in vote in RM                            height=2 round=0
INFO [11-06|03:14:26] vote mp 
INFO [11-06|03:14:26] vote success in                          height=2 round=0
INFO [11-06|03:14:26] Send VoteMsg 
INFO [11-06|03:14:26] in rm.process, check lockset HasQuorum 
INFO [11-06|03:14:26] in HasQuorum 
INFO [11-06|03:14:26] In IsValid() 
len(lockset.Votes): 1 lockset.EligibleVotesNum: 4
INFO [11-06|03:14:26] rm lockset is not valid yet 
INFO [11-06|03:14:26] after cm.process() 
INFO [11-06|03:14:26] Handle BFT Msg,                          msg="msg #17 (107 bytes)"
INFO [11-06|03:14:26] ------Received VoteMsg------ 
voteHR: H: 2 R: 0 voteType:: 1 voteHash: [186 131 254 213 52 139 78 44 228 84 97 30 12 137 35 153 229 81 177 65 75 117 114 50 245 225 101 242 47 48 22 120]
cmHR: H: 2 R: 0
INFO [11-06|03:14:26] --------------------------------------- 
INFO [11-06|03:14:26] addVote to                               height=2 round=0 from=0xdceceaf3fc5c0a63d195d69b1a90011b7b19650d success=true cm.coinbase=0x82a978b3f5962a5b0957d9ee9eef472ee55b42f1
INFO [11-06|03:14:26] ------in handle VoteMsg, success!------ 
INFO [11-06|03:14:26] Handle BFT Msg,                          msg="msg #17 (107 bytes)"
INFO [11-06|03:14:26] ------Received VoteMsg------ 
voteHR: H: 2 R: 0 voteType:: 1 voteHash: [186 131 254 213 52 139 78 44 228 84 97 30 12 137 35 153 229 81 177 65 75 117 114 50 245 225 101 242 47 48 22 120]
cmHR: H: 2 R: 0
INFO [11-06|03:14:26] --------------------------------------- 
INFO [11-06|03:14:26] addVote to                               height=2 round=0 from=0x598443f1880ef585b21f1d7585bd0577402861e5 success=true cm.coinbase=0x82a978b3f5962a5b0957d9ee9eef472ee55b42f1
INFO [11-06|03:14:26] ------in handle VoteMsg, success!------ 
INFO [11-06|03:14:26] case: default, cm.process 
ready: 4 need: 2.6666667
INFO [11-06|03:14:26] ---------------process------------------ 
INFO [11-06|03:14:26] In RM Process                            height=2 round=0
INFO [11-06|03:14:26] --------In rm.propose------- 
INFO [11-06|03:14:26] ---------------in rm.vote----------------- 
INFO [11-06|03:14:26] voted 
INFO [11-06|03:14:26] in rm.process, check lockset HasQuorum 
INFO [11-06|03:14:26] in HasQuorum 
INFO [11-06|03:14:26] In IsValid() 
len(lockset.Votes): 3 lockset.EligibleVotesNum: 4
INFO [11-06|03:14:26] There is a quorum                        height=2 round=0
--- in rm.process p.id: --- Peer 94dd98401cf6ca04 [eth/63]
INFO [11-06|03:14:26] ============in cm.commitLockset============ 
INFO [11-06|03:14:26] in commitLockset, check ls HasQuorum 
INFO [11-06|03:14:26] in HasQuorum 
INFO [11-06|03:14:26] In IsValid() 
len(lockset.Votes): 3 lockset.EligibleVotesNum: 4
INFO [11-06|03:14:26] cm.found is not nil 
INFO [11-06|03:14:26] store lockset 
peerid: 94dd98401cf6ca04
INFO [11-06|03:14:26] ---storeLockset--- 
INFO [11-06|03:14:26] after cm.process() 
cmH 2
INFO [11-06|03:14:26] in validatorCommit1 
pid: 94dd98401cf6ca04
block number 2
-------in NewBFTValidatorBlock-------
INFO [11-06|03:14:26] in validatorCommit2 
validatorCommit time: 145.526µs
INFO [11-06|03:14:26] **in eth.handler**, get result from ch 
INFO [11-06|03:14:26] ***in BFT.VVVVerifyHeader*** 
INFO [11-06|03:14:26] ***in BFT.verifyHeader*** 
INFO [11-06|03:14:26] ***in BFT.verifySeal*** 
INFO [11-06|03:14:26] In verifyVotes 
INFO [11-06|03:14:26] in HasQuorum 
INFO [11-06|03:14:26] In IsValid() 
len(lockset.Votes): 3 lockset.EligibleVotesNum: 4
INFO [11-06|03:14:26] ***in BFT.VerifyHeaderSSSS*** 
INFO [11-06|03:14:26] ***in BFT.verifyHeader*** 
INFO [11-06|03:14:26] ***in BFT.verifySeal*** 
INFO [11-06|03:14:26] In verifyVotes 
INFO [11-06|03:14:26] in HasQuorum 
INFO [11-06|03:14:26] In IsValid() 
len(lockset.Votes): 3 lockset.EligibleVotesNum: 4
INFO [11-06|03:14:26] have a consensus on the block 
INFO [11-06|03:14:26] result.Header().Coinbase != b.signer 
result.Header().Coinbase: [220 236 234 243 252 92 10 99 209 149 214 155 26 144 1 27 123 25 101 13] b.signer: [130 169 120 179 245 150 42 91 9 87 217 238 158 239 71 46 229 91 66 241]
ConsensusTime, 322568057 , txs, 1599 , blockNum, 2
FinishedConsensus, 1541445266430207000
INFO [11-06|03:14:26] result is nil 
INFO [11-06|03:14:26] === Finished Mine() === 
INFO [11-06|03:14:26] received NewBlockMsg! 
INFO [11-06|03:14:27] Imported new chain segment               blocks=1 txs=1599 mgas=33.579 elapsed=1.473s    mgasps=22.785 number=2 hash=ba83fe…301678
FinishedPostExec, 1541445267903061000 , txs, 1599
PostExecTime, 1.473710866s
INFO [11-06|03:14:27] in pool.evenLoop, call pool.resetState 
INFO [11-06|03:14:29] Commit new mining work                   number=3 txs=1599 uncles=0 elapsed=1.788s
INFO [11-06|03:14:29] Sealing                                  block n=3
StartConsensus, 1541445269692360000
INFO [11-06|03:14:29] Start Process 
INFO [11-06|03:14:29] in cm.Process, check lastCommittingLockset() 
INFO [11-06|03:14:29] In IsValid() 
len(lockset.Votes): 3 lockset.EligibleVotesNum: 4
INFO [11-06|03:14:29] in HasQuorum 
INFO [11-06|03:14:29] In IsValid() 
len(lockset.Votes): 3 lockset.EligibleVotesNum: 4
=====CM.COINBASE IS:===== [130 169 120 179 245 150 42 91 9 87 217 238 158 239 71 46 229 91 66 241] block number is: 3
INFO [11-06|03:14:29] case: default, cm.process 
ready: 4 need: 2.6666667
INFO [11-06|03:14:29] ---------------process------------------ 
INFO [11-06|03:14:29] In RM Process                            height=3 round=0
INFO [11-06|03:14:29] --------In rm.propose------- 
INFO [11-06|03:14:29] ---------------in rm.vote----------------- 
INFO [11-06|03:14:29] in vote in RM                            height=3 round=0
INFO [11-06|03:14:29] Timeout time not reach, curr vs timeout: curr=1541445269.000 timeout=1541445274.000
INFO [11-06|03:14:29] in rm.process, check lockset HasQuorum 
INFO [11-06|03:14:29] in HasQuorum 
INFO [11-06|03:14:29] In IsValid() 
len(lockset.Votes): 0 lockset.EligibleVotesNum: 4
INFO [11-06|03:14:29] rm lockset is not valid yet 
INFO [11-06|03:14:29] after cm.process() 
INFO [11-06|03:14:29] Handle BFT Msg,                          msg="msg #11 (173231 bytes)"
INFO [11-06|03:14:29] -------Received NewBlockProposalMsg------- 
bpHR: H: 3 R: 0
cmHR: H: 3 R: 0
INFO [11-06|03:14:29] --------------------------------------- 
# collMsig from = Peer d9d5b902798f5c42 [eth/63]
cmHR: H: 3 R: 0
this is rm.proposerPeer  Peer d9d5b902798f5c42 [eth/63]
INFO [11-06|03:14:29] In IsValid() 
len(lockset.Votes): 0 lockset.EligibleVotesNum: 0
INFO [11-06|03:14:29] cm add BlockProposal                     h=3 r=0
INFO [11-06|03:14:29] in HasQuorum 
INFO [11-06|03:14:29] In IsValid() 
len(lockset.Votes): 3 lockset.EligibleVotesNum: 4
INFO [11-06|03:14:29] in collectMsig, i am msig wintness 
INFO [11-06|03:14:29] Return MsigProposalMsg to                LOG15_ERROR= LOG15_ERROR="Normalized odd number of arguments by adding nil"
INFO [11-06|03:14:29] Sending MsigProposalMsg 
in cm.collectMsig, mp.MsigVs: [<nil> 27]
INFO [11-06|03:14:29] In addBlockCandidates!! 
INFO [11-06|03:14:29] -------in handle NewBlockProposalMsg, success!------- 
INFO [11-06|03:14:29] Handle BFT Msg,                          msg="msg #18 (557 bytes)"
INFO [11-06|03:14:29] ------Received MsigProposalMsg------ 
mpHR: H: 3 R: 0 hash: [81 85 64 203 86 148 209 21 209 171 85 141 37 31 73 57 136 172 111 101 110 24 173 3 35 254 1 161 85 146 95 54]
cmHR: H: 3 R: 0
INFO [11-06|03:14:29] --------------------------------------- 
H====:  3 P==== 0
INFO [11-06|03:14:29] ------addmsigproposal success!------- 
INFO [11-06|03:14:29] case: default, cm.process 
ready: 4 need: 2.6666667
INFO [11-06|03:14:29] ---------------process------------------ 
INFO [11-06|03:14:29] In RM Process                            height=3 round=0
INFO [11-06|03:14:29] --------In rm.propose------- 
INFO [11-06|03:14:29] ---------------in rm.vote----------------- 
INFO [11-06|03:14:29] in vote in RM                            height=3 round=0
INFO [11-06|03:14:29] vote mp 
INFO [11-06|03:14:29] vote success in                          height=3 round=0
INFO [11-06|03:14:29] Send VoteMsg 
INFO [11-06|03:14:29] in rm.process, check lockset HasQuorum 
INFO [11-06|03:14:29] in HasQuorum 
INFO [11-06|03:14:29] In IsValid() 
len(lockset.Votes): 1 lockset.EligibleVotesNum: 4
INFO [11-06|03:14:29] rm lockset is not valid yet 
INFO [11-06|03:14:29] after cm.process() 
INFO [11-06|03:14:29] Handle BFT Msg,                          msg="msg #17 (107 bytes)"
INFO [11-06|03:14:29] ------Received VoteMsg------ 
voteHR: H: 3 R: 0 voteType:: 1 voteHash: [81 85 64 203 86 148 209 21 209 171 85 141 37 31 73 57 136 172 111 101 110 24 173 3 35 254 1 161 85 146 95 54]
cmHR: H: 3 R: 0
INFO [11-06|03:14:29] --------------------------------------- 
INFO [11-06|03:14:29] addVote to                               height=3 round=0 from=0x598443f1880ef585b21f1d7585bd0577402861e5 success=true cm.coinbase=0x82a978b3f5962a5b0957d9ee9eef472ee55b42f1
INFO [11-06|03:14:29] ------in handle VoteMsg, success!------ 
INFO [11-06|03:14:29] case: default, cm.process 
ready: 4 need: 2.6666667
INFO [11-06|03:14:29] ---------------process------------------ 
INFO [11-06|03:14:29] In RM Process                            height=3 round=0
INFO [11-06|03:14:29] --------In rm.propose------- 
INFO [11-06|03:14:29] ---------------in rm.vote----------------- 
INFO [11-06|03:14:29] voted 
INFO [11-06|03:14:29] in rm.process, check lockset HasQuorum 
INFO [11-06|03:14:29] in HasQuorum 
INFO [11-06|03:14:29] In IsValid() 
len(lockset.Votes): 2 lockset.EligibleVotesNum: 4
INFO [11-06|03:14:29] rm lockset is not valid yet 
INFO [11-06|03:14:29] after cm.process() 
INFO [11-06|03:14:29] case: default, cm.process 
ready: 4 need: 2.6666667
INFO [11-06|03:14:29] ---------------process------------------ 
INFO [11-06|03:14:29] In RM Process                            height=3 round=0
INFO [11-06|03:14:29] --------In rm.propose------- 
INFO [11-06|03:14:29] ---------------in rm.vote----------------- 
INFO [11-06|03:14:29] voted 
INFO [11-06|03:14:29] in rm.process, check lockset HasQuorum 
INFO [11-06|03:14:29] in HasQuorum 
INFO [11-06|03:14:29] In IsValid() 
len(lockset.Votes): 2 lockset.EligibleVotesNum: 4
INFO [11-06|03:14:29] rm lockset is not valid yet 
INFO [11-06|03:14:29] after cm.process() 
INFO [11-06|03:14:30] case: default, cm.process 
ready: 4 need: 2.6666667
INFO [11-06|03:14:30] ---------------process------------------ 
INFO [11-06|03:14:30] In RM Process                            height=3 round=0
INFO [11-06|03:14:30] --------In rm.propose------- 
INFO [11-06|03:14:30] ---------------in rm.vote----------------- 
INFO [11-06|03:14:30] voted 
INFO [11-06|03:14:30] in rm.process, check lockset HasQuorum 
INFO [11-06|03:14:30] in HasQuorum 
INFO [11-06|03:14:30] In IsValid() 
len(lockset.Votes): 2 lockset.EligibleVotesNum: 4
INFO [11-06|03:14:30] rm lockset is not valid yet 
INFO [11-06|03:14:30] after cm.process() 
INFO [11-06|03:14:30] case: default, cm.process 
ready: 4 need: 2.6666667
INFO [11-06|03:14:30] ---------------process------------------ 
INFO [11-06|03:14:30] In RM Process                            height=3 round=0
INFO [11-06|03:14:30] --------In rm.propose------- 
INFO [11-06|03:14:30] ---------------in rm.vote----------------- 
INFO [11-06|03:14:30] voted 
INFO [11-06|03:14:30] in rm.process, check lockset HasQuorum 
INFO [11-06|03:14:30] in HasQuorum 
INFO [11-06|03:14:30] In IsValid() 
len(lockset.Votes): 2 lockset.EligibleVotesNum: 4
INFO [11-06|03:14:30] rm lockset is not valid yet 
INFO [11-06|03:14:30] after cm.process() 
INFO [11-06|03:14:30] Handle BFT Msg,                          msg="msg #17 (107 bytes)"
INFO [11-06|03:14:30] ------Received VoteMsg------ 
voteHR: H: 3 R: 0 voteType:: 1 voteHash: [81 85 64 203 86 148 209 21 209 171 85 141 37 31 73 57 136 172 111 101 110 24 173 3 35 254 1 161 85 146 95 54]
cmHR: H: 3 R: 0
INFO [11-06|03:14:30] --------------------------------------- 
INFO [11-06|03:14:30] addVote to                               height=3 round=0 from=0x7d577a597b2742b498cb5cf0c26cdcd726d39e6e success=true cm.coinbase=0x82a978b3f5962a5b0957d9ee9eef472ee55b42f1
INFO [11-06|03:14:30] ------in handle VoteMsg, success!------ 
INFO [11-06|03:14:30] case: default, cm.process 
ready: 4 need: 2.6666667
INFO [11-06|03:14:30] ---------------process------------------ 
INFO [11-06|03:14:30] In RM Process                            height=3 round=0
INFO [11-06|03:14:30] --------In rm.propose------- 
INFO [11-06|03:14:30] ---------------in rm.vote----------------- 
INFO [11-06|03:14:30] voted 
INFO [11-06|03:14:30] in rm.process, check lockset HasQuorum 
INFO [11-06|03:14:30] in HasQuorum 
INFO [11-06|03:14:30] In IsValid() 
len(lockset.Votes): 3 lockset.EligibleVotesNum: 4
INFO [11-06|03:14:30] There is a quorum                        height=3 round=0
--- in rm.process p.id: --- Peer d9d5b902798f5c42 [eth/63]
INFO [11-06|03:14:30] ============in cm.commitLockset============ 
INFO [11-06|03:14:30] in commitLockset, check ls HasQuorum 
INFO [11-06|03:14:30] in HasQuorum 
INFO [11-06|03:14:30] In IsValid() 
len(lockset.Votes): 3 lockset.EligibleVotesNum: 4
INFO [11-06|03:14:30] cm.found is not nil 
INFO [11-06|03:14:30] store lockset 
peerid: d9d5b902798f5c42
INFO [11-06|03:14:30] ---storeLockset--- 
INFO [11-06|03:14:30] after cm.process() 
cmH 3
INFO [11-06|03:14:30] in validatorCommit1 
pid: d9d5b902798f5c42
block number 3
-------in NewBFTValidatorBlock-------
INFO [11-06|03:14:30] in validatorCommit2 
validatorCommit time: 79.538µs
INFO [11-06|03:14:30] **in eth.handler**, get result from ch 
INFO [11-06|03:14:30] ***in BFT.VVVVerifyHeader*** 
INFO [11-06|03:14:30] ***in BFT.verifyHeader*** 
INFO [11-06|03:14:30] ***in BFT.verifySeal*** 
INFO [11-06|03:14:30] In verifyVotes 
INFO [11-06|03:14:30] in HasQuorum 
INFO [11-06|03:14:30] In IsValid() 
len(lockset.Votes): 3 lockset.EligibleVotesNum: 4
INFO [11-06|03:14:30] ***in BFT.VerifyHeaderSSSS*** 
INFO [11-06|03:14:30] ***in BFT.verifyHeader*** 
INFO [11-06|03:14:30] ***in BFT.verifySeal*** 
INFO [11-06|03:14:30] In verifyVotes 
INFO [11-06|03:14:30] in HasQuorum 
INFO [11-06|03:14:30] In IsValid() 
len(lockset.Votes): 3 lockset.EligibleVotesNum: 4
INFO [11-06|03:14:30] have a consensus on the block 
INFO [11-06|03:14:30] result.Header().Coinbase != b.signer 
result.Header().Coinbase: [89 132 67 241 136 14 245 133 178 31 29 117 133 189 5 119 64 40 97 229] b.signer: [130 169 120 179 245 150 42 91 9 87 217 238 158 239 71 46 229 91 66 241]
ConsensusTime, 626636490 , txs, 1599 , blockNum, 3
FinishedConsensus, 1541445270319255000
INFO [11-06|03:14:30] result is nil 
INFO [11-06|03:14:30] === Finished Mine() === 
INFO [11-06|03:14:30] Handle BFT Msg,                          msg="msg #9 (3 bytes)"
INFO [11-06|03:14:30] -------GetLocksetsMsg------- 
GetLockSetsMsg request:  [{3}] from:  94dd98401cf6ca04
INFO [11-06|03:14:30] Request future block 
INFO [11-06|03:14:31] Handle BFT Msg,                          msg="msg #17 (107 bytes)"
INFO [11-06|03:14:31] ------Received VoteMsg------ 
voteHR: H: 3 R: 0 voteType:: 1 voteHash: [81 85 64 203 86 148 209 21 209 171 85 141 37 31 73 57 136 172 111 101 110 24 173 3 35 254 1 161 85 146 95 54]
cmHR: H: 3 R: 0
INFO [11-06|03:14:31] --------------------------------------- 
INFO [11-06|03:14:31] addVote to                               height=3 round=0 from=0xdceceaf3fc5c0a63d195d69b1a90011b7b19650d success=true cm.coinbase=0x82a978b3f5962a5b0957d9ee9eef472ee55b42f1
INFO [11-06|03:14:31] ------in handle VoteMsg, success!------ 
INFO [11-06|03:14:31] Imported new chain segment               blocks=1 txs=1599 mgas=33.579 elapsed=1.477s    mgasps=22.732 number=3 hash=515540…925f36
FinishedPostExec, 1541445271783407000 , txs, 1599
PostExecTime, 1.477151336s
INFO [11-06|03:14:31] in pool.evenLoop, call pool.resetState 
INFO [11-06|03:14:33] Commit new mining work                   number=4 txs=1600 uncles=0 elapsed=1.862s
INFO [11-06|03:14:33] Sealing                                  block n=4
StartConsensus, 1541445273646467000
INFO [11-06|03:14:33] Start Process 
INFO [11-06|03:14:33] in cm.Process, check lastCommittingLockset() 
INFO [11-06|03:14:33] In IsValid() 
len(lockset.Votes): 4 lockset.EligibleVotesNum: 4
INFO [11-06|03:14:33] in HasQuorum 
INFO [11-06|03:14:33] In IsValid() 
len(lockset.Votes): 4 lockset.EligibleVotesNum: 4
=====CM.COINBASE IS:===== [130 169 120 179 245 150 42 91 9 87 217 238 158 239 71 46 229 91 66 241] block number is: 4
INFO [11-06|03:14:33] case: default, cm.process 
ready: 4 need: 2.6666667
INFO [11-06|03:14:33] ---------------process------------------ 
INFO [11-06|03:14:33] In RM Process                            height=4 round=0
INFO [11-06|03:14:33] --------In rm.propose------- 
INFO [11-06|03:14:33] I am a proposer in                       height=4 round=0
INFO [11-06|03:14:33] in propose, check lastRoundLockset 
lastRoundLockset, hm.activeround: 0
INFO [11-06|03:14:33] ------in mkProposal------ 
INFO [11-06|03:14:33] In IsValid() 
len(lockset.Votes): 4 lockset.EligibleVotesNum: 4
INFO [11-06|03:14:33] in HasQuorum 
INFO [11-06|03:14:33] In IsValid() 
len(lockset.Votes): 4 lockset.EligibleVotesNum: 4
INFO [11-06|03:14:33] LockSet(R-1) is nil (rm.round should equal to zero) 
INFO [11-06|03:14:33] in HasQuorum 
INFO [11-06|03:14:33] In IsValid() 
len(lockset.Votes): 4 lockset.EligibleVotesNum: 4
INFO [11-06|03:14:33] in HasQuorum 
INFO [11-06|03:14:33] In IsValid() 
len(lockset.Votes): 4 lockset.EligibleVotesNum: 4
Create block blockhash :  [110 255 162 178 78 238 146 217 40 224 117 182 224 35 34 90 67 67 135 171 44 31 74 114 250 53 200 99 61 138 58 202]
INFO [11-06|03:14:33] In addBlockCandidates!! 
INFO [11-06|03:14:33] Send NewBlockProposalMsg:                LOG15_ERROR=                                                   LOG15_ERROR="Normalized odd number of arguments by adding nil"
INFO [11-06|03:14:33] ---------------in rm.vote----------------- 
INFO [11-06|03:14:33] in vote in RM                            height=4 round=0
INFO [11-06|03:14:33] Timeout time not reach, curr vs timeout: curr=1541445273.000 timeout=1541445278.000
INFO [11-06|03:14:33] in rm.process, check lockset HasQuorum 
INFO [11-06|03:14:33] in HasQuorum 
INFO [11-06|03:14:33] In IsValid() 
len(lockset.Votes): 0 lockset.EligibleVotesNum: 4
INFO [11-06|03:14:33] rm lockset is not valid yet 
INFO [11-06|03:14:33] after cm.process() 
INFO [11-06|03:14:33] Handle BFT Msg,                          msg="msg #18 (662 bytes)"
INFO [11-06|03:14:33] ------Received MsigProposalMsg------ 
mpHR: H: 4 R: 0 hash: [110 255 162 178 78 238 146 217 40 224 117 182 224 35 34 90 67 67 135 171 44 31 74 114 250 53 200 99 61 138 58 202]
cmHR: H: 4 R: 0
INFO [11-06|03:14:33] --------------------------------------- 
H====:  4 P==== 0
INFO [11-06|03:14:33] In addMsig I am leader 
mp= &{<nil> 28 20009608440575540448447342959771998473852603760586335747283695015925348916153 27461751031976484806134882310711806361792730342634460216416439607580825665787 0xc42849a420 4 0 [110 255 162 178 78 238 146 217 40 224 117 182 224 35 34 90 67 67 135 171 44 31 74 114 250 53 200 99 61 138 58 202] 0xc42b81d770 0xc42b81d7c0}
mp= &{<nil> 28 20009608440575540448447342959771998473852603760586335747283695015925348916153 27461751031976484806134882310711806361792730342634460216416439607580825665787 0xc42849a420 4 0 [110 255 162 178 78 238 146 217 40 224 117 182 224 35 34 90 67 67 135 171 44 31 74 114 250 53 200 99 61 138 58 202] 0xc42b81d770 0xc42b81d7c0}
cosip= <nil>
cosip== &{<nil> 28 20009608440575540448447342959771998473852603760586335747283695015925348916153 27461751031976484806134882310711806361792730342634460216416439607580825665787 0xc42849a420 4 0 [110 255 162 178 78 238 146 217 40 224 117 182 224 35 34 90 67 67 135 171 44 31 74 114 250 53 200 99 61 138 58 202] 0xc42b81d770 0xc42b81d7c0}
INFO [11-06|03:14:33] in bfthandler Send MsigProposalMsg 
INFO [11-06|03:14:33] Sending MsigProposalMsg 
INFO [11-06|03:14:33] Sending MsigProposalMsg 
INFO [11-06|03:14:33] Sending MsigProposalMsg 
INFO [11-06|03:14:33] ------addmsigproposal success!------- 
INFO [11-06|03:14:33] Handle BFT Msg,                          msg="msg #17 (107 bytes)"
INFO [11-06|03:14:33] ------Received VoteMsg------ 
voteHR: H: 4 R: 0 voteType:: 1 voteHash: [110 255 162 178 78 238 146 217 40 224 117 182 224 35 34 90 67 67 135 171 44 31 74 114 250 53 200 99 61 138 58 202]
cmHR: H: 4 R: 0
INFO [11-06|03:14:33] --------------------------------------- 
INFO [11-06|03:14:33] addVote to                               height=4 round=0 from=0x7d577a597b2742b498cb5cf0c26cdcd726d39e6e success=true cm.coinbase=0x82a978b3f5962a5b0957d9ee9eef472ee55b42f1
INFO [11-06|03:14:33] ------in handle VoteMsg, success!------ 
INFO [11-06|03:14:33] Handle BFT Msg,                          msg="msg #17 (107 bytes)"
INFO [11-06|03:14:33] ------Received VoteMsg------ 
voteHR: H: 4 R: 0 voteType:: 1 voteHash: [110 255 162 178 78 238 146 217 40 224 117 182 224 35 34 90 67 67 135 171 44 31 74 114 250 53 200 99 61 138 58 202]
cmHR: H: 4 R: 0
INFO [11-06|03:14:33] --------------------------------------- 
INFO [11-06|03:14:33] addVote to                               height=4 round=0 from=0x598443f1880ef585b21f1d7585bd0577402861e5 success=true cm.coinbase=0x82a978b3f5962a5b0957d9ee9eef472ee55b42f1
INFO [11-06|03:14:33] ------in handle VoteMsg, success!------ 
INFO [11-06|03:14:33] case: default, cm.process 
ready: 4 need: 2.6666667
INFO [11-06|03:14:33] ---------------process------------------ 
INFO [11-06|03:14:33] In RM Process                            height=4 round=0
INFO [11-06|03:14:33] --------In rm.propose------- 
INFO [11-06|03:14:33] I am a proposer in                       height=4 round=0
INFO [11-06|03:14:33] ---------------in rm.vote----------------- 
INFO [11-06|03:14:33] in vote in RM                            height=4 round=0
INFO [11-06|03:14:33] vote mp 
INFO [11-06|03:14:33] vote success in                          height=4 round=0
INFO [11-06|03:14:33] Send VoteMsg 
INFO [11-06|03:14:33] in rm.process, check lockset HasQuorum 
INFO [11-06|03:14:33] in HasQuorum 
INFO [11-06|03:14:33] In IsValid() 
len(lockset.Votes): 3 lockset.EligibleVotesNum: 4
INFO [11-06|03:14:33] There is a quorum                        height=4 round=0
INFO [11-06|03:14:33] ============in cm.commitLockset============ 
INFO [11-06|03:14:33] in commitLockset, check ls HasQuorum 
INFO [11-06|03:14:33] in HasQuorum 
INFO [11-06|03:14:33] In IsValid() 
len(lockset.Votes): 3 lockset.EligibleVotesNum: 4
INFO [11-06|03:14:33] cm.found is not nil 
INFO [11-06|03:14:33] store lockset 
INFO [11-06|03:14:33] ---storeLockset--- 
INFO [11-06|03:14:33] after cm.process() 
INFO [11-06|03:14:33] have a consensus on the block 
ConsensusTime, 155492210 , txs, 1600 , blockNum, 4
FinishedConsensus, 1541445273801965000
INFO [11-06|03:14:33] Successfully sealed new block            number=4 hash=6effa2…8a3aca
INFO [11-06|03:14:33] === Finished Mine() === 
INFO [11-06|03:14:33] 🔨 mined potential block                  number=4 hash=6effa2…8a3aca
INFO [11-06|03:14:33] ---atomic.LoadInt32(&self.mining) == 1 && work.tcount == 0--- 
INFO [11-06|03:14:33] in pool.evenLoop, call pool.resetState 
INFO [11-06|03:14:34] Handle BFT Msg,                          msg="msg #17 (107 bytes)"
INFO [11-06|03:14:34] ------Received VoteMsg------ 
voteHR: H: 4 R: 0 voteType:: 1 voteHash: [110 255 162 178 78 238 146 217 40 224 117 182 224 35 34 90 67 67 135 171 44 31 74 114 250 53 200 99 61 138 58 202]
cmHR: H: 5 R: 0
INFO [11-06|03:14:34] --------------------------------------- 
INFO [11-06|03:14:34] addVote to                               height=4 round=0 from=0xdceceaf3fc5c0a63d195d69b1a90011b7b19650d success=true cm.coinbase=0x82a978b3f5962a5b0957d9ee9eef472ee55b42f1
INFO [11-06|03:14:34] ------in handle VoteMsg, success!------ 
INFO [11-06|03:14:36] Handle BFT Msg,                          msg="msg #18 (662 bytes)"
INFO [11-06|03:14:36] ------Received MsigProposalMsg------ 
mpHR: H: 5 R: 0 hash: [38 206 85 194 185 213 129 102 162 239 165 252 81 46 63 72 54 37 150 243 183 31 153 222 172 216 96 196 108 126 212 197]
cmHR: H: 5 R: 0
INFO [11-06|03:14:36] --------------------------------------- 
H====:  5 P==== 0
INFO [11-06|03:14:36] In addMsig I am leader 
mp= &{<nil> 27 16121330113057115029531407482837313053630622187323293471337211269405212195451 31619579868600185565621811227808023687173660309496947905100362596742667984065 0xc428bde060 5 0 [38 206 85 194 185 213 129 102 162 239 165 252 81 46 63 72 54 37 150 243 183 31 153 222 172 216 96 196 108 126 212 197] 0xc42b81c000 0xc42b81c050}
mp= &{<nil> 27 16121330113057115029531407482837313053630622187323293471337211269405212195451 31619579868600185565621811227808023687173660309496947905100362596742667984065 0xc428bde060 5 0 [38 206 85 194 185 213 129 102 162 239 165 252 81 46 63 72 54 37 150 243 183 31 153 222 172 216 96 196 108 126 212 197] 0xc42b81c000 0xc42b81c050}
cosip= <nil>
cosip== &{<nil> 27 16121330113057115029531407482837313053630622187323293471337211269405212195451 31619579868600185565621811227808023687173660309496947905100362596742667984065 0xc428bde060 5 0 [38 206 85 194 185 213 129 102 162 239 165 252 81 46 63 72 54 37 150 243 183 31 153 222 172 216 96 196 108 126 212 197] 0xc42b81c000 0xc42b81c050}
INFO [11-06|03:14:36] in bfthandler Send MsigProposalMsg 
INFO [11-06|03:14:36] Sending MsigProposalMsg 
INFO [11-06|03:14:36] Sending MsigProposalMsg 
INFO [11-06|03:14:36] Sending MsigProposalMsg 
INFO [11-06|03:14:36] ------addmsigproposal success!------- 
INFO [11-06|03:14:36] Handle BFT Msg,                          msg="msg #18 (662 bytes)"
INFO [11-06|03:14:36] ------Received MsigProposalMsg------ 
mpHR: H: 5 R: 0 hash: [38 206 85 194 185 213 129 102 162 239 165 252 81 46 63 72 54 37 150 243 183 31 153 222 172 216 96 196 108 126 212 197]
cmHR: H: 5 R: 0
INFO [11-06|03:14:36] --------------------------------------- 
H====:  5 P==== 0
INFO [11-06|03:14:36] In addMsig I am leader 
mp= &{<nil> 27 16121330113057115029531407482837313053630622187323293471337211269405212195451 31619579868600185565621811227808023687173660309496947905100362596742667984065 0xc428bdf0e0 5 0 [38 206 85 194 185 213 129 102 162 239 165 252 81 46 63 72 54 37 150 243 183 31 153 222 172 216 96 196 108 126 212 197] 0xc42b81c2d0 0xc42b81c320}
mp= &{<nil> 27 16121330113057115029531407482837313053630622187323293471337211269405212195451 31619579868600185565621811227808023687173660309496947905100362596742667984065 0xc428bdf0e0 5 0 [38 206 85 194 185 213 129 102 162 239 165 252 81 46 63 72 54 37 150 243 183 31 153 222 172 216 96 196 108 126 212 197] 0xc42b81c2d0 0xc42b81c320}
cosip= &{<nil> 27 16121330113057115029531407482837313053630622187323293471337211269405212195451 31619579868600185565621811227808023687173660309496947905100362596742667984065 0xc428bde060 5 0 [38 206 85 194 185 213 129 102 162 239 165 252 81 46 63 72 54 37 150 243 183 31 153 222 172 216 96 196 108 126 212 197] 0xc42b81c000 0xc42b81c050}
INFO [11-06|03:14:36] in bfthandler Send MsigProposalMsg 
INFO [11-06|03:14:36] ------addmsigproposal success!------- 
INFO [11-06|03:14:36] Handle BFT Msg,                          msg="msg #11 (173950 bytes)"
INFO [11-06|03:14:36] -------Received NewBlockProposalMsg------- 
bpHR: H: 5 R: 0
cmHR: H: 5 R: 0
INFO [11-06|03:14:36] --------------------------------------- 
# collMsig from = Peer 6d11b37ef4fc909a [eth/63]
cmHR: H: 5 R: 0
this is rm.proposerPeer  Peer 6d11b37ef4fc909a [eth/63]
INFO [11-06|03:14:36] In IsValid() 
len(lockset.Votes): 0 lockset.EligibleVotesNum: 0
INFO [11-06|03:14:36] cm add BlockProposal                     h=5 r=0
INFO [11-06|03:14:36] in HasQuorum 
INFO [11-06|03:14:36] In IsValid() 
len(lockset.Votes): 4 lockset.EligibleVotesNum: 4
INFO [11-06|03:14:36] In addBlockCandidates!! 
INFO [11-06|03:14:36] -------in handle NewBlockProposalMsg, success!------- 
INFO [11-06|03:14:36] Handle BFT Msg,                          msg="msg #17 (107 bytes)"
INFO [11-06|03:14:36] ------Received VoteMsg------ 
voteHR: H: 5 R: 0 voteType:: 1 voteHash: [38 206 85 194 185 213 129 102 162 239 165 252 81 46 63 72 54 37 150 243 183 31 153 222 172 216 96 196 108 126 212 197]
cmHR: H: 5 R: 0
INFO [11-06|03:14:36] --------------------------------------- 
INFO [11-06|03:14:36] addVote to                               height=5 round=0 from=0x7d577a597b2742b498cb5cf0c26cdcd726d39e6e success=true cm.coinbase=0x82a978b3f5962a5b0957d9ee9eef472ee55b42f1
INFO [11-06|03:14:36] ------in handle VoteMsg, success!------ 
INFO [11-06|03:14:37] Handle BFT Msg,                          msg="msg #17 (107 bytes)"
INFO [11-06|03:14:37] ------Received VoteMsg------ 
voteHR: H: 5 R: 0 voteType:: 1 voteHash: [38 206 85 194 185 213 129 102 162 239 165 252 81 46 63 72 54 37 150 243 183 31 153 222 172 216 96 196 108 126 212 197]
cmHR: H: 5 R: 0
INFO [11-06|03:14:37] --------------------------------------- 
INFO [11-06|03:14:37] addVote to                               height=5 round=0 from=0x598443f1880ef585b21f1d7585bd0577402861e5 success=true cm.coinbase=0x82a978b3f5962a5b0957d9ee9eef472ee55b42f1
INFO [11-06|03:14:37] ------in handle VoteMsg, success!------ 
INFO [11-06|03:14:37] Handle BFT Msg,                          msg="msg #17 (107 bytes)"
INFO [11-06|03:14:37] ------Received VoteMsg------ 
voteHR: H: 5 R: 0 voteType:: 1 voteHash: [38 206 85 194 185 213 129 102 162 239 165 252 81 46 63 72 54 37 150 243 183 31 153 222 172 216 96 196 108 126 212 197]
cmHR: H: 5 R: 0
INFO [11-06|03:14:37] --------------------------------------- 
INFO [11-06|03:14:37] addVote to                               height=5 round=0 from=0xdceceaf3fc5c0a63d195d69b1a90011b7b19650d success=true cm.coinbase=0x82a978b3f5962a5b0957d9ee9eef472ee55b42f1
INFO [11-06|03:14:37] ------in handle VoteMsg, success!------ 
INFO [11-06|03:14:37] received NewBlockMsg! 
INFO [11-06|03:14:37] ***in BFT.VVVVerifyHeader*** 
INFO [11-06|03:14:37] ***in BFT.verifyHeader*** 
INFO [11-06|03:14:37] ***in BFT.verifySeal*** 
INFO [11-06|03:14:37] In verifyVotes 
INFO [11-06|03:14:37] ***in sync.request()*** 
INFO [11-06|03:14:37] In verifyVotes 
INFO [11-06|03:14:37] ***in sync.request()*** 
INFO [11-06|03:14:38] In verifyVotes 
INFO [11-06|03:14:38] ***in sync.request()*** 
INFO [11-06|03:14:38] Handle BFT Msg,                          msg="msg #10 (328 bytes)"
INFO [11-06|03:14:38] -------Received LocksetMsg------- 
lockset: &{<nil> 0 0 0 4 [0xc42a139e60 0xc42a139ec0 0xc42a139f20] false}
INFO [11-06|03:14:38] in HasQuorum 
INFO [11-06|03:14:38] In IsValid() 
len(lockset.Votes): 3 lockset.EligibleVotesNum: 4
INFO [11-06|03:14:38] ---storeLockset--- 
INFO [11-06|03:14:38] In verifyVotes 
INFO [11-06|03:14:38] in HasQuorum 
INFO [11-06|03:14:38] In IsValid() 
len(lockset.Votes): 3 lockset.EligibleVotesNum: 4
INFO [11-06|03:14:38] ***in BFT.VerifyHeaderSSSS*** 
INFO [11-06|03:14:38] ***in BFT.verifyHeader*** 
INFO [11-06|03:14:38] ***in BFT.verifySeal*** 
INFO [11-06|03:14:38] In verifyVotes 
INFO [11-06|03:14:38] in HasQuorum 
INFO [11-06|03:14:38] In IsValid() 
len(lockset.Votes): 3 lockset.EligibleVotesNum: 4
INFO [11-06|03:14:38] Commit new mining work                   number=5 txs=1601 uncles=0 elapsed=2.062s
INFO [11-06|03:14:38] Sealing                                  block n=5
StartConsensus, 1541445278927893000
INFO [11-06|03:14:38] Start Process 
INFO [11-06|03:14:38] in cm.Process, check lastCommittingLockset() 
INFO [11-06|03:14:38] In IsValid() 
len(lockset.Votes): 4 lockset.EligibleVotesNum: 4
INFO [11-06|03:14:38] in HasQuorum 
INFO [11-06|03:14:38] In IsValid() 
len(lockset.Votes): 4 lockset.EligibleVotesNum: 4
=====CM.COINBASE IS:===== [130 169 120 179 245 150 42 91 9 87 217 238 158 239 71 46 229 91 66 241] block number is: 5
INFO [11-06|03:14:38] case: default, cm.process 
ready: 4 need: 2.6666667
INFO [11-06|03:14:38] ---------------process------------------ 
INFO [11-06|03:14:38] In RM Process                            height=5 round=0
INFO [11-06|03:14:38] --------In rm.propose------- 
INFO [11-06|03:14:38] ---------------in rm.vote----------------- 
INFO [11-06|03:14:38] in vote in RM                            height=5 round=0
INFO [11-06|03:14:38] vote mp 
INFO [11-06|03:14:38] vote success in                          height=5 round=0
INFO [11-06|03:14:38] Send VoteMsg 
INFO [11-06|03:14:38] in rm.process, check lockset HasQuorum 
INFO [11-06|03:14:38] in HasQuorum 
INFO [11-06|03:14:38] In IsValid() 
len(lockset.Votes): 4 lockset.EligibleVotesNum: 4
INFO [11-06|03:14:38] There is a quorum                        height=5 round=0
--- in rm.process p.id: --- Peer 6d11b37ef4fc909a [eth/63]
INFO [11-06|03:14:38] ============in cm.commitLockset============ 
INFO [11-06|03:14:38] in commitLockset, check ls HasQuorum 
INFO [11-06|03:14:38] in HasQuorum 
INFO [11-06|03:14:38] In IsValid() 
len(lockset.Votes): 4 lockset.EligibleVotesNum: 4
INFO [11-06|03:14:38] cm.found is not nil 
INFO [11-06|03:14:38] store lockset 
peerid: 6d11b37ef4fc909a
INFO [11-06|03:14:38] ---storeLockset--- 
INFO [11-06|03:14:38] after cm.process() 
cmH 5
INFO [11-06|03:14:38] in validatorCommit1 
pid: 6d11b37ef4fc909a
block number 5
-------in NewBFTValidatorBlock-------
INFO [11-06|03:14:38] in validatorCommit2 
validatorCommit time: 76.706µs
INFO [11-06|03:14:38] **in eth.handler**, get result from ch 
INFO [11-06|03:14:38] have a consensus on the block 
INFO [11-06|03:14:38] result.Header().Coinbase != b.signer 
result.Header().Coinbase: [125 87 122 89 123 39 66 180 152 203 92 240 194 108 220 215 38 211 158 110] b.signer: [130 169 120 179 245 150 42 91 9 87 217 238 158 239 71 46 229 91 66 241]
ConsensusTime, 2584091 , txs, 1601 , blockNum, 5
FinishedConsensus, 1541445278930469000
INFO [11-06|03:14:38] result is nil 
INFO [11-06|03:14:38] === Finished Mine() === 
INFO [11-06|03:14:39] Imported new chain segment               blocks=1 txs=1601 mgas=33.621 elapsed=1.515s    mgasps=22.184 number=5 hash=26ce55…7ed4c5
FinishedPostExec, 1541445279896024000 , txs, 1601
PostExecTime, 1.51553086s
INFO [11-06|03:14:39] in pool.evenLoop, call pool.resetState 
INFO [11-06|03:14:41] Handle BFT Msg,                          msg="msg #11 (174050 bytes)"
INFO [11-06|03:14:41] -------Received NewBlockProposalMsg------- 
bpHR: H: 6 R: 0
cmHR: H: 6 R: 0
INFO [11-06|03:14:41] --------------------------------------- 
# collMsig from = Peer 94dd98401cf6ca04 [eth/63]
cmHR: H: 6 R: 0
this is rm.proposerPeer  Peer 94dd98401cf6ca04 [eth/63]
INFO [11-06|03:14:41] In IsValid() 
len(lockset.Votes): 0 lockset.EligibleVotesNum: 0
INFO [11-06|03:14:41] cm add BlockProposal                     h=6 r=0
INFO [11-06|03:14:41] in HasQuorum 
INFO [11-06|03:14:41] In IsValid() 
len(lockset.Votes): 4 lockset.EligibleVotesNum: 4
INFO [11-06|03:14:41] In addBlockCandidates!! 
INFO [11-06|03:14:41] -------in handle NewBlockProposalMsg, success!------- 
INFO [11-06|03:14:41] Handle BFT Msg,                          msg="msg #18 (662 bytes)"
INFO [11-06|03:14:41] ------Received MsigProposalMsg------ 
mpHR: H: 6 R: 0 hash: [140 159 10 94 138 119 216 145 75 254 219 91 8 128 149 233 211 169 133 197 49 245 117 249 155 34 146 48 237 13 111 201]
cmHR: H: 6 R: 0
INFO [11-06|03:14:41] --------------------------------------- 
H====:  6 P==== 0
INFO [11-06|03:14:41] ------addmsigproposal success!------- 
INFO [11-06|03:14:41] Handle BFT Msg,                          msg="msg #17 (107 bytes)"
INFO [11-06|03:14:41] ------Received VoteMsg------ 
voteHR: H: 6 R: 0 voteType:: 1 voteHash: [140 159 10 94 138 119 216 145 75 254 219 91 8 128 149 233 211 169 133 197 49 245 117 249 155 34 146 48 237 13 111 201]
cmHR: H: 6 R: 0
INFO [11-06|03:14:41] --------------------------------------- 
INFO [11-06|03:14:41] addVote to                               height=6 round=0 from=0x7d577a597b2742b498cb5cf0c26cdcd726d39e6e success=true cm.coinbase=0x82a978b3f5962a5b0957d9ee9eef472ee55b42f1
INFO [11-06|03:14:41] ------in handle VoteMsg, success!------ 
INFO [11-06|03:14:41] Handle BFT Msg,                          msg="msg #17 (107 bytes)"
INFO [11-06|03:14:41] ------Received VoteMsg------ 
voteHR: H: 6 R: 0 voteType:: 1 voteHash: [140 159 10 94 138 119 216 145 75 254 219 91 8 128 149 233 211 169 133 197 49 245 117 249 155 34 146 48 237 13 111 201]
cmHR: H: 6 R: 0
INFO [11-06|03:14:41] --------------------------------------- 
INFO [11-06|03:14:41] addVote to                               height=6 round=0 from=0xdceceaf3fc5c0a63d195d69b1a90011b7b19650d success=true cm.coinbase=0x82a978b3f5962a5b0957d9ee9eef472ee55b42f1
INFO [11-06|03:14:41] ------in handle VoteMsg, success!------ 
INFO [11-06|03:14:41] Handle BFT Msg,                          msg="msg #17 (107 bytes)"
INFO [11-06|03:14:41] ------Received VoteMsg------ 
voteHR: H: 6 R: 0 voteType:: 1 voteHash: [140 159 10 94 138 119 216 145 75 254 219 91 8 128 149 233 211 169 133 197 49 245 117 249 155 34 146 48 237 13 111 201]
cmHR: H: 6 R: 0
INFO [11-06|03:14:41] --------------------------------------- 
INFO [11-06|03:14:41] addVote to                               height=6 round=0 from=0x598443f1880ef585b21f1d7585bd0577402861e5 success=true cm.coinbase=0x82a978b3f5962a5b0957d9ee9eef472ee55b42f1
INFO [11-06|03:14:41] ------in handle VoteMsg, success!------ 
INFO [11-06|03:14:41] Commit new mining work                   number=6 txs=1602 uncles=0 elapsed=1.895s
INFO [11-06|03:14:41] Sealing                                  block n=6
StartConsensus, 1541445281792076000
INFO [11-06|03:14:41] Start Process 
INFO [11-06|03:14:41] in cm.Process, check lastCommittingLockset() 
INFO [11-06|03:14:41] In IsValid() 
len(lockset.Votes): 4 lockset.EligibleVotesNum: 4
INFO [11-06|03:14:41] in HasQuorum 
INFO [11-06|03:14:41] In IsValid() 
len(lockset.Votes): 4 lockset.EligibleVotesNum: 4
=====CM.COINBASE IS:===== [130 169 120 179 245 150 42 91 9 87 217 238 158 239 71 46 229 91 66 241] block number is: 6
INFO [11-06|03:14:41] case: default, cm.process 
ready: 4 need: 2.6666667
INFO [11-06|03:14:41] ---------------process------------------ 
INFO [11-06|03:14:41] In RM Process                            height=6 round=0
INFO [11-06|03:14:41] --------In rm.propose------- 
INFO [11-06|03:14:41] ---------------in rm.vote----------------- 
INFO [11-06|03:14:41] in vote in RM                            height=6 round=0
INFO [11-06|03:14:41] vote mp 
INFO [11-06|03:14:41] vote success in                          height=6 round=0
INFO [11-06|03:14:41] Send VoteMsg 
INFO [11-06|03:14:41] in rm.process, check lockset HasQuorum 
INFO [11-06|03:14:41] in HasQuorum 
INFO [11-06|03:14:41] In IsValid() 
len(lockset.Votes): 4 lockset.EligibleVotesNum: 4
INFO [11-06|03:14:41] There is a quorum                        height=6 round=0
--- in rm.process p.id: --- Peer 94dd98401cf6ca04 [eth/63]
INFO [11-06|03:14:41] ============in cm.commitLockset============ 
INFO [11-06|03:14:41] in commitLockset, check ls HasQuorum 
INFO [11-06|03:14:41] in HasQuorum 
INFO [11-06|03:14:41] In IsValid() 
len(lockset.Votes): 4 lockset.EligibleVotesNum: 4
INFO [11-06|03:14:41] cm.found is not nil 
INFO [11-06|03:14:41] store lockset 
peerid: 94dd98401cf6ca04
INFO [11-06|03:14:41] ---storeLockset--- 
INFO [11-06|03:14:41] after cm.process() 
cmH 6
INFO [11-06|03:14:41] in validatorCommit1 
pid: 94dd98401cf6ca04
block number 6
-------in NewBFTValidatorBlock-------
INFO [11-06|03:14:41] in validatorCommit2 
validatorCommit time: 121.298µs
INFO [11-06|03:14:41] **in eth.handler**, get result from ch 
INFO [11-06|03:14:41] ***in BFT.VVVVerifyHeader*** 
INFO [11-06|03:14:41] ***in BFT.verifyHeader*** 
INFO [11-06|03:14:41] ***in BFT.verifySeal*** 
INFO [11-06|03:14:41] In verifyVotes 
INFO [11-06|03:14:41] in HasQuorum 
INFO [11-06|03:14:41] In IsValid() 
len(lockset.Votes): 4 lockset.EligibleVotesNum: 4
INFO [11-06|03:14:41] ***in BFT.VerifyHeaderSSSS*** 
INFO [11-06|03:14:41] ***in BFT.verifyHeader*** 
INFO [11-06|03:14:41] ***in BFT.verifySeal*** 
INFO [11-06|03:14:41] In verifyVotes 
INFO [11-06|03:14:41] in HasQuorum 
INFO [11-06|03:14:41] In IsValid() 
len(lockset.Votes): 4 lockset.EligibleVotesNum: 4
INFO [11-06|03:14:41] have a consensus on the block 
INFO [11-06|03:14:41] result.Header().Coinbase != b.signer 
result.Header().Coinbase: [220 236 234 243 252 92 10 99 209 149 214 155 26 144 1 27 123 25 101 13] b.signer: [130 169 120 179 245 150 42 91 9 87 217 238 158 239 71 46 229 91 66 241]
ConsensusTime, 27546085 , txs, 1602 , blockNum, 6
FinishedConsensus, 1541445281819682000
INFO [11-06|03:14:41] result is nil 
INFO [11-06|03:14:41] === Finished Mine() === 
INFO [11-06|03:14:43] Imported new chain segment               blocks=1 txs=1602 mgas=33.642 elapsed=1.197s    mgasps=28.090 number=6 hash=8c9f0a…0d6fc9
FinishedPostExec, 1541445283014873000 , txs, 1602
PostExecTime, 1.197661107s
INFO [11-06|03:14:43] in pool.evenLoop, call pool.resetState 
INFO [11-06|03:14:44] Handle BFT Msg,                          msg="msg #11 (174160 bytes)"
INFO [11-06|03:14:44] -------Received NewBlockProposalMsg------- 
bpHR: H: 7 R: 0
cmHR: H: 7 R: 0
INFO [11-06|03:14:44] --------------------------------------- 
# collMsig from = Peer d9d5b902798f5c42 [eth/63]
cmHR: H: 7 R: 0
this is rm.proposerPeer  Peer d9d5b902798f5c42 [eth/63]
INFO [11-06|03:14:44] In IsValid() 
len(lockset.Votes): 0 lockset.EligibleVotesNum: 0
INFO [11-06|03:14:44] cm add BlockProposal                     h=7 r=0
INFO [11-06|03:14:44] in HasQuorum 
INFO [11-06|03:14:44] In IsValid() 
len(lockset.Votes): 4 lockset.EligibleVotesNum: 4
INFO [11-06|03:14:44] in collectMsig, i am msig wintness 
INFO [11-06|03:14:44] Return MsigProposalMsg to                LOG15_ERROR=                                                   LOG15_ERROR="Normalized odd number of arguments by adding nil"
INFO [11-06|03:14:44] Sending MsigProposalMsg 
in cm.collectMsig, mp.MsigVs: [<nil> 27]
INFO [11-06|03:14:44] In addBlockCandidates!! 
INFO [11-06|03:14:44] -------in handle NewBlockProposalMsg, success!------- 
INFO [11-06|03:14:44] Handle BFT Msg,                          msg="msg #18 (662 bytes)"
INFO [11-06|03:14:44] ------Received MsigProposalMsg------ 
mpHR: H: 7 R: 0 hash: [172 56 38 81 108 207 14 44 26 63 28 180 178 155 6 137 133 184 68 132 226 140 113 87 169 106 211 195 117 163 21 32]
cmHR: H: 7 R: 0
INFO [11-06|03:14:44] --------------------------------------- 
H====:  7 P==== 0
INFO [11-06|03:14:44] ------addmsigproposal success!------- 
INFO [11-06|03:14:44] Handle BFT Msg,                          msg="msg #17 (107 bytes)"
INFO [11-06|03:14:44] ------Received VoteMsg------ 
voteHR: H: 7 R: 0 voteType:: 1 voteHash: [172 56 38 81 108 207 14 44 26 63 28 180 178 155 6 137 133 184 68 132 226 140 113 87 169 106 211 195 117 163 21 32]
cmHR: H: 7 R: 0
INFO [11-06|03:14:44] --------------------------------------- 
INFO [11-06|03:14:44] addVote to                               height=7 round=0 from=0x7d577a597b2742b498cb5cf0c26cdcd726d39e6e success=true cm.coinbase=0x82a978b3f5962a5b0957d9ee9eef472ee55b42f1
INFO [11-06|03:14:44] ------in handle VoteMsg, success!------ 
INFO [11-06|03:14:44] Handle BFT Msg,                          msg="msg #17 (107 bytes)"
INFO [11-06|03:14:44] ------Received VoteMsg------ 
voteHR: H: 7 R: 0 voteType:: 1 voteHash: [172 56 38 81 108 207 14 44 26 63 28 180 178 155 6 137 133 184 68 132 226 140 113 87 169 106 211 195 117 163 21 32]
cmHR: H: 7 R: 0
INFO [11-06|03:14:44] --------------------------------------- 
INFO [11-06|03:14:44] addVote to                               height=7 round=0 from=0x598443f1880ef585b21f1d7585bd0577402861e5 success=true cm.coinbase=0x82a978b3f5962a5b0957d9ee9eef472ee55b42f1
INFO [11-06|03:14:44] ------in handle VoteMsg, success!------ 
INFO [11-06|03:14:44] Commit new mining work                   number=7 txs=1603 uncles=0 elapsed=1.596s
INFO [11-06|03:14:44] Sealing                                  block n=7
StartConsensus, 1541445284611769000
INFO [11-06|03:14:44] Start Process 
INFO [11-06|03:14:44] in cm.Process, check lastCommittingLockset() 
INFO [11-06|03:14:44] In IsValid() 
len(lockset.Votes): 4 lockset.EligibleVotesNum: 4
INFO [11-06|03:14:44] in HasQuorum 
INFO [11-06|03:14:44] In IsValid() 
len(lockset.Votes): 4 lockset.EligibleVotesNum: 4
=====CM.COINBASE IS:===== [130 169 120 179 245 150 42 91 9 87 217 238 158 239 71 46 229 91 66 241] block number is: 7
INFO [11-06|03:14:44] case: default, cm.process 
ready: 4 need: 2.6666667
INFO [11-06|03:14:44] ---------------process------------------ 
INFO [11-06|03:14:44] In RM Process                            height=7 round=0
INFO [11-06|03:14:44] --------In rm.propose------- 
INFO [11-06|03:14:44] ---------------in rm.vote----------------- 
INFO [11-06|03:14:44] in vote in RM                            height=7 round=0
INFO [11-06|03:14:44] vote mp 
INFO [11-06|03:14:44] vote success in                          height=7 round=0
INFO [11-06|03:14:44] Send VoteMsg 
INFO [11-06|03:14:44] in rm.process, check lockset HasQuorum 
INFO [11-06|03:14:44] in HasQuorum 
INFO [11-06|03:14:44] In IsValid() 
len(lockset.Votes): 3 lockset.EligibleVotesNum: 4
INFO [11-06|03:14:44] There is a quorum                        height=7 round=0
--- in rm.process p.id: --- Peer d9d5b902798f5c42 [eth/63]
INFO [11-06|03:14:44] ============in cm.commitLockset============ 
INFO [11-06|03:14:44] in commitLockset, check ls HasQuorum 
INFO [11-06|03:14:44] in HasQuorum 
INFO [11-06|03:14:44] In IsValid() 
len(lockset.Votes): 3 lockset.EligibleVotesNum: 4
INFO [11-06|03:14:44] cm.found is not nil 
INFO [11-06|03:14:44] store lockset 
peerid: d9d5b902798f5c42
INFO [11-06|03:14:44] ---storeLockset--- 
INFO [11-06|03:14:44] after cm.process() 
cmH 7
INFO [11-06|03:14:44] in validatorCommit1 
pid: d9d5b902798f5c42
block number 7
-------in NewBFTValidatorBlock-------
INFO [11-06|03:14:44] in validatorCommit2 
validatorCommit time: 76.467µs
INFO [11-06|03:14:44] **in eth.handler**, get result from ch 
INFO [11-06|03:14:44] ***in BFT.VVVVerifyHeader*** 
INFO [11-06|03:14:44] ***in BFT.verifyHeader*** 
INFO [11-06|03:14:44] ***in BFT.verifySeal*** 
INFO [11-06|03:14:44] In verifyVotes 
INFO [11-06|03:14:44] in HasQuorum 
INFO [11-06|03:14:44] In IsValid() 
len(lockset.Votes): 3 lockset.EligibleVotesNum: 4
INFO [11-06|03:14:44] ***in BFT.VerifyHeaderSSSS*** 
INFO [11-06|03:14:44] ***in BFT.verifyHeader*** 
INFO [11-06|03:14:44] ***in BFT.verifySeal*** 
INFO [11-06|03:14:44] In verifyVotes 
INFO [11-06|03:14:44] in HasQuorum 
INFO [11-06|03:14:44] In IsValid() 
len(lockset.Votes): 3 lockset.EligibleVotesNum: 4
INFO [11-06|03:14:44] have a consensus on the block 
INFO [11-06|03:14:44] result.Header().Coinbase != b.signer 
result.Header().Coinbase: [89 132 67 241 136 14 245 133 178 31 29 117 133 189 5 119 64 40 97 229] b.signer: [130 169 120 179 245 150 42 91 9 87 217 238 158 239 71 46 229 91 66 241]
ConsensusTime, 12834065 , txs, 1603 , blockNum, 7
FinishedConsensus, 1541445284624625000
INFO [11-06|03:14:44] result is nil 
INFO [11-06|03:14:44] === Finished Mine() === 
INFO [11-06|03:14:46] Imported new chain segment               blocks=1 txs=1603 mgas=33.663 elapsed=1.479s    mgasps=22.757 number=7 hash=ac3826…a31520
FinishedPostExec, 1541445286103005000 , txs, 1603
PostExecTime, 1.479240663s
INFO [11-06|03:14:46] in pool.evenLoop, call pool.resetState 
INFO [11-06|03:14:46] Handle BFT Msg,                          msg="msg #17 (107 bytes)"
INFO [11-06|03:14:46] ------Received VoteMsg------ 
voteHR: H: 7 R: 0 voteType:: 1 voteHash: [172 56 38 81 108 207 14 44 26 63 28 180 178 155 6 137 133 184 68 132 226 140 113 87 169 106 211 195 117 163 21 32]
cmHR: H: 8 R: 0
INFO [11-06|03:14:46] --------------------------------------- 
INFO [11-06|03:14:46] addVote to                               height=7 round=0 from=0xdceceaf3fc5c0a63d195d69b1a90011b7b19650d success=true cm.coinbase=0x82a978b3f5962a5b0957d9ee9eef472ee55b42f1
INFO [11-06|03:14:46] ------in handle VoteMsg, success!------ 
INFO [11-06|03:14:48] Commit new mining work                   number=8 txs=1603 uncles=0 elapsed=2.232s
INFO [11-06|03:14:48] Sealing                                  block n=8
StartConsensus, 1541445288335904000
INFO [11-06|03:14:48] Start Process 
INFO [11-06|03:14:48] in cm.Process, check lastCommittingLockset() 
INFO [11-06|03:14:48] In IsValid() 
len(lockset.Votes): 4 lockset.EligibleVotesNum: 4
INFO [11-06|03:14:48] in HasQuorum 
INFO [11-06|03:14:48] In IsValid() 
len(lockset.Votes): 4 lockset.EligibleVotesNum: 4
=====CM.COINBASE IS:===== [130 169 120 179 245 150 42 91 9 87 217 238 158 239 71 46 229 91 66 241] block number is: 8
INFO [11-06|03:14:48] case: default, cm.process 
ready: 4 need: 2.6666667
INFO [11-06|03:14:48] ---------------process------------------ 
INFO [11-06|03:14:48] In RM Process                            height=8 round=0
INFO [11-06|03:14:48] --------In rm.propose------- 
INFO [11-06|03:14:48] I am a proposer in                       height=8 round=0
INFO [11-06|03:14:48] in propose, check lastRoundLockset 
lastRoundLockset, hm.activeround: 0
INFO [11-06|03:14:48] ------in mkProposal------ 
INFO [11-06|03:14:48] In IsValid() 
len(lockset.Votes): 4 lockset.EligibleVotesNum: 4
INFO [11-06|03:14:48] in HasQuorum 
INFO [11-06|03:14:48] In IsValid() 
len(lockset.Votes): 4 lockset.EligibleVotesNum: 4
INFO [11-06|03:14:48] LockSet(R-1) is nil (rm.round should equal to zero) 
INFO [11-06|03:14:48] in HasQuorum 
INFO [11-06|03:14:48] In IsValid() 
len(lockset.Votes): 4 lockset.EligibleVotesNum: 4
INFO [11-06|03:14:48] in HasQuorum 
INFO [11-06|03:14:48] In IsValid() 
len(lockset.Votes): 4 lockset.EligibleVotesNum: 4
Create block blockhash :  [192 129 56 144 36 159 242 58 49 75 85 235 24 13 248 57 215 28 67 50 204 160 111 159 234 51 208 176 189 212 29 178]
INFO [11-06|03:14:48] In addBlockCandidates!! 
INFO [11-06|03:14:48] Send NewBlockProposalMsg:                LOG15_ERROR=                                                   LOG15_ERROR="Normalized odd number of arguments by adding nil"
INFO [11-06|03:14:48] ---------------in rm.vote----------------- 
INFO [11-06|03:14:48] in vote in RM                            height=8 round=0
INFO [11-06|03:14:48] Timeout time not reach, curr vs timeout: curr=1541445288.000 timeout=1541445293.000
INFO [11-06|03:14:48] in rm.process, check lockset HasQuorum 
INFO [11-06|03:14:48] in HasQuorum 
INFO [11-06|03:14:48] In IsValid() 
len(lockset.Votes): 0 lockset.EligibleVotesNum: 4
INFO [11-06|03:14:48] rm lockset is not valid yet 
INFO [11-06|03:14:48] after cm.process() 
INFO [11-06|03:14:48] Handle BFT Msg,                          msg="msg #18 (662 bytes)"
INFO [11-06|03:14:48] ------Received MsigProposalMsg------ 
mpHR: H: 8 R: 0 hash: [192 129 56 144 36 159 242 58 49 75 85 235 24 13 248 57 215 28 67 50 204 160 111 159 234 51 208 176 189 212 29 178]
cmHR: H: 8 R: 0
INFO [11-06|03:14:48] --------------------------------------- 
H====:  8 P==== 0
INFO [11-06|03:14:48] In addMsig I am leader 
mp= &{<nil> 28 39096455342073130853623547385289250358731132559519022157490821178959811683176 34166705917729046525701310653404765298775966045741158874557207576728047059186 0xc42728e0c0 8 0 [192 129 56 144 36 159 242 58 49 75 85 235 24 13 248 57 215 28 67 50 204 160 111 159 234 51 208 176 189 212 29 178] 0xc42a8ae000 0xc42a8ae050}
mp= &{<nil> 28 39096455342073130853623547385289250358731132559519022157490821178959811683176 34166705917729046525701310653404765298775966045741158874557207576728047059186 0xc42728e0c0 8 0 [192 129 56 144 36 159 242 58 49 75 85 235 24 13 248 57 215 28 67 50 204 160 111 159 234 51 208 176 189 212 29 178] 0xc42a8ae000 0xc42a8ae050}
cosip= <nil>
cosip== &{<nil> 28 39096455342073130853623547385289250358731132559519022157490821178959811683176 34166705917729046525701310653404765298775966045741158874557207576728047059186 0xc42728e0c0 8 0 [192 129 56 144 36 159 242 58 49 75 85 235 24 13 248 57 215 28 67 50 204 160 111 159 234 51 208 176 189 212 29 178] 0xc42a8ae000 0xc42a8ae050}
INFO [11-06|03:14:48] in bfthandler Send MsigProposalMsg 
INFO [11-06|03:14:48] Sending MsigProposalMsg 
INFO [11-06|03:14:48] Sending MsigProposalMsg 
INFO [11-06|03:14:48] Sending MsigProposalMsg 
INFO [11-06|03:14:48] ------addmsigproposal success!------- 
INFO [11-06|03:14:48] Handle BFT Msg,                          msg="msg #17 (107 bytes)"
INFO [11-06|03:14:48] ------Received VoteMsg------ 
voteHR: H: 8 R: 0 voteType:: 1 voteHash: [192 129 56 144 36 159 242 58 49 75 85 235 24 13 248 57 215 28 67 50 204 160 111 159 234 51 208 176 189 212 29 178]
cmHR: H: 8 R: 0
INFO [11-06|03:14:48] --------------------------------------- 
INFO [11-06|03:14:48] addVote to                               height=8 round=0 from=0x7d577a597b2742b498cb5cf0c26cdcd726d39e6e success=true cm.coinbase=0x82a978b3f5962a5b0957d9ee9eef472ee55b42f1
INFO [11-06|03:14:48] ------in handle VoteMsg, success!------ 
INFO [11-06|03:14:48] Handle BFT Msg,                          msg="msg #17 (107 bytes)"
INFO [11-06|03:14:48] ------Received VoteMsg------ 
voteHR: H: 8 R: 0 voteType:: 1 voteHash: [192 129 56 144 36 159 242 58 49 75 85 235 24 13 248 57 215 28 67 50 204 160 111 159 234 51 208 176 189 212 29 178]
cmHR: H: 8 R: 0
INFO [11-06|03:14:48] --------------------------------------- 
INFO [11-06|03:14:48] addVote to                               height=8 round=0 from=0x598443f1880ef585b21f1d7585bd0577402861e5 success=true cm.coinbase=0x82a978b3f5962a5b0957d9ee9eef472ee55b42f1
INFO [11-06|03:14:48] ------in handle VoteMsg, success!------ 
INFO [11-06|03:14:48] case: default, cm.process 
ready: 4 need: 2.6666667
INFO [11-06|03:14:48] ---------------process------------------ 
INFO [11-06|03:14:48] In RM Process                            height=8 round=0
INFO [11-06|03:14:48] --------In rm.propose------- 
INFO [11-06|03:14:48] I am a proposer in                       height=8 round=0
INFO [11-06|03:14:48] ---------------in rm.vote----------------- 
INFO [11-06|03:14:48] in vote in RM                            height=8 round=0
INFO [11-06|03:14:48] vote mp 
INFO [11-06|03:14:48] vote success in                          height=8 round=0
INFO [11-06|03:14:48] Send VoteMsg 
INFO [11-06|03:14:48] in rm.process, check lockset HasQuorum 
INFO [11-06|03:14:48] in HasQuorum 
INFO [11-06|03:14:48] In IsValid() 
len(lockset.Votes): 3 lockset.EligibleVotesNum: 4
INFO [11-06|03:14:48] There is a quorum                        height=8 round=0
INFO [11-06|03:14:48] ============in cm.commitLockset============ 
INFO [11-06|03:14:48] in commitLockset, check ls HasQuorum 
INFO [11-06|03:14:48] in HasQuorum 
INFO [11-06|03:14:48] In IsValid() 
len(lockset.Votes): 3 lockset.EligibleVotesNum: 4
INFO [11-06|03:14:48] cm.found is not nil 
INFO [11-06|03:14:48] store lockset 
INFO [11-06|03:14:48] ---storeLockset--- 
INFO [11-06|03:14:48] have a consensus on the block 
ConsensusTime, 181591222 , txs, 1603 , blockNum, 8
INFO [11-06|03:14:48] after cm.process() 
FinishedConsensus, 1541445288517389000
INFO [11-06|03:14:48] Successfully sealed new block            number=8 hash=c08138…d41db2
INFO [11-06|03:14:48] === Finished Mine() === 
INFO [11-06|03:14:48] 🔨 mined potential block                  number=8 hash=c08138…d41db2
INFO [11-06|03:14:48] in pool.evenLoop, call pool.resetState 
INFO [11-06|03:14:49] Handle BFT Msg,                          msg="msg #9 (3 bytes)"
INFO [11-06|03:14:49] -------GetLocksetsMsg------- 
GetLockSetsMsg request:  [{8}] from:  94dd98401cf6ca04
INFO [11-06|03:14:49]  Sending Lockset                         LOG15_ERROR=                                                   LOG15_ERROR="Normalized odd number of arguments by adding nil"
INFO [11-06|03:14:50] Handle BFT Msg,                          msg="msg #17 (107 bytes)"
INFO [11-06|03:14:50] ------Received VoteMsg------ 
voteHR: H: 8 R: 0 voteType:: 1 voteHash: [192 129 56 144 36 159 242 58 49 75 85 235 24 13 248 57 215 28 67 50 204 160 111 159 234 51 208 176 189 212 29 178]
cmHR: H: 9 R: 0
INFO [11-06|03:14:50] --------------------------------------- 
INFO [11-06|03:14:50] addVote to                               height=8 round=0 from=0xdceceaf3fc5c0a63d195d69b1a90011b7b19650d success=true cm.coinbase=0x82a978b3f5962a5b0957d9ee9eef472ee55b42f1
INFO [11-06|03:14:50] ------in handle VoteMsg, success!------ 
INFO [11-06|03:14:51] Commit new mining work                   number=9 txs=1604 uncles=0 elapsed=2.545s
INFO [11-06|03:14:51] Sealing                                  block n=9
StartConsensus, 1541445291096935000
INFO [11-06|03:14:51] Start Process 
INFO [11-06|03:14:51] in cm.Process, check lastCommittingLockset() 
INFO [11-06|03:14:51] In IsValid() 
len(lockset.Votes): 4 lockset.EligibleVotesNum: 4
INFO [11-06|03:14:51] in HasQuorum 
INFO [11-06|03:14:51] In IsValid() 
len(lockset.Votes): 4 lockset.EligibleVotesNum: 4
=====CM.COINBASE IS:===== [130 169 120 179 245 150 42 91 9 87 217 238 158 239 71 46 229 91 66 241] block number is: 9
INFO [11-06|03:14:51] case: default, cm.process 
ready: 4 need: 2.6666667
INFO [11-06|03:14:51] ---------------process------------------ 
INFO [11-06|03:14:51] In RM Process                            height=9 round=0
INFO [11-06|03:14:51] --------In rm.propose------- 
INFO [11-06|03:14:51] ---------------in rm.vote----------------- 
INFO [11-06|03:14:51] in vote in RM                            height=9 round=0
INFO [11-06|03:14:51] Timeout time not reach, curr vs timeout: curr=1541445291.000 timeout=1541445296.000
INFO [11-06|03:14:51] in rm.process, check lockset HasQuorum 
INFO [11-06|03:14:51] in HasQuorum 
INFO [11-06|03:14:51] In IsValid() 
len(lockset.Votes): 0 lockset.EligibleVotesNum: 4
INFO [11-06|03:14:51] rm lockset is not valid yet 
INFO [11-06|03:14:51] after cm.process() 
INFO [11-06|03:14:51] case: default, cm.process 
ready: 4 need: 2.6666667
INFO [11-06|03:14:51] ---------------process------------------ 
INFO [11-06|03:14:51] In RM Process                            height=9 round=0
INFO [11-06|03:14:51] --------In rm.propose------- 
INFO [11-06|03:14:51] ---------------in rm.vote----------------- 
INFO [11-06|03:14:51] in vote in RM                            height=9 round=0
INFO [11-06|03:14:51] Timeout time not reach, curr vs timeout: curr=1541445291.000 timeout=1541445296.000
INFO [11-06|03:14:51] in rm.process, check lockset HasQuorum 
INFO [11-06|03:14:51] in HasQuorum 
INFO [11-06|03:14:51] In IsValid() 
len(lockset.Votes): 0 lockset.EligibleVotesNum: 4
INFO [11-06|03:14:51] rm lockset is not valid yet 
INFO [11-06|03:14:51] after cm.process() 
INFO [11-06|03:14:51] case: default, cm.process 
ready: 4 need: 2.6666667
INFO [11-06|03:14:51] ---------------process------------------ 
INFO [11-06|03:14:51] In RM Process                            height=9 round=0
INFO [11-06|03:14:51] --------In rm.propose------- 
INFO [11-06|03:14:51] ---------------in rm.vote----------------- 
INFO [11-06|03:14:51] in vote in RM                            height=9 round=0
INFO [11-06|03:14:51] Timeout time not reach, curr vs timeout: curr=1541445291.000 timeout=1541445296.000
INFO [11-06|03:14:51] in rm.process, check lockset HasQuorum 
INFO [11-06|03:14:51] in HasQuorum 
INFO [11-06|03:14:51] In IsValid() 
len(lockset.Votes): 0 lockset.EligibleVotesNum: 4
INFO [11-06|03:14:51] rm lockset is not valid yet 
INFO [11-06|03:14:51] after cm.process() 
INFO [11-06|03:14:51] case: default, cm.process 
ready: 4 need: 2.6666667
INFO [11-06|03:14:51] ---------------process------------------ 
INFO [11-06|03:14:51] In RM Process                            height=9 round=0
INFO [11-06|03:14:51] --------In rm.propose------- 
INFO [11-06|03:14:51] ---------------in rm.vote----------------- 
INFO [11-06|03:14:51] in vote in RM                            height=9 round=0
INFO [11-06|03:14:51] Timeout time not reach, curr vs timeout: curr=1541445291.000 timeout=1541445296.000
INFO [11-06|03:14:51] in rm.process, check lockset HasQuorum 
INFO [11-06|03:14:51] in HasQuorum 
INFO [11-06|03:14:51] In IsValid() 
len(lockset.Votes): 0 lockset.EligibleVotesNum: 4
INFO [11-06|03:14:51] rm lockset is not valid yet 
INFO [11-06|03:14:51] after cm.process() 
INFO [11-06|03:14:51] case: default, cm.process 
ready: 4 need: 2.6666667
INFO [11-06|03:14:51] ---------------process------------------ 
INFO [11-06|03:14:51] In RM Process                            height=9 round=0
INFO [11-06|03:14:51] --------In rm.propose------- 
INFO [11-06|03:14:51] ---------------in rm.vote----------------- 
INFO [11-06|03:14:51] in vote in RM                            height=9 round=0
INFO [11-06|03:14:51] Timeout time not reach, curr vs timeout: curr=1541445291.000 timeout=1541445296.000
INFO [11-06|03:14:51] in rm.process, check lockset HasQuorum 
INFO [11-06|03:14:51] in HasQuorum 
INFO [11-06|03:14:51] In IsValid() 
len(lockset.Votes): 0 lockset.EligibleVotesNum: 4
INFO [11-06|03:14:51] rm lockset is not valid yet 
INFO [11-06|03:14:51] after cm.process() 
./node1.sh: line 16: 76072 Terminated: 15          ../build/bin/geth --networkid 2234 --port 30303 --rpcport 8545 --datadir "data/node1" --nodiscover --rpc --rpccorsdomain "*" --rpcapi "eth,net,debug" --bft --allow-empty --num-validators 4 --node-num 0
