INFO [11-06|03:12:09] Starting peer-to-peer node               instance=Geth/v1.6.7-unstable-30f47b18/darwin-amd64/go1.9.7
INFO [11-06|03:12:09] Allocated cache and file handles         database=/Users/sujianwei20/new_misgcode/go_ethereum_cosi/examples/data/node3/geth/chaindata cache=128 handles=1024
WARN [11-06|03:12:09] Upgrading chain database to use sequential keys 
INFO [11-06|03:12:09] Initialised chain configuration          config="{ChainID: 2235 Homestead: 1 DAO: <nil> DAOSupport: false EIP150: 2 EIP155: 3 EIP158: 3 Metropolis: <nil> Engine: ethash}"
INFO [11-06|03:12:09] config bft is                            bft=true
WARN [11-06|03:12:09] Upgrading db log bloom bins 
INFO [11-06|03:12:09] Database conversion successful 
INFO [11-06|03:12:09] Bloom-bin upgrade completed              elapsed=234.536µs
INFO [11-06|03:12:09] Initialising Ethereum protocol           versions="[63 62]" network=2234
INFO [11-06|03:12:09] Loaded most recent local header          number=0 hash=6f3c1c…1bf138 td=1048576
INFO [11-06|03:12:09] Loaded most recent local full block      number=0 hash=6f3c1c…1bf138 td=1048576
INFO [11-06|03:12:09] Loaded most recent local fast block      number=0 hash=6f3c1c…1bf138 td=1048576
INFO [11-06|03:12:09] in NewTxPool, call resetState 
INFO [11-06|03:12:09] in NewTxPool, call pool.eventLoog() 
INFO [11-06|03:12:09] Allocated cache and file handles         database=/Users/sujianwei20/new_misgcode/go_ethereum_cosi/examples/data/node3/geth/bftData   cache=128 handles=1024
INFO [11-06|03:12:09] addVote to                               height=0 round=0 from=0xdceceaf3fc5c0a63d195d69b1a90011b7b19650d success=true cm.coinbase=0xdceceaf3fc5c0a63d195d69b1a90011b7b19650d
ready: 1 need: 2.6666667
INFO [11-06|03:12:09] consensusManager not ready  
ready: 1 need: 2.6666667
INFO [11-06|03:12:09] Starting P2P networking 
INFO [11-06|03:12:09] RLPx listener up                         self="enode://94dd98401cf6ca0418580bb77ad0606a35ae8f442b22ab0f81011d8d2c78e70ff779c1d53d015640d79a13f0be99161ae3ff3adb60633ca03a7b542cbe116882@[::]:30305?discport=0"
INFO [11-06|03:12:09] HTTP endpoint opened: http://127.0.0.1:8547 
INFO [11-06|03:12:09] IPC endpoint opened: /Users/sujianwei20/new_misgcode/go_ethereum_cosi/examples/data/node3/geth.ipc 
INFO [11-06|03:12:09] ---In BFTvalidatorCommitBlock--- 
ready: 1 need: 2.6666667
INFO [11-06|03:12:09] consensusManager not ready  
ready: 1 need: 2.6666667
INFO [11-06|03:12:09] send Ready msg 
INFO [11-06|03:12:09] send Ready msg 
INFO [11-06|03:12:09] send Ready msg 
INFO [11-06|03:12:09] Handle BFT Msg,                          msg="msg #8 (78 bytes)"
INFO [11-06|03:12:09] ------Received ReadMsg------ 
INFO [11-06|03:12:09] Handle BFT Msg,                          msg="msg #8 (78 bytes)"
INFO [11-06|03:12:09] ------Received ReadMsg------ 
INFO [11-06|03:12:09] Handle BFT Msg,                          msg="msg #8 (78 bytes)"
INFO [11-06|03:12:09] ------Received ReadMsg------ 
AddReady from: [220 236 234 243 252 92 10 99 209 149 214 155 26 144 1 27 123 25 101 13]
INFO [11-06|03:12:09] Handle BFT Msg,                          msg="msg #8 (78 bytes)"
AddReady from: [220 236 234 243 252 92 10 99 209 149 214 155 26 144 1 27 123 25 101 13]
INFO [11-06|03:12:09] ------Received ReadMsg------ 
AddReady from: [220 236 234 243 252 92 10 99 209 149 214 155 26 144 1 27 123 25 101 13]
AddReady from: [220 236 234 243 252 92 10 99 209 149 214 155 26 144 1 27 123 25 101 13]
INFO [11-06|03:12:09] Handle BFT Msg,                          msg="msg #8 (78 bytes)"
INFO [11-06|03:12:09] ------Received ReadMsg------ 
AddReady from: [125 87 122 89 123 39 66 180 152 203 92 240 194 108 220 215 38 211 158 110]
INFO [11-06|03:12:09] send Ready msg 
INFO [11-06|03:12:09] send Ready msg 
INFO [11-06|03:12:09] send Ready msg 
INFO [11-06|03:12:09] Handle BFT Msg,                          msg="msg #8 (78 bytes)"
INFO [11-06|03:12:09] ------Received ReadMsg------ 
AddReady from: [125 87 122 89 123 39 66 180 152 203 92 240 194 108 220 215 38 211 158 110]
INFO [11-06|03:12:09] Handle BFT Msg,                          msg="msg #8 (78 bytes)"
INFO [11-06|03:12:09] ------Received ReadMsg------ 
AddReady from: [125 87 122 89 123 39 66 180 152 203 92 240 194 108 220 215 38 211 158 110]
INFO [11-06|03:12:09] Handle BFT Msg,                          msg="msg #8 (78 bytes)"
INFO [11-06|03:12:09] ------Received ReadMsg------ 
AddReady from: [89 132 67 241 136 14 245 133 178 31 29 117 133 189 5 119 64 40 97 229]
INFO [11-06|03:12:09] send Ready msg 
INFO [11-06|03:12:09] send Ready msg 
INFO [11-06|03:12:09] send Ready msg 
INFO [11-06|03:12:09] Handle BFT Msg,                          msg="msg #8 (78 bytes)"
INFO [11-06|03:12:09] ------Received ReadMsg------ 
AddReady from: [89 132 67 241 136 14 245 133 178 31 29 117 133 189 5 119 64 40 97 229]
INFO [11-06|03:12:09] Handle BFT Msg,                          msg="msg #8 (78 bytes)"
INFO [11-06|03:12:09] ------Received ReadMsg------ 
AddReady from: [89 132 67 241 136 14 245 133 178 31 29 117 133 189 5 119 64 40 97 229]
INFO [11-06|03:12:09] Handle BFT Msg,                          msg="msg #8 (78 bytes)"
INFO [11-06|03:12:09] ------Received ReadMsg------ 
AddReady from: [130 169 120 179 245 150 42 91 9 87 217 238 158 239 71 46 229 91 66 241]
INFO [11-06|03:12:09] send Ready msg 
INFO [11-06|03:12:09] send Ready msg 
INFO [11-06|03:12:09] send Ready msg 
INFO [11-06|03:12:09] Handle BFT Msg,                          msg="msg #8 (78 bytes)"
INFO [11-06|03:12:09] ------Received ReadMsg------ 
INFO [11-06|03:12:09] Handle BFT Msg,                          msg="msg #8 (78 bytes)"
INFO [11-06|03:12:09] ------Received ReadMsg------ 
AddReady from: [130 169 120 179 245 150 42 91 9 87 217 238 158 239 71 46 229 91 66 241]
AddReady from: [130 169 120 179 245 150 42 91 9 87 217 238 158 239 71 46 229 91 66 241]
ready: 4 need: 2.6666667
ready: 4 need: 2.6666667
INFO [11-06|03:12:10] send Ready msg 
INFO [11-06|03:12:10] send Ready msg 
INFO [11-06|03:12:10] send Ready msg 
INFO [11-06|03:12:10] -----------------consensusManager Ready------------------------- 
INFO [11-06|03:12:10] Handle BFT Msg,                          msg="msg #8 (78 bytes)"
INFO [11-06|03:12:10] ------Received ReadMsg------ 
AddReady from: [220 236 234 243 252 92 10 99 209 149 214 155 26 144 1 27 123 25 101 13]
INFO [11-06|03:12:10] Handle BFT Msg,                          msg="msg #8 (78 bytes)"
INFO [11-06|03:12:10] ------Received ReadMsg------ 
INFO [11-06|03:12:10] Handle BFT Msg,                          msg="msg #8 (78 bytes)"
INFO [11-06|03:12:10] ------Received ReadMsg------ 
AddReady from: [220 236 234 243 252 92 10 99 209 149 214 155 26 144 1 27 123 25 101 13]
AddReady from: [220 236 234 243 252 92 10 99 209 149 214 155 26 144 1 27 123 25 101 13]
INFO [11-06|03:12:10] Handle BFT Msg,                          msg="msg #8 (78 bytes)"
INFO [11-06|03:12:10] ------Received ReadMsg------ 
AddReady from: [125 87 122 89 123 39 66 180 152 203 92 240 194 108 220 215 38 211 158 110]
INFO [11-06|03:12:10] send Ready msg 
INFO [11-06|03:12:10] send Ready msg 
INFO [11-06|03:12:10] send Ready msg 
INFO [11-06|03:12:10] Handle BFT Msg,                          msg="msg #8 (78 bytes)"
INFO [11-06|03:12:10] ------Received ReadMsg------ 
INFO [11-06|03:12:10] Handle BFT Msg,                          msg="msg #8 (78 bytes)"
INFO [11-06|03:12:10] ------Received ReadMsg------ 
AddReady from: [125 87 122 89 123 39 66 180 152 203 92 240 194 108 220 215 38 211 158 110]
INFO [11-06|03:12:10] Handle BFT Msg,                          msg="msg #8 (78 bytes)"
INFO [11-06|03:12:10] ------Received ReadMsg------ 
AddReady from: [125 87 122 89 123 39 66 180 152 203 92 240 194 108 220 215 38 211 158 110]
AddReady from: [125 87 122 89 123 39 66 180 152 203 92 240 194 108 220 215 38 211 158 110]
INFO [11-06|03:14:21] Transaction pool price threshold updated price=18000000000
INFO [11-06|03:14:21] Starting mining operation 
INFO [11-06|03:14:23] Handle BFT Msg,                          msg="msg #11 (172922 bytes)"
INFO [11-06|03:14:23] -------Received NewBlockProposalMsg------- 
bpHR: H: 1 R: 0
cmHR: H: 1 R: 0
INFO [11-06|03:14:23] --------------------------------------- 
# collMsig from = Peer 6d11b37ef4fc909a [eth/63]
cmHR: H: 1 R: 0
this is rm.proposerPeer  Peer 6d11b37ef4fc909a [eth/63]
INFO [11-06|03:14:23] In IsValid() 
len(lockset.Votes): 0 lockset.EligibleVotesNum: 0
INFO [11-06|03:14:23] cm add BlockProposal                     h=1 r=0
INFO [11-06|03:14:23] in HasQuorum 
INFO [11-06|03:14:23] In IsValid() 
len(lockset.Votes): 1 lockset.EligibleVotesNum: 0
INFO [11-06|03:14:23] in collectMsig, i am msig wintness 
INFO [11-06|03:14:23] Return MsigProposalMsg to                LOG15_ERROR= LOG15_ERROR="Normalized odd number of arguments by adding nil"
INFO [11-06|03:14:23] Sending MsigProposalMsg 
in cm.collectMsig, mp.MsigVs: [<nil> 27]
INFO [11-06|03:14:23] In addBlockCandidates!! 
INFO [11-06|03:14:23] -------in handle NewBlockProposalMsg, success!------- 
INFO [11-06|03:14:23] Handle BFT Msg,                          msg="msg #18 (345 bytes)"
INFO [11-06|03:14:23] ------Received MsigProposalMsg------ 
mpHR: H: 1 R: 0 hash: [252 161 234 235 244 75 181 4 55 101 250 243 88 205 130 193 26 199 226 117 62 194 96 203 149 208 205 64 2 41 3 190]
cmHR: H: 1 R: 0
INFO [11-06|03:14:23] --------------------------------------- 
H====:  1 P==== 0
INFO [11-06|03:14:23] ------addmsigproposal success!------- 
INFO [11-06|03:14:23] Handle BFT Msg,                          msg="msg #17 (107 bytes)"
INFO [11-06|03:14:23] ------Received VoteMsg------ 
voteHR: H: 1 R: 0 voteType:: 1 voteHash: [252 161 234 235 244 75 181 4 55 101 250 243 88 205 130 193 26 199 226 117 62 194 96 203 149 208 205 64 2 41 3 190]
cmHR: H: 1 R: 0
INFO [11-06|03:14:23] --------------------------------------- 
INFO [11-06|03:14:23] addVote to                               height=1 round=0 from=0x82a978b3f5962a5b0957d9ee9eef472ee55b42f1 success=true cm.coinbase=0xdceceaf3fc5c0a63d195d69b1a90011b7b19650d
INFO [11-06|03:14:23] ------in handle VoteMsg, success!------ 
INFO [11-06|03:14:23] Commit new mining work                   number=1 txs=1598 uncles=0 elapsed=2.181s
INFO [11-06|03:14:23] Sealing                                  block n=1
StartConsensus, 1541445263306200000
INFO [11-06|03:14:23] Start Process 
INFO [11-06|03:14:23] in cm.Process, check lastCommittingLockset() 
INFO [11-06|03:14:23] In IsValid() 
len(lockset.Votes): 2 lockset.EligibleVotesNum: 0
INFO [11-06|03:14:23] in HasQuorum 
INFO [11-06|03:14:23] In IsValid() 
len(lockset.Votes): 2 lockset.EligibleVotesNum: 0
=====CM.COINBASE IS:===== [220 236 234 243 252 92 10 99 209 149 214 155 26 144 1 27 123 25 101 13] block number is: 1
INFO [11-06|03:14:23] case: default, cm.process 
ready: 4 need: 2.6666667
INFO [11-06|03:14:23] ---------------process------------------ 
INFO [11-06|03:14:23] In RM Process                            height=1 round=0
INFO [11-06|03:14:23] --------In rm.propose------- 
INFO [11-06|03:14:23] ---------------in rm.vote----------------- 
INFO [11-06|03:14:23] in vote in RM                            height=1 round=0
INFO [11-06|03:14:23] vote mp 
INFO [11-06|03:14:23] vote success in                          height=1 round=0
INFO [11-06|03:14:23] Send VoteMsg 
INFO [11-06|03:14:23] in rm.process, check lockset HasQuorum 
INFO [11-06|03:14:23] in HasQuorum 
INFO [11-06|03:14:23] In IsValid() 
len(lockset.Votes): 2 lockset.EligibleVotesNum: 4
INFO [11-06|03:14:23] rm lockset is not valid yet 
INFO [11-06|03:14:23] after cm.process() 
INFO [11-06|03:14:23] Handle BFT Msg,                          msg="msg #17 (107 bytes)"
INFO [11-06|03:14:23] ------Received VoteMsg------ 
voteHR: H: 1 R: 0 voteType:: 1 voteHash: [252 161 234 235 244 75 181 4 55 101 250 243 88 205 130 193 26 199 226 117 62 194 96 203 149 208 205 64 2 41 3 190]
cmHR: H: 1 R: 0
INFO [11-06|03:14:23] --------------------------------------- 
INFO [11-06|03:14:23] addVote to                               height=1 round=0 from=0x7d577a597b2742b498cb5cf0c26cdcd726d39e6e success=true cm.coinbase=0xdceceaf3fc5c0a63d195d69b1a90011b7b19650d
INFO [11-06|03:14:23] ------in handle VoteMsg, success!------ 
INFO [11-06|03:14:23] received NewBlockMsg! 
INFO [11-06|03:14:23] case: default, cm.process 
ready: 4 need: 2.6666667
INFO [11-06|03:14:23] ---------------process------------------ 
INFO [11-06|03:14:23] In RM Process                            height=1 round=0
INFO [11-06|03:14:23] --------In rm.propose------- 
INFO [11-06|03:14:23] ---------------in rm.vote----------------- 
INFO [11-06|03:14:23] voted 
INFO [11-06|03:14:23] in rm.process, check lockset HasQuorum 
INFO [11-06|03:14:23] in HasQuorum 
INFO [11-06|03:14:23] In IsValid() 
len(lockset.Votes): 3 lockset.EligibleVotesNum: 4
INFO [11-06|03:14:23] There is a quorum                        height=1 round=0
--- in rm.process p.id: --- Peer 6d11b37ef4fc909a [eth/63]
INFO [11-06|03:14:23] ============in cm.commitLockset============ 
INFO [11-06|03:14:23] in commitLockset, check ls HasQuorum 
INFO [11-06|03:14:23] in HasQuorum 
INFO [11-06|03:14:23] In IsValid() 
len(lockset.Votes): 3 lockset.EligibleVotesNum: 4
INFO [11-06|03:14:23] cm.found is not nil 
INFO [11-06|03:14:23] store lockset 
peerid: 6d11b37ef4fc909a
INFO [11-06|03:14:23] ---storeLockset--- 
INFO [11-06|03:14:23] after cm.process() 
cmH 1
INFO [11-06|03:14:23] in validatorCommit1 
pid: 6d11b37ef4fc909a
block number 1
-------in NewBFTValidatorBlock-------
INFO [11-06|03:14:23] in validatorCommit2 
validatorCommit time: 92.461µs
INFO [11-06|03:14:23] **in eth.handler**, get result from ch 
INFO [11-06|03:14:23] ***in BFT.VVVVerifyHeader*** 
INFO [11-06|03:14:23] ***in BFT.verifyHeader*** 
INFO [11-06|03:14:23] ***in BFT.verifySeal*** 
INFO [11-06|03:14:23] In verifyVotes 
INFO [11-06|03:14:23] in HasQuorum 
INFO [11-06|03:14:23] In IsValid() 
len(lockset.Votes): 3 lockset.EligibleVotesNum: 4
INFO [11-06|03:14:23] ***in BFT.VerifyHeaderSSSS*** 
INFO [11-06|03:14:23] ***in BFT.verifyHeader*** 
INFO [11-06|03:14:23] ***in BFT.verifySeal*** 
INFO [11-06|03:14:23] In verifyVotes 
INFO [11-06|03:14:23] in HasQuorum 
INFO [11-06|03:14:23] In IsValid() 
len(lockset.Votes): 3 lockset.EligibleVotesNum: 4
INFO [11-06|03:14:23] have a consensus on the block 
INFO [11-06|03:14:23] result.Header().Coinbase != b.signer 
result.Header().Coinbase: [125 87 122 89 123 39 66 180 152 203 92 240 194 108 220 215 38 211 158 110] b.signer: [220 236 234 243 252 92 10 99 209 149 214 155 26 144 1 27 123 25 101 13]
ConsensusTime, 126764046 , txs, 1598 , blockNum, 1
FinishedConsensus, 1541445263433484000
INFO [11-06|03:14:23] result is nil 
INFO [11-06|03:14:23] === Finished Mine() === 
INFO [11-06|03:14:23] Handle BFT Msg,                          msg="msg #17 (107 bytes)"
INFO [11-06|03:14:23] ------Received VoteMsg------ 
voteHR: H: 1 R: 0 voteType:: 1 voteHash: [252 161 234 235 244 75 181 4 55 101 250 243 88 205 130 193 26 199 226 117 62 194 96 203 149 208 205 64 2 41 3 190]
cmHR: H: 1 R: 0
INFO [11-06|03:14:23] --------------------------------------- 
INFO [11-06|03:14:23] addVote to                               height=1 round=0 from=0x598443f1880ef585b21f1d7585bd0577402861e5 success=true cm.coinbase=0xdceceaf3fc5c0a63d195d69b1a90011b7b19650d
INFO [11-06|03:14:23] ------in handle VoteMsg, success!------ 
INFO [11-06|03:14:23] received NewBlockMsg! 
INFO [11-06|03:14:24] Imported new chain segment               blocks=1 txs=1598 mgas=33.558 elapsed=1.108s    mgasps=30.278 number=1 hash=fca1ea…2903be
FinishedPostExec, 1541445264520047000 , txs, 1598
PostExecTime, 1.108347309s
INFO [11-06|03:14:24] in pool.evenLoop, call pool.resetState 
INFO [11-06|03:14:26] Commit new mining work                   number=2 txs=1599 uncles=0 elapsed=1.677s
INFO [11-06|03:14:26] Sealing                                  block n=2
StartConsensus, 1541445266197393000
INFO [11-06|03:14:26] Start Process 
INFO [11-06|03:14:26] in cm.Process, check lastCommittingLockset() 
INFO [11-06|03:14:26] In IsValid() 
len(lockset.Votes): 4 lockset.EligibleVotesNum: 4
INFO [11-06|03:14:26] in HasQuorum 
INFO [11-06|03:14:26] In IsValid() 
len(lockset.Votes): 4 lockset.EligibleVotesNum: 4
=====CM.COINBASE IS:===== [220 236 234 243 252 92 10 99 209 149 214 155 26 144 1 27 123 25 101 13] block number is: 2
INFO [11-06|03:14:26] case: default, cm.process 
ready: 4 need: 2.6666667
INFO [11-06|03:14:26] ---------------process------------------ 
INFO [11-06|03:14:26] In RM Process                            height=2 round=0
INFO [11-06|03:14:26] --------In rm.propose------- 
INFO [11-06|03:14:26] I am a proposer in                       height=2 round=0
INFO [11-06|03:14:26] in propose, check lastRoundLockset 
lastRoundLockset, hm.activeround: 0
INFO [11-06|03:14:26] ------in mkProposal------ 
INFO [11-06|03:14:26] In IsValid() 
len(lockset.Votes): 4 lockset.EligibleVotesNum: 4
INFO [11-06|03:14:26] in HasQuorum 
INFO [11-06|03:14:26] In IsValid() 
len(lockset.Votes): 4 lockset.EligibleVotesNum: 4
INFO [11-06|03:14:26] LockSet(R-1) is nil (rm.round should equal to zero) 
INFO [11-06|03:14:26] in HasQuorum 
INFO [11-06|03:14:26] In IsValid() 
len(lockset.Votes): 4 lockset.EligibleVotesNum: 4
INFO [11-06|03:14:26] in HasQuorum 
INFO [11-06|03:14:26] In IsValid() 
len(lockset.Votes): 4 lockset.EligibleVotesNum: 4
Create block blockhash :  [186 131 254 213 52 139 78 44 228 84 97 30 12 137 35 153 229 81 177 65 75 117 114 50 245 225 101 242 47 48 22 120]
INFO [11-06|03:14:26] In addBlockCandidates!! 
INFO [11-06|03:14:26] Send NewBlockProposalMsg:                LOG15_ERROR=                                                   LOG15_ERROR="Normalized odd number of arguments by adding nil"
INFO [11-06|03:14:26] ---------------in rm.vote----------------- 
INFO [11-06|03:14:26] in vote in RM                            height=2 round=0
INFO [11-06|03:14:26] Timeout time not reach, curr vs timeout: curr=1541445266.000 timeout=1541445271.000
INFO [11-06|03:14:26] in rm.process, check lockset HasQuorum 
INFO [11-06|03:14:26] in HasQuorum 
INFO [11-06|03:14:26] In IsValid() 
len(lockset.Votes): 0 lockset.EligibleVotesNum: 4
INFO [11-06|03:14:26] rm lockset is not valid yet 
INFO [11-06|03:14:26] after cm.process() 
INFO [11-06|03:14:26] Handle BFT Msg,                          msg="msg #18 (662 bytes)"
INFO [11-06|03:14:26] ------Received MsigProposalMsg------ 
mpHR: H: 2 R: 0 hash: [186 131 254 213 52 139 78 44 228 84 97 30 12 137 35 153 229 81 177 65 75 117 114 50 245 225 101 242 47 48 22 120]
cmHR: H: 2 R: 0
INFO [11-06|03:14:26] --------------------------------------- 
H====:  2 P==== 0
INFO [11-06|03:14:26] In addMsig I am leader 
mp= &{<nil> 28 17480936663144275916005717107630923031504646316391531718146459245204080478038 15346499750694456942066900754489426589374595867973610517621255406335201820473 0xc4249bc180 2 0 [186 131 254 213 52 139 78 44 228 84 97 30 12 137 35 153 229 81 177 65 75 117 114 50 245 225 101 242 47 48 22 120] 0xc42a3bc0f0 0xc42a3bc140}
mp= &{<nil> 28 17480936663144275916005717107630923031504646316391531718146459245204080478038 15346499750694456942066900754489426589374595867973610517621255406335201820473 0xc4249bc180 2 0 [186 131 254 213 52 139 78 44 228 84 97 30 12 137 35 153 229 81 177 65 75 117 114 50 245 225 101 242 47 48 22 120] 0xc42a3bc0f0 0xc42a3bc140}
cosip= <nil>
cosip== &{<nil> 28 17480936663144275916005717107630923031504646316391531718146459245204080478038 15346499750694456942066900754489426589374595867973610517621255406335201820473 0xc4249bc180 2 0 [186 131 254 213 52 139 78 44 228 84 97 30 12 137 35 153 229 81 177 65 75 117 114 50 245 225 101 242 47 48 22 120] 0xc42a3bc0f0 0xc42a3bc140}
INFO [11-06|03:14:26] in bfthandler Send MsigProposalMsg 
INFO [11-06|03:14:26] Sending MsigProposalMsg 
INFO [11-06|03:14:26] Sending MsigProposalMsg 
INFO [11-06|03:14:26] Sending MsigProposalMsg 
INFO [11-06|03:14:26] ------addmsigproposal success!------- 
INFO [11-06|03:14:26] Handle BFT Msg,                          msg="msg #17 (107 bytes)"
INFO [11-06|03:14:26] ------Received VoteMsg------ 
voteHR: H: 2 R: 0 voteType:: 1 voteHash: [186 131 254 213 52 139 78 44 228 84 97 30 12 137 35 153 229 81 177 65 75 117 114 50 245 225 101 242 47 48 22 120]
cmHR: H: 2 R: 0
INFO [11-06|03:14:26] --------------------------------------- 
INFO [11-06|03:14:26] addVote to                               height=2 round=0 from=0x82a978b3f5962a5b0957d9ee9eef472ee55b42f1 success=true cm.coinbase=0xdceceaf3fc5c0a63d195d69b1a90011b7b19650d
INFO [11-06|03:14:26] ------in handle VoteMsg, success!------ 
INFO [11-06|03:14:26] case: default, cm.process 
ready: 4 need: 2.6666667
INFO [11-06|03:14:26] ---------------process------------------ 
INFO [11-06|03:14:26] In RM Process                            height=2 round=0
INFO [11-06|03:14:26] --------In rm.propose------- 
INFO [11-06|03:14:26] I am a proposer in                       height=2 round=0
INFO [11-06|03:14:26] ---------------in rm.vote----------------- 
INFO [11-06|03:14:26] in vote in RM                            height=2 round=0
INFO [11-06|03:14:26] vote mp 
INFO [11-06|03:14:26] vote success in                          height=2 round=0
INFO [11-06|03:14:26] Send VoteMsg 
INFO [11-06|03:14:26] in rm.process, check lockset HasQuorum 
INFO [11-06|03:14:26] in HasQuorum 
INFO [11-06|03:14:26] In IsValid() 
len(lockset.Votes): 2 lockset.EligibleVotesNum: 4
INFO [11-06|03:14:26] rm lockset is not valid yet 
INFO [11-06|03:14:26] after cm.process() 
INFO [11-06|03:14:26] Handle BFT Msg,                          msg="msg #17 (107 bytes)"
INFO [11-06|03:14:26] ------Received VoteMsg------ 
voteHR: H: 2 R: 0 voteType:: 1 voteHash: [186 131 254 213 52 139 78 44 228 84 97 30 12 137 35 153 229 81 177 65 75 117 114 50 245 225 101 242 47 48 22 120]
cmHR: H: 2 R: 0
INFO [11-06|03:14:26] --------------------------------------- 
INFO [11-06|03:14:26] addVote to                               height=2 round=0 from=0x598443f1880ef585b21f1d7585bd0577402861e5 success=true cm.coinbase=0xdceceaf3fc5c0a63d195d69b1a90011b7b19650d
INFO [11-06|03:14:26] ------in handle VoteMsg, success!------ 
INFO [11-06|03:14:26] Handle BFT Msg,                          msg="msg #9 (3 bytes)"
INFO [11-06|03:14:26] -------GetLocksetsMsg------- 
GetLockSetsMsg request:  [{2}] from:  6d11b37ef4fc909a
INFO [11-06|03:14:26] Request future block 
INFO [11-06|03:14:26] case: default, cm.process 
ready: 4 need: 2.6666667
INFO [11-06|03:14:26] ---------------process------------------ 
INFO [11-06|03:14:26] In RM Process                            height=2 round=0
INFO [11-06|03:14:26] --------In rm.propose------- 
INFO [11-06|03:14:26] I am a proposer in                       height=2 round=0
INFO [11-06|03:14:26] ---------------in rm.vote----------------- 
INFO [11-06|03:14:26] voted 
INFO [11-06|03:14:26] in rm.process, check lockset HasQuorum 
INFO [11-06|03:14:26] in HasQuorum 
INFO [11-06|03:14:26] In IsValid() 
len(lockset.Votes): 3 lockset.EligibleVotesNum: 4
INFO [11-06|03:14:26] There is a quorum                        height=2 round=0
INFO [11-06|03:14:26] ============in cm.commitLockset============ 
INFO [11-06|03:14:26] in commitLockset, check ls HasQuorum 
INFO [11-06|03:14:26] in HasQuorum 
INFO [11-06|03:14:26] In IsValid() 
len(lockset.Votes): 3 lockset.EligibleVotesNum: 4
INFO [11-06|03:14:26] cm.found is not nil 
INFO [11-06|03:14:26] store lockset 
INFO [11-06|03:14:26] ---storeLockset--- 
INFO [11-06|03:14:26] after cm.process() 
INFO [11-06|03:14:26] have a consensus on the block 
ConsensusTime, 258576821 , txs, 1599 , blockNum, 2
FinishedConsensus, 1541445266455955000
INFO [11-06|03:14:26] Successfully sealed new block            number=2 hash=ba83fe…301678
INFO [11-06|03:14:26] === Finished Mine() === 
INFO [11-06|03:14:26] 🔨 mined potential block                  number=2 hash=ba83fe…301678
INFO [11-06|03:14:26] ---atomic.LoadInt32(&self.mining) == 1 && work.tcount == 0--- 
INFO [11-06|03:14:26] in pool.evenLoop, call pool.resetState 
INFO [11-06|03:14:26] Handle BFT Msg,                          msg="msg #9 (3 bytes)"
INFO [11-06|03:14:26] -------GetLocksetsMsg------- 
GetLockSetsMsg request:  [{2}] from:  6d11b37ef4fc909a
INFO [11-06|03:14:26]  Sending Lockset                         LOG15_ERROR=                                                   LOG15_ERROR="Normalized odd number of arguments by adding nil"
INFO [11-06|03:14:29] Handle BFT Msg,                          msg="msg #11 (173231 bytes)"
INFO [11-06|03:14:29] -------Received NewBlockProposalMsg------- 
INFO [11-06|03:14:29] Handle BFT Msg,                          msg="msg #17 (107 bytes)"
INFO [11-06|03:14:29] ------Received VoteMsg------ 
voteHR: H: 3 R: 0 voteType:: 1 voteHash: [81 85 64 203 86 148 209 21 209 171 85 141 37 31 73 57 136 172 111 101 110 24 173 3 35 254 1 161 85 146 95 54]
cmHR: H: 3 R: 0
INFO [11-06|03:14:29] --------------------------------------- 
INFO [11-06|03:14:29] addVote to                               height=3 round=0 from=0x82a978b3f5962a5b0957d9ee9eef472ee55b42f1 success=true cm.coinbase=0xdceceaf3fc5c0a63d195d69b1a90011b7b19650d
INFO [11-06|03:14:29] ------in handle VoteMsg, success!------ 
bpHR: H: 3 R: 0
cmHR: H: 3 R: 0
INFO [11-06|03:14:29] --------------------------------------- 
# collMsig from = Peer d9d5b902798f5c42 [eth/63]
cmHR: H: 3 R: 0
this is rm.proposerPeer  Peer d9d5b902798f5c42 [eth/63]
INFO [11-06|03:14:29] In IsValid() 
len(lockset.Votes): 0 lockset.EligibleVotesNum: 0
INFO [11-06|03:14:29] cm add BlockProposal                     h=3 r=0
INFO [11-06|03:14:29] in HasQuorum 
INFO [11-06|03:14:29] In IsValid() 
len(lockset.Votes): 3 lockset.EligibleVotesNum: 4
INFO [11-06|03:14:29] In addBlockCandidates!! 
INFO [11-06|03:14:29] -------in handle NewBlockProposalMsg, success!------- 
INFO [11-06|03:14:29] Handle BFT Msg,                          msg="msg #18 (557 bytes)"
INFO [11-06|03:14:29] ------Received MsigProposalMsg------ 
mpHR: H: 3 R: 0 hash: [81 85 64 203 86 148 209 21 209 171 85 141 37 31 73 57 136 172 111 101 110 24 173 3 35 254 1 161 85 146 95 54]
cmHR: H: 3 R: 0
INFO [11-06|03:14:29] --------------------------------------- 
H====:  3 P==== 0
INFO [11-06|03:14:29] ------addmsigproposal success!------- 
INFO [11-06|03:14:29] Handle BFT Msg,                          msg="msg #17 (107 bytes)"
INFO [11-06|03:14:29] ------Received VoteMsg------ 
voteHR: H: 3 R: 0 voteType:: 1 voteHash: [81 85 64 203 86 148 209 21 209 171 85 141 37 31 73 57 136 172 111 101 110 24 173 3 35 254 1 161 85 146 95 54]
cmHR: H: 3 R: 0
INFO [11-06|03:14:29] --------------------------------------- 
INFO [11-06|03:14:29] addVote to                               height=3 round=0 from=0x598443f1880ef585b21f1d7585bd0577402861e5 success=true cm.coinbase=0xdceceaf3fc5c0a63d195d69b1a90011b7b19650d
INFO [11-06|03:14:29] ------in handle VoteMsg, success!------ 
INFO [11-06|03:14:30] Handle BFT Msg,                          msg="msg #17 (107 bytes)"
INFO [11-06|03:14:30] ------Received VoteMsg------ 
voteHR: H: 3 R: 0 voteType:: 1 voteHash: [81 85 64 203 86 148 209 21 209 171 85 141 37 31 73 57 136 172 111 101 110 24 173 3 35 254 1 161 85 146 95 54]
cmHR: H: 3 R: 0
INFO [11-06|03:14:30] --------------------------------------- 
INFO [11-06|03:14:30] addVote to                               height=3 round=0 from=0x7d577a597b2742b498cb5cf0c26cdcd726d39e6e success=true cm.coinbase=0xdceceaf3fc5c0a63d195d69b1a90011b7b19650d
INFO [11-06|03:14:30] ------in handle VoteMsg, success!------ 
INFO [11-06|03:14:30] received NewBlockMsg! 
INFO [11-06|03:14:30] ***in BFT.VVVVerifyHeader*** 
INFO [11-06|03:14:30] ***in BFT.verifyHeader*** 
INFO [11-06|03:14:30] ***in BFT.verifySeal*** 
INFO [11-06|03:14:30] In verifyVotes 
INFO [11-06|03:14:30] ***in sync.request()*** 
INFO [11-06|03:14:30] received NewBlockMsg! 
INFO [11-06|03:14:30] In verifyVotes 
INFO [11-06|03:14:30] ***in sync.request()*** 
INFO [11-06|03:14:30] In verifyVotes 
INFO [11-06|03:14:30] ***in sync.request()*** 
INFO [11-06|03:14:30] In verifyVotes 
INFO [11-06|03:14:30] ***in sync.request()*** 
INFO [11-06|03:14:31] In verifyVotes 
INFO [11-06|03:14:31] ***in sync.request()*** 
INFO [11-06|03:14:31] In verifyVotes 
INFO [11-06|03:14:31] ***in sync.request()*** 
INFO [11-06|03:14:31] Commit new mining work                   number=3 txs=1599 uncles=0 elapsed=1.760s
INFO [11-06|03:14:31] Sealing                                  block n=3
StartConsensus, 1541445271260163000
INFO [11-06|03:14:31] Start Process 
INFO [11-06|03:14:31] in cm.Process, check lastCommittingLockset() 
INFO [11-06|03:14:31] In IsValid() 
len(lockset.Votes): 3 lockset.EligibleVotesNum: 4
INFO [11-06|03:14:31] in HasQuorum 
INFO [11-06|03:14:31] In IsValid() 
len(lockset.Votes): 3 lockset.EligibleVotesNum: 4
=====CM.COINBASE IS:===== [220 236 234 243 252 92 10 99 209 149 214 155 26 144 1 27 123 25 101 13] block number is: 3
INFO [11-06|03:14:31] case: default, cm.process 
ready: 4 need: 2.6666667
INFO [11-06|03:14:31] ---------------process------------------ 
INFO [11-06|03:14:31] In RM Process                            height=3 round=0
INFO [11-06|03:14:31] --------In rm.propose------- 
INFO [11-06|03:14:31] ---------------in rm.vote----------------- 
INFO [11-06|03:14:31] in vote in RM                            height=3 round=0
INFO [11-06|03:14:31] vote mp 
INFO [11-06|03:14:31] vote success in                          height=3 round=0
INFO [11-06|03:14:31] Send VoteMsg 
INFO [11-06|03:14:31] in rm.process, check lockset HasQuorum 
INFO [11-06|03:14:31] in HasQuorum 
INFO [11-06|03:14:31] In IsValid() 
len(lockset.Votes): 4 lockset.EligibleVotesNum: 4
INFO [11-06|03:14:31] There is a quorum                        height=3 round=0
--- in rm.process p.id: --- Peer d9d5b902798f5c42 [eth/63]
INFO [11-06|03:14:31] ============in cm.commitLockset============ 
INFO [11-06|03:14:31] in commitLockset, check ls HasQuorum 
INFO [11-06|03:14:31] in HasQuorum 
INFO [11-06|03:14:31] In IsValid() 
len(lockset.Votes): 4 lockset.EligibleVotesNum: 4
INFO [11-06|03:14:31] cm.found is not nil 
INFO [11-06|03:14:31] have a consensus on the block 
INFO [11-06|03:14:31] result.Header().Coinbase != b.signer 
result.Header().Coinbase: [89 132 67 241 136 14 245 133 178 31 29 117 133 189 5 119 64 40 97 229] b.signer: [220 236 234 243 252 92 10 99 209 149 214 155 26 144 1 27 123 25 101 13]
ConsensusTime, 4266068 , txs, 1599 , blockNum, 3
FinishedConsensus, 1541445271264409000
INFO [11-06|03:14:31] result is nil 
INFO [11-06|03:14:31] === Finished Mine() === 
INFO [11-06|03:14:31] store lockset 
peerid: d9d5b902798f5c42
cmH 3
INFO [11-06|03:14:31] in validatorCommit1 
pid: d9d5b902798f5c42
block number 3
-------in NewBFTValidatorBlock-------
INFO [11-06|03:14:31] in validatorCommit2 
validatorCommit time: 83.698µs
INFO [11-06|03:14:31] **in eth.handler**, get result from ch 
INFO [11-06|03:14:31] ---storeLockset--- 
INFO [11-06|03:14:31] after cm.process() 
INFO [11-06|03:14:31] In verifyVotes 
INFO [11-06|03:14:31] in HasQuorum 
INFO [11-06|03:14:31] In IsValid() 
len(lockset.Votes): 4 lockset.EligibleVotesNum: 4
INFO [11-06|03:14:31] ***in BFT.VerifyHeaderSSSS*** 
INFO [11-06|03:14:31] ***in BFT.verifyHeader*** 
INFO [11-06|03:14:31] ***in BFT.verifySeal*** 
INFO [11-06|03:14:31] In verifyVotes 
INFO [11-06|03:14:31] in HasQuorum 
INFO [11-06|03:14:31] In IsValid() 
len(lockset.Votes): 4 lockset.EligibleVotesNum: 4
INFO [11-06|03:14:32] Imported new chain segment               blocks=1 txs=1599 mgas=33.579 elapsed=1.343s    mgasps=24.999 number=3 hash=515540…925f36
FinishedPostExec, 1541445272774737000 , txs, 1599
PostExecTime, 1.343198807s
INFO [11-06|03:14:32] in pool.evenLoop, call pool.resetState 
INFO [11-06|03:14:33] Handle BFT Msg,                          msg="msg #11 (173453 bytes)"
INFO [11-06|03:14:33] -------Received NewBlockProposalMsg------- 
bpHR: H: 4 R: 0
cmHR: H: 4 R: 0
INFO [11-06|03:14:33] --------------------------------------- 
# collMsig from = Peer d67104e65b61fca1 [eth/63]
cmHR: H: 4 R: 0
this is rm.proposerPeer  Peer d67104e65b61fca1 [eth/63]
INFO [11-06|03:14:33] In IsValid() 
len(lockset.Votes): 0 lockset.EligibleVotesNum: 0
INFO [11-06|03:14:33] cm add BlockProposal                     h=4 r=0
INFO [11-06|03:14:33] in HasQuorum 
INFO [11-06|03:14:33] In IsValid() 
len(lockset.Votes): 4 lockset.EligibleVotesNum: 4
INFO [11-06|03:14:33] In addBlockCandidates!! 
INFO [11-06|03:14:33] -------in handle NewBlockProposalMsg, success!------- 
INFO [11-06|03:14:33] Handle BFT Msg,                          msg="msg #18 (662 bytes)"
INFO [11-06|03:14:33] ------Received MsigProposalMsg------ 
mpHR: H: 4 R: 0 hash: [110 255 162 178 78 238 146 217 40 224 117 182 224 35 34 90 67 67 135 171 44 31 74 114 250 53 200 99 61 138 58 202]
cmHR: H: 4 R: 0
INFO [11-06|03:14:33] --------------------------------------- 
H====:  4 P==== 0
INFO [11-06|03:14:33] ------addmsigproposal success!------- 
INFO [11-06|03:14:33] Handle BFT Msg,                          msg="msg #17 (107 bytes)"
INFO [11-06|03:14:33] ------Received VoteMsg------ 
voteHR: H: 4 R: 0 voteType:: 1 voteHash: [110 255 162 178 78 238 146 217 40 224 117 182 224 35 34 90 67 67 135 171 44 31 74 114 250 53 200 99 61 138 58 202]
cmHR: H: 4 R: 0
INFO [11-06|03:14:33] --------------------------------------- 
INFO [11-06|03:14:33] addVote to                               height=4 round=0 from=0x7d577a597b2742b498cb5cf0c26cdcd726d39e6e success=true cm.coinbase=0xdceceaf3fc5c0a63d195d69b1a90011b7b19650d
INFO [11-06|03:14:33] ------in handle VoteMsg, success!------ 
INFO [11-06|03:14:33] Handle BFT Msg,                          msg="msg #17 (107 bytes)"
INFO [11-06|03:14:33] ------Received VoteMsg------ 
voteHR: H: 4 R: 0 voteType:: 1 voteHash: [110 255 162 178 78 238 146 217 40 224 117 182 224 35 34 90 67 67 135 171 44 31 74 114 250 53 200 99 61 138 58 202]
cmHR: H: 4 R: 0
INFO [11-06|03:14:33] --------------------------------------- 
INFO [11-06|03:14:33] addVote to                               height=4 round=0 from=0x598443f1880ef585b21f1d7585bd0577402861e5 success=true cm.coinbase=0xdceceaf3fc5c0a63d195d69b1a90011b7b19650d
INFO [11-06|03:14:33] ------in handle VoteMsg, success!------ 
INFO [11-06|03:14:33] Handle BFT Msg,                          msg="msg #17 (107 bytes)"
INFO [11-06|03:14:33] ------Received VoteMsg------ 
voteHR: H: 4 R: 0 voteType:: 1 voteHash: [110 255 162 178 78 238 146 217 40 224 117 182 224 35 34 90 67 67 135 171 44 31 74 114 250 53 200 99 61 138 58 202]
cmHR: H: 4 R: 0
INFO [11-06|03:14:33] --------------------------------------- 
INFO [11-06|03:14:33] addVote to                               height=4 round=0 from=0x82a978b3f5962a5b0957d9ee9eef472ee55b42f1 success=true cm.coinbase=0xdceceaf3fc5c0a63d195d69b1a90011b7b19650d
INFO [11-06|03:14:33] ------in handle VoteMsg, success!------ 
INFO [11-06|03:14:34] received NewBlockMsg! 
INFO [11-06|03:14:34] ***in BFT.VVVVerifyHeader*** 
INFO [11-06|03:14:34] ***in BFT.verifyHeader*** 
INFO [11-06|03:14:34] ***in BFT.verifySeal*** 
INFO [11-06|03:14:34] In verifyVotes 
INFO [11-06|03:14:34] ***in sync.request()*** 
INFO [11-06|03:14:34] In verifyVotes 
INFO [11-06|03:14:34] ***in sync.request()*** 
INFO [11-06|03:14:34] In verifyVotes 
INFO [11-06|03:14:34] ***in sync.request()*** 
INFO [11-06|03:14:34] Commit new mining work                   number=4 txs=1600 uncles=0 elapsed=1.791s
INFO [11-06|03:14:34] Sealing                                  block n=4
StartConsensus, 1541445274566274000
INFO [11-06|03:14:34] Start Process 
INFO [11-06|03:14:34] in cm.Process, check lastCommittingLockset() 
INFO [11-06|03:14:34] In IsValid() 
len(lockset.Votes): 4 lockset.EligibleVotesNum: 4
INFO [11-06|03:14:34] in HasQuorum 
INFO [11-06|03:14:34] In IsValid() 
len(lockset.Votes): 4 lockset.EligibleVotesNum: 4
=====CM.COINBASE IS:===== [220 236 234 243 252 92 10 99 209 149 214 155 26 144 1 27 123 25 101 13] block number is: 4
INFO [11-06|03:14:34] case: default, cm.process 
ready: 4 need: 2.6666667
INFO [11-06|03:14:34] ---------------process------------------ 
INFO [11-06|03:14:34] In RM Process                            height=4 round=0
INFO [11-06|03:14:34] --------In rm.propose------- 
INFO [11-06|03:14:34] ---------------in rm.vote----------------- 
INFO [11-06|03:14:34] in vote in RM                            height=4 round=0
INFO [11-06|03:14:34] vote mp 
INFO [11-06|03:14:34] vote success in                          height=4 round=0
INFO [11-06|03:14:34] Send VoteMsg 
INFO [11-06|03:14:34] in rm.process, check lockset HasQuorum 
INFO [11-06|03:14:34] in HasQuorum 
INFO [11-06|03:14:34] In IsValid() 
len(lockset.Votes): 4 lockset.EligibleVotesNum: 4
INFO [11-06|03:14:34] There is a quorum                        height=4 round=0
--- in rm.process p.id: --- Peer d67104e65b61fca1 [eth/63]
INFO [11-06|03:14:34] ============in cm.commitLockset============ 
INFO [11-06|03:14:34] in commitLockset, check ls HasQuorum 
INFO [11-06|03:14:34] in HasQuorum 
INFO [11-06|03:14:34] In IsValid() 
len(lockset.Votes): 4 lockset.EligibleVotesNum: 4
INFO [11-06|03:14:34] cm.found is not nil 
INFO [11-06|03:14:34] store lockset 
peerid: d67104e65b61fca1
INFO [11-06|03:14:34] ---storeLockset--- 
INFO [11-06|03:14:34] have a consensus on the block 
INFO [11-06|03:14:34] result.Header().Coinbase != b.signer 
result.Header().Coinbase: [130 169 120 179 245 150 42 91 9 87 217 238 158 239 71 46 229 91 66 241] b.signer: [220 236 234 243 252 92 10 99 209 149 214 155 26 144 1 27 123 25 101 13]
ConsensusTime, 2075795 , txs, 1600 , blockNum, 4
FinishedConsensus, 1541445274568373000
INFO [11-06|03:14:34] result is nil 
INFO [11-06|03:14:34] === Finished Mine() === 
cmH 4
INFO [11-06|03:14:34] after cm.process() 
INFO [11-06|03:14:34] in validatorCommit1 
pid: d67104e65b61fca1
block number 4
-------in NewBFTValidatorBlock-------
INFO [11-06|03:14:34] in validatorCommit2 
validatorCommit time: 93.47µs
INFO [11-06|03:14:34] **in eth.handler**, get result from ch 
INFO [11-06|03:14:34] In verifyVotes 
INFO [11-06|03:14:34] in HasQuorum 
INFO [11-06|03:14:34] In IsValid() 
len(lockset.Votes): 4 lockset.EligibleVotesNum: 4
INFO [11-06|03:14:34] ***in BFT.VerifyHeaderSSSS*** 
INFO [11-06|03:14:34] ***in BFT.verifyHeader*** 
INFO [11-06|03:14:34] ***in BFT.verifySeal*** 
INFO [11-06|03:14:34] In verifyVotes 
INFO [11-06|03:14:34] in HasQuorum 
INFO [11-06|03:14:34] In IsValid() 
len(lockset.Votes): 4 lockset.EligibleVotesNum: 4
INFO [11-06|03:14:35] Imported new chain segment               blocks=1 txs=1600 mgas=33.600 elapsed=1.135s    mgasps=29.584 number=4 hash=6effa2…8a3aca
FinishedPostExec, 1541445275795155000 , txs, 1600
PostExecTime, 1.135741975s
INFO [11-06|03:14:35] in pool.evenLoop, call pool.resetState 
INFO [11-06|03:14:36] Handle BFT Msg,                          msg="msg #11 (173950 bytes)"
INFO [11-06|03:14:36] -------Received NewBlockProposalMsg------- 
bpHR: H: 5 R: 0
cmHR: H: 5 R: 0
INFO [11-06|03:14:36] --------------------------------------- 
# collMsig from = Peer 6d11b37ef4fc909a [eth/63]
cmHR: H: 5 R: 0
this is rm.proposerPeer  Peer 6d11b37ef4fc909a [eth/63]
INFO [11-06|03:14:36] In IsValid() 
len(lockset.Votes): 0 lockset.EligibleVotesNum: 0
INFO [11-06|03:14:36] cm add BlockProposal                     h=5 r=0
INFO [11-06|03:14:36] in HasQuorum 
INFO [11-06|03:14:36] In IsValid() 
len(lockset.Votes): 4 lockset.EligibleVotesNum: 4
INFO [11-06|03:14:36] in collectMsig, i am msig wintness 
INFO [11-06|03:14:36] Return MsigProposalMsg to                LOG15_ERROR=                                                   LOG15_ERROR="Normalized odd number of arguments by adding nil"
INFO [11-06|03:14:36] Sending MsigProposalMsg 
in cm.collectMsig, mp.MsigVs: [<nil> 27]
INFO [11-06|03:14:36] In addBlockCandidates!! 
INFO [11-06|03:14:36] -------in handle NewBlockProposalMsg, success!------- 
INFO [11-06|03:14:36] Handle BFT Msg,                          msg="msg #18 (662 bytes)"
INFO [11-06|03:14:36] ------Received MsigProposalMsg------ 
mpHR: H: 5 R: 0 hash: [38 206 85 194 185 213 129 102 162 239 165 252 81 46 63 72 54 37 150 243 183 31 153 222 172 216 96 196 108 126 212 197]
cmHR: H: 5 R: 0
INFO [11-06|03:14:36] --------------------------------------- 
H====:  5 P==== 0
INFO [11-06|03:14:36] ------addmsigproposal success!------- 
INFO [11-06|03:14:36] Handle BFT Msg,                          msg="msg #18 (662 bytes)"
INFO [11-06|03:14:36] ------Received MsigProposalMsg------ 
mpHR: H: 5 R: 0 hash: [38 206 85 194 185 213 129 102 162 239 165 252 81 46 63 72 54 37 150 243 183 31 153 222 172 216 96 196 108 126 212 197]
cmHR: H: 5 R: 0
INFO [11-06|03:14:36] --------------------------------------- 
H====:  5 P==== 0
INFO [11-06|03:14:36] ------addmsigproposal success!------- 
INFO [11-06|03:14:36] Handle BFT Msg,                          msg="msg #18 (662 bytes)"
INFO [11-06|03:14:36] ------Received MsigProposalMsg------ 
mpHR: H: 5 R: 0 hash: [38 206 85 194 185 213 129 102 162 239 165 252 81 46 63 72 54 37 150 243 183 31 153 222 172 216 96 196 108 126 212 197]
cmHR: H: 5 R: 0
INFO [11-06|03:14:36] --------------------------------------- 
H====:  5 P==== 0
INFO [11-06|03:14:36] ------addmsigproposal success!------- 
INFO [11-06|03:14:36] Handle BFT Msg,                          msg="msg #17 (107 bytes)"
INFO [11-06|03:14:36] ------Received VoteMsg------ 
voteHR: H: 5 R: 0 voteType:: 1 voteHash: [38 206 85 194 185 213 129 102 162 239 165 252 81 46 63 72 54 37 150 243 183 31 153 222 172 216 96 196 108 126 212 197]
cmHR: H: 5 R: 0
INFO [11-06|03:14:36] --------------------------------------- 
INFO [11-06|03:14:36] addVote to                               height=5 round=0 from=0x7d577a597b2742b498cb5cf0c26cdcd726d39e6e success=true cm.coinbase=0xdceceaf3fc5c0a63d195d69b1a90011b7b19650d
INFO [11-06|03:14:36] ------in handle VoteMsg, success!------ 
INFO [11-06|03:14:37] Handle BFT Msg,                          msg="msg #17 (107 bytes)"
INFO [11-06|03:14:37] ------Received VoteMsg------ 
voteHR: H: 5 R: 0 voteType:: 1 voteHash: [38 206 85 194 185 213 129 102 162 239 165 252 81 46 63 72 54 37 150 243 183 31 153 222 172 216 96 196 108 126 212 197]
cmHR: H: 5 R: 0
INFO [11-06|03:14:37] --------------------------------------- 
INFO [11-06|03:14:37] addVote to                               height=5 round=0 from=0x598443f1880ef585b21f1d7585bd0577402861e5 success=true cm.coinbase=0xdceceaf3fc5c0a63d195d69b1a90011b7b19650d
INFO [11-06|03:14:37] ------in handle VoteMsg, success!------ 
INFO [11-06|03:14:37] Commit new mining work                   number=5 txs=1601 uncles=0 elapsed=1.859s
INFO [11-06|03:14:37] Sealing                                  block n=5
StartConsensus, 1541445277655329000
INFO [11-06|03:14:37] Start Process 
INFO [11-06|03:14:37] in cm.Process, check lastCommittingLockset() 
INFO [11-06|03:14:37] In IsValid() 
len(lockset.Votes): 4 lockset.EligibleVotesNum: 4
INFO [11-06|03:14:37] in HasQuorum 
INFO [11-06|03:14:37] In IsValid() 
len(lockset.Votes): 4 lockset.EligibleVotesNum: 4
=====CM.COINBASE IS:===== [220 236 234 243 252 92 10 99 209 149 214 155 26 144 1 27 123 25 101 13] block number is: 5
INFO [11-06|03:14:37] case: default, cm.process 
ready: 4 need: 2.6666667
INFO [11-06|03:14:37] ---------------process------------------ 
INFO [11-06|03:14:37] In RM Process                            height=5 round=0
INFO [11-06|03:14:37] --------In rm.propose------- 
INFO [11-06|03:14:37] ---------------in rm.vote----------------- 
INFO [11-06|03:14:37] in vote in RM                            height=5 round=0
INFO [11-06|03:14:37] vote mp 
INFO [11-06|03:14:37] vote success in                          height=5 round=0
INFO [11-06|03:14:37] Send VoteMsg 
INFO [11-06|03:14:37] in rm.process, check lockset HasQuorum 
INFO [11-06|03:14:37] in HasQuorum 
INFO [11-06|03:14:37] In IsValid() 
len(lockset.Votes): 3 lockset.EligibleVotesNum: 4
INFO [11-06|03:14:37] There is a quorum                        height=5 round=0
--- in rm.process p.id: --- Peer 6d11b37ef4fc909a [eth/63]
INFO [11-06|03:14:37] ============in cm.commitLockset============ 
INFO [11-06|03:14:37] in commitLockset, check ls HasQuorum 
INFO [11-06|03:14:37] in HasQuorum 
INFO [11-06|03:14:37] In IsValid() 
len(lockset.Votes): 3 lockset.EligibleVotesNum: 4
INFO [11-06|03:14:37] cm.found is not nil 
INFO [11-06|03:14:37] have a consensus on the block 
INFO [11-06|03:14:37] result.Header().Coinbase != b.signer 
result.Header().Coinbase: [125 87 122 89 123 39 66 180 152 203 92 240 194 108 220 215 38 211 158 110] b.signer: [220 236 234 243 252 92 10 99 209 149 214 155 26 144 1 27 123 25 101 13]
ConsensusTime, 2373006 , txs, 1601 , blockNum, 5
FinishedConsensus, 1541445277657707000
INFO [11-06|03:14:37] result is nil 
INFO [11-06|03:14:37] === Finished Mine() === 
INFO [11-06|03:14:37] store lockset 
peerid: 6d11b37ef4fc909a
cmH 5
INFO [11-06|03:14:37] in validatorCommit1 
pid: 6d11b37ef4fc909a
block number 5
-------in NewBFTValidatorBlock-------
INFO [11-06|03:14:37] in validatorCommit2 
validatorCommit time: 79.57µs
INFO [11-06|03:14:37] **in eth.handler**, get result from ch 
INFO [11-06|03:14:37] ---storeLockset--- 
INFO [11-06|03:14:37] ***in BFT.VVVVerifyHeader*** 
INFO [11-06|03:14:37] ***in BFT.verifyHeader*** 
INFO [11-06|03:14:37] ***in BFT.verifySeal*** 
INFO [11-06|03:14:37] In verifyVotes 
INFO [11-06|03:14:37] after cm.process() 
INFO [11-06|03:14:37] in HasQuorum 
INFO [11-06|03:14:37] In IsValid() 
len(lockset.Votes): 3 lockset.EligibleVotesNum: 4
INFO [11-06|03:14:37] ***in BFT.VerifyHeaderSSSS*** 
INFO [11-06|03:14:37] ***in BFT.verifyHeader*** 
INFO [11-06|03:14:37] ***in BFT.verifySeal*** 
INFO [11-06|03:14:37] In verifyVotes 
INFO [11-06|03:14:37] in HasQuorum 
INFO [11-06|03:14:37] In IsValid() 
len(lockset.Votes): 3 lockset.EligibleVotesNum: 4
INFO [11-06|03:14:37] received NewBlockMsg! 
INFO [11-06|03:14:38] received NewBlockMsg! 
INFO [11-06|03:14:38] Handle BFT Msg,                          msg="msg #17 (107 bytes)"
INFO [11-06|03:14:38] ------Received VoteMsg------ 
voteHR: H: 5 R: 0 voteType:: 1 voteHash: [38 206 85 194 185 213 129 102 162 239 165 252 81 46 63 72 54 37 150 243 183 31 153 222 172 216 96 196 108 126 212 197]
cmHR: H: 5 R: 0
INFO [11-06|03:14:38] --------------------------------------- 
INFO [11-06|03:14:38] addVote to                               height=5 round=0 from=0x82a978b3f5962a5b0957d9ee9eef472ee55b42f1 success=true cm.coinbase=0xdceceaf3fc5c0a63d195d69b1a90011b7b19650d
INFO [11-06|03:14:38] ------in handle VoteMsg, success!------ 
INFO [11-06|03:14:39] Imported new chain segment               blocks=1 txs=1601 mgas=33.621 elapsed=1.518s    mgasps=22.144 number=5 hash=26ce55…7ed4c5
FinishedPostExec, 1541445279176687000 , txs, 1601
PostExecTime, 1.518285067s
INFO [11-06|03:14:39] in pool.evenLoop, call pool.resetState 
INFO [11-06|03:14:41] Commit new mining work                   number=6 txs=1602 uncles=0 elapsed=1.990s
INFO [11-06|03:14:41] Sealing                                  block n=6
StartConsensus, 1541445281167980000
INFO [11-06|03:14:41] Start Process 
INFO [11-06|03:14:41] in cm.Process, check lastCommittingLockset() 
INFO [11-06|03:14:41] In IsValid() 
len(lockset.Votes): 4 lockset.EligibleVotesNum: 4
INFO [11-06|03:14:41] in HasQuorum 
INFO [11-06|03:14:41] In IsValid() 
len(lockset.Votes): 4 lockset.EligibleVotesNum: 4
=====CM.COINBASE IS:===== [220 236 234 243 252 92 10 99 209 149 214 155 26 144 1 27 123 25 101 13] block number is: 6
INFO [11-06|03:14:41] case: default, cm.process 
ready: 4 need: 2.6666667
INFO [11-06|03:14:41] ---------------process------------------ 
INFO [11-06|03:14:41] In RM Process                            height=6 round=0
INFO [11-06|03:14:41] --------In rm.propose------- 
INFO [11-06|03:14:41] I am a proposer in                       height=6 round=0
INFO [11-06|03:14:41] in propose, check lastRoundLockset 
lastRoundLockset, hm.activeround: 0
INFO [11-06|03:14:41] ------in mkProposal------ 
INFO [11-06|03:14:41] In IsValid() 
len(lockset.Votes): 4 lockset.EligibleVotesNum: 4
INFO [11-06|03:14:41] in HasQuorum 
INFO [11-06|03:14:41] In IsValid() 
len(lockset.Votes): 4 lockset.EligibleVotesNum: 4
INFO [11-06|03:14:41] LockSet(R-1) is nil (rm.round should equal to zero) 
INFO [11-06|03:14:41] in HasQuorum 
INFO [11-06|03:14:41] In IsValid() 
len(lockset.Votes): 4 lockset.EligibleVotesNum: 4
INFO [11-06|03:14:41] in HasQuorum 
INFO [11-06|03:14:41] In IsValid() 
len(lockset.Votes): 4 lockset.EligibleVotesNum: 4
Create block blockhash :  [140 159 10 94 138 119 216 145 75 254 219 91 8 128 149 233 211 169 133 197 49 245 117 249 155 34 146 48 237 13 111 201]
INFO [11-06|03:14:41] In addBlockCandidates!! 
INFO [11-06|03:14:41] Send NewBlockProposalMsg:                LOG15_ERROR=                                                   LOG15_ERROR="Normalized odd number of arguments by adding nil"
INFO [11-06|03:14:41] ---------------in rm.vote----------------- 
INFO [11-06|03:14:41] in vote in RM                            height=6 round=0
INFO [11-06|03:14:41] Timeout time not reach, curr vs timeout: curr=1541445281.000 timeout=1541445286.000
INFO [11-06|03:14:41] in rm.process, check lockset HasQuorum 
INFO [11-06|03:14:41] in HasQuorum 
INFO [11-06|03:14:41] In IsValid() 
len(lockset.Votes): 0 lockset.EligibleVotesNum: 4
INFO [11-06|03:14:41] rm lockset is not valid yet 
INFO [11-06|03:14:41] after cm.process() 
INFO [11-06|03:14:41] Handle BFT Msg,                          msg="msg #18 (662 bytes)"
INFO [11-06|03:14:41] ------Received MsigProposalMsg------ 
mpHR: H: 6 R: 0 hash: [140 159 10 94 138 119 216 145 75 254 219 91 8 128 149 233 211 169 133 197 49 245 117 249 155 34 146 48 237 13 111 201]
cmHR: H: 6 R: 0
INFO [11-06|03:14:41] --------------------------------------- 
H====:  6 P==== 0
INFO [11-06|03:14:41] In addMsig I am leader 
mp= &{<nil> 28 103377741750256249581803343953600498069259148976370508188181480244402958237784 15511039585165270113987163699119761261898554904721717984626680669778052957149 0xc42c484b40 6 0 [140 159 10 94 138 119 216 145 75 254 219 91 8 128 149 233 211 169 133 197 49 245 117 249 155 34 146 48 237 13 111 201] 0xc42683fc70 0xc42683fcc0}
mp= &{<nil> 28 103377741750256249581803343953600498069259148976370508188181480244402958237784 15511039585165270113987163699119761261898554904721717984626680669778052957149 0xc42c484b40 6 0 [140 159 10 94 138 119 216 145 75 254 219 91 8 128 149 233 211 169 133 197 49 245 117 249 155 34 146 48 237 13 111 201] 0xc42683fc70 0xc42683fcc0}
cosip= <nil>
cosip== &{<nil> 28 103377741750256249581803343953600498069259148976370508188181480244402958237784 15511039585165270113987163699119761261898554904721717984626680669778052957149 0xc42c484b40 6 0 [140 159 10 94 138 119 216 145 75 254 219 91 8 128 149 233 211 169 133 197 49 245 117 249 155 34 146 48 237 13 111 201] 0xc42683fc70 0xc42683fcc0}
INFO [11-06|03:14:41] in bfthandler Send MsigProposalMsg 
INFO [11-06|03:14:41] Sending MsigProposalMsg 
INFO [11-06|03:14:41] Sending MsigProposalMsg 
INFO [11-06|03:14:41] Sending MsigProposalMsg 
INFO [11-06|03:14:41] ------addmsigproposal success!------- 
INFO [11-06|03:14:41] Handle BFT Msg,                          msg="msg #17 (107 bytes)"
INFO [11-06|03:14:41] ------Received VoteMsg------ 
voteHR: H: 6 R: 0 voteType:: 1 voteHash: [140 159 10 94 138 119 216 145 75 254 219 91 8 128 149 233 211 169 133 197 49 245 117 249 155 34 146 48 237 13 111 201]
cmHR: H: 6 R: 0
INFO [11-06|03:14:41] --------------------------------------- 
INFO [11-06|03:14:41] addVote to                               height=6 round=0 from=0x7d577a597b2742b498cb5cf0c26cdcd726d39e6e success=true cm.coinbase=0xdceceaf3fc5c0a63d195d69b1a90011b7b19650d
INFO [11-06|03:14:41] ------in handle VoteMsg, success!------ 
INFO [11-06|03:14:41] case: default, cm.process 
ready: 4 need: 2.6666667
INFO [11-06|03:14:41] ---------------process------------------ 
INFO [11-06|03:14:41] In RM Process                            height=6 round=0
INFO [11-06|03:14:41] --------In rm.propose------- 
INFO [11-06|03:14:41] I am a proposer in                       height=6 round=0
INFO [11-06|03:14:41] ---------------in rm.vote----------------- 
INFO [11-06|03:14:41] in vote in RM                            height=6 round=0
INFO [11-06|03:14:41] vote mp 
INFO [11-06|03:14:41] vote success in                          height=6 round=0
INFO [11-06|03:14:41] Send VoteMsg 
INFO [11-06|03:14:41] in rm.process, check lockset HasQuorum 
INFO [11-06|03:14:41] in HasQuorum 
INFO [11-06|03:14:41] In IsValid() 
len(lockset.Votes): 2 lockset.EligibleVotesNum: 4
INFO [11-06|03:14:41] rm lockset is not valid yet 
INFO [11-06|03:14:41] after cm.process() 
INFO [11-06|03:14:41] Handle BFT Msg,                          msg="msg #17 (107 bytes)"
INFO [11-06|03:14:41] ------Received VoteMsg------ 
voteHR: H: 6 R: 0 voteType:: 1 voteHash: [140 159 10 94 138 119 216 145 75 254 219 91 8 128 149 233 211 169 133 197 49 245 117 249 155 34 146 48 237 13 111 201]
cmHR: H: 6 R: 0
INFO [11-06|03:14:41] --------------------------------------- 
INFO [11-06|03:14:41] addVote to                               height=6 round=0 from=0x598443f1880ef585b21f1d7585bd0577402861e5 success=true cm.coinbase=0xdceceaf3fc5c0a63d195d69b1a90011b7b19650d
INFO [11-06|03:14:41] ------in handle VoteMsg, success!------ 
INFO [11-06|03:14:41] case: default, cm.process 
ready: 4 need: 2.6666667
INFO [11-06|03:14:41] ---------------process------------------ 
INFO [11-06|03:14:41] In RM Process                            height=6 round=0
INFO [11-06|03:14:41] --------In rm.propose------- 
INFO [11-06|03:14:41] I am a proposer in                       height=6 round=0
INFO [11-06|03:14:41] ---------------in rm.vote----------------- 
INFO [11-06|03:14:41] voted 
INFO [11-06|03:14:41] in rm.process, check lockset HasQuorum 
INFO [11-06|03:14:41] in HasQuorum 
INFO [11-06|03:14:41] In IsValid() 
len(lockset.Votes): 3 lockset.EligibleVotesNum: 4
INFO [11-06|03:14:41] There is a quorum                        height=6 round=0
INFO [11-06|03:14:41] ============in cm.commitLockset============ 
INFO [11-06|03:14:41] in commitLockset, check ls HasQuorum 
INFO [11-06|03:14:41] in HasQuorum 
INFO [11-06|03:14:41] In IsValid() 
len(lockset.Votes): 3 lockset.EligibleVotesNum: 4
INFO [11-06|03:14:41] cm.found is not nil 
INFO [11-06|03:14:41] store lockset 
INFO [11-06|03:14:41] ---storeLockset--- 
INFO [11-06|03:14:41] have a consensus on the block 
ConsensusTime, 254666458 , txs, 1602 , blockNum, 6
FinishedConsensus, 1541445281422615000
INFO [11-06|03:14:41] after cm.process() 
INFO [11-06|03:14:41] Successfully sealed new block            number=6 hash=8c9f0a…0d6fc9
INFO [11-06|03:14:41] === Finished Mine() === 
INFO [11-06|03:14:41] 🔨 mined potential block                  number=6 hash=8c9f0a…0d6fc9
INFO [11-06|03:14:41] ---atomic.LoadInt32(&self.mining) == 1 && work.tcount == 0--- 
INFO [11-06|03:14:41] in pool.evenLoop, call pool.resetState 
INFO [11-06|03:14:41] received NewBlockMsg! 
INFO [11-06|03:14:41] Handle BFT Msg,                          msg="msg #17 (107 bytes)"
INFO [11-06|03:14:41] ------Received VoteMsg------ 
voteHR: H: 6 R: 0 voteType:: 1 voteHash: [140 159 10 94 138 119 216 145 75 254 219 91 8 128 149 233 211 169 133 197 49 245 117 249 155 34 146 48 237 13 111 201]
cmHR: H: 7 R: 0
INFO [11-06|03:14:41] --------------------------------------- 
INFO [11-06|03:14:41] addVote to                               height=6 round=0 from=0x82a978b3f5962a5b0957d9ee9eef472ee55b42f1 success=true cm.coinbase=0xdceceaf3fc5c0a63d195d69b1a90011b7b19650d
INFO [11-06|03:14:41] ------in handle VoteMsg, success!------ 
INFO [11-06|03:14:44] Handle BFT Msg,                          msg="msg #11 (174160 bytes)"
INFO [11-06|03:14:44] -------Received NewBlockProposalMsg------- 
bpHR: H: 7 R: 0
cmHR: H: 7 R: 0
INFO [11-06|03:14:44] --------------------------------------- 
# collMsig from = Peer d9d5b902798f5c42 [eth/63]
cmHR: H: 7 R: 0
this is rm.proposerPeer  Peer d9d5b902798f5c42 [eth/63]
INFO [11-06|03:14:44] In IsValid() 
len(lockset.Votes): 0 lockset.EligibleVotesNum: 0
INFO [11-06|03:14:44] cm add BlockProposal                     h=7 r=0
INFO [11-06|03:14:44] in HasQuorum 
INFO [11-06|03:14:44] In IsValid() 
len(lockset.Votes): 4 lockset.EligibleVotesNum: 4
INFO [11-06|03:14:44] In addBlockCandidates!! 
INFO [11-06|03:14:44] -------in handle NewBlockProposalMsg, success!------- 
INFO [11-06|03:14:44] Handle BFT Msg,                          msg="msg #18 (662 bytes)"
INFO [11-06|03:14:44] ------Received MsigProposalMsg------ 
mpHR: H: 7 R: 0 hash: [172 56 38 81 108 207 14 44 26 63 28 180 178 155 6 137 133 184 68 132 226 140 113 87 169 106 211 195 117 163 21 32]
cmHR: H: 7 R: 0
INFO [11-06|03:14:44] --------------------------------------- 
H====:  7 P==== 0
INFO [11-06|03:14:44] ------addmsigproposal success!------- 
INFO [11-06|03:14:44] Handle BFT Msg,                          msg="msg #17 (107 bytes)"
INFO [11-06|03:14:44] ------Received VoteMsg------ 
voteHR: H: 7 R: 0 voteType:: 1 voteHash: [172 56 38 81 108 207 14 44 26 63 28 180 178 155 6 137 133 184 68 132 226 140 113 87 169 106 211 195 117 163 21 32]
cmHR: H: 7 R: 0
INFO [11-06|03:14:44] --------------------------------------- 
INFO [11-06|03:14:44] addVote to                               height=7 round=0 from=0x7d577a597b2742b498cb5cf0c26cdcd726d39e6e success=true cm.coinbase=0xdceceaf3fc5c0a63d195d69b1a90011b7b19650d
INFO [11-06|03:14:44] ------in handle VoteMsg, success!------ 
INFO [11-06|03:14:44] Handle BFT Msg,                          msg="msg #17 (107 bytes)"
INFO [11-06|03:14:44] ------Received VoteMsg------ 
voteHR: H: 7 R: 0 voteType:: 1 voteHash: [172 56 38 81 108 207 14 44 26 63 28 180 178 155 6 137 133 184 68 132 226 140 113 87 169 106 211 195 117 163 21 32]
cmHR: H: 7 R: 0
INFO [11-06|03:14:44] --------------------------------------- 
INFO [11-06|03:14:44] addVote to                               height=7 round=0 from=0x598443f1880ef585b21f1d7585bd0577402861e5 success=true cm.coinbase=0xdceceaf3fc5c0a63d195d69b1a90011b7b19650d
INFO [11-06|03:14:44] ------in handle VoteMsg, success!------ 
INFO [11-06|03:14:44] Handle BFT Msg,                          msg="msg #17 (107 bytes)"
INFO [11-06|03:14:44] ------Received VoteMsg------ 
voteHR: H: 7 R: 0 voteType:: 1 voteHash: [172 56 38 81 108 207 14 44 26 63 28 180 178 155 6 137 133 184 68 132 226 140 113 87 169 106 211 195 117 163 21 32]
cmHR: H: 7 R: 0
INFO [11-06|03:14:44] --------------------------------------- 
INFO [11-06|03:14:44] addVote to                               height=7 round=0 from=0x82a978b3f5962a5b0957d9ee9eef472ee55b42f1 success=true cm.coinbase=0xdceceaf3fc5c0a63d195d69b1a90011b7b19650d
INFO [11-06|03:14:44] ------in handle VoteMsg, success!------ 
INFO [11-06|03:14:44] received NewBlockMsg! 
INFO [11-06|03:14:44] ***in BFT.VVVVerifyHeader*** 
INFO [11-06|03:14:44] ***in BFT.verifyHeader*** 
INFO [11-06|03:14:44] ***in BFT.verifySeal*** 
INFO [11-06|03:14:44] In verifyVotes 
INFO [11-06|03:14:44] ***in sync.request()*** 
INFO [11-06|03:14:45] In verifyVotes 
INFO [11-06|03:14:45] ***in sync.request()*** 
INFO [11-06|03:14:45] In verifyVotes 
INFO [11-06|03:14:45] ***in sync.request()*** 
INFO [11-06|03:14:45] In verifyVotes 
INFO [11-06|03:14:45] ***in sync.request()*** 
INFO [11-06|03:14:45] In verifyVotes 
INFO [11-06|03:14:45] ***in sync.request()*** 
INFO [11-06|03:14:45] In verifyVotes 
INFO [11-06|03:14:45] ***in sync.request()*** 
INFO [11-06|03:14:46] In verifyVotes 
INFO [11-06|03:14:46] ***in sync.request()*** 
INFO [11-06|03:14:46] Handle BFT Msg,                          msg="msg #10 (328 bytes)"
INFO [11-06|03:14:46] -------Received LocksetMsg------- 
lockset: &{<nil> 0 0 0 4 [0xc4266620c0 0xc426662120 0xc426662180] false}
INFO [11-06|03:14:46] in HasQuorum 
INFO [11-06|03:14:46] In IsValid() 
len(lockset.Votes): 3 lockset.EligibleVotesNum: 4
INFO [11-06|03:14:46] ---storeLockset--- 
INFO [11-06|03:14:46] In verifyVotes 
INFO [11-06|03:14:46] in HasQuorum 
INFO [11-06|03:14:46] In IsValid() 
len(lockset.Votes): 3 lockset.EligibleVotesNum: 4
INFO [11-06|03:14:46] ***in BFT.VerifyHeaderSSSS*** 
INFO [11-06|03:14:46] ***in BFT.verifyHeader*** 
INFO [11-06|03:14:46] ***in BFT.verifySeal*** 
INFO [11-06|03:14:46] In verifyVotes 
INFO [11-06|03:14:46] in HasQuorum 
INFO [11-06|03:14:46] In IsValid() 
len(lockset.Votes): 3 lockset.EligibleVotesNum: 4
INFO [11-06|03:14:46] Commit new mining work                   number=7 txs=1603 uncles=0 elapsed=2.239s
INFO [11-06|03:14:46] Sealing                                  block n=7
StartConsensus, 1541445286745277000
INFO [11-06|03:14:46] Start Process 
INFO [11-06|03:14:46] in cm.Process, check lastCommittingLockset() 
INFO [11-06|03:14:46] In IsValid() 
len(lockset.Votes): 4 lockset.EligibleVotesNum: 4
INFO [11-06|03:14:46] in HasQuorum 
INFO [11-06|03:14:46] In IsValid() 
len(lockset.Votes): 4 lockset.EligibleVotesNum: 4
=====CM.COINBASE IS:===== [220 236 234 243 252 92 10 99 209 149 214 155 26 144 1 27 123 25 101 13] block number is: 7
INFO [11-06|03:14:46] case: default, cm.process 
ready: 4 need: 2.6666667
INFO [11-06|03:14:46] ---------------process------------------ 
INFO [11-06|03:14:46] In RM Process                            height=7 round=0
INFO [11-06|03:14:46] --------In rm.propose------- 
INFO [11-06|03:14:46] ---------------in rm.vote----------------- 
INFO [11-06|03:14:46] in vote in RM                            height=7 round=0
INFO [11-06|03:14:46] vote mp 
INFO [11-06|03:14:46] vote success in                          height=7 round=0
INFO [11-06|03:14:46] Send VoteMsg 
INFO [11-06|03:14:46] in rm.process, check lockset HasQuorum 
INFO [11-06|03:14:46] in HasQuorum 
INFO [11-06|03:14:46] In IsValid() 
len(lockset.Votes): 4 lockset.EligibleVotesNum: 4
INFO [11-06|03:14:46] There is a quorum                        height=7 round=0
--- in rm.process p.id: --- Peer d9d5b902798f5c42 [eth/63]
INFO [11-06|03:14:46] ============in cm.commitLockset============ 
INFO [11-06|03:14:46] in commitLockset, check ls HasQuorum 
INFO [11-06|03:14:46] in HasQuorum 
INFO [11-06|03:14:46] In IsValid() 
len(lockset.Votes): 4 lockset.EligibleVotesNum: 4
INFO [11-06|03:14:46] cm.found is not nil 
INFO [11-06|03:14:46] store lockset 
peerid: d9d5b902798f5c42
INFO [11-06|03:14:46] ---storeLockset--- 
INFO [11-06|03:14:46] after cm.process() 
cmH 7
INFO [11-06|03:14:46] in validatorCommit1 
pid: d9d5b902798f5c42
block number 7
-------in NewBFTValidatorBlock-------
INFO [11-06|03:14:46] in validatorCommit2 
validatorCommit time: 76.055µs
INFO [11-06|03:14:46] **in eth.handler**, get result from ch 
INFO [11-06|03:14:46] have a consensus on the block 
INFO [11-06|03:14:46] result.Header().Coinbase != b.signer 
result.Header().Coinbase: [89 132 67 241 136 14 245 133 178 31 29 117 133 189 5 119 64 40 97 229] b.signer: [220 236 234 243 252 92 10 99 209 149 214 155 26 144 1 27 123 25 101 13]
ConsensusTime, 2107706 , txs, 1603 , blockNum, 7
FinishedConsensus, 1541445286747298000
INFO [11-06|03:14:46] result is nil 
INFO [11-06|03:14:46] === Finished Mine() === 
INFO [11-06|03:14:47] Imported new chain segment               blocks=1 txs=1603 mgas=33.663 elapsed=1.529s    mgasps=22.015 number=7 hash=ac3826…a31520
FinishedPostExec, 1541445287821355000 , txs, 1603
PostExecTime, 1.529097419s
INFO [11-06|03:14:47] in pool.evenLoop, call pool.resetState 
INFO [11-06|03:14:48] Handle BFT Msg,                          msg="msg #11 (174160 bytes)"
INFO [11-06|03:14:48] -------Received NewBlockProposalMsg------- 
bpHR: H: 8 R: 0
cmHR: H: 8 R: 0
INFO [11-06|03:14:48] --------------------------------------- 
# collMsig from = Peer d67104e65b61fca1 [eth/63]
cmHR: H: 8 R: 0
this is rm.proposerPeer  Peer d67104e65b61fca1 [eth/63]
INFO [11-06|03:14:48] Handle BFT Msg,                          msg="msg #17 (107 bytes)"
INFO [11-06|03:14:48] ------Received VoteMsg------ 
voteHR: H: 8 R: 0 voteType:: 1 voteHash: [192 129 56 144 36 159 242 58 49 75 85 235 24 13 248 57 215 28 67 50 204 160 111 159 234 51 208 176 189 212 29 178]
cmHR: H: 8 R: 0
INFO [11-06|03:14:48] --------------------------------------- 
INFO [11-06|03:14:48] addVote to                               height=8 round=0 from=0x7d577a597b2742b498cb5cf0c26cdcd726d39e6e success=true cm.coinbase=0xdceceaf3fc5c0a63d195d69b1a90011b7b19650d
INFO [11-06|03:14:48] ------in handle VoteMsg, success!------ 
INFO [11-06|03:14:48] In IsValid() 
len(lockset.Votes): 0 lockset.EligibleVotesNum: 0
INFO [11-06|03:14:48] cm add BlockProposal                     h=8 r=0
INFO [11-06|03:14:48] in HasQuorum 
INFO [11-06|03:14:48] In IsValid() 
len(lockset.Votes): 4 lockset.EligibleVotesNum: 4
INFO [11-06|03:14:48] In addBlockCandidates!! 
INFO [11-06|03:14:48] -------in handle NewBlockProposalMsg, success!------- 
INFO [11-06|03:14:48] Handle BFT Msg,                          msg="msg #18 (662 bytes)"
INFO [11-06|03:14:48] ------Received MsigProposalMsg------ 
mpHR: H: 8 R: 0 hash: [192 129 56 144 36 159 242 58 49 75 85 235 24 13 248 57 215 28 67 50 204 160 111 159 234 51 208 176 189 212 29 178]
cmHR: H: 8 R: 0
INFO [11-06|03:14:48] --------------------------------------- 
H====:  8 P==== 0
INFO [11-06|03:14:48] ------addmsigproposal success!------- 
INFO [11-06|03:14:48] Handle BFT Msg,                          msg="msg #17 (107 bytes)"
INFO [11-06|03:14:48] ------Received VoteMsg------ 
voteHR: H: 8 R: 0 voteType:: 1 voteHash: [192 129 56 144 36 159 242 58 49 75 85 235 24 13 248 57 215 28 67 50 204 160 111 159 234 51 208 176 189 212 29 178]
cmHR: H: 8 R: 0
INFO [11-06|03:14:48] --------------------------------------- 
INFO [11-06|03:14:48] addVote to                               height=8 round=0 from=0x598443f1880ef585b21f1d7585bd0577402861e5 success=true cm.coinbase=0xdceceaf3fc5c0a63d195d69b1a90011b7b19650d
INFO [11-06|03:14:48] ------in handle VoteMsg, success!------ 
INFO [11-06|03:14:48] Handle BFT Msg,                          msg="msg #17 (107 bytes)"
INFO [11-06|03:14:48] ------Received VoteMsg------ 
voteHR: H: 8 R: 0 voteType:: 1 voteHash: [192 129 56 144 36 159 242 58 49 75 85 235 24 13 248 57 215 28 67 50 204 160 111 159 234 51 208 176 189 212 29 178]
cmHR: H: 8 R: 0
INFO [11-06|03:14:48] --------------------------------------- 
INFO [11-06|03:14:48] addVote to                               height=8 round=0 from=0x82a978b3f5962a5b0957d9ee9eef472ee55b42f1 success=true cm.coinbase=0xdceceaf3fc5c0a63d195d69b1a90011b7b19650d
INFO [11-06|03:14:48] ------in handle VoteMsg, success!------ 
INFO [11-06|03:14:48] Handle BFT Msg,                          msg="msg #9 (3 bytes)"
INFO [11-06|03:14:48] -------GetLocksetsMsg------- 
GetLockSetsMsg request:  [{8}] from:  6d11b37ef4fc909a
INFO [11-06|03:14:48] Request future block 
INFO [11-06|03:14:48] received NewBlockMsg! 
INFO [11-06|03:14:48] ***in BFT.VVVVerifyHeader*** 
INFO [11-06|03:14:48] ***in BFT.verifyHeader*** 
INFO [11-06|03:14:48] ***in BFT.verifySeal*** 
INFO [11-06|03:14:48] In verifyVotes 
INFO [11-06|03:14:48] ***in sync.request()*** 
INFO [11-06|03:14:48] received NewBlockMsg! 
INFO [11-06|03:14:48] In verifyVotes 
INFO [11-06|03:14:48] ***in sync.request()*** 
INFO [11-06|03:14:48] In verifyVotes 
INFO [11-06|03:14:48] ***in sync.request()*** 
INFO [11-06|03:14:49] In verifyVotes 
INFO [11-06|03:14:49] ***in sync.request()*** 
INFO [11-06|03:14:49] Handle BFT Msg,                          msg="msg #10 (328 bytes)"
INFO [11-06|03:14:49] -------Received LocksetMsg------- 
lockset: &{<nil> 0 0 0 4 [0xc42693a000 0xc42693a060 0xc42693a0c0] false}
INFO [11-06|03:14:49] in HasQuorum 
INFO [11-06|03:14:49] In IsValid() 
len(lockset.Votes): 3 lockset.EligibleVotesNum: 4
INFO [11-06|03:14:49] ---storeLockset--- 
INFO [11-06|03:14:49] In verifyVotes 
INFO [11-06|03:14:49] in HasQuorum 
INFO [11-06|03:14:49] In IsValid() 
len(lockset.Votes): 3 lockset.EligibleVotesNum: 4
INFO [11-06|03:14:49] ***in BFT.VerifyHeaderSSSS*** 
INFO [11-06|03:14:49] ***in BFT.verifyHeader*** 
INFO [11-06|03:14:49] ***in BFT.verifySeal*** 
INFO [11-06|03:14:49] In verifyVotes 
INFO [11-06|03:14:49] in HasQuorum 
INFO [11-06|03:14:49] In IsValid() 
len(lockset.Votes): 3 lockset.EligibleVotesNum: 4
INFO [11-06|03:14:50] Commit new mining work                   number=8 txs=1603 uncles=0 elapsed=2.245s
INFO [11-06|03:14:50] 🔗 block reached canonical chain          number=2 hash=ba83fe…301678
INFO [11-06|03:14:50] Sealing                                  block n=8
StartConsensus, 1541445290067267000
INFO [11-06|03:14:50] Start Process 
INFO [11-06|03:14:50] in cm.Process, check lastCommittingLockset() 
INFO [11-06|03:14:50] In IsValid() 
len(lockset.Votes): 4 lockset.EligibleVotesNum: 4
INFO [11-06|03:14:50] in HasQuorum 
INFO [11-06|03:14:50] In IsValid() 
len(lockset.Votes): 4 lockset.EligibleVotesNum: 4
=====CM.COINBASE IS:===== [220 236 234 243 252 92 10 99 209 149 214 155 26 144 1 27 123 25 101 13] block number is: 8
INFO [11-06|03:14:50] case: default, cm.process 
ready: 4 need: 2.6666667
INFO [11-06|03:14:50] ---------------process------------------ 
INFO [11-06|03:14:50] In RM Process                            height=8 round=0
INFO [11-06|03:14:50] --------In rm.propose------- 
INFO [11-06|03:14:50] ---------------in rm.vote----------------- 
INFO [11-06|03:14:50] in vote in RM                            height=8 round=0
INFO [11-06|03:14:50] vote mp 
INFO [11-06|03:14:50] vote success in                          height=8 round=0
INFO [11-06|03:14:50] Send VoteMsg 
INFO [11-06|03:14:50] in rm.process, check lockset HasQuorum 
INFO [11-06|03:14:50] in HasQuorum 
INFO [11-06|03:14:50] In IsValid() 
len(lockset.Votes): 4 lockset.EligibleVotesNum: 4
INFO [11-06|03:14:50] There is a quorum                        height=8 round=0
--- in rm.process p.id: --- Peer d67104e65b61fca1 [eth/63]
INFO [11-06|03:14:50] ============in cm.commitLockset============ 
INFO [11-06|03:14:50] in commitLockset, check ls HasQuorum 
INFO [11-06|03:14:50] in HasQuorum 
INFO [11-06|03:14:50] In IsValid() 
len(lockset.Votes): 4 lockset.EligibleVotesNum: 4
INFO [11-06|03:14:50] cm.found is not nil 
INFO [11-06|03:14:50] have a consensus on the block 
INFO [11-06|03:14:50] result.Header().Coinbase != b.signer 
result.Header().Coinbase: [130 169 120 179 245 150 42 91 9 87 217 238 158 239 71 46 229 91 66 241] b.signer: [220 236 234 243 252 92 10 99 209 149 214 155 26 144 1 27 123 25 101 13]
ConsensusTime, 14965778 , txs, 1603 , blockNum, 8
FinishedConsensus, 1541445290082251000
INFO [11-06|03:14:50] result is nil 
INFO [11-06|03:14:50] === Finished Mine() === 
INFO [11-06|03:14:50] store lockset 
peerid: d67104e65b61fca1
cmH 8
INFO [11-06|03:14:50] in validatorCommit1 
pid: d67104e65b61fca1
block number 8
-------in NewBFTValidatorBlock-------
INFO [11-06|03:14:50] in validatorCommit2 
validatorCommit time: 91.872µs
INFO [11-06|03:14:50] **in eth.handler**, get result from ch 
INFO [11-06|03:14:50] ---storeLockset--- 
INFO [11-06|03:14:50] after cm.process() 
INFO [11-06|03:14:50] Imported new chain segment               blocks=1 txs=1603 mgas=33.663 elapsed=1.597s    mgasps=21.075 number=8 hash=c08138…d41db2
FinishedPostExec, 1541445290969198000 , txs, 1603
PostExecTime, 1.597327925s
INFO [11-06|03:14:50] in pool.evenLoop, call pool.resetState 
./node3.sh: line 16: 76073 Terminated: 15          ../build/bin/geth --networkid 2234 --port 30305 --rpcport 8547 --datadir "data/node3" --nodiscover --rpc --rpccorsdomain "*" --rpcapi "eth,net,web3,debug" --bft --allow-empty --num-validators 4 --node-num 2
