INFO [11-06|12:47:50] Starting peer-to-peer node               instance=Geth/v1.6.7-unstable-26bb12f0/darwin-amd64/go1.9.7
INFO [11-06|12:47:50] Allocated cache and file handles         database=/Users/sujianwei20/new_misgcode/go_ethereum_cosi/examples/data/node3/geth/chaindata cache=128 handles=1024
WARN [11-06|12:47:50] Upgrading chain database to use sequential keys 
INFO [11-06|12:47:50] Initialised chain configuration          config="{ChainID: 2235 Homestead: 1 DAO: <nil> DAOSupport: false EIP150: 2 EIP155: 3 EIP158: 3 Metropolis: <nil> Engine: ethash}"
INFO [11-06|12:47:50] config bft is                            bft=true
WARN [11-06|12:47:50] Upgrading db log bloom bins 
INFO [11-06|12:47:50] Bloom-bin upgrade completed              elapsed=213.006µs
INFO [11-06|12:47:50] Initialising Ethereum protocol           versions="[63 62]" network=2234
INFO [11-06|12:47:50] Loaded most recent local header          number=0 hash=6f3c1c…1bf138 td=1048576
INFO [11-06|12:47:50] Loaded most recent local full block      number=0 hash=6f3c1c…1bf138 td=1048576
INFO [11-06|12:47:50] Loaded most recent local fast block      number=0 hash=6f3c1c…1bf138 td=1048576
INFO [11-06|12:47:50] in NewTxPool, call resetState 
INFO [11-06|12:47:50] in NewTxPool, call pool.eventLoog() 
INFO [11-06|12:47:50] Database conversion successful 
INFO [11-06|12:47:50] Allocated cache and file handles         database=/Users/sujianwei20/new_misgcode/go_ethereum_cosi/examples/data/node3/geth/bftData   cache=128 handles=1024
INFO [11-06|12:47:50] addVote to                               height=0 round=0 from=0xdceceaf3fc5c0a63d195d69b1a90011b7b19650d success=true cm.coinbase=0xdceceaf3fc5c0a63d195d69b1a90011b7b19650d
ready: 1 need: 5.3333335
INFO [11-06|12:47:50] consensusManager not ready  
ready: 1 need: 5.3333335
INFO [11-06|12:47:50] Starting P2P networking 
INFO [11-06|12:47:50] RLPx listener up                         self="enode://94dd98401cf6ca0418580bb77ad0606a35ae8f442b22ab0f81011d8d2c78e70ff779c1d53d015640d79a13f0be99161ae3ff3adb60633ca03a7b542cbe116882@[::]:30305?discport=0"
INFO [11-06|12:47:50] ---In BFTvalidatorCommitBlock--- 
INFO [11-06|12:47:50] HTTP endpoint opened: http://127.0.0.1:8547 
INFO [11-06|12:47:50] IPC endpoint opened: /Users/sujianwei20/new_misgcode/go_ethereum_cosi/examples/data/node3/geth.ipc 
INFO [11-06|12:47:50] Handle BFT Msg,                          msg="msg #8 (78 bytes)"
INFO [11-06|12:47:50] ------Received ReadMsg------ 
AddReady from: [119 219 43 235 186 121 219 66 169 120 248 150 150 143 74 252 231 70 234 31]
INFO [11-06|12:47:50] send Ready msg 
INFO [11-06|12:47:50] send Ready msg 
INFO [11-06|12:47:50] send Ready msg 
INFO [11-06|12:47:50] send Ready msg 
INFO [11-06|12:47:50] send Ready msg 
INFO [11-06|12:47:50] Handle BFT Msg,                          msg="msg #8 (78 bytes)"
INFO [11-06|12:47:50] ------Received ReadMsg------ 
AddReady from: [119 219 43 235 186 121 219 66 169 120 248 150 150 143 74 252 231 70 234 31]
INFO [11-06|12:47:50] Handle BFT Msg,                          msg="msg #8 (78 bytes)"
INFO [11-06|12:47:50] ------Received ReadMsg------ 
AddReady from: [119 219 43 235 186 121 219 66 169 120 248 150 150 143 74 252 231 70 234 31]
INFO [11-06|12:47:50] Handle BFT Msg,                          msg="msg #8 (78 bytes)"
INFO [11-06|12:47:50] ------Received ReadMsg------ 
AddReady from: [119 219 43 235 186 121 219 66 169 120 248 150 150 143 74 252 231 70 234 31]
INFO [11-06|12:47:50] Handle BFT Msg,                          msg="msg #8 (78 bytes)"
INFO [11-06|12:47:50] ------Received ReadMsg------ 
AddReady from: [119 219 43 235 186 121 219 66 169 120 248 150 150 143 74 252 231 70 234 31]
INFO [11-06|12:47:50] Handle BFT Msg,                          msg="msg #8 (78 bytes)"
INFO [11-06|12:47:50] ------Received ReadMsg------ 
AddReady from: [19 203 184 217 156 108 78 15 39 40 199 215 38 6 231 138 41 196 226 36]
INFO [11-06|12:47:50] send Ready msg 
INFO [11-06|12:47:50] send Ready msg 
INFO [11-06|12:47:50] send Ready msg 
INFO [11-06|12:47:50] send Ready msg 
INFO [11-06|12:47:50] send Ready msg 
INFO [11-06|12:47:50] Handle BFT Msg,                          msg="msg #8 (78 bytes)"
INFO [11-06|12:47:50] ------Received ReadMsg------ 
AddReady from: [19 203 184 217 156 108 78 15 39 40 199 215 38 6 231 138 41 196 226 36]
INFO [11-06|12:47:50] Handle BFT Msg,                          msg="msg #8 (78 bytes)"
INFO [11-06|12:47:50] ------Received ReadMsg------ 
AddReady from: [19 203 184 217 156 108 78 15 39 40 199 215 38 6 231 138 41 196 226 36]
INFO [11-06|12:47:50] Handle BFT Msg,                          msg="msg #8 (78 bytes)"
INFO [11-06|12:47:50] ------Received ReadMsg------ 
AddReady from: [19 203 184 217 156 108 78 15 39 40 199 215 38 6 231 138 41 196 226 36]
INFO [11-06|12:47:50] Handle BFT Msg,                          msg="msg #8 (78 bytes)"
INFO [11-06|12:47:50] ------Received ReadMsg------ 
AddReady from: [19 203 184 217 156 108 78 15 39 40 199 215 38 6 231 138 41 196 226 36]
INFO [11-06|12:47:50] Handle BFT Msg,                          msg="msg #8 (78 bytes)"
INFO [11-06|12:47:50] ------Received ReadMsg------ 
AddReady from: [19 203 184 217 156 108 78 15 39 40 199 215 38 6 231 138 41 196 226 36]
INFO [11-06|12:47:50] Handle BFT Msg,                          msg="msg #8 (78 bytes)"
INFO [11-06|12:47:50] ------Received ReadMsg------ 
INFO [11-06|12:47:50] Handle BFT Msg,                          msg="msg #8 (78 bytes)"
AddReady from: [36 20 56 115 224 224 129 95 220 188 255 219 224 156 151 156 191 154 208 19]
INFO [11-06|12:47:50] ------Received ReadMsg------ 
INFO [11-06|12:47:50] Handle BFT Msg,                          msg="msg #8 (78 bytes)"
INFO [11-06|12:47:50] ------Received ReadMsg------ 
AddReady from: [36 20 56 115 224 224 129 95 220 188 255 219 224 156 151 156 191 154 208 19]
INFO [11-06|12:47:50] send Ready msg 
INFO [11-06|12:47:50] send Ready msg 
INFO [11-06|12:47:50] send Ready msg 
AddReady from: [36 20 56 115 224 224 129 95 220 188 255 219 224 156 151 156 191 154 208 19]
INFO [11-06|12:47:50] send Ready msg 
INFO [11-06|12:47:50] send Ready msg 
INFO [11-06|12:47:50] send Ready msg 
INFO [11-06|12:47:50] Handle BFT Msg,                          msg="msg #8 (78 bytes)"
INFO [11-06|12:47:50] ------Received ReadMsg------ 
INFO [11-06|12:47:50] send Ready msg 
INFO [11-06|12:47:50] send Ready msg 
INFO [11-06|12:47:50] send Ready msg 
AddReady from: [36 20 56 115 224 224 129 95 220 188 255 219 224 156 151 156 191 154 208 19]
INFO [11-06|12:47:50] send Ready msg 
INFO [11-06|12:47:50] send Ready msg 
INFO [11-06|12:47:50] send Ready msg 
INFO [11-06|12:47:50] send Ready msg 
INFO [11-06|12:47:50] send Ready msg 
INFO [11-06|12:47:50] send Ready msg 
INFO [11-06|12:47:50] send Ready msg 
INFO [11-06|12:47:50] send Ready msg 
INFO [11-06|12:47:50] send Ready msg 
INFO [11-06|12:47:50] Handle BFT Msg,                          msg="msg #8 (78 bytes)"
INFO [11-06|12:47:50] ------Received ReadMsg------ 
AddReady from: [36 20 56 115 224 224 129 95 220 188 255 219 224 156 151 156 191 154 208 19]
INFO [11-06|12:47:50] Handle BFT Msg,                          msg="msg #8 (78 bytes)"
INFO [11-06|12:47:50] ------Received ReadMsg------ 
AddReady from: [36 20 56 115 224 224 129 95 220 188 255 219 224 156 151 156 191 154 208 19]
INFO [11-06|12:47:50] Handle BFT Msg,                          msg="msg #8 (78 bytes)"
INFO [11-06|12:47:50] ------Received ReadMsg------ 
AddReady from: [36 20 56 115 224 224 129 95 220 188 255 219 224 156 151 156 191 154 208 19]
INFO [11-06|12:47:50] Handle BFT Msg,                          msg="msg #8 (78 bytes)"
INFO [11-06|12:47:50] ------Received ReadMsg------ 
AddReady from: [36 20 56 115 224 224 129 95 220 188 255 219 224 156 151 156 191 154 208 19]
INFO [11-06|12:47:50] Handle BFT Msg,                          msg="msg #8 (78 bytes)"
INFO [11-06|12:47:50] ------Received ReadMsg------ 
AddReady from: [36 20 56 115 224 224 129 95 220 188 255 219 224 156 151 156 191 154 208 19]
ready: 4 need: 5.3333335
INFO [11-06|12:47:50] consensusManager not ready  
ready: 4 need: 5.3333335
INFO [11-06|12:47:50] send Ready msg 
INFO [11-06|12:47:50] send Ready msg 
INFO [11-06|12:47:50] send Ready msg 
INFO [11-06|12:47:50] Handle BFT Msg,                          msg="msg #8 (78 bytes)"
INFO [11-06|12:47:50] ------Received ReadMsg------ 
AddReady from: [220 236 234 243 252 92 10 99 209 149 214 155 26 144 1 27 123 25 101 13]
INFO [11-06|12:47:50] send Ready msg 
INFO [11-06|12:47:50] send Ready msg 
INFO [11-06|12:47:50] send Ready msg 
INFO [11-06|12:47:50] send Ready msg 
INFO [11-06|12:47:50] Handle BFT Msg,                          msg="msg #8 (78 bytes)"
INFO [11-06|12:47:50] ------Received ReadMsg------ 
AddReady from: [220 236 234 243 252 92 10 99 209 149 214 155 26 144 1 27 123 25 101 13]
INFO [11-06|12:47:50] Handle BFT Msg,                          msg="msg #8 (78 bytes)"
INFO [11-06|12:47:50] ------Received ReadMsg------ 
AddReady from: [220 236 234 243 252 92 10 99 209 149 214 155 26 144 1 27 123 25 101 13]
INFO [11-06|12:47:50] Handle BFT Msg,                          msg="msg #8 (78 bytes)"
INFO [11-06|12:47:50] ------Received ReadMsg------ 
AddReady from: [220 236 234 243 252 92 10 99 209 149 214 155 26 144 1 27 123 25 101 13]
INFO [11-06|12:47:50] Handle BFT Msg,                          msg="msg #8 (78 bytes)"
INFO [11-06|12:47:50] ------Received ReadMsg------ 
AddReady from: [220 236 234 243 252 92 10 99 209 149 214 155 26 144 1 27 123 25 101 13]
INFO [11-06|12:47:50] Handle BFT Msg,                          msg="msg #8 (78 bytes)"
INFO [11-06|12:47:50] ------Received ReadMsg------ 
AddReady from: [220 236 234 243 252 92 10 99 209 149 214 155 26 144 1 27 123 25 101 13]
INFO [11-06|12:47:50] Handle BFT Msg,                          msg="msg #8 (78 bytes)"
INFO [11-06|12:47:50] ------Received ReadMsg------ 
AddReady from: [220 236 234 243 252 92 10 99 209 149 214 155 26 144 1 27 123 25 101 13]
INFO [11-06|12:47:50] send Ready msg 
INFO [11-06|12:47:50] send Ready msg 
INFO [11-06|12:47:50] send Ready msg 
INFO [11-06|12:47:50] send Ready msg 
INFO [11-06|12:47:50] Handle BFT Msg,                          msg="msg #8 (78 bytes)"
INFO [11-06|12:47:50] ------Received ReadMsg------ 
AddReady from: [16 161 193 203 149 201 46 195 29 63 34 198 110 239 29 159 63 37 140 107]
INFO [11-06|12:47:50] send Ready msg 
INFO [11-06|12:47:50] send Ready msg 
INFO [11-06|12:47:50] send Ready msg 
INFO [11-06|12:47:50] send Ready msg 
INFO [11-06|12:47:50] send Ready msg 
INFO [11-06|12:47:50] send Ready msg 
INFO [11-06|12:47:50] send Ready msg 
INFO [11-06|12:47:50] Handle BFT Msg,                          msg="msg #8 (78 bytes)"
INFO [11-06|12:47:50] ------Received ReadMsg------ 
AddReady from: [16 161 193 203 149 201 46 195 29 63 34 198 110 239 29 159 63 37 140 107]
INFO [11-06|12:47:50] Handle BFT Msg,                          msg="msg #8 (78 bytes)"
INFO [11-06|12:47:50] ------Received ReadMsg------ 
AddReady from: [16 161 193 203 149 201 46 195 29 63 34 198 110 239 29 159 63 37 140 107]
INFO [11-06|12:47:50] Handle BFT Msg,                          msg="msg #8 (78 bytes)"
INFO [11-06|12:47:50] ------Received ReadMsg------ 
AddReady from: [16 161 193 203 149 201 46 195 29 63 34 198 110 239 29 159 63 37 140 107]
INFO [11-06|12:47:50] Handle BFT Msg,                          msg="msg #8 (78 bytes)"
INFO [11-06|12:47:50] ------Received ReadMsg------ 
AddReady from: [16 161 193 203 149 201 46 195 29 63 34 198 110 239 29 159 63 37 140 107]
INFO [11-06|12:47:50] Handle BFT Msg,                          msg="msg #8 (78 bytes)"
INFO [11-06|12:47:50] ------Received ReadMsg------ 
AddReady from: [16 161 193 203 149 201 46 195 29 63 34 198 110 239 29 159 63 37 140 107]
INFO [11-06|12:47:50] Handle BFT Msg,                          msg="msg #8 (78 bytes)"
INFO [11-06|12:47:50] ------Received ReadMsg------ 
AddReady from: [16 161 193 203 149 201 46 195 29 63 34 198 110 239 29 159 63 37 140 107]
INFO [11-06|12:47:50] Handle BFT Msg,                          msg="msg #8 (78 bytes)"
INFO [11-06|12:47:50] ------Received ReadMsg------ 
AddReady from: [130 169 120 179 245 150 42 91 9 87 217 238 158 239 71 46 229 91 66 241]
INFO [11-06|12:47:50] send Ready msg 
INFO [11-06|12:47:50] send Ready msg 
INFO [11-06|12:47:50] send Ready msg 
INFO [11-06|12:47:50] send Ready msg 
INFO [11-06|12:47:50] send Ready msg 
INFO [11-06|12:47:50] send Ready msg 
INFO [11-06|12:47:50] send Ready msg 
INFO [11-06|12:47:50] Handle BFT Msg,                          msg="msg #8 (78 bytes)"
INFO [11-06|12:47:50] ------Received ReadMsg------ 
AddReady from: [130 169 120 179 245 150 42 91 9 87 217 238 158 239 71 46 229 91 66 241]
INFO [11-06|12:47:50] Handle BFT Msg,                          msg="msg #8 (78 bytes)"
INFO [11-06|12:47:50] ------Received ReadMsg------ 
INFO [11-06|12:47:50] Handle BFT Msg,                          msg="msg #8 (78 bytes)"
INFO [11-06|12:47:50] ------Received ReadMsg------ 
AddReady from: [130 169 120 179 245 150 42 91 9 87 217 238 158 239 71 46 229 91 66 241]
INFO [11-06|12:47:50] Handle BFT Msg,                          msg="msg #8 (78 bytes)"
INFO [11-06|12:47:50] ------Received ReadMsg------ 
AddReady from: [130 169 120 179 245 150 42 91 9 87 217 238 158 239 71 46 229 91 66 241]
AddReady from: [130 169 120 179 245 150 42 91 9 87 217 238 158 239 71 46 229 91 66 241]
INFO [11-06|12:47:50] Handle BFT Msg,                          msg="msg #8 (78 bytes)"
INFO [11-06|12:47:50] ------Received ReadMsg------ 
AddReady from: [130 169 120 179 245 150 42 91 9 87 217 238 158 239 71 46 229 91 66 241]
INFO [11-06|12:47:50] Handle BFT Msg,                          msg="msg #8 (78 bytes)"
INFO [11-06|12:47:50] ------Received ReadMsg------ 
AddReady from: [130 169 120 179 245 150 42 91 9 87 217 238 158 239 71 46 229 91 66 241]
INFO [11-06|12:47:50] Handle BFT Msg,                          msg="msg #8 (78 bytes)"
INFO [11-06|12:47:50] ------Received ReadMsg------ 
AddReady from: [119 219 43 235 186 121 219 66 169 120 248 150 150 143 74 252 231 70 234 31]
INFO [11-06|12:47:50] send Ready msg 
INFO [11-06|12:47:50] send Ready msg 
INFO [11-06|12:47:50] send Ready msg 
INFO [11-06|12:47:50] send Ready msg 
INFO [11-06|12:47:50] send Ready msg 
INFO [11-06|12:47:50] send Ready msg 
INFO [11-06|12:47:50] send Ready msg 
INFO [11-06|12:47:50] Handle BFT Msg,                          msg="msg #8 (78 bytes)"
INFO [11-06|12:47:50] ------Received ReadMsg------ 
AddReady from: [119 219 43 235 186 121 219 66 169 120 248 150 150 143 74 252 231 70 234 31]
INFO [11-06|12:47:50] Handle BFT Msg,                          msg="msg #8 (78 bytes)"
INFO [11-06|12:47:50] ------Received ReadMsg------ 
AddReady from: [119 219 43 235 186 121 219 66 169 120 248 150 150 143 74 252 231 70 234 31]
INFO [11-06|12:47:50] Handle BFT Msg,                          msg="msg #8 (78 bytes)"
INFO [11-06|12:47:50] ------Received ReadMsg------ 
AddReady from: [119 219 43 235 186 121 219 66 169 120 248 150 150 143 74 252 231 70 234 31]
INFO [11-06|12:47:50] Handle BFT Msg,                          msg="msg #8 (78 bytes)"
INFO [11-06|12:47:50] ------Received ReadMsg------ 
INFO [11-06|12:47:50] Handle BFT Msg,                          msg="msg #8 (78 bytes)"
INFO [11-06|12:47:50] ------Received ReadMsg------ 
AddReady from: [119 219 43 235 186 121 219 66 169 120 248 150 150 143 74 252 231 70 234 31]
AddReady from: [119 219 43 235 186 121 219 66 169 120 248 150 150 143 74 252 231 70 234 31]
INFO [11-06|12:47:50] Handle BFT Msg,                          msg="msg #8 (78 bytes)"
INFO [11-06|12:47:50] ------Received ReadMsg------ 
AddReady from: [119 219 43 235 186 121 219 66 169 120 248 150 150 143 74 252 231 70 234 31]
INFO [11-06|12:47:50] Handle BFT Msg,                          msg="msg #8 (78 bytes)"
INFO [11-06|12:47:50] ------Received ReadMsg------ 
AddReady from: [119 219 43 235 186 121 219 66 169 120 248 150 150 143 74 252 231 70 234 31]
INFO [11-06|12:47:50] Handle BFT Msg,                          msg="msg #8 (78 bytes)"
INFO [11-06|12:47:50] ------Received ReadMsg------ 
AddReady from: [119 219 43 235 186 121 219 66 169 120 248 150 150 143 74 252 231 70 234 31]
INFO [11-06|12:47:50] Handle BFT Msg,                          msg="msg #8 (78 bytes)"
INFO [11-06|12:47:50] ------Received ReadMsg------ 
AddReady from: [119 219 43 235 186 121 219 66 169 120 248 150 150 143 74 252 231 70 234 31]
INFO [11-06|12:47:50] Handle BFT Msg,                          msg="msg #8 (78 bytes)"
INFO [11-06|12:47:50] ------Received ReadMsg------ 
AddReady from: [19 203 184 217 156 108 78 15 39 40 199 215 38 6 231 138 41 196 226 36]
INFO [11-06|12:47:50] send Ready msg 
INFO [11-06|12:47:50] send Ready msg 
INFO [11-06|12:47:50] send Ready msg 
INFO [11-06|12:47:50] send Ready msg 
INFO [11-06|12:47:50] send Ready msg 
INFO [11-06|12:47:50] send Ready msg 
INFO [11-06|12:47:50] send Ready msg 
INFO [11-06|12:47:50] Handle BFT Msg,                          msg="msg #8 (78 bytes)"
INFO [11-06|12:47:50] ------Received ReadMsg------ 
AddReady from: [19 203 184 217 156 108 78 15 39 40 199 215 38 6 231 138 41 196 226 36]
INFO [11-06|12:47:50] Handle BFT Msg,                          msg="msg #8 (78 bytes)"
INFO [11-06|12:47:50] ------Received ReadMsg------ 
AddReady from: [19 203 184 217 156 108 78 15 39 40 199 215 38 6 231 138 41 196 226 36]
INFO [11-06|12:47:50] Handle BFT Msg,                          msg="msg #8 (78 bytes)"
INFO [11-06|12:47:50] ------Received ReadMsg------ 
AddReady from: [19 203 184 217 156 108 78 15 39 40 199 215 38 6 231 138 41 196 226 36]
INFO [11-06|12:47:50] Handle BFT Msg,                          msg="msg #8 (78 bytes)"
INFO [11-06|12:47:50] ------Received ReadMsg------ 
AddReady from: [19 203 184 217 156 108 78 15 39 40 199 215 38 6 231 138 41 196 226 36]
INFO [11-06|12:47:50] Handle BFT Msg,                          msg="msg #8 (78 bytes)"
INFO [11-06|12:47:50] ------Received ReadMsg------ 
AddReady from: [19 203 184 217 156 108 78 15 39 40 199 215 38 6 231 138 41 196 226 36]
INFO [11-06|12:47:50] Handle BFT Msg,                          msg="msg #8 (78 bytes)"
INFO [11-06|12:47:50] ------Received ReadMsg------ 
AddReady from: [19 203 184 217 156 108 78 15 39 40 199 215 38 6 231 138 41 196 226 36]
INFO [11-06|12:47:50] Handle BFT Msg,                          msg="msg #8 (78 bytes)"
INFO [11-06|12:47:50] ------Received ReadMsg------ 
AddReady from: [19 203 184 217 156 108 78 15 39 40 199 215 38 6 231 138 41 196 226 36]
INFO [11-06|12:47:50] Handle BFT Msg,                          msg="msg #8 (78 bytes)"
INFO [11-06|12:47:50] ------Received ReadMsg------ 
INFO [11-06|12:47:50] Handle BFT Msg,                          msg="msg #8 (78 bytes)"
INFO [11-06|12:47:50] ------Received ReadMsg------ 
AddReady from: [125 87 122 89 123 39 66 180 152 203 92 240 194 108 220 215 38 211 158 110]
INFO [11-06|12:47:50] send Ready msg 
INFO [11-06|12:47:50] send Ready msg 
INFO [11-06|12:47:50] send Ready msg 
INFO [11-06|12:47:50] send Ready msg 
INFO [11-06|12:47:50] send Ready msg 
INFO [11-06|12:47:50] send Ready msg 
INFO [11-06|12:47:50] send Ready msg 
INFO [11-06|12:47:50] Handle BFT Msg,                          msg="msg #8 (78 bytes)"
INFO [11-06|12:47:50] ------Received ReadMsg------ 
INFO [11-06|12:47:50] Handle BFT Msg,                          msg="msg #8 (78 bytes)"
INFO [11-06|12:47:50] ------Received ReadMsg------ 
INFO [11-06|12:47:50] Handle BFT Msg,                          msg="msg #8 (78 bytes)"
INFO [11-06|12:47:50] ------Received ReadMsg------ 
AddReady from: [125 87 122 89 123 39 66 180 152 203 92 240 194 108 220 215 38 211 158 110]
AddReady from: [125 87 122 89 123 39 66 180 152 203 92 240 194 108 220 215 38 211 158 110]
INFO [11-06|12:47:50] Handle BFT Msg,                          msg="msg #8 (78 bytes)"
INFO [11-06|12:47:50] ------Received ReadMsg------ 
AddReady from: [125 87 122 89 123 39 66 180 152 203 92 240 194 108 220 215 38 211 158 110]
INFO [11-06|12:47:50] Handle BFT Msg,                          msg="msg #8 (78 bytes)"
INFO [11-06|12:47:50] ------Received ReadMsg------ 
AddReady from: [125 87 122 89 123 39 66 180 152 203 92 240 194 108 220 215 38 211 158 110]
INFO [11-06|12:47:50] Handle BFT Msg,                          msg="msg #8 (78 bytes)"
INFO [11-06|12:47:50] ------Received ReadMsg------ 
AddReady from: [125 87 122 89 123 39 66 180 152 203 92 240 194 108 220 215 38 211 158 110]
AddReady from: [125 87 122 89 123 39 66 180 152 203 92 240 194 108 220 215 38 211 158 110]
AddReady from: [125 87 122 89 123 39 66 180 152 203 92 240 194 108 220 215 38 211 158 110]
INFO [11-06|12:47:50] Handle BFT Msg,                          msg="msg #8 (78 bytes)"
INFO [11-06|12:47:50] ------Received ReadMsg------ 
AddReady from: [125 87 122 89 123 39 66 180 152 203 92 240 194 108 220 215 38 211 158 110]
INFO [11-06|12:47:50] Handle BFT Msg,                          msg="msg #8 (78 bytes)"
INFO [11-06|12:47:50] ------Received ReadMsg------ 
AddReady from: [125 87 122 89 123 39 66 180 152 203 92 240 194 108 220 215 38 211 158 110]
INFO [11-06|12:47:50] Handle BFT Msg,                          msg="msg #8 (78 bytes)"
INFO [11-06|12:47:50] ------Received ReadMsg------ 
AddReady from: [89 132 67 241 136 14 245 133 178 31 29 117 133 189 5 119 64 40 97 229]
INFO [11-06|12:47:50] send Ready msg 
INFO [11-06|12:47:50] send Ready msg 
INFO [11-06|12:47:50] send Ready msg 
INFO [11-06|12:47:50] send Ready msg 
INFO [11-06|12:47:50] send Ready msg 
INFO [11-06|12:47:50] send Ready msg 
INFO [11-06|12:47:50] send Ready msg 
INFO [11-06|12:47:50] Handle BFT Msg,                          msg="msg #8 (78 bytes)"
INFO [11-06|12:47:50] ------Received ReadMsg------ 
INFO [11-06|12:47:50] Handle BFT Msg,                          msg="msg #8 (78 bytes)"
INFO [11-06|12:47:50] ------Received ReadMsg------ 
INFO [11-06|12:47:50] Handle BFT Msg,                          msg="msg #8 (78 bytes)"
INFO [11-06|12:47:50] ------Received ReadMsg------ 
AddReady from: [89 132 67 241 136 14 245 133 178 31 29 117 133 189 5 119 64 40 97 229]
INFO [11-06|12:47:50] Handle BFT Msg,                          msg="msg #8 (78 bytes)"
INFO [11-06|12:47:50] ------Received ReadMsg------ 
AddReady from: [89 132 67 241 136 14 245 133 178 31 29 117 133 189 5 119 64 40 97 229]
INFO [11-06|12:47:50] Handle BFT Msg,                          msg="msg #8 (78 bytes)"
INFO [11-06|12:47:50] ------Received ReadMsg------ 
AddReady from: [89 132 67 241 136 14 245 133 178 31 29 117 133 189 5 119 64 40 97 229]
INFO [11-06|12:47:50] Handle BFT Msg,                          msg="msg #8 (78 bytes)"
INFO [11-06|12:47:50] ------Received ReadMsg------ 
AddReady from: [89 132 67 241 136 14 245 133 178 31 29 117 133 189 5 119 64 40 97 229]
INFO [11-06|12:47:50] Handle BFT Msg,                          msg="msg #8 (78 bytes)"
INFO [11-06|12:47:50] ------Received ReadMsg------ 
AddReady from: [89 132 67 241 136 14 245 133 178 31 29 117 133 189 5 119 64 40 97 229]
AddReady from: [89 132 67 241 136 14 245 133 178 31 29 117 133 189 5 119 64 40 97 229]
AddReady from: [89 132 67 241 136 14 245 133 178 31 29 117 133 189 5 119 64 40 97 229]
INFO [11-06|12:47:50] Handle BFT Msg,                          msg="msg #8 (78 bytes)"
INFO [11-06|12:47:50] ------Received ReadMsg------ 
AddReady from: [89 132 67 241 136 14 245 133 178 31 29 117 133 189 5 119 64 40 97 229]
INFO [11-06|12:47:50] Handle BFT Msg,                          msg="msg #8 (78 bytes)"
INFO [11-06|12:47:50] ------Received ReadMsg------ 
AddReady from: [89 132 67 241 136 14 245 133 178 31 29 117 133 189 5 119 64 40 97 229]
INFO [11-06|12:47:51] Handle BFT Msg,                          msg="msg #8 (78 bytes)"
INFO [11-06|12:47:51] ------Received ReadMsg------ 
INFO [11-06|12:47:51] Handle BFT Msg,                          msg="msg #8 (78 bytes)"
INFO [11-06|12:47:51] ------Received ReadMsg------ 
INFO [11-06|12:47:51] Handle BFT Msg,                          msg="msg #8 (78 bytes)"
INFO [11-06|12:47:51] ------Received ReadMsg------ 
INFO [11-06|12:47:51] Handle BFT Msg,                          msg="msg #8 (78 bytes)"
INFO [11-06|12:47:51] ------Received ReadMsg------ 
AddReady from: [36 20 56 115 224 224 129 95 220 188 255 219 224 156 151 156 191 154 208 19]
AddReady from: [36 20 56 115 224 224 129 95 220 188 255 219 224 156 151 156 191 154 208 19]
INFO [11-06|12:47:51] send Ready msg 
INFO [11-06|12:47:51] Handle BFT Msg,                          msg="msg #8 (78 bytes)"
INFO [11-06|12:47:51] ------Received ReadMsg------ 
AddReady from: [36 20 56 115 224 224 129 95 220 188 255 219 224 156 151 156 191 154 208 19]
INFO [11-06|12:47:51] send Ready msg 
INFO [11-06|12:47:51] send Ready msg 
INFO [11-06|12:47:51] send Ready msg 
INFO [11-06|12:47:51] send Ready msg 
INFO [11-06|12:47:51] send Ready msg 
AddReady from: [36 20 56 115 224 224 129 95 220 188 255 219 224 156 151 156 191 154 208 19]
INFO [11-06|12:47:51] send Ready msg 
INFO [11-06|12:47:51] send Ready msg 
INFO [11-06|12:47:51] Handle BFT Msg,                          msg="msg #8 (78 bytes)"
INFO [11-06|12:47:51] ------Received ReadMsg------ 
INFO [11-06|12:47:51] send Ready msg 
AddReady from: [36 20 56 115 224 224 129 95 220 188 255 219 224 156 151 156 191 154 208 19]
INFO [11-06|12:47:51] send Ready msg 
INFO [11-06|12:47:51] send Ready msg 
INFO [11-06|12:47:51] send Ready msg 
INFO [11-06|12:47:51] send Ready msg 
INFO [11-06|12:47:51] send Ready msg 
INFO [11-06|12:47:51] send Ready msg 
AddReady from: [36 20 56 115 224 224 129 95 220 188 255 219 224 156 151 156 191 154 208 19]
INFO [11-06|12:47:51] send Ready msg 
INFO [11-06|12:47:51] Handle BFT Msg,                          msg="msg #8 (78 bytes)"
INFO [11-06|12:47:51] ------Received ReadMsg------ 
INFO [11-06|12:47:51] send Ready msg 
INFO [11-06|12:47:51] send Ready msg 
INFO [11-06|12:47:51] send Ready msg 
AddReady from: [36 20 56 115 224 224 129 95 220 188 255 219 224 156 151 156 191 154 208 19]
INFO [11-06|12:47:51] send Ready msg 
INFO [11-06|12:47:51] send Ready msg 
INFO [11-06|12:47:51] send Ready msg 
INFO [11-06|12:47:51] send Ready msg 
INFO [11-06|12:47:51] send Ready msg 
INFO [11-06|12:47:51] send Ready msg 
ready: 8 need: 5.3333335
ready: 8 need: 5.3333335
INFO [11-06|12:47:51] send Ready msg 
INFO [11-06|12:47:51] send Ready msg 
INFO [11-06|12:47:51] send Ready msg 
INFO [11-06|12:47:51] send Ready msg 
INFO [11-06|12:47:51] send Ready msg 
INFO [11-06|12:47:51] send Ready msg 
INFO [11-06|12:47:51] send Ready msg 
INFO [11-06|12:47:51] -----------------consensusManager Ready------------------------- 
INFO [11-06|12:47:51] Handle BFT Msg,                          msg="msg #8 (78 bytes)"
INFO [11-06|12:47:51] ------Received ReadMsg------ 
AddReady from: [220 236 234 243 252 92 10 99 209 149 214 155 26 144 1 27 123 25 101 13]
INFO [11-06|12:47:51] Handle BFT Msg,                          msg="msg #8 (78 bytes)"
INFO [11-06|12:47:51] ------Received ReadMsg------ 
AddReady from: [220 236 234 243 252 92 10 99 209 149 214 155 26 144 1 27 123 25 101 13]
INFO [11-06|12:47:51] Handle BFT Msg,                          msg="msg #8 (78 bytes)"
INFO [11-06|12:47:51] ------Received ReadMsg------ 
AddReady from: [220 236 234 243 252 92 10 99 209 149 214 155 26 144 1 27 123 25 101 13]
INFO [11-06|12:47:51] Handle BFT Msg,                          msg="msg #8 (78 bytes)"
INFO [11-06|12:47:51] ------Received ReadMsg------ 
AddReady from: [220 236 234 243 252 92 10 99 209 149 214 155 26 144 1 27 123 25 101 13]
INFO [11-06|12:47:51] Handle BFT Msg,                          msg="msg #8 (78 bytes)"
INFO [11-06|12:47:51] ------Received ReadMsg------ 
AddReady from: [220 236 234 243 252 92 10 99 209 149 214 155 26 144 1 27 123 25 101 13]
INFO [11-06|12:47:51] Handle BFT Msg,                          msg="msg #8 (78 bytes)"
INFO [11-06|12:47:51] ------Received ReadMsg------ 
AddReady from: [220 236 234 243 252 92 10 99 209 149 214 155 26 144 1 27 123 25 101 13]
INFO [11-06|12:47:51] Handle BFT Msg,                          msg="msg #8 (78 bytes)"
INFO [11-06|12:47:51] ------Received ReadMsg------ 
AddReady from: [220 236 234 243 252 92 10 99 209 149 214 155 26 144 1 27 123 25 101 13]
INFO [11-06|12:47:51] Handle BFT Msg,                          msg="msg #8 (78 bytes)"
INFO [11-06|12:47:51] ------Received ReadMsg------ 
AddReady from: [16 161 193 203 149 201 46 195 29 63 34 198 110 239 29 159 63 37 140 107]
INFO [11-06|12:47:51] send Ready msg 
INFO [11-06|12:47:51] send Ready msg 
INFO [11-06|12:47:51] send Ready msg 
INFO [11-06|12:47:51] send Ready msg 
INFO [11-06|12:47:51] send Ready msg 
INFO [11-06|12:47:51] send Ready msg 
INFO [11-06|12:47:51] Handle BFT Msg,                          msg="msg #8 (78 bytes)"
INFO [11-06|12:47:51] ------Received ReadMsg------ 
AddReady from: [16 161 193 203 149 201 46 195 29 63 34 198 110 239 29 159 63 37 140 107]
INFO [11-06|12:47:51] send Ready msg 
INFO [11-06|12:47:51] send Ready msg 
INFO [11-06|12:47:51] Handle BFT Msg,                          msg="msg #8 (78 bytes)"
INFO [11-06|12:47:51] ------Received ReadMsg------ 
AddReady from: [16 161 193 203 149 201 46 195 29 63 34 198 110 239 29 159 63 37 140 107]
INFO [11-06|12:47:51] Handle BFT Msg,                          msg="msg #8 (78 bytes)"
INFO [11-06|12:47:51] ------Received ReadMsg------ 
AddReady from: [16 161 193 203 149 201 46 195 29 63 34 198 110 239 29 159 63 37 140 107]
INFO [11-06|12:47:51] Handle BFT Msg,                          msg="msg #8 (78 bytes)"
INFO [11-06|12:47:51] ------Received ReadMsg------ 
AddReady from: [16 161 193 203 149 201 46 195 29 63 34 198 110 239 29 159 63 37 140 107]
INFO [11-06|12:47:51] Handle BFT Msg,                          msg="msg #8 (78 bytes)"
INFO [11-06|12:47:51] ------Received ReadMsg------ 
AddReady from: [16 161 193 203 149 201 46 195 29 63 34 198 110 239 29 159 63 37 140 107]
INFO [11-06|12:47:51] Handle BFT Msg,                          msg="msg #8 (78 bytes)"
INFO [11-06|12:47:51] ------Received ReadMsg------ 
AddReady from: [16 161 193 203 149 201 46 195 29 63 34 198 110 239 29 159 63 37 140 107]
INFO [11-06|12:47:51] Handle BFT Msg,                          msg="msg #8 (78 bytes)"
INFO [11-06|12:47:51] ------Received ReadMsg------ 
AddReady from: [16 161 193 203 149 201 46 195 29 63 34 198 110 239 29 159 63 37 140 107]
INFO [11-06|12:47:51] Handle BFT Msg,                          msg="msg #8 (78 bytes)"
INFO [11-06|12:47:51] ------Received ReadMsg------ 
AddReady from: [16 161 193 203 149 201 46 195 29 63 34 198 110 239 29 159 63 37 140 107]
INFO [11-06|12:49:58] Transaction pool price threshold updated price=18000000000
INFO [11-06|12:49:58] Starting mining operation 
INFO [11-06|12:50:02] Handle BFT Msg,                          msg="msg #11 (172922 bytes)"
INFO [11-06|12:50:02] -------Received NewBlockProposalMsg------- 
bpHR: H: 1 R: 0
cmHR: H: 1 R: 0
INFO [11-06|12:50:02] --------------------------------------- 
# collMsig from = Peer 6d11b37ef4fc909a [eth/63]
cmHR: H: 1 R: 0
this is rm.proposerPeer  Peer 6d11b37ef4fc909a [eth/63]
INFO [11-06|12:50:02] In IsValid() 
len(lockset.Votes): 0 lockset.EligibleVotesNum: 0
INFO [11-06|12:50:02] cm add BlockProposal                     h=1 r=0
INFO [11-06|12:50:02] in HasQuorum 
INFO [11-06|12:50:02] In IsValid() 
len(lockset.Votes): 1 lockset.EligibleVotesNum: 0
INFO [11-06|12:50:02] in collectMsig, i am msig wintness 
INFO [11-06|12:50:02] Return MsigProposalMsg to                LOG15_ERROR= LOG15_ERROR="Normalized odd number of arguments by adding nil"
INFO [11-06|12:50:02] Sending MsigProposalMsg 
in cm.collectMsig, mp.MsigVs: [<nil> 27]
INFO [11-06|12:50:02] In addBlockCandidates!! 
INFO [11-06|12:50:02] -------in handle NewBlockProposalMsg, success!------- 
INFO [11-06|12:50:02] Handle BFT Msg,                          msg="msg #18 (345 bytes)"
INFO [11-06|12:50:02] ------Received MsigProposalMsg------ 
mpHR: H: 1 R: 0 hash: [207 3 115 0 63 14 133 194 53 87 24 21 146 44 79 178 109 197 225 133 55 35 49 201 61 138 10 47 58 156 21 178]
cmHR: H: 1 R: 0
INFO [11-06|12:50:02] --------------------------------------- 
INFO [11-06|12:50:02] ------addmsigproposal success!------- 
INFO [11-06|12:50:02] Handle BFT Msg,                          msg="msg #18 (345 bytes)"
INFO [11-06|12:50:02] ------Received MsigProposalMsg------ 
mpHR: H: 1 R: 0 hash: [207 3 115 0 63 14 133 194 53 87 24 21 146 44 79 178 109 197 225 133 55 35 49 201 61 138 10 47 58 156 21 178]
cmHR: H: 1 R: 0
INFO [11-06|12:50:02] --------------------------------------- 
INFO [11-06|12:50:02] ------addmsigproposal success!------- 
INFO [11-06|12:50:02] Handle BFT Msg,                          msg="msg #18 (345 bytes)"
INFO [11-06|12:50:02] ------Received MsigProposalMsg------ 
mpHR: H: 1 R: 0 hash: [207 3 115 0 63 14 133 194 53 87 24 21 146 44 79 178 109 197 225 133 55 35 49 201 61 138 10 47 58 156 21 178]
cmHR: H: 1 R: 0
INFO [11-06|12:50:02] --------------------------------------- 
INFO [11-06|12:50:02] ------addmsigproposal success!------- 
INFO [11-06|12:50:02] Handle BFT Msg,                          msg="msg #18 (345 bytes)"
INFO [11-06|12:50:02] ------Received MsigProposalMsg------ 
mpHR: H: 1 R: 0 hash: [207 3 115 0 63 14 133 194 53 87 24 21 146 44 79 178 109 197 225 133 55 35 49 201 61 138 10 47 58 156 21 178]
cmHR: H: 1 R: 0
INFO [11-06|12:50:02] --------------------------------------- 
INFO [11-06|12:50:02] ------addmsigproposal success!------- 
INFO [11-06|12:50:02] Handle BFT Msg,                          msg="msg #17 (107 bytes)"
INFO [11-06|12:50:02] ------Received VoteMsg------ 
voteHR: H: 1 R: 0 voteType:: 1 voteHash: [207 3 115 0 63 14 133 194 53 87 24 21 146 44 79 178 109 197 225 133 55 35 49 201 61 138 10 47 58 156 21 178]
cmHR: H: 1 R: 0
INFO [11-06|12:50:02] --------------------------------------- 
INFO [11-06|12:50:02] addVote to                               height=1 round=0 from=0x82a978b3f5962a5b0957d9ee9eef472ee55b42f1 success=true cm.coinbase=0xdceceaf3fc5c0a63d195d69b1a90011b7b19650d
INFO [11-06|12:50:02] ------in handle VoteMsg, success!------ 
INFO [11-06|12:50:02] Handle BFT Msg,                          msg="msg #17 (107 bytes)"
INFO [11-06|12:50:02] ------Received VoteMsg------ 
voteHR: H: 1 R: 0 voteType:: 1 voteHash: [207 3 115 0 63 14 133 194 53 87 24 21 146 44 79 178 109 197 225 133 55 35 49 201 61 138 10 47 58 156 21 178]
cmHR: H: 1 R: 0
INFO [11-06|12:50:02] --------------------------------------- 
INFO [11-06|12:50:02] addVote to                               height=1 round=0 from=0x7d577a597b2742b498cb5cf0c26cdcd726d39e6e success=true cm.coinbase=0xdceceaf3fc5c0a63d195d69b1a90011b7b19650d
INFO [11-06|12:50:02] ------in handle VoteMsg, success!------ 
INFO [11-06|12:50:02] Commit new mining work                   number=1 txs=1598 uncles=0 elapsed=3.811s
INFO [11-06|12:50:02] Sealing                                  block n=1
StartConsensus, 1541479802798268000
INFO [11-06|12:50:02] Start Process 
INFO [11-06|12:50:02] in cm.Process, check lastCommittingLockset() 
INFO [11-06|12:50:02] In IsValid() 
len(lockset.Votes): 2 lockset.EligibleVotesNum: 0
INFO [11-06|12:50:02] in HasQuorum 
INFO [11-06|12:50:02] In IsValid() 
len(lockset.Votes): 2 lockset.EligibleVotesNum: 0
=====CM.COINBASE IS:===== [220 236 234 243 252 92 10 99 209 149 214 155 26 144 1 27 123 25 101 13] block number is: 1
INFO [11-06|12:50:02] case: default, cm.process 
ready: 8 need: 5.3333335
INFO [11-06|12:50:02] ---------------process------------------ 
INFO [11-06|12:50:02] In RM Process                            height=1 round=0
INFO [11-06|12:50:02] --------In rm.propose------- 
INFO [11-06|12:50:02] ---------------in rm.vote----------------- 
INFO [11-06|12:50:02] in vote in RM                            height=1 round=0
INFO [11-06|12:50:02] vote mp 
INFO [11-06|12:50:02] vote success in                          height=1 round=0
INFO [11-06|12:50:02] Send VoteMsg 
INFO [11-06|12:50:02] in rm.process, check lockset HasQuorum 
INFO [11-06|12:50:02] in HasQuorum 
INFO [11-06|12:50:02] In IsValid() 
len(lockset.Votes): 3 lockset.EligibleVotesNum: 8
INFO [11-06|12:50:02] rm lockset is not valid yet 
INFO [11-06|12:50:02] after cm.process() 
INFO [11-06|12:50:02] case: default, cm.process 
ready: 8 need: 5.3333335
INFO [11-06|12:50:02] ---------------process------------------ 
INFO [11-06|12:50:02] In RM Process                            height=1 round=0
INFO [11-06|12:50:02] --------In rm.propose------- 
INFO [11-06|12:50:02] ---------------in rm.vote----------------- 
INFO [11-06|12:50:02] voted 
INFO [11-06|12:50:02] in rm.process, check lockset HasQuorum 
INFO [11-06|12:50:02] in HasQuorum 
INFO [11-06|12:50:02] In IsValid() 
len(lockset.Votes): 3 lockset.EligibleVotesNum: 8
INFO [11-06|12:50:02] rm lockset is not valid yet 
INFO [11-06|12:50:02] after cm.process() 
INFO [11-06|12:50:03] case: default, cm.process 
ready: 8 need: 5.3333335
INFO [11-06|12:50:03] ---------------process------------------ 
INFO [11-06|12:50:03] In RM Process                            height=1 round=0
INFO [11-06|12:50:03] --------In rm.propose------- 
INFO [11-06|12:50:03] ---------------in rm.vote----------------- 
INFO [11-06|12:50:03] voted 
INFO [11-06|12:50:03] in rm.process, check lockset HasQuorum 
INFO [11-06|12:50:03] in HasQuorum 
INFO [11-06|12:50:03] In IsValid() 
len(lockset.Votes): 3 lockset.EligibleVotesNum: 8
INFO [11-06|12:50:03] rm lockset is not valid yet 
INFO [11-06|12:50:03] after cm.process() 
INFO [11-06|12:50:03] case: default, cm.process 
ready: 8 need: 5.3333335
INFO [11-06|12:50:03] ---------------process------------------ 
INFO [11-06|12:50:03] In RM Process                            height=1 round=0
INFO [11-06|12:50:03] --------In rm.propose------- 
INFO [11-06|12:50:03] ---------------in rm.vote----------------- 
INFO [11-06|12:50:03] voted 
INFO [11-06|12:50:03] in rm.process, check lockset HasQuorum 
INFO [11-06|12:50:03] in HasQuorum 
INFO [11-06|12:50:03] In IsValid() 
len(lockset.Votes): 3 lockset.EligibleVotesNum: 8
INFO [11-06|12:50:03] rm lockset is not valid yet 
INFO [11-06|12:50:03] after cm.process() 
INFO [11-06|12:50:03] case: default, cm.process 
ready: 8 need: 5.3333335
INFO [11-06|12:50:03] ---------------process------------------ 
INFO [11-06|12:50:03] In RM Process                            height=1 round=0
INFO [11-06|12:50:03] --------In rm.propose------- 
INFO [11-06|12:50:03] ---------------in rm.vote----------------- 
INFO [11-06|12:50:03] voted 
INFO [11-06|12:50:03] in rm.process, check lockset HasQuorum 
INFO [11-06|12:50:03] in HasQuorum 
INFO [11-06|12:50:03] In IsValid() 
len(lockset.Votes): 3 lockset.EligibleVotesNum: 8
INFO [11-06|12:50:03] rm lockset is not valid yet 
INFO [11-06|12:50:03] after cm.process() 
INFO [11-06|12:50:03] Handle BFT Msg,                          msg="msg #17 (107 bytes)"
INFO [11-06|12:50:03] ------Received VoteMsg------ 
voteHR: H: 1 R: 0 voteType:: 1 voteHash: [207 3 115 0 63 14 133 194 53 87 24 21 146 44 79 178 109 197 225 133 55 35 49 201 61 138 10 47 58 156 21 178]
cmHR: H: 1 R: 0
INFO [11-06|12:50:03] --------------------------------------- 
INFO [11-06|12:50:03] addVote to                               height=1 round=0 from=0x13cbb8d99c6c4e0f2728c7d72606e78a29c4e224 success=true cm.coinbase=0xdceceaf3fc5c0a63d195d69b1a90011b7b19650d
INFO [11-06|12:50:03] ------in handle VoteMsg, success!------ 
INFO [11-06|12:50:03] Handle BFT Msg,                          msg="msg #17 (107 bytes)"
INFO [11-06|12:50:03] ------Received VoteMsg------ 
voteHR: H: 1 R: 0 voteType:: 1 voteHash: [207 3 115 0 63 14 133 194 53 87 24 21 146 44 79 178 109 197 225 133 55 35 49 201 61 138 10 47 58 156 21 178]
cmHR: H: 1 R: 0
INFO [11-06|12:50:03] --------------------------------------- 
INFO [11-06|12:50:03] addVote to                               height=1 round=0 from=0x598443f1880ef585b21f1d7585bd0577402861e5 success=true cm.coinbase=0xdceceaf3fc5c0a63d195d69b1a90011b7b19650d
INFO [11-06|12:50:03] ------in handle VoteMsg, success!------ 
INFO [11-06|12:50:03] case: default, cm.process 
ready: 8 need: 5.3333335
INFO [11-06|12:50:03] ---------------process------------------ 
INFO [11-06|12:50:03] In RM Process                            height=1 round=0
INFO [11-06|12:50:03] --------In rm.propose------- 
INFO [11-06|12:50:03] ---------------in rm.vote----------------- 
INFO [11-06|12:50:03] voted 
INFO [11-06|12:50:03] in rm.process, check lockset HasQuorum 
INFO [11-06|12:50:03] in HasQuorum 
INFO [11-06|12:50:03] In IsValid() 
len(lockset.Votes): 5 lockset.EligibleVotesNum: 8
INFO [11-06|12:50:03] rm lockset is not valid yet 
INFO [11-06|12:50:03] after cm.process() 
INFO [11-06|12:50:03] case: default, cm.process 
ready: 8 need: 5.3333335
INFO [11-06|12:50:03] ---------------process------------------ 
INFO [11-06|12:50:03] In RM Process                            height=1 round=0
INFO [11-06|12:50:03] --------In rm.propose------- 
INFO [11-06|12:50:03] ---------------in rm.vote----------------- 
INFO [11-06|12:50:03] voted 
INFO [11-06|12:50:03] in rm.process, check lockset HasQuorum 
INFO [11-06|12:50:03] in HasQuorum 
INFO [11-06|12:50:03] In IsValid() 
len(lockset.Votes): 5 lockset.EligibleVotesNum: 8
INFO [11-06|12:50:03] rm lockset is not valid yet 
INFO [11-06|12:50:03] after cm.process() 
INFO [11-06|12:50:03] case: default, cm.process 
ready: 8 need: 5.3333335
INFO [11-06|12:50:03] ---------------process------------------ 
INFO [11-06|12:50:03] In RM Process                            height=1 round=0
INFO [11-06|12:50:03] --------In rm.propose------- 
INFO [11-06|12:50:03] ---------------in rm.vote----------------- 
INFO [11-06|12:50:03] voted 
INFO [11-06|12:50:03] in rm.process, check lockset HasQuorum 
INFO [11-06|12:50:03] in HasQuorum 
INFO [11-06|12:50:03] In IsValid() 
len(lockset.Votes): 5 lockset.EligibleVotesNum: 8
INFO [11-06|12:50:03] rm lockset is not valid yet 
INFO [11-06|12:50:03] after cm.process() 
INFO [11-06|12:50:03] Handle BFT Msg,                          msg="msg #17 (107 bytes)"
INFO [11-06|12:50:03] ------Received VoteMsg------ 
voteHR: H: 1 R: 0 voteType:: 1 voteHash: [207 3 115 0 63 14 133 194 53 87 24 21 146 44 79 178 109 197 225 133 55 35 49 201 61 138 10 47 58 156 21 178]
cmHR: H: 1 R: 0
INFO [11-06|12:50:03] --------------------------------------- 
INFO [11-06|12:50:03] addVote to                               height=1 round=0 from=0x77db2bebba79db42a978f896968f4afce746ea1f success=true cm.coinbase=0xdceceaf3fc5c0a63d195d69b1a90011b7b19650d
INFO [11-06|12:50:03] ------in handle VoteMsg, success!------ 
INFO [11-06|12:50:03] received NewBlockMsg! 
INFO [11-06|12:50:03] ***in BFT.VVVVerifyHeader*** 
INFO [11-06|12:50:03] ***in BFT.verifyHeader*** 
INFO [11-06|12:50:03] ***in BFT.verifySeal*** 
INFO [11-06|12:50:03] In verifyVotes 
INFO [11-06|12:50:03] ***in sync.request()*** 
INFO [11-06|12:50:03] case: default, cm.process 
ready: 8 need: 5.3333335
INFO [11-06|12:50:03] ---------------process------------------ 
INFO [11-06|12:50:03] In RM Process                            height=1 round=0
INFO [11-06|12:50:03] --------In rm.propose------- 
INFO [11-06|12:50:03] ---------------in rm.vote----------------- 
INFO [11-06|12:50:03] voted 
INFO [11-06|12:50:03] in rm.process, check lockset HasQuorum 
INFO [11-06|12:50:03] in HasQuorum 
INFO [11-06|12:50:03] In IsValid() 
len(lockset.Votes): 6 lockset.EligibleVotesNum: 8
INFO [11-06|12:50:03] There is a quorum                        height=1 round=0
--- in rm.process p.id: --- Peer 6d11b37ef4fc909a [eth/63]
INFO [11-06|12:50:03] ============in cm.commitLockset============ 
INFO [11-06|12:50:03] in commitLockset, check ls HasQuorum 
INFO [11-06|12:50:03] in HasQuorum 
INFO [11-06|12:50:03] In IsValid() 
len(lockset.Votes): 6 lockset.EligibleVotesNum: 8
INFO [11-06|12:50:03] cm.found is not nil 
INFO [11-06|12:50:03] store lockset 
peerid: 6d11b37ef4fc909a
INFO [11-06|12:50:03] ---storeLockset--- 
INFO [11-06|12:50:03] after cm.process() 
cmH 1
INFO [11-06|12:50:03] in validatorCommit1 
pid: 6d11b37ef4fc909a
block number 1
-------in NewBFTValidatorBlock-------
INFO [11-06|12:50:03] in validatorCommit2 
validatorCommit time: 85.369µs
INFO [11-06|12:50:03] **in eth.handler**, get result from ch 
INFO [11-06|12:50:03] have a consensus on the block 
INFO [11-06|12:50:03] result.Header().Coinbase != b.signer 
result.Header().Coinbase: [125 87 122 89 123 39 66 180 152 203 92 240 194 108 220 215 38 211 158 110] b.signer: [220 236 234 243 252 92 10 99 209 149 214 155 26 144 1 27 123 25 101 13]
ConsensusTime, 831160072 , txs, 1598 , blockNum, 1
FinishedConsensus, 1541479803629463000
INFO [11-06|12:50:03] result is nil 
INFO [11-06|12:50:03] === Finished Mine() === 
INFO [11-06|12:50:03] In verifyVotes 
INFO [11-06|12:50:03] in HasQuorum 
INFO [11-06|12:50:03] In IsValid() 
len(lockset.Votes): 6 lockset.EligibleVotesNum: 8
INFO [11-06|12:50:03] ***in BFT.VerifyHeaderSSSS*** 
INFO [11-06|12:50:03] ***in BFT.verifyHeader*** 
INFO [11-06|12:50:03] ***in BFT.verifySeal*** 
INFO [11-06|12:50:03] In verifyVotes 
INFO [11-06|12:50:03] in HasQuorum 
INFO [11-06|12:50:03] In IsValid() 
len(lockset.Votes): 6 lockset.EligibleVotesNum: 8
INFO [11-06|12:50:04] Handle BFT Msg,                          msg="msg #17 (107 bytes)"
INFO [11-06|12:50:04] ------Received VoteMsg------ 
voteHR: H: 1 R: 0 voteType:: 1 voteHash: [207 3 115 0 63 14 133 194 53 87 24 21 146 44 79 178 109 197 225 133 55 35 49 201 61 138 10 47 58 156 21 178]
cmHR: H: 1 R: 0
INFO [11-06|12:50:04] --------------------------------------- 
INFO [11-06|12:50:04] addVote to                               height=1 round=0 from=0x24143873e0e0815fdcbcffdbe09c979cbf9ad013 success=true cm.coinbase=0xdceceaf3fc5c0a63d195d69b1a90011b7b19650d
INFO [11-06|12:50:04] ------in handle VoteMsg, success!------ 
INFO [11-06|12:50:04] Handle BFT Msg,                          msg="msg #17 (107 bytes)"
INFO [11-06|12:50:04] ------Received VoteMsg------ 
voteHR: H: 1 R: 0 voteType:: 1 voteHash: [207 3 115 0 63 14 133 194 53 87 24 21 146 44 79 178 109 197 225 133 55 35 49 201 61 138 10 47 58 156 21 178]
cmHR: H: 1 R: 0
INFO [11-06|12:50:04] --------------------------------------- 
INFO [11-06|12:50:04] addVote to                               height=1 round=0 from=0x10a1c1cb95c92ec31d3f22c66eef1d9f3f258c6b success=true cm.coinbase=0xdceceaf3fc5c0a63d195d69b1a90011b7b19650d
INFO [11-06|12:50:04] ------in handle VoteMsg, success!------ 
INFO [11-06|12:50:06] Imported new chain segment               blocks=1 txs=1598 mgas=33.558 elapsed=2.657s    mgasps=12.630 number=1 hash=cf0373…9c15b2
FinishedPostExec, 1541479806442864000 , txs, 1598
PostExecTime, 2.657001471s
INFO [11-06|12:50:06] in pool.evenLoop, call pool.resetState 
INFO [11-06|12:50:11] Commit new mining work                   number=2 txs=1599 uncles=0 elapsed=5.365s
INFO [11-06|12:50:11] Sealing                                  block n=2
StartConsensus, 1541479811809295000
INFO [11-06|12:50:11] Start Process 
INFO [11-06|12:50:11] in cm.Process, check lastCommittingLockset() 
INFO [11-06|12:50:11] In IsValid() 
len(lockset.Votes): 8 lockset.EligibleVotesNum: 8
INFO [11-06|12:50:11] in HasQuorum 
INFO [11-06|12:50:11] In IsValid() 
len(lockset.Votes): 8 lockset.EligibleVotesNum: 8
=====CM.COINBASE IS:===== [220 236 234 243 252 92 10 99 209 149 214 155 26 144 1 27 123 25 101 13] block number is: 2
INFO [11-06|12:50:11] case: default, cm.process 
ready: 8 need: 5.3333335
INFO [11-06|12:50:11] ---------------process------------------ 
INFO [11-06|12:50:11] In RM Process                            height=2 round=0
INFO [11-06|12:50:11] --------In rm.propose------- 
INFO [11-06|12:50:11] I am a proposer in                       height=2 round=0
INFO [11-06|12:50:11] in propose, check lastRoundLockset 
lastRoundLockset, hm.activeround: 0
INFO [11-06|12:50:11] ------in mkProposal------ 
INFO [11-06|12:50:11] In IsValid() 
len(lockset.Votes): 8 lockset.EligibleVotesNum: 8
INFO [11-06|12:50:11] in HasQuorum 
INFO [11-06|12:50:11] In IsValid() 
len(lockset.Votes): 8 lockset.EligibleVotesNum: 8
INFO [11-06|12:50:11] LockSet(R-1) is nil (rm.round should equal to zero) 
INFO [11-06|12:50:11] in HasQuorum 
INFO [11-06|12:50:11] In IsValid() 
len(lockset.Votes): 8 lockset.EligibleVotesNum: 8
INFO [11-06|12:50:11] in HasQuorum 
INFO [11-06|12:50:11] In IsValid() 
len(lockset.Votes): 8 lockset.EligibleVotesNum: 8
Create block blockhash :  [103 100 179 153 145 174 43 86 128 117 91 128 136 100 217 65 78 242 126 253 252 94 231 152 98 111 72 254 211 252 244 175]
INFO [11-06|12:50:11] In addBlockCandidates!! 
INFO [11-06|12:50:11] Send NewBlockProposalMsg:                LOG15_ERROR=                                                   LOG15_ERROR="Normalized odd number of arguments by adding nil"
INFO [11-06|12:50:12] ---------------in rm.vote----------------- 
INFO [11-06|12:50:12] in vote in RM                            height=2 round=0
INFO [11-06|12:50:12] Timeout time not reach, curr vs timeout: curr=1541479812.000 timeout=1541479816.000
INFO [11-06|12:50:12] in rm.process, check lockset HasQuorum 
INFO [11-06|12:50:12] in HasQuorum 
INFO [11-06|12:50:12] In IsValid() 
len(lockset.Votes): 0 lockset.EligibleVotesNum: 8
INFO [11-06|12:50:12] rm lockset is not valid yet 
INFO [11-06|12:50:12] after cm.process() 
INFO [11-06|12:50:12] Handle BFT Msg,                          msg="msg #18 (1082 bytes)"
INFO [11-06|12:50:12] ------Received MsigProposalMsg------ 
mpHR: H: 2 R: 0 hash: [103 100 179 153 145 174 43 86 128 117 91 128 136 100 217 65 78 242 126 253 252 94 231 152 98 111 72 254 211 252 244 175]
cmHR: H: 2 R: 0
INFO [11-06|12:50:12] --------------------------------------- 
INFO [11-06|12:50:12] In addMsig I am leader 
mp= [[0 0 0 0 0 0 0 0 0 0 0 0 0 0 0 0 0 0 0 0] [89 132 67 241 136 14 245 133 178 31 29 117 133 189 5 119 64 40 97 229]]
INFO [11-06|12:50:12] in bfthandler Send MsigProposalMsg 
INFO [11-06|12:50:12] Sending MsigProposalMsg 
INFO [11-06|12:50:12] Sending MsigProposalMsg 
INFO [11-06|12:50:12] Sending MsigProposalMsg 
INFO [11-06|12:50:12] Sending MsigProposalMsg 
INFO [11-06|12:50:12] Sending MsigProposalMsg 
INFO [11-06|12:50:12] Sending MsigProposalMsg 
INFO [11-06|12:50:12] Sending MsigProposalMsg 
INFO [11-06|12:50:12] ------addmsigproposal success!------- 
INFO [11-06|12:50:12] Handle BFT Msg,                          msg="msg #17 (107 bytes)"
INFO [11-06|12:50:12] ------Received VoteMsg------ 
voteHR: H: 2 R: 0 voteType:: 1 voteHash: [103 100 179 153 145 174 43 86 128 117 91 128 136 100 217 65 78 242 126 253 252 94 231 152 98 111 72 254 211 252 244 175]
cmHR: H: 2 R: 0
INFO [11-06|12:50:12] --------------------------------------- 
INFO [11-06|12:50:12] addVote to                               height=2 round=0 from=0x77db2bebba79db42a978f896968f4afce746ea1f success=true cm.coinbase=0xdceceaf3fc5c0a63d195d69b1a90011b7b19650d
INFO [11-06|12:50:12] ------in handle VoteMsg, success!------ 
INFO [11-06|12:50:12] Handle BFT Msg,                          msg="msg #17 (107 bytes)"
INFO [11-06|12:50:12] ------Received VoteMsg------ 
voteHR: H: 2 R: 0 voteType:: 1 voteHash: [103 100 179 153 145 174 43 86 128 117 91 128 136 100 217 65 78 242 126 253 252 94 231 152 98 111 72 254 211 252 244 175]
cmHR: H: 2 R: 0
INFO [11-06|12:50:12] --------------------------------------- 
INFO [11-06|12:50:12] addVote to                               height=2 round=0 from=0x598443f1880ef585b21f1d7585bd0577402861e5 success=true cm.coinbase=0xdceceaf3fc5c0a63d195d69b1a90011b7b19650d
INFO [11-06|12:50:12] ------in handle VoteMsg, success!------ 
INFO [11-06|12:50:12] Handle BFT Msg,                          msg="msg #17 (107 bytes)"
INFO [11-06|12:50:12] ------Received VoteMsg------ 
voteHR: H: 2 R: 0 voteType:: 1 voteHash: [103 100 179 153 145 174 43 86 128 117 91 128 136 100 217 65 78 242 126 253 252 94 231 152 98 111 72 254 211 252 244 175]
cmHR: H: 2 R: 0
INFO [11-06|12:50:12] --------------------------------------- 
INFO [11-06|12:50:12] Handle BFT Msg,                          msg="msg #17 (107 bytes)"
INFO [11-06|12:50:12] ------Received VoteMsg------ 
voteHR: H: 2 R: 0 voteType:: 1 voteHash: [103 100 179 153 145 174 43 86 128 117 91 128 136 100 217 65 78 242 126 253 252 94 231 152 98 111 72 254 211 252 244 175]
cmHR: H: 2 R: 0
INFO [11-06|12:50:12] --------------------------------------- 
INFO [11-06|12:50:12] addVote to                               height=2 round=0 from=0x13cbb8d99c6c4e0f2728c7d72606e78a29c4e224 success=true cm.coinbase=0xdceceaf3fc5c0a63d195d69b1a90011b7b19650d
INFO [11-06|12:50:12] ------in handle VoteMsg, success!------ 
INFO [11-06|12:50:12] addVote to                               height=2 round=0 from=0x7d577a597b2742b498cb5cf0c26cdcd726d39e6e success=true cm.coinbase=0xdceceaf3fc5c0a63d195d69b1a90011b7b19650d
INFO [11-06|12:50:12] ------in handle VoteMsg, success!------ 
INFO [11-06|12:50:12] Handle BFT Msg,                          msg="msg #17 (107 bytes)"
INFO [11-06|12:50:12] ------Received VoteMsg------ 
voteHR: H: 2 R: 0 voteType:: 1 voteHash: [103 100 179 153 145 174 43 86 128 117 91 128 136 100 217 65 78 242 126 253 252 94 231 152 98 111 72 254 211 252 244 175]
cmHR: H: 2 R: 0
INFO [11-06|12:50:12] --------------------------------------- 
INFO [11-06|12:50:12] addVote to                               height=2 round=0 from=0x24143873e0e0815fdcbcffdbe09c979cbf9ad013 success=true cm.coinbase=0xdceceaf3fc5c0a63d195d69b1a90011b7b19650d
INFO [11-06|12:50:12] ------in handle VoteMsg, success!------ 
INFO [11-06|12:50:12] Handle BFT Msg,                          msg="msg #17 (107 bytes)"
INFO [11-06|12:50:12] ------Received VoteMsg------ 
voteHR: H: 2 R: 0 voteType:: 1 voteHash: [103 100 179 153 145 174 43 86 128 117 91 128 136 100 217 65 78 242 126 253 252 94 231 152 98 111 72 254 211 252 244 175]
cmHR: H: 2 R: 0
INFO [11-06|12:50:12] --------------------------------------- 
INFO [11-06|12:50:12] addVote to                               height=2 round=0 from=0x82a978b3f5962a5b0957d9ee9eef472ee55b42f1 success=true cm.coinbase=0xdceceaf3fc5c0a63d195d69b1a90011b7b19650d
INFO [11-06|12:50:12] ------in handle VoteMsg, success!------ 
INFO [11-06|12:50:12] case: default, cm.process 
ready: 8 need: 5.3333335
INFO [11-06|12:50:12] ---------------process------------------ 
INFO [11-06|12:50:12] In RM Process                            height=2 round=0
INFO [11-06|12:50:12] --------In rm.propose------- 
INFO [11-06|12:50:12] I am a proposer in                       height=2 round=0
INFO [11-06|12:50:12] ---------------in rm.vote----------------- 
INFO [11-06|12:50:12] in vote in RM                            height=2 round=0
INFO [11-06|12:50:12] vote mp 
INFO [11-06|12:50:12] vote success in                          height=2 round=0
INFO [11-06|12:50:12] Send VoteMsg 
INFO [11-06|12:50:12] in rm.process, check lockset HasQuorum 
INFO [11-06|12:50:12] in HasQuorum 
INFO [11-06|12:50:12] In IsValid() 
len(lockset.Votes): 7 lockset.EligibleVotesNum: 8
INFO [11-06|12:50:12] There is a quorum                        height=2 round=0
INFO [11-06|12:50:12] ============in cm.commitLockset============ 
INFO [11-06|12:50:12] in commitLockset, check ls HasQuorum 
INFO [11-06|12:50:12] in HasQuorum 
INFO [11-06|12:50:12] In IsValid() 
len(lockset.Votes): 7 lockset.EligibleVotesNum: 8
INFO [11-06|12:50:12] cm.found is not nil 
INFO [11-06|12:50:12] store lockset 
INFO [11-06|12:50:12] ---storeLockset--- 
INFO [11-06|12:50:12] after cm.process() 
INFO [11-06|12:50:12] have a consensus on the block 
ConsensusTime, 490997138 , txs, 1599 , blockNum, 2
FinishedConsensus, 1541479812300284000
INFO [11-06|12:50:12] Successfully sealed new block            number=2 hash=6764b3…fcf4af
INFO [11-06|12:50:12] === Finished Mine() === 
INFO [11-06|12:50:12] received NewBlockMsg! 
INFO [11-06|12:50:12] 🔨 mined potential block                  number=2 hash=6764b3…fcf4af
INFO [11-06|12:50:12] ---atomic.LoadInt32(&self.mining) == 1 && work.tcount == 0--- 
INFO [11-06|12:50:12] in pool.evenLoop, call pool.resetState 
INFO [11-06|12:50:12] Handle BFT Msg,                          msg="msg #17 (107 bytes)"
INFO [11-06|12:50:12] ------Received VoteMsg------ 
voteHR: H: 2 R: 0 voteType:: 1 voteHash: [103 100 179 153 145 174 43 86 128 117 91 128 136 100 217 65 78 242 126 253 252 94 231 152 98 111 72 254 211 252 244 175]
cmHR: H: 3 R: 0
INFO [11-06|12:50:12] --------------------------------------- 
INFO [11-06|12:50:12] addVote to                               height=2 round=0 from=0x10a1c1cb95c92ec31d3f22c66eef1d9f3f258c6b success=true cm.coinbase=0xdceceaf3fc5c0a63d195d69b1a90011b7b19650d
INFO [11-06|12:50:12] ------in handle VoteMsg, success!------ 
INFO [11-06|12:50:22] Commit new mining work                   number=3 txs=1599 uncles=0 elapsed=7.102s
INFO [11-06|12:50:22] Sealing                                  block n=3
StartConsensus, 1541479822467959000
INFO [11-06|12:50:22] Start Process 
INFO [11-06|12:50:22] in cm.Process, check lastCommittingLockset() 
INFO [11-06|12:50:22] In IsValid() 
len(lockset.Votes): 8 lockset.EligibleVotesNum: 8
INFO [11-06|12:50:22] in HasQuorum 
INFO [11-06|12:50:22] In IsValid() 
len(lockset.Votes): 8 lockset.EligibleVotesNum: 8
=====CM.COINBASE IS:===== [220 236 234 243 252 92 10 99 209 149 214 155 26 144 1 27 123 25 101 13] block number is: 3
INFO [11-06|12:50:22] case: default, cm.process 
ready: 8 need: 5.3333335
INFO [11-06|12:50:22] ---------------process------------------ 
INFO [11-06|12:50:22] In RM Process                            height=3 round=0
INFO [11-06|12:50:22] --------In rm.propose------- 
INFO [11-06|12:50:22] ---------------in rm.vote----------------- 
INFO [11-06|12:50:22] in vote in RM                            height=3 round=0
INFO [11-06|12:50:22] Timeout time not reach, curr vs timeout: curr=1541479822.000 timeout=1541479827.000
INFO [11-06|12:50:22] in rm.process, check lockset HasQuorum 
INFO [11-06|12:50:22] in HasQuorum 
INFO [11-06|12:50:22] In IsValid() 
len(lockset.Votes): 0 lockset.EligibleVotesNum: 8
INFO [11-06|12:50:22] rm lockset is not valid yet 
INFO [11-06|12:50:22] after cm.process() 
INFO [11-06|12:50:22] case: default, cm.process 
ready: 8 need: 5.3333335
INFO [11-06|12:50:22] ---------------process------------------ 
INFO [11-06|12:50:22] In RM Process                            height=3 round=0
INFO [11-06|12:50:22] --------In rm.propose------- 
INFO [11-06|12:50:22] ---------------in rm.vote----------------- 
INFO [11-06|12:50:22] in vote in RM                            height=3 round=0
INFO [11-06|12:50:22] Timeout time not reach, curr vs timeout: curr=1541479822.000 timeout=1541479827.000
INFO [11-06|12:50:22] in rm.process, check lockset HasQuorum 
INFO [11-06|12:50:22] in HasQuorum 
INFO [11-06|12:50:22] In IsValid() 
len(lockset.Votes): 0 lockset.EligibleVotesNum: 8
INFO [11-06|12:50:22] rm lockset is not valid yet 
INFO [11-06|12:50:22] after cm.process() 
INFO [11-06|12:50:22] case: default, cm.process 
ready: 8 need: 5.3333335
INFO [11-06|12:50:22] ---------------process------------------ 
INFO [11-06|12:50:22] In RM Process                            height=3 round=0
INFO [11-06|12:50:22] --------In rm.propose------- 
INFO [11-06|12:50:22] ---------------in rm.vote----------------- 
INFO [11-06|12:50:22] in vote in RM                            height=3 round=0
INFO [11-06|12:50:22] Timeout time not reach, curr vs timeout: curr=1541479822.000 timeout=1541479827.000
INFO [11-06|12:50:22] in rm.process, check lockset HasQuorum 
INFO [11-06|12:50:22] in HasQuorum 
INFO [11-06|12:50:22] In IsValid() 
len(lockset.Votes): 0 lockset.EligibleVotesNum: 8
INFO [11-06|12:50:22] rm lockset is not valid yet 
INFO [11-06|12:50:22] after cm.process() 
INFO [11-06|12:50:22] case: default, cm.process 
ready: 8 need: 5.3333335
INFO [11-06|12:50:22] ---------------process------------------ 
INFO [11-06|12:50:22] In RM Process                            height=3 round=0
INFO [11-06|12:50:22] --------In rm.propose------- 
INFO [11-06|12:50:22] ---------------in rm.vote----------------- 
INFO [11-06|12:50:22] in vote in RM                            height=3 round=0
INFO [11-06|12:50:22] Timeout time not reach, curr vs timeout: curr=1541479822.000 timeout=1541479827.000
INFO [11-06|12:50:22] in rm.process, check lockset HasQuorum 
INFO [11-06|12:50:22] in HasQuorum 
INFO [11-06|12:50:22] In IsValid() 
len(lockset.Votes): 0 lockset.EligibleVotesNum: 8
INFO [11-06|12:50:22] rm lockset is not valid yet 
INFO [11-06|12:50:22] after cm.process() 
INFO [11-06|12:50:22] case: default, cm.process 
ready: 8 need: 5.3333335
INFO [11-06|12:50:22] ---------------process------------------ 
INFO [11-06|12:50:22] In RM Process                            height=3 round=0
INFO [11-06|12:50:22] --------In rm.propose------- 
INFO [11-06|12:50:22] ---------------in rm.vote----------------- 
INFO [11-06|12:50:22] in vote in RM                            height=3 round=0
INFO [11-06|12:50:22] Timeout time not reach, curr vs timeout: curr=1541479822.000 timeout=1541479827.000
INFO [11-06|12:50:22] in rm.process, check lockset HasQuorum 
INFO [11-06|12:50:22] in HasQuorum 
INFO [11-06|12:50:22] In IsValid() 
len(lockset.Votes): 0 lockset.EligibleVotesNum: 8
INFO [11-06|12:50:22] rm lockset is not valid yet 
INFO [11-06|12:50:22] after cm.process() 
INFO [11-06|12:50:22] case: default, cm.process 
ready: 8 need: 5.3333335
INFO [11-06|12:50:22] ---------------process------------------ 
INFO [11-06|12:50:22] In RM Process                            height=3 round=0
INFO [11-06|12:50:22] --------In rm.propose------- 
INFO [11-06|12:50:22] ---------------in rm.vote----------------- 
INFO [11-06|12:50:22] in vote in RM                            height=3 round=0
INFO [11-06|12:50:22] Timeout time not reach, curr vs timeout: curr=1541479822.000 timeout=1541479827.000
INFO [11-06|12:50:22] in rm.process, check lockset HasQuorum 
INFO [11-06|12:50:22] in HasQuorum 
INFO [11-06|12:50:22] In IsValid() 
len(lockset.Votes): 0 lockset.EligibleVotesNum: 8
INFO [11-06|12:50:22] rm lockset is not valid yet 
INFO [11-06|12:50:22] after cm.process() 
INFO [11-06|12:50:23] case: default, cm.process 
ready: 8 need: 5.3333335
INFO [11-06|12:50:23] ---------------process------------------ 
INFO [11-06|12:50:23] In RM Process                            height=3 round=0
INFO [11-06|12:50:23] --------In rm.propose------- 
INFO [11-06|12:50:23] ---------------in rm.vote----------------- 
INFO [11-06|12:50:23] in vote in RM                            height=3 round=0
INFO [11-06|12:50:23] Timeout time not reach, curr vs timeout: curr=1541479823.000 timeout=1541479827.000
INFO [11-06|12:50:23] in rm.process, check lockset HasQuorum 
INFO [11-06|12:50:23] in HasQuorum 
INFO [11-06|12:50:23] In IsValid() 
len(lockset.Votes): 0 lockset.EligibleVotesNum: 8
INFO [11-06|12:50:23] rm lockset is not valid yet 
INFO [11-06|12:50:23] after cm.process() 
INFO [11-06|12:50:23] case: default, cm.process 
ready: 8 need: 5.3333335
INFO [11-06|12:50:23] ---------------process------------------ 
INFO [11-06|12:50:23] In RM Process                            height=3 round=0
INFO [11-06|12:50:23] --------In rm.propose------- 
INFO [11-06|12:50:23] ---------------in rm.vote----------------- 
INFO [11-06|12:50:23] in vote in RM                            height=3 round=0
INFO [11-06|12:50:23] Timeout time not reach, curr vs timeout: curr=1541479823.000 timeout=1541479827.000
INFO [11-06|12:50:23] in rm.process, check lockset HasQuorum 
INFO [11-06|12:50:23] in HasQuorum 
INFO [11-06|12:50:23] In IsValid() 
len(lockset.Votes): 0 lockset.EligibleVotesNum: 8
INFO [11-06|12:50:23] rm lockset is not valid yet 
INFO [11-06|12:50:23] after cm.process() 
INFO [11-06|12:50:23] case: default, cm.process 
ready: 8 need: 5.3333335
INFO [11-06|12:50:23] ---------------process------------------ 
INFO [11-06|12:50:23] In RM Process                            height=3 round=0
INFO [11-06|12:50:23] --------In rm.propose------- 
INFO [11-06|12:50:23] ---------------in rm.vote----------------- 
INFO [11-06|12:50:23] in vote in RM                            height=3 round=0
INFO [11-06|12:50:23] Timeout time not reach, curr vs timeout: curr=1541479823.000 timeout=1541479827.000
INFO [11-06|12:50:23] in rm.process, check lockset HasQuorum 
INFO [11-06|12:50:23] in HasQuorum 
INFO [11-06|12:50:23] In IsValid() 
len(lockset.Votes): 0 lockset.EligibleVotesNum: 8
INFO [11-06|12:50:23] rm lockset is not valid yet 
INFO [11-06|12:50:23] after cm.process() 
INFO [11-06|12:50:23] case: default, cm.process 
ready: 8 need: 5.3333335
INFO [11-06|12:50:23] ---------------process------------------ 
INFO [11-06|12:50:23] In RM Process                            height=3 round=0
INFO [11-06|12:50:23] --------In rm.propose------- 
INFO [11-06|12:50:23] ---------------in rm.vote----------------- 
INFO [11-06|12:50:23] in vote in RM                            height=3 round=0
INFO [11-06|12:50:23] Timeout time not reach, curr vs timeout: curr=1541479823.000 timeout=1541479827.000
INFO [11-06|12:50:23] in rm.process, check lockset HasQuorum 
INFO [11-06|12:50:23] in HasQuorum 
INFO [11-06|12:50:23] In IsValid() 
len(lockset.Votes): 0 lockset.EligibleVotesNum: 8
INFO [11-06|12:50:23] rm lockset is not valid yet 
INFO [11-06|12:50:23] after cm.process() 
INFO [11-06|12:50:23] case: default, cm.process 
ready: 8 need: 5.3333335
INFO [11-06|12:50:23] ---------------process------------------ 
INFO [11-06|12:50:23] In RM Process                            height=3 round=0
INFO [11-06|12:50:23] --------In rm.propose------- 
INFO [11-06|12:50:23] ---------------in rm.vote----------------- 
INFO [11-06|12:50:23] in vote in RM                            height=3 round=0
INFO [11-06|12:50:23] Timeout time not reach, curr vs timeout: curr=1541479823.000 timeout=1541479827.000
INFO [11-06|12:50:23] in rm.process, check lockset HasQuorum 
INFO [11-06|12:50:23] in HasQuorum 
INFO [11-06|12:50:23] In IsValid() 
len(lockset.Votes): 0 lockset.EligibleVotesNum: 8
INFO [11-06|12:50:23] rm lockset is not valid yet 
INFO [11-06|12:50:23] after cm.process() 
INFO [11-06|12:50:23] case: default, cm.process 
ready: 8 need: 5.3333335
INFO [11-06|12:50:23] ---------------process------------------ 
INFO [11-06|12:50:23] In RM Process                            height=3 round=0
INFO [11-06|12:50:23] --------In rm.propose------- 
INFO [11-06|12:50:23] ---------------in rm.vote----------------- 
INFO [11-06|12:50:23] in vote in RM                            height=3 round=0
INFO [11-06|12:50:23] Timeout time not reach, curr vs timeout: curr=1541479823.000 timeout=1541479827.000
INFO [11-06|12:50:23] in rm.process, check lockset HasQuorum 
INFO [11-06|12:50:23] in HasQuorum 
INFO [11-06|12:50:23] In IsValid() 
len(lockset.Votes): 0 lockset.EligibleVotesNum: 8
INFO [11-06|12:50:23] rm lockset is not valid yet 
INFO [11-06|12:50:23] after cm.process() 
INFO [11-06|12:50:23] case: default, cm.process 
ready: 8 need: 5.3333335
INFO [11-06|12:50:23] ---------------process------------------ 
INFO [11-06|12:50:23] In RM Process                            height=3 round=0
INFO [11-06|12:50:23] --------In rm.propose------- 
INFO [11-06|12:50:23] ---------------in rm.vote----------------- 
INFO [11-06|12:50:23] in vote in RM                            height=3 round=0
INFO [11-06|12:50:23] Timeout time not reach, curr vs timeout: curr=1541479823.000 timeout=1541479827.000
INFO [11-06|12:50:23] in rm.process, check lockset HasQuorum 
INFO [11-06|12:50:23] in HasQuorum 
INFO [11-06|12:50:23] In IsValid() 
len(lockset.Votes): 0 lockset.EligibleVotesNum: 8
INFO [11-06|12:50:23] rm lockset is not valid yet 
INFO [11-06|12:50:23] after cm.process() 
INFO [11-06|12:50:23] case: default, cm.process 
ready: 8 need: 5.3333335
INFO [11-06|12:50:23] ---------------process------------------ 
INFO [11-06|12:50:23] In RM Process                            height=3 round=0
INFO [11-06|12:50:23] --------In rm.propose------- 
INFO [11-06|12:50:23] ---------------in rm.vote----------------- 
INFO [11-06|12:50:23] in vote in RM                            height=3 round=0
INFO [11-06|12:50:23] Timeout time not reach, curr vs timeout: curr=1541479823.000 timeout=1541479827.000
INFO [11-06|12:50:23] in rm.process, check lockset HasQuorum 
INFO [11-06|12:50:23] in HasQuorum 
INFO [11-06|12:50:23] In IsValid() 
len(lockset.Votes): 0 lockset.EligibleVotesNum: 8
INFO [11-06|12:50:23] rm lockset is not valid yet 
INFO [11-06|12:50:23] after cm.process() 
INFO [11-06|12:50:23] case: default, cm.process 
ready: 8 need: 5.3333335
INFO [11-06|12:50:23] ---------------process------------------ 
INFO [11-06|12:50:23] In RM Process                            height=3 round=0
INFO [11-06|12:50:23] --------In rm.propose------- 
INFO [11-06|12:50:23] ---------------in rm.vote----------------- 
INFO [11-06|12:50:23] in vote in RM                            height=3 round=0
INFO [11-06|12:50:23] Timeout time not reach, curr vs timeout: curr=1541479823.000 timeout=1541479827.000
INFO [11-06|12:50:23] in rm.process, check lockset HasQuorum 
INFO [11-06|12:50:23] in HasQuorum 
INFO [11-06|12:50:23] In IsValid() 
len(lockset.Votes): 0 lockset.EligibleVotesNum: 8
INFO [11-06|12:50:23] rm lockset is not valid yet 
INFO [11-06|12:50:23] after cm.process() 
INFO [11-06|12:50:24] case: default, cm.process 
ready: 8 need: 5.3333335
INFO [11-06|12:50:24] ---------------process------------------ 
INFO [11-06|12:50:24] In RM Process                            height=3 round=0
INFO [11-06|12:50:24] --------In rm.propose------- 
INFO [11-06|12:50:24] ---------------in rm.vote----------------- 
INFO [11-06|12:50:24] in vote in RM                            height=3 round=0
INFO [11-06|12:50:24] Timeout time not reach, curr vs timeout: curr=1541479824.000 timeout=1541479827.000
INFO [11-06|12:50:24] in rm.process, check lockset HasQuorum 
INFO [11-06|12:50:24] in HasQuorum 
INFO [11-06|12:50:24] In IsValid() 
len(lockset.Votes): 0 lockset.EligibleVotesNum: 8
INFO [11-06|12:50:24] rm lockset is not valid yet 
INFO [11-06|12:50:24] after cm.process() 
INFO [11-06|12:50:24] case: default, cm.process 
ready: 8 need: 5.3333335
INFO [11-06|12:50:24] ---------------process------------------ 
INFO [11-06|12:50:24] In RM Process                            height=3 round=0
INFO [11-06|12:50:24] --------In rm.propose------- 
INFO [11-06|12:50:24] ---------------in rm.vote----------------- 
INFO [11-06|12:50:24] in vote in RM                            height=3 round=0
INFO [11-06|12:50:24] Timeout time not reach, curr vs timeout: curr=1541479824.000 timeout=1541479827.000
INFO [11-06|12:50:24] in rm.process, check lockset HasQuorum 
INFO [11-06|12:50:24] in HasQuorum 
INFO [11-06|12:50:24] In IsValid() 
len(lockset.Votes): 0 lockset.EligibleVotesNum: 8
INFO [11-06|12:50:24] rm lockset is not valid yet 
INFO [11-06|12:50:24] after cm.process() 
INFO [11-06|12:50:24] Handle BFT Msg,                          msg="msg #11 (173756 bytes)"
INFO [11-06|12:50:24] -------Received NewBlockProposalMsg------- 
bpHR: H: 3 R: 0
cmHR: H: 3 R: 0
INFO [11-06|12:50:24] --------------------------------------- 
# collMsig from = Peer d9d5b902798f5c42 [eth/63]
cmHR: H: 3 R: 0
this is rm.proposerPeer  Peer d9d5b902798f5c42 [eth/63]
INFO [11-06|12:50:24] In IsValid() 
len(lockset.Votes): 0 lockset.EligibleVotesNum: 0
INFO [11-06|12:50:24] cm add BlockProposal                     h=3 r=0
INFO [11-06|12:50:24] in HasQuorum 
INFO [11-06|12:50:24] In IsValid() 
len(lockset.Votes): 8 lockset.EligibleVotesNum: 8
INFO [11-06|12:50:24] In addBlockCandidates!! 
INFO [11-06|12:50:24] -------in handle NewBlockProposalMsg, success!------- 
INFO [11-06|12:50:24] case: default, cm.process 
ready: 8 need: 5.3333335
INFO [11-06|12:50:24] ---------------process------------------ 
INFO [11-06|12:50:24] In RM Process                            height=3 round=0
INFO [11-06|12:50:24] --------In rm.propose------- 
INFO [11-06|12:50:24] ---------------in rm.vote----------------- 
INFO [11-06|12:50:24] in vote in RM                            height=3 round=0
INFO [11-06|12:50:24] Timeout time not reach, curr vs timeout: curr=1541479824.000 timeout=1541479827.000
INFO [11-06|12:50:24] in rm.process, check lockset HasQuorum 
INFO [11-06|12:50:24] in HasQuorum 
INFO [11-06|12:50:24] In IsValid() 
len(lockset.Votes): 0 lockset.EligibleVotesNum: 8
INFO [11-06|12:50:24] rm lockset is not valid yet 
INFO [11-06|12:50:24] after cm.process() 
INFO [11-06|12:50:24] Handle BFT Msg,                          msg="msg #18 (1082 bytes)"
INFO [11-06|12:50:24] ------Received MsigProposalMsg------ 
mpHR: H: 3 R: 0 hash: [123 75 120 74 241 217 151 202 187 213 7 74 135 161 27 139 87 12 194 197 28 128 147 87 6 206 59 113 14 55 186 154]
cmHR: H: 3 R: 0
INFO [11-06|12:50:24] --------------------------------------- 
INFO [11-06|12:50:24] ------addmsigproposal success!------- 
INFO [11-06|12:50:24] Handle BFT Msg,                          msg="msg #18 (1082 bytes)"
INFO [11-06|12:50:24] ------Received MsigProposalMsg------ 
mpHR: H: 3 R: 0 hash: [123 75 120 74 241 217 151 202 187 213 7 74 135 161 27 139 87 12 194 197 28 128 147 87 6 206 59 113 14 55 186 154]
cmHR: H: 3 R: 0
INFO [11-06|12:50:24] --------------------------------------- 
INFO [11-06|12:50:24] ------addmsigproposal success!------- 
INFO [11-06|12:50:24] Handle BFT Msg,                          msg="msg #18 (1082 bytes)"
INFO [11-06|12:50:24] ------Received MsigProposalMsg------ 
mpHR: H: 3 R: 0 hash: [123 75 120 74 241 217 151 202 187 213 7 74 135 161 27 139 87 12 194 197 28 128 147 87 6 206 59 113 14 55 186 154]
cmHR: H: 3 R: 0
INFO [11-06|12:50:24] --------------------------------------- 
INFO [11-06|12:50:24] ------addmsigproposal success!------- 
INFO [11-06|12:50:24] Handle BFT Msg,                          msg="msg #17 (107 bytes)"
INFO [11-06|12:50:24] ------Received VoteMsg------ 
voteHR: H: 3 R: 0 voteType:: 1 voteHash: [123 75 120 74 241 217 151 202 187 213 7 74 135 161 27 139 87 12 194 197 28 128 147 87 6 206 59 113 14 55 186 154]
cmHR: H: 3 R: 0
INFO [11-06|12:50:24] --------------------------------------- 
INFO [11-06|12:50:24] addVote to                               height=3 round=0 from=0x13cbb8d99c6c4e0f2728c7d72606e78a29c4e224 success=true cm.coinbase=0xdceceaf3fc5c0a63d195d69b1a90011b7b19650d
INFO [11-06|12:50:24] ------in handle VoteMsg, success!------ 
INFO [11-06|12:50:24] Handle BFT Msg,                          msg="msg #17 (107 bytes)"
INFO [11-06|12:50:24] ------Received VoteMsg------ 
voteHR: H: 3 R: 0 voteType:: 1 voteHash: [123 75 120 74 241 217 151 202 187 213 7 74 135 161 27 139 87 12 194 197 28 128 147 87 6 206 59 113 14 55 186 154]
cmHR: H: 3 R: 0
INFO [11-06|12:50:24] --------------------------------------- 
INFO [11-06|12:50:24] addVote to                               height=3 round=0 from=0x10a1c1cb95c92ec31d3f22c66eef1d9f3f258c6b success=true cm.coinbase=0xdceceaf3fc5c0a63d195d69b1a90011b7b19650d
INFO [11-06|12:50:24] ------in handle VoteMsg, success!------ 
INFO [11-06|12:50:24] Handle BFT Msg,                          msg="msg #17 (107 bytes)"
INFO [11-06|12:50:24] ------Received VoteMsg------ 
voteHR: H: 3 R: 0 voteType:: 1 voteHash: [123 75 120 74 241 217 151 202 187 213 7 74 135 161 27 139 87 12 194 197 28 128 147 87 6 206 59 113 14 55 186 154]
cmHR: H: 3 R: 0
INFO [11-06|12:50:24] --------------------------------------- 
INFO [11-06|12:50:24] addVote to                               height=3 round=0 from=0x77db2bebba79db42a978f896968f4afce746ea1f success=true cm.coinbase=0xdceceaf3fc5c0a63d195d69b1a90011b7b19650d
INFO [11-06|12:50:24] ------in handle VoteMsg, success!------ 
INFO [11-06|12:50:24] case: default, cm.process 
ready: 8 need: 5.3333335
INFO [11-06|12:50:24] ---------------process------------------ 
INFO [11-06|12:50:24] In RM Process                            height=3 round=0
INFO [11-06|12:50:24] --------In rm.propose------- 
INFO [11-06|12:50:24] ---------------in rm.vote----------------- 
INFO [11-06|12:50:24] in vote in RM                            height=3 round=0
INFO [11-06|12:50:24] vote mp 
INFO [11-06|12:50:24] vote success in                          height=3 round=0
INFO [11-06|12:50:24] Send VoteMsg 
INFO [11-06|12:50:24] in rm.process, check lockset HasQuorum 
INFO [11-06|12:50:24] in HasQuorum 
INFO [11-06|12:50:24] In IsValid() 
len(lockset.Votes): 4 lockset.EligibleVotesNum: 8
INFO [11-06|12:50:24] rm lockset is not valid yet 
INFO [11-06|12:50:24] after cm.process() 
INFO [11-06|12:50:24] case: default, cm.process 
ready: 8 need: 5.3333335
INFO [11-06|12:50:24] ---------------process------------------ 
INFO [11-06|12:50:24] In RM Process                            height=3 round=0
INFO [11-06|12:50:24] --------In rm.propose------- 
INFO [11-06|12:50:24] ---------------in rm.vote----------------- 
INFO [11-06|12:50:24] voted 
INFO [11-06|12:50:24] in rm.process, check lockset HasQuorum 
INFO [11-06|12:50:24] in HasQuorum 
INFO [11-06|12:50:24] In IsValid() 
len(lockset.Votes): 4 lockset.EligibleVotesNum: 8
INFO [11-06|12:50:24] rm lockset is not valid yet 
INFO [11-06|12:50:24] after cm.process() 
INFO [11-06|12:50:24] Handle BFT Msg,                          msg="msg #17 (107 bytes)"
INFO [11-06|12:50:24] ------Received VoteMsg------ 
voteHR: H: 3 R: 0 voteType:: 1 voteHash: [123 75 120 74 241 217 151 202 187 213 7 74 135 161 27 139 87 12 194 197 28 128 147 87 6 206 59 113 14 55 186 154]
cmHR: H: 3 R: 0
INFO [11-06|12:50:24] --------------------------------------- 
INFO [11-06|12:50:24] addVote to                               height=3 round=0 from=0x24143873e0e0815fdcbcffdbe09c979cbf9ad013 success=true cm.coinbase=0xdceceaf3fc5c0a63d195d69b1a90011b7b19650d
INFO [11-06|12:50:24] ------in handle VoteMsg, success!------ 
INFO [11-06|12:50:24] Handle BFT Msg,                          msg="msg #17 (107 bytes)"
INFO [11-06|12:50:24] ------Received VoteMsg------ 
voteHR: H: 3 R: 0 voteType:: 1 voteHash: [123 75 120 74 241 217 151 202 187 213 7 74 135 161 27 139 87 12 194 197 28 128 147 87 6 206 59 113 14 55 186 154]
cmHR: H: 3 R: 0
INFO [11-06|12:50:24] --------------------------------------- 
INFO [11-06|12:50:24] addVote to                               height=3 round=0 from=0x598443f1880ef585b21f1d7585bd0577402861e5 success=true cm.coinbase=0xdceceaf3fc5c0a63d195d69b1a90011b7b19650d
INFO [11-06|12:50:24] ------in handle VoteMsg, success!------ 
INFO [11-06|12:50:24] case: default, cm.process 
ready: 8 need: 5.3333335
INFO [11-06|12:50:24] ---------------process------------------ 
INFO [11-06|12:50:24] In RM Process                            height=3 round=0
INFO [11-06|12:50:24] --------In rm.propose------- 
INFO [11-06|12:50:24] ---------------in rm.vote----------------- 
INFO [11-06|12:50:24] voted 
INFO [11-06|12:50:24] in rm.process, check lockset HasQuorum 
INFO [11-06|12:50:24] in HasQuorum 
INFO [11-06|12:50:24] In IsValid() 
len(lockset.Votes): 6 lockset.EligibleVotesNum: 8
INFO [11-06|12:50:24] There is a quorum                        height=3 round=0
--- in rm.process p.id: --- Peer d9d5b902798f5c42 [eth/63]
INFO [11-06|12:50:24] ============in cm.commitLockset============ 
INFO [11-06|12:50:24] in commitLockset, check ls HasQuorum 
INFO [11-06|12:50:24] in HasQuorum 
INFO [11-06|12:50:24] In IsValid() 
len(lockset.Votes): 6 lockset.EligibleVotesNum: 8
INFO [11-06|12:50:24] cm.found is not nil 
INFO [11-06|12:50:24] store lockset 
peerid: d9d5b902798f5c42
INFO [11-06|12:50:24] ---storeLockset--- 
INFO [11-06|12:50:24] after cm.process() 
cmH 3
INFO [11-06|12:50:24] in validatorCommit1 
pid: d9d5b902798f5c42
block number 3
-------in NewBFTValidatorBlock-------
INFO [11-06|12:50:24] in validatorCommit2 
validatorCommit time: 79.481µs
INFO [11-06|12:50:24] **in eth.handler**, get result from ch 
INFO [11-06|12:50:24] ***in BFT.VVVVerifyHeader*** 
INFO [11-06|12:50:24] ***in BFT.verifyHeader*** 
INFO [11-06|12:50:24] ***in BFT.verifySeal*** 
INFO [11-06|12:50:24] In verifyVotes 
INFO [11-06|12:50:24] in HasQuorum 
INFO [11-06|12:50:24] In IsValid() 
len(lockset.Votes): 6 lockset.EligibleVotesNum: 8
INFO [11-06|12:50:24] ***in BFT.VerifyHeaderSSSS*** 
INFO [11-06|12:50:24] ***in BFT.verifyHeader*** 
INFO [11-06|12:50:24] ***in BFT.verifySeal*** 
INFO [11-06|12:50:24] In verifyVotes 
INFO [11-06|12:50:24] in HasQuorum 
INFO [11-06|12:50:24] In IsValid() 
len(lockset.Votes): 6 lockset.EligibleVotesNum: 8
INFO [11-06|12:50:24] have a consensus on the block 
INFO [11-06|12:50:24] result.Header().Coinbase != b.signer 
result.Header().Coinbase: [89 132 67 241 136 14 245 133 178 31 29 117 133 189 5 119 64 40 97 229] b.signer: [220 236 234 243 252 92 10 99 209 149 214 155 26 144 1 27 123 25 101 13]
ConsensusTime, 2055380663 , txs, 1599 , blockNum, 3
FinishedConsensus, 1541479824523387000
INFO [11-06|12:50:24] result is nil 
INFO [11-06|12:50:24] === Finished Mine() === 
INFO [11-06|12:50:24] Handle BFT Msg,                          msg="msg #9 (3 bytes)"
INFO [11-06|12:50:24] -------GetLocksetsMsg------- 
GetLockSetsMsg request:  [{3}] from:  ae6aee36993a5b48
INFO [11-06|12:50:24] Request future block 
INFO [11-06|12:50:24] received NewBlockMsg! 
INFO [11-06|12:50:25] Handle BFT Msg,                          msg="msg #17 (107 bytes)"
INFO [11-06|12:50:25] ------Received VoteMsg------ 
voteHR: H: 3 R: 0 voteType:: 1 voteHash: [123 75 120 74 241 217 151 202 187 213 7 74 135 161 27 139 87 12 194 197 28 128 147 87 6 206 59 113 14 55 186 154]
cmHR: H: 3 R: 0
INFO [11-06|12:50:25] --------------------------------------- 
INFO [11-06|12:50:25] addVote to                               height=3 round=0 from=0x82a978b3f5962a5b0957d9ee9eef472ee55b42f1 success=true cm.coinbase=0xdceceaf3fc5c0a63d195d69b1a90011b7b19650d
INFO [11-06|12:50:25] ------in handle VoteMsg, success!------ 
INFO [11-06|12:50:26] Handle BFT Msg,                          msg="msg #17 (107 bytes)"
INFO [11-06|12:50:26] ------Received VoteMsg------ 
voteHR: H: 3 R: 0 voteType:: 1 voteHash: [123 75 120 74 241 217 151 202 187 213 7 74 135 161 27 139 87 12 194 197 28 128 147 87 6 206 59 113 14 55 186 154]
cmHR: H: 3 R: 0
INFO [11-06|12:50:26] --------------------------------------- 
INFO [11-06|12:50:26] addVote to                               height=3 round=0 from=0x7d577a597b2742b498cb5cf0c26cdcd726d39e6e success=true cm.coinbase=0xdceceaf3fc5c0a63d195d69b1a90011b7b19650d
INFO [11-06|12:50:26] ------in handle VoteMsg, success!------ 
INFO [11-06|12:50:28] Imported new chain segment               blocks=1 txs=1599 mgas=33.579 elapsed=4.428s    mgasps=7.583  number=3 hash=7b4b78…37ba9a
FinishedPostExec, 1541479828951513000 , txs, 1599
PostExecTime, 4.428340782s
INFO [11-06|12:50:28] in pool.evenLoop, call pool.resetState 
./node3.sh: line 16: 83291 Terminated: 15          ../build/bin/geth --networkid 2234 --port 30305 --rpcport 8547 --datadir "data/node3" --nodiscover --rpc --rpccorsdomain "*" --rpcapi "eth,net,web3,debug" --bft --allow-empty --num-validators 8 --node-num 2
