INFO [11-06|12:47:50] Starting peer-to-peer node               instance=Geth/v1.6.7-unstable-26bb12f0/darwin-amd64/go1.9.7
INFO [11-06|12:47:50] Allocated cache and file handles         database=/Users/sujianwei20/new_misgcode/go_ethereum_cosi/examples/data/node4/geth/chaindata cache=128 handles=1024
WARN [11-06|12:47:50] Upgrading chain database to use sequential keys 
INFO [11-06|12:47:50] Initialised chain configuration          config="{ChainID: 2235 Homestead: 1 DAO: <nil> DAOSupport: false EIP150: 2 EIP155: 3 EIP158: 3 Metropolis: <nil> Engine: ethash}"
INFO [11-06|12:47:50] config bft is                            bft=true
WARN [11-06|12:47:50] Upgrading db log bloom bins 
INFO [11-06|12:47:50] Database conversion successful 
INFO [11-06|12:47:50] Bloom-bin upgrade completed              elapsed=224.117µs
INFO [11-06|12:47:50] Initialising Ethereum protocol           versions="[63 62]" network=2234
INFO [11-06|12:47:50] Loaded most recent local header          number=0 hash=6f3c1c…1bf138 td=1048576
INFO [11-06|12:47:50] Loaded most recent local full block      number=0 hash=6f3c1c…1bf138 td=1048576
INFO [11-06|12:47:50] Loaded most recent local fast block      number=0 hash=6f3c1c…1bf138 td=1048576
INFO [11-06|12:47:50] in NewTxPool, call resetState 
INFO [11-06|12:47:50] in NewTxPool, call pool.eventLoog() 
INFO [11-06|12:47:50] Allocated cache and file handles         database=/Users/sujianwei20/new_misgcode/go_ethereum_cosi/examples/data/node4/geth/bftData   cache=128 handles=1024
INFO [11-06|12:47:50] addVote to                               height=0 round=0 from=0x598443f1880ef585b21f1d7585bd0577402861e5 success=true cm.coinbase=0x598443f1880ef585b21f1d7585bd0577402861e5
ready: 1 need: 5.3333335
INFO [11-06|12:47:50] consensusManager not ready  
ready: 1 need: 5.3333335
INFO [11-06|12:47:50] Starting P2P networking 
INFO [11-06|12:47:50] RLPx listener up                         self="enode://d9d5b902798f5c42901f3fd993e58a9fb2ded12c3996e2a3849d4fdfcd0c3516aa806f56d93a759278d1c92e88b0daccffc69312581544c9f680a13a2e556a9e@[::]:30306?discport=0"
INFO [11-06|12:47:50] HTTP endpoint opened: http://127.0.0.1:8548 
INFO [11-06|12:47:50] ---In BFTvalidatorCommitBlock--- 
INFO [11-06|12:47:50] IPC endpoint opened: /Users/sujianwei20/new_misgcode/go_ethereum_cosi/examples/data/node4/geth.ipc 
INFO [11-06|12:47:50] Handle BFT Msg,                          msg="msg #8 (78 bytes)"
INFO [11-06|12:47:50] ------Received ReadMsg------ 
INFO [11-06|12:47:50] Handle BFT Msg,                          msg="msg #8 (78 bytes)"
INFO [11-06|12:47:50] ------Received ReadMsg------ 
AddReady from: [36 20 56 115 224 224 129 95 220 188 255 219 224 156 151 156 191 154 208 19]
INFO [11-06|12:47:50] send Ready msg 
INFO [11-06|12:47:50] send Ready msg 
INFO [11-06|12:47:50] send Ready msg 
INFO [11-06|12:47:50] send Ready msg 
INFO [11-06|12:47:50] send Ready msg 
INFO [11-06|12:47:50] send Ready msg 
INFO [11-06|12:47:50] send Ready msg 
INFO [11-06|12:47:50] Handle BFT Msg,                          msg="msg #8 (78 bytes)"
INFO [11-06|12:47:50] ------Received ReadMsg------ 
AddReady from: [36 20 56 115 224 224 129 95 220 188 255 219 224 156 151 156 191 154 208 19]
INFO [11-06|12:47:50] Handle BFT Msg,                          msg="msg #8 (78 bytes)"
INFO [11-06|12:47:50] ------Received ReadMsg------ 
AddReady from: [36 20 56 115 224 224 129 95 220 188 255 219 224 156 151 156 191 154 208 19]
INFO [11-06|12:47:50] Handle BFT Msg,                          msg="msg #8 (78 bytes)"
INFO [11-06|12:47:50] ------Received ReadMsg------ 
AddReady from: [36 20 56 115 224 224 129 95 220 188 255 219 224 156 151 156 191 154 208 19]
INFO [11-06|12:47:50] Handle BFT Msg,                          msg="msg #8 (78 bytes)"
INFO [11-06|12:47:50] ------Received ReadMsg------ 
AddReady from: [36 20 56 115 224 224 129 95 220 188 255 219 224 156 151 156 191 154 208 19]
INFO [11-06|12:47:50] Handle BFT Msg,                          msg="msg #8 (78 bytes)"
INFO [11-06|12:47:50] ------Received ReadMsg------ 
AddReady from: [36 20 56 115 224 224 129 95 220 188 255 219 224 156 151 156 191 154 208 19]
INFO [11-06|12:47:50] Handle BFT Msg,                          msg="msg #8 (78 bytes)"
INFO [11-06|12:47:50] ------Received ReadMsg------ 
AddReady from: [36 20 56 115 224 224 129 95 220 188 255 219 224 156 151 156 191 154 208 19]
INFO [11-06|12:47:50] Handle BFT Msg,                          msg="msg #8 (78 bytes)"
INFO [11-06|12:47:50] ------Received ReadMsg------ 
AddReady from: [36 20 56 115 224 224 129 95 220 188 255 219 224 156 151 156 191 154 208 19]
INFO [11-06|12:47:50] Handle BFT Msg,                          msg="msg #8 (78 bytes)"
INFO [11-06|12:47:50] ------Received ReadMsg------ 
AddReady from: [36 20 56 115 224 224 129 95 220 188 255 219 224 156 151 156 191 154 208 19]
INFO [11-06|12:47:50] Handle BFT Msg,                          msg="msg #8 (78 bytes)"
INFO [11-06|12:47:50] ------Received ReadMsg------ 
AddReady from: [36 20 56 115 224 224 129 95 220 188 255 219 224 156 151 156 191 154 208 19]
AddReady from: [36 20 56 115 224 224 129 95 220 188 255 219 224 156 151 156 191 154 208 19]
INFO [11-06|12:47:50] Handle BFT Msg,                          msg="msg #8 (78 bytes)"
INFO [11-06|12:47:50] ------Received ReadMsg------ 
AddReady from: [220 236 234 243 252 92 10 99 209 149 214 155 26 144 1 27 123 25 101 13]
INFO [11-06|12:47:50] send Ready msg 
INFO [11-06|12:47:50] send Ready msg 
INFO [11-06|12:47:50] send Ready msg 
INFO [11-06|12:47:50] send Ready msg 
INFO [11-06|12:47:50] send Ready msg 
INFO [11-06|12:47:50] send Ready msg 
INFO [11-06|12:47:50] send Ready msg 
INFO [11-06|12:47:50] Handle BFT Msg,                          msg="msg #8 (78 bytes)"
INFO [11-06|12:47:50] ------Received ReadMsg------ 
AddReady from: [220 236 234 243 252 92 10 99 209 149 214 155 26 144 1 27 123 25 101 13]
INFO [11-06|12:47:50] Handle BFT Msg,                          msg="msg #8 (78 bytes)"
INFO [11-06|12:47:50] ------Received ReadMsg------ 
AddReady from: [220 236 234 243 252 92 10 99 209 149 214 155 26 144 1 27 123 25 101 13]
INFO [11-06|12:47:50] Handle BFT Msg,                          msg="msg #8 (78 bytes)"
INFO [11-06|12:47:50] ------Received ReadMsg------ 
INFO [11-06|12:47:50] Handle BFT Msg,                          msg="msg #8 (78 bytes)"
INFO [11-06|12:47:50] ------Received ReadMsg------ 
INFO [11-06|12:47:50] Handle BFT Msg,                          msg="msg #8 (78 bytes)"
INFO [11-06|12:47:50] ------Received ReadMsg------ 
AddReady from: [220 236 234 243 252 92 10 99 209 149 214 155 26 144 1 27 123 25 101 13]
AddReady from: [220 236 234 243 252 92 10 99 209 149 214 155 26 144 1 27 123 25 101 13]
INFO [11-06|12:47:50] Handle BFT Msg,                          msg="msg #8 (78 bytes)"
INFO [11-06|12:47:50] ------Received ReadMsg------ 
AddReady from: [220 236 234 243 252 92 10 99 209 149 214 155 26 144 1 27 123 25 101 13]
INFO [11-06|12:47:50] Handle BFT Msg,                          msg="msg #8 (78 bytes)"
INFO [11-06|12:47:50] ------Received ReadMsg------ 
AddReady from: [220 236 234 243 252 92 10 99 209 149 214 155 26 144 1 27 123 25 101 13]
AddReady from: [220 236 234 243 252 92 10 99 209 149 214 155 26 144 1 27 123 25 101 13]
INFO [11-06|12:47:50] Handle BFT Msg,                          msg="msg #8 (78 bytes)"
INFO [11-06|12:47:50] ------Received ReadMsg------ 
AddReady from: [220 236 234 243 252 92 10 99 209 149 214 155 26 144 1 27 123 25 101 13]
INFO [11-06|12:47:50] Handle BFT Msg,                          msg="msg #8 (78 bytes)"
INFO [11-06|12:47:50] ------Received ReadMsg------ 
AddReady from: [220 236 234 243 252 92 10 99 209 149 214 155 26 144 1 27 123 25 101 13]
INFO [11-06|12:47:50] Handle BFT Msg,                          msg="msg #8 (78 bytes)"
INFO [11-06|12:47:50] ------Received ReadMsg------ 
AddReady from: [16 161 193 203 149 201 46 195 29 63 34 198 110 239 29 159 63 37 140 107]
INFO [11-06|12:47:50] send Ready msg 
INFO [11-06|12:47:50] send Ready msg 
INFO [11-06|12:47:50] send Ready msg 
INFO [11-06|12:47:50] send Ready msg 
INFO [11-06|12:47:50] send Ready msg 
INFO [11-06|12:47:50] send Ready msg 
INFO [11-06|12:47:50] send Ready msg 
INFO [11-06|12:47:50] Handle BFT Msg,                          msg="msg #8 (78 bytes)"
INFO [11-06|12:47:50] ------Received ReadMsg------ 
AddReady from: [16 161 193 203 149 201 46 195 29 63 34 198 110 239 29 159 63 37 140 107]
INFO [11-06|12:47:50] Handle BFT Msg,                          msg="msg #8 (78 bytes)"
INFO [11-06|12:47:50] ------Received ReadMsg------ 
AddReady from: [16 161 193 203 149 201 46 195 29 63 34 198 110 239 29 159 63 37 140 107]
INFO [11-06|12:47:50] Handle BFT Msg,                          msg="msg #8 (78 bytes)"
INFO [11-06|12:47:50] ------Received ReadMsg------ 
AddReady from: [16 161 193 203 149 201 46 195 29 63 34 198 110 239 29 159 63 37 140 107]
INFO [11-06|12:47:50] Handle BFT Msg,                          msg="msg #8 (78 bytes)"
INFO [11-06|12:47:50] ------Received ReadMsg------ 
AddReady from: [16 161 193 203 149 201 46 195 29 63 34 198 110 239 29 159 63 37 140 107]
INFO [11-06|12:47:50] Handle BFT Msg,                          msg="msg #8 (78 bytes)"
INFO [11-06|12:47:50] ------Received ReadMsg------ 
INFO [11-06|12:47:50] Handle BFT Msg,                          msg="msg #8 (78 bytes)"
INFO [11-06|12:47:50] ------Received ReadMsg------ 
AddReady from: [16 161 193 203 149 201 46 195 29 63 34 198 110 239 29 159 63 37 140 107]
AddReady from: [16 161 193 203 149 201 46 195 29 63 34 198 110 239 29 159 63 37 140 107]
INFO [11-06|12:47:50] Handle BFT Msg,                          msg="msg #8 (78 bytes)"
INFO [11-06|12:47:50] ------Received ReadMsg------ 
AddReady from: [130 169 120 179 245 150 42 91 9 87 217 238 158 239 71 46 229 91 66 241]
INFO [11-06|12:47:50] send Ready msg 
INFO [11-06|12:47:50] send Ready msg 
INFO [11-06|12:47:50] send Ready msg 
INFO [11-06|12:47:50] send Ready msg 
INFO [11-06|12:47:50] send Ready msg 
INFO [11-06|12:47:50] send Ready msg 
INFO [11-06|12:47:50] send Ready msg 
INFO [11-06|12:47:50] Handle BFT Msg,                          msg="msg #8 (78 bytes)"
INFO [11-06|12:47:50] ------Received ReadMsg------ 
AddReady from: [130 169 120 179 245 150 42 91 9 87 217 238 158 239 71 46 229 91 66 241]
INFO [11-06|12:47:50] Handle BFT Msg,                          msg="msg #8 (78 bytes)"
INFO [11-06|12:47:50] ------Received ReadMsg------ 
INFO [11-06|12:47:50] Handle BFT Msg,                          msg="msg #8 (78 bytes)"
INFO [11-06|12:47:50] ------Received ReadMsg------ 
AddReady from: [130 169 120 179 245 150 42 91 9 87 217 238 158 239 71 46 229 91 66 241]
INFO [11-06|12:47:50] Handle BFT Msg,                          msg="msg #8 (78 bytes)"
INFO [11-06|12:47:50] ------Received ReadMsg------ 
AddReady from: [130 169 120 179 245 150 42 91 9 87 217 238 158 239 71 46 229 91 66 241]
INFO [11-06|12:47:50] Handle BFT Msg,                          msg="msg #8 (78 bytes)"
INFO [11-06|12:47:50] ------Received ReadMsg------ 
INFO [11-06|12:47:50] Handle BFT Msg,                          msg="msg #8 (78 bytes)"
INFO [11-06|12:47:50] ------Received ReadMsg------ 
AddReady from: [130 169 120 179 245 150 42 91 9 87 217 238 158 239 71 46 229 91 66 241]
AddReady from: [130 169 120 179 245 150 42 91 9 87 217 238 158 239 71 46 229 91 66 241]
AddReady from: [130 169 120 179 245 150 42 91 9 87 217 238 158 239 71 46 229 91 66 241]
INFO [11-06|12:47:50] Handle BFT Msg,                          msg="msg #8 (78 bytes)"
INFO [11-06|12:47:50] ------Received ReadMsg------ 
AddReady from: [130 169 120 179 245 150 42 91 9 87 217 238 158 239 71 46 229 91 66 241]
INFO [11-06|12:47:50] Handle BFT Msg,                          msg="msg #8 (78 bytes)"
INFO [11-06|12:47:50] ------Received ReadMsg------ 
INFO [11-06|12:47:50] Handle BFT Msg,                          msg="msg #8 (78 bytes)"
INFO [11-06|12:47:50] Handle BFT Msg,                          msg="msg #8 (78 bytes)"
INFO [11-06|12:47:50] ------Received ReadMsg------ 
INFO [11-06|12:47:50] Handle BFT Msg,                          msg="msg #8 (78 bytes)"
INFO [11-06|12:47:50] ------Received ReadMsg------ 
INFO [11-06|12:47:50] Handle BFT Msg,                          msg="msg #8 (78 bytes)"
INFO [11-06|12:47:50] ------Received ReadMsg------ 
AddReady from: [119 219 43 235 186 121 219 66 169 120 248 150 150 143 74 252 231 70 234 31]
INFO [11-06|12:47:50] send Ready msg 
INFO [11-06|12:47:50] send Ready msg 
AddReady from: [119 219 43 235 186 121 219 66 169 120 248 150 150 143 74 252 231 70 234 31]
INFO [11-06|12:47:50] send Ready msg 
INFO [11-06|12:47:50] send Ready msg 
AddReady from: [119 219 43 235 186 121 219 66 169 120 248 150 150 143 74 252 231 70 234 31]
INFO [11-06|12:47:50] send Ready msg 
AddReady from: [119 219 43 235 186 121 219 66 169 120 248 150 150 143 74 252 231 70 234 31]
INFO [11-06|12:47:50] send Ready msg 
INFO [11-06|12:47:50] send Ready msg 
INFO [11-06|12:47:50] send Ready msg 
INFO [11-06|12:47:50] send Ready msg 
INFO [11-06|12:47:50] ------Received ReadMsg------ 
AddReady from: [119 219 43 235 186 121 219 66 169 120 248 150 150 143 74 252 231 70 234 31]
INFO [11-06|12:47:50] send Ready msg 
INFO [11-06|12:47:50] send Ready msg 
INFO [11-06|12:47:50] send Ready msg 
INFO [11-06|12:47:50] send Ready msg 
INFO [11-06|12:47:50] Handle BFT Msg,                          msg="msg #8 (78 bytes)"
INFO [11-06|12:47:50] ------Received ReadMsg------ 
INFO [11-06|12:47:50] Handle BFT Msg,                          msg="msg #8 (78 bytes)"
INFO [11-06|12:47:50] ------Received ReadMsg------ 
AddReady from: [119 219 43 235 186 121 219 66 169 120 248 150 150 143 74 252 231 70 234 31]
INFO [11-06|12:47:50] send Ready msg 
AddReady from: [119 219 43 235 186 121 219 66 169 120 248 150 150 143 74 252 231 70 234 31]
INFO [11-06|12:47:50] send Ready msg 
INFO [11-06|12:47:50] send Ready msg 
INFO [11-06|12:47:50] send Ready msg 
INFO [11-06|12:47:50] send Ready msg 
INFO [11-06|12:47:50] send Ready msg 
INFO [11-06|12:47:50] send Ready msg 
INFO [11-06|12:47:50] send Ready msg 
INFO [11-06|12:47:50] Handle BFT Msg,                          msg="msg #8 (78 bytes)"
INFO [11-06|12:47:50] ------Received ReadMsg------ 
AddReady from: [19 203 184 217 156 108 78 15 39 40 199 215 38 6 231 138 41 196 226 36]
INFO [11-06|12:47:50] send Ready msg 
INFO [11-06|12:47:50] send Ready msg 
INFO [11-06|12:47:50] send Ready msg 
INFO [11-06|12:47:50] send Ready msg 
INFO [11-06|12:47:50] send Ready msg 
INFO [11-06|12:47:50] send Ready msg 
INFO [11-06|12:47:50] send Ready msg 
INFO [11-06|12:47:50] Handle BFT Msg,                          msg="msg #8 (78 bytes)"
INFO [11-06|12:47:50] ------Received ReadMsg------ 
INFO [11-06|12:47:50] Handle BFT Msg,                          msg="msg #8 (78 bytes)"
INFO [11-06|12:47:50] ------Received ReadMsg------ 
INFO [11-06|12:47:50] Handle BFT Msg,                          msg="msg #8 (78 bytes)"
INFO [11-06|12:47:50] ------Received ReadMsg------ 
AddReady from: [19 203 184 217 156 108 78 15 39 40 199 215 38 6 231 138 41 196 226 36]
INFO [11-06|12:47:50] Handle BFT Msg,                          msg="msg #8 (78 bytes)"
INFO [11-06|12:47:50] ------Received ReadMsg------ 
AddReady from: [19 203 184 217 156 108 78 15 39 40 199 215 38 6 231 138 41 196 226 36]
INFO [11-06|12:47:50] Handle BFT Msg,                          msg="msg #8 (78 bytes)"
INFO [11-06|12:47:50] ------Received ReadMsg------ 
INFO [11-06|12:47:50] Handle BFT Msg,                          msg="msg #8 (78 bytes)"
AddReady from: [19 203 184 217 156 108 78 15 39 40 199 215 38 6 231 138 41 196 226 36]
INFO [11-06|12:47:50] ------Received ReadMsg------ 
AddReady from: [19 203 184 217 156 108 78 15 39 40 199 215 38 6 231 138 41 196 226 36]
INFO [11-06|12:47:50] Handle BFT Msg,                          msg="msg #8 (78 bytes)"
INFO [11-06|12:47:50] ------Received ReadMsg------ 
INFO [11-06|12:47:50] Handle BFT Msg,                          msg="msg #8 (78 bytes)"
INFO [11-06|12:47:50] ------Received ReadMsg------ 
AddReady from: [19 203 184 217 156 108 78 15 39 40 199 215 38 6 231 138 41 196 226 36]
AddReady from: [19 203 184 217 156 108 78 15 39 40 199 215 38 6 231 138 41 196 226 36]
AddReady from: [19 203 184 217 156 108 78 15 39 40 199 215 38 6 231 138 41 196 226 36]
AddReady from: [19 203 184 217 156 108 78 15 39 40 199 215 38 6 231 138 41 196 226 36]
INFO [11-06|12:47:50] Handle BFT Msg,                          msg="msg #8 (78 bytes)"
INFO [11-06|12:47:50] ------Received ReadMsg------ 
AddReady from: [125 87 122 89 123 39 66 180 152 203 92 240 194 108 220 215 38 211 158 110]
INFO [11-06|12:47:50] send Ready msg 
INFO [11-06|12:47:50] send Ready msg 
INFO [11-06|12:47:50] send Ready msg 
INFO [11-06|12:47:50] send Ready msg 
INFO [11-06|12:47:50] send Ready msg 
INFO [11-06|12:47:50] send Ready msg 
INFO [11-06|12:47:50] send Ready msg 
INFO [11-06|12:47:50] Handle BFT Msg,                          msg="msg #8 (78 bytes)"
INFO [11-06|12:47:50] ------Received ReadMsg------ 
INFO [11-06|12:47:50] Handle BFT Msg,                          msg="msg #8 (78 bytes)"
INFO [11-06|12:47:50] ------Received ReadMsg------ 
INFO [11-06|12:47:50] Handle BFT Msg,                          msg="msg #8 (78 bytes)"
INFO [11-06|12:47:50] ------Received ReadMsg------ 
AddReady from: [125 87 122 89 123 39 66 180 152 203 92 240 194 108 220 215 38 211 158 110]
AddReady from: [125 87 122 89 123 39 66 180 152 203 92 240 194 108 220 215 38 211 158 110]
INFO [11-06|12:47:50] Handle BFT Msg,                          msg="msg #8 (78 bytes)"
INFO [11-06|12:47:50] Handle BFT Msg,                          msg="msg #8 (78 bytes)"
INFO [11-06|12:47:50] ------Received ReadMsg------ 
AddReady from: [125 87 122 89 123 39 66 180 152 203 92 240 194 108 220 215 38 211 158 110]
INFO [11-06|12:47:50] ------Received ReadMsg------ 
INFO [11-06|12:47:50] Handle BFT Msg,                          msg="msg #8 (78 bytes)"
INFO [11-06|12:47:50] ------Received ReadMsg------ 
INFO [11-06|12:47:50] Handle BFT Msg,                          msg="msg #8 (78 bytes)"
INFO [11-06|12:47:50] ------Received ReadMsg------ 
AddReady from: [125 87 122 89 123 39 66 180 152 203 92 240 194 108 220 215 38 211 158 110]
AddReady from: [125 87 122 89 123 39 66 180 152 203 92 240 194 108 220 215 38 211 158 110]
INFO [11-06|12:47:50] Handle BFT Msg,                          msg="msg #8 (78 bytes)"
INFO [11-06|12:47:50] ------Received ReadMsg------ 
AddReady from: [125 87 122 89 123 39 66 180 152 203 92 240 194 108 220 215 38 211 158 110]
AddReady from: [125 87 122 89 123 39 66 180 152 203 92 240 194 108 220 215 38 211 158 110]
AddReady from: [125 87 122 89 123 39 66 180 152 203 92 240 194 108 220 215 38 211 158 110]
ready: 8 need: 5.3333335
ready: 8 need: 5.3333335
INFO [11-06|12:47:50] send Ready msg 
INFO [11-06|12:47:50] send Ready msg 
INFO [11-06|12:47:50] send Ready msg 
INFO [11-06|12:47:50] send Ready msg 
INFO [11-06|12:47:50] send Ready msg 
INFO [11-06|12:47:50] send Ready msg 
INFO [11-06|12:47:50] send Ready msg 
INFO [11-06|12:47:50] -----------------consensusManager Ready------------------------- 
INFO [11-06|12:47:50] Handle BFT Msg,                          msg="msg #8 (78 bytes)"
INFO [11-06|12:47:50] ------Received ReadMsg------ 
AddReady from: [89 132 67 241 136 14 245 133 178 31 29 117 133 189 5 119 64 40 97 229]
INFO [11-06|12:47:50] Handle BFT Msg,                          msg="msg #8 (78 bytes)"
INFO [11-06|12:47:50] ------Received ReadMsg------ 
AddReady from: [89 132 67 241 136 14 245 133 178 31 29 117 133 189 5 119 64 40 97 229]
INFO [11-06|12:47:50] Handle BFT Msg,                          msg="msg #8 (78 bytes)"
INFO [11-06|12:47:50] ------Received ReadMsg------ 
AddReady from: [89 132 67 241 136 14 245 133 178 31 29 117 133 189 5 119 64 40 97 229]
INFO [11-06|12:47:50] Handle BFT Msg,                          msg="msg #8 (78 bytes)"
INFO [11-06|12:47:50] ------Received ReadMsg------ 
INFO [11-06|12:47:50] Handle BFT Msg,                          msg="msg #8 (78 bytes)"
INFO [11-06|12:47:50] ------Received ReadMsg------ 
AddReady from: [89 132 67 241 136 14 245 133 178 31 29 117 133 189 5 119 64 40 97 229]
INFO [11-06|12:47:50] Handle BFT Msg,                          msg="msg #8 (78 bytes)"
INFO [11-06|12:47:50] ------Received ReadMsg------ 
AddReady from: [89 132 67 241 136 14 245 133 178 31 29 117 133 189 5 119 64 40 97 229]
INFO [11-06|12:47:50] Handle BFT Msg,                          msg="msg #8 (78 bytes)"
INFO [11-06|12:47:50] ------Received ReadMsg------ 
AddReady from: [89 132 67 241 136 14 245 133 178 31 29 117 133 189 5 119 64 40 97 229]
INFO [11-06|12:47:50] Handle BFT Msg,                          msg="msg #8 (78 bytes)"
INFO [11-06|12:47:50] ------Received ReadMsg------ 
AddReady from: [89 132 67 241 136 14 245 133 178 31 29 117 133 189 5 119 64 40 97 229]
INFO [11-06|12:47:50] Handle BFT Msg,                          msg="msg #8 (78 bytes)"
INFO [11-06|12:47:50] ------Received ReadMsg------ 
AddReady from: [89 132 67 241 136 14 245 133 178 31 29 117 133 189 5 119 64 40 97 229]
AddReady from: [89 132 67 241 136 14 245 133 178 31 29 117 133 189 5 119 64 40 97 229]
INFO [11-06|12:47:50] Handle BFT Msg,                          msg="msg #8 (78 bytes)"
INFO [11-06|12:47:50] ------Received ReadMsg------ 
INFO [11-06|12:47:50] Handle BFT Msg,                          msg="msg #8 (78 bytes)"
INFO [11-06|12:47:50] ------Received ReadMsg------ 
AddReady from: [89 132 67 241 136 14 245 133 178 31 29 117 133 189 5 119 64 40 97 229]
INFO [11-06|12:47:50] Handle BFT Msg,                          msg="msg #8 (78 bytes)"
INFO [11-06|12:47:50] ------Received ReadMsg------ 
AddReady from: [89 132 67 241 136 14 245 133 178 31 29 117 133 189 5 119 64 40 97 229]
AddReady from: [89 132 67 241 136 14 245 133 178 31 29 117 133 189 5 119 64 40 97 229]
INFO [11-06|12:47:50] Handle BFT Msg,                          msg="msg #8 (78 bytes)"
INFO [11-06|12:47:50] ------Received ReadMsg------ 
AddReady from: [89 132 67 241 136 14 245 133 178 31 29 117 133 189 5 119 64 40 97 229]
INFO [11-06|12:47:51] Handle BFT Msg,                          msg="msg #8 (78 bytes)"
INFO [11-06|12:47:51] ------Received ReadMsg------ 
AddReady from: [36 20 56 115 224 224 129 95 220 188 255 219 224 156 151 156 191 154 208 19]
INFO [11-06|12:47:51] send Ready msg 
INFO [11-06|12:47:51] send Ready msg 
INFO [11-06|12:47:51] send Ready msg 
INFO [11-06|12:47:51] send Ready msg 
INFO [11-06|12:47:51] send Ready msg 
INFO [11-06|12:47:51] send Ready msg 
INFO [11-06|12:47:51] send Ready msg 
INFO [11-06|12:47:51] Handle BFT Msg,                          msg="msg #8 (78 bytes)"
INFO [11-06|12:47:51] ------Received ReadMsg------ 
AddReady from: [36 20 56 115 224 224 129 95 220 188 255 219 224 156 151 156 191 154 208 19]
INFO [11-06|12:47:51] Handle BFT Msg,                          msg="msg #8 (78 bytes)"
INFO [11-06|12:47:51] ------Received ReadMsg------ 
AddReady from: [36 20 56 115 224 224 129 95 220 188 255 219 224 156 151 156 191 154 208 19]
INFO [11-06|12:47:51] Handle BFT Msg,                          msg="msg #8 (78 bytes)"
INFO [11-06|12:47:51] ------Received ReadMsg------ 
AddReady from: [36 20 56 115 224 224 129 95 220 188 255 219 224 156 151 156 191 154 208 19]
INFO [11-06|12:47:51] Handle BFT Msg,                          msg="msg #8 (78 bytes)"
INFO [11-06|12:47:51] ------Received ReadMsg------ 
AddReady from: [36 20 56 115 224 224 129 95 220 188 255 219 224 156 151 156 191 154 208 19]
INFO [11-06|12:47:51] Handle BFT Msg,                          msg="msg #8 (78 bytes)"
INFO [11-06|12:47:51] ------Received ReadMsg------ 
AddReady from: [36 20 56 115 224 224 129 95 220 188 255 219 224 156 151 156 191 154 208 19]
INFO [11-06|12:47:51] Handle BFT Msg,                          msg="msg #8 (78 bytes)"
INFO [11-06|12:47:51] ------Received ReadMsg------ 
AddReady from: [36 20 56 115 224 224 129 95 220 188 255 219 224 156 151 156 191 154 208 19]
INFO [11-06|12:47:51] Handle BFT Msg,                          msg="msg #8 (78 bytes)"
INFO [11-06|12:47:51] ------Received ReadMsg------ 
AddReady from: [36 20 56 115 224 224 129 95 220 188 255 219 224 156 151 156 191 154 208 19]
INFO [11-06|12:47:51] Handle BFT Msg,                          msg="msg #8 (78 bytes)"
INFO [11-06|12:47:51] ------Received ReadMsg------ 
AddReady from: [36 20 56 115 224 224 129 95 220 188 255 219 224 156 151 156 191 154 208 19]
INFO [11-06|12:47:51] Handle BFT Msg,                          msg="msg #8 (78 bytes)"
INFO [11-06|12:47:51] ------Received ReadMsg------ 
AddReady from: [220 236 234 243 252 92 10 99 209 149 214 155 26 144 1 27 123 25 101 13]
INFO [11-06|12:47:51] send Ready msg 
INFO [11-06|12:47:51] send Ready msg 
INFO [11-06|12:47:51] send Ready msg 
INFO [11-06|12:47:51] send Ready msg 
INFO [11-06|12:47:51] send Ready msg 
INFO [11-06|12:47:51] send Ready msg 
INFO [11-06|12:47:51] send Ready msg 
INFO [11-06|12:47:51] Handle BFT Msg,                          msg="msg #8 (78 bytes)"
INFO [11-06|12:47:51] ------Received ReadMsg------ 
AddReady from: [220 236 234 243 252 92 10 99 209 149 214 155 26 144 1 27 123 25 101 13]
INFO [11-06|12:47:51] Handle BFT Msg,                          msg="msg #8 (78 bytes)"
INFO [11-06|12:47:51] ------Received ReadMsg------ 
AddReady from: [220 236 234 243 252 92 10 99 209 149 214 155 26 144 1 27 123 25 101 13]
INFO [11-06|12:47:51] Handle BFT Msg,                          msg="msg #8 (78 bytes)"
INFO [11-06|12:47:51] ------Received ReadMsg------ 
INFO [11-06|12:47:51] Handle BFT Msg,                          msg="msg #8 (78 bytes)"
INFO [11-06|12:47:51] ------Received ReadMsg------ 
AddReady from: [220 236 234 243 252 92 10 99 209 149 214 155 26 144 1 27 123 25 101 13]
INFO [11-06|12:47:51] Handle BFT Msg,                          msg="msg #8 (78 bytes)"
INFO [11-06|12:47:51] ------Received ReadMsg------ 
AddReady from: [220 236 234 243 252 92 10 99 209 149 214 155 26 144 1 27 123 25 101 13]
AddReady from: [220 236 234 243 252 92 10 99 209 149 214 155 26 144 1 27 123 25 101 13]
INFO [11-06|12:47:51] Handle BFT Msg,                          msg="msg #8 (78 bytes)"
INFO [11-06|12:47:51] ------Received ReadMsg------ 
AddReady from: [220 236 234 243 252 92 10 99 209 149 214 155 26 144 1 27 123 25 101 13]
INFO [11-06|12:47:51] Handle BFT Msg,                          msg="msg #8 (78 bytes)"
INFO [11-06|12:47:51] ------Received ReadMsg------ 
AddReady from: [16 161 193 203 149 201 46 195 29 63 34 198 110 239 29 159 63 37 140 107]
INFO [11-06|12:47:51] send Ready msg 
INFO [11-06|12:47:51] send Ready msg 
INFO [11-06|12:47:51] send Ready msg 
INFO [11-06|12:47:51] send Ready msg 
INFO [11-06|12:47:51] send Ready msg 
INFO [11-06|12:47:51] send Ready msg 
INFO [11-06|12:47:51] send Ready msg 
INFO [11-06|12:47:51] Handle BFT Msg,                          msg="msg #8 (78 bytes)"
INFO [11-06|12:47:51] ------Received ReadMsg------ 
AddReady from: [16 161 193 203 149 201 46 195 29 63 34 198 110 239 29 159 63 37 140 107]
INFO [11-06|12:47:51] Handle BFT Msg,                          msg="msg #8 (78 bytes)"
INFO [11-06|12:47:51] ------Received ReadMsg------ 
AddReady from: [16 161 193 203 149 201 46 195 29 63 34 198 110 239 29 159 63 37 140 107]
INFO [11-06|12:47:51] Handle BFT Msg,                          msg="msg #8 (78 bytes)"
INFO [11-06|12:47:51] ------Received ReadMsg------ 
AddReady from: [16 161 193 203 149 201 46 195 29 63 34 198 110 239 29 159 63 37 140 107]
INFO [11-06|12:47:51] Handle BFT Msg,                          msg="msg #8 (78 bytes)"
INFO [11-06|12:47:51] ------Received ReadMsg------ 
INFO [11-06|12:47:51] Handle BFT Msg,                          msg="msg #8 (78 bytes)"
INFO [11-06|12:47:51] ------Received ReadMsg------ 
AddReady from: [16 161 193 203 149 201 46 195 29 63 34 198 110 239 29 159 63 37 140 107]
INFO [11-06|12:47:51] Handle BFT Msg,                          msg="msg #8 (78 bytes)"
INFO [11-06|12:47:51] ------Received ReadMsg------ 
AddReady from: [16 161 193 203 149 201 46 195 29 63 34 198 110 239 29 159 63 37 140 107]
INFO [11-06|12:47:51] Handle BFT Msg,                          msg="msg #8 (78 bytes)"
INFO [11-06|12:47:51] ------Received ReadMsg------ 
AddReady from: [16 161 193 203 149 201 46 195 29 63 34 198 110 239 29 159 63 37 140 107]
INFO [11-06|12:47:51] Handle BFT Msg,                          msg="msg #8 (78 bytes)"
INFO [11-06|12:47:51] ------Received ReadMsg------ 
AddReady from: [16 161 193 203 149 201 46 195 29 63 34 198 110 239 29 159 63 37 140 107]
INFO [11-06|12:47:51] Handle BFT Msg,                          msg="msg #8 (78 bytes)"
INFO [11-06|12:47:51] ------Received ReadMsg------ 
AddReady from: [16 161 193 203 149 201 46 195 29 63 34 198 110 239 29 159 63 37 140 107]
AddReady from: [16 161 193 203 149 201 46 195 29 63 34 198 110 239 29 159 63 37 140 107]
INFO [11-06|12:47:51] Handle BFT Msg,                          msg="msg #8 (78 bytes)"
INFO [11-06|12:47:51] ------Received ReadMsg------ 
AddReady from: [16 161 193 203 149 201 46 195 29 63 34 198 110 239 29 159 63 37 140 107]
INFO [11-06|12:49:59] Transaction pool price threshold updated price=18000000000
INFO [11-06|12:49:59] Starting mining operation 
INFO [11-06|12:50:02] Handle BFT Msg,                          msg="msg #18 (345 bytes)"
INFO [11-06|12:50:02] ------Received MsigProposalMsg------ 
mpHR: H: 1 R: 0 hash: [207 3 115 0 63 14 133 194 53 87 24 21 146 44 79 178 109 197 225 133 55 35 49 201 61 138 10 47 58 156 21 178]
cmHR: H: 1 R: 0
INFO [11-06|12:50:02] Handle BFT Msg,                          msg="msg #18 (345 bytes)"
INFO [11-06|12:50:02] ------Received MsigProposalMsg------ 
mpHR: H: 1 R: 0 hash: [207 3 115 0 63 14 133 194 53 87 24 21 146 44 79 178 109 197 225 133 55 35 49 201 61 138 10 47 58 156 21 178]
cmHR: H: 1 R: 0
INFO [11-06|12:50:02] --------------------------------------- 
INFO [11-06|12:50:02] In addMsig I am leader 
mp= [[0 0 0 0 0 0 0 0 0 0 0 0 0 0 0 0 0 0 0 0] [220 236 234 243 252 92 10 99 209 149 214 155 26 144 1 27 123 25 101 13]]
INFO [11-06|12:50:02] in bfthandler Send MsigProposalMsg 
INFO [11-06|12:50:02] Sending MsigProposalMsg 
INFO [11-06|12:50:02] Sending MsigProposalMsg 
INFO [11-06|12:50:02] --------------------------------------- 
INFO [11-06|12:50:02] In addMsig I am leader 
INFO [11-06|12:50:02] this is combineSign!!!! 
mp= &{[[0 0 0 0 0 0 0 0 0 0 0 0 0 0 0 0 0 0 0 0] [220 236 234 243 252 92 10 99 209 149 214 155 26 144 1 27 123 25 101 13]] [0 27] [0 109924710004234556200149755168498082357118672248213103778998854472128961165967] [0 27645814600126365619440103906105385966202813219887092739188011652222041908341]}
INFO [11-06|12:50:02] in bfthandler Send MsigProposalMsg 
INFO [11-06|12:50:02] Sending MsigProposalMsg 
INFO [11-06|12:50:02] Sending MsigProposalMsg 
INFO [11-06|12:50:02] Sending MsigProposalMsg 
INFO [11-06|12:50:02] Sending MsigProposalMsg 
INFO [11-06|12:50:02] Sending MsigProposalMsg 
INFO [11-06|12:50:02] Handle BFT Msg,                          msg="msg #18 (345 bytes)"
INFO [11-06|12:50:02] ------Received MsigProposalMsg------ 
mpHR: H: 1 R: 0 hash: [207 3 115 0 63 14 133 194 53 87 24 21 146 44 79 178 109 197 225 133 55 35 49 201 61 138 10 47 58 156 21 178]
cmHR: H: 1 R: 0
INFO [11-06|12:50:02] Sending MsigProposalMsg 
INFO [11-06|12:50:02] ------addmsigproposal success!------- 
INFO [11-06|12:50:02] Sending MsigProposalMsg 
INFO [11-06|12:50:02] Sending MsigProposalMsg 
INFO [11-06|12:50:02] Sending MsigProposalMsg 
INFO [11-06|12:50:02] Sending MsigProposalMsg 
INFO [11-06|12:50:02] --------------------------------------- 
INFO [11-06|12:50:02] In addMsig I am leader 
INFO [11-06|12:50:02] this is combineSign!!!! 
INFO [11-06|12:50:02] ------addmsigproposal success!------- 
mp= &{[[0 0 0 0 0 0 0 0 0 0 0 0 0 0 0 0 0 0 0 0] [220 236 234 243 252 92 10 99 209 149 214 155 26 144 1 27 123 25 101 13]] [0 27] [0 109924710004234556200149755168498082357118672248213103778998854472128961165967] [0 27645814600126365619440103906105385966202813219887092739188011652222041908341]}
INFO [11-06|12:50:02] in bfthandler Send MsigProposalMsg 
INFO [11-06|12:50:02] ------addmsigproposal success!------- 
INFO [11-06|12:50:02] Handle BFT Msg,                          msg="msg #18 (345 bytes)"
INFO [11-06|12:50:02] ------Received MsigProposalMsg------ 
mpHR: H: 1 R: 0 hash: [207 3 115 0 63 14 133 194 53 87 24 21 146 44 79 178 109 197 225 133 55 35 49 201 61 138 10 47 58 156 21 178]
cmHR: H: 1 R: 0
INFO [11-06|12:50:02] --------------------------------------- 
INFO [11-06|12:50:02] In addMsig I am leader 
INFO [11-06|12:50:02] this is combineSign!!!! 
mp= &{[[0 0 0 0 0 0 0 0 0 0 0 0 0 0 0 0 0 0 0 0] [220 236 234 243 252 92 10 99 209 149 214 155 26 144 1 27 123 25 101 13]] [0 27] [0 109924710004234556200149755168498082357118672248213103778998854472128961165967] [0 27645814600126365619440103906105385966202813219887092739188011652222041908341]}
INFO [11-06|12:50:02] in bfthandler Send MsigProposalMsg 
INFO [11-06|12:50:02] ------addmsigproposal success!------- 
INFO [11-06|12:50:02] Handle BFT Msg,                          msg="msg #11 (172922 bytes)"
INFO [11-06|12:50:02] -------Received NewBlockProposalMsg------- 
bpHR: H: 1 R: 0
cmHR: H: 1 R: 0
INFO [11-06|12:50:02] --------------------------------------- 
# collMsig from = Peer 6d11b37ef4fc909a [eth/63]
cmHR: H: 1 R: 0
this is rm.proposerPeer  Peer 6d11b37ef4fc909a [eth/63]
INFO [11-06|12:50:02] In IsValid() 
len(lockset.Votes): 0 lockset.EligibleVotesNum: 0
INFO [11-06|12:50:02] cm add BlockProposal                     h=1 r=0
INFO [11-06|12:50:02] in HasQuorum 
INFO [11-06|12:50:02] In IsValid() 
len(lockset.Votes): 1 lockset.EligibleVotesNum: 0
INFO [11-06|12:50:02] In addBlockCandidates!! 
INFO [11-06|12:50:02] -------in handle NewBlockProposalMsg, success!------- 
INFO [11-06|12:50:02] Handle BFT Msg,                          msg="msg #17 (107 bytes)"
INFO [11-06|12:50:02] ------Received VoteMsg------ 
voteHR: H: 1 R: 0 voteType:: 1 voteHash: [207 3 115 0 63 14 133 194 53 87 24 21 146 44 79 178 109 197 225 133 55 35 49 201 61 138 10 47 58 156 21 178]
cmHR: H: 1 R: 0
INFO [11-06|12:50:02] --------------------------------------- 
INFO [11-06|12:50:02] addVote to                               height=1 round=0 from=0x82a978b3f5962a5b0957d9ee9eef472ee55b42f1 success=true cm.coinbase=0x598443f1880ef585b21f1d7585bd0577402861e5
INFO [11-06|12:50:02] ------in handle VoteMsg, success!------ 
INFO [11-06|12:50:02] Handle BFT Msg,                          msg="msg #17 (107 bytes)"
INFO [11-06|12:50:02] ------Received VoteMsg------ 
voteHR: H: 1 R: 0 voteType:: 1 voteHash: [207 3 115 0 63 14 133 194 53 87 24 21 146 44 79 178 109 197 225 133 55 35 49 201 61 138 10 47 58 156 21 178]
cmHR: H: 1 R: 0
INFO [11-06|12:50:02] --------------------------------------- 
INFO [11-06|12:50:02] addVote to                               height=1 round=0 from=0x7d577a597b2742b498cb5cf0c26cdcd726d39e6e success=true cm.coinbase=0x598443f1880ef585b21f1d7585bd0577402861e5
INFO [11-06|12:50:02] ------in handle VoteMsg, success!------ 
INFO [11-06|12:50:02] Handle BFT Msg,                          msg="msg #17 (107 bytes)"
INFO [11-06|12:50:02] ------Received VoteMsg------ 
voteHR: H: 1 R: 0 voteType:: 1 voteHash: [207 3 115 0 63 14 133 194 53 87 24 21 146 44 79 178 109 197 225 133 55 35 49 201 61 138 10 47 58 156 21 178]
cmHR: H: 1 R: 0
INFO [11-06|12:50:02] --------------------------------------- 
INFO [11-06|12:50:02] addVote to                               height=1 round=0 from=0xdceceaf3fc5c0a63d195d69b1a90011b7b19650d success=true cm.coinbase=0x598443f1880ef585b21f1d7585bd0577402861e5
INFO [11-06|12:50:02] ------in handle VoteMsg, success!------ 
INFO [11-06|12:50:03] Handle BFT Msg,                          msg="msg #17 (107 bytes)"
INFO [11-06|12:50:03] ------Received VoteMsg------ 
voteHR: H: 1 R: 0 voteType:: 1 voteHash: [207 3 115 0 63 14 133 194 53 87 24 21 146 44 79 178 109 197 225 133 55 35 49 201 61 138 10 47 58 156 21 178]
cmHR: H: 1 R: 0
INFO [11-06|12:50:03] --------------------------------------- 
INFO [11-06|12:50:03] addVote to                               height=1 round=0 from=0x13cbb8d99c6c4e0f2728c7d72606e78a29c4e224 success=true cm.coinbase=0x598443f1880ef585b21f1d7585bd0577402861e5
INFO [11-06|12:50:03] ------in handle VoteMsg, success!------ 
INFO [11-06|12:50:03] Commit new mining work                   number=1 txs=1598 uncles=0 elapsed=4.008s
INFO [11-06|12:50:03] Sealing                                  block n=1
StartConsensus, 1541479803281440000
INFO [11-06|12:50:03] Start Process 
INFO [11-06|12:50:03] in cm.Process, check lastCommittingLockset() 
INFO [11-06|12:50:03] In IsValid() 
len(lockset.Votes): 2 lockset.EligibleVotesNum: 0
INFO [11-06|12:50:03] in HasQuorum 
INFO [11-06|12:50:03] In IsValid() 
len(lockset.Votes): 2 lockset.EligibleVotesNum: 0
=====CM.COINBASE IS:===== [89 132 67 241 136 14 245 133 178 31 29 117 133 189 5 119 64 40 97 229] block number is: 1
INFO [11-06|12:50:03] case: default, cm.process 
ready: 8 need: 5.3333335
INFO [11-06|12:50:03] ---------------process------------------ 
INFO [11-06|12:50:03] In RM Process                            height=1 round=0
INFO [11-06|12:50:03] --------In rm.propose------- 
INFO [11-06|12:50:03] ---------------in rm.vote----------------- 
INFO [11-06|12:50:03] in vote in RM                            height=1 round=0
INFO [11-06|12:50:03] vote mp 
INFO [11-06|12:50:03] vote success in                          height=1 round=0
INFO [11-06|12:50:03] Send VoteMsg 
INFO [11-06|12:50:03] in rm.process, check lockset HasQuorum 
INFO [11-06|12:50:03] in HasQuorum 
INFO [11-06|12:50:03] In IsValid() 
len(lockset.Votes): 5 lockset.EligibleVotesNum: 8
INFO [11-06|12:50:03] rm lockset is not valid yet 
INFO [11-06|12:50:03] after cm.process() 
INFO [11-06|12:50:03] case: default, cm.process 
ready: 8 need: 5.3333335
INFO [11-06|12:50:03] ---------------process------------------ 
INFO [11-06|12:50:03] In RM Process                            height=1 round=0
INFO [11-06|12:50:03] --------In rm.propose------- 
INFO [11-06|12:50:03] ---------------in rm.vote----------------- 
INFO [11-06|12:50:03] voted 
INFO [11-06|12:50:03] in rm.process, check lockset HasQuorum 
INFO [11-06|12:50:03] in HasQuorum 
INFO [11-06|12:50:03] In IsValid() 
len(lockset.Votes): 5 lockset.EligibleVotesNum: 8
INFO [11-06|12:50:03] rm lockset is not valid yet 
INFO [11-06|12:50:03] after cm.process() 
INFO [11-06|12:50:03] case: default, cm.process 
ready: 8 need: 5.3333335
INFO [11-06|12:50:03] ---------------process------------------ 
INFO [11-06|12:50:03] In RM Process                            height=1 round=0
INFO [11-06|12:50:03] --------In rm.propose------- 
INFO [11-06|12:50:03] ---------------in rm.vote----------------- 
INFO [11-06|12:50:03] voted 
INFO [11-06|12:50:03] in rm.process, check lockset HasQuorum 
INFO [11-06|12:50:03] in HasQuorum 
INFO [11-06|12:50:03] In IsValid() 
len(lockset.Votes): 5 lockset.EligibleVotesNum: 8
INFO [11-06|12:50:03] rm lockset is not valid yet 
INFO [11-06|12:50:03] after cm.process() 
INFO [11-06|12:50:03] Handle BFT Msg,                          msg="msg #17 (107 bytes)"
INFO [11-06|12:50:03] ------Received VoteMsg------ 
voteHR: H: 1 R: 0 voteType:: 1 voteHash: [207 3 115 0 63 14 133 194 53 87 24 21 146 44 79 178 109 197 225 133 55 35 49 201 61 138 10 47 58 156 21 178]
cmHR: H: 1 R: 0
INFO [11-06|12:50:03] --------------------------------------- 
INFO [11-06|12:50:03] addVote to                               height=1 round=0 from=0x77db2bebba79db42a978f896968f4afce746ea1f success=true cm.coinbase=0x598443f1880ef585b21f1d7585bd0577402861e5
INFO [11-06|12:50:03] ------in handle VoteMsg, success!------ 
INFO [11-06|12:50:03] case: default, cm.process 
ready: 8 need: 5.3333335
INFO [11-06|12:50:03] ---------------process------------------ 
INFO [11-06|12:50:03] In RM Process                            height=1 round=0
INFO [11-06|12:50:03] --------In rm.propose------- 
INFO [11-06|12:50:03] ---------------in rm.vote----------------- 
INFO [11-06|12:50:03] voted 
INFO [11-06|12:50:03] in rm.process, check lockset HasQuorum 
INFO [11-06|12:50:03] in HasQuorum 
INFO [11-06|12:50:03] In IsValid() 
len(lockset.Votes): 6 lockset.EligibleVotesNum: 8
INFO [11-06|12:50:03] There is a quorum                        height=1 round=0
--- in rm.process p.id: --- Peer 6d11b37ef4fc909a [eth/63]
INFO [11-06|12:50:03] ============in cm.commitLockset============ 
INFO [11-06|12:50:03] in commitLockset, check ls HasQuorum 
INFO [11-06|12:50:03] in HasQuorum 
INFO [11-06|12:50:03] In IsValid() 
len(lockset.Votes): 6 lockset.EligibleVotesNum: 8
INFO [11-06|12:50:03] cm.found is not nil 
INFO [11-06|12:50:03] store lockset 
peerid: 6d11b37ef4fc909a
INFO [11-06|12:50:03] ---storeLockset--- 
INFO [11-06|12:50:03] have a consensus on the block 
INFO [11-06|12:50:03] result.Header().Coinbase != b.signer 
result.Header().Coinbase: [125 87 122 89 123 39 66 180 152 203 92 240 194 108 220 215 38 211 158 110] b.signer: [89 132 67 241 136 14 245 133 178 31 29 117 133 189 5 119 64 40 97 229]
INFO [11-06|12:50:03] after cm.process() 
ConsensusTime, 310235553 , txs, 1598 , blockNum, 1
FinishedConsensus, 1541479803591747000
INFO [11-06|12:50:03] result is nil 
INFO [11-06|12:50:03] === Finished Mine() === 
cmH 1
INFO [11-06|12:50:03] in validatorCommit1 
pid: 6d11b37ef4fc909a
block number 1
-------in NewBFTValidatorBlock-------
INFO [11-06|12:50:03] in validatorCommit2 
validatorCommit time: 150.484µs
INFO [11-06|12:50:03] **in eth.handler**, get result from ch 
INFO [11-06|12:50:03] ***in BFT.VVVVerifyHeader*** 
INFO [11-06|12:50:03] ***in BFT.verifyHeader*** 
INFO [11-06|12:50:03] ***in BFT.verifySeal*** 
INFO [11-06|12:50:03] In verifyVotes 
INFO [11-06|12:50:03] in HasQuorum 
INFO [11-06|12:50:03] In IsValid() 
len(lockset.Votes): 6 lockset.EligibleVotesNum: 8
INFO [11-06|12:50:03] ***in BFT.VerifyHeaderSSSS*** 
INFO [11-06|12:50:03] ***in BFT.verifyHeader*** 
INFO [11-06|12:50:03] ***in BFT.verifySeal*** 
INFO [11-06|12:50:03] In verifyVotes 
INFO [11-06|12:50:03] in HasQuorum 
INFO [11-06|12:50:03] In IsValid() 
len(lockset.Votes): 6 lockset.EligibleVotesNum: 8
INFO [11-06|12:50:03] received NewBlockMsg! 
INFO [11-06|12:50:03] received NewBlockMsg! 
INFO [11-06|12:50:03] Handle BFT Msg,                          msg="msg #9 (3 bytes)"
INFO [11-06|12:50:03] -------GetLocksetsMsg------- 
GetLockSetsMsg request:  [{1}] from:  afcb05e7b74b3124
INFO [11-06|12:50:03] Request future block 
INFO [11-06|12:50:03] Handle BFT Msg,                          msg="msg #9 (3 bytes)"
INFO [11-06|12:50:03] -------GetLocksetsMsg------- 
GetLockSetsMsg request:  [{1}] from:  14f2a4e39998a282
INFO [11-06|12:50:03] Request future block 
INFO [11-06|12:50:03] received NewBlockMsg! 
INFO [11-06|12:50:04] Handle BFT Msg,                          msg="msg #17 (107 bytes)"
INFO [11-06|12:50:04] ------Received VoteMsg------ 
voteHR: H: 1 R: 0 voteType:: 1 voteHash: [207 3 115 0 63 14 133 194 53 87 24 21 146 44 79 178 109 197 225 133 55 35 49 201 61 138 10 47 58 156 21 178]
cmHR: H: 1 R: 0
INFO [11-06|12:50:04] --------------------------------------- 
INFO [11-06|12:50:04] addVote to                               height=1 round=0 from=0x24143873e0e0815fdcbcffdbe09c979cbf9ad013 success=true cm.coinbase=0x598443f1880ef585b21f1d7585bd0577402861e5
INFO [11-06|12:50:04] ------in handle VoteMsg, success!------ 
INFO [11-06|12:50:04] Handle BFT Msg,                          msg="msg #17 (107 bytes)"
INFO [11-06|12:50:04] ------Received VoteMsg------ 
voteHR: H: 1 R: 0 voteType:: 1 voteHash: [207 3 115 0 63 14 133 194 53 87 24 21 146 44 79 178 109 197 225 133 55 35 49 201 61 138 10 47 58 156 21 178]
cmHR: H: 1 R: 0
INFO [11-06|12:50:04] --------------------------------------- 
INFO [11-06|12:50:04] addVote to                               height=1 round=0 from=0x10a1c1cb95c92ec31d3f22c66eef1d9f3f258c6b success=true cm.coinbase=0x598443f1880ef585b21f1d7585bd0577402861e5
INFO [11-06|12:50:04] ------in handle VoteMsg, success!------ 
INFO [11-06|12:50:06] Imported new chain segment               blocks=1 txs=1598 mgas=33.558 elapsed=2.571s    mgasps=13.051 number=1 hash=cf0373…9c15b2
FinishedPostExec, 1541479806163828000 , txs, 1598
PostExecTime, 2.571372862s
INFO [11-06|12:50:06] in pool.evenLoop, call pool.resetState 
INFO [11-06|12:50:11] Commit new mining work                   number=2 txs=1599 uncles=0 elapsed=5.241s
INFO [11-06|12:50:11] Sealing                                  block n=2
StartConsensus, 1541479811406230000
INFO [11-06|12:50:11] Start Process 
INFO [11-06|12:50:11] in cm.Process, check lastCommittingLockset() 
INFO [11-06|12:50:11] In IsValid() 
len(lockset.Votes): 8 lockset.EligibleVotesNum: 8
INFO [11-06|12:50:11] in HasQuorum 
INFO [11-06|12:50:11] In IsValid() 
len(lockset.Votes): 8 lockset.EligibleVotesNum: 8
=====CM.COINBASE IS:===== [89 132 67 241 136 14 245 133 178 31 29 117 133 189 5 119 64 40 97 229] block number is: 2
INFO [11-06|12:50:11] case: default, cm.process 
ready: 8 need: 5.3333335
INFO [11-06|12:50:11] ---------------process------------------ 
INFO [11-06|12:50:11] In RM Process                            height=2 round=0
INFO [11-06|12:50:11] --------In rm.propose------- 
INFO [11-06|12:50:11] ---------------in rm.vote----------------- 
INFO [11-06|12:50:11] in vote in RM                            height=2 round=0
INFO [11-06|12:50:11] Timeout time not reach, curr vs timeout: curr=1541479811.000 timeout=1541479816.000
INFO [11-06|12:50:11] in rm.process, check lockset HasQuorum 
INFO [11-06|12:50:11] in HasQuorum 
INFO [11-06|12:50:11] In IsValid() 
len(lockset.Votes): 0 lockset.EligibleVotesNum: 8
INFO [11-06|12:50:11] rm lockset is not valid yet 
INFO [11-06|12:50:11] after cm.process() 
INFO [11-06|12:50:11] case: default, cm.process 
ready: 8 need: 5.3333335
INFO [11-06|12:50:11] ---------------process------------------ 
INFO [11-06|12:50:11] In RM Process                            height=2 round=0
INFO [11-06|12:50:11] --------In rm.propose------- 
INFO [11-06|12:50:11] ---------------in rm.vote----------------- 
INFO [11-06|12:50:11] in vote in RM                            height=2 round=0
INFO [11-06|12:50:11] Timeout time not reach, curr vs timeout: curr=1541479811.000 timeout=1541479816.000
INFO [11-06|12:50:11] in rm.process, check lockset HasQuorum 
INFO [11-06|12:50:11] in HasQuorum 
INFO [11-06|12:50:11] In IsValid() 
len(lockset.Votes): 0 lockset.EligibleVotesNum: 8
INFO [11-06|12:50:11] rm lockset is not valid yet 
INFO [11-06|12:50:11] after cm.process() 
INFO [11-06|12:50:11] case: default, cm.process 
ready: 8 need: 5.3333335
INFO [11-06|12:50:11] ---------------process------------------ 
INFO [11-06|12:50:11] In RM Process                            height=2 round=0
INFO [11-06|12:50:11] --------In rm.propose------- 
INFO [11-06|12:50:11] ---------------in rm.vote----------------- 
INFO [11-06|12:50:11] in vote in RM                            height=2 round=0
INFO [11-06|12:50:11] Timeout time not reach, curr vs timeout: curr=1541479811.000 timeout=1541479816.000
INFO [11-06|12:50:11] in rm.process, check lockset HasQuorum 
INFO [11-06|12:50:11] in HasQuorum 
INFO [11-06|12:50:11] In IsValid() 
len(lockset.Votes): 0 lockset.EligibleVotesNum: 8
INFO [11-06|12:50:11] rm lockset is not valid yet 
INFO [11-06|12:50:11] after cm.process() 
INFO [11-06|12:50:11] case: default, cm.process 
ready: 8 need: 5.3333335
INFO [11-06|12:50:11] ---------------process------------------ 
INFO [11-06|12:50:11] In RM Process                            height=2 round=0
INFO [11-06|12:50:11] --------In rm.propose------- 
INFO [11-06|12:50:11] ---------------in rm.vote----------------- 
INFO [11-06|12:50:11] in vote in RM                            height=2 round=0
INFO [11-06|12:50:11] Timeout time not reach, curr vs timeout: curr=1541479811.000 timeout=1541479816.000
INFO [11-06|12:50:11] in rm.process, check lockset HasQuorum 
INFO [11-06|12:50:11] in HasQuorum 
INFO [11-06|12:50:11] In IsValid() 
len(lockset.Votes): 0 lockset.EligibleVotesNum: 8
INFO [11-06|12:50:11] rm lockset is not valid yet 
INFO [11-06|12:50:11] after cm.process() 
INFO [11-06|12:50:11] case: default, cm.process 
ready: 8 need: 5.3333335
INFO [11-06|12:50:11] ---------------process------------------ 
INFO [11-06|12:50:11] In RM Process                            height=2 round=0
INFO [11-06|12:50:11] --------In rm.propose------- 
INFO [11-06|12:50:11] ---------------in rm.vote----------------- 
INFO [11-06|12:50:11] in vote in RM                            height=2 round=0
INFO [11-06|12:50:11] Timeout time not reach, curr vs timeout: curr=1541479811.000 timeout=1541479816.000
INFO [11-06|12:50:11] in rm.process, check lockset HasQuorum 
INFO [11-06|12:50:11] in HasQuorum 
INFO [11-06|12:50:11] In IsValid() 
len(lockset.Votes): 0 lockset.EligibleVotesNum: 8
INFO [11-06|12:50:11] rm lockset is not valid yet 
INFO [11-06|12:50:11] after cm.process() 
INFO [11-06|12:50:11] case: default, cm.process 
ready: 8 need: 5.3333335
INFO [11-06|12:50:11] ---------------process------------------ 
INFO [11-06|12:50:11] In RM Process                            height=2 round=0
INFO [11-06|12:50:11] --------In rm.propose------- 
INFO [11-06|12:50:11] ---------------in rm.vote----------------- 
INFO [11-06|12:50:11] in vote in RM                            height=2 round=0
INFO [11-06|12:50:11] Timeout time not reach, curr vs timeout: curr=1541479811.000 timeout=1541479816.000
INFO [11-06|12:50:11] in rm.process, check lockset HasQuorum 
INFO [11-06|12:50:11] in HasQuorum 
INFO [11-06|12:50:11] In IsValid() 
len(lockset.Votes): 0 lockset.EligibleVotesNum: 8
INFO [11-06|12:50:11] rm lockset is not valid yet 
INFO [11-06|12:50:11] after cm.process() 
INFO [11-06|12:50:12] case: default, cm.process 
ready: 8 need: 5.3333335
INFO [11-06|12:50:12] ---------------process------------------ 
INFO [11-06|12:50:12] In RM Process                            height=2 round=0
INFO [11-06|12:50:12] --------In rm.propose------- 
INFO [11-06|12:50:12] ---------------in rm.vote----------------- 
INFO [11-06|12:50:12] in vote in RM                            height=2 round=0
INFO [11-06|12:50:12] Timeout time not reach, curr vs timeout: curr=1541479812.000 timeout=1541479816.000
INFO [11-06|12:50:12] in rm.process, check lockset HasQuorum 
INFO [11-06|12:50:12] in HasQuorum 
INFO [11-06|12:50:12] In IsValid() 
len(lockset.Votes): 0 lockset.EligibleVotesNum: 8
INFO [11-06|12:50:12] rm lockset is not valid yet 
INFO [11-06|12:50:12] after cm.process() 
INFO [11-06|12:50:12] case: default, cm.process 
ready: 8 need: 5.3333335
INFO [11-06|12:50:12] ---------------process------------------ 
INFO [11-06|12:50:12] In RM Process                            height=2 round=0
INFO [11-06|12:50:12] --------In rm.propose------- 
INFO [11-06|12:50:12] ---------------in rm.vote----------------- 
INFO [11-06|12:50:12] in vote in RM                            height=2 round=0
INFO [11-06|12:50:12] Timeout time not reach, curr vs timeout: curr=1541479812.000 timeout=1541479816.000
INFO [11-06|12:50:12] in rm.process, check lockset HasQuorum 
INFO [11-06|12:50:12] in HasQuorum 
INFO [11-06|12:50:12] In IsValid() 
len(lockset.Votes): 0 lockset.EligibleVotesNum: 8
INFO [11-06|12:50:12] rm lockset is not valid yet 
INFO [11-06|12:50:12] after cm.process() 
INFO [11-06|12:50:12] Handle BFT Msg,                          msg="msg #11 (173754 bytes)"
INFO [11-06|12:50:12] -------Received NewBlockProposalMsg------- 
bpHR: H: 2 R: 0
cmHR: H: 2 R: 0
INFO [11-06|12:50:12] --------------------------------------- 
# collMsig from = Peer 94dd98401cf6ca04 [eth/63]
cmHR: H: 2 R: 0
this is rm.proposerPeer  Peer 94dd98401cf6ca04 [eth/63]
INFO [11-06|12:50:12] In IsValid() 
len(lockset.Votes): 0 lockset.EligibleVotesNum: 0
INFO [11-06|12:50:12] cm add BlockProposal                     h=2 r=0
INFO [11-06|12:50:12] in HasQuorum 
INFO [11-06|12:50:12] In IsValid() 
len(lockset.Votes): 8 lockset.EligibleVotesNum: 8
INFO [11-06|12:50:12] in collectMsig, i am msig wintness 
INFO [11-06|12:50:12] Return MsigProposalMsg to                LOG15_ERROR= LOG15_ERROR="Normalized odd number of arguments by adding nil"
INFO [11-06|12:50:12] Sending MsigProposalMsg 
in cm.collectMsig, mp.MsigVs: [<nil> 28]
INFO [11-06|12:50:12] In addBlockCandidates!! 
INFO [11-06|12:50:12] -------in handle NewBlockProposalMsg, success!------- 
INFO [11-06|12:50:12] Handle BFT Msg,                          msg="msg #18 (1082 bytes)"
INFO [11-06|12:50:12] ------Received MsigProposalMsg------ 
mpHR: H: 2 R: 0 hash: [103 100 179 153 145 174 43 86 128 117 91 128 136 100 217 65 78 242 126 253 252 94 231 152 98 111 72 254 211 252 244 175]
cmHR: H: 2 R: 0
INFO [11-06|12:50:12] --------------------------------------- 
INFO [11-06|12:50:12] ------addmsigproposal success!------- 
INFO [11-06|12:50:12] Handle BFT Msg,                          msg="msg #17 (107 bytes)"
INFO [11-06|12:50:12] ------Received VoteMsg------ 
voteHR: H: 2 R: 0 voteType:: 1 voteHash: [103 100 179 153 145 174 43 86 128 117 91 128 136 100 217 65 78 242 126 253 252 94 231 152 98 111 72 254 211 252 244 175]
cmHR: H: 2 R: 0
INFO [11-06|12:50:12] --------------------------------------- 
INFO [11-06|12:50:12] addVote to                               height=2 round=0 from=0x77db2bebba79db42a978f896968f4afce746ea1f success=true cm.coinbase=0x598443f1880ef585b21f1d7585bd0577402861e5
INFO [11-06|12:50:12] ------in handle VoteMsg, success!------ 
INFO [11-06|12:50:12] case: default, cm.process 
ready: 8 need: 5.3333335
INFO [11-06|12:50:12] ---------------process------------------ 
INFO [11-06|12:50:12] In RM Process                            height=2 round=0
INFO [11-06|12:50:12] --------In rm.propose------- 
INFO [11-06|12:50:12] ---------------in rm.vote----------------- 
INFO [11-06|12:50:12] in vote in RM                            height=2 round=0
INFO [11-06|12:50:12] vote mp 
INFO [11-06|12:50:12] vote success in                          height=2 round=0
INFO [11-06|12:50:12] Send VoteMsg 
INFO [11-06|12:50:12] in rm.process, check lockset HasQuorum 
INFO [11-06|12:50:12] in HasQuorum 
INFO [11-06|12:50:12] In IsValid() 
len(lockset.Votes): 2 lockset.EligibleVotesNum: 8
INFO [11-06|12:50:12] rm lockset is not valid yet 
INFO [11-06|12:50:12] after cm.process() 
INFO [11-06|12:50:12] Handle BFT Msg,                          msg="msg #17 (107 bytes)"
INFO [11-06|12:50:12] ------Received VoteMsg------ 
voteHR: H: 2 R: 0 voteType:: 1 voteHash: [103 100 179 153 145 174 43 86 128 117 91 128 136 100 217 65 78 242 126 253 252 94 231 152 98 111 72 254 211 252 244 175]
cmHR: H: 2 R: 0
INFO [11-06|12:50:12] --------------------------------------- 
INFO [11-06|12:50:12] Handle BFT Msg,                          msg="msg #17 (107 bytes)"
INFO [11-06|12:50:12] ------Received VoteMsg------ 
voteHR: H: 2 R: 0 voteType:: 1 voteHash: [103 100 179 153 145 174 43 86 128 117 91 128 136 100 217 65 78 242 126 253 252 94 231 152 98 111 72 254 211 252 244 175]
cmHR: H: 2 R: 0
INFO [11-06|12:50:12] --------------------------------------- 
INFO [11-06|12:50:12] addVote to                               height=2 round=0 from=0x7d577a597b2742b498cb5cf0c26cdcd726d39e6e success=true cm.coinbase=0x598443f1880ef585b21f1d7585bd0577402861e5
INFO [11-06|12:50:12] ------in handle VoteMsg, success!------ 
INFO [11-06|12:50:12] addVote to                               height=2 round=0 from=0x13cbb8d99c6c4e0f2728c7d72606e78a29c4e224 success=true cm.coinbase=0x598443f1880ef585b21f1d7585bd0577402861e5
INFO [11-06|12:50:12] ------in handle VoteMsg, success!------ 
INFO [11-06|12:50:12] Handle BFT Msg,                          msg="msg #17 (107 bytes)"
INFO [11-06|12:50:12] ------Received VoteMsg------ 
voteHR: H: 2 R: 0 voteType:: 1 voteHash: [103 100 179 153 145 174 43 86 128 117 91 128 136 100 217 65 78 242 126 253 252 94 231 152 98 111 72 254 211 252 244 175]
cmHR: H: 2 R: 0
INFO [11-06|12:50:12] --------------------------------------- 
INFO [11-06|12:50:12] addVote to                               height=2 round=0 from=0x24143873e0e0815fdcbcffdbe09c979cbf9ad013 success=true cm.coinbase=0x598443f1880ef585b21f1d7585bd0577402861e5
INFO [11-06|12:50:12] ------in handle VoteMsg, success!------ 
INFO [11-06|12:50:12] Handle BFT Msg,                          msg="msg #17 (107 bytes)"
INFO [11-06|12:50:12] ------Received VoteMsg------ 
voteHR: H: 2 R: 0 voteType:: 1 voteHash: [103 100 179 153 145 174 43 86 128 117 91 128 136 100 217 65 78 242 126 253 252 94 231 152 98 111 72 254 211 252 244 175]
cmHR: H: 2 R: 0
INFO [11-06|12:50:12] --------------------------------------- 
INFO [11-06|12:50:12] addVote to                               height=2 round=0 from=0x82a978b3f5962a5b0957d9ee9eef472ee55b42f1 success=true cm.coinbase=0x598443f1880ef585b21f1d7585bd0577402861e5
INFO [11-06|12:50:12] ------in handle VoteMsg, success!------ 
INFO [11-06|12:50:12] Handle BFT Msg,                          msg="msg #17 (107 bytes)"
INFO [11-06|12:50:12] ------Received VoteMsg------ 
voteHR: H: 2 R: 0 voteType:: 1 voteHash: [103 100 179 153 145 174 43 86 128 117 91 128 136 100 217 65 78 242 126 253 252 94 231 152 98 111 72 254 211 252 244 175]
cmHR: H: 2 R: 0
INFO [11-06|12:50:12] --------------------------------------- 
INFO [11-06|12:50:12] addVote to                               height=2 round=0 from=0xdceceaf3fc5c0a63d195d69b1a90011b7b19650d success=true cm.coinbase=0x598443f1880ef585b21f1d7585bd0577402861e5
INFO [11-06|12:50:12] ------in handle VoteMsg, success!------ 
INFO [11-06|12:50:12] case: default, cm.process 
ready: 8 need: 5.3333335
INFO [11-06|12:50:12] ---------------process------------------ 
INFO [11-06|12:50:12] In RM Process                            height=2 round=0
INFO [11-06|12:50:12] --------In rm.propose------- 
INFO [11-06|12:50:12] ---------------in rm.vote----------------- 
INFO [11-06|12:50:12] voted 
INFO [11-06|12:50:12] in rm.process, check lockset HasQuorum 
INFO [11-06|12:50:12] in HasQuorum 
INFO [11-06|12:50:12] In IsValid() 
len(lockset.Votes): 7 lockset.EligibleVotesNum: 8
INFO [11-06|12:50:12] There is a quorum                        height=2 round=0
--- in rm.process p.id: --- Peer 94dd98401cf6ca04 [eth/63]
INFO [11-06|12:50:12] ============in cm.commitLockset============ 
INFO [11-06|12:50:12] in commitLockset, check ls HasQuorum 
INFO [11-06|12:50:12] in HasQuorum 
INFO [11-06|12:50:12] In IsValid() 
len(lockset.Votes): 7 lockset.EligibleVotesNum: 8
INFO [11-06|12:50:12] cm.found is not nil 
INFO [11-06|12:50:12] store lockset 
peerid: 94dd98401cf6ca04
INFO [11-06|12:50:12] have a consensus on the block 
cmH 2
INFO [11-06|12:50:12] result.Header().Coinbase != b.signer 
INFO [11-06|12:50:12] in validatorCommit1 
result.Header().Coinbase: [220 236 234 243 252 92 10 99 209 149 214 155 26 144 1 27 123 25 101 13] b.signer: [89 132 67 241 136 14 245 133 178 31 29 117 133 189 5 119 64 40 97 229]
INFO [11-06|12:50:12] ---storeLockset--- 
pid: 94dd98401cf6ca04
block number 2
-------in NewBFTValidatorBlock-------
ConsensusTime, 934230039 , txs, 1599 , blockNum, 2
INFO [11-06|12:50:12] in validatorCommit2 
FinishedConsensus, 1541479812340567000
validatorCommit time: 173.977µs
INFO [11-06|12:50:12] after cm.process() 
INFO [11-06|12:50:12] **in eth.handler**, get result from ch 
INFO [11-06|12:50:12] result is nil 
INFO [11-06|12:50:12] === Finished Mine() === 
INFO [11-06|12:50:12] ***in BFT.VVVVerifyHeader*** 
INFO [11-06|12:50:12] ***in BFT.verifyHeader*** 
INFO [11-06|12:50:12] ***in BFT.verifySeal*** 
INFO [11-06|12:50:12] In verifyVotes 
INFO [11-06|12:50:12] in HasQuorum 
INFO [11-06|12:50:12] In IsValid() 
len(lockset.Votes): 7 lockset.EligibleVotesNum: 8
INFO [11-06|12:50:12] ***in BFT.VerifyHeaderSSSS*** 
INFO [11-06|12:50:12] ***in BFT.verifyHeader*** 
INFO [11-06|12:50:12] ***in BFT.verifySeal*** 
INFO [11-06|12:50:12] In verifyVotes 
INFO [11-06|12:50:12] in HasQuorum 
INFO [11-06|12:50:12] In IsValid() 
len(lockset.Votes): 7 lockset.EligibleVotesNum: 8
INFO [11-06|12:50:12] received NewBlockMsg! 
INFO [11-06|12:50:12] Handle BFT Msg,                          msg="msg #17 (107 bytes)"
INFO [11-06|12:50:12] ------Received VoteMsg------ 
voteHR: H: 2 R: 0 voteType:: 1 voteHash: [103 100 179 153 145 174 43 86 128 117 91 128 136 100 217 65 78 242 126 253 252 94 231 152 98 111 72 254 211 252 244 175]
cmHR: H: 2 R: 0
INFO [11-06|12:50:12] --------------------------------------- 
INFO [11-06|12:50:12] addVote to                               height=2 round=0 from=0x10a1c1cb95c92ec31d3f22c66eef1d9f3f258c6b success=true cm.coinbase=0x598443f1880ef585b21f1d7585bd0577402861e5
INFO [11-06|12:50:12] ------in handle VoteMsg, success!------ 
INFO [11-06|12:50:12] received NewBlockMsg! 
INFO [11-06|12:50:16] Imported new chain segment               blocks=1 txs=1599 mgas=33.579 elapsed=4.612s    mgasps=7.280  number=2 hash=6764b3…fcf4af
FinishedPostExec, 1541479816953621000 , txs, 1599
PostExecTime, 4.612311117s
INFO [11-06|12:50:16] in pool.evenLoop, call pool.resetState 
INFO [11-06|12:50:23] Commit new mining work                   number=3 txs=1599 uncles=0 elapsed=6.937s
INFO [11-06|12:50:23] Sealing                                  block n=3
StartConsensus, 1541479823891427000
INFO [11-06|12:50:23] Start Process 
INFO [11-06|12:50:23] in cm.Process, check lastCommittingLockset() 
INFO [11-06|12:50:23] In IsValid() 
len(lockset.Votes): 8 lockset.EligibleVotesNum: 8
INFO [11-06|12:50:23] in HasQuorum 
INFO [11-06|12:50:23] In IsValid() 
len(lockset.Votes): 8 lockset.EligibleVotesNum: 8
=====CM.COINBASE IS:===== [89 132 67 241 136 14 245 133 178 31 29 117 133 189 5 119 64 40 97 229] block number is: 3
INFO [11-06|12:50:23] case: default, cm.process 
ready: 8 need: 5.3333335
INFO [11-06|12:50:23] ---------------process------------------ 
INFO [11-06|12:50:23] In RM Process                            height=3 round=0
INFO [11-06|12:50:23] --------In rm.propose------- 
INFO [11-06|12:50:23] I am a proposer in                       height=3 round=0
INFO [11-06|12:50:23] in propose, check lastRoundLockset 
lastRoundLockset, hm.activeround: 0
INFO [11-06|12:50:23] ------in mkProposal------ 
INFO [11-06|12:50:23] In IsValid() 
len(lockset.Votes): 8 lockset.EligibleVotesNum: 8
INFO [11-06|12:50:23] in HasQuorum 
INFO [11-06|12:50:23] In IsValid() 
len(lockset.Votes): 8 lockset.EligibleVotesNum: 8
INFO [11-06|12:50:23] LockSet(R-1) is nil (rm.round should equal to zero) 
INFO [11-06|12:50:23] in HasQuorum 
INFO [11-06|12:50:23] In IsValid() 
len(lockset.Votes): 8 lockset.EligibleVotesNum: 8
INFO [11-06|12:50:23] in HasQuorum 
INFO [11-06|12:50:23] In IsValid() 
len(lockset.Votes): 8 lockset.EligibleVotesNum: 8
Create block blockhash :  [123 75 120 74 241 217 151 202 187 213 7 74 135 161 27 139 87 12 194 197 28 128 147 87 6 206 59 113 14 55 186 154]
INFO [11-06|12:50:23] In addBlockCandidates!! 
INFO [11-06|12:50:24] Send NewBlockProposalMsg:                LOG15_ERROR=                                                   LOG15_ERROR="Normalized odd number of arguments by adding nil"
INFO [11-06|12:50:24] Handle BFT Msg,                          msg="msg #18 (1082 bytes)"
INFO [11-06|12:50:24] ------Received MsigProposalMsg------ 
mpHR: H: 3 R: 0 hash: [123 75 120 74 241 217 151 202 187 213 7 74 135 161 27 139 87 12 194 197 28 128 147 87 6 206 59 113 14 55 186 154]
cmHR: H: 3 R: 0
INFO [11-06|12:50:24] --------------------------------------- 
INFO [11-06|12:50:24] In addMsig I am leader 
mp= [[0 0 0 0 0 0 0 0 0 0 0 0 0 0 0 0 0 0 0 0] [130 169 120 179 245 150 42 91 9 87 217 238 158 239 71 46 229 91 66 241]]
INFO [11-06|12:50:24] in bfthandler Send MsigProposalMsg 
INFO [11-06|12:50:24] Sending MsigProposalMsg 
INFO [11-06|12:50:24] Sending MsigProposalMsg 
INFO [11-06|12:50:24] Sending MsigProposalMsg 
INFO [11-06|12:50:24] Sending MsigProposalMsg 
INFO [11-06|12:50:24] Sending MsigProposalMsg 
INFO [11-06|12:50:24] Sending MsigProposalMsg 
INFO [11-06|12:50:24] Sending MsigProposalMsg 
INFO [11-06|12:50:24] Handle BFT Msg,                          msg="msg #18 (1082 bytes)"
INFO [11-06|12:50:24] ------Received MsigProposalMsg------ 
mpHR: H: 3 R: 0 hash: [123 75 120 74 241 217 151 202 187 213 7 74 135 161 27 139 87 12 194 197 28 128 147 87 6 206 59 113 14 55 186 154]
cmHR: H: 3 R: 0
INFO [11-06|12:50:24] --------------------------------------- 
INFO [11-06|12:50:24] Handle BFT Msg,                          msg="msg #18 (1082 bytes)"
INFO [11-06|12:50:24] ------Received MsigProposalMsg------ 
mpHR: H: 3 R: 0 hash: [123 75 120 74 241 217 151 202 187 213 7 74 135 161 27 139 87 12 194 197 28 128 147 87 6 206 59 113 14 55 186 154]
cmHR: H: 3 R: 0
INFO [11-06|12:50:24] --------------------------------------- 
INFO [11-06|12:50:24] In addMsig I am leader 
INFO [11-06|12:50:24] this is combineSign!!!! 
mp= &{[[0 0 0 0 0 0 0 0 0 0 0 0 0 0 0 0 0 0 0 0] [130 169 120 179 245 150 42 91 9 87 217 238 158 239 71 46 229 91 66 241]] [0 28] [0 57615568311154989759271164842531026761628353918064118734748056024431091158592] [0 33863288423217400500129220638550258990261369578472438949044005961382215314734]}
INFO [11-06|12:50:24] in bfthandler Send MsigProposalMsg 
INFO [11-06|12:50:24] In addMsig I am leader 
INFO [11-06|12:50:24] this is combineSign!!!! 
mp= &{[[0 0 0 0 0 0 0 0 0 0 0 0 0 0 0 0 0 0 0 0] [130 169 120 179 245 150 42 91 9 87 217 238 158 239 71 46 229 91 66 241]] [0 28] [0 57615568311154989759271164842531026761628353918064118734748056024431091158592] [0 33863288423217400500129220638550258990261369578472438949044005961382215314734]}
INFO [11-06|12:50:24] in bfthandler Send MsigProposalMsg 
INFO [11-06|12:50:24] Handle BFT Msg,                          msg="msg #17 (107 bytes)"
INFO [11-06|12:50:24] ------Received VoteMsg------ 
voteHR: H: 3 R: 0 voteType:: 1 voteHash: [123 75 120 74 241 217 151 202 187 213 7 74 135 161 27 139 87 12 194 197 28 128 147 87 6 206 59 113 14 55 186 154]
cmHR: H: 3 R: 0
INFO [11-06|12:50:24] --------------------------------------- 
INFO [11-06|12:50:24] Handle BFT Msg,                          msg="msg #17 (107 bytes)"
INFO [11-06|12:50:24] ------Received VoteMsg------ 
voteHR: H: 3 R: 0 voteType:: 1 voteHash: [123 75 120 74 241 217 151 202 187 213 7 74 135 161 27 139 87 12 194 197 28 128 147 87 6 206 59 113 14 55 186 154]
cmHR: H: 3 R: 0
INFO [11-06|12:50:24] --------------------------------------- 
INFO [11-06|12:50:24] ---------------in rm.vote----------------- 
INFO [11-06|12:50:24] in vote in RM                            height=3 round=0
INFO [11-06|12:50:24] Timeout time not reach, curr vs timeout: curr=1541479824.000 timeout=1541479828.000
INFO [11-06|12:50:24] in rm.process, check lockset HasQuorum 
INFO [11-06|12:50:24] in HasQuorum 
INFO [11-06|12:50:24] In IsValid() 
len(lockset.Votes): 0 lockset.EligibleVotesNum: 8
INFO [11-06|12:50:24] rm lockset is not valid yet 
INFO [11-06|12:50:24] ------addmsigproposal success!------- 
INFO [11-06|12:50:24] ------addmsigproposal success!------- 
INFO [11-06|12:50:24] Handle BFT Msg,                          msg="msg #18 (1082 bytes)"
INFO [11-06|12:50:24] ------Received MsigProposalMsg------ 
mpHR: H: 3 R: 0 hash: [123 75 120 74 241 217 151 202 187 213 7 74 135 161 27 139 87 12 194 197 28 128 147 87 6 206 59 113 14 55 186 154]
cmHR: H: 3 R: 0
INFO [11-06|12:50:24] --------------------------------------- 
INFO [11-06|12:50:24] In addMsig I am leader 
INFO [11-06|12:50:24] this is combineSign!!!! 
mp= &{[[0 0 0 0 0 0 0 0 0 0 0 0 0 0 0 0 0 0 0 0] [130 169 120 179 245 150 42 91 9 87 217 238 158 239 71 46 229 91 66 241]] [0 28] [0 57615568311154989759271164842531026761628353918064118734748056024431091158592] [0 33863288423217400500129220638550258990261369578472438949044005961382215314734]}
INFO [11-06|12:50:24] in bfthandler Send MsigProposalMsg 
INFO [11-06|12:50:24] ------addmsigproposal success!------- 
INFO [11-06|12:50:24] ------addmsigproposal success!------- 
INFO [11-06|12:50:24] Handle BFT Msg,                          msg="msg #17 (107 bytes)"
INFO [11-06|12:50:24] ------Received VoteMsg------ 
INFO [11-06|12:50:24] addVote to                               height=3 round=0 from=0x77db2bebba79db42a978f896968f4afce746ea1f success=true cm.coinbase=0x598443f1880ef585b21f1d7585bd0577402861e5
INFO [11-06|12:50:24] ------in handle VoteMsg, success!------ 
INFO [11-06|12:50:24] addVote to                               height=3 round=0 from=0xdceceaf3fc5c0a63d195d69b1a90011b7b19650d success=true cm.coinbase=0x598443f1880ef585b21f1d7585bd0577402861e5
INFO [11-06|12:50:24] ------in handle VoteMsg, success!------ 
INFO [11-06|12:50:24] Handle BFT Msg,                          msg="msg #17 (107 bytes)"
INFO [11-06|12:50:24] ------Received VoteMsg------ 
voteHR: H: 3 R: 0 voteType:: 1 voteHash: [123 75 120 74 241 217 151 202 187 213 7 74 135 161 27 139 87 12 194 197 28 128 147 87 6 206 59 113 14 55 186 154]
cmHR: H: 3 R: 0
voteHR: H: 3 R: 0 voteType:: 1 voteHash: [123 75 120 74 241 217 151 202 187 213 7 74 135 161 27 139 87 12 194 197 28 128 147 87 6 206 59 113 14 55 186 154]
cmHR: H: 3 R: 0
INFO [11-06|12:50:24] --------------------------------------- 
INFO [11-06|12:50:24] --------------------------------------- 
INFO [11-06|12:50:24] addVote to                               height=3 round=0 from=0x10a1c1cb95c92ec31d3f22c66eef1d9f3f258c6b success=true cm.coinbase=0x598443f1880ef585b21f1d7585bd0577402861e5
INFO [11-06|12:50:24] ------in handle VoteMsg, success!------ 
INFO [11-06|12:50:24] addVote to                               height=3 round=0 from=0x13cbb8d99c6c4e0f2728c7d72606e78a29c4e224 success=true cm.coinbase=0x598443f1880ef585b21f1d7585bd0577402861e5
INFO [11-06|12:50:24] ------in handle VoteMsg, success!------ 
INFO [11-06|12:50:24] after cm.process() 
INFO [11-06|12:50:24] Handle BFT Msg,                          msg="msg #17 (107 bytes)"
INFO [11-06|12:50:24] ------Received VoteMsg------ 
voteHR: H: 3 R: 0 voteType:: 1 voteHash: [123 75 120 74 241 217 151 202 187 213 7 74 135 161 27 139 87 12 194 197 28 128 147 87 6 206 59 113 14 55 186 154]
cmHR: H: 3 R: 0
INFO [11-06|12:50:24] --------------------------------------- 
INFO [11-06|12:50:24] addVote to                               height=3 round=0 from=0x24143873e0e0815fdcbcffdbe09c979cbf9ad013 success=true cm.coinbase=0x598443f1880ef585b21f1d7585bd0577402861e5
INFO [11-06|12:50:24] ------in handle VoteMsg, success!------ 
INFO [11-06|12:50:24] case: default, cm.process 
ready: 8 need: 5.3333335
INFO [11-06|12:50:24] ---------------process------------------ 
INFO [11-06|12:50:24] In RM Process                            height=3 round=0
INFO [11-06|12:50:24] --------In rm.propose------- 
INFO [11-06|12:50:24] I am a proposer in                       height=3 round=0
INFO [11-06|12:50:24] ---------------in rm.vote----------------- 
INFO [11-06|12:50:24] in vote in RM                            height=3 round=0
INFO [11-06|12:50:24] vote mp 
INFO [11-06|12:50:24] vote success in                          height=3 round=0
INFO [11-06|12:50:24] Send VoteMsg 
INFO [11-06|12:50:24] in rm.process, check lockset HasQuorum 
INFO [11-06|12:50:24] in HasQuorum 
INFO [11-06|12:50:24] In IsValid() 
len(lockset.Votes): 6 lockset.EligibleVotesNum: 8
INFO [11-06|12:50:24] There is a quorum                        height=3 round=0
INFO [11-06|12:50:24] ============in cm.commitLockset============ 
INFO [11-06|12:50:24] in commitLockset, check ls HasQuorum 
INFO [11-06|12:50:24] in HasQuorum 
INFO [11-06|12:50:24] In IsValid() 
len(lockset.Votes): 6 lockset.EligibleVotesNum: 8
INFO [11-06|12:50:24] cm.found is not nil 
INFO [11-06|12:50:24] store lockset 
INFO [11-06|12:50:24] ---storeLockset--- 
INFO [11-06|12:50:24] after cm.process() 
INFO [11-06|12:50:24] have a consensus on the block 
ConsensusTime, 582187051 , txs, 1599 , blockNum, 3
FinishedConsensus, 1541479824473601000
INFO [11-06|12:50:24] Successfully sealed new block            number=3 hash=7b4b78…37ba9a
INFO [11-06|12:50:24] === Finished Mine() === 
INFO [11-06|12:50:24] 🔨 mined potential block                  number=3 hash=7b4b78…37ba9a
INFO [11-06|12:50:24] in pool.evenLoop, call pool.resetState 
INFO [11-06|12:50:24] Handle BFT Msg,                          msg="msg #9 (3 bytes)"
INFO [11-06|12:50:24] -------GetLocksetsMsg------- 
GetLockSetsMsg request:  [{3}] from:  14f2a4e39998a282
INFO [11-06|12:50:24]  Sending Lockset                         LOG15_ERROR=                                                   LOG15_ERROR="Normalized odd number of arguments by adding nil"
INFO [11-06|12:50:24] Handle BFT Msg,                          msg="msg #9 (3 bytes)"
INFO [11-06|12:50:24] -------GetLocksetsMsg------- 
GetLockSetsMsg request:  [{3}] from:  6d11b37ef4fc909a
INFO [11-06|12:50:24]  Sending Lockset                         LOG15_ERROR=                                                   LOG15_ERROR="Normalized odd number of arguments by adding nil"
INFO [11-06|12:50:25] Handle BFT Msg,                          msg="msg #17 (107 bytes)"
INFO [11-06|12:50:25] ------Received VoteMsg------ 
voteHR: H: 3 R: 0 voteType:: 1 voteHash: [123 75 120 74 241 217 151 202 187 213 7 74 135 161 27 139 87 12 194 197 28 128 147 87 6 206 59 113 14 55 186 154]
cmHR: H: 4 R: 0
INFO [11-06|12:50:25] --------------------------------------- 
INFO [11-06|12:50:25] addVote to                               height=3 round=0 from=0x82a978b3f5962a5b0957d9ee9eef472ee55b42f1 success=true cm.coinbase=0x598443f1880ef585b21f1d7585bd0577402861e5
INFO [11-06|12:50:25] ------in handle VoteMsg, success!------ 
INFO [11-06|12:50:26] Handle BFT Msg,                          msg="msg #17 (107 bytes)"
INFO [11-06|12:50:26] ------Received VoteMsg------ 
voteHR: H: 3 R: 0 voteType:: 1 voteHash: [123 75 120 74 241 217 151 202 187 213 7 74 135 161 27 139 87 12 194 197 28 128 147 87 6 206 59 113 14 55 186 154]
cmHR: H: 4 R: 0
INFO [11-06|12:50:26] --------------------------------------- 
INFO [11-06|12:50:26] addVote to                               height=3 round=0 from=0x7d577a597b2742b498cb5cf0c26cdcd726d39e6e success=true cm.coinbase=0x598443f1880ef585b21f1d7585bd0577402861e5
INFO [11-06|12:50:26] ------in handle VoteMsg, success!------ 
./node4.sh: line 16: 83294 Terminated: 15          ../build/bin/geth --networkid 2234 --port 30306 --rpcport 8548 --datadir "data/node4" --nodiscover --rpc --rpccorsdomain "*" --rpcapi "eth,net,web3,debug" --bft --allow-empty --num-validators 8 --node-num 3
