INFO [10-08|22:28:27] Starting peer-to-peer node               instance=Geth/v1.6.7-unstable-4802f345/darwin-amd64/go1.9.2
INFO [10-08|22:28:27] Allocated cache and file handles         database=/Users/sujianwei20/Desktop/msigcode/examples/data/node4/geth/chaindata cache=128 handles=1024
WARN [10-08|22:28:27] Upgrading chain database to use sequential keys 
INFO [10-08|22:28:27] Initialised chain configuration          config="{ChainID: 2235 Homestead: 1 DAO: <nil> DAOSupport: false EIP150: 2 EIP155: 3 EIP158: 3 Metropolis: <nil> Engine: ethash}"
INFO [10-08|22:28:27] config bft is                            bft=true
WARN [10-08|22:28:27] Upgrading db log bloom bins 
INFO [10-08|22:28:27] Bloom-bin upgrade completed              elapsed=202.813µs
INFO [10-08|22:28:27] Initialising Ethereum protocol           versions="[63 62]" network=2234
INFO [10-08|22:28:27] Loaded most recent local header          number=0 hash=6f3c1c…1bf138 td=1048576
INFO [10-08|22:28:27] Loaded most recent local full block      number=0 hash=6f3c1c…1bf138 td=1048576
INFO [10-08|22:28:27] Loaded most recent local fast block      number=0 hash=6f3c1c…1bf138 td=1048576
INFO [10-08|22:28:27] Database conversion successful 
INFO [10-08|22:28:27] in NewTxPool, call resetState 
INFO [10-08|22:28:27] in NewTxPool, call pool.eventLoog() 
INFO [10-08|22:28:27] Allocated cache and file handles         database=/Users/sujianwei20/Desktop/msigcode/examples/data/node4/geth/bftData   cache=128 handles=1024
INFO [10-08|22:28:27] addVote to                               height=0 round=0 from=0x598443f1880ef585b21f1d7585bd0577402861e5 success=true cm.coinbase=0x598443f1880ef585b21f1d7585bd0577402861e5
ready: 1 need: 2.6666667
INFO [10-08|22:28:27] consensusManager not ready  
ready: 1 need: 2.6666667
INFO [10-08|22:28:27] Starting P2P networking 
INFO [10-08|22:28:27] ---In BFTvalidatorCommitBlock--- 
INFO [10-08|22:28:27] RLPx listener up                         self="enode://d9d5b902798f5c42901f3fd993e58a9fb2ded12c3996e2a3849d4fdfcd0c3516aa806f56d93a759278d1c92e88b0daccffc69312581544c9f680a13a2e556a9e@[::]:30306?discport=0"
INFO [10-08|22:28:27] IPC endpoint opened: /Users/sujianwei20/Desktop/msigcode/examples/data/node4/geth.ipc 
INFO [10-08|22:28:27] HTTP endpoint opened: http://127.0.0.1:8548 
ready: 1 need: 2.6666667
INFO [10-08|22:28:28] consensusManager not ready  
ready: 1 need: 2.6666667
INFO [10-08|22:28:28] send Ready msg 
INFO [10-08|22:28:28] send Ready msg 
INFO [10-08|22:28:28] send Ready msg 
INFO [10-08|22:28:28] Handle BFT Msg,                          msg="msg #8 (78 bytes)"
INFO [10-08|22:28:28] ------Received ReadMsg------ 
INFO [10-08|22:28:28] Handle BFT Msg,                          msg="msg #8 (78 bytes)"
INFO [10-08|22:28:28] ------Received ReadMsg------ 
AddReady from: [89 132 67 241 136 14 245 133 178 31 29 117 133 189 5 119 64 40 97 229]
AddReady from: [89 132 67 241 136 14 245 133 178 31 29 117 133 189 5 119 64 40 97 229]
INFO [10-08|22:28:28] Handle BFT Msg,                          msg="msg #8 (78 bytes)"
INFO [10-08|22:28:28] ------Received ReadMsg------ 
AddReady from: [89 132 67 241 136 14 245 133 178 31 29 117 133 189 5 119 64 40 97 229]
INFO [10-08|22:28:28] Handle BFT Msg,                          msg="msg #8 (78 bytes)"
INFO [10-08|22:28:28] ------Received ReadMsg------ 
AddReady from: [125 87 122 89 123 39 66 180 152 203 92 240 194 108 220 215 38 211 158 110]
INFO [10-08|22:28:28] send Ready msg 
INFO [10-08|22:28:28] send Ready msg 
INFO [10-08|22:28:28] send Ready msg 
INFO [10-08|22:28:28] Handle BFT Msg,                          msg="msg #8 (78 bytes)"
INFO [10-08|22:28:28] ------Received ReadMsg------ 
AddReady from: [125 87 122 89 123 39 66 180 152 203 92 240 194 108 220 215 38 211 158 110]
INFO [10-08|22:28:28] Handle BFT Msg,                          msg="msg #8 (78 bytes)"
INFO [10-08|22:28:28] ------Received ReadMsg------ 
AddReady from: [125 87 122 89 123 39 66 180 152 203 92 240 194 108 220 215 38 211 158 110]
INFO [10-08|22:28:28] Handle BFT Msg,                          msg="msg #8 (78 bytes)"
INFO [10-08|22:28:28] ------Received ReadMsg------ 
AddReady from: [220 236 234 243 252 92 10 99 209 149 214 155 26 144 1 27 123 25 101 13]
INFO [10-08|22:28:28] send Ready msg 
INFO [10-08|22:28:28] send Ready msg 
INFO [10-08|22:28:28] send Ready msg 
INFO [10-08|22:28:28] Handle BFT Msg,                          msg="msg #8 (78 bytes)"
INFO [10-08|22:28:28] ------Received ReadMsg------ 
AddReady from: [220 236 234 243 252 92 10 99 209 149 214 155 26 144 1 27 123 25 101 13]
INFO [10-08|22:28:28] Handle BFT Msg,                          msg="msg #8 (78 bytes)"
INFO [10-08|22:28:28] ------Received ReadMsg------ 
AddReady from: [220 236 234 243 252 92 10 99 209 149 214 155 26 144 1 27 123 25 101 13]
INFO [10-08|22:28:28] Handle BFT Msg,                          msg="msg #8 (78 bytes)"
INFO [10-08|22:28:28] ------Received ReadMsg------ 
AddReady from: [130 169 120 179 245 150 42 91 9 87 217 238 158 239 71 46 229 91 66 241]
INFO [10-08|22:28:28] send Ready msg 
INFO [10-08|22:28:28] Handle BFT Msg,                          msg="msg #8 (78 bytes)"
INFO [10-08|22:28:28] ------Received ReadMsg------ 
AddReady from: [130 169 120 179 245 150 42 91 9 87 217 238 158 239 71 46 229 91 66 241]
INFO [10-08|22:28:28] send Ready msg 
INFO [10-08|22:28:28] send Ready msg 
INFO [10-08|22:28:28] Handle BFT Msg,                          msg="msg #8 (78 bytes)"
INFO [10-08|22:28:28] send Ready msg 
INFO [10-08|22:28:28] send Ready msg 
INFO [10-08|22:28:28] ------Received ReadMsg------ 
AddReady from: [130 169 120 179 245 150 42 91 9 87 217 238 158 239 71 46 229 91 66 241]
ready: 4 need: 2.6666667
ready: 4 need: 2.6666667
INFO [10-08|22:28:28] send Ready msg 
INFO [10-08|22:28:28] send Ready msg 
INFO [10-08|22:28:28] send Ready msg 
INFO [10-08|22:28:28] -----------------consensusManager Ready------------------------- 
INFO [10-08|22:28:28] Handle BFT Msg,                          msg="msg #8 (78 bytes)"
INFO [10-08|22:28:28] ------Received ReadMsg------ 
AddReady from: [89 132 67 241 136 14 245 133 178 31 29 117 133 189 5 119 64 40 97 229]
INFO [10-08|22:28:28] Handle BFT Msg,                          msg="msg #8 (78 bytes)"
INFO [10-08|22:28:28] Handle BFT Msg,                          msg="msg #8 (78 bytes)"
INFO [10-08|22:28:28] ------Received ReadMsg------ 
AddReady from: [89 132 67 241 136 14 245 133 178 31 29 117 133 189 5 119 64 40 97 229]
INFO [10-08|22:28:28] ------Received ReadMsg------ 
AddReady from: [89 132 67 241 136 14 245 133 178 31 29 117 133 189 5 119 64 40 97 229]
INFO [10-08|22:28:28] Handle BFT Msg,                          msg="msg #8 (78 bytes)"
INFO [10-08|22:28:28] ------Received ReadMsg------ 
AddReady from: [89 132 67 241 136 14 245 133 178 31 29 117 133 189 5 119 64 40 97 229]
INFO [10-08|22:28:28] Handle BFT Msg,                          msg="msg #8 (78 bytes)"
INFO [10-08|22:28:28] ------Received ReadMsg------ 
AddReady from: [125 87 122 89 123 39 66 180 152 203 92 240 194 108 220 215 38 211 158 110]
INFO [10-08|22:28:28] send Ready msg 
INFO [10-08|22:28:28] send Ready msg 
INFO [10-08|22:28:28] send Ready msg 
INFO [10-08|22:28:28] Handle BFT Msg,                          msg="msg #8 (78 bytes)"
INFO [10-08|22:28:28] ------Received ReadMsg------ 
INFO [10-08|22:28:28] Handle BFT Msg,                          msg="msg #8 (78 bytes)"
INFO [10-08|22:28:28] ------Received ReadMsg------ 
AddReady from: [125 87 122 89 123 39 66 180 152 203 92 240 194 108 220 215 38 211 158 110]
AddReady from: [125 87 122 89 123 39 66 180 152 203 92 240 194 108 220 215 38 211 158 110]
INFO [10-08|22:30:41] Transaction pool price threshold updated price=18000000000
INFO [10-08|22:30:41] Starting mining operation 
INFO [10-08|22:30:44] Handle BFT Msg,                          msg="msg #18 (225 bytes)"
INFO [10-08|22:30:44] ------Received MsigProposalMsg------ 
mpHR: H: 1 R: 0 hash: [133 128 56 205 129 232 12 43 203 67 44 34 5 192 33 255 136 81 120 53 9 197 233 27 162 83 167 74 43 121 138 79]
cmHR: H: 1 R: 0
INFO [10-08|22:30:44] --------------------------------------- 
INFO [10-08|22:30:44] received mp before p, wait for a while 
INFO [10-08|22:30:44] Handle BFT Msg,                          msg="msg #11 (172922 bytes)"
INFO [10-08|22:30:44] -------Received NewBlockProposalMsg------- 
bpHR: H: 1 R: 0
cmHR: H: 1 R: 0
INFO [10-08|22:30:44] --------------------------------------- 
INFO [10-08|22:30:44] In IsValid() 
len(lockset.Votes): 0 lockset.EligibleVotesNum: 0
INFO [10-08|22:30:44] cm add BlockProposal                     h=1 r=0
INFO [10-08|22:30:44] in HasQuorum 
INFO [10-08|22:30:44] In IsValid() 
len(lockset.Votes): 1 lockset.EligibleVotesNum: 0
INFO [10-08|22:30:44] in sortByBlockhash 
made bhs, bhs: map[[111 60 28 34 114 80 121 51 60 176 50 117 65 207 97 154 170 82 172 187 58 33 229 200 29 126 81 195 42 27 241 56]:1]
made hs, hs: [{[111 60 28 34 114 80 121 51 60 176 50 117 65 207 97 154 170 82 172 187 58 33 229 200 29 126 81 195 42 27 241 56] 1}]
sorted hs, hs: [{[111 60 28 34 114 80 121 51 60 176 50 117 65 207 97 154 170 82 172 187 58 33 229 200 29 126 81 195 42 27 241 56] 1}]
INFO [10-08|22:30:44] In addBlockCandidates!! 
INFO [10-08|22:30:44] -------in handle NewBlockProposalMsg, success!------- 
INFO [10-08|22:30:44] in MsigFinished 
INFO [10-08|22:30:44] ------addmsigproposal success!------- 
INFO [10-08|22:30:44] Handle BFT Msg,                          msg="msg #17 (107 bytes)"
INFO [10-08|22:30:44] ------Received VoteMsg------ 
voteHR: H: 1 R: 0 voteType:: 1 voteHash: [133 128 56 205 129 232 12 43 203 67 44 34 5 192 33 255 136 81 120 53 9 197 233 27 162 83 167 74 43 121 138 79]
cmHR: H: 1 R: 0
INFO [10-08|22:30:44] --------------------------------------- 
INFO [10-08|22:30:44] addVote to                               height=1 round=0 from=0x7d577a597b2742b498cb5cf0c26cdcd726d39e6e success=true cm.coinbase=0x598443f1880ef585b21f1d7585bd0577402861e5
INFO [10-08|22:30:44] ------in handle VoteMsg, success!------ 
INFO [10-08|22:30:44] Handle BFT Msg,                          msg="msg #17 (107 bytes)"
INFO [10-08|22:30:44] ------Received VoteMsg------ 
voteHR: H: 1 R: 0 voteType:: 1 voteHash: [133 128 56 205 129 232 12 43 203 67 44 34 5 192 33 255 136 81 120 53 9 197 233 27 162 83 167 74 43 121 138 79]
cmHR: H: 1 R: 0
INFO [10-08|22:30:44] --------------------------------------- 
INFO [10-08|22:30:44] addVote to                               height=1 round=0 from=0x82a978b3f5962a5b0957d9ee9eef472ee55b42f1 success=true cm.coinbase=0x598443f1880ef585b21f1d7585bd0577402861e5
INFO [10-08|22:30:44] ------in handle VoteMsg, success!------ 
INFO [10-08|22:30:44] Handle BFT Msg,                          msg="msg #17 (107 bytes)"
INFO [10-08|22:30:44] ------Received VoteMsg------ 
voteHR: H: 1 R: 0 voteType:: 1 voteHash: [133 128 56 205 129 232 12 43 203 67 44 34 5 192 33 255 136 81 120 53 9 197 233 27 162 83 167 74 43 121 138 79]
cmHR: H: 1 R: 0
INFO [10-08|22:30:44] --------------------------------------- 
INFO [10-08|22:30:44] addVote to                               height=1 round=0 from=0xdceceaf3fc5c0a63d195d69b1a90011b7b19650d success=true cm.coinbase=0x598443f1880ef585b21f1d7585bd0577402861e5
INFO [10-08|22:30:44] ------in handle VoteMsg, success!------ 
INFO [10-08|22:30:44] received NewBlockMsg! 
INFO [10-08|22:30:44] ***in BFT.VVVVerifyHeader*** 
INFO [10-08|22:30:44] ***in BFT.verifyHeader*** 
INFO [10-08|22:30:44] ***in BFT.verifySeal*** 
INFO [10-08|22:30:44] In verifyVotes 
INFO [10-08|22:30:44] ***in sync.request()*** 
INFO [10-08|22:30:44] received NewBlockMsg! 
INFO [10-08|22:30:44] received NewBlockMsg! 
INFO [10-08|22:30:44] Commit new mining work                   number=1 txs=1598 uncles=0 elapsed=3.631s
INFO [10-08|22:30:44] Sealing                                  block n=1
StartConsensus, 1539009044777759000
INFO [10-08|22:30:44] Start Process 
INFO [10-08|22:30:44] in cm.Process, check lastCommittingLockset() 
INFO [10-08|22:30:44] In IsValid() 
len(lockset.Votes): 2 lockset.EligibleVotesNum: 0
INFO [10-08|22:30:44] in HasQuorum 
INFO [10-08|22:30:44] In IsValid() 
len(lockset.Votes): 2 lockset.EligibleVotesNum: 0
INFO [10-08|22:30:44] in sortByBlockhash 
made bhs, bhs: map[[111 60 28 34 114 80 121 51 60 176 50 117 65 207 97 154 170 82 172 187 58 33 229 200 29 126 81 195 42 27 241 56]:2]
made hs, hs: [{[111 60 28 34 114 80 121 51 60 176 50 117 65 207 97 154 170 82 172 187 58 33 229 200 29 126 81 195 42 27 241 56] 2}]
sorted hs, hs: [{[111 60 28 34 114 80 121 51 60 176 50 117 65 207 97 154 170 82 172 187 58 33 229 200 29 126 81 195 42 27 241 56] 2}]
=====CM.COINBASE IS:===== [89 132 67 241 136 14 245 133 178 31 29 117 133 189 5 119 64 40 97 229] block number is: 1
INFO [10-08|22:30:44] case: default, cm.process 
ready: 4 need: 2.6666667
INFO [10-08|22:30:44] ---------------process------------------ 
INFO [10-08|22:30:44] In RM Process                            height=1 round=0
INFO [10-08|22:30:44] --------In rm.propose------- 
INFO [10-08|22:30:44] ---------------in rm.vote----------------- 
INFO [10-08|22:30:44] in vote in RM                            height=1 round=0
INFO [10-08|22:30:44] vote mp 
INFO [10-08|22:30:44] vote success in                          height=1 round=0
INFO [10-08|22:30:44] Send VoteMsg 
INFO [10-08|22:30:44] in rm.process, check lockset HasQuorum 
INFO [10-08|22:30:44] in HasQuorum 
INFO [10-08|22:30:44] In IsValid() 
len(lockset.Votes): 4 lockset.EligibleVotesNum: 4
INFO [10-08|22:30:44] in sortByBlockhash 
made bhs, bhs: map[[133 128 56 205 129 232 12 43 203 67 44 34 5 192 33 255 136 81 120 53 9 197 233 27 162 83 167 74 43 121 138 79]:4]
made hs, hs: [{[133 128 56 205 129 232 12 43 203 67 44 34 5 192 33 255 136 81 120 53 9 197 233 27 162 83 167 74 43 121 138 79] 4}]
sorted hs, hs: [{[133 128 56 205 129 232 12 43 203 67 44 34 5 192 33 255 136 81 120 53 9 197 233 27 162 83 167 74 43 121 138 79] 4}]
INFO [10-08|22:30:44] There is a quorum                        height=1 round=0
--- in rm.process p.id: --- Peer 6d11b37ef4fc909a [eth/63]
INFO [10-08|22:30:44] ============in cm.commitLockset============ 
INFO [10-08|22:30:44] in commitLockset, check ls HasQuorum 
INFO [10-08|22:30:44] in HasQuorum 
INFO [10-08|22:30:44] In IsValid() 
len(lockset.Votes): 4 lockset.EligibleVotesNum: 4
INFO [10-08|22:30:44] in sortByBlockhash 
made bhs, bhs: map[[133 128 56 205 129 232 12 43 203 67 44 34 5 192 33 255 136 81 120 53 9 197 233 27 162 83 167 74 43 121 138 79]:4]
made hs, hs: [{[133 128 56 205 129 232 12 43 203 67 44 34 5 192 33 255 136 81 120 53 9 197 233 27 162 83 167 74 43 121 138 79] 4}]
sorted hs, hs: [{[133 128 56 205 129 232 12 43 203 67 44 34 5 192 33 255 136 81 120 53 9 197 233 27 162 83 167 74 43 121 138 79] 4}]
INFO [10-08|22:30:44] cm.found is not nil 
INFO [10-08|22:30:44] have a consensus on the block 
INFO [10-08|22:30:44] result.Header().Coinbase != b.signer 
result.Header().Coinbase: [125 87 122 89 123 39 66 180 152 203 92 240 194 108 220 215 38 211 158 110] b.signer: [89 132 67 241 136 14 245 133 178 31 29 117 133 189 5 119 64 40 97 229]
ConsensusTime, 13270978 , txs, 1598 , blockNum, 1
FinishedConsensus, 1539009044791018000
INFO [10-08|22:30:44] result is nil 
INFO [10-08|22:30:44] === Finished Mine() === 
INFO [10-08|22:30:44] store lockset 
peerid: 6d11b37ef4fc909a
cmH 1
INFO [10-08|22:30:44] in validatorCommit1 
pid: 6d11b37ef4fc909a
block number 1
-------in NewBFTValidatorBlock-------
INFO [10-08|22:30:44] in validatorCommit2 
validatorCommit time: 87.713µs
INFO [10-08|22:30:44] **in eth.handler**, get result from ch 
INFO [10-08|22:30:44] ---storeLockset--- 
INFO [10-08|22:30:44] after cm.process() 
INFO [10-08|22:30:44] In verifyVotes 
INFO [10-08|22:30:44] in HasQuorum 
INFO [10-08|22:30:44] In IsValid() 
len(lockset.Votes): 4 lockset.EligibleVotesNum: 4
INFO [10-08|22:30:44] in sortByBlockhash 
made bhs, bhs: map[[133 128 56 205 129 232 12 43 203 67 44 34 5 192 33 255 136 81 120 53 9 197 233 27 162 83 167 74 43 121 138 79]:4]
made hs, hs: [{[133 128 56 205 129 232 12 43 203 67 44 34 5 192 33 255 136 81 120 53 9 197 233 27 162 83 167 74 43 121 138 79] 4}]
sorted hs, hs: [{[133 128 56 205 129 232 12 43 203 67 44 34 5 192 33 255 136 81 120 53 9 197 233 27 162 83 167 74 43 121 138 79] 4}]
INFO [10-08|22:30:44] ***in BFT.VerifyHeaderSSSS*** 
INFO [10-08|22:30:44] ***in BFT.verifyHeader*** 
INFO [10-08|22:30:44] ***in BFT.verifySeal*** 
INFO [10-08|22:30:44] In verifyVotes 
INFO [10-08|22:30:44] in HasQuorum 
INFO [10-08|22:30:44] In IsValid() 
len(lockset.Votes): 4 lockset.EligibleVotesNum: 4
INFO [10-08|22:30:44] in sortByBlockhash 
made bhs, bhs: map[[133 128 56 205 129 232 12 43 203 67 44 34 5 192 33 255 136 81 120 53 9 197 233 27 162 83 167 74 43 121 138 79]:4]
made hs, hs: [{[133 128 56 205 129 232 12 43 203 67 44 34 5 192 33 255 136 81 120 53 9 197 233 27 162 83 167 74 43 121 138 79] 4}]
sorted hs, hs: [{[133 128 56 205 129 232 12 43 203 67 44 34 5 192 33 255 136 81 120 53 9 197 233 27 162 83 167 74 43 121 138 79] 4}]
INFO [10-08|22:30:46] Imported new chain segment               blocks=1 txs=1598 mgas=33.558 elapsed=2.153s    mgasps=15.584 number=1 hash=858038…798a4f
FinishedPostExec, 1539009046962323000 , txs, 1598
PostExecTime, 2.153412286s
INFO [10-08|22:30:46] in pool.evenLoop, call pool.resetState 
INFO [10-08|22:30:49] Handle BFT Msg,                          msg="msg #11 (173334 bytes)"
INFO [10-08|22:30:49] -------Received NewBlockProposalMsg------- 
bpHR: H: 2 R: 0
cmHR: H: 2 R: 0
INFO [10-08|22:30:49] --------------------------------------- 
INFO [10-08|22:30:49] In IsValid() 
len(lockset.Votes): 0 lockset.EligibleVotesNum: 0
INFO [10-08|22:30:49] cm add BlockProposal                     h=2 r=0
INFO [10-08|22:30:49] in HasQuorum 
INFO [10-08|22:30:49] In IsValid() 
len(lockset.Votes): 4 lockset.EligibleVotesNum: 4
INFO [10-08|22:30:49] in sortByBlockhash 
made bhs, bhs: map[[133 128 56 205 129 232 12 43 203 67 44 34 5 192 33 255 136 81 120 53 9 197 233 27 162 83 167 74 43 121 138 79]:4]
made hs, hs: [{[133 128 56 205 129 232 12 43 203 67 44 34 5 192 33 255 136 81 120 53 9 197 233 27 162 83 167 74 43 121 138 79] 4}]
sorted hs, hs: [{[133 128 56 205 129 232 12 43 203 67 44 34 5 192 33 255 136 81 120 53 9 197 233 27 162 83 167 74 43 121 138 79] 4}]
INFO [10-08|22:30:49] in collectMsig, i am msig proposer 
INFO [10-08|22:30:49] Send MsigProposalMsg 
INFO [10-08|22:30:49] In addBlockCandidates!! 
INFO [10-08|22:30:49] -------in handle NewBlockProposalMsg, success!------- 
INFO [10-08|22:30:49] Handle BFT Msg,                          msg="msg #17 (107 bytes)"
INFO [10-08|22:30:49] ------Received VoteMsg------ 
voteHR: H: 2 R: 0 voteType:: 1 voteHash: [126 164 184 105 167 16 123 27 123 158 129 51 197 229 151 99 42 224 220 61 206 103 100 66 189 180 239 235 117 22 60 165]
cmHR: H: 2 R: 0
INFO [10-08|22:30:49] --------------------------------------- 
INFO [10-08|22:30:49] addVote to                               height=2 round=0 from=0xdceceaf3fc5c0a63d195d69b1a90011b7b19650d success=true cm.coinbase=0x598443f1880ef585b21f1d7585bd0577402861e5
INFO [10-08|22:30:49] ------in handle VoteMsg, success!------ 
INFO [10-08|22:30:49] Handle BFT Msg,                          msg="msg #17 (107 bytes)"
INFO [10-08|22:30:49] ------Received VoteMsg------ 
voteHR: H: 2 R: 0 voteType:: 1 voteHash: [126 164 184 105 167 16 123 27 123 158 129 51 197 229 151 99 42 224 220 61 206 103 100 66 189 180 239 235 117 22 60 165]
cmHR: H: 2 R: 0
INFO [10-08|22:30:49] --------------------------------------- 
INFO [10-08|22:30:49] addVote to                               height=2 round=0 from=0x82a978b3f5962a5b0957d9ee9eef472ee55b42f1 success=true cm.coinbase=0x598443f1880ef585b21f1d7585bd0577402861e5
INFO [10-08|22:30:49] ------in handle VoteMsg, success!------ 
INFO [10-08|22:30:49] Commit new mining work                   number=2 txs=1599 uncles=0 elapsed=2.580s
INFO [10-08|22:30:49] Sealing                                  block n=2
StartConsensus, 1539009049543713000
INFO [10-08|22:30:49] Start Process 
INFO [10-08|22:30:49] in cm.Process, check lastCommittingLockset() 
INFO [10-08|22:30:49] In IsValid() 
len(lockset.Votes): 4 lockset.EligibleVotesNum: 4
INFO [10-08|22:30:49] in HasQuorum 
INFO [10-08|22:30:49] In IsValid() 
len(lockset.Votes): 4 lockset.EligibleVotesNum: 4
INFO [10-08|22:30:49] in sortByBlockhash 
made bhs, bhs: map[[133 128 56 205 129 232 12 43 203 67 44 34 5 192 33 255 136 81 120 53 9 197 233 27 162 83 167 74 43 121 138 79]:4]
made hs, hs: [{[133 128 56 205 129 232 12 43 203 67 44 34 5 192 33 255 136 81 120 53 9 197 233 27 162 83 167 74 43 121 138 79] 4}]
sorted hs, hs: [{[133 128 56 205 129 232 12 43 203 67 44 34 5 192 33 255 136 81 120 53 9 197 233 27 162 83 167 74 43 121 138 79] 4}]
=====CM.COINBASE IS:===== [89 132 67 241 136 14 245 133 178 31 29 117 133 189 5 119 64 40 97 229] block number is: 2
INFO [10-08|22:30:49] case: default, cm.process 
ready: 4 need: 2.6666667
INFO [10-08|22:30:49] ---------------process------------------ 
INFO [10-08|22:30:49] In RM Process                            height=2 round=0
INFO [10-08|22:30:49] --------In rm.propose------- 
INFO [10-08|22:30:49] ---------------in rm.vote----------------- 
INFO [10-08|22:30:49] in vote in RM                            height=2 round=0
INFO [10-08|22:30:49] vote mp 
INFO [10-08|22:30:49] vote success in                          height=2 round=0
INFO [10-08|22:30:49] Send VoteMsg 
INFO [10-08|22:30:49] in rm.process, check lockset HasQuorum 
INFO [10-08|22:30:49] in HasQuorum 
INFO [10-08|22:30:49] In IsValid() 
len(lockset.Votes): 3 lockset.EligibleVotesNum: 4
INFO [10-08|22:30:49] in sortByBlockhash 
made bhs, bhs: map[[126 164 184 105 167 16 123 27 123 158 129 51 197 229 151 99 42 224 220 61 206 103 100 66 189 180 239 235 117 22 60 165]:3]
made hs, hs: [{[126 164 184 105 167 16 123 27 123 158 129 51 197 229 151 99 42 224 220 61 206 103 100 66 189 180 239 235 117 22 60 165] 3}]
sorted hs, hs: [{[126 164 184 105 167 16 123 27 123 158 129 51 197 229 151 99 42 224 220 61 206 103 100 66 189 180 239 235 117 22 60 165] 3}]
INFO [10-08|22:30:49] There is a quorum                        height=2 round=0
--- in rm.process p.id: --- Peer 94dd98401cf6ca04 [eth/63]
INFO [10-08|22:30:49] ============in cm.commitLockset============ 
INFO [10-08|22:30:49] in commitLockset, check ls HasQuorum 
INFO [10-08|22:30:49] in HasQuorum 
INFO [10-08|22:30:49] In IsValid() 
len(lockset.Votes): 3 lockset.EligibleVotesNum: 4
INFO [10-08|22:30:49] in sortByBlockhash 
made bhs, bhs: map[[126 164 184 105 167 16 123 27 123 158 129 51 197 229 151 99 42 224 220 61 206 103 100 66 189 180 239 235 117 22 60 165]:3]
made hs, hs: [{[126 164 184 105 167 16 123 27 123 158 129 51 197 229 151 99 42 224 220 61 206 103 100 66 189 180 239 235 117 22 60 165] 3}]
sorted hs, hs: [{[126 164 184 105 167 16 123 27 123 158 129 51 197 229 151 99 42 224 220 61 206 103 100 66 189 180 239 235 117 22 60 165] 3}]
INFO [10-08|22:30:49] cm.found is not nil 
INFO [10-08|22:30:49] store lockset 
peerid: 94dd98401cf6ca04
INFO [10-08|22:30:49] ---storeLockset--- 
INFO [10-08|22:30:49] after cm.process() 
INFO [10-08|22:30:49] have a consensus on the block 
INFO [10-08|22:30:49] result.Header().Coinbase != b.signer 
result.Header().Coinbase: [220 236 234 243 252 92 10 99 209 149 214 155 26 144 1 27 123 25 101 13] b.signer: [89 132 67 241 136 14 245 133 178 31 29 117 133 189 5 119 64 40 97 229]
ConsensusTime, 257592381 , txs, 1599 , blockNum, 2
FinishedConsensus, 1539009049801245000
INFO [10-08|22:30:49] result is nil 
INFO [10-08|22:30:49] === Finished Mine() === 
cmH 2
INFO [10-08|22:30:49] in validatorCommit1 
pid: 94dd98401cf6ca04
block number 2
-------in NewBFTValidatorBlock-------
INFO [10-08|22:30:49] in validatorCommit2 
validatorCommit time: 89.346µs
INFO [10-08|22:30:49] **in eth.handler**, get result from ch 
INFO [10-08|22:30:49] ***in BFT.VVVVerifyHeader*** 
INFO [10-08|22:30:49] ***in BFT.verifyHeader*** 
INFO [10-08|22:30:49] ***in BFT.verifySeal*** 
INFO [10-08|22:30:49] In verifyVotes 
INFO [10-08|22:30:49] in HasQuorum 
INFO [10-08|22:30:49] In IsValid() 
len(lockset.Votes): 3 lockset.EligibleVotesNum: 4
INFO [10-08|22:30:49] in sortByBlockhash 
made bhs, bhs: map[[126 164 184 105 167 16 123 27 123 158 129 51 197 229 151 99 42 224 220 61 206 103 100 66 189 180 239 235 117 22 60 165]:3]
made hs, hs: [{[126 164 184 105 167 16 123 27 123 158 129 51 197 229 151 99 42 224 220 61 206 103 100 66 189 180 239 235 117 22 60 165] 3}]
sorted hs, hs: [{[126 164 184 105 167 16 123 27 123 158 129 51 197 229 151 99 42 224 220 61 206 103 100 66 189 180 239 235 117 22 60 165] 3}]
INFO [10-08|22:30:49] ***in BFT.VerifyHeaderSSSS*** 
INFO [10-08|22:30:49] ***in BFT.verifyHeader*** 
INFO [10-08|22:30:49] ***in BFT.verifySeal*** 
INFO [10-08|22:30:49] In verifyVotes 
INFO [10-08|22:30:49] in HasQuorum 
INFO [10-08|22:30:49] In IsValid() 
len(lockset.Votes): 3 lockset.EligibleVotesNum: 4
INFO [10-08|22:30:49] in sortByBlockhash 
made bhs, bhs: map[[126 164 184 105 167 16 123 27 123 158 129 51 197 229 151 99 42 224 220 61 206 103 100 66 189 180 239 235 117 22 60 165]:3]
made hs, hs: [{[126 164 184 105 167 16 123 27 123 158 129 51 197 229 151 99 42 224 220 61 206 103 100 66 189 180 239 235 117 22 60 165] 3}]
sorted hs, hs: [{[126 164 184 105 167 16 123 27 123 158 129 51 197 229 151 99 42 224 220 61 206 103 100 66 189 180 239 235 117 22 60 165] 3}]
INFO [10-08|22:30:49] received NewBlockMsg! 
INFO [10-08|22:30:49] received NewBlockMsg! 
INFO [10-08|22:30:50] Handle BFT Msg,                          msg="msg #17 (107 bytes)"
INFO [10-08|22:30:50] ------Received VoteMsg------ 
voteHR: H: 2 R: 0 voteType:: 1 voteHash: [126 164 184 105 167 16 123 27 123 158 129 51 197 229 151 99 42 224 220 61 206 103 100 66 189 180 239 235 117 22 60 165]
cmHR: H: 2 R: 0
INFO [10-08|22:30:50] --------------------------------------- 
INFO [10-08|22:30:50] addVote to                               height=2 round=0 from=0x7d577a597b2742b498cb5cf0c26cdcd726d39e6e success=true cm.coinbase=0x598443f1880ef585b21f1d7585bd0577402861e5
INFO [10-08|22:30:50] ------in handle VoteMsg, success!------ 
INFO [10-08|22:30:51] Imported new chain segment               blocks=1 txs=1599 mgas=33.579 elapsed=1.762s    mgasps=19.055 number=2 hash=7ea4b8…163ca5
FinishedPostExec, 1539009051564200000 , txs, 1599
PostExecTime, 1.762239714s
INFO [10-08|22:30:51] in pool.evenLoop, call pool.resetState 
INFO [10-08|22:30:53] Commit new mining work                   number=3 txs=1599 uncles=0 elapsed=2.083s
INFO [10-08|22:30:53] Sealing                                  block n=3
StartConsensus, 1539009053647629000
INFO [10-08|22:30:53] Start Process 
INFO [10-08|22:30:53] in cm.Process, check lastCommittingLockset() 
INFO [10-08|22:30:53] In IsValid() 
len(lockset.Votes): 4 lockset.EligibleVotesNum: 4
INFO [10-08|22:30:53] in HasQuorum 
INFO [10-08|22:30:53] In IsValid() 
len(lockset.Votes): 4 lockset.EligibleVotesNum: 4
INFO [10-08|22:30:53] in sortByBlockhash 
made bhs, bhs: map[[126 164 184 105 167 16 123 27 123 158 129 51 197 229 151 99 42 224 220 61 206 103 100 66 189 180 239 235 117 22 60 165]:4]
made hs, hs: [{[126 164 184 105 167 16 123 27 123 158 129 51 197 229 151 99 42 224 220 61 206 103 100 66 189 180 239 235 117 22 60 165] 4}]
sorted hs, hs: [{[126 164 184 105 167 16 123 27 123 158 129 51 197 229 151 99 42 224 220 61 206 103 100 66 189 180 239 235 117 22 60 165] 4}]
=====CM.COINBASE IS:===== [89 132 67 241 136 14 245 133 178 31 29 117 133 189 5 119 64 40 97 229] block number is: 3
INFO [10-08|22:30:53] case: default, cm.process 
ready: 4 need: 2.6666667
INFO [10-08|22:30:53] ---------------process------------------ 
INFO [10-08|22:30:53] In RM Process                            height=3 round=0
INFO [10-08|22:30:53] --------In rm.propose------- 
INFO [10-08|22:30:53] I am a proposer in                       height=3 round=0
INFO [10-08|22:30:53] in propose, check lastRoundLockset 
lastRoundLockset, hm.activeround: 0
INFO [10-08|22:30:53] ------in mkProposal------ 
INFO [10-08|22:30:53] In IsValid() 
len(lockset.Votes): 4 lockset.EligibleVotesNum: 4
INFO [10-08|22:30:53] in HasQuorum 
INFO [10-08|22:30:53] In IsValid() 
len(lockset.Votes): 4 lockset.EligibleVotesNum: 4
INFO [10-08|22:30:53] in sortByBlockhash 
made bhs, bhs: map[[126 164 184 105 167 16 123 27 123 158 129 51 197 229 151 99 42 224 220 61 206 103 100 66 189 180 239 235 117 22 60 165]:4]
made hs, hs: [{[126 164 184 105 167 16 123 27 123 158 129 51 197 229 151 99 42 224 220 61 206 103 100 66 189 180 239 235 117 22 60 165] 4}]
sorted hs, hs: [{[126 164 184 105 167 16 123 27 123 158 129 51 197 229 151 99 42 224 220 61 206 103 100 66 189 180 239 235 117 22 60 165] 4}]
INFO [10-08|22:30:53] LockSet(R-1) is nil (rm.round should equal to zero) 
INFO [10-08|22:30:53] in HasQuorum 
INFO [10-08|22:30:53] In IsValid() 
len(lockset.Votes): 4 lockset.EligibleVotesNum: 4
INFO [10-08|22:30:53] in sortByBlockhash 
made bhs, bhs: map[[126 164 184 105 167 16 123 27 123 158 129 51 197 229 151 99 42 224 220 61 206 103 100 66 189 180 239 235 117 22 60 165]:4]
made hs, hs: [{[126 164 184 105 167 16 123 27 123 158 129 51 197 229 151 99 42 224 220 61 206 103 100 66 189 180 239 235 117 22 60 165] 4}]
sorted hs, hs: [{[126 164 184 105 167 16 123 27 123 158 129 51 197 229 151 99 42 224 220 61 206 103 100 66 189 180 239 235 117 22 60 165] 4}]
INFO [10-08|22:30:53] in HasQuorum 
INFO [10-08|22:30:53] In IsValid() 
len(lockset.Votes): 4 lockset.EligibleVotesNum: 4
INFO [10-08|22:30:53] in sortByBlockhash 
made bhs, bhs: map[[126 164 184 105 167 16 123 27 123 158 129 51 197 229 151 99 42 224 220 61 206 103 100 66 189 180 239 235 117 22 60 165]:4]
made hs, hs: [{[126 164 184 105 167 16 123 27 123 158 129 51 197 229 151 99 42 224 220 61 206 103 100 66 189 180 239 235 117 22 60 165] 4}]
sorted hs, hs: [{[126 164 184 105 167 16 123 27 123 158 129 51 197 229 151 99 42 224 220 61 206 103 100 66 189 180 239 235 117 22 60 165] 4}]
INFO [10-08|22:30:53] in newbp, 11 
INFO [10-08|22:30:53] in newbp, 12 
Create block blockhash :  [86 162 210 154 130 233 79 219 39 95 159 212 69 89 218 96 180 11 114 46 96 67 7 14 48 243 145 34 6 50 73 122]
INFO [10-08|22:30:53] In addBlockCandidates!! 
INFO [10-08|22:30:53] Send NewBlockProposalMsg:                LOG15_ERROR= LOG15_ERROR="Normalized odd number of arguments by adding nil"
INFO [10-08|22:30:53] ---------------in rm.vote----------------- 
INFO [10-08|22:30:53] in vote in RM                            height=3 round=0
INFO [10-08|22:30:53] Timeout time not reach, curr vs timeout: curr=1539009053.000 timeout=1539009058.000
INFO [10-08|22:30:53] in rm.process, check lockset HasQuorum 
INFO [10-08|22:30:53] in HasQuorum 
INFO [10-08|22:30:53] In IsValid() 
len(lockset.Votes): 0 lockset.EligibleVotesNum: 4
INFO [10-08|22:30:53] rm lockset is not valid yet 
INFO [10-08|22:30:53] after cm.process() 
INFO [10-08|22:30:53] Handle BFT Msg,                          msg="msg #18 (544 bytes)"
INFO [10-08|22:30:53] ------Received MsigProposalMsg------ 
mpHR: H: 3 R: 0 hash: [86 162 210 154 130 233 79 219 39 95 159 212 69 89 218 96 180 11 114 46 96 67 7 14 48 243 145 34 6 50 73 122]
cmHR: H: 3 R: 0
INFO [10-08|22:30:53] --------------------------------------- 
INFO [10-08|22:30:53] in MsigFinished 
INFO [10-08|22:30:53] ------addmsigproposal success!------- 
INFO [10-08|22:30:53] Handle BFT Msg,                          msg="msg #17 (107 bytes)"
INFO [10-08|22:30:53] ------Received VoteMsg------ 
voteHR: H: 3 R: 0 voteType:: 1 voteHash: [86 162 210 154 130 233 79 219 39 95 159 212 69 89 218 96 180 11 114 46 96 67 7 14 48 243 145 34 6 50 73 122]
cmHR: H: 3 R: 0
INFO [10-08|22:30:53] --------------------------------------- 
INFO [10-08|22:30:53] Handle BFT Msg,                          msg="msg #17 (107 bytes)"
INFO [10-08|22:30:53] ------Received VoteMsg------ 
voteHR: H: 3 R: 0 voteType:: 1 voteHash: [86 162 210 154 130 233 79 219 39 95 159 212 69 89 218 96 180 11 114 46 96 67 7 14 48 243 145 34 6 50 73 122]
cmHR: H: 3 R: 0
INFO [10-08|22:30:53] --------------------------------------- 
INFO [10-08|22:30:53] addVote to                               height=3 round=0 from=0x7d577a597b2742b498cb5cf0c26cdcd726d39e6e success=true cm.coinbase=0x598443f1880ef585b21f1d7585bd0577402861e5
INFO [10-08|22:30:53] ------in handle VoteMsg, success!------ 
INFO [10-08|22:30:53] addVote to                               height=3 round=0 from=0x82a978b3f5962a5b0957d9ee9eef472ee55b42f1 success=true cm.coinbase=0x598443f1880ef585b21f1d7585bd0577402861e5
INFO [10-08|22:30:53] ------in handle VoteMsg, success!------ 
INFO [10-08|22:30:53] case: default, cm.process 
ready: 4 need: 2.6666667
INFO [10-08|22:30:53] ---------------process------------------ 
INFO [10-08|22:30:53] In RM Process                            height=3 round=0
INFO [10-08|22:30:53] --------In rm.propose------- 
INFO [10-08|22:30:53] I am a proposer in                       height=3 round=0
INFO [10-08|22:30:53] ---------------in rm.vote----------------- 
INFO [10-08|22:30:53] in vote in RM                            height=3 round=0
INFO [10-08|22:30:53] vote mp 
INFO [10-08|22:30:53] vote success in                          height=3 round=0
INFO [10-08|22:30:53] Send VoteMsg 
INFO [10-08|22:30:53] in rm.process, check lockset HasQuorum 
INFO [10-08|22:30:53] in HasQuorum 
INFO [10-08|22:30:53] In IsValid() 
len(lockset.Votes): 3 lockset.EligibleVotesNum: 4
INFO [10-08|22:30:53] in sortByBlockhash 
made bhs, bhs: map[[86 162 210 154 130 233 79 219 39 95 159 212 69 89 218 96 180 11 114 46 96 67 7 14 48 243 145 34 6 50 73 122]:3]
made hs, hs: [{[86 162 210 154 130 233 79 219 39 95 159 212 69 89 218 96 180 11 114 46 96 67 7 14 48 243 145 34 6 50 73 122] 3}]
sorted hs, hs: [{[86 162 210 154 130 233 79 219 39 95 159 212 69 89 218 96 180 11 114 46 96 67 7 14 48 243 145 34 6 50 73 122] 3}]
INFO [10-08|22:30:53] There is a quorum                        height=3 round=0
INFO [10-08|22:30:53] ============in cm.commitLockset============ 
INFO [10-08|22:30:53] in commitLockset, check ls HasQuorum 
INFO [10-08|22:30:53] in HasQuorum 
INFO [10-08|22:30:53] In IsValid() 
len(lockset.Votes): 3 lockset.EligibleVotesNum: 4
INFO [10-08|22:30:53] in sortByBlockhash 
made bhs, bhs: map[[86 162 210 154 130 233 79 219 39 95 159 212 69 89 218 96 180 11 114 46 96 67 7 14 48 243 145 34 6 50 73 122]:3]
made hs, hs: [{[86 162 210 154 130 233 79 219 39 95 159 212 69 89 218 96 180 11 114 46 96 67 7 14 48 243 145 34 6 50 73 122] 3}]
sorted hs, hs: [{[86 162 210 154 130 233 79 219 39 95 159 212 69 89 218 96 180 11 114 46 96 67 7 14 48 243 145 34 6 50 73 122] 3}]
INFO [10-08|22:30:53] cm.found is not nil 
INFO [10-08|22:30:53] store lockset 
INFO [10-08|22:30:53] ---storeLockset--- 
INFO [10-08|22:30:53] after cm.process() 
INFO [10-08|22:30:53] have a consensus on the block 
ConsensusTime, 172904158 , txs, 1599 , blockNum, 3
FinishedConsensus, 1539009053820518000
INFO [10-08|22:30:53] Successfully sealed new block            number=3 hash=56a2d2…32497a
INFO [10-08|22:30:53] === Finished Mine() === 
INFO [10-08|22:30:53] 🔨 mined potential block                  number=3 hash=56a2d2…32497a
INFO [10-08|22:30:53] in pool.evenLoop, call pool.resetState 
INFO [10-08|22:30:53] Handle BFT Msg,                          msg="msg #9 (3 bytes)"
INFO [10-08|22:30:53] -------GetLocksetsMsg------- 
GetLockSetsMsg request:  [{3}] from:  94dd98401cf6ca04
INFO [10-08|22:30:53]  Sending Lockset                         LOG15_ERROR=                                                   LOG15_ERROR="Normalized odd number of arguments by adding nil"
INFO [10-08|22:30:55] Handle BFT Msg,                          msg="msg #17 (107 bytes)"
INFO [10-08|22:30:55] ------Received VoteMsg------ 
voteHR: H: 3 R: 0 voteType:: 1 voteHash: [86 162 210 154 130 233 79 219 39 95 159 212 69 89 218 96 180 11 114 46 96 67 7 14 48 243 145 34 6 50 73 122]
cmHR: H: 4 R: 0
INFO [10-08|22:30:55] --------------------------------------- 
INFO [10-08|22:30:55] addVote to                               height=3 round=0 from=0xdceceaf3fc5c0a63d195d69b1a90011b7b19650d success=true cm.coinbase=0x598443f1880ef585b21f1d7585bd0577402861e5
INFO [10-08|22:30:55] ------in handle VoteMsg, success!------ 
INFO [10-08|22:30:56] Commit new mining work                   number=4 txs=1600 uncles=0 elapsed=2.766s
INFO [10-08|22:30:56] Sealing                                  block n=4
StartConsensus, 1539009056640562000
INFO [10-08|22:30:56] Start Process 
INFO [10-08|22:30:56] in cm.Process, check lastCommittingLockset() 
INFO [10-08|22:30:56] In IsValid() 
len(lockset.Votes): 4 lockset.EligibleVotesNum: 4
INFO [10-08|22:30:56] in HasQuorum 
INFO [10-08|22:30:56] In IsValid() 
len(lockset.Votes): 4 lockset.EligibleVotesNum: 4
INFO [10-08|22:30:56] in sortByBlockhash 
made bhs, bhs: map[[86 162 210 154 130 233 79 219 39 95 159 212 69 89 218 96 180 11 114 46 96 67 7 14 48 243 145 34 6 50 73 122]:4]
made hs, hs: [{[86 162 210 154 130 233 79 219 39 95 159 212 69 89 218 96 180 11 114 46 96 67 7 14 48 243 145 34 6 50 73 122] 4}]
sorted hs, hs: [{[86 162 210 154 130 233 79 219 39 95 159 212 69 89 218 96 180 11 114 46 96 67 7 14 48 243 145 34 6 50 73 122] 4}]
=====CM.COINBASE IS:===== [89 132 67 241 136 14 245 133 178 31 29 117 133 189 5 119 64 40 97 229] block number is: 4
INFO [10-08|22:30:56] case: default, cm.process 
ready: 4 need: 2.6666667
INFO [10-08|22:30:56] ---------------process------------------ 
INFO [10-08|22:30:56] In RM Process                            height=4 round=0
INFO [10-08|22:30:56] --------In rm.propose------- 
INFO [10-08|22:30:56] ---------------in rm.vote----------------- 
INFO [10-08|22:30:56] in vote in RM                            height=4 round=0
INFO [10-08|22:30:56] Timeout time not reach, curr vs timeout: curr=1539009056.000 timeout=1539009061.000
INFO [10-08|22:30:56] in rm.process, check lockset HasQuorum 
INFO [10-08|22:30:56] in HasQuorum 
INFO [10-08|22:30:56] In IsValid() 
len(lockset.Votes): 0 lockset.EligibleVotesNum: 4
INFO [10-08|22:30:56] rm lockset is not valid yet 
INFO [10-08|22:30:56] after cm.process() 
INFO [10-08|22:30:56] case: default, cm.process 
ready: 4 need: 2.6666667
INFO [10-08|22:30:56] ---------------process------------------ 
INFO [10-08|22:30:56] In RM Process                            height=4 round=0
INFO [10-08|22:30:56] --------In rm.propose------- 
INFO [10-08|22:30:56] ---------------in rm.vote----------------- 
INFO [10-08|22:30:56] in vote in RM                            height=4 round=0
INFO [10-08|22:30:56] Timeout time not reach, curr vs timeout: curr=1539009056.000 timeout=1539009061.000
INFO [10-08|22:30:56] in rm.process, check lockset HasQuorum 
INFO [10-08|22:30:56] in HasQuorum 
INFO [10-08|22:30:56] In IsValid() 
len(lockset.Votes): 0 lockset.EligibleVotesNum: 4
INFO [10-08|22:30:56] rm lockset is not valid yet 
INFO [10-08|22:30:56] after cm.process() 
INFO [10-08|22:30:56] case: default, cm.process 
ready: 4 need: 2.6666667
INFO [10-08|22:30:56] ---------------process------------------ 
INFO [10-08|22:30:56] In RM Process                            height=4 round=0
INFO [10-08|22:30:56] --------In rm.propose------- 
INFO [10-08|22:30:56] ---------------in rm.vote----------------- 
INFO [10-08|22:30:56] in vote in RM                            height=4 round=0
INFO [10-08|22:30:56] Timeout time not reach, curr vs timeout: curr=1539009056.000 timeout=1539009061.000
INFO [10-08|22:30:56] in rm.process, check lockset HasQuorum 
INFO [10-08|22:30:56] in HasQuorum 
INFO [10-08|22:30:56] In IsValid() 
len(lockset.Votes): 0 lockset.EligibleVotesNum: 4
INFO [10-08|22:30:56] rm lockset is not valid yet 
INFO [10-08|22:30:56] after cm.process() 
INFO [10-08|22:30:56] case: default, cm.process 
ready: 4 need: 2.6666667
INFO [10-08|22:30:56] ---------------process------------------ 
INFO [10-08|22:30:56] In RM Process                            height=4 round=0
INFO [10-08|22:30:56] --------In rm.propose------- 
INFO [10-08|22:30:56] ---------------in rm.vote----------------- 
INFO [10-08|22:30:56] in vote in RM                            height=4 round=0
INFO [10-08|22:30:56] Timeout time not reach, curr vs timeout: curr=1539009056.000 timeout=1539009061.000
INFO [10-08|22:30:56] in rm.process, check lockset HasQuorum 
INFO [10-08|22:30:56] in HasQuorum 
INFO [10-08|22:30:56] In IsValid() 
len(lockset.Votes): 0 lockset.EligibleVotesNum: 4
INFO [10-08|22:30:56] rm lockset is not valid yet 
INFO [10-08|22:30:56] after cm.process() 
INFO [10-08|22:30:57] case: default, cm.process 
ready: 4 need: 2.6666667
INFO [10-08|22:30:57] ---------------process------------------ 
INFO [10-08|22:30:57] In RM Process                            height=4 round=0
INFO [10-08|22:30:57] --------In rm.propose------- 
INFO [10-08|22:30:57] ---------------in rm.vote----------------- 
INFO [10-08|22:30:57] in vote in RM                            height=4 round=0
INFO [10-08|22:30:57] Timeout time not reach, curr vs timeout: curr=1539009057.000 timeout=1539009061.000
INFO [10-08|22:30:57] in rm.process, check lockset HasQuorum 
INFO [10-08|22:30:57] in HasQuorum 
INFO [10-08|22:30:57] In IsValid() 
len(lockset.Votes): 0 lockset.EligibleVotesNum: 4
INFO [10-08|22:30:57] rm lockset is not valid yet 
INFO [10-08|22:30:57] after cm.process() 
INFO [10-08|22:30:57] case: default, cm.process 
ready: 4 need: 2.6666667
INFO [10-08|22:30:57] ---------------process------------------ 
INFO [10-08|22:30:57] In RM Process                            height=4 round=0
INFO [10-08|22:30:57] --------In rm.propose------- 
INFO [10-08|22:30:57] ---------------in rm.vote----------------- 
INFO [10-08|22:30:57] in vote in RM                            height=4 round=0
INFO [10-08|22:30:57] Timeout time not reach, curr vs timeout: curr=1539009057.000 timeout=1539009061.000
INFO [10-08|22:30:57] in rm.process, check lockset HasQuorum 
INFO [10-08|22:30:57] in HasQuorum 
INFO [10-08|22:30:57] In IsValid() 
len(lockset.Votes): 0 lockset.EligibleVotesNum: 4
INFO [10-08|22:30:57] rm lockset is not valid yet 
INFO [10-08|22:30:57] after cm.process() 
INFO [10-08|22:30:57] case: default, cm.process 
ready: 4 need: 2.6666667
INFO [10-08|22:30:57] ---------------process------------------ 
INFO [10-08|22:30:57] In RM Process                            height=4 round=0
INFO [10-08|22:30:57] --------In rm.propose------- 
INFO [10-08|22:30:57] ---------------in rm.vote----------------- 
INFO [10-08|22:30:57] in vote in RM                            height=4 round=0
INFO [10-08|22:30:57] Timeout time not reach, curr vs timeout: curr=1539009057.000 timeout=1539009061.000
INFO [10-08|22:30:57] in rm.process, check lockset HasQuorum 
INFO [10-08|22:30:57] in HasQuorum 
INFO [10-08|22:30:57] In IsValid() 
len(lockset.Votes): 0 lockset.EligibleVotesNum: 4
INFO [10-08|22:30:57] rm lockset is not valid yet 
INFO [10-08|22:30:57] after cm.process() 
INFO [10-08|22:30:57] case: default, cm.process 
ready: 4 need: 2.6666667
INFO [10-08|22:30:57] ---------------process------------------ 
INFO [10-08|22:30:57] In RM Process                            height=4 round=0
INFO [10-08|22:30:57] --------In rm.propose------- 
INFO [10-08|22:30:57] ---------------in rm.vote----------------- 
INFO [10-08|22:30:57] in vote in RM                            height=4 round=0
INFO [10-08|22:30:57] Timeout time not reach, curr vs timeout: curr=1539009057.000 timeout=1539009061.000
INFO [10-08|22:30:57] in rm.process, check lockset HasQuorum 
INFO [10-08|22:30:57] in HasQuorum 
INFO [10-08|22:30:57] In IsValid() 
len(lockset.Votes): 0 lockset.EligibleVotesNum: 4
INFO [10-08|22:30:57] rm lockset is not valid yet 
INFO [10-08|22:30:57] after cm.process() 
INFO [10-08|22:30:57] case: default, cm.process 
ready: 4 need: 2.6666667
INFO [10-08|22:30:57] ---------------process------------------ 
INFO [10-08|22:30:57] In RM Process                            height=4 round=0
INFO [10-08|22:30:57] --------In rm.propose------- 
INFO [10-08|22:30:57] ---------------in rm.vote----------------- 
INFO [10-08|22:30:57] in vote in RM                            height=4 round=0
INFO [10-08|22:30:57] Timeout time not reach, curr vs timeout: curr=1539009057.000 timeout=1539009061.000
INFO [10-08|22:30:57] in rm.process, check lockset HasQuorum 
INFO [10-08|22:30:57] in HasQuorum 
INFO [10-08|22:30:57] In IsValid() 
len(lockset.Votes): 0 lockset.EligibleVotesNum: 4
INFO [10-08|22:30:57] rm lockset is not valid yet 
INFO [10-08|22:30:57] after cm.process() 
INFO [10-08|22:30:57] case: default, cm.process 
ready: 4 need: 2.6666667
INFO [10-08|22:30:57] ---------------process------------------ 
INFO [10-08|22:30:57] In RM Process                            height=4 round=0
INFO [10-08|22:30:57] --------In rm.propose------- 
INFO [10-08|22:30:57] ---------------in rm.vote----------------- 
INFO [10-08|22:30:57] in vote in RM                            height=4 round=0
INFO [10-08|22:30:57] Timeout time not reach, curr vs timeout: curr=1539009057.000 timeout=1539009061.000
INFO [10-08|22:30:57] in rm.process, check lockset HasQuorum 
INFO [10-08|22:30:57] in HasQuorum 
INFO [10-08|22:30:57] In IsValid() 
len(lockset.Votes): 0 lockset.EligibleVotesNum: 4
INFO [10-08|22:30:57] rm lockset is not valid yet 
INFO [10-08|22:30:57] after cm.process() 
INFO [10-08|22:30:57] Handle BFT Msg,                          msg="msg #18 (544 bytes)"
INFO [10-08|22:30:57] ------Received MsigProposalMsg------ 
mpHR: H: 4 R: 0 hash: [67 187 202 240 230 115 151 170 108 163 228 223 187 76 70 77 35 2 0 227 226 217 127 231 147 250 40 150 131 81 8 205]
cmHR: H: 4 R: 0
INFO [10-08|22:30:57] --------------------------------------- 
INFO [10-08|22:30:57] received mp before p, wait for a while 
INFO [10-08|22:30:57] Handle BFT Msg,                          msg="msg #11 (173453 bytes)"
INFO [10-08|22:30:57] -------Received NewBlockProposalMsg------- 
bpHR: H: 4 R: 0
cmHR: H: 4 R: 0
INFO [10-08|22:30:57] --------------------------------------- 
INFO [10-08|22:30:57] In IsValid() 
len(lockset.Votes): 0 lockset.EligibleVotesNum: 0
INFO [10-08|22:30:57] cm add BlockProposal                     h=4 r=0
INFO [10-08|22:30:57] in HasQuorum 
INFO [10-08|22:30:57] In IsValid() 
len(lockset.Votes): 4 lockset.EligibleVotesNum: 4
INFO [10-08|22:30:57] in sortByBlockhash 
made bhs, bhs: map[[86 162 210 154 130 233 79 219 39 95 159 212 69 89 218 96 180 11 114 46 96 67 7 14 48 243 145 34 6 50 73 122]:4]
made hs, hs: [{[86 162 210 154 130 233 79 219 39 95 159 212 69 89 218 96 180 11 114 46 96 67 7 14 48 243 145 34 6 50 73 122] 4}]
sorted hs, hs: [{[86 162 210 154 130 233 79 219 39 95 159 212 69 89 218 96 180 11 114 46 96 67 7 14 48 243 145 34 6 50 73 122] 4}]
INFO [10-08|22:30:57] In addBlockCandidates!! 
INFO [10-08|22:30:57] -------in handle NewBlockProposalMsg, success!------- 
INFO [10-08|22:30:57] case: default, cm.process 
ready: 4 need: 2.6666667
INFO [10-08|22:30:57] ---------------process------------------ 
INFO [10-08|22:30:57] In RM Process                            height=4 round=0
INFO [10-08|22:30:57] --------In rm.propose------- 
INFO [10-08|22:30:57] ---------------in rm.vote----------------- 
INFO [10-08|22:30:57] in vote in RM                            height=4 round=0
INFO [10-08|22:30:57] Timeout time not reach, curr vs timeout: curr=1539009057.000 timeout=1539009061.000
INFO [10-08|22:30:57] in rm.process, check lockset HasQuorum 
INFO [10-08|22:30:57] in HasQuorum 
INFO [10-08|22:30:57] In IsValid() 
len(lockset.Votes): 0 lockset.EligibleVotesNum: 4
INFO [10-08|22:30:57] rm lockset is not valid yet 
INFO [10-08|22:30:57] after cm.process() 
INFO [10-08|22:30:57] in MsigFinished 
INFO [10-08|22:30:57] ------addmsigproposal success!------- 
INFO [10-08|22:30:57] Handle BFT Msg,                          msg="msg #17 (107 bytes)"
INFO [10-08|22:30:57] ------Received VoteMsg------ 
voteHR: H: 4 R: 0 voteType:: 1 voteHash: [67 187 202 240 230 115 151 170 108 163 228 223 187 76 70 77 35 2 0 227 226 217 127 231 147 250 40 150 131 81 8 205]
cmHR: H: 4 R: 0
INFO [10-08|22:30:57] --------------------------------------- 
INFO [10-08|22:30:57] addVote to                               height=4 round=0 from=0x82a978b3f5962a5b0957d9ee9eef472ee55b42f1 success=true cm.coinbase=0x598443f1880ef585b21f1d7585bd0577402861e5
INFO [10-08|22:30:57] ------in handle VoteMsg, success!------ 
INFO [10-08|22:30:57] case: default, cm.process 
ready: 4 need: 2.6666667
INFO [10-08|22:30:57] ---------------process------------------ 
INFO [10-08|22:30:57] In RM Process                            height=4 round=0
INFO [10-08|22:30:57] --------In rm.propose------- 
INFO [10-08|22:30:57] ---------------in rm.vote----------------- 
INFO [10-08|22:30:57] in vote in RM                            height=4 round=0
INFO [10-08|22:30:57] vote mp 
INFO [10-08|22:30:57] vote success in                          height=4 round=0
INFO [10-08|22:30:57] Send VoteMsg 
INFO [10-08|22:30:57] in rm.process, check lockset HasQuorum 
INFO [10-08|22:30:57] in HasQuorum 
INFO [10-08|22:30:57] In IsValid() 
len(lockset.Votes): 2 lockset.EligibleVotesNum: 4
INFO [10-08|22:30:57] rm lockset is not valid yet 
INFO [10-08|22:30:57] after cm.process() 
INFO [10-08|22:30:57] Handle BFT Msg,                          msg="msg #17 (107 bytes)"
INFO [10-08|22:30:57] ------Received VoteMsg------ 
voteHR: H: 4 R: 0 voteType:: 1 voteHash: [67 187 202 240 230 115 151 170 108 163 228 223 187 76 70 77 35 2 0 227 226 217 127 231 147 250 40 150 131 81 8 205]
cmHR: H: 4 R: 0
INFO [10-08|22:30:57] --------------------------------------- 
INFO [10-08|22:30:57] addVote to                               height=4 round=0 from=0x7d577a597b2742b498cb5cf0c26cdcd726d39e6e success=true cm.coinbase=0x598443f1880ef585b21f1d7585bd0577402861e5
INFO [10-08|22:30:57] ------in handle VoteMsg, success!------ 
INFO [10-08|22:30:57] Handle BFT Msg,                          msg="msg #17 (107 bytes)"
INFO [10-08|22:30:57] ------Received VoteMsg------ 
voteHR: H: 4 R: 0 voteType:: 1 voteHash: [67 187 202 240 230 115 151 170 108 163 228 223 187 76 70 77 35 2 0 227 226 217 127 231 147 250 40 150 131 81 8 205]
cmHR: H: 4 R: 0
INFO [10-08|22:30:57] --------------------------------------- 
INFO [10-08|22:30:57] addVote to                               height=4 round=0 from=0xdceceaf3fc5c0a63d195d69b1a90011b7b19650d success=true cm.coinbase=0x598443f1880ef585b21f1d7585bd0577402861e5
INFO [10-08|22:30:57] ------in handle VoteMsg, success!------ 
INFO [10-08|22:30:57] received NewBlockMsg! 
INFO [10-08|22:30:57] ***in BFT.VVVVerifyHeader*** 
INFO [10-08|22:30:57] ***in BFT.verifyHeader*** 
INFO [10-08|22:30:57] ***in BFT.verifySeal*** 
INFO [10-08|22:30:57] In verifyVotes 
INFO [10-08|22:30:57] ***in sync.request()*** 
INFO [10-08|22:30:57] case: default, cm.process 
ready: 4 need: 2.6666667
INFO [10-08|22:30:57] ---------------process------------------ 
INFO [10-08|22:30:57] In RM Process                            height=4 round=0
INFO [10-08|22:30:57] --------In rm.propose------- 
INFO [10-08|22:30:57] ---------------in rm.vote----------------- 
INFO [10-08|22:30:57] voted 
INFO [10-08|22:30:57] in rm.process, check lockset HasQuorum 
INFO [10-08|22:30:57] in HasQuorum 
INFO [10-08|22:30:57] In IsValid() 
len(lockset.Votes): 4 lockset.EligibleVotesNum: 4
INFO [10-08|22:30:57] in sortByBlockhash 
made bhs, bhs: map[[67 187 202 240 230 115 151 170 108 163 228 223 187 76 70 77 35 2 0 227 226 217 127 231 147 250 40 150 131 81 8 205]:4]
made hs, hs: [{[67 187 202 240 230 115 151 170 108 163 228 223 187 76 70 77 35 2 0 227 226 217 127 231 147 250 40 150 131 81 8 205] 4}]
sorted hs, hs: [{[67 187 202 240 230 115 151 170 108 163 228 223 187 76 70 77 35 2 0 227 226 217 127 231 147 250 40 150 131 81 8 205] 4}]
INFO [10-08|22:30:57] There is a quorum                        height=4 round=0
--- in rm.process p.id: --- Peer d67104e65b61fca1 [eth/63]
INFO [10-08|22:30:57] ============in cm.commitLockset============ 
INFO [10-08|22:30:57] in commitLockset, check ls HasQuorum 
INFO [10-08|22:30:57] in HasQuorum 
INFO [10-08|22:30:57] In IsValid() 
len(lockset.Votes): 4 lockset.EligibleVotesNum: 4
INFO [10-08|22:30:57] in sortByBlockhash 
made bhs, bhs: map[[67 187 202 240 230 115 151 170 108 163 228 223 187 76 70 77 35 2 0 227 226 217 127 231 147 250 40 150 131 81 8 205]:4]
made hs, hs: [{[67 187 202 240 230 115 151 170 108 163 228 223 187 76 70 77 35 2 0 227 226 217 127 231 147 250 40 150 131 81 8 205] 4}]
sorted hs, hs: [{[67 187 202 240 230 115 151 170 108 163 228 223 187 76 70 77 35 2 0 227 226 217 127 231 147 250 40 150 131 81 8 205] 4}]
INFO [10-08|22:30:57] cm.found is not nil 
INFO [10-08|22:30:57] store lockset 
peerid: d67104e65b61fca1
INFO [10-08|22:30:57] ---storeLockset--- 
cmH 4
INFO [10-08|22:30:57] in validatorCommit1 
INFO [10-08|22:30:57] after cm.process() 
pid: d67104e65b61fca1
block number 4
INFO [10-08|22:30:57] have a consensus on the block 
-------in NewBFTValidatorBlock-------
INFO [10-08|22:30:57] result.Header().Coinbase != b.signer 
result.Header().Coinbase: [130 169 120 179 245 150 42 91 9 87 217 238 158 239 71 46 229 91 66 241] b.signer: [89 132 67 241 136 14 245 133 178 31 29 117 133 189 5 119 64 40 97 229]
INFO [10-08|22:30:57] in validatorCommit2 
ConsensusTime, 1236513369 , txs, 1600 , blockNum, 4
INFO [10-08|22:30:57] **in eth.handler**, get result from ch 
FinishedConsensus, 1539009057877157000
INFO [10-08|22:30:57] result is nil 
INFO [10-08|22:30:57] === Finished Mine() === 
validatorCommit time: 210.045µs
INFO [10-08|22:30:57] received NewBlockMsg! 
INFO [10-08|22:30:58] In verifyVotes 
INFO [10-08|22:30:58] in HasQuorum 
INFO [10-08|22:30:58] In IsValid() 
len(lockset.Votes): 4 lockset.EligibleVotesNum: 4
INFO [10-08|22:30:58] in sortByBlockhash 
made bhs, bhs: map[[67 187 202 240 230 115 151 170 108 163 228 223 187 76 70 77 35 2 0 227 226 217 127 231 147 250 40 150 131 81 8 205]:4]
made hs, hs: [{[67 187 202 240 230 115 151 170 108 163 228 223 187 76 70 77 35 2 0 227 226 217 127 231 147 250 40 150 131 81 8 205] 4}]
sorted hs, hs: [{[67 187 202 240 230 115 151 170 108 163 228 223 187 76 70 77 35 2 0 227 226 217 127 231 147 250 40 150 131 81 8 205] 4}]
INFO [10-08|22:30:58] ***in BFT.VerifyHeaderSSSS*** 
INFO [10-08|22:30:58] ***in BFT.verifyHeader*** 
INFO [10-08|22:30:58] ***in BFT.verifySeal*** 
INFO [10-08|22:30:58] In verifyVotes 
INFO [10-08|22:30:58] in HasQuorum 
INFO [10-08|22:30:58] In IsValid() 
len(lockset.Votes): 4 lockset.EligibleVotesNum: 4
INFO [10-08|22:30:58] in sortByBlockhash 
made bhs, bhs: map[[67 187 202 240 230 115 151 170 108 163 228 223 187 76 70 77 35 2 0 227 226 217 127 231 147 250 40 150 131 81 8 205]:4]
made hs, hs: [{[67 187 202 240 230 115 151 170 108 163 228 223 187 76 70 77 35 2 0 227 226 217 127 231 147 250 40 150 131 81 8 205] 4}]
sorted hs, hs: [{[67 187 202 240 230 115 151 170 108 163 228 223 187 76 70 77 35 2 0 227 226 217 127 231 147 250 40 150 131 81 8 205] 4}]
INFO [10-08|22:30:59] Imported new chain segment               blocks=1 txs=1600 mgas=33.600 elapsed=1.605s    mgasps=20.929 number=4 hash=43bbca…5108cd
FinishedPostExec, 1539009059633964000 , txs, 1600
PostExecTime, 1.605457392s
INFO [10-08|22:30:59] in pool.evenLoop, call pool.resetState 
INFO [10-08|22:31:01] Handle BFT Msg,                          msg="msg #11 (173950 bytes)"
INFO [10-08|22:31:01] -------Received NewBlockProposalMsg------- 
bpHR: H: 5 R: 0
cmHR: H: 5 R: 0
INFO [10-08|22:31:01] --------------------------------------- 
INFO [10-08|22:31:01] In IsValid() 
len(lockset.Votes): 0 lockset.EligibleVotesNum: 0
INFO [10-08|22:31:01] cm add BlockProposal                     h=5 r=0
INFO [10-08|22:31:01] in HasQuorum 
INFO [10-08|22:31:01] In IsValid() 
len(lockset.Votes): 4 lockset.EligibleVotesNum: 4
INFO [10-08|22:31:01] in sortByBlockhash 
made bhs, bhs: map[[67 187 202 240 230 115 151 170 108 163 228 223 187 76 70 77 35 2 0 227 226 217 127 231 147 250 40 150 131 81 8 205]:4]
made hs, hs: [{[67 187 202 240 230 115 151 170 108 163 228 223 187 76 70 77 35 2 0 227 226 217 127 231 147 250 40 150 131 81 8 205] 4}]
sorted hs, hs: [{[67 187 202 240 230 115 151 170 108 163 228 223 187 76 70 77 35 2 0 227 226 217 127 231 147 250 40 150 131 81 8 205] 4}]
INFO [10-08|22:31:01] In addBlockCandidates!! 
INFO [10-08|22:31:01] -------in handle NewBlockProposalMsg, success!------- 
INFO [10-08|22:31:01] Handle BFT Msg,                          msg="msg #18 (544 bytes)"
INFO [10-08|22:31:01] ------Received MsigProposalMsg------ 
mpHR: H: 5 R: 0 hash: [140 210 243 109 149 27 80 42 43 24 194 11 4 154 133 32 118 238 234 202 172 154 48 180 84 206 99 193 96 166 59 46]
cmHR: H: 5 R: 0
INFO [10-08|22:31:01] --------------------------------------- 
INFO [10-08|22:31:01] in MsigFinished 
INFO [10-08|22:31:01] ------addmsigproposal success!------- 
INFO [10-08|22:31:01] Handle BFT Msg,                          msg="msg #17 (107 bytes)"
INFO [10-08|22:31:01] ------Received VoteMsg------ 
voteHR: H: 5 R: 0 voteType:: 1 voteHash: [140 210 243 109 149 27 80 42 43 24 194 11 4 154 133 32 118 238 234 202 172 154 48 180 84 206 99 193 96 166 59 46]
cmHR: H: 5 R: 0
INFO [10-08|22:31:01] --------------------------------------- 
INFO [10-08|22:31:01] addVote to                               height=5 round=0 from=0xdceceaf3fc5c0a63d195d69b1a90011b7b19650d success=true cm.coinbase=0x598443f1880ef585b21f1d7585bd0577402861e5
INFO [10-08|22:31:01] ------in handle VoteMsg, success!------ 
INFO [10-08|22:31:02] Handle BFT Msg,                          msg="msg #17 (107 bytes)"
INFO [10-08|22:31:02] ------Received VoteMsg------ 
voteHR: H: 5 R: 0 voteType:: 1 voteHash: [140 210 243 109 149 27 80 42 43 24 194 11 4 154 133 32 118 238 234 202 172 154 48 180 84 206 99 193 96 166 59 46]
cmHR: H: 5 R: 0
INFO [10-08|22:31:02] --------------------------------------- 
INFO [10-08|22:31:02] addVote to                               height=5 round=0 from=0x7d577a597b2742b498cb5cf0c26cdcd726d39e6e success=true cm.coinbase=0x598443f1880ef585b21f1d7585bd0577402861e5
INFO [10-08|22:31:02] ------in handle VoteMsg, success!------ 
INFO [10-08|22:31:02] Commit new mining work                   number=5 txs=1601 uncles=0 elapsed=2.408s
INFO [10-08|22:31:02] Sealing                                  block n=5
StartConsensus, 1539009062043325000
INFO [10-08|22:31:02] Start Process 
INFO [10-08|22:31:02] in cm.Process, check lastCommittingLockset() 
INFO [10-08|22:31:02] In IsValid() 
len(lockset.Votes): 4 lockset.EligibleVotesNum: 4
INFO [10-08|22:31:02] in HasQuorum 
INFO [10-08|22:31:02] In IsValid() 
len(lockset.Votes): 4 lockset.EligibleVotesNum: 4
INFO [10-08|22:31:02] in sortByBlockhash 
made bhs, bhs: map[[67 187 202 240 230 115 151 170 108 163 228 223 187 76 70 77 35 2 0 227 226 217 127 231 147 250 40 150 131 81 8 205]:4]
made hs, hs: [{[67 187 202 240 230 115 151 170 108 163 228 223 187 76 70 77 35 2 0 227 226 217 127 231 147 250 40 150 131 81 8 205] 4}]
sorted hs, hs: [{[67 187 202 240 230 115 151 170 108 163 228 223 187 76 70 77 35 2 0 227 226 217 127 231 147 250 40 150 131 81 8 205] 4}]
=====CM.COINBASE IS:===== [89 132 67 241 136 14 245 133 178 31 29 117 133 189 5 119 64 40 97 229] block number is: 5
INFO [10-08|22:31:02] case: default, cm.process 
ready: 4 need: 2.6666667
INFO [10-08|22:31:02] ---------------process------------------ 
INFO [10-08|22:31:02] In RM Process                            height=5 round=0
INFO [10-08|22:31:02] --------In rm.propose------- 
INFO [10-08|22:31:02] ---------------in rm.vote----------------- 
INFO [10-08|22:31:02] in vote in RM                            height=5 round=0
INFO [10-08|22:31:02] vote mp 
INFO [10-08|22:31:02] vote success in                          height=5 round=0
INFO [10-08|22:31:02] Send VoteMsg 
INFO [10-08|22:31:02] in rm.process, check lockset HasQuorum 
INFO [10-08|22:31:02] in HasQuorum 
INFO [10-08|22:31:02] In IsValid() 
len(lockset.Votes): 3 lockset.EligibleVotesNum: 4
INFO [10-08|22:31:02] in sortByBlockhash 
made bhs, bhs: map[[140 210 243 109 149 27 80 42 43 24 194 11 4 154 133 32 118 238 234 202 172 154 48 180 84 206 99 193 96 166 59 46]:3]
made hs, hs: [{[140 210 243 109 149 27 80 42 43 24 194 11 4 154 133 32 118 238 234 202 172 154 48 180 84 206 99 193 96 166 59 46] 3}]
sorted hs, hs: [{[140 210 243 109 149 27 80 42 43 24 194 11 4 154 133 32 118 238 234 202 172 154 48 180 84 206 99 193 96 166 59 46] 3}]
INFO [10-08|22:31:02] There is a quorum                        height=5 round=0
--- in rm.process p.id: --- Peer 6d11b37ef4fc909a [eth/63]
INFO [10-08|22:31:02] ============in cm.commitLockset============ 
INFO [10-08|22:31:02] in commitLockset, check ls HasQuorum 
INFO [10-08|22:31:02] in HasQuorum 
INFO [10-08|22:31:02] In IsValid() 
len(lockset.Votes): 3 lockset.EligibleVotesNum: 4
INFO [10-08|22:31:02] in sortByBlockhash 
made bhs, bhs: map[[140 210 243 109 149 27 80 42 43 24 194 11 4 154 133 32 118 238 234 202 172 154 48 180 84 206 99 193 96 166 59 46]:3]
made hs, hs: [{[140 210 243 109 149 27 80 42 43 24 194 11 4 154 133 32 118 238 234 202 172 154 48 180 84 206 99 193 96 166 59 46] 3}]
sorted hs, hs: [{[140 210 243 109 149 27 80 42 43 24 194 11 4 154 133 32 118 238 234 202 172 154 48 180 84 206 99 193 96 166 59 46] 3}]
INFO [10-08|22:31:02] cm.found is not nil 
INFO [10-08|22:31:02] store lockset 
peerid: 6d11b37ef4fc909a
INFO [10-08|22:31:02] ---storeLockset--- 
cmH 5
INFO [10-08|22:31:02] have a consensus on the block 
INFO [10-08|22:31:02] in validatorCommit1 
pid: 6d11b37ef4fc909a
INFO [10-08|22:31:02] after cm.process() 
block number 5
-------in NewBFTValidatorBlock-------
INFO [10-08|22:31:02] result.Header().Coinbase != b.signer 
result.Header().Coinbase: [125 87 122 89 123 39 66 180 152 203 92 240 194 108 220 215 38 211 158 110] b.signer: [89 132 67 241 136 14 245 133 178 31 29 117 133 189 5 119 64 40 97 229]
INFO [10-08|22:31:02] in validatorCommit2 
ConsensusTime, 4497617 , txs, 1601 , blockNum, 5
INFO [10-08|22:31:02] **in eth.handler**, get result from ch 
FinishedConsensus, 1539009062047951000
INFO [10-08|22:31:02] result is nil 
INFO [10-08|22:31:02] === Finished Mine() === 
validatorCommit time: 181.926µs
INFO [10-08|22:31:02] ***in BFT.VVVVerifyHeader*** 
INFO [10-08|22:31:02] ***in BFT.verifyHeader*** 
INFO [10-08|22:31:02] ***in BFT.verifySeal*** 
INFO [10-08|22:31:02] In verifyVotes 
INFO [10-08|22:31:02] in HasQuorum 
INFO [10-08|22:31:02] In IsValid() 
len(lockset.Votes): 3 lockset.EligibleVotesNum: 4
INFO [10-08|22:31:02] in sortByBlockhash 
made bhs, bhs: map[[140 210 243 109 149 27 80 42 43 24 194 11 4 154 133 32 118 238 234 202 172 154 48 180 84 206 99 193 96 166 59 46]:3]
made hs, hs: [{[140 210 243 109 149 27 80 42 43 24 194 11 4 154 133 32 118 238 234 202 172 154 48 180 84 206 99 193 96 166 59 46] 3}]
sorted hs, hs: [{[140 210 243 109 149 27 80 42 43 24 194 11 4 154 133 32 118 238 234 202 172 154 48 180 84 206 99 193 96 166 59 46] 3}]
INFO [10-08|22:31:02] ***in BFT.VerifyHeaderSSSS*** 
INFO [10-08|22:31:02] ***in BFT.verifyHeader*** 
INFO [10-08|22:31:02] ***in BFT.verifySeal*** 
INFO [10-08|22:31:02] In verifyVotes 
INFO [10-08|22:31:02] in HasQuorum 
INFO [10-08|22:31:02] In IsValid() 
len(lockset.Votes): 3 lockset.EligibleVotesNum: 4
INFO [10-08|22:31:02] in sortByBlockhash 
made bhs, bhs: map[[140 210 243 109 149 27 80 42 43 24 194 11 4 154 133 32 118 238 234 202 172 154 48 180 84 206 99 193 96 166 59 46]:3]
made hs, hs: [{[140 210 243 109 149 27 80 42 43 24 194 11 4 154 133 32 118 238 234 202 172 154 48 180 84 206 99 193 96 166 59 46] 3}]
sorted hs, hs: [{[140 210 243 109 149 27 80 42 43 24 194 11 4 154 133 32 118 238 234 202 172 154 48 180 84 206 99 193 96 166 59 46] 3}]
INFO [10-08|22:31:02] Handle BFT Msg,                          msg="msg #9 (3 bytes)"
INFO [10-08|22:31:02] -------GetLocksetsMsg------- 
GetLockSetsMsg request:  [{5}] from:  6d11b37ef4fc909a
INFO [10-08|22:31:02] Request future block 
INFO [10-08|22:31:02] received NewBlockMsg! 
INFO [10-08|22:31:03] received NewBlockMsg! 
INFO [10-08|22:31:03] Imported new chain segment               blocks=1 txs=1601 mgas=33.621 elapsed=1.641s    mgasps=20.477 number=5 hash=8cd2f3…a63b2e
FinishedPostExec, 1539009063690480000 , txs, 1601
PostExecTime, 1.641900663s
INFO [10-08|22:31:03] in pool.evenLoop, call pool.resetState 
INFO [10-08|22:31:04] Handle BFT Msg,                          msg="msg #17 (107 bytes)"
INFO [10-08|22:31:04] ------Received VoteMsg------ 
voteHR: H: 5 R: 0 voteType:: 1 voteHash: [140 210 243 109 149 27 80 42 43 24 194 11 4 154 133 32 118 238 234 202 172 154 48 180 84 206 99 193 96 166 59 46]
cmHR: H: 6 R: 0
INFO [10-08|22:31:04] --------------------------------------- 
INFO [10-08|22:31:04] addVote to                               height=5 round=0 from=0x82a978b3f5962a5b0957d9ee9eef472ee55b42f1 success=true cm.coinbase=0x598443f1880ef585b21f1d7585bd0577402861e5
INFO [10-08|22:31:04] ------in handle VoteMsg, success!------ 
INFO [10-08|22:31:05] Handle BFT Msg,                          msg="msg #11 (174050 bytes)"
INFO [10-08|22:31:05] -------Received NewBlockProposalMsg------- 
bpHR: H: 6 R: 0
cmHR: H: 6 R: 0
INFO [10-08|22:31:05] --------------------------------------- 
INFO [10-08|22:31:06] In IsValid() 
len(lockset.Votes): 0 lockset.EligibleVotesNum: 0
INFO [10-08|22:31:06] cm add BlockProposal                     h=6 r=0
INFO [10-08|22:31:06] in HasQuorum 
INFO [10-08|22:31:06] In IsValid() 
len(lockset.Votes): 4 lockset.EligibleVotesNum: 4
INFO [10-08|22:31:06] in sortByBlockhash 
made bhs, bhs: map[[140 210 243 109 149 27 80 42 43 24 194 11 4 154 133 32 118 238 234 202 172 154 48 180 84 206 99 193 96 166 59 46]:4]
made hs, hs: [{[140 210 243 109 149 27 80 42 43 24 194 11 4 154 133 32 118 238 234 202 172 154 48 180 84 206 99 193 96 166 59 46] 4}]
sorted hs, hs: [{[140 210 243 109 149 27 80 42 43 24 194 11 4 154 133 32 118 238 234 202 172 154 48 180 84 206 99 193 96 166 59 46] 4}]
INFO [10-08|22:31:06] in collectMsig, i am msig proposer 
INFO [10-08|22:31:06] Send MsigProposalMsg 
INFO [10-08|22:31:06] In addBlockCandidates!! 
INFO [10-08|22:31:06] -------in handle NewBlockProposalMsg, success!------- 
INFO [10-08|22:31:06] Commit new mining work                   number=6 txs=1602 uncles=0 elapsed=2.337s
INFO [10-08|22:31:06] Sealing                                  block n=6
StartConsensus, 1539009066028502000
INFO [10-08|22:31:06] Start Process 
INFO [10-08|22:31:06] in cm.Process, check lastCommittingLockset() 
INFO [10-08|22:31:06] In IsValid() 
len(lockset.Votes): 4 lockset.EligibleVotesNum: 4
INFO [10-08|22:31:06] in HasQuorum 
INFO [10-08|22:31:06] In IsValid() 
len(lockset.Votes): 4 lockset.EligibleVotesNum: 4
INFO [10-08|22:31:06] in sortByBlockhash 
made bhs, bhs: map[[140 210 243 109 149 27 80 42 43 24 194 11 4 154 133 32 118 238 234 202 172 154 48 180 84 206 99 193 96 166 59 46]:4]
made hs, hs: [{[140 210 243 109 149 27 80 42 43 24 194 11 4 154 133 32 118 238 234 202 172 154 48 180 84 206 99 193 96 166 59 46] 4}]
sorted hs, hs: [{[140 210 243 109 149 27 80 42 43 24 194 11 4 154 133 32 118 238 234 202 172 154 48 180 84 206 99 193 96 166 59 46] 4}]
=====CM.COINBASE IS:===== [89 132 67 241 136 14 245 133 178 31 29 117 133 189 5 119 64 40 97 229] block number is: 6
INFO [10-08|22:31:06] case: default, cm.process 
ready: 4 need: 2.6666667
INFO [10-08|22:31:06] ---------------process------------------ 
INFO [10-08|22:31:06] In RM Process                            height=6 round=0
INFO [10-08|22:31:06] --------In rm.propose------- 
INFO [10-08|22:31:06] ---------------in rm.vote----------------- 
INFO [10-08|22:31:06] in vote in RM                            height=6 round=0
INFO [10-08|22:31:06] vote mp 
INFO [10-08|22:31:06] vote success in                          height=6 round=0
INFO [10-08|22:31:06] Send VoteMsg 
INFO [10-08|22:31:06] in rm.process, check lockset HasQuorum 
INFO [10-08|22:31:06] in HasQuorum 
INFO [10-08|22:31:06] In IsValid() 
len(lockset.Votes): 1 lockset.EligibleVotesNum: 4
INFO [10-08|22:31:06] rm lockset is not valid yet 
INFO [10-08|22:31:06] after cm.process() 
INFO [10-08|22:31:06] case: default, cm.process 
ready: 4 need: 2.6666667
INFO [10-08|22:31:06] ---------------process------------------ 
INFO [10-08|22:31:06] In RM Process                            height=6 round=0
INFO [10-08|22:31:06] --------In rm.propose------- 
INFO [10-08|22:31:06] ---------------in rm.vote----------------- 
INFO [10-08|22:31:06] voted 
INFO [10-08|22:31:06] in rm.process, check lockset HasQuorum 
INFO [10-08|22:31:06] in HasQuorum 
INFO [10-08|22:31:06] In IsValid() 
len(lockset.Votes): 1 lockset.EligibleVotesNum: 4
INFO [10-08|22:31:06] rm lockset is not valid yet 
INFO [10-08|22:31:06] after cm.process() 
INFO [10-08|22:31:06] Handle BFT Msg,                          msg="msg #17 (107 bytes)"
INFO [10-08|22:31:06] ------Received VoteMsg------ 
voteHR: H: 6 R: 0 voteType:: 1 voteHash: [118 136 237 16 39 152 212 228 91 105 92 38 66 168 249 25 253 230 75 194 223 249 48 100 14 190 220 151 122 22 209 239]
cmHR: H: 6 R: 0
INFO [10-08|22:31:06] --------------------------------------- 
INFO [10-08|22:31:06] addVote to                               height=6 round=0 from=0xdceceaf3fc5c0a63d195d69b1a90011b7b19650d success=true cm.coinbase=0x598443f1880ef585b21f1d7585bd0577402861e5
INFO [10-08|22:31:06] ------in handle VoteMsg, success!------ 
INFO [10-08|22:31:06] Handle BFT Msg,                          msg="msg #17 (107 bytes)"
INFO [10-08|22:31:06] ------Received VoteMsg------ 
voteHR: H: 6 R: 0 voteType:: 1 voteHash: [118 136 237 16 39 152 212 228 91 105 92 38 66 168 249 25 253 230 75 194 223 249 48 100 14 190 220 151 122 22 209 239]
cmHR: H: 6 R: 0
INFO [10-08|22:31:06] --------------------------------------- 
INFO [10-08|22:31:06] addVote to                               height=6 round=0 from=0x7d577a597b2742b498cb5cf0c26cdcd726d39e6e success=true cm.coinbase=0x598443f1880ef585b21f1d7585bd0577402861e5
INFO [10-08|22:31:06] ------in handle VoteMsg, success!------ 
INFO [10-08|22:31:06] case: default, cm.process 
ready: 4 need: 2.6666667
INFO [10-08|22:31:06] ---------------process------------------ 
INFO [10-08|22:31:06] In RM Process                            height=6 round=0
INFO [10-08|22:31:06] --------In rm.propose------- 
INFO [10-08|22:31:06] ---------------in rm.vote----------------- 
INFO [10-08|22:31:06] voted 
INFO [10-08|22:31:06] in rm.process, check lockset HasQuorum 
INFO [10-08|22:31:06] in HasQuorum 
INFO [10-08|22:31:06] In IsValid() 
len(lockset.Votes): 3 lockset.EligibleVotesNum: 4
INFO [10-08|22:31:06] in sortByBlockhash 
made bhs, bhs: map[[118 136 237 16 39 152 212 228 91 105 92 38 66 168 249 25 253 230 75 194 223 249 48 100 14 190 220 151 122 22 209 239]:3]
made hs, hs: [{[118 136 237 16 39 152 212 228 91 105 92 38 66 168 249 25 253 230 75 194 223 249 48 100 14 190 220 151 122 22 209 239] 3}]
sorted hs, hs: [{[118 136 237 16 39 152 212 228 91 105 92 38 66 168 249 25 253 230 75 194 223 249 48 100 14 190 220 151 122 22 209 239] 3}]
INFO [10-08|22:31:06] There is a quorum                        height=6 round=0
--- in rm.process p.id: --- Peer 94dd98401cf6ca04 [eth/63]
INFO [10-08|22:31:06] ============in cm.commitLockset============ 
INFO [10-08|22:31:06] in commitLockset, check ls HasQuorum 
INFO [10-08|22:31:06] in HasQuorum 
INFO [10-08|22:31:06] In IsValid() 
len(lockset.Votes): 3 lockset.EligibleVotesNum: 4
INFO [10-08|22:31:06] in sortByBlockhash 
made bhs, bhs: map[[118 136 237 16 39 152 212 228 91 105 92 38 66 168 249 25 253 230 75 194 223 249 48 100 14 190 220 151 122 22 209 239]:3]
made hs, hs: [{[118 136 237 16 39 152 212 228 91 105 92 38 66 168 249 25 253 230 75 194 223 249 48 100 14 190 220 151 122 22 209 239] 3}]
sorted hs, hs: [{[118 136 237 16 39 152 212 228 91 105 92 38 66 168 249 25 253 230 75 194 223 249 48 100 14 190 220 151 122 22 209 239] 3}]
INFO [10-08|22:31:06] cm.found is not nil 
INFO [10-08|22:31:06] store lockset 
peerid: 94dd98401cf6ca04
INFO [10-08|22:31:06] ---storeLockset--- 
INFO [10-08|22:31:06] have a consensus on the block 
INFO [10-08|22:31:06] result.Header().Coinbase != b.signer 
result.Header().Coinbase: [220 236 234 243 252 92 10 99 209 149 214 155 26 144 1 27 123 25 101 13] b.signer: [89 132 67 241 136 14 245 133 178 31 29 117 133 189 5 119 64 40 97 229]
ConsensusTime, 222397829 , txs, 1602 , blockNum, 6
FinishedConsensus, 1539009066250948000
INFO [10-08|22:31:06] after cm.process() 
cmH 6
INFO [10-08|22:31:06] in validatorCommit1 
pid: 94dd98401cf6ca04
block number 6
-------in NewBFTValidatorBlock-------
INFO [10-08|22:31:06] in validatorCommit2 
validatorCommit time: 98.572µs
INFO [10-08|22:31:06] result is nil 
INFO [10-08|22:31:06] === Finished Mine() === 
INFO [10-08|22:31:06] **in eth.handler**, get result from ch 
INFO [10-08|22:31:06] ***in BFT.VVVVerifyHeader*** 
INFO [10-08|22:31:06] ***in BFT.verifyHeader*** 
INFO [10-08|22:31:06] ***in BFT.verifySeal*** 
INFO [10-08|22:31:06] In verifyVotes 
INFO [10-08|22:31:06] in HasQuorum 
INFO [10-08|22:31:06] In IsValid() 
len(lockset.Votes): 3 lockset.EligibleVotesNum: 4
INFO [10-08|22:31:06] in sortByBlockhash 
made bhs, bhs: map[[118 136 237 16 39 152 212 228 91 105 92 38 66 168 249 25 253 230 75 194 223 249 48 100 14 190 220 151 122 22 209 239]:3]
made hs, hs: [{[118 136 237 16 39 152 212 228 91 105 92 38 66 168 249 25 253 230 75 194 223 249 48 100 14 190 220 151 122 22 209 239] 3}]
sorted hs, hs: [{[118 136 237 16 39 152 212 228 91 105 92 38 66 168 249 25 253 230 75 194 223 249 48 100 14 190 220 151 122 22 209 239] 3}]
INFO [10-08|22:31:06] ***in BFT.VerifyHeaderSSSS*** 
INFO [10-08|22:31:06] ***in BFT.verifyHeader*** 
INFO [10-08|22:31:06] ***in BFT.verifySeal*** 
INFO [10-08|22:31:06] In verifyVotes 
INFO [10-08|22:31:06] in HasQuorum 
INFO [10-08|22:31:06] In IsValid() 
len(lockset.Votes): 3 lockset.EligibleVotesNum: 4
INFO [10-08|22:31:06] in sortByBlockhash 
made bhs, bhs: map[[118 136 237 16 39 152 212 228 91 105 92 38 66 168 249 25 253 230 75 194 223 249 48 100 14 190 220 151 122 22 209 239]:3]
made hs, hs: [{[118 136 237 16 39 152 212 228 91 105 92 38 66 168 249 25 253 230 75 194 223 249 48 100 14 190 220 151 122 22 209 239] 3}]
sorted hs, hs: [{[118 136 237 16 39 152 212 228 91 105 92 38 66 168 249 25 253 230 75 194 223 249 48 100 14 190 220 151 122 22 209 239] 3}]
INFO [10-08|22:31:06] Handle BFT Msg,                          msg="msg #17 (107 bytes)"
INFO [10-08|22:31:06] ------Received VoteMsg------ 
voteHR: H: 6 R: 0 voteType:: 1 voteHash: [118 136 237 16 39 152 212 228 91 105 92 38 66 168 249 25 253 230 75 194 223 249 48 100 14 190 220 151 122 22 209 239]
cmHR: H: 6 R: 0
INFO [10-08|22:31:06] --------------------------------------- 
INFO [10-08|22:31:06] addVote to                               height=6 round=0 from=0x82a978b3f5962a5b0957d9ee9eef472ee55b42f1 success=true cm.coinbase=0x598443f1880ef585b21f1d7585bd0577402861e5
INFO [10-08|22:31:06] ------in handle VoteMsg, success!------ 
INFO [10-08|22:31:07] Imported new chain segment               blocks=1 txs=1602 mgas=33.642 elapsed=1.502s    mgasps=22.393 number=6 hash=7688ed…16d1ef
FinishedPostExec, 1539009067754093000 , txs, 1602
PostExecTime, 1.502364882s
INFO [10-08|22:31:07] in pool.evenLoop, call pool.resetState 
INFO [10-08|22:31:09] Commit new mining work                   number=7 txs=1603 uncles=0 elapsed=2.003s
INFO [10-08|22:31:09] Sealing                                  block n=7
StartConsensus, 1539009069758142000
INFO [10-08|22:31:09] Start Process 
INFO [10-08|22:31:09] in cm.Process, check lastCommittingLockset() 
INFO [10-08|22:31:09] In IsValid() 
len(lockset.Votes): 4 lockset.EligibleVotesNum: 4
INFO [10-08|22:31:09] in HasQuorum 
INFO [10-08|22:31:09] In IsValid() 
len(lockset.Votes): 4 lockset.EligibleVotesNum: 4
INFO [10-08|22:31:09] in sortByBlockhash 
made bhs, bhs: map[[118 136 237 16 39 152 212 228 91 105 92 38 66 168 249 25 253 230 75 194 223 249 48 100 14 190 220 151 122 22 209 239]:4]
made hs, hs: [{[118 136 237 16 39 152 212 228 91 105 92 38 66 168 249 25 253 230 75 194 223 249 48 100 14 190 220 151 122 22 209 239] 4}]
sorted hs, hs: [{[118 136 237 16 39 152 212 228 91 105 92 38 66 168 249 25 253 230 75 194 223 249 48 100 14 190 220 151 122 22 209 239] 4}]
=====CM.COINBASE IS:===== [89 132 67 241 136 14 245 133 178 31 29 117 133 189 5 119 64 40 97 229] block number is: 7
INFO [10-08|22:31:09] case: default, cm.process 
ready: 4 need: 2.6666667
INFO [10-08|22:31:09] ---------------process------------------ 
INFO [10-08|22:31:09] In RM Process                            height=7 round=0
INFO [10-08|22:31:09] --------In rm.propose------- 
INFO [10-08|22:31:09] I am a proposer in                       height=7 round=0
INFO [10-08|22:31:09] in propose, check lastRoundLockset 
lastRoundLockset, hm.activeround: 0
INFO [10-08|22:31:09] ------in mkProposal------ 
INFO [10-08|22:31:09] In IsValid() 
len(lockset.Votes): 4 lockset.EligibleVotesNum: 4
INFO [10-08|22:31:09] in HasQuorum 
INFO [10-08|22:31:09] In IsValid() 
len(lockset.Votes): 4 lockset.EligibleVotesNum: 4
INFO [10-08|22:31:09] in sortByBlockhash 
made bhs, bhs: map[[118 136 237 16 39 152 212 228 91 105 92 38 66 168 249 25 253 230 75 194 223 249 48 100 14 190 220 151 122 22 209 239]:4]
made hs, hs: [{[118 136 237 16 39 152 212 228 91 105 92 38 66 168 249 25 253 230 75 194 223 249 48 100 14 190 220 151 122 22 209 239] 4}]
sorted hs, hs: [{[118 136 237 16 39 152 212 228 91 105 92 38 66 168 249 25 253 230 75 194 223 249 48 100 14 190 220 151 122 22 209 239] 4}]
INFO [10-08|22:31:09] LockSet(R-1) is nil (rm.round should equal to zero) 
INFO [10-08|22:31:09] in HasQuorum 
INFO [10-08|22:31:09] In IsValid() 
len(lockset.Votes): 4 lockset.EligibleVotesNum: 4
INFO [10-08|22:31:09] in sortByBlockhash 
made bhs, bhs: map[[118 136 237 16 39 152 212 228 91 105 92 38 66 168 249 25 253 230 75 194 223 249 48 100 14 190 220 151 122 22 209 239]:4]
made hs, hs: [{[118 136 237 16 39 152 212 228 91 105 92 38 66 168 249 25 253 230 75 194 223 249 48 100 14 190 220 151 122 22 209 239] 4}]
sorted hs, hs: [{[118 136 237 16 39 152 212 228 91 105 92 38 66 168 249 25 253 230 75 194 223 249 48 100 14 190 220 151 122 22 209 239] 4}]
INFO [10-08|22:31:09] in HasQuorum 
INFO [10-08|22:31:09] In IsValid() 
len(lockset.Votes): 4 lockset.EligibleVotesNum: 4
INFO [10-08|22:31:09] in sortByBlockhash 
made bhs, bhs: map[[118 136 237 16 39 152 212 228 91 105 92 38 66 168 249 25 253 230 75 194 223 249 48 100 14 190 220 151 122 22 209 239]:4]
made hs, hs: [{[118 136 237 16 39 152 212 228 91 105 92 38 66 168 249 25 253 230 75 194 223 249 48 100 14 190 220 151 122 22 209 239] 4}]
sorted hs, hs: [{[118 136 237 16 39 152 212 228 91 105 92 38 66 168 249 25 253 230 75 194 223 249 48 100 14 190 220 151 122 22 209 239] 4}]
INFO [10-08|22:31:09] in newbp, 11 
INFO [10-08|22:31:09] in newbp, 12 
Create block blockhash :  [165 251 47 187 154 201 216 52 245 122 111 191 63 162 26 191 61 89 4 18 27 64 17 231 91 117 231 201 141 126 94 184]
INFO [10-08|22:31:09] In addBlockCandidates!! 
INFO [10-08|22:31:09] Send NewBlockProposalMsg:                LOG15_ERROR=                                                   LOG15_ERROR="Normalized odd number of arguments by adding nil"
INFO [10-08|22:31:09] ---------------in rm.vote----------------- 
INFO [10-08|22:31:09] in vote in RM                            height=7 round=0
INFO [10-08|22:31:09] Timeout time not reach, curr vs timeout: curr=1539009069.000 timeout=1539009074.000
INFO [10-08|22:31:09] in rm.process, check lockset HasQuorum 
INFO [10-08|22:31:09] in HasQuorum 
INFO [10-08|22:31:09] In IsValid() 
len(lockset.Votes): 0 lockset.EligibleVotesNum: 4
INFO [10-08|22:31:09] rm lockset is not valid yet 
INFO [10-08|22:31:09] after cm.process() 
INFO [10-08|22:31:09] Handle BFT Msg,                          msg="msg #18 (544 bytes)"
INFO [10-08|22:31:09] ------Received MsigProposalMsg------ 
mpHR: H: 7 R: 0 hash: [165 251 47 187 154 201 216 52 245 122 111 191 63 162 26 191 61 89 4 18 27 64 17 231 91 117 231 201 141 126 94 184]
cmHR: H: 7 R: 0
INFO [10-08|22:31:09] --------------------------------------- 
INFO [10-08|22:31:09] in MsigFinished 
INFO [10-08|22:31:09] ------addmsigproposal success!------- 
INFO [10-08|22:31:09] Handle BFT Msg,                          msg="msg #17 (107 bytes)"
INFO [10-08|22:31:09] ------Received VoteMsg------ 
voteHR: H: 7 R: 0 voteType:: 1 voteHash: [165 251 47 187 154 201 216 52 245 122 111 191 63 162 26 191 61 89 4 18 27 64 17 231 91 117 231 201 141 126 94 184]
cmHR: H: 7 R: 0
INFO [10-08|22:31:09] --------------------------------------- 
INFO [10-08|22:31:09] addVote to                               height=7 round=0 from=0xdceceaf3fc5c0a63d195d69b1a90011b7b19650d success=true cm.coinbase=0x598443f1880ef585b21f1d7585bd0577402861e5
INFO [10-08|22:31:09] ------in handle VoteMsg, success!------ 
INFO [10-08|22:31:09] case: default, cm.process 
ready: 4 need: 2.6666667
INFO [10-08|22:31:09] ---------------process------------------ 
INFO [10-08|22:31:09] In RM Process                            height=7 round=0
INFO [10-08|22:31:09] --------In rm.propose------- 
INFO [10-08|22:31:09] I am a proposer in                       height=7 round=0
INFO [10-08|22:31:09] ---------------in rm.vote----------------- 
INFO [10-08|22:31:09] in vote in RM                            height=7 round=0
INFO [10-08|22:31:09] vote mp 
INFO [10-08|22:31:09] vote success in                          height=7 round=0
INFO [10-08|22:31:09] Send VoteMsg 
INFO [10-08|22:31:09] in rm.process, check lockset HasQuorum 
INFO [10-08|22:31:09] in HasQuorum 
INFO [10-08|22:31:09] In IsValid() 
len(lockset.Votes): 2 lockset.EligibleVotesNum: 4
INFO [10-08|22:31:09] rm lockset is not valid yet 
INFO [10-08|22:31:09] after cm.process() 
INFO [10-08|22:31:09] Handle BFT Msg,                          msg="msg #17 (107 bytes)"
INFO [10-08|22:31:09] ------Received VoteMsg------ 
voteHR: H: 7 R: 0 voteType:: 1 voteHash: [165 251 47 187 154 201 216 52 245 122 111 191 63 162 26 191 61 89 4 18 27 64 17 231 91 117 231 201 141 126 94 184]
cmHR: H: 7 R: 0
INFO [10-08|22:31:09] --------------------------------------- 
INFO [10-08|22:31:09] addVote to                               height=7 round=0 from=0x7d577a597b2742b498cb5cf0c26cdcd726d39e6e success=true cm.coinbase=0x598443f1880ef585b21f1d7585bd0577402861e5
INFO [10-08|22:31:09] ------in handle VoteMsg, success!------ 
INFO [10-08|22:31:09] received NewBlockMsg! 
INFO [10-08|22:31:09] ***in BFT.VVVVerifyHeader*** 
INFO [10-08|22:31:09] ***in BFT.verifyHeader*** 
INFO [10-08|22:31:09] ***in BFT.verifySeal*** 
INFO [10-08|22:31:09] In verifyVotes 
INFO [10-08|22:31:09] ***in sync.request()*** 
INFO [10-08|22:31:09] received NewBlockMsg! 
INFO [10-08|22:31:10] case: default, cm.process 
ready: 4 need: 2.6666667
INFO [10-08|22:31:10] ---------------process------------------ 
INFO [10-08|22:31:10] In RM Process                            height=7 round=0
INFO [10-08|22:31:10] --------In rm.propose------- 
INFO [10-08|22:31:10] I am a proposer in                       height=7 round=0
INFO [10-08|22:31:10] ---------------in rm.vote----------------- 
INFO [10-08|22:31:10] voted 
INFO [10-08|22:31:10] in rm.process, check lockset HasQuorum 
INFO [10-08|22:31:10] in HasQuorum 
INFO [10-08|22:31:10] In IsValid() 
len(lockset.Votes): 3 lockset.EligibleVotesNum: 4
INFO [10-08|22:31:10] in sortByBlockhash 
made bhs, bhs: map[[165 251 47 187 154 201 216 52 245 122 111 191 63 162 26 191 61 89 4 18 27 64 17 231 91 117 231 201 141 126 94 184]:3]
made hs, hs: [{[165 251 47 187 154 201 216 52 245 122 111 191 63 162 26 191 61 89 4 18 27 64 17 231 91 117 231 201 141 126 94 184] 3}]
sorted hs, hs: [{[165 251 47 187 154 201 216 52 245 122 111 191 63 162 26 191 61 89 4 18 27 64 17 231 91 117 231 201 141 126 94 184] 3}]
INFO [10-08|22:31:10] There is a quorum                        height=7 round=0
INFO [10-08|22:31:10] ============in cm.commitLockset============ 
INFO [10-08|22:31:10] in commitLockset, check ls HasQuorum 
INFO [10-08|22:31:10] in HasQuorum 
INFO [10-08|22:31:10] In IsValid() 
len(lockset.Votes): 3 lockset.EligibleVotesNum: 4
INFO [10-08|22:31:10] in sortByBlockhash 
made bhs, bhs: map[[165 251 47 187 154 201 216 52 245 122 111 191 63 162 26 191 61 89 4 18 27 64 17 231 91 117 231 201 141 126 94 184]:3]
made hs, hs: [{[165 251 47 187 154 201 216 52 245 122 111 191 63 162 26 191 61 89 4 18 27 64 17 231 91 117 231 201 141 126 94 184] 3}]
sorted hs, hs: [{[165 251 47 187 154 201 216 52 245 122 111 191 63 162 26 191 61 89 4 18 27 64 17 231 91 117 231 201 141 126 94 184] 3}]
INFO [10-08|22:31:10] cm.found is not nil 
INFO [10-08|22:31:10] store lockset 
INFO [10-08|22:31:10] ---storeLockset--- 
INFO [10-08|22:31:10] after cm.process() 
INFO [10-08|22:31:10] have a consensus on the block 
ConsensusTime, 260402148 , txs, 1603 , blockNum, 7
FinishedConsensus, 1539009070018526000
INFO [10-08|22:31:10] Successfully sealed new block            number=7 hash=a5fb2f…7e5eb8
INFO [10-08|22:31:10] === Finished Mine() === 
INFO [10-08|22:31:10] 🔨 mined potential block                  number=7 hash=a5fb2f…7e5eb8
INFO [10-08|22:31:10] in pool.evenLoop, call pool.resetState 
INFO [10-08|22:31:10] In verifyVotes 
INFO [10-08|22:31:10] in HasQuorum 
INFO [10-08|22:31:10] In IsValid() 
len(lockset.Votes): 3 lockset.EligibleVotesNum: 4
INFO [10-08|22:31:10] in sortByBlockhash 
made bhs, bhs: map[[165 251 47 187 154 201 216 52 245 122 111 191 63 162 26 191 61 89 4 18 27 64 17 231 91 117 231 201 141 126 94 184]:3]
made hs, hs: [{[165 251 47 187 154 201 216 52 245 122 111 191 63 162 26 191 61 89 4 18 27 64 17 231 91 117 231 201 141 126 94 184] 3}]
sorted hs, hs: [{[165 251 47 187 154 201 216 52 245 122 111 191 63 162 26 191 61 89 4 18 27 64 17 231 91 117 231 201 141 126 94 184] 3}]
INFO [10-08|22:31:10] ***in BFT.VerifyHeaderSSSS*** 
INFO [10-08|22:31:10] ***in BFT.verifyHeader*** 
INFO [10-08|22:31:10] ***in BFT.verifySeal*** 
INFO [10-08|22:31:10] In verifyVotes 
INFO [10-08|22:31:10] in HasQuorum 
INFO [10-08|22:31:10] In IsValid() 
len(lockset.Votes): 3 lockset.EligibleVotesNum: 4
INFO [10-08|22:31:10] in sortByBlockhash 
made bhs, bhs: map[[165 251 47 187 154 201 216 52 245 122 111 191 63 162 26 191 61 89 4 18 27 64 17 231 91 117 231 201 141 126 94 184]:3]
made hs, hs: [{[165 251 47 187 154 201 216 52 245 122 111 191 63 162 26 191 61 89 4 18 27 64 17 231 91 117 231 201 141 126 94 184] 3}]
sorted hs, hs: [{[165 251 47 187 154 201 216 52 245 122 111 191 63 162 26 191 61 89 4 18 27 64 17 231 91 117 231 201 141 126 94 184] 3}]
INFO [10-08|22:31:10] Handle BFT Msg,                          msg="msg #9 (3 bytes)"
INFO [10-08|22:31:10] -------GetLocksetsMsg------- 
GetLockSetsMsg request:  [{7}] from:  d67104e65b61fca1
INFO [10-08|22:31:10]  Sending Lockset                         LOG15_ERROR=                                                   LOG15_ERROR="Normalized odd number of arguments by adding nil"
INFO [10-08|22:31:10] Handle BFT Msg,                          msg="msg #17 (107 bytes)"
INFO [10-08|22:31:10] ------Received VoteMsg------ 
voteHR: H: 7 R: 0 voteType:: 1 voteHash: [165 251 47 187 154 201 216 52 245 122 111 191 63 162 26 191 61 89 4 18 27 64 17 231 91 117 231 201 141 126 94 184]
cmHR: H: 8 R: 0
INFO [10-08|22:31:10] --------------------------------------- 
INFO [10-08|22:31:10] addVote to                               height=7 round=0 from=0x82a978b3f5962a5b0957d9ee9eef472ee55b42f1 success=true cm.coinbase=0x598443f1880ef585b21f1d7585bd0577402861e5
INFO [10-08|22:31:10] ------in handle VoteMsg, success!------ 
./node4.sh: line 16: 24414 Terminated: 15          ../build/bin/geth --networkid 2234 --port 30306 --rpcport 8548 --datadir "data/node4" --nodiscover --rpc --rpccorsdomain "*" --rpcapi "eth,net,web3,debug" --bft --allow-empty --num-validators 4 --node-num 3
