INFO [11-05|23:56:13] Starting peer-to-peer node               instance=Geth/v1.6.7-unstable-b6a0e85f/darwin-amd64/go1.9.7
INFO [11-05|23:56:13] Allocated cache and file handles         database=/Users/sujianwei20/new_misgcode/go_ethereum_cosi/examples/data/node3/geth/chaindata cache=128 handles=1024
WARN [11-05|23:56:13] Upgrading chain database to use sequential keys 
INFO [11-05|23:56:13] Initialised chain configuration          config="{ChainID: 2235 Homestead: 1 DAO: <nil> DAOSupport: false EIP150: 2 EIP155: 3 EIP158: 3 Metropolis: <nil> Engine: ethash}"
INFO [11-05|23:56:13] config bft is                            bft=true
WARN [11-05|23:56:13] Upgrading db log bloom bins 
INFO [11-05|23:56:13] Bloom-bin upgrade completed              elapsed=124.574µs
INFO [11-05|23:56:13] Initialising Ethereum protocol           versions="[63 62]" network=2234
INFO [11-05|23:56:13] Loaded most recent local header          number=0 hash=6f3c1c…1bf138 td=1048576
INFO [11-05|23:56:13] Loaded most recent local full block      number=0 hash=6f3c1c…1bf138 td=1048576
INFO [11-05|23:56:13] Loaded most recent local fast block      number=0 hash=6f3c1c…1bf138 td=1048576
INFO [11-05|23:56:13] in NewTxPool, call resetState 
INFO [11-05|23:56:13] in NewTxPool, call pool.eventLoog() 
INFO [11-05|23:56:13] Allocated cache and file handles         database=/Users/sujianwei20/new_misgcode/go_ethereum_cosi/examples/data/node3/geth/bftData   cache=128 handles=1024
INFO [11-05|23:56:13] Database conversion successful 
INFO [11-05|23:56:13] addVote to                               height=0 round=0 from=0xdceceaf3fc5c0a63d195d69b1a90011b7b19650d success=true cm.coinbase=0xdceceaf3fc5c0a63d195d69b1a90011b7b19650d
ready: 1 need: 2.6666667
INFO [11-05|23:56:13] consensusManager not ready  
ready: 1 need: 2.6666667
INFO [11-05|23:56:13] Starting P2P networking 
INFO [11-05|23:56:13] RLPx listener up                         self="enode://94dd98401cf6ca0418580bb77ad0606a35ae8f442b22ab0f81011d8d2c78e70ff779c1d53d015640d79a13f0be99161ae3ff3adb60633ca03a7b542cbe116882@[::]:30305?discport=0"
INFO [11-05|23:56:13] HTTP endpoint opened: http://127.0.0.1:8547 
INFO [11-05|23:56:13] ---In BFTvalidatorCommitBlock--- 
INFO [11-05|23:56:13] IPC endpoint opened: /Users/sujianwei20/new_misgcode/go_ethereum_cosi/examples/data/node3/geth.ipc 
INFO [11-05|23:56:13] send Ready msg 
INFO [11-05|23:56:13] send Ready msg 
INFO [11-05|23:56:13] send Ready msg 
INFO [11-05|23:56:13] Handle BFT Msg,                          msg="msg #8 (78 bytes)"
INFO [11-05|23:56:13] ------Received ReadMsg------ 
INFO [11-05|23:56:13] Handle BFT Msg,                          msg="msg #8 (78 bytes)"
INFO [11-05|23:56:13] ------Received ReadMsg------ 
AddReady from: [220 236 234 243 252 92 10 99 209 149 214 155 26 144 1 27 123 25 101 13]
AddReady from: [220 236 234 243 252 92 10 99 209 149 214 155 26 144 1 27 123 25 101 13]
INFO [11-05|23:56:13] Handle BFT Msg,                          msg="msg #8 (78 bytes)"
INFO [11-05|23:56:13] ------Received ReadMsg------ 
AddReady from: [220 236 234 243 252 92 10 99 209 149 214 155 26 144 1 27 123 25 101 13]
INFO [11-05|23:56:13] Handle BFT Msg,                          msg="msg #8 (78 bytes)"
INFO [11-05|23:56:13] ------Received ReadMsg------ 
AddReady from: [220 236 234 243 252 92 10 99 209 149 214 155 26 144 1 27 123 25 101 13]
INFO [11-05|23:56:13] Handle BFT Msg,                          msg="msg #8 (78 bytes)"
INFO [11-05|23:56:13] ------Received ReadMsg------ 
AddReady from: [89 132 67 241 136 14 245 133 178 31 29 117 133 189 5 119 64 40 97 229]
INFO [11-05|23:56:13] send Ready msg 
INFO [11-05|23:56:13] send Ready msg 
INFO [11-05|23:56:13] send Ready msg 
INFO [11-05|23:56:13] Handle BFT Msg,                          msg="msg #8 (78 bytes)"
INFO [11-05|23:56:13] ------Received ReadMsg------ 
AddReady from: [89 132 67 241 136 14 245 133 178 31 29 117 133 189 5 119 64 40 97 229]
INFO [11-05|23:56:13] Handle BFT Msg,                          msg="msg #8 (78 bytes)"
INFO [11-05|23:56:13] ------Received ReadMsg------ 
INFO [11-05|23:56:13] Handle BFT Msg,                          msg="msg #8 (78 bytes)"
INFO [11-05|23:56:13] ------Received ReadMsg------ 
AddReady from: [89 132 67 241 136 14 245 133 178 31 29 117 133 189 5 119 64 40 97 229]
AddReady from: [89 132 67 241 136 14 245 133 178 31 29 117 133 189 5 119 64 40 97 229]
INFO [11-05|23:56:13] Handle BFT Msg,                          msg="msg #8 (78 bytes)"
INFO [11-05|23:56:13] ------Received ReadMsg------ 
INFO [11-05|23:56:13] Handle BFT Msg,                          msg="msg #8 (78 bytes)"
INFO [11-05|23:56:13] ------Received ReadMsg------ 
AddReady from: [125 87 122 89 123 39 66 180 152 203 92 240 194 108 220 215 38 211 158 110]
INFO [11-05|23:56:13] send Ready msg 
AddReady from: [125 87 122 89 123 39 66 180 152 203 92 240 194 108 220 215 38 211 158 110]
INFO [11-05|23:56:13] send Ready msg 
INFO [11-05|23:56:13] send Ready msg 
INFO [11-05|23:56:13] Handle BFT Msg,                          msg="msg #8 (78 bytes)"
INFO [11-05|23:56:13] ------Received ReadMsg------ 
INFO [11-05|23:56:13] send Ready msg 
INFO [11-05|23:56:13] send Ready msg 
AddReady from: [125 87 122 89 123 39 66 180 152 203 92 240 194 108 220 215 38 211 158 110]
INFO [11-05|23:56:13] Handle BFT Msg,                          msg="msg #8 (78 bytes)"
INFO [11-05|23:56:13] ------Received ReadMsg------ 
AddReady from: [130 169 120 179 245 150 42 91 9 87 217 238 158 239 71 46 229 91 66 241]
INFO [11-05|23:56:13] send Ready msg 
INFO [11-05|23:56:13] send Ready msg 
INFO [11-05|23:56:13] send Ready msg 
INFO [11-05|23:56:13] Handle BFT Msg,                          msg="msg #8 (78 bytes)"
INFO [11-05|23:56:13] ------Received ReadMsg------ 
INFO [11-05|23:56:13] Handle BFT Msg,                          msg="msg #8 (78 bytes)"
INFO [11-05|23:56:13] ------Received ReadMsg------ 
AddReady from: [130 169 120 179 245 150 42 91 9 87 217 238 158 239 71 46 229 91 66 241]
INFO [11-05|23:56:13] Handle BFT Msg,                          msg="msg #8 (78 bytes)"
INFO [11-05|23:56:13] ------Received ReadMsg------ 
AddReady from: [130 169 120 179 245 150 42 91 9 87 217 238 158 239 71 46 229 91 66 241]
AddReady from: [130 169 120 179 245 150 42 91 9 87 217 238 158 239 71 46 229 91 66 241]
ready: 4 need: 2.6666667
ready: 4 need: 2.6666667
INFO [11-05|23:56:13] send Ready msg 
INFO [11-05|23:56:13] send Ready msg 
INFO [11-05|23:56:13] send Ready msg 
INFO [11-05|23:56:13] -----------------consensusManager Ready------------------------- 
INFO [11-05|23:56:13] Handle BFT Msg,                          msg="msg #8 (78 bytes)"
INFO [11-05|23:56:13] ------Received ReadMsg------ 
INFO [11-05|23:56:13] Handle BFT Msg,                          msg="msg #8 (78 bytes)"
INFO [11-05|23:56:13] ------Received ReadMsg------ 
INFO [11-05|23:56:13] Handle BFT Msg,                          msg="msg #8 (78 bytes)"
INFO [11-05|23:56:13] ------Received ReadMsg------ 
AddReady from: [220 236 234 243 252 92 10 99 209 149 214 155 26 144 1 27 123 25 101 13]
AddReady from: [220 236 234 243 252 92 10 99 209 149 214 155 26 144 1 27 123 25 101 13]
AddReady from: [220 236 234 243 252 92 10 99 209 149 214 155 26 144 1 27 123 25 101 13]
INFO [11-05|23:56:14] Handle BFT Msg,                          msg="msg #8 (78 bytes)"
INFO [11-05|23:56:14] ------Received ReadMsg------ 
AddReady from: [89 132 67 241 136 14 245 133 178 31 29 117 133 189 5 119 64 40 97 229]
INFO [11-05|23:56:14] send Ready msg 
INFO [11-05|23:56:14] send Ready msg 
INFO [11-05|23:56:14] send Ready msg 
INFO [11-05|23:56:14] Handle BFT Msg,                          msg="msg #8 (78 bytes)"
INFO [11-05|23:56:14] ------Received ReadMsg------ 
INFO [11-05|23:56:14] Handle BFT Msg,                          msg="msg #8 (78 bytes)"
INFO [11-05|23:56:14] ------Received ReadMsg------ 
AddReady from: [89 132 67 241 136 14 245 133 178 31 29 117 133 189 5 119 64 40 97 229]
AddReady from: [89 132 67 241 136 14 245 133 178 31 29 117 133 189 5 119 64 40 97 229]
INFO [11-05|23:58:27] Transaction pool price threshold updated price=18000000000
INFO [11-05|23:58:27] Starting mining operation 
INFO [11-05|23:58:30] Handle BFT Msg,                          msg="msg #11 (172922 bytes)"
INFO [11-05|23:58:30] -------Received NewBlockProposalMsg------- 
bpHR: H: 1 R: 0
cmHR: H: 1 R: 0
INFO [11-05|23:58:30] --------------------------------------- 
# collMsig from = Peer 6d11b37ef4fc909a [eth/63]
cmHR: H: 1 R: 0
this is rm.proposerPeer  Peer 6d11b37ef4fc909a [eth/63]
INFO [11-05|23:58:30] In IsValid() 
len(lockset.Votes): 0 lockset.EligibleVotesNum: 0
INFO [11-05|23:58:30] cm add BlockProposal                     h=1 r=0
INFO [11-05|23:58:30] in HasQuorum 
INFO [11-05|23:58:30] In IsValid() 
len(lockset.Votes): 1 lockset.EligibleVotesNum: 0
INFO [11-05|23:58:30] in collectMsig, i am msig wintness 
INFO [11-05|23:58:30] Return MsigProposalMsg to                LOG15_ERROR= LOG15_ERROR="Normalized odd number of arguments by adding nil"
INFO [11-05|23:58:30] Sending MsigProposalMsg 
in cm.collectMsig, mp.MsigVs: [<nil> 27]
INFO [11-05|23:58:30] In addBlockCandidates!! 
INFO [11-05|23:58:30] -------in handle NewBlockProposalMsg, success!------- 
INFO [11-05|23:58:30] Handle BFT Msg,                          msg="msg #18 (345 bytes)"
INFO [11-05|23:58:30] ------Received MsigProposalMsg------ 
mpHR: H: 1 R: 0 hash: [253 89 134 102 10 146 217 66 172 149 130 9 71 225 137 125 91 87 82 152 92 146 209 164 146 62 102 145 195 113 111 244]
cmHR: H: 1 R: 0
INFO [11-05|23:58:30] --------------------------------------- 
INFO [11-05|23:58:30] 1111111 
INFO [11-05|23:58:30] in MsigFinished 
len(mp.Msig.MsigVs): 2 mp.MsigVs: [0 27]
H====:  1 P==== 0
INFO [11-05|23:58:30] ------addmsigproposal success!------- 
INFO [11-05|23:58:30] Handle BFT Msg,                          msg="msg #17 (107 bytes)"
INFO [11-05|23:58:30] ------Received VoteMsg------ 
voteHR: H: 1 R: 0 voteType:: 1 voteHash: [253 89 134 102 10 146 217 66 172 149 130 9 71 225 137 125 91 87 82 152 92 146 209 164 146 62 102 145 195 113 111 244]
cmHR: H: 1 R: 0
INFO [11-05|23:58:30] --------------------------------------- 
INFO [11-05|23:58:30] addVote to                               height=1 round=0 from=0x7d577a597b2742b498cb5cf0c26cdcd726d39e6e success=true cm.coinbase=0xdceceaf3fc5c0a63d195d69b1a90011b7b19650d
INFO [11-05|23:58:30] ------in handle VoteMsg, success!------ 
INFO [11-05|23:58:30] Commit new mining work                   number=1 txs=1598 uncles=0 elapsed=3.178s
INFO [11-05|23:58:30] Sealing                                  block n=1
StartConsensus, 1541433510343968000
INFO [11-05|23:58:30] Start Process 
INFO [11-05|23:58:30] in cm.Process, check lastCommittingLockset() 
INFO [11-05|23:58:30] In IsValid() 
len(lockset.Votes): 2 lockset.EligibleVotesNum: 0
INFO [11-05|23:58:30] in HasQuorum 
INFO [11-05|23:58:30] In IsValid() 
len(lockset.Votes): 2 lockset.EligibleVotesNum: 0
=====CM.COINBASE IS:===== [220 236 234 243 252 92 10 99 209 149 214 155 26 144 1 27 123 25 101 13] block number is: 1
INFO [11-05|23:58:30] case: default, cm.process 
ready: 4 need: 2.6666667
INFO [11-05|23:58:30] ---------------process------------------ 
INFO [11-05|23:58:30] In RM Process                            height=1 round=0
INFO [11-05|23:58:30] --------In rm.propose------- 
INFO [11-05|23:58:30] ---------------in rm.vote----------------- 
INFO [11-05|23:58:30] in vote in RM                            height=1 round=0
INFO [11-05|23:58:30] vote mp 
INFO [11-05|23:58:30] vote success in                          height=1 round=0
INFO [11-05|23:58:30] Send VoteMsg 
INFO [11-05|23:58:30] in rm.process, check lockset HasQuorum 
INFO [11-05|23:58:30] in HasQuorum 
INFO [11-05|23:58:30] In IsValid() 
len(lockset.Votes): 2 lockset.EligibleVotesNum: 4
INFO [11-05|23:58:30] rm lockset is not valid yet 
INFO [11-05|23:58:30] after cm.process() 
INFO [11-05|23:58:30] Handle BFT Msg,                          msg="msg #17 (107 bytes)"
INFO [11-05|23:58:30] ------Received VoteMsg------ 
voteHR: H: 1 R: 0 voteType:: 1 voteHash: [253 89 134 102 10 146 217 66 172 149 130 9 71 225 137 125 91 87 82 152 92 146 209 164 146 62 102 145 195 113 111 244]
cmHR: H: 1 R: 0
INFO [11-05|23:58:30] --------------------------------------- 
INFO [11-05|23:58:30] addVote to                               height=1 round=0 from=0x598443f1880ef585b21f1d7585bd0577402861e5 success=true cm.coinbase=0xdceceaf3fc5c0a63d195d69b1a90011b7b19650d
INFO [11-05|23:58:30] ------in handle VoteMsg, success!------ 
INFO [11-05|23:58:30] received NewBlockMsg! 
INFO [11-05|23:58:30] ***in BFT.VVVVerifyHeader*** 
INFO [11-05|23:58:30] ***in BFT.verifyHeader*** 
INFO [11-05|23:58:30] ***in BFT.verifySeal*** 
INFO [11-05|23:58:30] In verifyVotes 
INFO [11-05|23:58:30] ***in sync.request()*** 
INFO [11-05|23:58:30] case: default, cm.process 
ready: 4 need: 2.6666667
INFO [11-05|23:58:30] ---------------process------------------ 
INFO [11-05|23:58:30] In RM Process                            height=1 round=0
INFO [11-05|23:58:30] --------In rm.propose------- 
INFO [11-05|23:58:30] ---------------in rm.vote----------------- 
INFO [11-05|23:58:30] voted 
INFO [11-05|23:58:30] in rm.process, check lockset HasQuorum 
INFO [11-05|23:58:30] in HasQuorum 
INFO [11-05|23:58:30] In IsValid() 
len(lockset.Votes): 3 lockset.EligibleVotesNum: 4
INFO [11-05|23:58:30] There is a quorum                        height=1 round=0
--- in rm.process p.id: --- Peer 6d11b37ef4fc909a [eth/63]
INFO [11-05|23:58:30] ============in cm.commitLockset============ 
INFO [11-05|23:58:30] in commitLockset, check ls HasQuorum 
INFO [11-05|23:58:30] in HasQuorum 
INFO [11-05|23:58:30] In IsValid() 
len(lockset.Votes): 3 lockset.EligibleVotesNum: 4
INFO [11-05|23:58:30] cm.found is not nil 
INFO [11-05|23:58:30] store lockset 
peerid: 6d11b37ef4fc909a
INFO [11-05|23:58:30] ---storeLockset--- 
INFO [11-05|23:58:30] after cm.process() 
cmH 1
INFO [11-05|23:58:30] in validatorCommit1 
pid: 6d11b37ef4fc909a
block number 1
-------in NewBFTValidatorBlock-------
INFO [11-05|23:58:30] in validatorCommit2 
validatorCommit time: 110.011µs
INFO [11-05|23:58:30] **in eth.handler**, get result from ch 
INFO [11-05|23:58:30] have a consensus on the block 
INFO [11-05|23:58:30] result.Header().Coinbase != b.signer 
result.Header().Coinbase: [125 87 122 89 123 39 66 180 152 203 92 240 194 108 220 215 38 211 158 110] b.signer: [220 236 234 243 252 92 10 99 209 149 214 155 26 144 1 27 123 25 101 13]
ConsensusTime, 106291735 , txs, 1598 , blockNum, 1
FinishedConsensus, 1541433510450305000
INFO [11-05|23:58:30] result is nil 
INFO [11-05|23:58:30] === Finished Mine() === 
INFO [11-05|23:58:30] In verifyVotes 
INFO [11-05|23:58:30] in HasQuorum 
INFO [11-05|23:58:30] In IsValid() 
len(lockset.Votes): 3 lockset.EligibleVotesNum: 4
INFO [11-05|23:58:30] ***in BFT.VerifyHeaderSSSS*** 
INFO [11-05|23:58:30] ***in BFT.verifyHeader*** 
INFO [11-05|23:58:30] ***in BFT.verifySeal*** 
INFO [11-05|23:58:30] In verifyVotes 
INFO [11-05|23:58:30] in HasQuorum 
INFO [11-05|23:58:30] In IsValid() 
len(lockset.Votes): 3 lockset.EligibleVotesNum: 4
INFO [11-05|23:58:32] Handle BFT Msg,                          msg="msg #17 (107 bytes)"
INFO [11-05|23:58:32] ------Received VoteMsg------ 
voteHR: H: 1 R: 0 voteType:: 2 voteHash: [0 0 0 0 0 0 0 0 0 0 0 0 0 0 0 0 0 0 0 0 0 0 0 0 0 0 0 0 0 0 0 0]
cmHR: H: 1 R: 0
INFO [11-05|23:58:32] --------------------------------------- 
INFO [11-05|23:58:32] addVote to                               height=1 round=0 from=0x82a978b3f5962a5b0957d9ee9eef472ee55b42f1 success=true cm.coinbase=0xdceceaf3fc5c0a63d195d69b1a90011b7b19650d
INFO [11-05|23:58:32] ------in handle VoteMsg, success!------ 
INFO [11-05|23:58:32] Imported new chain segment               blocks=1 txs=1598 mgas=33.558 elapsed=1.709s    mgasps=19.625 number=1 hash=fd5986…716ff4
FinishedPostExec, 1541433512348787000 , txs, 1598
PostExecTime, 1.709957245s
INFO [11-05|23:58:32] in pool.evenLoop, call pool.resetState 
INFO [11-05|23:58:32] Handle BFT Msg,                          msg="msg #9 (3 bytes)"
INFO [11-05|23:58:32] -------GetLocksetsMsg------- 
GetLockSetsMsg request:  [{1}] from:  d67104e65b61fca1
INFO [11-05|23:58:32]  Sending Lockset                         LOG15_ERROR=                                                   LOG15_ERROR="Normalized odd number of arguments by adding nil"
INFO [11-05|23:58:34] Handle BFT Msg,                          msg="msg #12 (173126 bytes)"
INFO [11-05|23:58:34] -------Received VotingInstructionMsg------- 
viHR: H: 1 R: 1
cmHR: H: 2 R: 0
INFO [11-05|23:58:34] --------------------------------------- 
# collMsig from = Peer d67104e65b61fca1 [eth/63]
cmHR: H: 2 R: 0
this is rm.proposerPeer  Peer d67104e65b61fca1 [eth/63]
INFO [11-05|23:58:34] In IsValid() 
len(lockset.Votes): 3 lockset.EligibleVotesNum: 4
INFO [11-05|23:58:34] in cm collectMsig,                       h=1 r=1
INFO [11-05|23:58:34] in HasQuorum 
INFO [11-05|23:58:34] In IsValid() 
len(lockset.Votes): 3 lockset.EligibleVotesNum: 4
INFO [11-05|23:58:34] In IsValid() 
len(lockset.Votes): 3 lockset.EligibleVotesNum: 4
INFO [11-05|23:58:34] In addBlockCandidates!! 
INFO [11-05|23:58:34] -------in handle VotingInstruction, success!------ 
INFO [11-05|23:58:34] Commit new mining work                   number=2 txs=1599 uncles=0 elapsed=2.494s
INFO [11-05|23:58:34] Sealing                                  block n=2
StartConsensus, 1541433514843494000
INFO [11-05|23:58:34] Start Process 
INFO [11-05|23:58:34] in cm.Process, check lastCommittingLockset() 
INFO [11-05|23:58:34] In IsValid() 
len(lockset.Votes): 4 lockset.EligibleVotesNum: 4
INFO [11-05|23:58:34] in HasQuorum 
INFO [11-05|23:58:34] In IsValid() 
len(lockset.Votes): 4 lockset.EligibleVotesNum: 4
INFO [11-05|23:58:34] In IsValid() 
len(lockset.Votes): 0 lockset.EligibleVotesNum: 4
=====CM.COINBASE IS:===== [220 236 234 243 252 92 10 99 209 149 214 155 26 144 1 27 123 25 101 13] block number is: 2
INFO [11-05|23:58:34] case: default, cm.process 
ready: 4 need: 2.6666667
INFO [11-05|23:58:34] ---------------process------------------ 
INFO [11-05|23:58:34] In RM Process                            height=2 round=0
INFO [11-05|23:58:34] --------In rm.propose------- 
INFO [11-05|23:58:34] I am a proposer in                       height=2 round=0
INFO [11-05|23:58:34] in propose, check lastRoundLockset 
lastRoundLockset, hm.activeround: 0
INFO [11-05|23:58:34] ------in mkProposal------ 
INFO [11-05|23:58:34] In IsValid() 
len(lockset.Votes): 4 lockset.EligibleVotesNum: 4
INFO [11-05|23:58:34] in HasQuorum 
INFO [11-05|23:58:34] In IsValid() 
len(lockset.Votes): 4 lockset.EligibleVotesNum: 4
INFO [11-05|23:58:34] In IsValid() 
len(lockset.Votes): 0 lockset.EligibleVotesNum: 4
INFO [11-05|23:58:34] LockSet(R-1) is nil (rm.round should equal to zero) 
INFO [11-05|23:58:34] in HasQuorum 
INFO [11-05|23:58:34] In IsValid() 
len(lockset.Votes): 4 lockset.EligibleVotesNum: 4
INFO [11-05|23:58:34] in HasQuorum 
INFO [11-05|23:58:34] In IsValid() 
len(lockset.Votes): 4 lockset.EligibleVotesNum: 4
Create block blockhash :  [28 101 214 208 56 165 210 18 252 134 114 249 109 241 51 78 106 195 94 62 223 117 98 68 238 47 112 193 237 56 150 0]
INFO [11-05|23:58:34] In addBlockCandidates!! 
INFO [11-05|23:58:34] Send NewBlockProposalMsg:                LOG15_ERROR=                                                   LOG15_ERROR="Normalized odd number of arguments by adding nil"
INFO [11-05|23:58:34] Handle BFT Msg,                          msg="msg #18 (662 bytes)"
INFO [11-05|23:58:34] ------Received MsigProposalMsg------ 
mpHR: H: 2 R: 0 hash: [28 101 214 208 56 165 210 18 252 134 114 249 109 241 51 78 106 195 94 62 223 117 98 68 238 47 112 193 237 56 150 0]
cmHR: H: 2 R: 0
INFO [11-05|23:58:34] --------------------------------------- 
INFO [11-05|23:58:34] 1111111 
INFO [11-05|23:58:34] in MsigFinished 
len(mp.Msig.MsigVs): 2 mp.MsigVs: [0 27]
H====:  2 P==== 0
INFO [11-05|23:58:34] ---------------in rm.vote----------------- 
INFO [11-05|23:58:34] in vote in RM                            height=2 round=0
INFO [11-05|23:58:34] Timeout time not reach, curr vs timeout: curr=1541433514.000 timeout=1541433519.000
INFO [11-05|23:58:34] in rm.process, check lockset HasQuorum 
INFO [11-05|23:58:34] in HasQuorum 
INFO [11-05|23:58:34] In IsValid() 
len(lockset.Votes): 0 lockset.EligibleVotesNum: 4
INFO [11-05|23:58:34] rm lockset is not valid yet 
INFO [11-05|23:58:34] ------addmsigproposal success!------- 
INFO [11-05|23:58:34] Handle BFT Msg,                          msg="msg #17 (107 bytes)"
INFO [11-05|23:58:34] ------Received VoteMsg------ 
voteHR: H: 2 R: 0 voteType:: 1 voteHash: [28 101 214 208 56 165 210 18 252 134 114 249 109 241 51 78 106 195 94 62 223 117 98 68 238 47 112 193 237 56 150 0]
cmHR: H: 2 R: 0
INFO [11-05|23:58:34] --------------------------------------- 
INFO [11-05|23:58:34] addVote to                               height=2 round=0 from=0x598443f1880ef585b21f1d7585bd0577402861e5 success=true cm.coinbase=0xdceceaf3fc5c0a63d195d69b1a90011b7b19650d
INFO [11-05|23:58:34] ------in handle VoteMsg, success!------ 
INFO [11-05|23:58:34] after cm.process() 
INFO [11-05|23:58:35] case: default, cm.process 
ready: 4 need: 2.6666667
INFO [11-05|23:58:35] ---------------process------------------ 
INFO [11-05|23:58:35] In RM Process                            height=2 round=0
INFO [11-05|23:58:35] --------In rm.propose------- 
INFO [11-05|23:58:35] I am a proposer in                       height=2 round=0
INFO [11-05|23:58:35] ---------------in rm.vote----------------- 
INFO [11-05|23:58:35] in vote in RM                            height=2 round=0
INFO [11-05|23:58:35] vote mp 
INFO [11-05|23:58:35] vote success in                          height=2 round=0
INFO [11-05|23:58:35] Send VoteMsg 
INFO [11-05|23:58:35] in rm.process, check lockset HasQuorum 
INFO [11-05|23:58:35] in HasQuorum 
INFO [11-05|23:58:35] In IsValid() 
len(lockset.Votes): 2 lockset.EligibleVotesNum: 4
INFO [11-05|23:58:35] rm lockset is not valid yet 
INFO [11-05|23:58:35] after cm.process() 
INFO [11-05|23:58:35] case: default, cm.process 
ready: 4 need: 2.6666667
INFO [11-05|23:58:35] ---------------process------------------ 
INFO [11-05|23:58:35] In RM Process                            height=2 round=0
INFO [11-05|23:58:35] --------In rm.propose------- 
INFO [11-05|23:58:35] I am a proposer in                       height=2 round=0
INFO [11-05|23:58:35] ---------------in rm.vote----------------- 
INFO [11-05|23:58:35] voted 
INFO [11-05|23:58:35] in rm.process, check lockset HasQuorum 
INFO [11-05|23:58:35] in HasQuorum 
INFO [11-05|23:58:35] In IsValid() 
len(lockset.Votes): 2 lockset.EligibleVotesNum: 4
INFO [11-05|23:58:35] rm lockset is not valid yet 
INFO [11-05|23:58:35] after cm.process() 
INFO [11-05|23:58:35] case: default, cm.process 
ready: 4 need: 2.6666667
INFO [11-05|23:58:35] ---------------process------------------ 
INFO [11-05|23:58:35] In RM Process                            height=2 round=0
INFO [11-05|23:58:35] --------In rm.propose------- 
INFO [11-05|23:58:35] I am a proposer in                       height=2 round=0
INFO [11-05|23:58:35] ---------------in rm.vote----------------- 
INFO [11-05|23:58:35] voted 
INFO [11-05|23:58:35] in rm.process, check lockset HasQuorum 
INFO [11-05|23:58:35] in HasQuorum 
INFO [11-05|23:58:35] In IsValid() 
len(lockset.Votes): 2 lockset.EligibleVotesNum: 4
INFO [11-05|23:58:35] rm lockset is not valid yet 
INFO [11-05|23:58:35] after cm.process() 
INFO [11-05|23:58:35] case: default, cm.process 
ready: 4 need: 2.6666667
INFO [11-05|23:58:35] ---------------process------------------ 
INFO [11-05|23:58:35] In RM Process                            height=2 round=0
INFO [11-05|23:58:35] --------In rm.propose------- 
INFO [11-05|23:58:35] I am a proposer in                       height=2 round=0
INFO [11-05|23:58:35] ---------------in rm.vote----------------- 
INFO [11-05|23:58:35] voted 
INFO [11-05|23:58:35] in rm.process, check lockset HasQuorum 
INFO [11-05|23:58:35] in HasQuorum 
INFO [11-05|23:58:35] In IsValid() 
len(lockset.Votes): 2 lockset.EligibleVotesNum: 4
INFO [11-05|23:58:35] rm lockset is not valid yet 
INFO [11-05|23:58:35] after cm.process() 
INFO [11-05|23:58:35] case: default, cm.process 
ready: 4 need: 2.6666667
INFO [11-05|23:58:35] ---------------process------------------ 
INFO [11-05|23:58:35] In RM Process                            height=2 round=0
INFO [11-05|23:58:35] --------In rm.propose------- 
INFO [11-05|23:58:35] I am a proposer in                       height=2 round=0
INFO [11-05|23:58:35] ---------------in rm.vote----------------- 
INFO [11-05|23:58:35] voted 
INFO [11-05|23:58:35] in rm.process, check lockset HasQuorum 
INFO [11-05|23:58:35] in HasQuorum 
INFO [11-05|23:58:35] In IsValid() 
len(lockset.Votes): 2 lockset.EligibleVotesNum: 4
INFO [11-05|23:58:35] rm lockset is not valid yet 
INFO [11-05|23:58:35] after cm.process() 
INFO [11-05|23:58:35] case: default, cm.process 
ready: 4 need: 2.6666667
INFO [11-05|23:58:35] ---------------process------------------ 
INFO [11-05|23:58:35] In RM Process                            height=2 round=0
INFO [11-05|23:58:35] --------In rm.propose------- 
INFO [11-05|23:58:35] I am a proposer in                       height=2 round=0
INFO [11-05|23:58:35] ---------------in rm.vote----------------- 
INFO [11-05|23:58:35] voted 
INFO [11-05|23:58:35] in rm.process, check lockset HasQuorum 
INFO [11-05|23:58:35] in HasQuorum 
INFO [11-05|23:58:35] In IsValid() 
len(lockset.Votes): 2 lockset.EligibleVotesNum: 4
INFO [11-05|23:58:35] rm lockset is not valid yet 
INFO [11-05|23:58:35] after cm.process() 
INFO [11-05|23:58:35] case: default, cm.process 
ready: 4 need: 2.6666667
INFO [11-05|23:58:35] ---------------process------------------ 
INFO [11-05|23:58:35] In RM Process                            height=2 round=0
INFO [11-05|23:58:35] --------In rm.propose------- 
INFO [11-05|23:58:35] I am a proposer in                       height=2 round=0
INFO [11-05|23:58:35] ---------------in rm.vote----------------- 
INFO [11-05|23:58:35] voted 
INFO [11-05|23:58:35] in rm.process, check lockset HasQuorum 
INFO [11-05|23:58:35] in HasQuorum 
INFO [11-05|23:58:35] In IsValid() 
len(lockset.Votes): 2 lockset.EligibleVotesNum: 4
INFO [11-05|23:58:35] rm lockset is not valid yet 
INFO [11-05|23:58:35] after cm.process() 
INFO [11-05|23:58:35] case: default, cm.process 
ready: 4 need: 2.6666667
INFO [11-05|23:58:35] ---------------process------------------ 
INFO [11-05|23:58:35] In RM Process                            height=2 round=0
INFO [11-05|23:58:35] --------In rm.propose------- 
INFO [11-05|23:58:35] I am a proposer in                       height=2 round=0
INFO [11-05|23:58:35] ---------------in rm.vote----------------- 
INFO [11-05|23:58:35] voted 
INFO [11-05|23:58:35] in rm.process, check lockset HasQuorum 
INFO [11-05|23:58:35] in HasQuorum 
INFO [11-05|23:58:35] In IsValid() 
len(lockset.Votes): 2 lockset.EligibleVotesNum: 4
INFO [11-05|23:58:35] rm lockset is not valid yet 
INFO [11-05|23:58:35] after cm.process() 
INFO [11-05|23:58:35] case: default, cm.process 
ready: 4 need: 2.6666667
INFO [11-05|23:58:35] ---------------process------------------ 
INFO [11-05|23:58:35] In RM Process                            height=2 round=0
INFO [11-05|23:58:35] --------In rm.propose------- 
INFO [11-05|23:58:35] I am a proposer in                       height=2 round=0
INFO [11-05|23:58:35] ---------------in rm.vote----------------- 
INFO [11-05|23:58:35] voted 
INFO [11-05|23:58:35] in rm.process, check lockset HasQuorum 
INFO [11-05|23:58:35] in HasQuorum 
INFO [11-05|23:58:35] In IsValid() 
len(lockset.Votes): 2 lockset.EligibleVotesNum: 4
INFO [11-05|23:58:35] rm lockset is not valid yet 
INFO [11-05|23:58:35] after cm.process() 
INFO [11-05|23:58:35] case: default, cm.process 
ready: 4 need: 2.6666667
INFO [11-05|23:58:35] ---------------process------------------ 
INFO [11-05|23:58:35] In RM Process                            height=2 round=0
INFO [11-05|23:58:35] --------In rm.propose------- 
INFO [11-05|23:58:35] I am a proposer in                       height=2 round=0
INFO [11-05|23:58:35] ---------------in rm.vote----------------- 
INFO [11-05|23:58:35] voted 
INFO [11-05|23:58:35] in rm.process, check lockset HasQuorum 
INFO [11-05|23:58:35] in HasQuorum 
INFO [11-05|23:58:35] In IsValid() 
len(lockset.Votes): 2 lockset.EligibleVotesNum: 4
INFO [11-05|23:58:35] rm lockset is not valid yet 
INFO [11-05|23:58:35] after cm.process() 
INFO [11-05|23:58:36] case: default, cm.process 
ready: 4 need: 2.6666667
INFO [11-05|23:58:36] ---------------process------------------ 
INFO [11-05|23:58:36] In RM Process                            height=2 round=0
INFO [11-05|23:58:36] --------In rm.propose------- 
INFO [11-05|23:58:36] I am a proposer in                       height=2 round=0
INFO [11-05|23:58:36] ---------------in rm.vote----------------- 
INFO [11-05|23:58:36] voted 
INFO [11-05|23:58:36] in rm.process, check lockset HasQuorum 
INFO [11-05|23:58:36] in HasQuorum 
INFO [11-05|23:58:36] In IsValid() 
len(lockset.Votes): 2 lockset.EligibleVotesNum: 4
INFO [11-05|23:58:36] rm lockset is not valid yet 
INFO [11-05|23:58:36] after cm.process() 
INFO [11-05|23:58:36] Handle BFT Msg,                          msg="msg #17 (107 bytes)"
INFO [11-05|23:58:36] ------Received VoteMsg------ 
voteHR: H: 2 R: 0 voteType:: 2 voteHash: [0 0 0 0 0 0 0 0 0 0 0 0 0 0 0 0 0 0 0 0 0 0 0 0 0 0 0 0 0 0 0 0]
cmHR: H: 2 R: 0
INFO [11-05|23:58:36] --------------------------------------- 
INFO [11-05|23:58:36] addVote to                               height=2 round=0 from=0x7d577a597b2742b498cb5cf0c26cdcd726d39e6e success=true cm.coinbase=0xdceceaf3fc5c0a63d195d69b1a90011b7b19650d
INFO [11-05|23:58:36] ------in handle VoteMsg, success!------ 
INFO [11-05|23:58:36] case: default, cm.process 
ready: 4 need: 2.6666667
INFO [11-05|23:58:36] ---------------process------------------ 
INFO [11-05|23:58:36] In RM Process                            height=2 round=0
INFO [11-05|23:58:36] --------In rm.propose------- 
INFO [11-05|23:58:36] I am a proposer in                       height=2 round=0
INFO [11-05|23:58:36] ---------------in rm.vote----------------- 
INFO [11-05|23:58:36] voted 
INFO [11-05|23:58:36] in rm.process, check lockset HasQuorum 
INFO [11-05|23:58:36] in HasQuorum 
INFO [11-05|23:58:36] In IsValid() 
len(lockset.Votes): 3 lockset.EligibleVotesNum: 4
INFO [11-05|23:58:36] rm lockset is not valid yet 
INFO [11-05|23:58:36] after cm.process() 
INFO [11-05|23:58:36] case: default, cm.process 
ready: 4 need: 2.6666667
INFO [11-05|23:58:36] ---------------process------------------ 
INFO [11-05|23:58:36] In RM Process                            height=2 round=0
INFO [11-05|23:58:36] --------In rm.propose------- 
INFO [11-05|23:58:36] I am a proposer in                       height=2 round=0
INFO [11-05|23:58:36] ---------------in rm.vote----------------- 
INFO [11-05|23:58:36] voted 
INFO [11-05|23:58:36] in rm.process, check lockset HasQuorum 
INFO [11-05|23:58:36] in HasQuorum 
INFO [11-05|23:58:36] In IsValid() 
len(lockset.Votes): 3 lockset.EligibleVotesNum: 4
INFO [11-05|23:58:36] rm lockset is not valid yet 
INFO [11-05|23:58:36] after cm.process() 
INFO [11-05|23:58:36] case: default, cm.process 
ready: 4 need: 2.6666667
INFO [11-05|23:58:36] ---------------process------------------ 
INFO [11-05|23:58:36] In RM Process                            height=2 round=0
INFO [11-05|23:58:36] --------In rm.propose------- 
INFO [11-05|23:58:36] I am a proposer in                       height=2 round=0
INFO [11-05|23:58:36] ---------------in rm.vote----------------- 
INFO [11-05|23:58:36] voted 
INFO [11-05|23:58:36] in rm.process, check lockset HasQuorum 
INFO [11-05|23:58:36] in HasQuorum 
INFO [11-05|23:58:36] In IsValid() 
len(lockset.Votes): 3 lockset.EligibleVotesNum: 4
INFO [11-05|23:58:36] rm lockset is not valid yet 
INFO [11-05|23:58:36] after cm.process() 
INFO [11-05|23:58:36] case: default, cm.process 
ready: 4 need: 2.6666667
INFO [11-05|23:58:36] ---------------process------------------ 
INFO [11-05|23:58:36] In RM Process                            height=2 round=0
INFO [11-05|23:58:36] --------In rm.propose------- 
INFO [11-05|23:58:36] I am a proposer in                       height=2 round=0
INFO [11-05|23:58:36] ---------------in rm.vote----------------- 
INFO [11-05|23:58:36] voted 
INFO [11-05|23:58:36] in rm.process, check lockset HasQuorum 
INFO [11-05|23:58:36] in HasQuorum 
INFO [11-05|23:58:36] In IsValid() 
len(lockset.Votes): 3 lockset.EligibleVotesNum: 4
INFO [11-05|23:58:36] rm lockset is not valid yet 
INFO [11-05|23:58:36] after cm.process() 
INFO [11-05|23:58:36] case: default, cm.process 
ready: 4 need: 2.6666667
INFO [11-05|23:58:36] ---------------process------------------ 
INFO [11-05|23:58:36] In RM Process                            height=2 round=0
INFO [11-05|23:58:36] --------In rm.propose------- 
INFO [11-05|23:58:36] I am a proposer in                       height=2 round=0
INFO [11-05|23:58:36] ---------------in rm.vote----------------- 
INFO [11-05|23:58:36] voted 
INFO [11-05|23:58:36] in rm.process, check lockset HasQuorum 
INFO [11-05|23:58:36] in HasQuorum 
INFO [11-05|23:58:36] In IsValid() 
len(lockset.Votes): 3 lockset.EligibleVotesNum: 4
INFO [11-05|23:58:36] rm lockset is not valid yet 
INFO [11-05|23:58:36] after cm.process() 
INFO [11-05|23:58:36] case: default, cm.process 
ready: 4 need: 2.6666667
INFO [11-05|23:58:36] ---------------process------------------ 
INFO [11-05|23:58:36] In RM Process                            height=2 round=0
INFO [11-05|23:58:36] --------In rm.propose------- 
INFO [11-05|23:58:36] I am a proposer in                       height=2 round=0
INFO [11-05|23:58:36] ---------------in rm.vote----------------- 
INFO [11-05|23:58:36] voted 
INFO [11-05|23:58:36] in rm.process, check lockset HasQuorum 
INFO [11-05|23:58:36] in HasQuorum 
INFO [11-05|23:58:36] In IsValid() 
len(lockset.Votes): 3 lockset.EligibleVotesNum: 4
INFO [11-05|23:58:36] rm lockset is not valid yet 
INFO [11-05|23:58:36] after cm.process() 
INFO [11-05|23:58:36] case: default, cm.process 
ready: 4 need: 2.6666667
INFO [11-05|23:58:36] ---------------process------------------ 
INFO [11-05|23:58:36] In RM Process                            height=2 round=0
INFO [11-05|23:58:36] --------In rm.propose------- 
INFO [11-05|23:58:36] I am a proposer in                       height=2 round=0
INFO [11-05|23:58:36] ---------------in rm.vote----------------- 
INFO [11-05|23:58:36] voted 
INFO [11-05|23:58:36] in rm.process, check lockset HasQuorum 
INFO [11-05|23:58:36] in HasQuorum 
INFO [11-05|23:58:36] In IsValid() 
len(lockset.Votes): 3 lockset.EligibleVotesNum: 4
INFO [11-05|23:58:36] rm lockset is not valid yet 
INFO [11-05|23:58:36] after cm.process() 
INFO [11-05|23:58:36] case: default, cm.process 
ready: 4 need: 2.6666667
INFO [11-05|23:58:36] ---------------process------------------ 
INFO [11-05|23:58:36] In RM Process                            height=2 round=0
INFO [11-05|23:58:36] --------In rm.propose------- 
INFO [11-05|23:58:36] I am a proposer in                       height=2 round=0
INFO [11-05|23:58:36] ---------------in rm.vote----------------- 
INFO [11-05|23:58:36] voted 
INFO [11-05|23:58:36] in rm.process, check lockset HasQuorum 
INFO [11-05|23:58:36] in HasQuorum 
INFO [11-05|23:58:36] In IsValid() 
len(lockset.Votes): 3 lockset.EligibleVotesNum: 4
INFO [11-05|23:58:36] rm lockset is not valid yet 
INFO [11-05|23:58:36] after cm.process() 
INFO [11-05|23:58:37] case: default, cm.process 
ready: 4 need: 2.6666667
INFO [11-05|23:58:37] ---------------process------------------ 
INFO [11-05|23:58:37] In RM Process                            height=2 round=0
INFO [11-05|23:58:37] --------In rm.propose------- 
INFO [11-05|23:58:37] I am a proposer in                       height=2 round=0
INFO [11-05|23:58:37] ---------------in rm.vote----------------- 
INFO [11-05|23:58:37] voted 
INFO [11-05|23:58:37] in rm.process, check lockset HasQuorum 
INFO [11-05|23:58:37] in HasQuorum 
INFO [11-05|23:58:37] In IsValid() 
len(lockset.Votes): 3 lockset.EligibleVotesNum: 4
INFO [11-05|23:58:37] rm lockset is not valid yet 
INFO [11-05|23:58:37] after cm.process() 
INFO [11-05|23:58:37] Handle BFT Msg,                          msg="msg #17 (107 bytes)"
INFO [11-05|23:58:37] ------Received VoteMsg------ 
voteHR: H: 2 R: 0 voteType:: 2 voteHash: [0 0 0 0 0 0 0 0 0 0 0 0 0 0 0 0 0 0 0 0 0 0 0 0 0 0 0 0 0 0 0 0]
cmHR: H: 2 R: 0
INFO [11-05|23:58:37] --------------------------------------- 
INFO [11-05|23:58:37] addVote to                               height=2 round=0 from=0x82a978b3f5962a5b0957d9ee9eef472ee55b42f1 success=true cm.coinbase=0xdceceaf3fc5c0a63d195d69b1a90011b7b19650d
INFO [11-05|23:58:37] ------in handle VoteMsg, success!------ 
INFO [11-05|23:58:37] case: default, cm.process 
ready: 4 need: 2.6666667
INFO [11-05|23:58:37] ---------------process------------------ 
INFO [11-05|23:58:37] In RM Process                            height=2 round=0
INFO [11-05|23:58:37] --------In rm.propose------- 
INFO [11-05|23:58:37] I am a proposer in                       height=2 round=0
INFO [11-05|23:58:37] ---------------in rm.vote----------------- 
INFO [11-05|23:58:37] voted 
INFO [11-05|23:58:37] in rm.process, check lockset HasQuorum 
INFO [11-05|23:58:37] in HasQuorum 
INFO [11-05|23:58:37] In IsValid() 
len(lockset.Votes): 4 lockset.EligibleVotesNum: 4
INFO [11-05|23:58:37] rm lockset is not valid yet 
INFO [11-05|23:58:37] after cm.process() 
INFO [11-05|23:58:37] case: default, cm.process 
ready: 4 need: 2.6666667
INFO [11-05|23:58:37] ---------------process------------------ 
INFO [11-05|23:58:37] In RM Process                            height=2 round=0
INFO [11-05|23:58:37] --------In rm.propose------- 
INFO [11-05|23:58:37] I am a proposer in                       height=2 round=0
INFO [11-05|23:58:37] ---------------in rm.vote----------------- 
INFO [11-05|23:58:37] voted 
INFO [11-05|23:58:37] in rm.process, check lockset HasQuorum 
INFO [11-05|23:58:37] in HasQuorum 
INFO [11-05|23:58:37] In IsValid() 
len(lockset.Votes): 4 lockset.EligibleVotesNum: 4
INFO [11-05|23:58:37] rm lockset is not valid yet 
INFO [11-05|23:58:37] after cm.process() 
INFO [11-05|23:58:37] case: default, cm.process 
ready: 4 need: 2.6666667
INFO [11-05|23:58:37] ---------------process------------------ 
INFO [11-05|23:58:37] In RM Process                            height=2 round=0
INFO [11-05|23:58:37] --------In rm.propose------- 
INFO [11-05|23:58:37] I am a proposer in                       height=2 round=0
INFO [11-05|23:58:37] ---------------in rm.vote----------------- 
INFO [11-05|23:58:37] voted 
INFO [11-05|23:58:37] in rm.process, check lockset HasQuorum 
INFO [11-05|23:58:37] in HasQuorum 
INFO [11-05|23:58:37] In IsValid() 
len(lockset.Votes): 4 lockset.EligibleVotesNum: 4
INFO [11-05|23:58:37] rm lockset is not valid yet 
INFO [11-05|23:58:37] after cm.process() 
INFO [11-05|23:58:37] case: default, cm.process 
ready: 4 need: 2.6666667
INFO [11-05|23:58:37] ---------------process------------------ 
INFO [11-05|23:58:37] In RM Process                            height=2 round=0
INFO [11-05|23:58:37] --------In rm.propose------- 
INFO [11-05|23:58:37] I am a proposer in                       height=2 round=0
INFO [11-05|23:58:37] ---------------in rm.vote----------------- 
INFO [11-05|23:58:37] voted 
INFO [11-05|23:58:37] in rm.process, check lockset HasQuorum 
INFO [11-05|23:58:37] in HasQuorum 
INFO [11-05|23:58:37] In IsValid() 
len(lockset.Votes): 4 lockset.EligibleVotesNum: 4
INFO [11-05|23:58:37] rm lockset is not valid yet 
INFO [11-05|23:58:37] after cm.process() 
INFO [11-05|23:58:37] case: default, cm.process 
ready: 4 need: 2.6666667
INFO [11-05|23:58:37] ---------------process------------------ 
INFO [11-05|23:58:37] In RM Process                            height=2 round=0
INFO [11-05|23:58:37] --------In rm.propose------- 
INFO [11-05|23:58:37] I am a proposer in                       height=2 round=0
INFO [11-05|23:58:37] ---------------in rm.vote----------------- 
INFO [11-05|23:58:37] voted 
INFO [11-05|23:58:37] in rm.process, check lockset HasQuorum 
INFO [11-05|23:58:37] in HasQuorum 
INFO [11-05|23:58:37] In IsValid() 
len(lockset.Votes): 4 lockset.EligibleVotesNum: 4
INFO [11-05|23:58:37] rm lockset is not valid yet 
INFO [11-05|23:58:37] after cm.process() 
INFO [11-05|23:58:37] case: default, cm.process 
ready: 4 need: 2.6666667
INFO [11-05|23:58:37] ---------------process------------------ 
INFO [11-05|23:58:37] In RM Process                            height=2 round=0
INFO [11-05|23:58:37] --------In rm.propose------- 
INFO [11-05|23:58:37] I am a proposer in                       height=2 round=0
INFO [11-05|23:58:37] ---------------in rm.vote----------------- 
INFO [11-05|23:58:37] voted 
INFO [11-05|23:58:37] in rm.process, check lockset HasQuorum 
INFO [11-05|23:58:37] in HasQuorum 
INFO [11-05|23:58:37] In IsValid() 
len(lockset.Votes): 4 lockset.EligibleVotesNum: 4
INFO [11-05|23:58:37] rm lockset is not valid yet 
INFO [11-05|23:58:37] after cm.process() 
INFO [11-05|23:58:37] case: default, cm.process 
ready: 4 need: 2.6666667
INFO [11-05|23:58:37] ---------------process------------------ 
INFO [11-05|23:58:37] In RM Process                            height=2 round=0
INFO [11-05|23:58:37] --------In rm.propose------- 
INFO [11-05|23:58:37] I am a proposer in                       height=2 round=0
INFO [11-05|23:58:37] ---------------in rm.vote----------------- 
INFO [11-05|23:58:37] voted 
INFO [11-05|23:58:37] in rm.process, check lockset HasQuorum 
INFO [11-05|23:58:37] in HasQuorum 
INFO [11-05|23:58:37] In IsValid() 
len(lockset.Votes): 4 lockset.EligibleVotesNum: 4
INFO [11-05|23:58:37] rm lockset is not valid yet 
INFO [11-05|23:58:37] after cm.process() 
INFO [11-05|23:58:37] case: default, cm.process 
ready: 4 need: 2.6666667
INFO [11-05|23:58:37] ---------------process------------------ 
INFO [11-05|23:58:37] In RM Process                            height=2 round=0
INFO [11-05|23:58:37] --------In rm.propose------- 
INFO [11-05|23:58:37] I am a proposer in                       height=2 round=0
INFO [11-05|23:58:37] ---------------in rm.vote----------------- 
INFO [11-05|23:58:37] voted 
INFO [11-05|23:58:37] in rm.process, check lockset HasQuorum 
INFO [11-05|23:58:37] in HasQuorum 
INFO [11-05|23:58:37] In IsValid() 
len(lockset.Votes): 4 lockset.EligibleVotesNum: 4
INFO [11-05|23:58:37] rm lockset is not valid yet 
INFO [11-05|23:58:37] after cm.process() 
INFO [11-05|23:58:37] case: default, cm.process 
ready: 4 need: 2.6666667
INFO [11-05|23:58:37] ---------------process------------------ 
INFO [11-05|23:58:37] In RM Process                            height=2 round=0
INFO [11-05|23:58:37] --------In rm.propose------- 
INFO [11-05|23:58:37] I am a proposer in                       height=2 round=0
INFO [11-05|23:58:37] ---------------in rm.vote----------------- 
INFO [11-05|23:58:37] voted 
INFO [11-05|23:58:37] in rm.process, check lockset HasQuorum 
INFO [11-05|23:58:37] in HasQuorum 
INFO [11-05|23:58:37] In IsValid() 
len(lockset.Votes): 4 lockset.EligibleVotesNum: 4
INFO [11-05|23:58:37] rm lockset is not valid yet 
INFO [11-05|23:58:37] after cm.process() 
INFO [11-05|23:58:38] case: default, cm.process 
ready: 4 need: 2.6666667
INFO [11-05|23:58:38] ---------------process------------------ 
INFO [11-05|23:58:38] In RM Process                            height=2 round=0
INFO [11-05|23:58:38] --------In rm.propose------- 
INFO [11-05|23:58:38] I am a proposer in                       height=2 round=0
INFO [11-05|23:58:38] ---------------in rm.vote----------------- 
INFO [11-05|23:58:38] voted 
INFO [11-05|23:58:38] in rm.process, check lockset HasQuorum 
INFO [11-05|23:58:38] in HasQuorum 
INFO [11-05|23:58:38] In IsValid() 
len(lockset.Votes): 4 lockset.EligibleVotesNum: 4
INFO [11-05|23:58:38] rm lockset is not valid yet 
INFO [11-05|23:58:38] after cm.process() 
INFO [11-05|23:58:38] case: default, cm.process 
ready: 4 need: 2.6666667
INFO [11-05|23:58:38] ---------------process------------------ 
INFO [11-05|23:58:38] In RM Process                            height=2 round=0
INFO [11-05|23:58:38] --------In rm.propose------- 
INFO [11-05|23:58:38] I am a proposer in                       height=2 round=0
INFO [11-05|23:58:38] ---------------in rm.vote----------------- 
INFO [11-05|23:58:38] voted 
INFO [11-05|23:58:38] in rm.process, check lockset HasQuorum 
INFO [11-05|23:58:38] in HasQuorum 
INFO [11-05|23:58:38] In IsValid() 
len(lockset.Votes): 4 lockset.EligibleVotesNum: 4
INFO [11-05|23:58:38] rm lockset is not valid yet 
INFO [11-05|23:58:38] after cm.process() 
INFO [11-05|23:58:38] Handle BFT Msg,                          msg="msg #12 (173728 bytes)"
INFO [11-05|23:58:38] -------Received VotingInstructionMsg------- 
viHR: H: 2 R: 1
cmHR: H: 2 R: 0
INFO [11-05|23:58:38] --------------------------------------- 
# collMsig from = Peer 6d11b37ef4fc909a [eth/63]
cmHR: H: 2 R: 0
this is rm.proposerPeer  Peer 6d11b37ef4fc909a [eth/63]
INFO [11-05|23:58:38] In IsValid() 
len(lockset.Votes): 4 lockset.EligibleVotesNum: 4
INFO [11-05|23:58:38] in cm collectMsig,                       h=2 r=1
INFO [11-05|23:58:38] in HasQuorum 
INFO [11-05|23:58:38] In IsValid() 
len(lockset.Votes): 4 lockset.EligibleVotesNum: 4
INFO [11-05|23:58:38] In IsValid() 
len(lockset.Votes): 4 lockset.EligibleVotesNum: 4
INFO [11-05|23:58:38] in collectMsig, i am msig wintness 
INFO [11-05|23:58:38] case: default, cm.process 
ready: 4 need: 2.6666667
INFO [11-05|23:58:38] ---------------process------------------ 
INFO [11-05|23:58:38] Return MsigProposalMsg to                LOG15_ERROR=                                                   LOG15_ERROR="Normalized odd number of arguments by adding nil"
INFO [11-05|23:58:38] Sending MsigProposalMsg 
in cm.collectMsig, mp.MsigVs: [<nil> 28]
INFO [11-05|23:58:38] In addBlockCandidates!! 
INFO [11-05|23:58:38] In RM Process                            height=2 round=0
INFO [11-05|23:58:38] --------In rm.propose------- 
INFO [11-05|23:58:38] I am a proposer in                       height=2 round=0
INFO [11-05|23:58:38] ---------------in rm.vote----------------- 
INFO [11-05|23:58:38] voted 
INFO [11-05|23:58:38] in rm.process, check lockset HasQuorum 
INFO [11-05|23:58:38] in HasQuorum 
INFO [11-05|23:58:38] -------in handle VotingInstruction, success!------ 
INFO [11-05|23:58:38] In IsValid() 
len(lockset.Votes): 4 lockset.EligibleVotesNum: 4
INFO [11-05|23:58:38] rm lockset is not valid yet 
INFO [11-05|23:58:38] after cm.process() 
INFO [11-05|23:58:38] Handle BFT Msg,                          msg="msg #18 (662 bytes)"
INFO [11-05|23:58:38] ------Received MsigProposalMsg------ 
mpHR: H: 2 R: 1 hash: [139 122 225 242 216 6 143 190 66 154 124 100 152 218 61 224 231 211 58 84 6 4 185 188 55 113 63 101 248 147 159 159]
cmHR: H: 2 R: 0
INFO [11-05|23:58:38] --------------------------------------- 
INFO [11-05|23:58:38] 1111111 
INFO [11-05|23:58:38] in MsigFinished 
len(mp.Msig.MsigVs): 2 mp.MsigVs: [0 28]
H====:  2 P==== 0
INFO [11-05|23:58:38] ------addmsigproposal success!------- 
INFO [11-05|23:58:38] Handle BFT Msg,                          msg="msg #17 (107 bytes)"
INFO [11-05|23:58:38] ------Received VoteMsg------ 
voteHR: H: 2 R: 1 voteType:: 1 voteHash: [139 122 225 242 216 6 143 190 66 154 124 100 152 218 61 224 231 211 58 84 6 4 185 188 55 113 63 101 248 147 159 159]
cmHR: H: 2 R: 0
INFO [11-05|23:58:38] --------------------------------------- 
INFO [11-05|23:58:38] addVote to                               height=2 round=1 from=0x7d577a597b2742b498cb5cf0c26cdcd726d39e6e success=true cm.coinbase=0xdceceaf3fc5c0a63d195d69b1a90011b7b19650d
INFO [11-05|23:58:38] ------in handle VoteMsg, success!------ 
INFO [11-05|23:58:38] case: default, cm.process 
ready: 4 need: 2.6666667
INFO [11-05|23:58:38] ---------------process------------------ 
INFO [11-05|23:58:38] In RM Process                            height=2 round=0
INFO [11-05|23:58:38] --------In rm.propose------- 
INFO [11-05|23:58:38] I am a proposer in                       height=2 round=0
INFO [11-05|23:58:38] ---------------in rm.vote----------------- 
INFO [11-05|23:58:38] voted 
INFO [11-05|23:58:38] in rm.process, check lockset HasQuorum 
INFO [11-05|23:58:38] in HasQuorum 
INFO [11-05|23:58:38] In IsValid() 
len(lockset.Votes): 4 lockset.EligibleVotesNum: 4
INFO [11-05|23:58:38] rm lockset is not valid yet 
INFO [11-05|23:58:38] after cm.process() 
INFO [11-05|23:58:38] case: default, cm.process 
ready: 4 need: 2.6666667
INFO [11-05|23:58:38] ---------------process------------------ 
INFO [11-05|23:58:38] In RM Process                            height=2 round=0
INFO [11-05|23:58:38] --------In rm.propose------- 
INFO [11-05|23:58:38] I am a proposer in                       height=2 round=0
INFO [11-05|23:58:38] ---------------in rm.vote----------------- 
INFO [11-05|23:58:38] voted 
INFO [11-05|23:58:38] in rm.process, check lockset HasQuorum 
INFO [11-05|23:58:38] in HasQuorum 
INFO [11-05|23:58:38] In IsValid() 
len(lockset.Votes): 4 lockset.EligibleVotesNum: 4
INFO [11-05|23:58:38] rm lockset is not valid yet 
INFO [11-05|23:58:38] after cm.process() 
INFO [11-05|23:58:38] case: default, cm.process 
ready: 4 need: 2.6666667
INFO [11-05|23:58:38] ---------------process------------------ 
INFO [11-05|23:58:38] In RM Process                            height=2 round=0
INFO [11-05|23:58:38] --------In rm.propose------- 
INFO [11-05|23:58:38] I am a proposer in                       height=2 round=0
INFO [11-05|23:58:38] ---------------in rm.vote----------------- 
INFO [11-05|23:58:38] voted 
INFO [11-05|23:58:38] in rm.process, check lockset HasQuorum 
INFO [11-05|23:58:38] in HasQuorum 
INFO [11-05|23:58:38] In IsValid() 
len(lockset.Votes): 4 lockset.EligibleVotesNum: 4
INFO [11-05|23:58:38] rm lockset is not valid yet 
INFO [11-05|23:58:38] after cm.process() 
INFO [11-05|23:58:38] case: default, cm.process 
ready: 4 need: 2.6666667
INFO [11-05|23:58:38] ---------------process------------------ 
INFO [11-05|23:58:38] In RM Process                            height=2 round=0
INFO [11-05|23:58:38] --------In rm.propose------- 
INFO [11-05|23:58:38] I am a proposer in                       height=2 round=0
INFO [11-05|23:58:38] ---------------in rm.vote----------------- 
INFO [11-05|23:58:38] voted 
INFO [11-05|23:58:38] in rm.process, check lockset HasQuorum 
INFO [11-05|23:58:38] in HasQuorum 
INFO [11-05|23:58:38] In IsValid() 
len(lockset.Votes): 4 lockset.EligibleVotesNum: 4
INFO [11-05|23:58:38] rm lockset is not valid yet 
INFO [11-05|23:58:38] after cm.process() 
INFO [11-05|23:58:38] case: default, cm.process 
ready: 4 need: 2.6666667
INFO [11-05|23:58:38] ---------------process------------------ 
INFO [11-05|23:58:38] In RM Process                            height=2 round=0
INFO [11-05|23:58:38] --------In rm.propose------- 
INFO [11-05|23:58:38] I am a proposer in                       height=2 round=0
INFO [11-05|23:58:38] ---------------in rm.vote----------------- 
INFO [11-05|23:58:38] voted 
INFO [11-05|23:58:38] in rm.process, check lockset HasQuorum 
INFO [11-05|23:58:38] in HasQuorum 
INFO [11-05|23:58:38] In IsValid() 
len(lockset.Votes): 4 lockset.EligibleVotesNum: 4
INFO [11-05|23:58:38] rm lockset is not valid yet 
INFO [11-05|23:58:38] after cm.process() 
INFO [11-05|23:58:38] case: default, cm.process 
ready: 4 need: 2.6666667
INFO [11-05|23:58:38] ---------------process------------------ 
INFO [11-05|23:58:38] In RM Process                            height=2 round=0
INFO [11-05|23:58:38] --------In rm.propose------- 
INFO [11-05|23:58:38] I am a proposer in                       height=2 round=0
INFO [11-05|23:58:38] ---------------in rm.vote----------------- 
INFO [11-05|23:58:38] voted 
INFO [11-05|23:58:38] in rm.process, check lockset HasQuorum 
INFO [11-05|23:58:38] in HasQuorum 
INFO [11-05|23:58:38] In IsValid() 
len(lockset.Votes): 4 lockset.EligibleVotesNum: 4
INFO [11-05|23:58:38] rm lockset is not valid yet 
INFO [11-05|23:58:38] after cm.process() 
INFO [11-05|23:58:39] case: default, cm.process 
ready: 4 need: 2.6666667
INFO [11-05|23:58:39] ---------------process------------------ 
INFO [11-05|23:58:39] In RM Process                            height=2 round=0
INFO [11-05|23:58:39] --------In rm.propose------- 
INFO [11-05|23:58:39] I am a proposer in                       height=2 round=0
INFO [11-05|23:58:39] ---------------in rm.vote----------------- 
INFO [11-05|23:58:39] voted 
INFO [11-05|23:58:39] in rm.process, check lockset HasQuorum 
INFO [11-05|23:58:39] in HasQuorum 
INFO [11-05|23:58:39] In IsValid() 
len(lockset.Votes): 4 lockset.EligibleVotesNum: 4
INFO [11-05|23:58:39] rm lockset is not valid yet 
INFO [11-05|23:58:39] after cm.process() 
INFO [11-05|23:58:39] case: default, cm.process 
ready: 4 need: 2.6666667
INFO [11-05|23:58:39] ---------------process------------------ 
INFO [11-05|23:58:39] In RM Process                            height=2 round=1
INFO [11-05|23:58:39] --------In rm.propose------- 
INFO [11-05|23:58:39] ---------------in rm.vote----------------- 
INFO [11-05|23:58:39] in vote in RM                            height=2 round=1
INFO [11-05|23:58:39] vote mp 
INFO [11-05|23:58:39] vote success in                          height=2 round=1
INFO [11-05|23:58:39] Send VoteMsg 
INFO [11-05|23:58:39] in rm.process, check lockset HasQuorum 
INFO [11-05|23:58:39] in HasQuorum 
INFO [11-05|23:58:39] In IsValid() 
len(lockset.Votes): 2 lockset.EligibleVotesNum: 4
INFO [11-05|23:58:39] rm lockset is not valid yet 
INFO [11-05|23:58:39] after cm.process() 
INFO [11-05|23:58:39] Handle BFT Msg,                          msg="msg #17 (107 bytes)"
INFO [11-05|23:58:39] ------Received VoteMsg------ 
voteHR: H: 2 R: 1 voteType:: 1 voteHash: [139 122 225 242 216 6 143 190 66 154 124 100 152 218 61 224 231 211 58 84 6 4 185 188 55 113 63 101 248 147 159 159]
cmHR: H: 2 R: 1
INFO [11-05|23:58:39] --------------------------------------- 
INFO [11-05|23:58:39] addVote to                               height=2 round=1 from=0x82a978b3f5962a5b0957d9ee9eef472ee55b42f1 success=true cm.coinbase=0xdceceaf3fc5c0a63d195d69b1a90011b7b19650d
INFO [11-05|23:58:39] ------in handle VoteMsg, success!------ 
INFO [11-05|23:58:39] Handle BFT Msg,                          msg="msg #17 (107 bytes)"
INFO [11-05|23:58:39] ------Received VoteMsg------ 
voteHR: H: 2 R: 1 voteType:: 1 voteHash: [139 122 225 242 216 6 143 190 66 154 124 100 152 218 61 224 231 211 58 84 6 4 185 188 55 113 63 101 248 147 159 159]
cmHR: H: 2 R: 1
INFO [11-05|23:58:39] --------------------------------------- 
INFO [11-05|23:58:39] addVote to                               height=2 round=1 from=0x598443f1880ef585b21f1d7585bd0577402861e5 success=true cm.coinbase=0xdceceaf3fc5c0a63d195d69b1a90011b7b19650d
INFO [11-05|23:58:39] ------in handle VoteMsg, success!------ 
INFO [11-05|23:58:39] Handle BFT Msg,                          msg="msg #0 (0 bytes)"
INFO [11-05|23:58:39] Ethereum message handling failed         id=d9d5b902798f5c42 conn=staticdial err=EOF
INFO [11-05|23:58:39] Removing Ethereum peer                   peer=d9d5b902798f5c42
INFO [11-05|23:58:39] Handle BFT Msg,                          msg="msg #0 (0 bytes)"
INFO [11-05|23:58:39] Ethereum message handling failed         id=d67104e65b61fca1 conn=staticdial err=EOF
INFO [11-05|23:58:39] Removing Ethereum peer                   peer=d67104e65b61fca1
INFO [11-05|23:58:39] case: default, cm.process 
ready: 4 need: 2.6666667
INFO [11-05|23:58:39] ---------------process------------------ 
INFO [11-05|23:58:39] In RM Process                            height=2 round=1
INFO [11-05|23:58:39] --------In rm.propose------- 
INFO [11-05|23:58:39] ---------------in rm.vote----------------- 
INFO [11-05|23:58:39] voted 
INFO [11-05|23:58:39] in rm.process, check lockset HasQuorum 
INFO [11-05|23:58:39] in HasQuorum 
INFO [11-05|23:58:39] In IsValid() 
len(lockset.Votes): 4 lockset.EligibleVotesNum: 4
INFO [11-05|23:58:39] There is a quorum                        height=2 round=1
--- in rm.process p.id: --- <nil>
INFO [11-05|23:58:39] ============in cm.commitLockset============ 
INFO [11-05|23:58:39] in commitLockset, check ls HasQuorum 
INFO [11-05|23:58:39] in HasQuorum 
INFO [11-05|23:58:39] In IsValid() 
len(lockset.Votes): 4 lockset.EligibleVotesNum: 4
INFO [11-05|23:58:39] cm.found is not nil 
INFO [11-05|23:58:39] store lockset 
INFO [11-05|23:58:39] have a consensus on the block 
INFO [11-05|23:58:39] result.Header().Coinbase != b.signer 
panic: runtime error: invalid memory address or nil pointer dereference
[signal SIGSEGV: segmentation violation code=0x1 addr=0x0 pc=0x46f77cc]

goroutine 60226 [running]:
github.com/ethereum/go-ethereum/consensus/bft.(*ConsensusManager).commitLockset(0xc4201d2240, 0xbe8f06d8f2e17a8b, 0xe03dda98647c9a42, 0xbcb90406543ad3e7, 0x9f9f93f8653f7137, 0xc42a596410, 0x0)
	/Users/sujianwei20/new_misgcode/go_ethereum_cosi/build/_workspace/src/github.com/ethereum/go-ethereum/consensus/bft/bft_manager.go:457 +0x5cc
github.com/ethereum/go-ethereum/consensus/bft.(*RoundManager).process(0xc4279dde80)
	/Users/sujianwei20/new_misgcode/go_ethereum_cosi/build/_workspace/src/github.com/ethereum/go-ethereum/consensus/bft/bft_manager.go:1152 +0x58b
github.com/ethereum/go-ethereum/consensus/bft.(*HeightManager).process(0xc42a8e6840)
	/Users/sujianwei20/new_misgcode/go_ethereum_cosi/build/_workspace/src/github.com/ethereum/go-ethereum/consensus/bft/bft_manager.go:1017 +0x42
github.com/ethereum/go-ethereum/consensus/bft.(*ConsensusManager).process(0xc4201d2240)
	/Users/sujianwei20/new_misgcode/go_ethereum_cosi/build/_workspace/src/github.com/ethereum/go-ethereum/consensus/bft/bft_manager.go:408 +0x16d
github.com/ethereum/go-ethereum/consensus/bft.(*ConsensusManager).Process(0xc4201d2240, 0xc42bf1fc20, 0xc4253709c0, 0xc425370a20)
	/Users/sujianwei20/new_misgcode/go_ethereum_cosi/build/_workspace/src/github.com/ethereum/go-ethereum/consensus/bft/bft_manager.go:390 +0x453
created by github.com/ethereum/go-ethereum/consensus/bft.(*BFT).Seal
	/Users/sujianwei20/new_misgcode/go_ethereum_cosi/build/_workspace/src/github.com/ethereum/go-ethereum/consensus/bft/bft.go:167 +0x39d
