INFO [10-05|17:15:44] Starting peer-to-peer node               instance=Geth/v1.6.7-unstable-4802f345/darwin-amd64/go1.9.2
INFO [10-05|17:15:44] Allocated cache and file handles         database=/Users/sujianwei20/new_misgcode/msigcode/examples/data/node1/geth/chaindata cache=128 handles=1024
WARN [10-05|17:15:44] Upgrading chain database to use sequential keys 
INFO [10-05|17:15:44] Initialised chain configuration          config="{ChainID: 2235 Homestead: 1 DAO: <nil> DAOSupport: false EIP150: 2 EIP155: 3 EIP158: 3 Metropolis: <nil> Engine: ethash}"
INFO [10-05|17:15:44] config bft is                            bft=true
WARN [10-05|17:15:44] Upgrading db log bloom bins 
INFO [10-05|17:15:44] Bloom-bin upgrade completed              elapsed=214.801µs
INFO [10-05|17:15:44] Initialising Ethereum protocol           versions="[63 62]" network=2234
INFO [10-05|17:15:44] Loaded most recent local header          number=0 hash=6f3c1c…1bf138 td=1048576
INFO [10-05|17:15:44] Loaded most recent local full block      number=0 hash=6f3c1c…1bf138 td=1048576
INFO [10-05|17:15:44] Loaded most recent local fast block      number=0 hash=6f3c1c…1bf138 td=1048576
INFO [10-05|17:15:44] in NewTxPool, call resetState 
INFO [10-05|17:15:44] in NewTxPool, call pool.eventLoog() 
INFO [10-05|17:15:44] Database conversion successful 
INFO [10-05|17:15:44] Allocated cache and file handles         database=/Users/sujianwei20/new_misgcode/msigcode/examples/data/node1/geth/bftData   cache=128 handles=1024
INFO [10-05|17:15:44] addVote to                               height=0 round=0 from=0x82a978b3f5962a5b0957d9ee9eef472ee55b42f1 success=true cm.coinbase=0x82a978b3f5962a5b0957d9ee9eef472ee55b42f1
ready: 1 need: 5.3333335
INFO [10-05|17:15:44] consensusManager not ready  
ready: 1 need: 5.3333335
INFO [10-05|17:15:44] Starting P2P networking 
INFO [10-05|17:15:44] ---In BFTvalidatorCommitBlock--- 
INFO [10-05|17:15:44] RLPx listener up                         self="enode://d67104e65b61fca1fc73a74175667c11f16c037fa8e414499189df9d68706aca6e1a1b4ea02b702f101eb609c4cd2964d4790047a06458ba8a1a19040ab1fe0d@[::]:30303?discport=0"
INFO [10-05|17:15:44] IPC endpoint opened: /Users/sujianwei20/new_misgcode/msigcode/examples/data/node1/geth.ipc 
INFO [10-05|17:15:44] send Ready msg 
#### peer = Peer 142e89f6535bc36c [eth/63]
INFO [10-05|17:15:44] HTTP endpoint opened: http://127.0.0.1:8545 
INFO [10-05|17:15:44] send Ready msg 
#### peer = Peer ae6aee36993a5b48 [eth/63]
INFO [10-05|17:15:44] Handle BFT Msg,                          msg="msg #8 (78 bytes)"
INFO [10-05|17:15:44] ------Received ReadMsg------ 
AddReady from: [130 169 120 179 245 150 42 91 9 87 217 238 158 239 71 46 229 91 66 241]
INFO [10-05|17:15:44] send Ready msg 
#### peer = Peer 6d11b37ef4fc909a [eth/63]
INFO [10-05|17:15:44] send Ready msg 
#### peer = Peer afcb05e7b74b3124 [eth/63]
INFO [10-05|17:15:44] send Ready msg 
#### peer = Peer d9d5b902798f5c42 [eth/63]
INFO [10-05|17:15:44] Handle BFT Msg,                          msg="msg #8 (78 bytes)"
INFO [10-05|17:15:44] ------Received ReadMsg------ 
INFO [10-05|17:15:44] Handle BFT Msg,                          msg="msg #8 (78 bytes)"
INFO [10-05|17:15:44] ------Received ReadMsg------ 
AddReady from: [130 169 120 179 245 150 42 91 9 87 217 238 158 239 71 46 229 91 66 241]
AddReady from: [130 169 120 179 245 150 42 91 9 87 217 238 158 239 71 46 229 91 66 241]
INFO [10-05|17:15:44] Handle BFT Msg,                          msg="msg #8 (78 bytes)"
INFO [10-05|17:15:44] ------Received ReadMsg------ 
AddReady from: [130 169 120 179 245 150 42 91 9 87 217 238 158 239 71 46 229 91 66 241]
INFO [10-05|17:15:44] Handle BFT Msg,                          msg="msg #8 (78 bytes)"
INFO [10-05|17:15:44] ------Received ReadMsg------ 
AddReady from: [130 169 120 179 245 150 42 91 9 87 217 238 158 239 71 46 229 91 66 241]
INFO [10-05|17:15:44] Handle BFT Msg,                          msg="msg #8 (78 bytes)"
INFO [10-05|17:15:44] ------Received ReadMsg------ 
AddReady from: [130 169 120 179 245 150 42 91 9 87 217 238 158 239 71 46 229 91 66 241]
INFO [10-05|17:15:44] Handle BFT Msg,                          msg="msg #8 (78 bytes)"
INFO [10-05|17:15:44] ------Received ReadMsg------ 
AddReady from: [130 169 120 179 245 150 42 91 9 87 217 238 158 239 71 46 229 91 66 241]
INFO [10-05|17:15:44] Handle BFT Msg,                          msg="msg #8 (78 bytes)"
INFO [10-05|17:15:44] ------Received ReadMsg------ 
AddReady from: [130 169 120 179 245 150 42 91 9 87 217 238 158 239 71 46 229 91 66 241]
INFO [10-05|17:15:44] send Ready msg 
INFO [10-05|17:15:44] Handle BFT Msg,                          msg="msg #8 (78 bytes)"
INFO [10-05|17:15:44] ------Received ReadMsg------ 
#### peer = Peer 6d11b37ef4fc909a [eth/63]
INFO [10-05|17:15:44] send Ready msg 
#### peer = Peer afcb05e7b74b3124 [eth/63]
AddReady from: [130 169 120 179 245 150 42 91 9 87 217 238 158 239 71 46 229 91 66 241]
INFO [10-05|17:15:44] send Ready msg 
#### peer = Peer d9d5b902798f5c42 [eth/63]
INFO [10-05|17:15:45] Handle BFT Msg,                          msg="msg #8 (78 bytes)"
INFO [10-05|17:15:45] ------Received ReadMsg------ 
AddReady from: [19 203 184 217 156 108 78 15 39 40 199 215 38 6 231 138 41 196 226 36]
INFO [10-05|17:15:45] send Ready msg 
#### peer = Peer ae6aee36993a5b48 [eth/63]
INFO [10-05|17:15:45] send Ready msg 
#### peer = Peer 6d11b37ef4fc909a [eth/63]
INFO [10-05|17:15:45] send Ready msg 
#### peer = Peer afcb05e7b74b3124 [eth/63]
INFO [10-05|17:15:45] send Ready msg 
#### peer = Peer d9d5b902798f5c42 [eth/63]
INFO [10-05|17:15:45] send Ready msg 
#### peer = Peer 94dd98401cf6ca04 [eth/63]
INFO [10-05|17:15:45] send Ready msg 
#### peer = Peer 14f2a4e39998a282 [eth/63]
INFO [10-05|17:15:45] send Ready msg 
#### peer = Peer 142e89f6535bc36c [eth/63]
INFO [10-05|17:15:45] Handle BFT Msg,                          msg="msg #8 (78 bytes)"
INFO [10-05|17:15:45] ------Received ReadMsg------ 
AddReady from: [19 203 184 217 156 108 78 15 39 40 199 215 38 6 231 138 41 196 226 36]
INFO [10-05|17:15:45] Handle BFT Msg,                          msg="msg #8 (78 bytes)"
INFO [10-05|17:15:45] ------Received ReadMsg------ 
AddReady from: [19 203 184 217 156 108 78 15 39 40 199 215 38 6 231 138 41 196 226 36]
INFO [10-05|17:15:45] Handle BFT Msg,                          msg="msg #8 (78 bytes)"
INFO [10-05|17:15:45] ------Received ReadMsg------ 
AddReady from: [19 203 184 217 156 108 78 15 39 40 199 215 38 6 231 138 41 196 226 36]
INFO [10-05|17:15:45] Handle BFT Msg,                          msg="msg #8 (78 bytes)"
INFO [10-05|17:15:45] ------Received ReadMsg------ 
AddReady from: [19 203 184 217 156 108 78 15 39 40 199 215 38 6 231 138 41 196 226 36]
INFO [10-05|17:15:45] Handle BFT Msg,                          msg="msg #8 (78 bytes)"
INFO [10-05|17:15:45] ------Received ReadMsg------ 
AddReady from: [19 203 184 217 156 108 78 15 39 40 199 215 38 6 231 138 41 196 226 36]
INFO [10-05|17:15:45] Handle BFT Msg,                          msg="msg #8 (78 bytes)"
INFO [10-05|17:15:45] ------Received ReadMsg------ 
AddReady from: [19 203 184 217 156 108 78 15 39 40 199 215 38 6 231 138 41 196 226 36]
INFO [10-05|17:15:45] Handle BFT Msg,                          msg="msg #8 (78 bytes)"
INFO [10-05|17:15:45] ------Received ReadMsg------ 
AddReady from: [125 87 122 89 123 39 66 180 152 203 92 240 194 108 220 215 38 211 158 110]
INFO [10-05|17:15:45] send Ready msg 
#### peer = Peer ae6aee36993a5b48 [eth/63]
INFO [10-05|17:15:45] send Ready msg 
#### peer = Peer 6d11b37ef4fc909a [eth/63]
INFO [10-05|17:15:45] send Ready msg 
#### peer = Peer afcb05e7b74b3124 [eth/63]
INFO [10-05|17:15:45] send Ready msg 
#### peer = Peer d9d5b902798f5c42 [eth/63]
INFO [10-05|17:15:45] send Ready msg 
#### peer = Peer 94dd98401cf6ca04 [eth/63]
INFO [10-05|17:15:45] send Ready msg 
#### peer = Peer 14f2a4e39998a282 [eth/63]
INFO [10-05|17:15:45] send Ready msg 
#### peer = Peer 142e89f6535bc36c [eth/63]
INFO [10-05|17:15:45] Handle BFT Msg,                          msg="msg #8 (78 bytes)"
INFO [10-05|17:15:45] ------Received ReadMsg------ 
AddReady from: [125 87 122 89 123 39 66 180 152 203 92 240 194 108 220 215 38 211 158 110]
INFO [10-05|17:15:45] Handle BFT Msg,                          msg="msg #8 (78 bytes)"
INFO [10-05|17:15:45] ------Received ReadMsg------ 
AddReady from: [125 87 122 89 123 39 66 180 152 203 92 240 194 108 220 215 38 211 158 110]
INFO [10-05|17:15:45] Handle BFT Msg,                          msg="msg #8 (78 bytes)"
INFO [10-05|17:15:45] ------Received ReadMsg------ 
AddReady from: [125 87 122 89 123 39 66 180 152 203 92 240 194 108 220 215 38 211 158 110]
INFO [10-05|17:15:45] Handle BFT Msg,                          msg="msg #8 (78 bytes)"
INFO [10-05|17:15:45] ------Received ReadMsg------ 
AddReady from: [125 87 122 89 123 39 66 180 152 203 92 240 194 108 220 215 38 211 158 110]
INFO [10-05|17:15:45] Handle BFT Msg,                          msg="msg #8 (78 bytes)"
INFO [10-05|17:15:45] ------Received ReadMsg------ 
AddReady from: [125 87 122 89 123 39 66 180 152 203 92 240 194 108 220 215 38 211 158 110]
INFO [10-05|17:15:45] Handle BFT Msg,                          msg="msg #8 (78 bytes)"
INFO [10-05|17:15:45] ------Received ReadMsg------ 
AddReady from: [125 87 122 89 123 39 66 180 152 203 92 240 194 108 220 215 38 211 158 110]
INFO [10-05|17:15:45] Handle BFT Msg,                          msg="msg #8 (78 bytes)"
INFO [10-05|17:15:45] ------Received ReadMsg------ 
AddReady from: [16 161 193 203 149 201 46 195 29 63 34 198 110 239 29 159 63 37 140 107]
INFO [10-05|17:15:45] send Ready msg 
#### peer = Peer afcb05e7b74b3124 [eth/63]
INFO [10-05|17:15:45] send Ready msg 
#### peer = Peer d9d5b902798f5c42 [eth/63]
INFO [10-05|17:15:45] send Ready msg 
#### peer = Peer 94dd98401cf6ca04 [eth/63]
INFO [10-05|17:15:45] send Ready msg 
#### peer = Peer 14f2a4e39998a282 [eth/63]
INFO [10-05|17:15:45] Handle BFT Msg,                          msg="msg #8 (78 bytes)"
INFO [10-05|17:15:45] ------Received ReadMsg------ 
AddReady from: [16 161 193 203 149 201 46 195 29 63 34 198 110 239 29 159 63 37 140 107]
INFO [10-05|17:15:45] send Ready msg 
#### peer = Peer ae6aee36993a5b48 [eth/63]
INFO [10-05|17:15:45] send Ready msg 
#### peer = Peer 6d11b37ef4fc909a [eth/63]
INFO [10-05|17:15:45] send Ready msg 
#### peer = Peer 142e89f6535bc36c [eth/63]
INFO [10-05|17:15:45] Handle BFT Msg,                          msg="msg #8 (78 bytes)"
INFO [10-05|17:15:45] ------Received ReadMsg------ 
AddReady from: [16 161 193 203 149 201 46 195 29 63 34 198 110 239 29 159 63 37 140 107]
INFO [10-05|17:15:45] send Ready msg 
#### peer = Peer 142e89f6535bc36c [eth/63]
INFO [10-05|17:15:45] send Ready msg 
#### peer = Peer ae6aee36993a5b48 [eth/63]
INFO [10-05|17:15:45] send Ready msg 
#### peer = Peer 6d11b37ef4fc909a [eth/63]
INFO [10-05|17:15:45] Handle BFT Msg,                          msg="msg #8 (78 bytes)"
INFO [10-05|17:15:45] ------Received ReadMsg------ 
AddReady from: [16 161 193 203 149 201 46 195 29 63 34 198 110 239 29 159 63 37 140 107]
INFO [10-05|17:15:45] Handle BFT Msg,                          msg="msg #8 (78 bytes)"
INFO [10-05|17:15:45] ------Received ReadMsg------ 
AddReady from: [16 161 193 203 149 201 46 195 29 63 34 198 110 239 29 159 63 37 140 107]
INFO [10-05|17:15:45] Handle BFT Msg,                          msg="msg #8 (78 bytes)"
INFO [10-05|17:15:45] ------Received ReadMsg------ 
AddReady from: [16 161 193 203 149 201 46 195 29 63 34 198 110 239 29 159 63 37 140 107]
INFO [10-05|17:15:45] Handle BFT Msg,                          msg="msg #8 (78 bytes)"
INFO [10-05|17:15:45] ------Received ReadMsg------ 
AddReady from: [16 161 193 203 149 201 46 195 29 63 34 198 110 239 29 159 63 37 140 107]
INFO [10-05|17:15:45] Handle BFT Msg,                          msg="msg #8 (78 bytes)"
INFO [10-05|17:15:45] ------Received ReadMsg------ 
AddReady from: [119 219 43 235 186 121 219 66 169 120 248 150 150 143 74 252 231 70 234 31]
INFO [10-05|17:15:45] send Ready msg 
#### peer = Peer d9d5b902798f5c42 [eth/63]
INFO [10-05|17:15:45] send Ready msg 
#### peer = Peer 94dd98401cf6ca04 [eth/63]
INFO [10-05|17:15:45] send Ready msg 
#### peer = Peer 14f2a4e39998a282 [eth/63]
INFO [10-05|17:15:45] send Ready msg 
#### peer = Peer 142e89f6535bc36c [eth/63]
INFO [10-05|17:15:45] send Ready msg 
#### peer = Peer ae6aee36993a5b48 [eth/63]
INFO [10-05|17:15:45] send Ready msg 
#### peer = Peer 6d11b37ef4fc909a [eth/63]
INFO [10-05|17:15:45] send Ready msg 
#### peer = Peer afcb05e7b74b3124 [eth/63]
INFO [10-05|17:15:45] Handle BFT Msg,                          msg="msg #8 (78 bytes)"
INFO [10-05|17:15:45] ------Received ReadMsg------ 
AddReady from: [119 219 43 235 186 121 219 66 169 120 248 150 150 143 74 252 231 70 234 31]
INFO [10-05|17:15:45] Handle BFT Msg,                          msg="msg #8 (78 bytes)"
INFO [10-05|17:15:45] ------Received ReadMsg------ 
AddReady from: [119 219 43 235 186 121 219 66 169 120 248 150 150 143 74 252 231 70 234 31]
INFO [10-05|17:15:45] Handle BFT Msg,                          msg="msg #8 (78 bytes)"
INFO [10-05|17:15:45] ------Received ReadMsg------ 
AddReady from: [119 219 43 235 186 121 219 66 169 120 248 150 150 143 74 252 231 70 234 31]
INFO [10-05|17:15:45] Handle BFT Msg,                          msg="msg #8 (78 bytes)"
INFO [10-05|17:15:45] ------Received ReadMsg------ 
AddReady from: [119 219 43 235 186 121 219 66 169 120 248 150 150 143 74 252 231 70 234 31]
INFO [10-05|17:15:45] Handle BFT Msg,                          msg="msg #8 (78 bytes)"
INFO [10-05|17:15:45] ------Received ReadMsg------ 
AddReady from: [119 219 43 235 186 121 219 66 169 120 248 150 150 143 74 252 231 70 234 31]
INFO [10-05|17:15:45] Handle BFT Msg,                          msg="msg #8 (78 bytes)"
INFO [10-05|17:15:45] ------Received ReadMsg------ 
AddReady from: [119 219 43 235 186 121 219 66 169 120 248 150 150 143 74 252 231 70 234 31]
INFO [10-05|17:15:45] Handle BFT Msg,                          msg="msg #8 (78 bytes)"
INFO [10-05|17:15:45] ------Received ReadMsg------ 
AddReady from: [119 219 43 235 186 121 219 66 169 120 248 150 150 143 74 252 231 70 234 31]
INFO [10-05|17:15:45] Handle BFT Msg,                          msg="msg #8 (78 bytes)"
INFO [10-05|17:15:45] ------Received ReadMsg------ 
INFO [10-05|17:15:45] Handle BFT Msg,                          msg="msg #8 (78 bytes)"
INFO [10-05|17:15:45] ------Received ReadMsg------ 
AddReady from: [89 132 67 241 136 14 245 133 178 31 29 117 133 189 5 119 64 40 97 229]
INFO [10-05|17:15:45] Handle BFT Msg,                          msg="msg #8 (78 bytes)"
INFO [10-05|17:15:45] send Ready msg 
#### peer = Peer 142e89f6535bc36c [eth/63]
INFO [10-05|17:15:45] send Ready msg 
#### peer = Peer ae6aee36993a5b48 [eth/63]
INFO [10-05|17:15:45] send Ready msg 
#### peer = Peer 6d11b37ef4fc909a [eth/63]
INFO [10-05|17:15:45] send Ready msg 
#### peer = Peer afcb05e7b74b3124 [eth/63]
INFO [10-05|17:15:45] send Ready msg 
#### peer = Peer d9d5b902798f5c42 [eth/63]
AddReady from: [89 132 67 241 136 14 245 133 178 31 29 117 133 189 5 119 64 40 97 229]
INFO [10-05|17:15:45] send Ready msg 
#### peer = Peer 94dd98401cf6ca04 [eth/63]
INFO [10-05|17:15:45] send Ready msg 
#### peer = Peer 14f2a4e39998a282 [eth/63]
INFO [10-05|17:15:45] ------Received ReadMsg------ 
AddReady from: [89 132 67 241 136 14 245 133 178 31 29 117 133 189 5 119 64 40 97 229]
INFO [10-05|17:15:45] send Ready msg 
#### peer = Peer 94dd98401cf6ca04 [eth/63]
INFO [10-05|17:15:45] Handle BFT Msg,                          msg="msg #8 (78 bytes)"
INFO [10-05|17:15:45] ------Received ReadMsg------ 
INFO [10-05|17:15:45] Handle BFT Msg,                          msg="msg #8 (78 bytes)"
INFO [10-05|17:15:45] ------Received ReadMsg------ 
AddReady from: [89 132 67 241 136 14 245 133 178 31 29 117 133 189 5 119 64 40 97 229]
AddReady from: [89 132 67 241 136 14 245 133 178 31 29 117 133 189 5 119 64 40 97 229]
INFO [10-05|17:15:45] send Ready msg 
#### peer = Peer 14f2a4e39998a282 [eth/63]
INFO [10-05|17:15:45] Handle BFT Msg,                          msg="msg #8 (78 bytes)"
INFO [10-05|17:15:45] ------Received ReadMsg------ 
AddReady from: [89 132 67 241 136 14 245 133 178 31 29 117 133 189 5 119 64 40 97 229]
INFO [10-05|17:15:45] Handle BFT Msg,                          msg="msg #8 (78 bytes)"
INFO [10-05|17:15:45] ------Received ReadMsg------ 
AddReady from: [89 132 67 241 136 14 245 133 178 31 29 117 133 189 5 119 64 40 97 229]
INFO [10-05|17:15:45] Handle BFT Msg,                          msg="msg #8 (78 bytes)"
INFO [10-05|17:15:45] ------Received ReadMsg------ 
AddReady from: [89 132 67 241 136 14 245 133 178 31 29 117 133 189 5 119 64 40 97 229]
INFO [10-05|17:15:45] Handle BFT Msg,                          msg="msg #8 (78 bytes)"
INFO [10-05|17:15:45] ------Received ReadMsg------ 
AddReady from: [89 132 67 241 136 14 245 133 178 31 29 117 133 189 5 119 64 40 97 229]
INFO [10-05|17:15:45] Handle BFT Msg,                          msg="msg #8 (78 bytes)"
INFO [10-05|17:15:45] ------Received ReadMsg------ 
INFO [10-05|17:15:45] Handle BFT Msg,                          msg="msg #8 (78 bytes)"
INFO [10-05|17:15:45] ------Received ReadMsg------ 
INFO [10-05|17:15:45] Handle BFT Msg,                          msg="msg #8 (78 bytes)"
INFO [10-05|17:15:45] ------Received ReadMsg------ 
INFO [10-05|17:15:45] Handle BFT Msg,                          msg="msg #8 (78 bytes)"
INFO [10-05|17:15:45] ------Received ReadMsg------ 
INFO [10-05|17:15:45] Handle BFT Msg,                          msg="msg #8 (78 bytes)"
INFO [10-05|17:15:45] ------Received ReadMsg------ 
AddReady from: [220 236 234 243 252 92 10 99 209 149 214 155 26 144 1 27 123 25 101 13]
INFO [10-05|17:15:45] send Ready msg 
#### peer = Peer 14f2a4e39998a282 [eth/63]
INFO [10-05|17:15:45] send Ready msg 
#### peer = Peer 142e89f6535bc36c [eth/63]
INFO [10-05|17:15:45] send Ready msg 
#### peer = Peer ae6aee36993a5b48 [eth/63]
AddReady from: [220 236 234 243 252 92 10 99 209 149 214 155 26 144 1 27 123 25 101 13]
INFO [10-05|17:15:45] send Ready msg 
AddReady from: [220 236 234 243 252 92 10 99 209 149 214 155 26 144 1 27 123 25 101 13]
AddReady from: [220 236 234 243 252 92 10 99 209 149 214 155 26 144 1 27 123 25 101 13]
#### peer = Peer afcb05e7b74b3124 [eth/63]
INFO [10-05|17:15:45] send Ready msg 
#### peer = Peer 94dd98401cf6ca04 [eth/63]
INFO [10-05|17:15:45] send Ready msg 
#### peer = Peer 6d11b37ef4fc909a [eth/63]
INFO [10-05|17:15:45] send Ready msg 
#### peer = Peer 6d11b37ef4fc909a [eth/63]
INFO [10-05|17:15:45] send Ready msg 
INFO [10-05|17:15:45] send Ready msg 
#### peer = Peer afcb05e7b74b3124 [eth/63]
INFO [10-05|17:15:45] Handle BFT Msg,                          msg="msg #8 (78 bytes)"
INFO [10-05|17:15:45] ------Received ReadMsg------ 
AddReady from: [220 236 234 243 252 92 10 99 209 149 214 155 26 144 1 27 123 25 101 13]
INFO [10-05|17:15:45] Handle BFT Msg,                          msg="msg #8 (78 bytes)"
INFO [10-05|17:15:45] ------Received ReadMsg------ 
INFO [10-05|17:15:45] send Ready msg 
#### peer = Peer d9d5b902798f5c42 [eth/63]
#### peer = Peer afcb05e7b74b3124 [eth/63]
AddReady from: [220 236 234 243 252 92 10 99 209 149 214 155 26 144 1 27 123 25 101 13]
INFO [10-05|17:15:45] send Ready msg 
#### peer = Peer d9d5b902798f5c42 [eth/63]
INFO [10-05|17:15:45] send Ready msg 
#### peer = Peer d9d5b902798f5c42 [eth/63]
INFO [10-05|17:15:45] send Ready msg 
#### peer = Peer 94dd98401cf6ca04 [eth/63]
INFO [10-05|17:15:45] send Ready msg 
#### peer = Peer d9d5b902798f5c42 [eth/63]
INFO [10-05|17:15:45] send Ready msg 
#### peer = Peer 6d11b37ef4fc909a [eth/63]
INFO [10-05|17:15:45] send Ready msg 
#### peer = Peer afcb05e7b74b3124 [eth/63]
INFO [10-05|17:15:45] send Ready msg 
#### peer = Peer 94dd98401cf6ca04 [eth/63]
INFO [10-05|17:15:45] send Ready msg 
#### peer = Peer 94dd98401cf6ca04 [eth/63]
INFO [10-05|17:15:45] send Ready msg 
#### peer = Peer d9d5b902798f5c42 [eth/63]
INFO [10-05|17:15:45] send Ready msg 
#### peer = Peer 6d11b37ef4fc909a [eth/63]
AddReady from: [220 236 234 243 252 92 10 99 209 149 214 155 26 144 1 27 123 25 101 13]
ready: 7 need: 5.3333335
ready: 7 need: 5.3333335
INFO [10-05|17:15:45] send Ready msg 
#### peer = Peer ae6aee36993a5b48 [eth/63]
INFO [10-05|17:15:45] send Ready msg 
#### peer = Peer 6d11b37ef4fc909a [eth/63]
INFO [10-05|17:15:45] send Ready msg 
#### peer = Peer afcb05e7b74b3124 [eth/63]
INFO [10-05|17:15:45] send Ready msg 
#### peer = Peer d9d5b902798f5c42 [eth/63]
INFO [10-05|17:15:45] Handle BFT Msg,                          msg="msg #8 (78 bytes)"
INFO [10-05|17:15:45] ------Received ReadMsg------ 
AddReady from: [220 236 234 243 252 92 10 99 209 149 214 155 26 144 1 27 123 25 101 13]
INFO [10-05|17:15:45] send Ready msg 
#### peer = Peer 94dd98401cf6ca04 [eth/63]
INFO [10-05|17:15:45] send Ready msg 
#### peer = Peer 14f2a4e39998a282 [eth/63]
INFO [10-05|17:15:45] Handle BFT Msg,                          msg="msg #8 (78 bytes)"
INFO [10-05|17:15:45] ------Received ReadMsg------ 
INFO [10-05|17:15:45] send Ready msg 
#### peer = Peer 142e89f6535bc36c [eth/63]
INFO [10-05|17:15:45] -----------------consensusManager Ready------------------------- 
INFO [10-05|17:15:45] Handle BFT Msg,                          msg="msg #8 (78 bytes)"
INFO [10-05|17:15:45] ------Received ReadMsg------ 
AddReady from: [130 169 120 179 245 150 42 91 9 87 217 238 158 239 71 46 229 91 66 241]
INFO [10-05|17:15:45] Handle BFT Msg,                          msg="msg #8 (78 bytes)"
INFO [10-05|17:15:45] ------Received ReadMsg------ 
AddReady from: [130 169 120 179 245 150 42 91 9 87 217 238 158 239 71 46 229 91 66 241]
INFO [10-05|17:15:45] Handle BFT Msg,                          msg="msg #8 (78 bytes)"
INFO [10-05|17:15:45] ------Received ReadMsg------ 
AddReady from: [130 169 120 179 245 150 42 91 9 87 217 238 158 239 71 46 229 91 66 241]
INFO [10-05|17:15:45] Handle BFT Msg,                          msg="msg #8 (78 bytes)"
INFO [10-05|17:15:45] ------Received ReadMsg------ 
AddReady from: [130 169 120 179 245 150 42 91 9 87 217 238 158 239 71 46 229 91 66 241]
AddReady from: [130 169 120 179 245 150 42 91 9 87 217 238 158 239 71 46 229 91 66 241]
INFO [10-05|17:15:45] Handle BFT Msg,                          msg="msg #8 (78 bytes)"
INFO [10-05|17:15:45] ------Received ReadMsg------ 
AddReady from: [130 169 120 179 245 150 42 91 9 87 217 238 158 239 71 46 229 91 66 241]
INFO [10-05|17:15:45] Handle BFT Msg,                          msg="msg #8 (78 bytes)"
INFO [10-05|17:15:45] ------Received ReadMsg------ 
AddReady from: [130 169 120 179 245 150 42 91 9 87 217 238 158 239 71 46 229 91 66 241]
INFO [10-05|17:15:45] Handle BFT Msg,                          msg="msg #8 (78 bytes)"
INFO [10-05|17:15:45] ------Received ReadMsg------ 
AddReady from: [130 169 120 179 245 150 42 91 9 87 217 238 158 239 71 46 229 91 66 241]
INFO [10-05|17:15:45] Handle BFT Msg,                          msg="msg #8 (78 bytes)"
INFO [10-05|17:15:45] ------Received ReadMsg------ 
AddReady from: [130 169 120 179 245 150 42 91 9 87 217 238 158 239 71 46 229 91 66 241]
INFO [10-05|17:15:45] Handle BFT Msg,                          msg="msg #8 (78 bytes)"
INFO [10-05|17:15:45] ------Received ReadMsg------ 
AddReady from: [130 169 120 179 245 150 42 91 9 87 217 238 158 239 71 46 229 91 66 241]
INFO [10-05|17:15:45] Handle BFT Msg,                          msg="msg #8 (78 bytes)"
INFO [10-05|17:15:45] Handle BFT Msg,                          msg="msg #8 (78 bytes)"
INFO [10-05|17:15:45] ------Received ReadMsg------ 
INFO [10-05|17:15:45] Handle BFT Msg,                          msg="msg #8 (78 bytes)"
INFO [10-05|17:15:45] ------Received ReadMsg------ 
INFO [10-05|17:15:45] Handle BFT Msg,                          msg="msg #8 (78 bytes)"
INFO [10-05|17:15:45] ------Received ReadMsg------ 
INFO [10-05|17:15:45] Handle BFT Msg,                          msg="msg #8 (78 bytes)"
INFO [10-05|17:15:45] Handle BFT Msg,                          msg="msg #8 (78 bytes)"
INFO [10-05|17:15:45] ------Received ReadMsg------ 
INFO [10-05|17:15:45] ------Received ReadMsg------ 
INFO [10-05|17:15:45] Handle BFT Msg,                          msg="msg #8 (78 bytes)"
INFO [10-05|17:15:45] ------Received ReadMsg------ 
AddReady from: [36 20 56 115 224 224 129 95 220 188 255 219 224 156 151 156 191 154 208 19]
INFO [10-05|17:15:45] send Ready msg 
#### peer = Peer ae6aee36993a5b48 [eth/63]
AddReady from: [36 20 56 115 224 224 129 95 220 188 255 219 224 156 151 156 191 154 208 19]
INFO [10-05|17:15:45] send Ready msg 
#### peer = Peer 142e89f6535bc36c [eth/63]
INFO [10-05|17:15:45] ------Received ReadMsg------ 
INFO [10-05|17:15:45] send Ready msg 
#### peer = Peer 6d11b37ef4fc909a [eth/63]
INFO [10-05|17:15:45] send Ready msg 
#### peer = Peer afcb05e7b74b3124 [eth/63]
AddReady from: [36 20 56 115 224 224 129 95 220 188 255 219 224 156 151 156 191 154 208 19]
INFO [10-05|17:15:45] send Ready msg 
#### peer = Peer 94dd98401cf6ca04 [eth/63]
INFO [10-05|17:15:45] send Ready msg 
#### peer = Peer d9d5b902798f5c42 [eth/63]
INFO [10-05|17:15:45] send Ready msg 
#### peer = Peer 14f2a4e39998a282 [eth/63]
INFO [10-05|17:15:45] send Ready msg 
#### peer = Peer 94dd98401cf6ca04 [eth/63]
INFO [10-05|17:15:45] send Ready msg 
#### peer = Peer d9d5b902798f5c42 [eth/63]
INFO [10-05|17:15:45] send Ready msg 
#### peer = Peer 14f2a4e39998a282 [eth/63]
AddReady from: [36 20 56 115 224 224 129 95 220 188 255 219 224 156 151 156 191 154 208 19]
INFO [10-05|17:15:45] send Ready msg 
#### peer = Peer 6d11b37ef4fc909a [eth/63]
AddReady from: [36 20 56 115 224 224 129 95 220 188 255 219 224 156 151 156 191 154 208 19]
INFO [10-05|17:15:45] send Ready msg 
#### peer = Peer afcb05e7b74b3124 [eth/63]
INFO [10-05|17:15:45] send Ready msg 
#### peer = Peer d9d5b902798f5c42 [eth/63]
INFO [10-05|17:15:45] send Ready msg 
#### peer = Peer 94dd98401cf6ca04 [eth/63]
INFO [10-05|17:15:45] send Ready msg 
#### peer = Peer 14f2a4e39998a282 [eth/63]
INFO [10-05|17:15:45] send Ready msg 
#### peer = Peer 142e89f6535bc36c [eth/63]
AddReady from: [36 20 56 115 224 224 129 95 220 188 255 219 224 156 151 156 191 154 208 19]
AddReady from: [36 20 56 115 224 224 129 95 220 188 255 219 224 156 151 156 191 154 208 19]
INFO [10-05|17:15:45] Handle BFT Msg,                          msg="msg #8 (78 bytes)"
INFO [10-05|17:15:45] ------Received ReadMsg------ 
AddReady from: [19 203 184 217 156 108 78 15 39 40 199 215 38 6 231 138 41 196 226 36]
INFO [10-05|17:15:45] send Ready msg 
#### peer = Peer ae6aee36993a5b48 [eth/63]
INFO [10-05|17:15:45] send Ready msg 
#### peer = Peer 6d11b37ef4fc909a [eth/63]
INFO [10-05|17:15:45] send Ready msg 
#### peer = Peer afcb05e7b74b3124 [eth/63]
INFO [10-05|17:15:45] send Ready msg 
#### peer = Peer d9d5b902798f5c42 [eth/63]
INFO [10-05|17:15:45] send Ready msg 
#### peer = Peer 94dd98401cf6ca04 [eth/63]
INFO [10-05|17:15:45] send Ready msg 
#### peer = Peer 14f2a4e39998a282 [eth/63]
INFO [10-05|17:15:45] send Ready msg 
#### peer = Peer 142e89f6535bc36c [eth/63]
INFO [10-05|17:15:45] Handle BFT Msg,                          msg="msg #8 (78 bytes)"
INFO [10-05|17:15:45] ------Received ReadMsg------ 
AddReady from: [19 203 184 217 156 108 78 15 39 40 199 215 38 6 231 138 41 196 226 36]
INFO [10-05|17:15:45] Handle BFT Msg,                          msg="msg #8 (78 bytes)"
INFO [10-05|17:15:45] ------Received ReadMsg------ 
AddReady from: [19 203 184 217 156 108 78 15 39 40 199 215 38 6 231 138 41 196 226 36]
INFO [10-05|17:15:45] Handle BFT Msg,                          msg="msg #8 (78 bytes)"
INFO [10-05|17:15:45] ------Received ReadMsg------ 
AddReady from: [19 203 184 217 156 108 78 15 39 40 199 215 38 6 231 138 41 196 226 36]
INFO [10-05|17:15:45] Handle BFT Msg,                          msg="msg #8 (78 bytes)"
INFO [10-05|17:15:45] ------Received ReadMsg------ 
AddReady from: [19 203 184 217 156 108 78 15 39 40 199 215 38 6 231 138 41 196 226 36]
INFO [10-05|17:15:45] Handle BFT Msg,                          msg="msg #8 (78 bytes)"
INFO [10-05|17:15:45] ------Received ReadMsg------ 
AddReady from: [19 203 184 217 156 108 78 15 39 40 199 215 38 6 231 138 41 196 226 36]
INFO [10-05|17:15:45] Handle BFT Msg,                          msg="msg #8 (78 bytes)"
INFO [10-05|17:15:45] ------Received ReadMsg------ 
AddReady from: [19 203 184 217 156 108 78 15 39 40 199 215 38 6 231 138 41 196 226 36]
INFO [10-05|17:15:45] Handle BFT Msg,                          msg="msg #8 (78 bytes)"
INFO [10-05|17:15:45] ------Received ReadMsg------ 
AddReady from: [19 203 184 217 156 108 78 15 39 40 199 215 38 6 231 138 41 196 226 36]
INFO [10-05|17:15:45] Handle BFT Msg,                          msg="msg #8 (78 bytes)"
INFO [10-05|17:15:45] ------Received ReadMsg------ 
AddReady from: [125 87 122 89 123 39 66 180 152 203 92 240 194 108 220 215 38 211 158 110]
INFO [10-05|17:15:45] send Ready msg 
#### peer = Peer 94dd98401cf6ca04 [eth/63]
INFO [10-05|17:15:45] send Ready msg 
#### peer = Peer 14f2a4e39998a282 [eth/63]
INFO [10-05|17:15:45] send Ready msg 
#### peer = Peer 142e89f6535bc36c [eth/63]
INFO [10-05|17:15:45] send Ready msg 
#### peer = Peer ae6aee36993a5b48 [eth/63]
INFO [10-05|17:15:45] send Ready msg 
#### peer = Peer 6d11b37ef4fc909a [eth/63]
INFO [10-05|17:15:45] send Ready msg 
#### peer = Peer afcb05e7b74b3124 [eth/63]
INFO [10-05|17:15:45] send Ready msg 
#### peer = Peer d9d5b902798f5c42 [eth/63]
INFO [10-05|17:15:45] Handle BFT Msg,                          msg="msg #8 (78 bytes)"
INFO [10-05|17:15:45] ------Received ReadMsg------ 
AddReady from: [125 87 122 89 123 39 66 180 152 203 92 240 194 108 220 215 38 211 158 110]
INFO [10-05|17:15:45] Handle BFT Msg,                          msg="msg #8 (78 bytes)"
INFO [10-05|17:15:45] ------Received ReadMsg------ 
AddReady from: [125 87 122 89 123 39 66 180 152 203 92 240 194 108 220 215 38 211 158 110]
INFO [10-05|17:15:45] Handle BFT Msg,                          msg="msg #8 (78 bytes)"
INFO [10-05|17:15:45] ------Received ReadMsg------ 
AddReady from: [125 87 122 89 123 39 66 180 152 203 92 240 194 108 220 215 38 211 158 110]
INFO [10-05|17:15:45] Handle BFT Msg,                          msg="msg #8 (78 bytes)"
INFO [10-05|17:15:45] ------Received ReadMsg------ 
AddReady from: [125 87 122 89 123 39 66 180 152 203 92 240 194 108 220 215 38 211 158 110]
INFO [10-05|17:15:45] Handle BFT Msg,                          msg="msg #8 (78 bytes)"
INFO [10-05|17:15:45] ------Received ReadMsg------ 
AddReady from: [125 87 122 89 123 39 66 180 152 203 92 240 194 108 220 215 38 211 158 110]
INFO [10-05|17:15:45] Handle BFT Msg,                          msg="msg #8 (78 bytes)"
INFO [10-05|17:15:45] ------Received ReadMsg------ 
AddReady from: [125 87 122 89 123 39 66 180 152 203 92 240 194 108 220 215 38 211 158 110]
INFO [10-05|17:15:45] Handle BFT Msg,                          msg="msg #8 (78 bytes)"
INFO [10-05|17:15:45] ------Received ReadMsg------ 
AddReady from: [125 87 122 89 123 39 66 180 152 203 92 240 194 108 220 215 38 211 158 110]
INFO [10-05|17:15:45] Handle BFT Msg,                          msg="msg #8 (78 bytes)"
INFO [10-05|17:15:45] ------Received ReadMsg------ 
AddReady from: [16 161 193 203 149 201 46 195 29 63 34 198 110 239 29 159 63 37 140 107]
INFO [10-05|17:15:45] send Ready msg 
#### peer = Peer 14f2a4e39998a282 [eth/63]
INFO [10-05|17:15:45] send Ready msg 
#### peer = Peer 142e89f6535bc36c [eth/63]
INFO [10-05|17:15:45] send Ready msg 
#### peer = Peer ae6aee36993a5b48 [eth/63]
INFO [10-05|17:15:45] send Ready msg 
#### peer = Peer 6d11b37ef4fc909a [eth/63]
INFO [10-05|17:15:45] send Ready msg 
#### peer = Peer afcb05e7b74b3124 [eth/63]
INFO [10-05|17:15:45] send Ready msg 
#### peer = Peer d9d5b902798f5c42 [eth/63]
INFO [10-05|17:15:45] send Ready msg 
#### peer = Peer 94dd98401cf6ca04 [eth/63]
INFO [10-05|17:15:45] Handle BFT Msg,                          msg="msg #8 (78 bytes)"
INFO [10-05|17:15:45] ------Received ReadMsg------ 
AddReady from: [16 161 193 203 149 201 46 195 29 63 34 198 110 239 29 159 63 37 140 107]
INFO [10-05|17:15:45] Handle BFT Msg,                          msg="msg #8 (78 bytes)"
INFO [10-05|17:15:45] ------Received ReadMsg------ 
AddReady from: [16 161 193 203 149 201 46 195 29 63 34 198 110 239 29 159 63 37 140 107]
INFO [10-05|17:15:45] Handle BFT Msg,                          msg="msg #8 (78 bytes)"
INFO [10-05|17:15:45] ------Received ReadMsg------ 
AddReady from: [16 161 193 203 149 201 46 195 29 63 34 198 110 239 29 159 63 37 140 107]
INFO [10-05|17:15:45] Handle BFT Msg,                          msg="msg #8 (78 bytes)"
INFO [10-05|17:15:45] ------Received ReadMsg------ 
AddReady from: [16 161 193 203 149 201 46 195 29 63 34 198 110 239 29 159 63 37 140 107]
INFO [10-05|17:15:45] Handle BFT Msg,                          msg="msg #8 (78 bytes)"
INFO [10-05|17:15:45] ------Received ReadMsg------ 
AddReady from: [16 161 193 203 149 201 46 195 29 63 34 198 110 239 29 159 63 37 140 107]
INFO [10-05|17:15:45] Handle BFT Msg,                          msg="msg #8 (78 bytes)"
INFO [10-05|17:15:45] ------Received ReadMsg------ 
AddReady from: [16 161 193 203 149 201 46 195 29 63 34 198 110 239 29 159 63 37 140 107]
INFO [10-05|17:15:45] Handle BFT Msg,                          msg="msg #8 (78 bytes)"
INFO [10-05|17:15:45] ------Received ReadMsg------ 
AddReady from: [119 219 43 235 186 121 219 66 169 120 248 150 150 143 74 252 231 70 234 31]
INFO [10-05|17:15:45] send Ready msg 
#### peer = Peer afcb05e7b74b3124 [eth/63]
INFO [10-05|17:15:45] send Ready msg 
#### peer = Peer d9d5b902798f5c42 [eth/63]
INFO [10-05|17:15:45] send Ready msg 
#### peer = Peer 94dd98401cf6ca04 [eth/63]
INFO [10-05|17:15:45] send Ready msg 
#### peer = Peer 14f2a4e39998a282 [eth/63]
INFO [10-05|17:15:45] send Ready msg 
#### peer = Peer 142e89f6535bc36c [eth/63]
INFO [10-05|17:15:45] send Ready msg 
#### peer = Peer ae6aee36993a5b48 [eth/63]
INFO [10-05|17:15:45] send Ready msg 
#### peer = Peer 6d11b37ef4fc909a [eth/63]
INFO [10-05|17:15:45] Handle BFT Msg,                          msg="msg #8 (78 bytes)"
INFO [10-05|17:15:45] ------Received ReadMsg------ 
AddReady from: [119 219 43 235 186 121 219 66 169 120 248 150 150 143 74 252 231 70 234 31]
INFO [10-05|17:15:45] Handle BFT Msg,                          msg="msg #8 (78 bytes)"
INFO [10-05|17:15:45] ------Received ReadMsg------ 
AddReady from: [119 219 43 235 186 121 219 66 169 120 248 150 150 143 74 252 231 70 234 31]
INFO [10-05|17:15:45] Handle BFT Msg,                          msg="msg #8 (78 bytes)"
INFO [10-05|17:15:45] ------Received ReadMsg------ 
AddReady from: [119 219 43 235 186 121 219 66 169 120 248 150 150 143 74 252 231 70 234 31]
INFO [10-05|17:15:45] Handle BFT Msg,                          msg="msg #8 (78 bytes)"
INFO [10-05|17:15:45] ------Received ReadMsg------ 
AddReady from: [119 219 43 235 186 121 219 66 169 120 248 150 150 143 74 252 231 70 234 31]
INFO [10-05|17:15:45] Handle BFT Msg,                          msg="msg #8 (78 bytes)"
INFO [10-05|17:15:45] ------Received ReadMsg------ 
AddReady from: [119 219 43 235 186 121 219 66 169 120 248 150 150 143 74 252 231 70 234 31]
INFO [10-05|17:15:45] Handle BFT Msg,                          msg="msg #8 (78 bytes)"
INFO [10-05|17:15:45] ------Received ReadMsg------ 
AddReady from: [119 219 43 235 186 121 219 66 169 120 248 150 150 143 74 252 231 70 234 31]
INFO [10-05|17:17:53] Transaction pool price threshold updated price=18000000000
INFO [10-05|17:17:53] Starting mining operation 
INFO [10-05|17:18:00] Commit new mining work                   number=1 txs=1598 uncles=0 elapsed=6.749s
INFO [10-05|17:18:00] Sealing                                  block n=1
StartConsensus, 1538731080475533000
INFO [10-05|17:18:00] Start Process 
INFO [10-05|17:18:00] in cm.Process, check lastCommittingLockset() 
INFO [10-05|17:18:00] In IsValid() 
len(lockset.Votes): 1 lockset.EligibleVotesNum: 0
INFO [10-05|17:18:00] in HasQuorum 
INFO [10-05|17:18:00] In IsValid() 
len(lockset.Votes): 1 lockset.EligibleVotesNum: 0
INFO [10-05|17:18:00] in sortByBlockhash 
made bhs, bhs: map[[111 60 28 34 114 80 121 51 60 176 50 117 65 207 97 154 170 82 172 187 58 33 229 200 29 126 81 195 42 27 241 56]:1]
made hs, hs: [{[111 60 28 34 114 80 121 51 60 176 50 117 65 207 97 154 170 82 172 187 58 33 229 200 29 126 81 195 42 27 241 56] 1}]
sorted hs, hs: [{[111 60 28 34 114 80 121 51 60 176 50 117 65 207 97 154 170 82 172 187 58 33 229 200 29 126 81 195 42 27 241 56] 1}]
=====CM.COINBASE IS:===== [130 169 120 179 245 150 42 91 9 87 217 238 158 239 71 46 229 91 66 241] block number is: 1
INFO [10-05|17:18:00] case: default, cm.process 
ready: 8 need: 5.3333335
INFO [10-05|17:18:00] ---------------process------------------ 
INFO [10-05|17:18:00] In RM Process                            height=1 round=0
INFO [10-05|17:18:00] --------In rm.propose------- 
INFO [10-05|17:18:00] ---------------in rm.vote----------------- 
INFO [10-05|17:18:00] in vote in RM                            height=1 round=0
INFO [10-05|17:18:00] Timeout time not reach, curr vs timeout: curr=1538731080.000 timeout=1538731085.000
INFO [10-05|17:18:00] in rm.process, check lockset HasQuorum 
INFO [10-05|17:18:00] in HasQuorum 
INFO [10-05|17:18:00] In IsValid() 
len(lockset.Votes): 0 lockset.EligibleVotesNum: 8
INFO [10-05|17:18:00] rm lockset is not valid yet 
INFO [10-05|17:18:00] after cm.process() 
INFO [10-05|17:18:00] case: default, cm.process 
ready: 8 need: 5.3333335
INFO [10-05|17:18:00] ---------------process------------------ 
INFO [10-05|17:18:00] In RM Process                            height=1 round=0
INFO [10-05|17:18:00] --------In rm.propose------- 
INFO [10-05|17:18:00] ---------------in rm.vote----------------- 
INFO [10-05|17:18:00] in vote in RM                            height=1 round=0
INFO [10-05|17:18:00] Timeout time not reach, curr vs timeout: curr=1538731080.000 timeout=1538731085.000
INFO [10-05|17:18:00] in rm.process, check lockset HasQuorum 
INFO [10-05|17:18:00] in HasQuorum 
INFO [10-05|17:18:00] In IsValid() 
len(lockset.Votes): 0 lockset.EligibleVotesNum: 8
INFO [10-05|17:18:00] rm lockset is not valid yet 
INFO [10-05|17:18:00] after cm.process() 
INFO [10-05|17:18:00] Handle BFT Msg,                          msg="msg #18 (225 bytes)"
INFO [10-05|17:18:00] ------Received MsigProposalMsg------ 
mpHR: H: 1 R: 0 hash: [73 156 221 174 110 76 176 125 213 183 162 176 129 220 220 10 211 201 72 118 166 238 98 179 55 200 86 250 150 153 211 42]
cmHR: H: 1 R: 0
INFO [10-05|17:18:00] --------------------------------------- 
in addMsig peer = Peer 94dd98401cf6ca04 [eth/63]
in addMsig mp.From = [220 236 234 243 252 92 10 99 209 149 214 155 26 144 1 27 123 25 101 13]
INFO [10-05|17:18:00] received mp before p, wait for a while 
INFO [10-05|17:18:00] Handle BFT Msg,                          msg="msg #11 (172922 bytes)"
INFO [10-05|17:18:00] -------Received NewBlockProposalMsg------- 
bpHR: H: 1 R: 0
cmHR: H: 1 R: 0
INFO [10-05|17:18:00] --------------------------------------- 
INFO [10-05|17:18:00] case: default, cm.process 
ready: 8 need: 5.3333335
INFO [10-05|17:18:00] ---------------process------------------ 
INFO [10-05|17:18:00] In RM Process                            height=1 round=0
INFO [10-05|17:18:00] --------In rm.propose------- 
INFO [10-05|17:18:00] ---------------in rm.vote----------------- 
INFO [10-05|17:18:00] in vote in RM                            height=1 round=0
INFO [10-05|17:18:00] Timeout time not reach, curr vs timeout: curr=1538731080.000 timeout=1538731085.000
INFO [10-05|17:18:00] in rm.process, check lockset HasQuorum 
INFO [10-05|17:18:00] in HasQuorum 
INFO [10-05|17:18:00] In IsValid() 
len(lockset.Votes): 0 lockset.EligibleVotesNum: 8
INFO [10-05|17:18:00] rm lockset is not valid yet 
INFO [10-05|17:18:00] after cm.process() 
INFO [10-05|17:18:00] In IsValid() 
len(lockset.Votes): 0 lockset.EligibleVotesNum: 0
INFO [10-05|17:18:00] cm add BlockProposal                     h=1 r=0
INFO [10-05|17:18:00] in HasQuorum 
INFO [10-05|17:18:00] In IsValid() 
len(lockset.Votes): 1 lockset.EligibleVotesNum: 0
INFO [10-05|17:18:00] in sortByBlockhash 
made bhs, bhs: map[[111 60 28 34 114 80 121 51 60 176 50 117 65 207 97 154 170 82 172 187 58 33 229 200 29 126 81 195 42 27 241 56]:1]
made hs, hs: [{[111 60 28 34 114 80 121 51 60 176 50 117 65 207 97 154 170 82 172 187 58 33 229 200 29 126 81 195 42 27 241 56] 1}]
sorted hs, hs: [{[111 60 28 34 114 80 121 51 60 176 50 117 65 207 97 154 170 82 172 187 58 33 229 200 29 126 81 195 42 27 241 56] 1}]
INFO [10-05|17:18:00] In addBlockCandidates!! 
INFO [10-05|17:18:00] -------in handle NewBlockProposalMsg, success!------- 
in addMsig peer = Peer 94dd98401cf6ca04 [eth/63]
in addMsig mp.From = [220 236 234 243 252 92 10 99 209 149 214 155 26 144 1 27 123 25 101 13]
INFO [10-05|17:18:00] in MsigFinished 
INFO [10-05|17:18:00] ------addmsigproposal success!------- 
INFO [10-05|17:18:00] Handle BFT Msg,                          msg="msg #17 (107 bytes)"
INFO [10-05|17:18:00] ------Received VoteMsg------ 
voteHR: H: 1 R: 0 voteType:: 1 voteHash: [73 156 221 174 110 76 176 125 213 183 162 176 129 220 220 10 211 201 72 118 166 238 98 179 55 200 86 250 150 153 211 42]
cmHR: H: 1 R: 0
INFO [10-05|17:18:00] --------------------------------------- 
INFO [10-05|17:18:00] addVote to                               height=1 round=0 from=0xdceceaf3fc5c0a63d195d69b1a90011b7b19650d success=true cm.coinbase=0x82a978b3f5962a5b0957d9ee9eef472ee55b42f1
INFO [10-05|17:18:00] ------in handle VoteMsg, success!------ 
INFO [10-05|17:18:00] Handle BFT Msg,                          msg="msg #17 (107 bytes)"
INFO [10-05|17:18:00] ------Received VoteMsg------ 
voteHR: H: 1 R: 0 voteType:: 1 voteHash: [73 156 221 174 110 76 176 125 213 183 162 176 129 220 220 10 211 201 72 118 166 238 98 179 55 200 86 250 150 153 211 42]
cmHR: H: 1 R: 0
INFO [10-05|17:18:00] --------------------------------------- 
INFO [10-05|17:18:00] addVote to                               height=1 round=0 from=0x7d577a597b2742b498cb5cf0c26cdcd726d39e6e success=true cm.coinbase=0x82a978b3f5962a5b0957d9ee9eef472ee55b42f1
INFO [10-05|17:18:00] ------in handle VoteMsg, success!------ 
INFO [10-05|17:18:00] case: default, cm.process 
ready: 8 need: 5.3333335
INFO [10-05|17:18:00] ---------------process------------------ 
INFO [10-05|17:18:00] In RM Process                            height=1 round=0
INFO [10-05|17:18:00] --------In rm.propose------- 
INFO [10-05|17:18:00] ---------------in rm.vote----------------- 
INFO [10-05|17:18:00] in vote in RM                            height=1 round=0
INFO [10-05|17:18:00] vote mp 
INFO [10-05|17:18:00] vote success in                          height=1 round=0
INFO [10-05|17:18:00] Send VoteMsg 
INFO [10-05|17:18:00] in rm.process, check lockset HasQuorum 
INFO [10-05|17:18:00] in HasQuorum 
INFO [10-05|17:18:00] In IsValid() 
len(lockset.Votes): 3 lockset.EligibleVotesNum: 8
INFO [10-05|17:18:00] rm lockset is not valid yet 
INFO [10-05|17:18:00] after cm.process() 
INFO [10-05|17:18:00] case: default, cm.process 
ready: 8 need: 5.3333335
INFO [10-05|17:18:00] ---------------process------------------ 
INFO [10-05|17:18:00] In RM Process                            height=1 round=0
INFO [10-05|17:18:00] --------In rm.propose------- 
INFO [10-05|17:18:00] ---------------in rm.vote----------------- 
INFO [10-05|17:18:00] voted 
INFO [10-05|17:18:00] in rm.process, check lockset HasQuorum 
INFO [10-05|17:18:00] in HasQuorum 
INFO [10-05|17:18:00] In IsValid() 
len(lockset.Votes): 3 lockset.EligibleVotesNum: 8
INFO [10-05|17:18:00] rm lockset is not valid yet 
INFO [10-05|17:18:00] after cm.process() 
INFO [10-05|17:18:01] case: default, cm.process 
ready: 8 need: 5.3333335
INFO [10-05|17:18:01] ---------------process------------------ 
INFO [10-05|17:18:01] In RM Process                            height=1 round=0
INFO [10-05|17:18:01] --------In rm.propose------- 
INFO [10-05|17:18:01] ---------------in rm.vote----------------- 
INFO [10-05|17:18:01] voted 
INFO [10-05|17:18:01] in rm.process, check lockset HasQuorum 
INFO [10-05|17:18:01] in HasQuorum 
INFO [10-05|17:18:01] In IsValid() 
len(lockset.Votes): 3 lockset.EligibleVotesNum: 8
INFO [10-05|17:18:01] rm lockset is not valid yet 
INFO [10-05|17:18:01] after cm.process() 
INFO [10-05|17:18:01] Handle BFT Msg,                          msg="msg #17 (107 bytes)"
INFO [10-05|17:18:01] ------Received VoteMsg------ 
voteHR: H: 1 R: 0 voteType:: 1 voteHash: [73 156 221 174 110 76 176 125 213 183 162 176 129 220 220 10 211 201 72 118 166 238 98 179 55 200 86 250 150 153 211 42]
cmHR: H: 1 R: 0
INFO [10-05|17:18:01] --------------------------------------- 
INFO [10-05|17:18:01] addVote to                               height=1 round=0 from=0x598443f1880ef585b21f1d7585bd0577402861e5 success=true cm.coinbase=0x82a978b3f5962a5b0957d9ee9eef472ee55b42f1
INFO [10-05|17:18:01] ------in handle VoteMsg, success!------ 
INFO [10-05|17:18:01] Handle BFT Msg,                          msg="msg #17 (107 bytes)"
INFO [10-05|17:18:01] ------Received VoteMsg------ 
voteHR: H: 1 R: 0 voteType:: 1 voteHash: [73 156 221 174 110 76 176 125 213 183 162 176 129 220 220 10 211 201 72 118 166 238 98 179 55 200 86 250 150 153 211 42]
cmHR: H: 1 R: 0
INFO [10-05|17:18:01] --------------------------------------- 
INFO [10-05|17:18:01] addVote to                               height=1 round=0 from=0x13cbb8d99c6c4e0f2728c7d72606e78a29c4e224 success=true cm.coinbase=0x82a978b3f5962a5b0957d9ee9eef472ee55b42f1
INFO [10-05|17:18:01] ------in handle VoteMsg, success!------ 
INFO [10-05|17:18:01] case: default, cm.process 
ready: 8 need: 5.3333335
INFO [10-05|17:18:01] ---------------process------------------ 
INFO [10-05|17:18:01] In RM Process                            height=1 round=0
INFO [10-05|17:18:01] --------In rm.propose------- 
INFO [10-05|17:18:01] ---------------in rm.vote----------------- 
INFO [10-05|17:18:01] voted 
INFO [10-05|17:18:01] in rm.process, check lockset HasQuorum 
INFO [10-05|17:18:01] in HasQuorum 
INFO [10-05|17:18:01] In IsValid() 
len(lockset.Votes): 5 lockset.EligibleVotesNum: 8
INFO [10-05|17:18:01] rm lockset is not valid yet 
INFO [10-05|17:18:01] after cm.process() 
INFO [10-05|17:18:01] Handle BFT Msg,                          msg="msg #17 (107 bytes)"
INFO [10-05|17:18:01] ------Received VoteMsg------ 
voteHR: H: 1 R: 0 voteType:: 1 voteHash: [73 156 221 174 110 76 176 125 213 183 162 176 129 220 220 10 211 201 72 118 166 238 98 179 55 200 86 250 150 153 211 42]
cmHR: H: 1 R: 0
INFO [10-05|17:18:01] --------------------------------------- 
INFO [10-05|17:18:01] addVote to                               height=1 round=0 from=0x77db2bebba79db42a978f896968f4afce746ea1f success=true cm.coinbase=0x82a978b3f5962a5b0957d9ee9eef472ee55b42f1
INFO [10-05|17:18:01] ------in handle VoteMsg, success!------ 
INFO [10-05|17:18:01] case: default, cm.process 
ready: 8 need: 5.3333335
INFO [10-05|17:18:01] ---------------process------------------ 
INFO [10-05|17:18:01] In RM Process                            height=1 round=0
INFO [10-05|17:18:01] --------In rm.propose------- 
INFO [10-05|17:18:01] ---------------in rm.vote----------------- 
INFO [10-05|17:18:01] voted 
INFO [10-05|17:18:01] in rm.process, check lockset HasQuorum 
INFO [10-05|17:18:01] in HasQuorum 
INFO [10-05|17:18:01] In IsValid() 
len(lockset.Votes): 6 lockset.EligibleVotesNum: 8
INFO [10-05|17:18:01] in sortByBlockhash 
made bhs, bhs: map[[73 156 221 174 110 76 176 125 213 183 162 176 129 220 220 10 211 201 72 118 166 238 98 179 55 200 86 250 150 153 211 42]:6]
made hs, hs: [{[73 156 221 174 110 76 176 125 213 183 162 176 129 220 220 10 211 201 72 118 166 238 98 179 55 200 86 250 150 153 211 42] 6}]
sorted hs, hs: [{[73 156 221 174 110 76 176 125 213 183 162 176 129 220 220 10 211 201 72 118 166 238 98 179 55 200 86 250 150 153 211 42] 6}]
INFO [10-05|17:18:01] There is a quorum                        height=1 round=0
--- in rm.process p.id: --- Peer 6d11b37ef4fc909a [eth/63]
INFO [10-05|17:18:01] ============in cm.commitLockset============ 
INFO [10-05|17:18:01] in commitLockset, check ls HasQuorum 
INFO [10-05|17:18:01] in HasQuorum 
INFO [10-05|17:18:01] In IsValid() 
len(lockset.Votes): 6 lockset.EligibleVotesNum: 8
INFO [10-05|17:18:01] in sortByBlockhash 
made bhs, bhs: map[[73 156 221 174 110 76 176 125 213 183 162 176 129 220 220 10 211 201 72 118 166 238 98 179 55 200 86 250 150 153 211 42]:6]
made hs, hs: [{[73 156 221 174 110 76 176 125 213 183 162 176 129 220 220 10 211 201 72 118 166 238 98 179 55 200 86 250 150 153 211 42] 6}]
sorted hs, hs: [{[73 156 221 174 110 76 176 125 213 183 162 176 129 220 220 10 211 201 72 118 166 238 98 179 55 200 86 250 150 153 211 42] 6}]
INFO [10-05|17:18:01] cm.found is not nil 
INFO [10-05|17:18:01] store lockset 
peerid: 6d11b37ef4fc909a
INFO [10-05|17:18:01] ---storeLockset--- 
cmH 1
INFO [10-05|17:18:01] in validatorCommit1 
pid: 6d11b37ef4fc909a
block number 1
-------in NewBFTValidatorBlock-------
INFO [10-05|17:18:01] after cm.process() 
INFO [10-05|17:18:01] have a consensus on the block 
INFO [10-05|17:18:01] result.Header().Coinbase != b.signer 
result.Header().Coinbase: [125 87 122 89 123 39 66 180 152 203 92 240 194 108 220 215 38 211 158 110] b.signer: [130 169 120 179 245 150 42 91 9 87 217 238 158 239 71 46 229 91 66 241]
ConsensusTime, 744076053 , txs, 1598 , blockNum, 1
INFO [10-05|17:18:01] in validatorCommit2 
FinishedConsensus, 1538731081219658000
INFO [10-05|17:18:01] result is nil 
INFO [10-05|17:18:01] **in eth.handler**, get result from ch 
validatorCommit time: 313.738µs
INFO [10-05|17:18:01] === Finished Mine() === 
INFO [10-05|17:18:01] ***in BFT.VVVVerifyHeader*** 
INFO [10-05|17:18:01] ***in BFT.verifyHeader*** 
INFO [10-05|17:18:01] ***in BFT.verifySeal*** 
INFO [10-05|17:18:01] In verifyVotes 
INFO [10-05|17:18:01] in HasQuorum 
INFO [10-05|17:18:01] In IsValid() 
len(lockset.Votes): 6 lockset.EligibleVotesNum: 8
INFO [10-05|17:18:01] in sortByBlockhash 
made bhs, bhs: map[[73 156 221 174 110 76 176 125 213 183 162 176 129 220 220 10 211 201 72 118 166 238 98 179 55 200 86 250 150 153 211 42]:6]
made hs, hs: [{[73 156 221 174 110 76 176 125 213 183 162 176 129 220 220 10 211 201 72 118 166 238 98 179 55 200 86 250 150 153 211 42] 6}]
sorted hs, hs: [{[73 156 221 174 110 76 176 125 213 183 162 176 129 220 220 10 211 201 72 118 166 238 98 179 55 200 86 250 150 153 211 42] 6}]
INFO [10-05|17:18:01] ***in BFT.VerifyHeaderSSSS*** 
INFO [10-05|17:18:01] ***in BFT.verifyHeader*** 
INFO [10-05|17:18:01] ***in BFT.verifySeal*** 
INFO [10-05|17:18:01] In verifyVotes 
INFO [10-05|17:18:01] in HasQuorum 
INFO [10-05|17:18:01] In IsValid() 
len(lockset.Votes): 6 lockset.EligibleVotesNum: 8
INFO [10-05|17:18:01] in sortByBlockhash 
made bhs, bhs: map[[73 156 221 174 110 76 176 125 213 183 162 176 129 220 220 10 211 201 72 118 166 238 98 179 55 200 86 250 150 153 211 42]:6]
made hs, hs: [{[73 156 221 174 110 76 176 125 213 183 162 176 129 220 220 10 211 201 72 118 166 238 98 179 55 200 86 250 150 153 211 42] 6}]
INFO [10-05|17:18:01] received NewBlockMsg! 
sorted hs, hs: [{[73 156 221 174 110 76 176 125 213 183 162 176 129 220 220 10 211 201 72 118 166 238 98 179 55 200 86 250 150 153 211 42] 6}]
INFO [10-05|17:18:01] received NewBlockMsg! 
INFO [10-05|17:18:01] Handle BFT Msg,                          msg="msg #17 (107 bytes)"
INFO [10-05|17:18:01] ------Received VoteMsg------ 
voteHR: H: 1 R: 0 voteType:: 1 voteHash: [73 156 221 174 110 76 176 125 213 183 162 176 129 220 220 10 211 201 72 118 166 238 98 179 55 200 86 250 150 153 211 42]
cmHR: H: 1 R: 0
INFO [10-05|17:18:01] --------------------------------------- 
INFO [10-05|17:18:01] addVote to                               height=1 round=0 from=0x24143873e0e0815fdcbcffdbe09c979cbf9ad013 success=true cm.coinbase=0x82a978b3f5962a5b0957d9ee9eef472ee55b42f1
INFO [10-05|17:18:01] ------in handle VoteMsg, success!------ 
INFO [10-05|17:18:02] Handle BFT Msg,                          msg="msg #17 (107 bytes)"
INFO [10-05|17:18:02] ------Received VoteMsg------ 
voteHR: H: 1 R: 0 voteType:: 1 voteHash: [73 156 221 174 110 76 176 125 213 183 162 176 129 220 220 10 211 201 72 118 166 238 98 179 55 200 86 250 150 153 211 42]
cmHR: H: 1 R: 0
INFO [10-05|17:18:02] --------------------------------------- 
INFO [10-05|17:18:02] addVote to                               height=1 round=0 from=0x10a1c1cb95c92ec31d3f22c66eef1d9f3f258c6b success=true cm.coinbase=0x82a978b3f5962a5b0957d9ee9eef472ee55b42f1
INFO [10-05|17:18:02] ------in handle VoteMsg, success!------ 
INFO [10-05|17:18:03] Imported new chain segment               blocks=1 txs=1598 mgas=33.558 elapsed=2.358s    mgasps=14.227 number=1 hash=499cdd…99d32a
FinishedPostExec, 1538731083579179000 , txs, 1598
PostExecTime, 2.358730437s
INFO [10-05|17:18:03] in pool.evenLoop, call pool.resetState 
INFO [10-05|17:18:08] Handle BFT Msg,                          msg="msg #17 (107 bytes)"
INFO [10-05|17:18:08] ------Received VoteMsg------ 
voteHR: H: 2 R: 0 voteType:: 2 voteHash: [0 0 0 0 0 0 0 0 0 0 0 0 0 0 0 0 0 0 0 0 0 0 0 0 0 0 0 0 0 0 0 0]
cmHR: H: 2 R: 0
INFO [10-05|17:18:08] --------------------------------------- 
INFO [10-05|17:18:08] addVote to                               height=2 round=0 from=0x7d577a597b2742b498cb5cf0c26cdcd726d39e6e success=true cm.coinbase=0x82a978b3f5962a5b0957d9ee9eef472ee55b42f1
INFO [10-05|17:18:08] ------in handle VoteMsg, success!------ 
INFO [10-05|17:18:09] Commit new mining work                   number=2 txs=1599 uncles=0 elapsed=5.489s
INFO [10-05|17:18:09] Sealing                                  block n=2
StartConsensus, 1538731089068767000
INFO [10-05|17:18:09] Start Process 
INFO [10-05|17:18:09] in cm.Process, check lastCommittingLockset() 
INFO [10-05|17:18:09] In IsValid() 
len(lockset.Votes): 8 lockset.EligibleVotesNum: 8
INFO [10-05|17:18:09] in HasQuorum 
INFO [10-05|17:18:09] In IsValid() 
len(lockset.Votes): 8 lockset.EligibleVotesNum: 8
INFO [10-05|17:18:09] in sortByBlockhash 
made bhs, bhs: map[[73 156 221 174 110 76 176 125 213 183 162 176 129 220 220 10 211 201 72 118 166 238 98 179 55 200 86 250 150 153 211 42]:8]
made hs, hs: [{[73 156 221 174 110 76 176 125 213 183 162 176 129 220 220 10 211 201 72 118 166 238 98 179 55 200 86 250 150 153 211 42] 8}]
sorted hs, hs: [{[73 156 221 174 110 76 176 125 213 183 162 176 129 220 220 10 211 201 72 118 166 238 98 179 55 200 86 250 150 153 211 42] 8}]
=====CM.COINBASE IS:===== [130 169 120 179 245 150 42 91 9 87 217 238 158 239 71 46 229 91 66 241] block number is: 2
INFO [10-05|17:18:09] case: default, cm.process 
ready: 8 need: 5.3333335
INFO [10-05|17:18:09] ---------------process------------------ 
INFO [10-05|17:18:09] In RM Process                            height=2 round=0
INFO [10-05|17:18:09] --------In rm.propose------- 
INFO [10-05|17:18:09] ---------------in rm.vote----------------- 
INFO [10-05|17:18:09] in vote in RM                            height=2 round=0
INFO [10-05|17:18:09] Timeout time not reach, curr vs timeout: curr=1538731089.000 timeout=1538731094.000
INFO [10-05|17:18:09] in rm.process, check lockset HasQuorum 
INFO [10-05|17:18:09] in HasQuorum 
INFO [10-05|17:18:09] In IsValid() 
len(lockset.Votes): 1 lockset.EligibleVotesNum: 8
INFO [10-05|17:18:09] rm lockset is not valid yet 
INFO [10-05|17:18:09] after cm.process() 
INFO [10-05|17:18:09] Handle BFT Msg,                          msg="msg #11 (173754 bytes)"
INFO [10-05|17:18:09] -------Received NewBlockProposalMsg------- 
bpHR: H: 2 R: 0
cmHR: H: 2 R: 0
INFO [10-05|17:18:09] --------------------------------------- 
INFO [10-05|17:18:09] In IsValid() 
len(lockset.Votes): 0 lockset.EligibleVotesNum: 0
INFO [10-05|17:18:09] cm add BlockProposal                     h=2 r=0
INFO [10-05|17:18:09] in HasQuorum 
INFO [10-05|17:18:09] In IsValid() 
len(lockset.Votes): 8 lockset.EligibleVotesNum: 8
INFO [10-05|17:18:09] in sortByBlockhash 
made bhs, bhs: map[[73 156 221 174 110 76 176 125 213 183 162 176 129 220 220 10 211 201 72 118 166 238 98 179 55 200 86 250 150 153 211 42]:8]
made hs, hs: [{[73 156 221 174 110 76 176 125 213 183 162 176 129 220 220 10 211 201 72 118 166 238 98 179 55 200 86 250 150 153 211 42] 8}]
sorted hs, hs: [{[73 156 221 174 110 76 176 125 213 183 162 176 129 220 220 10 211 201 72 118 166 238 98 179 55 200 86 250 150 153 211 42] 8}]
INFO [10-05|17:18:09] In addBlockCandidates!! 
INFO [10-05|17:18:09] -------in handle NewBlockProposalMsg, success!------- 
INFO [10-05|17:18:09] case: default, cm.process 
ready: 8 need: 5.3333335
INFO [10-05|17:18:09] ---------------process------------------ 
INFO [10-05|17:18:09] In RM Process                            height=2 round=0
INFO [10-05|17:18:09] --------In rm.propose------- 
INFO [10-05|17:18:09] ---------------in rm.vote----------------- 
INFO [10-05|17:18:09] in vote in RM                            height=2 round=0
INFO [10-05|17:18:09] Timeout time not reach, curr vs timeout: curr=1538731089.000 timeout=1538731094.000
INFO [10-05|17:18:09] in rm.process, check lockset HasQuorum 
INFO [10-05|17:18:09] in HasQuorum 
INFO [10-05|17:18:09] In IsValid() 
len(lockset.Votes): 1 lockset.EligibleVotesNum: 8
INFO [10-05|17:18:09] rm lockset is not valid yet 
INFO [10-05|17:18:09] after cm.process() 
INFO [10-05|17:18:09] Handle BFT Msg,                          msg="msg #18 (964 bytes)"
INFO [10-05|17:18:09] ------Received MsigProposalMsg------ 
mpHR: H: 2 R: 0 hash: [184 181 21 58 47 15 136 63 76 172 56 77 19 245 79 99 67 203 252 45 247 136 62 193 239 163 117 233 199 115 236 220]
cmHR: H: 2 R: 0
INFO [10-05|17:18:09] --------------------------------------- 
in addMsig peer = Peer d9d5b902798f5c42 [eth/63]
in addMsig mp.From = [89 132 67 241 136 14 245 133 178 31 29 117 133 189 5 119 64 40 97 229]
INFO [10-05|17:18:09] in MsigFinished 
INFO [10-05|17:18:09] ------addmsigproposal success!------- 
INFO [10-05|17:18:09] Handle BFT Msg,                          msg="msg #17 (107 bytes)"
INFO [10-05|17:18:09] ------Received VoteMsg------ 
voteHR: H: 2 R: 0 voteType:: 1 voteHash: [184 181 21 58 47 15 136 63 76 172 56 77 19 245 79 99 67 203 252 45 247 136 62 193 239 163 117 233 199 115 236 220]
cmHR: H: 2 R: 0
INFO [10-05|17:18:09] --------------------------------------- 
INFO [10-05|17:18:09] addVote to                               height=2 round=0 from=0x598443f1880ef585b21f1d7585bd0577402861e5 success=true cm.coinbase=0x82a978b3f5962a5b0957d9ee9eef472ee55b42f1
INFO [10-05|17:18:09] ------in handle VoteMsg, success!------ 
INFO [10-05|17:18:09] Handle BFT Msg,                          msg="msg #17 (107 bytes)"
INFO [10-05|17:18:09] ------Received VoteMsg------ 
voteHR: H: 2 R: 0 voteType:: 1 voteHash: [184 181 21 58 47 15 136 63 76 172 56 77 19 245 79 99 67 203 252 45 247 136 62 193 239 163 117 233 199 115 236 220]
cmHR: H: 2 R: 0
INFO [10-05|17:18:09] --------------------------------------- 
INFO [10-05|17:18:09] addVote to                               height=2 round=0 from=0x13cbb8d99c6c4e0f2728c7d72606e78a29c4e224 success=true cm.coinbase=0x82a978b3f5962a5b0957d9ee9eef472ee55b42f1
INFO [10-05|17:18:09] ------in handle VoteMsg, success!------ 
INFO [10-05|17:18:09] Handle BFT Msg,                          msg="msg #17 (107 bytes)"
INFO [10-05|17:18:09] ------Received VoteMsg------ 
voteHR: H: 2 R: 0 voteType:: 1 voteHash: [184 181 21 58 47 15 136 63 76 172 56 77 19 245 79 99 67 203 252 45 247 136 62 193 239 163 117 233 199 115 236 220]
cmHR: H: 2 R: 0
INFO [10-05|17:18:09] --------------------------------------- 
INFO [10-05|17:18:09] addVote to                               height=2 round=0 from=0x77db2bebba79db42a978f896968f4afce746ea1f success=true cm.coinbase=0x82a978b3f5962a5b0957d9ee9eef472ee55b42f1
INFO [10-05|17:18:09] ------in handle VoteMsg, success!------ 
INFO [10-05|17:18:09] case: default, cm.process 
ready: 8 need: 5.3333335
INFO [10-05|17:18:09] ---------------process------------------ 
INFO [10-05|17:18:09] In RM Process                            height=2 round=0
INFO [10-05|17:18:09] --------In rm.propose------- 
INFO [10-05|17:18:09] ---------------in rm.vote----------------- 
INFO [10-05|17:18:09] in vote in RM                            height=2 round=0
INFO [10-05|17:18:09] vote mp 
INFO [10-05|17:18:09] vote success in                          height=2 round=0
INFO [10-05|17:18:09] Send VoteMsg 
INFO [10-05|17:18:09] in rm.process, check lockset HasQuorum 
INFO [10-05|17:18:09] in HasQuorum 
INFO [10-05|17:18:09] In IsValid() 
len(lockset.Votes): 5 lockset.EligibleVotesNum: 8
INFO [10-05|17:18:09] rm lockset is not valid yet 
INFO [10-05|17:18:09] after cm.process() 
INFO [10-05|17:18:09] Handle BFT Msg,                          msg="msg #17 (107 bytes)"
INFO [10-05|17:18:09] ------Received VoteMsg------ 
voteHR: H: 2 R: 0 voteType:: 1 voteHash: [184 181 21 58 47 15 136 63 76 172 56 77 19 245 79 99 67 203 252 45 247 136 62 193 239 163 117 233 199 115 236 220]
cmHR: H: 2 R: 0
INFO [10-05|17:18:09] --------------------------------------- 
INFO [10-05|17:18:09] addVote to                               height=2 round=0 from=0xdceceaf3fc5c0a63d195d69b1a90011b7b19650d success=true cm.coinbase=0x82a978b3f5962a5b0957d9ee9eef472ee55b42f1
INFO [10-05|17:18:09] ------in handle VoteMsg, success!------ 
INFO [10-05|17:18:09] case: default, cm.process 
ready: 8 need: 5.3333335
INFO [10-05|17:18:09] ---------------process------------------ 
INFO [10-05|17:18:09] In RM Process                            height=2 round=0
INFO [10-05|17:18:09] --------In rm.propose------- 
INFO [10-05|17:18:09] ---------------in rm.vote----------------- 
INFO [10-05|17:18:09] voted 
INFO [10-05|17:18:09] in rm.process, check lockset HasQuorum 
INFO [10-05|17:18:09] in HasQuorum 
INFO [10-05|17:18:09] In IsValid() 
len(lockset.Votes): 6 lockset.EligibleVotesNum: 8
INFO [10-05|17:18:09] in sortByBlockhash 
made bhs, bhs: map[[184 181 21 58 47 15 136 63 76 172 56 77 19 245 79 99 67 203 252 45 247 136 62 193 239 163 117 233 199 115 236 220]:5]
made hs, hs: [{[184 181 21 58 47 15 136 63 76 172 56 77 19 245 79 99 67 203 252 45 247 136 62 193 239 163 117 233 199 115 236 220] 5}]
sorted hs, hs: [{[184 181 21 58 47 15 136 63 76 172 56 77 19 245 79 99 67 203 252 45 247 136 62 193 239 163 117 233 199 115 236 220] 5}]
INFO [10-05|17:18:09] rm lockset is not valid yet 
INFO [10-05|17:18:09] after cm.process() 
INFO [10-05|17:18:09] Handle BFT Msg,                          msg="msg #17 (107 bytes)"
INFO [10-05|17:18:09] ------Received VoteMsg------ 
voteHR: H: 2 R: 0 voteType:: 1 voteHash: [184 181 21 58 47 15 136 63 76 172 56 77 19 245 79 99 67 203 252 45 247 136 62 193 239 163 117 233 199 115 236 220]
cmHR: H: 2 R: 0
INFO [10-05|17:18:09] --------------------------------------- 
INFO [10-05|17:18:09] addVote to                               height=2 round=0 from=0x24143873e0e0815fdcbcffdbe09c979cbf9ad013 success=true cm.coinbase=0x82a978b3f5962a5b0957d9ee9eef472ee55b42f1
INFO [10-05|17:18:09] ------in handle VoteMsg, success!------ 
INFO [10-05|17:18:09] received NewBlockMsg! 
INFO [10-05|17:18:09] ***in BFT.VVVVerifyHeader*** 
INFO [10-05|17:18:09] ***in BFT.verifyHeader*** 
INFO [10-05|17:18:09] ***in BFT.verifySeal*** 
INFO [10-05|17:18:09] In verifyVotes 
INFO [10-05|17:18:09] ***in sync.request()*** 
INFO [10-05|17:18:09] case: default, cm.process 
ready: 8 need: 5.3333335
INFO [10-05|17:18:09] ---------------process------------------ 
INFO [10-05|17:18:09] In RM Process                            height=2 round=0
INFO [10-05|17:18:09] --------In rm.propose------- 
INFO [10-05|17:18:09] ---------------in rm.vote----------------- 
INFO [10-05|17:18:09] voted 
INFO [10-05|17:18:09] in rm.process, check lockset HasQuorum 
INFO [10-05|17:18:09] in HasQuorum 
INFO [10-05|17:18:09] In IsValid() 
len(lockset.Votes): 7 lockset.EligibleVotesNum: 8
INFO [10-05|17:18:09] in sortByBlockhash 
made bhs, bhs: map[[184 181 21 58 47 15 136 63 76 172 56 77 19 245 79 99 67 203 252 45 247 136 62 193 239 163 117 233 199 115 236 220]:6]
made hs, hs: [{[184 181 21 58 47 15 136 63 76 172 56 77 19 245 79 99 67 203 252 45 247 136 62 193 239 163 117 233 199 115 236 220] 6}]
sorted hs, hs: [{[184 181 21 58 47 15 136 63 76 172 56 77 19 245 79 99 67 203 252 45 247 136 62 193 239 163 117 233 199 115 236 220] 6}]
INFO [10-05|17:18:09] There is a quorum                        height=2 round=0
--- in rm.process p.id: --- Peer 94dd98401cf6ca04 [eth/63]
INFO [10-05|17:18:09] ============in cm.commitLockset============ 
INFO [10-05|17:18:09] in commitLockset, check ls HasQuorum 
INFO [10-05|17:18:09] in HasQuorum 
INFO [10-05|17:18:09] In IsValid() 
len(lockset.Votes): 7 lockset.EligibleVotesNum: 8
INFO [10-05|17:18:09] in sortByBlockhash 
made bhs, bhs: map[[184 181 21 58 47 15 136 63 76 172 56 77 19 245 79 99 67 203 252 45 247 136 62 193 239 163 117 233 199 115 236 220]:6]
made hs, hs: [{[184 181 21 58 47 15 136 63 76 172 56 77 19 245 79 99 67 203 252 45 247 136 62 193 239 163 117 233 199 115 236 220] 6}]
sorted hs, hs: [{[184 181 21 58 47 15 136 63 76 172 56 77 19 245 79 99 67 203 252 45 247 136 62 193 239 163 117 233 199 115 236 220] 6}]
INFO [10-05|17:18:09] cm.found is not nil 
INFO [10-05|17:18:09] store lockset 
peerid: 94dd98401cf6ca04
INFO [10-05|17:18:09] ---storeLockset--- 
INFO [10-05|17:18:09] after cm.process() 
cmH 2
INFO [10-05|17:18:09] in validatorCommit1 
pid: 94dd98401cf6ca04
block number 2
-------in NewBFTValidatorBlock-------
INFO [10-05|17:18:09] in validatorCommit2 
validatorCommit time: 86.916µs
INFO [10-05|17:18:09] **in eth.handler**, get result from ch 
INFO [10-05|17:18:09] have a consensus on the block 
INFO [10-05|17:18:09] result.Header().Coinbase != b.signer 
result.Header().Coinbase: [220 236 234 243 252 92 10 99 209 149 214 155 26 144 1 27 123 25 101 13] b.signer: [130 169 120 179 245 150 42 91 9 87 217 238 158 239 71 46 229 91 66 241]
ConsensusTime, 416746097 , txs, 1599 , blockNum, 2
FinishedConsensus, 1538731089485519000
INFO [10-05|17:18:09] result is nil 
INFO [10-05|17:18:09] === Finished Mine() === 
INFO [10-05|17:18:09] received NewBlockMsg! 
INFO [10-05|17:18:09] received NewBlockMsg! 
INFO [10-05|17:18:09] In verifyVotes 
INFO [10-05|17:18:09] in HasQuorum 
INFO [10-05|17:18:09] In IsValid() 
len(lockset.Votes): 7 lockset.EligibleVotesNum: 8
INFO [10-05|17:18:09] in sortByBlockhash 
made bhs, bhs: map[[184 181 21 58 47 15 136 63 76 172 56 77 19 245 79 99 67 203 252 45 247 136 62 193 239 163 117 233 199 115 236 220]:6]
made hs, hs: [{[184 181 21 58 47 15 136 63 76 172 56 77 19 245 79 99 67 203 252 45 247 136 62 193 239 163 117 233 199 115 236 220] 6}]
sorted hs, hs: [{[184 181 21 58 47 15 136 63 76 172 56 77 19 245 79 99 67 203 252 45 247 136 62 193 239 163 117 233 199 115 236 220] 6}]
INFO [10-05|17:18:09] ***in BFT.VerifyHeaderSSSS*** 
INFO [10-05|17:18:09] ***in BFT.verifyHeader*** 
INFO [10-05|17:18:09] ***in BFT.verifySeal*** 
INFO [10-05|17:18:09] In verifyVotes 
INFO [10-05|17:18:09] in HasQuorum 
INFO [10-05|17:18:09] In IsValid() 
len(lockset.Votes): 7 lockset.EligibleVotesNum: 8
INFO [10-05|17:18:09] in sortByBlockhash 
made bhs, bhs: map[[184 181 21 58 47 15 136 63 76 172 56 77 19 245 79 99 67 203 252 45 247 136 62 193 239 163 117 233 199 115 236 220]:6]
made hs, hs: [{[184 181 21 58 47 15 136 63 76 172 56 77 19 245 79 99 67 203 252 45 247 136 62 193 239 163 117 233 199 115 236 220] 6}]
sorted hs, hs: [{[184 181 21 58 47 15 136 63 76 172 56 77 19 245 79 99 67 203 252 45 247 136 62 193 239 163 117 233 199 115 236 220] 6}]
INFO [10-05|17:18:10] Handle BFT Msg,                          msg="msg #17 (107 bytes)"
INFO [10-05|17:18:10] ------Received VoteMsg------ 
voteHR: H: 2 R: 0 voteType:: 1 voteHash: [184 181 21 58 47 15 136 63 76 172 56 77 19 245 79 99 67 203 252 45 247 136 62 193 239 163 117 233 199 115 236 220]
cmHR: H: 2 R: 0
INFO [10-05|17:18:10] --------------------------------------- 
INFO [10-05|17:18:10] addVote to                               height=2 round=0 from=0x10a1c1cb95c92ec31d3f22c66eef1d9f3f258c6b success=true cm.coinbase=0x82a978b3f5962a5b0957d9ee9eef472ee55b42f1
INFO [10-05|17:18:10] ------in handle VoteMsg, success!------ 
INFO [10-05|17:18:13] Imported new chain segment               blocks=1 txs=1599 mgas=33.579 elapsed=3.966s    mgasps=8.467  number=2 hash=b8b515…73ecdc
FinishedPostExec, 1538731093652414000 , txs, 1599
PostExecTime, 3.966100625s
INFO [10-05|17:18:13] in pool.evenLoop, call pool.resetState 
INFO [10-05|17:18:19] Commit new mining work                   number=3 txs=1599 uncles=0 elapsed=5.435s
INFO [10-05|17:18:19] Sealing                                  block n=3
StartConsensus, 1538731099088770000
INFO [10-05|17:18:19] Start Process 
INFO [10-05|17:18:19] in cm.Process, check lastCommittingLockset() 
INFO [10-05|17:18:19] In IsValid() 
len(lockset.Votes): 8 lockset.EligibleVotesNum: 8
INFO [10-05|17:18:19] in HasQuorum 
INFO [10-05|17:18:19] In IsValid() 
len(lockset.Votes): 8 lockset.EligibleVotesNum: 8
INFO [10-05|17:18:19] in sortByBlockhash 
made bhs, bhs: map[[184 181 21 58 47 15 136 63 76 172 56 77 19 245 79 99 67 203 252 45 247 136 62 193 239 163 117 233 199 115 236 220]:7]
made hs, hs: [{[184 181 21 58 47 15 136 63 76 172 56 77 19 245 79 99 67 203 252 45 247 136 62 193 239 163 117 233 199 115 236 220] 7}]
sorted hs, hs: [{[184 181 21 58 47 15 136 63 76 172 56 77 19 245 79 99 67 203 252 45 247 136 62 193 239 163 117 233 199 115 236 220] 7}]
=====CM.COINBASE IS:===== [130 169 120 179 245 150 42 91 9 87 217 238 158 239 71 46 229 91 66 241] block number is: 3
INFO [10-05|17:18:19] case: default, cm.process 
ready: 8 need: 5.3333335
INFO [10-05|17:18:19] ---------------process------------------ 
INFO [10-05|17:18:19] In RM Process                            height=3 round=0
INFO [10-05|17:18:19] --------In rm.propose------- 
INFO [10-05|17:18:19] ---------------in rm.vote----------------- 
INFO [10-05|17:18:19] in vote in RM                            height=3 round=0
INFO [10-05|17:18:19] Timeout time not reach, curr vs timeout: curr=1538731099.000 timeout=1538731104.000
INFO [10-05|17:18:19] in rm.process, check lockset HasQuorum 
INFO [10-05|17:18:19] in HasQuorum 
INFO [10-05|17:18:19] In IsValid() 
len(lockset.Votes): 0 lockset.EligibleVotesNum: 8
INFO [10-05|17:18:19] rm lockset is not valid yet 
INFO [10-05|17:18:19] after cm.process() 
INFO [10-05|17:18:19] Handle BFT Msg,                          msg="msg #11 (173756 bytes)"
INFO [10-05|17:18:19] -------Received NewBlockProposalMsg------- 
bpHR: H: 3 R: 0
cmHR: H: 3 R: 0
INFO [10-05|17:18:19] --------------------------------------- 
INFO [10-05|17:18:19] case: default, cm.process 
ready: 8 need: 5.3333335
INFO [10-05|17:18:19] ---------------process------------------ 
INFO [10-05|17:18:19] In RM Process                            height=3 round=0
INFO [10-05|17:18:19] --------In rm.propose------- 
INFO [10-05|17:18:19] ---------------in rm.vote----------------- 
INFO [10-05|17:18:19] in vote in RM                            height=3 round=0
INFO [10-05|17:18:19] Timeout time not reach, curr vs timeout: curr=1538731099.000 timeout=1538731104.000
INFO [10-05|17:18:19] in rm.process, check lockset HasQuorum 
INFO [10-05|17:18:19] in HasQuorum 
INFO [10-05|17:18:19] In IsValid() 
len(lockset.Votes): 0 lockset.EligibleVotesNum: 8
INFO [10-05|17:18:19] rm lockset is not valid yet 
INFO [10-05|17:18:19] after cm.process() 
INFO [10-05|17:18:19] In IsValid() 
len(lockset.Votes): 0 lockset.EligibleVotesNum: 0
INFO [10-05|17:18:19] cm add BlockProposal                     h=3 r=0
INFO [10-05|17:18:19] in HasQuorum 
INFO [10-05|17:18:19] In IsValid() 
len(lockset.Votes): 8 lockset.EligibleVotesNum: 8
INFO [10-05|17:18:19] in sortByBlockhash 
made bhs, bhs: map[[184 181 21 58 47 15 136 63 76 172 56 77 19 245 79 99 67 203 252 45 247 136 62 193 239 163 117 233 199 115 236 220]:7]
made hs, hs: [{[184 181 21 58 47 15 136 63 76 172 56 77 19 245 79 99 67 203 252 45 247 136 62 193 239 163 117 233 199 115 236 220] 7}]
sorted hs, hs: [{[184 181 21 58 47 15 136 63 76 172 56 77 19 245 79 99 67 203 252 45 247 136 62 193 239 163 117 233 199 115 236 220] 7}]
INFO [10-05|17:18:19] in collectMsig, i am msig proposer 
in collect Misg Peer d9d5b902798f5c42 [eth/63]
INFO [10-05|17:18:19] Send MsigProposalMsg 
INFO [10-05|17:18:19] In addBlockCandidates!! 
INFO [10-05|17:18:19] -------in handle NewBlockProposalMsg, success!------- 
INFO [10-05|17:18:19] Handle BFT Msg,                          msg="msg #17 (107 bytes)"
INFO [10-05|17:18:19] ------Received VoteMsg------ 
voteHR: H: 3 R: 0 voteType:: 1 voteHash: [191 191 104 96 140 64 204 210 173 217 27 10 163 234 71 30 134 226 87 245 59 155 167 110 49 180 62 51 244 209 235 100]
cmHR: H: 3 R: 0
INFO [10-05|17:18:19] --------------------------------------- 
INFO [10-05|17:18:19] addVote to                               height=3 round=0 from=0x77db2bebba79db42a978f896968f4afce746ea1f success=true cm.coinbase=0x82a978b3f5962a5b0957d9ee9eef472ee55b42f1
INFO [10-05|17:18:19] ------in handle VoteMsg, success!------ 
INFO [10-05|17:18:19] Handle BFT Msg,                          msg="msg #17 (107 bytes)"
INFO [10-05|17:18:19] ------Received VoteMsg------ 
voteHR: H: 3 R: 0 voteType:: 1 voteHash: [191 191 104 96 140 64 204 210 173 217 27 10 163 234 71 30 134 226 87 245 59 155 167 110 49 180 62 51 244 209 235 100]
cmHR: H: 3 R: 0
INFO [10-05|17:18:19] --------------------------------------- 
INFO [10-05|17:18:19] addVote to                               height=3 round=0 from=0x10a1c1cb95c92ec31d3f22c66eef1d9f3f258c6b success=true cm.coinbase=0x82a978b3f5962a5b0957d9ee9eef472ee55b42f1
INFO [10-05|17:18:19] ------in handle VoteMsg, success!------ 
INFO [10-05|17:18:19] Handle BFT Msg,                          msg="msg #17 (107 bytes)"
INFO [10-05|17:18:19] ------Received VoteMsg------ 
voteHR: H: 3 R: 0 voteType:: 1 voteHash: [191 191 104 96 140 64 204 210 173 217 27 10 163 234 71 30 134 226 87 245 59 155 167 110 49 180 62 51 244 209 235 100]
cmHR: H: 3 R: 0
INFO [10-05|17:18:19] --------------------------------------- 
INFO [10-05|17:18:19] addVote to                               height=3 round=0 from=0x13cbb8d99c6c4e0f2728c7d72606e78a29c4e224 success=true cm.coinbase=0x82a978b3f5962a5b0957d9ee9eef472ee55b42f1
INFO [10-05|17:18:19] ------in handle VoteMsg, success!------ 
INFO [10-05|17:18:19] Handle BFT Msg,                          msg="msg #17 (107 bytes)"
INFO [10-05|17:18:19] ------Received VoteMsg------ 
voteHR: H: 3 R: 0 voteType:: 1 voteHash: [191 191 104 96 140 64 204 210 173 217 27 10 163 234 71 30 134 226 87 245 59 155 167 110 49 180 62 51 244 209 235 100]
cmHR: H: 3 R: 0
INFO [10-05|17:18:19] --------------------------------------- 
INFO [10-05|17:18:19] addVote to                               height=3 round=0 from=0x7d577a597b2742b498cb5cf0c26cdcd726d39e6e success=true cm.coinbase=0x82a978b3f5962a5b0957d9ee9eef472ee55b42f1
INFO [10-05|17:18:19] ------in handle VoteMsg, success!------ 
INFO [10-05|17:18:19] case: default, cm.process 
ready: 8 need: 5.3333335
INFO [10-05|17:18:19] ---------------process------------------ 
INFO [10-05|17:18:19] In RM Process                            height=3 round=0
INFO [10-05|17:18:19] --------In rm.propose------- 
INFO [10-05|17:18:19] ---------------in rm.vote----------------- 
INFO [10-05|17:18:19] in vote in RM                            height=3 round=0
INFO [10-05|17:18:19] vote mp 
INFO [10-05|17:18:19] vote success in                          height=3 round=0
INFO [10-05|17:18:19] Send VoteMsg 
INFO [10-05|17:18:19] in rm.process, check lockset HasQuorum 
INFO [10-05|17:18:19] in HasQuorum 
INFO [10-05|17:18:19] In IsValid() 
len(lockset.Votes): 5 lockset.EligibleVotesNum: 8
INFO [10-05|17:18:19] rm lockset is not valid yet 
INFO [10-05|17:18:19] after cm.process() 
INFO [10-05|17:18:19] Handle BFT Msg,                          msg="msg #17 (107 bytes)"
INFO [10-05|17:18:19] ------Received VoteMsg------ 
voteHR: H: 3 R: 0 voteType:: 1 voteHash: [191 191 104 96 140 64 204 210 173 217 27 10 163 234 71 30 134 226 87 245 59 155 167 110 49 180 62 51 244 209 235 100]
cmHR: H: 3 R: 0
INFO [10-05|17:18:19] --------------------------------------- 
INFO [10-05|17:18:19] addVote to                               height=3 round=0 from=0x598443f1880ef585b21f1d7585bd0577402861e5 success=true cm.coinbase=0x82a978b3f5962a5b0957d9ee9eef472ee55b42f1
INFO [10-05|17:18:19] ------in handle VoteMsg, success!------ 
INFO [10-05|17:18:19] Handle BFT Msg,                          msg="msg #17 (107 bytes)"
INFO [10-05|17:18:19] ------Received VoteMsg------ 
voteHR: H: 3 R: 0 voteType:: 1 voteHash: [191 191 104 96 140 64 204 210 173 217 27 10 163 234 71 30 134 226 87 245 59 155 167 110 49 180 62 51 244 209 235 100]
cmHR: H: 3 R: 0
INFO [10-05|17:18:19] --------------------------------------- 
INFO [10-05|17:18:19] addVote to                               height=3 round=0 from=0xdceceaf3fc5c0a63d195d69b1a90011b7b19650d success=true cm.coinbase=0x82a978b3f5962a5b0957d9ee9eef472ee55b42f1
INFO [10-05|17:18:19] ------in handle VoteMsg, success!------ 
INFO [10-05|17:18:19] Handle BFT Msg,                          msg="msg #17 (107 bytes)"
INFO [10-05|17:18:19] ------Received VoteMsg------ 
voteHR: H: 3 R: 0 voteType:: 1 voteHash: [191 191 104 96 140 64 204 210 173 217 27 10 163 234 71 30 134 226 87 245 59 155 167 110 49 180 62 51 244 209 235 100]
cmHR: H: 3 R: 0
INFO [10-05|17:18:19] --------------------------------------- 
INFO [10-05|17:18:19] addVote to                               height=3 round=0 from=0x24143873e0e0815fdcbcffdbe09c979cbf9ad013 success=true cm.coinbase=0x82a978b3f5962a5b0957d9ee9eef472ee55b42f1
INFO [10-05|17:18:19] ------in handle VoteMsg, success!------ 
INFO [10-05|17:18:19] received NewBlockMsg! 
INFO [10-05|17:18:19] ***in BFT.VVVVerifyHeader*** 
INFO [10-05|17:18:19] ***in BFT.verifyHeader*** 
INFO [10-05|17:18:19] ***in BFT.verifySeal*** 
INFO [10-05|17:18:19] In verifyVotes 
INFO [10-05|17:18:19] ***in sync.request()*** 
INFO [10-05|17:18:19] case: default, cm.process 
ready: 8 need: 5.3333335
INFO [10-05|17:18:19] ---------------process------------------ 
INFO [10-05|17:18:19] In RM Process                            height=3 round=0
INFO [10-05|17:18:19] --------In rm.propose------- 
INFO [10-05|17:18:19] ---------------in rm.vote----------------- 
INFO [10-05|17:18:19] voted 
INFO [10-05|17:18:19] in rm.process, check lockset HasQuorum 
INFO [10-05|17:18:19] in HasQuorum 
INFO [10-05|17:18:19] In IsValid() 
len(lockset.Votes): 8 lockset.EligibleVotesNum: 8
INFO [10-05|17:18:19] in sortByBlockhash 
made bhs, bhs: map[[191 191 104 96 140 64 204 210 173 217 27 10 163 234 71 30 134 226 87 245 59 155 167 110 49 180 62 51 244 209 235 100]:8]
made hs, hs: [{[191 191 104 96 140 64 204 210 173 217 27 10 163 234 71 30 134 226 87 245 59 155 167 110 49 180 62 51 244 209 235 100] 8}]
sorted hs, hs: [{[191 191 104 96 140 64 204 210 173 217 27 10 163 234 71 30 134 226 87 245 59 155 167 110 49 180 62 51 244 209 235 100] 8}]
INFO [10-05|17:18:19] There is a quorum                        height=3 round=0
--- in rm.process p.id: --- Peer d9d5b902798f5c42 [eth/63]
INFO [10-05|17:18:19] ============in cm.commitLockset============ 
INFO [10-05|17:18:19] in commitLockset, check ls HasQuorum 
INFO [10-05|17:18:19] in HasQuorum 
INFO [10-05|17:18:19] In IsValid() 
len(lockset.Votes): 8 lockset.EligibleVotesNum: 8
INFO [10-05|17:18:19] in sortByBlockhash 
made bhs, bhs: map[[191 191 104 96 140 64 204 210 173 217 27 10 163 234 71 30 134 226 87 245 59 155 167 110 49 180 62 51 244 209 235 100]:8]
made hs, hs: [{[191 191 104 96 140 64 204 210 173 217 27 10 163 234 71 30 134 226 87 245 59 155 167 110 49 180 62 51 244 209 235 100] 8}]
sorted hs, hs: [{[191 191 104 96 140 64 204 210 173 217 27 10 163 234 71 30 134 226 87 245 59 155 167 110 49 180 62 51 244 209 235 100] 8}]
INFO [10-05|17:18:19] cm.found is not nil 
INFO [10-05|17:18:19] store lockset 
peerid: d9d5b902798f5c42
INFO [10-05|17:18:19] have a consensus on the block 
INFO [10-05|17:18:19] result.Header().Coinbase != b.signer 
result.Header().Coinbase: [89 132 67 241 136 14 245 133 178 31 29 117 133 189 5 119 64 40 97 229] b.signer: [130 169 120 179 245 150 42 91 9 87 217 238 158 239 71 46 229 91 66 241]
ConsensusTime, 311877237 , txs, 1599 , blockNum, 3
FinishedConsensus, 1538731099400659000
cmH 3
INFO [10-05|17:18:19] result is nil 
INFO [10-05|17:18:19] in validatorCommit1 
pid: d9d5b902798f5c42
block number 3
-------in NewBFTValidatorBlock-------
INFO [10-05|17:18:19] in validatorCommit2 
validatorCommit time: 102.811µs
INFO [10-05|17:18:19] **in eth.handler**, get result from ch 
INFO [10-05|17:18:19] === Finished Mine() === 
INFO [10-05|17:18:19] ---storeLockset--- 
INFO [10-05|17:18:19] after cm.process() 
INFO [10-05|17:18:19] In verifyVotes 
INFO [10-05|17:18:19] in HasQuorum 
INFO [10-05|17:18:19] In IsValid() 
len(lockset.Votes): 8 lockset.EligibleVotesNum: 8
INFO [10-05|17:18:19] in sortByBlockhash 
made bhs, bhs: map[[191 191 104 96 140 64 204 210 173 217 27 10 163 234 71 30 134 226 87 245 59 155 167 110 49 180 62 51 244 209 235 100]:8]
made hs, hs: [{[191 191 104 96 140 64 204 210 173 217 27 10 163 234 71 30 134 226 87 245 59 155 167 110 49 180 62 51 244 209 235 100] 8}]
sorted hs, hs: [{[191 191 104 96 140 64 204 210 173 217 27 10 163 234 71 30 134 226 87 245 59 155 167 110 49 180 62 51 244 209 235 100] 8}]
INFO [10-05|17:18:19] ***in BFT.VerifyHeaderSSSS*** 
INFO [10-05|17:18:19] ***in BFT.verifyHeader*** 
INFO [10-05|17:18:19] ***in BFT.verifySeal*** 
INFO [10-05|17:18:19] In verifyVotes 
INFO [10-05|17:18:19] in HasQuorum 
INFO [10-05|17:18:19] In IsValid() 
len(lockset.Votes): 8 lockset.EligibleVotesNum: 8
INFO [10-05|17:18:19] in sortByBlockhash 
made bhs, bhs: map[[191 191 104 96 140 64 204 210 173 217 27 10 163 234 71 30 134 226 87 245 59 155 167 110 49 180 62 51 244 209 235 100]:8]
made hs, hs: [{[191 191 104 96 140 64 204 210 173 217 27 10 163 234 71 30 134 226 87 245 59 155 167 110 49 180 62 51 244 209 235 100] 8}]
sorted hs, hs: [{[191 191 104 96 140 64 204 210 173 217 27 10 163 234 71 30 134 226 87 245 59 155 167 110 49 180 62 51 244 209 235 100] 8}]
INFO [10-05|17:18:19] received NewBlockMsg! 
INFO [10-05|17:18:23] Imported new chain segment               blocks=1 txs=1599 mgas=33.579 elapsed=3.609s    mgasps=9.302  number=3 hash=bfbf68…d1eb64
FinishedPostExec, 1538731103179660000 , txs, 1599
PostExecTime, 3.609932393s
INFO [10-05|17:18:23] in pool.evenLoop, call pool.resetState 
INFO [10-05|17:18:27] Handle BFT Msg,                          msg="msg #17 (107 bytes)"
INFO [10-05|17:18:27] ------Received VoteMsg------ 
voteHR: H: 4 R: 0 voteType:: 2 voteHash: [0 0 0 0 0 0 0 0 0 0 0 0 0 0 0 0 0 0 0 0 0 0 0 0 0 0 0 0 0 0 0 0]
cmHR: H: 4 R: 0
INFO [10-05|17:18:27] --------------------------------------- 
INFO [10-05|17:18:27] addVote to                               height=4 round=0 from=0x598443f1880ef585b21f1d7585bd0577402861e5 success=true cm.coinbase=0x82a978b3f5962a5b0957d9ee9eef472ee55b42f1
INFO [10-05|17:18:27] ------in handle VoteMsg, success!------ 
INFO [10-05|17:18:27] Handle BFT Msg,                          msg="msg #11 (173874 bytes)"
INFO [10-05|17:18:27] -------Received NewBlockProposalMsg------- 
bpHR: H: 4 R: 0
cmHR: H: 4 R: 0
INFO [10-05|17:18:27] --------------------------------------- 
INFO [10-05|17:18:27] In IsValid() 
len(lockset.Votes): 0 lockset.EligibleVotesNum: 0
INFO [10-05|17:18:27] cm add BlockProposal                     h=4 r=0
INFO [10-05|17:18:27] in HasQuorum 
INFO [10-05|17:18:27] In IsValid() 
len(lockset.Votes): 8 lockset.EligibleVotesNum: 8
INFO [10-05|17:18:27] in sortByBlockhash 
made bhs, bhs: map[[191 191 104 96 140 64 204 210 173 217 27 10 163 234 71 30 134 226 87 245 59 155 167 110 49 180 62 51 244 209 235 100]:8]
made hs, hs: [{[191 191 104 96 140 64 204 210 173 217 27 10 163 234 71 30 134 226 87 245 59 155 167 110 49 180 62 51 244 209 235 100] 8}]
sorted hs, hs: [{[191 191 104 96 140 64 204 210 173 217 27 10 163 234 71 30 134 226 87 245 59 155 167 110 49 180 62 51 244 209 235 100] 8}]
INFO [10-05|17:18:27] In addBlockCandidates!! 
INFO [10-05|17:18:27] -------in handle NewBlockProposalMsg, success!------- 
INFO [10-05|17:18:27] Handle BFT Msg,                          msg="msg #18 (964 bytes)"
INFO [10-05|17:18:27] ------Received MsigProposalMsg------ 
mpHR: H: 4 R: 0 hash: [160 72 109 213 148 207 62 37 221 128 31 214 137 33 64 163 193 105 205 60 120 94 195 248 160 236 197 103 146 208 111 50]
cmHR: H: 4 R: 0
INFO [10-05|17:18:27] --------------------------------------- 
in addMsig peer = Peer 6d11b37ef4fc909a [eth/63]
in addMsig mp.From = [125 87 122 89 123 39 66 180 152 203 92 240 194 108 220 215 38 211 158 110]
INFO [10-05|17:18:27] in MsigFinished 
INFO [10-05|17:18:27] ------addmsigproposal success!------- 
./node1.sh: line 16: 13348 Terminated: 15          ../build/bin/geth --networkid 2234 --port 30303 --rpcport 8545 --datadir "data/node1" --nodiscover --rpc --rpccorsdomain "*" --rpcapi "eth,net,debug" --bft --allow-empty --num-validators 8 --node-num 0
