INFO [10-29|14:38:06] Starting peer-to-peer node               instance=Geth/v1.6.7-unstable-5328d2c7/darwin-amd64/go1.9.7
INFO [10-29|14:38:06] Allocated cache and file handles         database=/Users/sujianwei20/new_misgcode/go_ethereum_cosi/examples/data/node1/geth/chaindata cache=128 handles=1024
WARN [10-29|14:38:06] Upgrading chain database to use sequential keys 
INFO [10-29|14:38:06] Initialised chain configuration          config="{ChainID: 2235 Homestead: 1 DAO: <nil> DAOSupport: false EIP150: 2 EIP155: 3 EIP158: 3 Metropolis: <nil> Engine: ethash}"
INFO [10-29|14:38:06] config bft is                            bft=true
WARN [10-29|14:38:06] Upgrading db log bloom bins 
INFO [10-29|14:38:06] Bloom-bin upgrade completed              elapsed=177.03µs
INFO [10-29|14:38:06] Initialising Ethereum protocol           versions="[63 62]" network=2234
INFO [10-29|14:38:06] Loaded most recent local header          number=0 hash=6f3c1c…1bf138 td=1048576
INFO [10-29|14:38:06] Loaded most recent local full block      number=0 hash=6f3c1c…1bf138 td=1048576
INFO [10-29|14:38:06] Loaded most recent local fast block      number=0 hash=6f3c1c…1bf138 td=1048576
INFO [10-29|14:38:06] in NewTxPool, call resetState 
INFO [10-29|14:38:06] in NewTxPool, call pool.eventLoog() 
INFO [10-29|14:38:06] Allocated cache and file handles         database=/Users/sujianwei20/new_misgcode/go_ethereum_cosi/examples/data/node1/geth/bftData   cache=128 handles=1024
INFO [10-29|14:38:06] Database conversion successful 
INFO [10-29|14:38:06] addVote to                               height=0 round=0 from=0x82a978b3f5962a5b0957d9ee9eef472ee55b42f1 success=true cm.coinbase=0x82a978b3f5962a5b0957d9ee9eef472ee55b42f1
ready: 1 need: 2.6666667
INFO [10-29|14:38:06] consensusManager not ready  
ready: 1 need: 2.6666667
INFO [10-29|14:38:06] Starting P2P networking 
INFO [10-29|14:38:06] RLPx listener up                         self="enode://d67104e65b61fca1fc73a74175667c11f16c037fa8e414499189df9d68706aca6e1a1b4ea02b702f101eb609c4cd2964d4790047a06458ba8a1a19040ab1fe0d@[::]:30303?discport=0"
INFO [10-29|14:38:06] ---In BFTvalidatorCommitBlock--- 
INFO [10-29|14:38:06] IPC endpoint opened: /Users/sujianwei20/new_misgcode/go_ethereum_cosi/examples/data/node1/geth.ipc 
INFO [10-29|14:38:06] HTTP endpoint opened: http://127.0.0.1:8545 
INFO [10-29|14:38:06] Handle BFT Msg,                          msg="msg #8 (78 bytes)"
INFO [10-29|14:38:06] ------Received ReadMsg------ 
AddReady from: [89 132 67 241 136 14 245 133 178 31 29 117 133 189 5 119 64 40 97 229]
INFO [10-29|14:38:06] send Ready msg 
ready: 2 need: 2.6666667
INFO [10-29|14:38:07] consensusManager not ready  
ready: 2 need: 2.6666667
INFO [10-29|14:38:07] send Ready msg 
INFO [10-29|14:38:07] send Ready msg 
INFO [10-29|14:38:07] send Ready msg 
INFO [10-29|14:38:07] Handle BFT Msg,                          msg="msg #8 (78 bytes)"
INFO [10-29|14:38:07] ------Received ReadMsg------ 
AddReady from: [130 169 120 179 245 150 42 91 9 87 217 238 158 239 71 46 229 91 66 241]
INFO [10-29|14:38:07] Handle BFT Msg,                          msg="msg #8 (78 bytes)"
INFO [10-29|14:38:07] ------Received ReadMsg------ 
INFO [10-29|14:38:07] Handle BFT Msg,                          msg="msg #8 (78 bytes)"
INFO [10-29|14:38:07] ------Received ReadMsg------ 
AddReady from: [130 169 120 179 245 150 42 91 9 87 217 238 158 239 71 46 229 91 66 241]
AddReady from: [130 169 120 179 245 150 42 91 9 87 217 238 158 239 71 46 229 91 66 241]
INFO [10-29|14:38:07] Handle BFT Msg,                          msg="msg #8 (78 bytes)"
INFO [10-29|14:38:07] ------Received ReadMsg------ 
AddReady from: [89 132 67 241 136 14 245 133 178 31 29 117 133 189 5 119 64 40 97 229]
INFO [10-29|14:38:07] send Ready msg 
INFO [10-29|14:38:07] send Ready msg 
INFO [10-29|14:38:07] send Ready msg 
INFO [10-29|14:38:07] Handle BFT Msg,                          msg="msg #8 (78 bytes)"
INFO [10-29|14:38:07] ------Received ReadMsg------ 
AddReady from: [89 132 67 241 136 14 245 133 178 31 29 117 133 189 5 119 64 40 97 229]
INFO [10-29|14:38:07] Handle BFT Msg,                          msg="msg #8 (78 bytes)"
INFO [10-29|14:38:07] ------Received ReadMsg------ 
AddReady from: [89 132 67 241 136 14 245 133 178 31 29 117 133 189 5 119 64 40 97 229]
INFO [10-29|14:38:07] Handle BFT Msg,                          msg="msg #8 (78 bytes)"
INFO [10-29|14:38:07] ------Received ReadMsg------ 
AddReady from: [220 236 234 243 252 92 10 99 209 149 214 155 26 144 1 27 123 25 101 13]
INFO [10-29|14:38:07] send Ready msg 
INFO [10-29|14:38:07] send Ready msg 
INFO [10-29|14:38:07] send Ready msg 
INFO [10-29|14:38:07] Handle BFT Msg,                          msg="msg #8 (78 bytes)"
INFO [10-29|14:38:07] ------Received ReadMsg------ 
AddReady from: [220 236 234 243 252 92 10 99 209 149 214 155 26 144 1 27 123 25 101 13]
INFO [10-29|14:38:07] Handle BFT Msg,                          msg="msg #8 (78 bytes)"
INFO [10-29|14:38:07] ------Received ReadMsg------ 
AddReady from: [220 236 234 243 252 92 10 99 209 149 214 155 26 144 1 27 123 25 101 13]
INFO [10-29|14:38:07] Handle BFT Msg,                          msg="msg #8 (78 bytes)"
INFO [10-29|14:38:07] ------Received ReadMsg------ 
AddReady from: [220 236 234 243 252 92 10 99 209 149 214 155 26 144 1 27 123 25 101 13]
INFO [10-29|14:38:07] Handle BFT Msg,                          msg="msg #8 (78 bytes)"
INFO [10-29|14:38:07] ------Received ReadMsg------ 
INFO [10-29|14:38:07] Handle BFT Msg,                          msg="msg #8 (78 bytes)"
INFO [10-29|14:38:07] ------Received ReadMsg------ 
AddReady from: [125 87 122 89 123 39 66 180 152 203 92 240 194 108 220 215 38 211 158 110]
INFO [10-29|14:38:07] send Ready msg 
INFO [10-29|14:38:07] send Ready msg 
INFO [10-29|14:38:07] send Ready msg 
INFO [10-29|14:38:07] Handle BFT Msg,                          msg="msg #8 (78 bytes)"
INFO [10-29|14:38:07] ------Received ReadMsg------ 
AddReady from: [125 87 122 89 123 39 66 180 152 203 92 240 194 108 220 215 38 211 158 110]
AddReady from: [125 87 122 89 123 39 66 180 152 203 92 240 194 108 220 215 38 211 158 110]
ready: 4 need: 2.6666667
ready: 4 need: 2.6666667
INFO [10-29|14:38:07] send Ready msg 
INFO [10-29|14:38:07] send Ready msg 
INFO [10-29|14:38:07] send Ready msg 
INFO [10-29|14:38:07] -----------------consensusManager Ready------------------------- 
INFO [10-29|14:38:07] Handle BFT Msg,                          msg="msg #8 (78 bytes)"
INFO [10-29|14:38:07] ------Received ReadMsg------ 
AddReady from: [130 169 120 179 245 150 42 91 9 87 217 238 158 239 71 46 229 91 66 241]
INFO [10-29|14:38:07] Handle BFT Msg,                          msg="msg #8 (78 bytes)"
INFO [10-29|14:38:07] ------Received ReadMsg------ 
AddReady from: [130 169 120 179 245 150 42 91 9 87 217 238 158 239 71 46 229 91 66 241]
INFO [10-29|14:38:07] Handle BFT Msg,                          msg="msg #8 (78 bytes)"
INFO [10-29|14:38:07] ------Received ReadMsg------ 
AddReady from: [130 169 120 179 245 150 42 91 9 87 217 238 158 239 71 46 229 91 66 241]
INFO [10-29|14:38:07] Handle BFT Msg,                          msg="msg #8 (78 bytes)"
INFO [10-29|14:38:07] ------Received ReadMsg------ 
INFO [10-29|14:38:07] Handle BFT Msg,                          msg="msg #8 (78 bytes)"
INFO [10-29|14:38:07] ------Received ReadMsg------ 
AddReady from: [89 132 67 241 136 14 245 133 178 31 29 117 133 189 5 119 64 40 97 229]
INFO [10-29|14:38:07] send Ready msg 
INFO [10-29|14:38:07] send Ready msg 
INFO [10-29|14:38:07] Handle BFT Msg,                          msg="msg #8 (78 bytes)"
INFO [10-29|14:38:07] ------Received ReadMsg------ 
AddReady from: [89 132 67 241 136 14 245 133 178 31 29 117 133 189 5 119 64 40 97 229]
INFO [10-29|14:38:07] send Ready msg 
AddReady from: [89 132 67 241 136 14 245 133 178 31 29 117 133 189 5 119 64 40 97 229]
INFO [10-29|14:38:07] send Ready msg 
INFO [10-29|14:40:20] Transaction pool price threshold updated price=18000000000
INFO [10-29|14:40:20] Starting mining operation 
INFO [10-29|14:40:22] Commit new mining work                   number=1 txs=1598 uncles=0 elapsed=2.157s
INFO [10-29|14:40:22] Sealing                                  block n=1
StartConsensus, 1540795222243469000
INFO [10-29|14:40:22] Start Process 
INFO [10-29|14:40:22] in cm.Process, check lastCommittingLockset() 
INFO [10-29|14:40:22] In IsValid() 
len(lockset.Votes): 1 lockset.EligibleVotesNum: 0
INFO [10-29|14:40:22] in HasQuorum 
INFO [10-29|14:40:22] In IsValid() 
len(lockset.Votes): 1 lockset.EligibleVotesNum: 0
=====CM.COINBASE IS:===== [130 169 120 179 245 150 42 91 9 87 217 238 158 239 71 46 229 91 66 241] block number is: 1
INFO [10-29|14:40:22] case: default, cm.process 
ready: 4 need: 2.6666667
INFO [10-29|14:40:22] ---------------process------------------ 
INFO [10-29|14:40:22] In RM Process                            height=1 round=0
INFO [10-29|14:40:22] --------In rm.propose------- 
INFO [10-29|14:40:22] ---------------in rm.vote----------------- 
INFO [10-29|14:40:22] in vote in RM                            height=1 round=0
INFO [10-29|14:40:22] Timeout time not reach, curr vs timeout: curr=1540795222.000 timeout=1540795227.000
INFO [10-29|14:40:22] in rm.process, check lockset HasQuorum 
INFO [10-29|14:40:22] in HasQuorum 
INFO [10-29|14:40:22] In IsValid() 
len(lockset.Votes): 0 lockset.EligibleVotesNum: 4
INFO [10-29|14:40:22] rm lockset is not valid yet 
INFO [10-29|14:40:22] after cm.process() 
INFO [10-29|14:40:22] case: default, cm.process 
ready: 4 need: 2.6666667
INFO [10-29|14:40:22] ---------------process------------------ 
INFO [10-29|14:40:22] In RM Process                            height=1 round=0
INFO [10-29|14:40:22] --------In rm.propose------- 
INFO [10-29|14:40:22] ---------------in rm.vote----------------- 
INFO [10-29|14:40:22] in vote in RM                            height=1 round=0
INFO [10-29|14:40:22] Timeout time not reach, curr vs timeout: curr=1540795222.000 timeout=1540795227.000
INFO [10-29|14:40:22] in rm.process, check lockset HasQuorum 
INFO [10-29|14:40:22] in HasQuorum 
INFO [10-29|14:40:22] In IsValid() 
len(lockset.Votes): 0 lockset.EligibleVotesNum: 4
INFO [10-29|14:40:22] rm lockset is not valid yet 
INFO [10-29|14:40:22] after cm.process() 
INFO [10-29|14:40:22] Handle BFT Msg,                          msg="msg #11 (172922 bytes)"
INFO [10-29|14:40:22] -------Received NewBlockProposalMsg------- 
bpHR: H: 1 R: 0
cmHR: H: 1 R: 0
INFO [10-29|14:40:22] --------------------------------------- 
# collMsig from = Peer 6d11b37ef4fc909a [eth/63]
cmHR: H: 1 R: 0
this is rm.proposerPeer  Peer 6d11b37ef4fc909a [eth/63]
INFO [10-29|14:40:22] In IsValid() 
len(lockset.Votes): 0 lockset.EligibleVotesNum: 0
INFO [10-29|14:40:22] cm add BlockProposal                     h=1 r=0
INFO [10-29|14:40:22] in HasQuorum 
INFO [10-29|14:40:22] In IsValid() 
len(lockset.Votes): 1 lockset.EligibleVotesNum: 0
INFO [10-29|14:40:22] In addBlockCandidates!! 
INFO [10-29|14:40:22] -------in handle NewBlockProposalMsg, success!------- 
INFO [10-29|14:40:22] Handle BFT Msg,                          msg="msg #18 (345 bytes)"
INFO [10-29|14:40:22] ------Received MsigProposalMsg------ 
mpHR: H: 1 R: 0 hash: [254 233 180 60 190 117 81 223 0 97 101 51 228 111 176 20 196 205 217 226 112 254 144 83 96 164 247 224 100 129 27 14]
cmHR: H: 1 R: 0
INFO [10-29|14:40:22] --------------------------------------- 
INFO [10-29|14:40:22] in MsigFinished 
len(mp.Msig.MsigVs): 2 mp.MsigVs: [0 27]
H====:  1 P==== 0
INFO [10-29|14:40:22] ------addmsigproposal success!------- 
INFO [10-29|14:40:22] case: default, cm.process 
ready: 4 need: 2.6666667
INFO [10-29|14:40:22] ---------------process------------------ 
INFO [10-29|14:40:22] In RM Process                            height=1 round=0
INFO [10-29|14:40:22] --------In rm.propose------- 
INFO [10-29|14:40:22] ---------------in rm.vote----------------- 
INFO [10-29|14:40:22] in vote in RM                            height=1 round=0
INFO [10-29|14:40:22] vote mp 
INFO [10-29|14:40:22] vote success in                          height=1 round=0
INFO [10-29|14:40:22] Send VoteMsg 
INFO [10-29|14:40:22] in rm.process, check lockset HasQuorum 
INFO [10-29|14:40:22] in HasQuorum 
INFO [10-29|14:40:22] In IsValid() 
len(lockset.Votes): 1 lockset.EligibleVotesNum: 4
INFO [10-29|14:40:22] rm lockset is not valid yet 
INFO [10-29|14:40:22] after cm.process() 
INFO [10-29|14:40:22] Handle BFT Msg,                          msg="msg #17 (107 bytes)"
INFO [10-29|14:40:22] ------Received VoteMsg------ 
voteHR: H: 1 R: 0 voteType:: 1 voteHash: [254 233 180 60 190 117 81 223 0 97 101 51 228 111 176 20 196 205 217 226 112 254 144 83 96 164 247 224 100 129 27 14]
cmHR: H: 1 R: 0
INFO [10-29|14:40:22] --------------------------------------- 
INFO [10-29|14:40:22] addVote to                               height=1 round=0 from=0x7d577a597b2742b498cb5cf0c26cdcd726d39e6e success=true cm.coinbase=0x82a978b3f5962a5b0957d9ee9eef472ee55b42f1
INFO [10-29|14:40:22] ------in handle VoteMsg, success!------ 
INFO [10-29|14:40:22] case: default, cm.process 
ready: 4 need: 2.6666667
INFO [10-29|14:40:22] ---------------process------------------ 
INFO [10-29|14:40:22] In RM Process                            height=1 round=0
INFO [10-29|14:40:22] --------In rm.propose------- 
INFO [10-29|14:40:22] ---------------in rm.vote----------------- 
INFO [10-29|14:40:22] voted 
INFO [10-29|14:40:22] in rm.process, check lockset HasQuorum 
INFO [10-29|14:40:22] in HasQuorum 
INFO [10-29|14:40:22] In IsValid() 
len(lockset.Votes): 2 lockset.EligibleVotesNum: 4
INFO [10-29|14:40:22] rm lockset is not valid yet 
INFO [10-29|14:40:22] after cm.process() 
INFO [10-29|14:40:22] case: default, cm.process 
ready: 4 need: 2.6666667
INFO [10-29|14:40:22] ---------------process------------------ 
INFO [10-29|14:40:22] In RM Process                            height=1 round=0
INFO [10-29|14:40:22] --------In rm.propose------- 
INFO [10-29|14:40:22] ---------------in rm.vote----------------- 
INFO [10-29|14:40:22] voted 
INFO [10-29|14:40:22] in rm.process, check lockset HasQuorum 
INFO [10-29|14:40:22] in HasQuorum 
INFO [10-29|14:40:22] In IsValid() 
len(lockset.Votes): 2 lockset.EligibleVotesNum: 4
INFO [10-29|14:40:22] rm lockset is not valid yet 
INFO [10-29|14:40:22] after cm.process() 
INFO [10-29|14:40:22] Handle BFT Msg,                          msg="msg #17 (107 bytes)"
INFO [10-29|14:40:22] ------Received VoteMsg------ 
voteHR: H: 1 R: 0 voteType:: 1 voteHash: [254 233 180 60 190 117 81 223 0 97 101 51 228 111 176 20 196 205 217 226 112 254 144 83 96 164 247 224 100 129 27 14]
cmHR: H: 1 R: 0
INFO [10-29|14:40:22] --------------------------------------- 
INFO [10-29|14:40:22] addVote to                               height=1 round=0 from=0xdceceaf3fc5c0a63d195d69b1a90011b7b19650d success=true cm.coinbase=0x82a978b3f5962a5b0957d9ee9eef472ee55b42f1
INFO [10-29|14:40:22] ------in handle VoteMsg, success!------ 
INFO [10-29|14:40:22] received NewBlockMsg! 
INFO [10-29|14:40:22] ***in BFT.VVVVerifyHeader*** 
INFO [10-29|14:40:22] ***in BFT.verifyHeader*** 
INFO [10-29|14:40:22] ***in BFT.verifySeal*** 
INFO [10-29|14:40:22] In verifyVotes 
INFO [10-29|14:40:22] ***in sync.request()*** 
INFO [10-29|14:40:22] Handle BFT Msg,                          msg="msg #17 (107 bytes)"
INFO [10-29|14:40:22] ------Received VoteMsg------ 
voteHR: H: 1 R: 0 voteType:: 1 voteHash: [254 233 180 60 190 117 81 223 0 97 101 51 228 111 176 20 196 205 217 226 112 254 144 83 96 164 247 224 100 129 27 14]
cmHR: H: 1 R: 0
INFO [10-29|14:40:22] --------------------------------------- 
INFO [10-29|14:40:22] addVote to                               height=1 round=0 from=0x598443f1880ef585b21f1d7585bd0577402861e5 success=true cm.coinbase=0x82a978b3f5962a5b0957d9ee9eef472ee55b42f1
INFO [10-29|14:40:22] ------in handle VoteMsg, success!------ 
INFO [10-29|14:40:22] received NewBlockMsg! 
INFO [10-29|14:40:22] case: default, cm.process 
ready: 4 need: 2.6666667
INFO [10-29|14:40:22] ---------------process------------------ 
INFO [10-29|14:40:22] In RM Process                            height=1 round=0
INFO [10-29|14:40:22] --------In rm.propose------- 
INFO [10-29|14:40:22] ---------------in rm.vote----------------- 
INFO [10-29|14:40:22] voted 
INFO [10-29|14:40:22] in rm.process, check lockset HasQuorum 
INFO [10-29|14:40:22] in HasQuorum 
INFO [10-29|14:40:22] In IsValid() 
len(lockset.Votes): 4 lockset.EligibleVotesNum: 4
INFO [10-29|14:40:22] There is a quorum                        height=1 round=0
--- in rm.process p.id: --- Peer 6d11b37ef4fc909a [eth/63]
INFO [10-29|14:40:22] ============in cm.commitLockset============ 
INFO [10-29|14:40:22] in commitLockset, check ls HasQuorum 
INFO [10-29|14:40:22] in HasQuorum 
INFO [10-29|14:40:22] In IsValid() 
len(lockset.Votes): 4 lockset.EligibleVotesNum: 4
INFO [10-29|14:40:22] cm.found is not nil 
INFO [10-29|14:40:22] store lockset 
peerid: 6d11b37ef4fc909a
INFO [10-29|14:40:22] ---storeLockset--- 
INFO [10-29|14:40:22] after cm.process() 
cmH 1
INFO [10-29|14:40:22] in validatorCommit1 
pid: 6d11b37ef4fc909a
block number 1
-------in NewBFTValidatorBlock-------
INFO [10-29|14:40:22] in validatorCommit2 
validatorCommit time: 76.341µs
INFO [10-29|14:40:22] **in eth.handler**, get result from ch 
INFO [10-29|14:40:22] have a consensus on the block 
INFO [10-29|14:40:22] result.Header().Coinbase != b.signer 
result.Header().Coinbase: [125 87 122 89 123 39 66 180 152 203 92 240 194 108 220 215 38 211 158 110] b.signer: [130 169 120 179 245 150 42 91 9 87 217 238 158 239 71 46 229 91 66 241]
ConsensusTime, 526969192 , txs, 1598 , blockNum, 1
FinishedConsensus, 1540795222770470000
INFO [10-29|14:40:22] result is nil 
INFO [10-29|14:40:22] === Finished Mine() === 
INFO [10-29|14:40:22] received NewBlockMsg! 
INFO [10-29|14:40:22] In verifyVotes 
INFO [10-29|14:40:22] in HasQuorum 
INFO [10-29|14:40:22] In IsValid() 
len(lockset.Votes): 4 lockset.EligibleVotesNum: 4
INFO [10-29|14:40:22] ***in BFT.VerifyHeaderSSSS*** 
INFO [10-29|14:40:22] ***in BFT.verifyHeader*** 
INFO [10-29|14:40:22] ***in BFT.verifySeal*** 
INFO [10-29|14:40:22] In verifyVotes 
INFO [10-29|14:40:22] in HasQuorum 
INFO [10-29|14:40:22] In IsValid() 
len(lockset.Votes): 4 lockset.EligibleVotesNum: 4
INFO [10-29|14:40:23] Imported new chain segment               blocks=1 txs=1598 mgas=33.558 elapsed=1.000s   mgasps=33.526 number=1 hash=fee9b4…811b0e
FinishedPostExec, 1540795223911054000 , txs, 1598
PostExecTime, 1.000955499s
INFO [10-29|14:40:23] in pool.evenLoop, call pool.resetState 
INFO [10-29|14:40:25] Handle BFT Msg,                          msg="msg #11 (173334 bytes)"
INFO [10-29|14:40:25] -------Received NewBlockProposalMsg------- 
bpHR: H: 2 R: 0
cmHR: H: 2 R: 0
INFO [10-29|14:40:25] --------------------------------------- 
# collMsig from = Peer 94dd98401cf6ca04 [eth/63]
cmHR: H: 2 R: 0
this is rm.proposerPeer  Peer 94dd98401cf6ca04 [eth/63]
INFO [10-29|14:40:25] In IsValid() 
len(lockset.Votes): 0 lockset.EligibleVotesNum: 0
INFO [10-29|14:40:25] cm add BlockProposal                     h=2 r=0
INFO [10-29|14:40:25] in HasQuorum 
INFO [10-29|14:40:25] In IsValid() 
len(lockset.Votes): 4 lockset.EligibleVotesNum: 4
INFO [10-29|14:40:25] In addBlockCandidates!! 
INFO [10-29|14:40:25] -------in handle NewBlockProposalMsg, success!------- 
INFO [10-29|14:40:25] Handle BFT Msg,                          msg="msg #18 (662 bytes)"
INFO [10-29|14:40:25] ------Received MsigProposalMsg------ 
mpHR: H: 2 R: 0 hash: [4 81 98 225 118 159 194 55 56 48 130 163 70 64 221 117 251 190 192 210 190 83 173 224 26 80 143 133 42 107 31 38]
cmHR: H: 2 R: 0
INFO [10-29|14:40:25] --------------------------------------- 
INFO [10-29|14:40:25] in MsigFinished 
len(mp.Msig.MsigVs): 2 mp.MsigVs: [0 28]
H====:  2 P==== 0
INFO [10-29|14:40:25] ------addmsigproposal success!------- 
INFO [10-29|14:40:25] Handle BFT Msg,                          msg="msg #17 (107 bytes)"
INFO [10-29|14:40:25] ------Received VoteMsg------ 
voteHR: H: 2 R: 0 voteType:: 1 voteHash: [4 81 98 225 118 159 194 55 56 48 130 163 70 64 221 117 251 190 192 210 190 83 173 224 26 80 143 133 42 107 31 38]
cmHR: H: 2 R: 0
INFO [10-29|14:40:25] --------------------------------------- 
INFO [10-29|14:40:25] addVote to                               height=2 round=0 from=0x598443f1880ef585b21f1d7585bd0577402861e5 success=true cm.coinbase=0x82a978b3f5962a5b0957d9ee9eef472ee55b42f1
INFO [10-29|14:40:25] ------in handle VoteMsg, success!------ 
INFO [10-29|14:40:25] Handle BFT Msg,                          msg="msg #17 (107 bytes)"
INFO [10-29|14:40:25] ------Received VoteMsg------ 
voteHR: H: 2 R: 0 voteType:: 1 voteHash: [4 81 98 225 118 159 194 55 56 48 130 163 70 64 221 117 251 190 192 210 190 83 173 224 26 80 143 133 42 107 31 38]
cmHR: H: 2 R: 0
INFO [10-29|14:40:25] --------------------------------------- 
INFO [10-29|14:40:25] addVote to                               height=2 round=0 from=0xdceceaf3fc5c0a63d195d69b1a90011b7b19650d success=true cm.coinbase=0x82a978b3f5962a5b0957d9ee9eef472ee55b42f1
INFO [10-29|14:40:25] ------in handle VoteMsg, success!------ 
INFO [10-29|14:40:25] Commit new mining work                   number=2 txs=1599 uncles=0 elapsed=1.466s
INFO [10-29|14:40:25] Sealing                                  block n=2
StartConsensus, 1540795225377681000
INFO [10-29|14:40:25] Start Process 
INFO [10-29|14:40:25] in cm.Process, check lastCommittingLockset() 
INFO [10-29|14:40:25] In IsValid() 
len(lockset.Votes): 4 lockset.EligibleVotesNum: 4
INFO [10-29|14:40:25] in HasQuorum 
INFO [10-29|14:40:25] In IsValid() 
len(lockset.Votes): 4 lockset.EligibleVotesNum: 4
=====CM.COINBASE IS:===== [130 169 120 179 245 150 42 91 9 87 217 238 158 239 71 46 229 91 66 241] block number is: 2
INFO [10-29|14:40:25] case: default, cm.process 
ready: 4 need: 2.6666667
INFO [10-29|14:40:25] ---------------process------------------ 
INFO [10-29|14:40:25] In RM Process                            height=2 round=0
INFO [10-29|14:40:25] --------In rm.propose------- 
INFO [10-29|14:40:25] ---------------in rm.vote----------------- 
INFO [10-29|14:40:25] in vote in RM                            height=2 round=0
INFO [10-29|14:40:25] vote mp 
INFO [10-29|14:40:25] vote success in                          height=2 round=0
INFO [10-29|14:40:25] Send VoteMsg 
INFO [10-29|14:40:25] in rm.process, check lockset HasQuorum 
INFO [10-29|14:40:25] in HasQuorum 
INFO [10-29|14:40:25] In IsValid() 
len(lockset.Votes): 3 lockset.EligibleVotesNum: 4
INFO [10-29|14:40:25] There is a quorum                        height=2 round=0
--- in rm.process p.id: --- Peer 94dd98401cf6ca04 [eth/63]
INFO [10-29|14:40:25] ============in cm.commitLockset============ 
INFO [10-29|14:40:25] in commitLockset, check ls HasQuorum 
INFO [10-29|14:40:25] in HasQuorum 
INFO [10-29|14:40:25] In IsValid() 
len(lockset.Votes): 3 lockset.EligibleVotesNum: 4
INFO [10-29|14:40:25] cm.found is not nil 
INFO [10-29|14:40:25] have a consensus on the block 
INFO [10-29|14:40:25] result.Header().Coinbase != b.signer 
result.Header().Coinbase: [220 236 234 243 252 92 10 99 209 149 214 155 26 144 1 27 123 25 101 13] b.signer: [130 169 120 179 245 150 42 91 9 87 217 238 158 239 71 46 229 91 66 241]
ConsensusTime, 8997684 , txs, 1599 , blockNum, 2
FinishedConsensus, 1540795225386706000
INFO [10-29|14:40:25] result is nil 
INFO [10-29|14:40:25] === Finished Mine() === 
INFO [10-29|14:40:25] store lockset 
peerid: 94dd98401cf6ca04
cmH 2
INFO [10-29|14:40:25] ---storeLockset--- 
INFO [10-29|14:40:25] in validatorCommit1 
pid: 94dd98401cf6ca04
block number 2
-------in NewBFTValidatorBlock-------
INFO [10-29|14:40:25] in validatorCommit2 
validatorCommit time: 484.137µs
INFO [10-29|14:40:25] **in eth.handler**, get result from ch 
INFO [10-29|14:40:25] ***in BFT.VVVVerifyHeader*** 
INFO [10-29|14:40:25] ***in BFT.verifyHeader*** 
INFO [10-29|14:40:25] ***in BFT.verifySeal*** 
INFO [10-29|14:40:25] In verifyVotes 
INFO [10-29|14:40:25] after cm.process() 
INFO [10-29|14:40:25] in HasQuorum 
INFO [10-29|14:40:25] In IsValid() 
len(lockset.Votes): 3 lockset.EligibleVotesNum: 4
INFO [10-29|14:40:25] ***in BFT.VerifyHeaderSSSS*** 
INFO [10-29|14:40:25] ***in BFT.verifyHeader*** 
INFO [10-29|14:40:25] ***in BFT.verifySeal*** 
INFO [10-29|14:40:25] In verifyVotes 
INFO [10-29|14:40:25] in HasQuorum 
INFO [10-29|14:40:25] In IsValid() 
len(lockset.Votes): 3 lockset.EligibleVotesNum: 4
INFO [10-29|14:40:25] Handle BFT Msg,                          msg="msg #9 (3 bytes)"
INFO [10-29|14:40:25] -------GetLocksetsMsg------- 
GetLockSetsMsg request:  [{2}] from:  d9d5b902798f5c42
INFO [10-29|14:40:25] Request future block 
INFO [10-29|14:40:25] received NewBlockMsg! 
INFO [10-29|14:40:25] Handle BFT Msg,                          msg="msg #9 (3 bytes)"
INFO [10-29|14:40:25] -------GetLocksetsMsg------- 
GetLockSetsMsg request:  [{2}] from:  6d11b37ef4fc909a
INFO [10-29|14:40:25] Request future block 
INFO [10-29|14:40:26] Imported new chain segment               blocks=1 txs=1599 mgas=33.579 elapsed=1.132s   mgasps=29.646 number=2 hash=045162…6b1f26
FinishedPostExec, 1540795226520972000 , txs, 1599
PostExecTime, 1.132672012s
INFO [10-29|14:40:26] in pool.evenLoop, call pool.resetState 
INFO [10-29|14:40:28] Handle BFT Msg,                          msg="msg #17 (107 bytes)"
INFO [10-29|14:40:28] ------Received VoteMsg------ 
voteHR: H: 2 R: 0 voteType:: 1 voteHash: [4 81 98 225 118 159 194 55 56 48 130 163 70 64 221 117 251 190 192 210 190 83 173 224 26 80 143 133 42 107 31 38]
cmHR: H: 3 R: 0
INFO [10-29|14:40:28] --------------------------------------- 
INFO [10-29|14:40:28] addVote to                               height=2 round=0 from=0x7d577a597b2742b498cb5cf0c26cdcd726d39e6e success=true cm.coinbase=0x82a978b3f5962a5b0957d9ee9eef472ee55b42f1
INFO [10-29|14:40:28] ------in handle VoteMsg, success!------ 
INFO [10-29|14:40:28] Commit new mining work                   number=3 txs=1599 uncles=0 elapsed=2.036s
INFO [10-29|14:40:28] Sealing                                  block n=3
StartConsensus, 1540795228557644000
INFO [10-29|14:40:28] Start Process 
INFO [10-29|14:40:28] in cm.Process, check lastCommittingLockset() 
INFO [10-29|14:40:28] In IsValid() 
len(lockset.Votes): 4 lockset.EligibleVotesNum: 4
INFO [10-29|14:40:28] in HasQuorum 
INFO [10-29|14:40:28] In IsValid() 
len(lockset.Votes): 4 lockset.EligibleVotesNum: 4
=====CM.COINBASE IS:===== [130 169 120 179 245 150 42 91 9 87 217 238 158 239 71 46 229 91 66 241] block number is: 3
INFO [10-29|14:40:28] case: default, cm.process 
ready: 4 need: 2.6666667
INFO [10-29|14:40:28] ---------------process------------------ 
INFO [10-29|14:40:28] In RM Process                            height=3 round=0
INFO [10-29|14:40:28] --------In rm.propose------- 
INFO [10-29|14:40:28] ---------------in rm.vote----------------- 
INFO [10-29|14:40:28] in vote in RM                            height=3 round=0
INFO [10-29|14:40:28] Timeout time not reach, curr vs timeout: curr=1540795228.000 timeout=1540795233.000
INFO [10-29|14:40:28] in rm.process, check lockset HasQuorum 
INFO [10-29|14:40:28] in HasQuorum 
INFO [10-29|14:40:28] In IsValid() 
len(lockset.Votes): 0 lockset.EligibleVotesNum: 4
INFO [10-29|14:40:28] rm lockset is not valid yet 
INFO [10-29|14:40:28] after cm.process() 
INFO [10-29|14:40:28] case: default, cm.process 
ready: 4 need: 2.6666667
INFO [10-29|14:40:28] ---------------process------------------ 
INFO [10-29|14:40:28] In RM Process                            height=3 round=0
INFO [10-29|14:40:28] --------In rm.propose------- 
INFO [10-29|14:40:28] ---------------in rm.vote----------------- 
INFO [10-29|14:40:28] in vote in RM                            height=3 round=0
INFO [10-29|14:40:28] Timeout time not reach, curr vs timeout: curr=1540795228.000 timeout=1540795233.000
INFO [10-29|14:40:28] in rm.process, check lockset HasQuorum 
INFO [10-29|14:40:28] in HasQuorum 
INFO [10-29|14:40:28] In IsValid() 
len(lockset.Votes): 0 lockset.EligibleVotesNum: 4
INFO [10-29|14:40:28] rm lockset is not valid yet 
INFO [10-29|14:40:28] after cm.process() 
INFO [10-29|14:40:28] case: default, cm.process 
ready: 4 need: 2.6666667
INFO [10-29|14:40:28] ---------------process------------------ 
INFO [10-29|14:40:28] In RM Process                            height=3 round=0
INFO [10-29|14:40:28] --------In rm.propose------- 
INFO [10-29|14:40:28] ---------------in rm.vote----------------- 
INFO [10-29|14:40:28] in vote in RM                            height=3 round=0
INFO [10-29|14:40:28] Timeout time not reach, curr vs timeout: curr=1540795228.000 timeout=1540795233.000
INFO [10-29|14:40:28] in rm.process, check lockset HasQuorum 
INFO [10-29|14:40:28] in HasQuorum 
INFO [10-29|14:40:28] In IsValid() 
len(lockset.Votes): 0 lockset.EligibleVotesNum: 4
INFO [10-29|14:40:28] rm lockset is not valid yet 
INFO [10-29|14:40:28] after cm.process() 
INFO [10-29|14:40:28] Handle BFT Msg,                          msg="msg #11 (173335 bytes)"
INFO [10-29|14:40:28] -------Received NewBlockProposalMsg------- 
bpHR: H: 3 R: 0
cmHR: H: 3 R: 0
INFO [10-29|14:40:28] --------------------------------------- 
# collMsig from = Peer d9d5b902798f5c42 [eth/63]
cmHR: H: 3 R: 0
this is rm.proposerPeer  Peer d9d5b902798f5c42 [eth/63]
INFO [10-29|14:40:28] In IsValid() 
len(lockset.Votes): 0 lockset.EligibleVotesNum: 0
INFO [10-29|14:40:28] cm add BlockProposal                     h=3 r=0
INFO [10-29|14:40:28] in HasQuorum 
INFO [10-29|14:40:28] In IsValid() 
len(lockset.Votes): 4 lockset.EligibleVotesNum: 4
INFO [10-29|14:40:28] in collectMsig, i am msig wintness 
INFO [10-29|14:40:28] Return MsigProposalMsg to                LOG15_ERROR= LOG15_ERROR="Normalized odd number of arguments by adding nil"
INFO [10-29|14:40:28] Sending MsigProposalMsg 
in cm.collectMsig, mp.MsigVs: [<nil> 28]
INFO [10-29|14:40:28] In addBlockCandidates!! 
INFO [10-29|14:40:28] -------in handle NewBlockProposalMsg, success!------- 
INFO [10-29|14:40:28] Handle BFT Msg,                          msg="msg #18 (661 bytes)"
INFO [10-29|14:40:28] ------Received MsigProposalMsg------ 
mpHR: H: 3 R: 0 hash: [105 181 104 101 17 214 115 133 143 238 153 69 28 43 199 193 110 39 98 199 207 161 177 145 119 29 47 123 139 208 15 29]
cmHR: H: 3 R: 0
INFO [10-29|14:40:28] --------------------------------------- 
INFO [10-29|14:40:28] in msign, already sign 
INFO [10-29|14:40:28] case: default, cm.process 
ready: 4 need: 2.6666667
INFO [10-29|14:40:28] ---------------process------------------ 
INFO [10-29|14:40:28] In RM Process                            height=3 round=0
INFO [10-29|14:40:28] --------In rm.propose------- 
INFO [10-29|14:40:28] ---------------in rm.vote----------------- 
INFO [10-29|14:40:28] in vote in RM                            height=3 round=0
INFO [10-29|14:40:28] vote mp 
INFO [10-29|14:40:28] vote success in                          height=3 round=0
INFO [10-29|14:40:28] Send VoteMsg 
INFO [10-29|14:40:28] in rm.process, check lockset HasQuorum 
INFO [10-29|14:40:28] in HasQuorum 
INFO [10-29|14:40:28] In IsValid() 
len(lockset.Votes): 1 lockset.EligibleVotesNum: 4
INFO [10-29|14:40:28] rm lockset is not valid yet 
INFO [10-29|14:40:28] after cm.process() 
INFO [10-29|14:40:28] Handle BFT Msg,                          msg="msg #17 (107 bytes)"
INFO [10-29|14:40:28] ------Received VoteMsg------ 
voteHR: H: 3 R: 0 voteType:: 1 voteHash: [105 181 104 101 17 214 115 133 143 238 153 69 28 43 199 193 110 39 98 199 207 161 177 145 119 29 47 123 139 208 15 29]
cmHR: H: 3 R: 0
INFO [10-29|14:40:28] --------------------------------------- 
INFO [10-29|14:40:28] addVote to                               height=3 round=0 from=0xdceceaf3fc5c0a63d195d69b1a90011b7b19650d success=true cm.coinbase=0x82a978b3f5962a5b0957d9ee9eef472ee55b42f1
INFO [10-29|14:40:28] ------in handle VoteMsg, success!------ 
INFO [10-29|14:40:28] Handle BFT Msg,                          msg="msg #17 (107 bytes)"
INFO [10-29|14:40:28] ------Received VoteMsg------ 
voteHR: H: 3 R: 0 voteType:: 1 voteHash: [105 181 104 101 17 214 115 133 143 238 153 69 28 43 199 193 110 39 98 199 207 161 177 145 119 29 47 123 139 208 15 29]
cmHR: H: 3 R: 0
INFO [10-29|14:40:28] --------------------------------------- 
INFO [10-29|14:40:28] addVote to                               height=3 round=0 from=0x598443f1880ef585b21f1d7585bd0577402861e5 success=true cm.coinbase=0x82a978b3f5962a5b0957d9ee9eef472ee55b42f1
INFO [10-29|14:40:28] ------in handle VoteMsg, success!------ 
INFO [10-29|14:40:28] case: default, cm.process 
ready: 4 need: 2.6666667
INFO [10-29|14:40:28] ---------------process------------------ 
INFO [10-29|14:40:28] In RM Process                            height=3 round=0
INFO [10-29|14:40:28] --------In rm.propose------- 
INFO [10-29|14:40:28] ---------------in rm.vote----------------- 
INFO [10-29|14:40:28] voted 
INFO [10-29|14:40:28] in rm.process, check lockset HasQuorum 
INFO [10-29|14:40:28] in HasQuorum 
INFO [10-29|14:40:28] In IsValid() 
len(lockset.Votes): 3 lockset.EligibleVotesNum: 4
INFO [10-29|14:40:28] There is a quorum                        height=3 round=0
--- in rm.process p.id: --- Peer d9d5b902798f5c42 [eth/63]
INFO [10-29|14:40:28] ============in cm.commitLockset============ 
INFO [10-29|14:40:28] in commitLockset, check ls HasQuorum 
INFO [10-29|14:40:28] in HasQuorum 
INFO [10-29|14:40:28] In IsValid() 
len(lockset.Votes): 3 lockset.EligibleVotesNum: 4
INFO [10-29|14:40:28] cm.found is not nil 
INFO [10-29|14:40:28] store lockset 
peerid: d9d5b902798f5c42
INFO [10-29|14:40:28] ---storeLockset--- 
INFO [10-29|14:40:28] after cm.process() 
cmH 3
INFO [10-29|14:40:28] in validatorCommit1 
pid: d9d5b902798f5c42
block number 3
-------in NewBFTValidatorBlock-------
INFO [10-29|14:40:28] in validatorCommit2 
validatorCommit time: 74.894µs
INFO [10-29|14:40:28] **in eth.handler**, get result from ch 
INFO [10-29|14:40:28] ***in BFT.VVVVerifyHeader*** 
INFO [10-29|14:40:28] ***in BFT.verifyHeader*** 
INFO [10-29|14:40:28] ***in BFT.verifySeal*** 
INFO [10-29|14:40:28] In verifyVotes 
INFO [10-29|14:40:28] in HasQuorum 
INFO [10-29|14:40:28] In IsValid() 
len(lockset.Votes): 3 lockset.EligibleVotesNum: 4
INFO [10-29|14:40:28] ***in BFT.VerifyHeaderSSSS*** 
INFO [10-29|14:40:28] ***in BFT.verifyHeader*** 
INFO [10-29|14:40:28] ***in BFT.verifySeal*** 
INFO [10-29|14:40:28] In verifyVotes 
INFO [10-29|14:40:28] in HasQuorum 
INFO [10-29|14:40:28] In IsValid() 
len(lockset.Votes): 3 lockset.EligibleVotesNum: 4
INFO [10-29|14:40:28] have a consensus on the block 
INFO [10-29|14:40:28] result.Header().Coinbase != b.signer 
result.Header().Coinbase: [89 132 67 241 136 14 245 133 178 31 29 117 133 189 5 119 64 40 97 229] b.signer: [130 169 120 179 245 150 42 91 9 87 217 238 158 239 71 46 229 91 66 241]
ConsensusTime, 415298987 , txs, 1599 , blockNum, 3
FinishedConsensus, 1540795228972962000
INFO [10-29|14:40:28] result is nil 
INFO [10-29|14:40:28] === Finished Mine() === 
INFO [10-29|14:40:28] received NewBlockMsg! 
INFO [10-29|14:40:29] received NewBlockMsg! 
INFO [10-29|14:40:30] Imported new chain segment               blocks=1 txs=1599 mgas=33.579 elapsed=1.386s   mgasps=24.223 number=3 hash=69b568…d00f1d
FinishedPostExec, 1540795230357639000 , txs, 1599
PostExecTime, 1.38623576s
INFO [10-29|14:40:30] in pool.evenLoop, call pool.resetState 
INFO [10-29|14:40:30] Handle BFT Msg,                          msg="msg #17 (107 bytes)"
INFO [10-29|14:40:30] ------Received VoteMsg------ 
voteHR: H: 3 R: 0 voteType:: 1 voteHash: [105 181 104 101 17 214 115 133 143 238 153 69 28 43 199 193 110 39 98 199 207 161 177 145 119 29 47 123 139 208 15 29]
cmHR: H: 4 R: 0
INFO [10-29|14:40:30] --------------------------------------- 
INFO [10-29|14:40:30] addVote to                               height=3 round=0 from=0x7d577a597b2742b498cb5cf0c26cdcd726d39e6e success=true cm.coinbase=0x82a978b3f5962a5b0957d9ee9eef472ee55b42f1
INFO [10-29|14:40:30] ------in handle VoteMsg, success!------ 
INFO [10-29|14:40:32] Commit new mining work                   number=4 txs=1600 uncles=0 elapsed=1.932s
INFO [10-29|14:40:32] Sealing                                  block n=4
StartConsensus, 1540795232289995000
INFO [10-29|14:40:32] Start Process 
INFO [10-29|14:40:32] in cm.Process, check lastCommittingLockset() 
INFO [10-29|14:40:32] In IsValid() 
len(lockset.Votes): 4 lockset.EligibleVotesNum: 4
INFO [10-29|14:40:32] in HasQuorum 
INFO [10-29|14:40:32] In IsValid() 
len(lockset.Votes): 4 lockset.EligibleVotesNum: 4
=====CM.COINBASE IS:===== [130 169 120 179 245 150 42 91 9 87 217 238 158 239 71 46 229 91 66 241] block number is: 4
INFO [10-29|14:40:32] case: default, cm.process 
ready: 4 need: 2.6666667
INFO [10-29|14:40:32] ---------------process------------------ 
INFO [10-29|14:40:32] In RM Process                            height=4 round=0
INFO [10-29|14:40:32] --------In rm.propose------- 
INFO [10-29|14:40:32] I am a proposer in                       height=4 round=0
INFO [10-29|14:40:32] in propose, check lastRoundLockset 
lastRoundLockset, hm.activeround: 0
INFO [10-29|14:40:32] ------in mkProposal------ 
INFO [10-29|14:40:32] In IsValid() 
len(lockset.Votes): 4 lockset.EligibleVotesNum: 4
INFO [10-29|14:40:32] in HasQuorum 
INFO [10-29|14:40:32] In IsValid() 
len(lockset.Votes): 4 lockset.EligibleVotesNum: 4
INFO [10-29|14:40:32] LockSet(R-1) is nil (rm.round should equal to zero) 
INFO [10-29|14:40:32] in HasQuorum 
INFO [10-29|14:40:32] In IsValid() 
len(lockset.Votes): 4 lockset.EligibleVotesNum: 4
INFO [10-29|14:40:32] in HasQuorum 
INFO [10-29|14:40:32] In IsValid() 
len(lockset.Votes): 4 lockset.EligibleVotesNum: 4
Create block blockhash :  [236 66 112 60 245 126 202 142 133 139 97 147 161 216 11 89 157 91 132 23 173 61 112 79 249 245 138 170 56 167 14 32]
INFO [10-29|14:40:32] In addBlockCandidates!! 
INFO [10-29|14:40:32] Send NewBlockProposalMsg:                LOG15_ERROR=                                                   LOG15_ERROR="Normalized odd number of arguments by adding nil"
INFO [10-29|14:40:32] ---------------in rm.vote----------------- 
INFO [10-29|14:40:32] in vote in RM                            height=4 round=0
INFO [10-29|14:40:32] Timeout time not reach, curr vs timeout: curr=1540795232.000 timeout=1540795237.000
INFO [10-29|14:40:32] in rm.process, check lockset HasQuorum 
INFO [10-29|14:40:32] in HasQuorum 
INFO [10-29|14:40:32] In IsValid() 
len(lockset.Votes): 0 lockset.EligibleVotesNum: 4
INFO [10-29|14:40:32] rm lockset is not valid yet 
INFO [10-29|14:40:32] after cm.process() 
INFO [10-29|14:40:32] Handle BFT Msg,                          msg="msg #18 (662 bytes)"
INFO [10-29|14:40:32] ------Received MsigProposalMsg------ 
mpHR: H: 4 R: 0 hash: [236 66 112 60 245 126 202 142 133 139 97 147 161 216 11 89 157 91 132 23 173 61 112 79 249 245 138 170 56 167 14 32]
cmHR: H: 4 R: 0
INFO [10-29|14:40:32] --------------------------------------- 
INFO [10-29|14:40:32] in MsigFinished 
len(mp.Msig.MsigVs): 2 mp.MsigVs: [0 27]
H====:  4 P==== 0
INFO [10-29|14:40:32] In addMsig I am leader 
mp= &{0xc424d18460 27 35526375070170665097594357285782917348779906676013116506977665407535123637880 21696932220196840194906808709988566215841700661866134348349338639548154639185 0xc425676180 4 0 [236 66 112 60 245 126 202 142 133 139 97 147 161 216 11 89 157 91 132 23 173 61 112 79 249 245 138 170 56 167 14 32] 0xc42cfec050 0xc42cfec0a0}
INFO [10-29|14:40:32] in MsigFinished 
len(mp.Msig.MsigVs): 2 mp.MsigVs: [0 27]
INFO [10-29|14:40:32] in bfthandler Send MsigProposalMsg 
INFO [10-29|14:40:32] Sending MsigProposalMsg 
INFO [10-29|14:40:32] Sending MsigProposalMsg 
INFO [10-29|14:40:32] Sending MsigProposalMsg 
INFO [10-29|14:40:32] ------addmsigproposal success!------- 
INFO [10-29|14:40:32] Handle BFT Msg,                          msg="msg #17 (107 bytes)"
INFO [10-29|14:40:32] ------Received VoteMsg------ 
voteHR: H: 4 R: 0 voteType:: 1 voteHash: [236 66 112 60 245 126 202 142 133 139 97 147 161 216 11 89 157 91 132 23 173 61 112 79 249 245 138 170 56 167 14 32]
cmHR: H: 4 R: 0
INFO [10-29|14:40:32] --------------------------------------- 
INFO [10-29|14:40:32] addVote to                               height=4 round=0 from=0xdceceaf3fc5c0a63d195d69b1a90011b7b19650d success=true cm.coinbase=0x82a978b3f5962a5b0957d9ee9eef472ee55b42f1
INFO [10-29|14:40:32] ------in handle VoteMsg, success!------ 
INFO [10-29|14:40:32] case: default, cm.process 
ready: 4 need: 2.6666667
INFO [10-29|14:40:32] ---------------process------------------ 
INFO [10-29|14:40:32] In RM Process                            height=4 round=0
INFO [10-29|14:40:32] --------In rm.propose------- 
INFO [10-29|14:40:32] I am a proposer in                       height=4 round=0
INFO [10-29|14:40:32] ---------------in rm.vote----------------- 
INFO [10-29|14:40:32] in vote in RM                            height=4 round=0
INFO [10-29|14:40:32] vote mp 
INFO [10-29|14:40:32] vote success in                          height=4 round=0
INFO [10-29|14:40:32] Send VoteMsg 
INFO [10-29|14:40:32] in rm.process, check lockset HasQuorum 
INFO [10-29|14:40:32] in HasQuorum 
INFO [10-29|14:40:32] In IsValid() 
len(lockset.Votes): 2 lockset.EligibleVotesNum: 4
INFO [10-29|14:40:32] rm lockset is not valid yet 
INFO [10-29|14:40:32] after cm.process() 
INFO [10-29|14:40:32] Handle BFT Msg,                          msg="msg #17 (107 bytes)"
INFO [10-29|14:40:32] ------Received VoteMsg------ 
voteHR: H: 4 R: 0 voteType:: 1 voteHash: [236 66 112 60 245 126 202 142 133 139 97 147 161 216 11 89 157 91 132 23 173 61 112 79 249 245 138 170 56 167 14 32]
cmHR: H: 4 R: 0
INFO [10-29|14:40:32] --------------------------------------- 
INFO [10-29|14:40:32] addVote to                               height=4 round=0 from=0x598443f1880ef585b21f1d7585bd0577402861e5 success=true cm.coinbase=0x82a978b3f5962a5b0957d9ee9eef472ee55b42f1
INFO [10-29|14:40:32] ------in handle VoteMsg, success!------ 
INFO [10-29|14:40:32] received NewBlockMsg! 
INFO [10-29|14:40:32] ***in BFT.VVVVerifyHeader*** 
INFO [10-29|14:40:32] ***in BFT.verifyHeader*** 
INFO [10-29|14:40:32] ***in BFT.verifySeal*** 
INFO [10-29|14:40:32] In verifyVotes 
INFO [10-29|14:40:32] ***in sync.request()*** 
INFO [10-29|14:40:32] case: default, cm.process 
ready: 4 need: 2.6666667
INFO [10-29|14:40:32] ---------------process------------------ 
INFO [10-29|14:40:32] In RM Process                            height=4 round=0
INFO [10-29|14:40:32] --------In rm.propose------- 
INFO [10-29|14:40:32] I am a proposer in                       height=4 round=0
INFO [10-29|14:40:32] ---------------in rm.vote----------------- 
INFO [10-29|14:40:32] voted 
INFO [10-29|14:40:32] in rm.process, check lockset HasQuorum 
INFO [10-29|14:40:32] in HasQuorum 
INFO [10-29|14:40:32] In IsValid() 
len(lockset.Votes): 3 lockset.EligibleVotesNum: 4
INFO [10-29|14:40:32] There is a quorum                        height=4 round=0
INFO [10-29|14:40:32] ============in cm.commitLockset============ 
INFO [10-29|14:40:32] in commitLockset, check ls HasQuorum 
INFO [10-29|14:40:32] in HasQuorum 
INFO [10-29|14:40:32] In IsValid() 
len(lockset.Votes): 3 lockset.EligibleVotesNum: 4
INFO [10-29|14:40:32] cm.found is not nil 
INFO [10-29|14:40:32] store lockset 
INFO [10-29|14:40:32] ---storeLockset--- 
INFO [10-29|14:40:32] after cm.process() 
INFO [10-29|14:40:32] have a consensus on the block 
ConsensusTime, 288949815 , txs, 1600 , blockNum, 4
FinishedConsensus, 1540795232578924000
INFO [10-29|14:40:32] Successfully sealed new block            number=4 hash=ec4270…a70e20
INFO [10-29|14:40:32] === Finished Mine() === 
INFO [10-29|14:40:32] received NewBlockMsg! 
INFO [10-29|14:40:32] 🔨 mined potential block                  number=4 hash=ec4270…a70e20
INFO [10-29|14:40:32] ---atomic.LoadInt32(&self.mining) == 1 && work.tcount == 0--- 
INFO [10-29|14:40:32] in pool.evenLoop, call pool.resetState 
INFO [10-29|14:40:32] In verifyVotes 
INFO [10-29|14:40:32] in HasQuorum 
INFO [10-29|14:40:32] In IsValid() 
len(lockset.Votes): 3 lockset.EligibleVotesNum: 4
INFO [10-29|14:40:32] ***in BFT.VerifyHeaderSSSS*** 
INFO [10-29|14:40:32] ***in BFT.verifyHeader*** 
INFO [10-29|14:40:32] ***in BFT.verifySeal*** 
INFO [10-29|14:40:32] In verifyVotes 
INFO [10-29|14:40:32] in HasQuorum 
INFO [10-29|14:40:32] In IsValid() 
len(lockset.Votes): 3 lockset.EligibleVotesNum: 4
INFO [10-29|14:40:32] Handle BFT Msg,                          msg="msg #17 (107 bytes)"
INFO [10-29|14:40:32] ------Received VoteMsg------ 
voteHR: H: 4 R: 0 voteType:: 1 voteHash: [236 66 112 60 245 126 202 142 133 139 97 147 161 216 11 89 157 91 132 23 173 61 112 79 249 245 138 170 56 167 14 32]
cmHR: H: 5 R: 0
INFO [10-29|14:40:32] --------------------------------------- 
INFO [10-29|14:40:32] addVote to                               height=4 round=0 from=0x7d577a597b2742b498cb5cf0c26cdcd726d39e6e success=true cm.coinbase=0x82a978b3f5962a5b0957d9ee9eef472ee55b42f1
INFO [10-29|14:40:32] ------in handle VoteMsg, success!------ 
INFO [10-29|14:40:35] Handle BFT Msg,                          msg="msg #11 (173950 bytes)"
INFO [10-29|14:40:35] -------Received NewBlockProposalMsg------- 
bpHR: H: 5 R: 0
cmHR: H: 5 R: 0
INFO [10-29|14:40:35] --------------------------------------- 
# collMsig from = Peer 6d11b37ef4fc909a [eth/63]
cmHR: H: 5 R: 0
this is rm.proposerPeer  Peer 6d11b37ef4fc909a [eth/63]
INFO [10-29|14:40:35] In IsValid() 
len(lockset.Votes): 0 lockset.EligibleVotesNum: 0
INFO [10-29|14:40:35] cm add BlockProposal                     h=5 r=0
INFO [10-29|14:40:35] in HasQuorum 
INFO [10-29|14:40:35] In IsValid() 
len(lockset.Votes): 4 lockset.EligibleVotesNum: 4
INFO [10-29|14:40:35] In addBlockCandidates!! 
INFO [10-29|14:40:35] -------in handle NewBlockProposalMsg, success!------- 
INFO [10-29|14:40:35] Handle BFT Msg,                          msg="msg #18 (662 bytes)"
INFO [10-29|14:40:35] ------Received MsigProposalMsg------ 
mpHR: H: 5 R: 0 hash: [8 48 125 214 224 176 226 75 163 5 87 156 40 8 115 198 199 102 157 194 110 253 27 74 243 160 54 230 79 177 109 101]
cmHR: H: 5 R: 0
INFO [10-29|14:40:35] --------------------------------------- 
INFO [10-29|14:40:35] in MsigFinished 
len(mp.Msig.MsigVs): 2 mp.MsigVs: [0 28]
H====:  5 P==== 0
INFO [10-29|14:40:35] ------addmsigproposal success!------- 
INFO [10-29|14:40:35] Handle BFT Msg,                          msg="msg #17 (107 bytes)"
INFO [10-29|14:40:35] ------Received VoteMsg------ 
voteHR: H: 5 R: 0 voteType:: 1 voteHash: [8 48 125 214 224 176 226 75 163 5 87 156 40 8 115 198 199 102 157 194 110 253 27 74 243 160 54 230 79 177 109 101]
cmHR: H: 5 R: 0
INFO [10-29|14:40:35] --------------------------------------- 
INFO [10-29|14:40:35] addVote to                               height=5 round=0 from=0xdceceaf3fc5c0a63d195d69b1a90011b7b19650d success=true cm.coinbase=0x82a978b3f5962a5b0957d9ee9eef472ee55b42f1
INFO [10-29|14:40:35] ------in handle VoteMsg, success!------ 
INFO [10-29|14:40:35] Handle BFT Msg,                          msg="msg #17 (107 bytes)"
INFO [10-29|14:40:35] ------Received VoteMsg------ 
voteHR: H: 5 R: 0 voteType:: 1 voteHash: [8 48 125 214 224 176 226 75 163 5 87 156 40 8 115 198 199 102 157 194 110 253 27 74 243 160 54 230 79 177 109 101]
cmHR: H: 5 R: 0
INFO [10-29|14:40:35] --------------------------------------- 
INFO [10-29|14:40:35] addVote to                               height=5 round=0 from=0x7d577a597b2742b498cb5cf0c26cdcd726d39e6e success=true cm.coinbase=0x82a978b3f5962a5b0957d9ee9eef472ee55b42f1
INFO [10-29|14:40:35] ------in handle VoteMsg, success!------ 
INFO [10-29|14:40:35] Handle BFT Msg,                          msg="msg #17 (107 bytes)"
INFO [10-29|14:40:35] ------Received VoteMsg------ 
voteHR: H: 5 R: 0 voteType:: 1 voteHash: [8 48 125 214 224 176 226 75 163 5 87 156 40 8 115 198 199 102 157 194 110 253 27 74 243 160 54 230 79 177 109 101]
cmHR: H: 5 R: 0
INFO [10-29|14:40:35] --------------------------------------- 
INFO [10-29|14:40:35] addVote to                               height=5 round=0 from=0x598443f1880ef585b21f1d7585bd0577402861e5 success=true cm.coinbase=0x82a978b3f5962a5b0957d9ee9eef472ee55b42f1
INFO [10-29|14:40:35] ------in handle VoteMsg, success!------ 
INFO [10-29|14:40:35] received NewBlockMsg! 
INFO [10-29|14:40:35] ***in BFT.VVVVerifyHeader*** 
INFO [10-29|14:40:35] ***in BFT.verifyHeader*** 
INFO [10-29|14:40:35] ***in BFT.verifySeal*** 
INFO [10-29|14:40:35] In verifyVotes 
INFO [10-29|14:40:35] ***in sync.request()*** 
INFO [10-29|14:40:35] received NewBlockMsg! 
INFO [10-29|14:40:35] In verifyVotes 
INFO [10-29|14:40:35] ***in sync.request()*** 
INFO [10-29|14:40:36] In verifyVotes 
INFO [10-29|14:40:36] ***in sync.request()*** 
INFO [10-29|14:40:36] In verifyVotes 
INFO [10-29|14:40:36] ***in sync.request()*** 
INFO [10-29|14:40:36] In verifyVotes 
INFO [10-29|14:40:36] ***in sync.request()*** 
INFO [10-29|14:40:36] In verifyVotes 
INFO [10-29|14:40:36] ***in sync.request()*** 
INFO [10-29|14:40:36] In verifyVotes 
INFO [10-29|14:40:36] ***in sync.request()*** 
INFO [10-29|14:40:37] In verifyVotes 
INFO [10-29|14:40:37] ***in sync.request()*** 
INFO [10-29|14:40:37] In verifyVotes 
INFO [10-29|14:40:37] ***in sync.request()*** 
INFO [10-29|14:40:37] Handle BFT Msg,                          msg="msg #10 (328 bytes)"
INFO [10-29|14:40:37] -------Received LocksetMsg------- 
lockset: &{<nil> 0 0 0 4 [0xc4266bc300 0xc4266bc360 0xc4266bc3c0] false}
INFO [10-29|14:40:37] in HasQuorum 
INFO [10-29|14:40:37] In IsValid() 
len(lockset.Votes): 3 lockset.EligibleVotesNum: 4
INFO [10-29|14:40:37] ---storeLockset--- 
INFO [10-29|14:40:37] In verifyVotes 
INFO [10-29|14:40:37] in HasQuorum 
INFO [10-29|14:40:37] In IsValid() 
len(lockset.Votes): 3 lockset.EligibleVotesNum: 4
INFO [10-29|14:40:37] ***in BFT.VerifyHeaderSSSS*** 
INFO [10-29|14:40:37] ***in BFT.verifyHeader*** 
INFO [10-29|14:40:37] ***in BFT.verifySeal*** 
INFO [10-29|14:40:37] In verifyVotes 
INFO [10-29|14:40:37] in HasQuorum 
INFO [10-29|14:40:37] In IsValid() 
len(lockset.Votes): 3 lockset.EligibleVotesNum: 4
INFO [10-29|14:40:38] Commit new mining work                   number=5 txs=1601 uncles=0 elapsed=2.459s
INFO [10-29|14:40:38] Sealing                                  block n=5
StartConsensus, 1540795238121847000
INFO [10-29|14:40:38] Start Process 
INFO [10-29|14:40:38] in cm.Process, check lastCommittingLockset() 
INFO [10-29|14:40:38] In IsValid() 
len(lockset.Votes): 4 lockset.EligibleVotesNum: 4
INFO [10-29|14:40:38] in HasQuorum 
INFO [10-29|14:40:38] In IsValid() 
len(lockset.Votes): 4 lockset.EligibleVotesNum: 4
=====CM.COINBASE IS:===== [130 169 120 179 245 150 42 91 9 87 217 238 158 239 71 46 229 91 66 241] block number is: 5
INFO [10-29|14:40:38] case: default, cm.process 
ready: 4 need: 2.6666667
INFO [10-29|14:40:38] ---------------process------------------ 
INFO [10-29|14:40:38] In RM Process                            height=5 round=0
INFO [10-29|14:40:38] --------In rm.propose------- 
INFO [10-29|14:40:38] ---------------in rm.vote----------------- 
INFO [10-29|14:40:38] in vote in RM                            height=5 round=0
INFO [10-29|14:40:38] vote mp 
INFO [10-29|14:40:38] vote success in                          height=5 round=0
INFO [10-29|14:40:38] Send VoteMsg 
INFO [10-29|14:40:38] in rm.process, check lockset HasQuorum 
INFO [10-29|14:40:38] in HasQuorum 
INFO [10-29|14:40:38] In IsValid() 
len(lockset.Votes): 4 lockset.EligibleVotesNum: 4
INFO [10-29|14:40:38] There is a quorum                        height=5 round=0
--- in rm.process p.id: --- Peer 6d11b37ef4fc909a [eth/63]
INFO [10-29|14:40:38] ============in cm.commitLockset============ 
INFO [10-29|14:40:38] in commitLockset, check ls HasQuorum 
INFO [10-29|14:40:38] in HasQuorum 
INFO [10-29|14:40:38] In IsValid() 
len(lockset.Votes): 4 lockset.EligibleVotesNum: 4
INFO [10-29|14:40:38] cm.found is not nil 
INFO [10-29|14:40:38] store lockset 
peerid: 6d11b37ef4fc909a
INFO [10-29|14:40:38] ---storeLockset--- 
INFO [10-29|14:40:38] after cm.process() 
cmH 5
INFO [10-29|14:40:38] in validatorCommit1 
pid: 6d11b37ef4fc909a
block number 5
INFO [10-29|14:40:38] have a consensus on the block 
INFO [10-29|14:40:38] result.Header().Coinbase != b.signer 
-------in NewBFTValidatorBlock-------
result.Header().Coinbase: [125 87 122 89 123 39 66 180 152 203 92 240 194 108 220 215 38 211 158 110] b.signer: [130 169 120 179 245 150 42 91 9 87 217 238 158 239 71 46 229 91 66 241]
ConsensusTime, 2185917 , txs, 1601 , blockNum, 5
FinishedConsensus, 1540795238124085000
INFO [10-29|14:40:38] result is nil 
INFO [10-29|14:40:38] === Finished Mine() === 
INFO [10-29|14:40:38] in validatorCommit2 
INFO [10-29|14:40:38] **in eth.handler**, get result from ch 
validatorCommit time: 294.895µs
INFO [10-29|14:40:38] Imported new chain segment               blocks=1 txs=1601 mgas=33.621 elapsed=1.222s   mgasps=27.503 number=5 hash=08307d…b16d65
FinishedPostExec, 1540795238690376000 , txs, 1601
PostExecTime, 1.222438895s
INFO [10-29|14:40:38] in pool.evenLoop, call pool.resetState 
INFO [10-29|14:40:39] Handle BFT Msg,                          msg="msg #18 (662 bytes)"
INFO [10-29|14:40:39] ------Received MsigProposalMsg------ 
mpHR: H: 6 R: 0 hash: [8 209 54 232 3 139 88 200 135 8 252 108 155 4 164 26 227 232 10 39 61 60 230 219 128 195 239 31 52 135 103 29]
cmHR: H: 6 R: 0
INFO [10-29|14:40:39] --------------------------------------- 
INFO [10-29|14:40:39] received mp before p, wait for a while 
INFO [10-29|14:40:39] Handle BFT Msg,                          msg="msg #17 (107 bytes)"
INFO [10-29|14:40:39] ------Received VoteMsg------ 
voteHR: H: 6 R: 0 voteType:: 1 voteHash: [8 209 54 232 3 139 88 200 135 8 252 108 155 4 164 26 227 232 10 39 61 60 230 219 128 195 239 31 52 135 103 29]
cmHR: H: 6 R: 0
INFO [10-29|14:40:39] --------------------------------------- 
INFO [10-29|14:40:39] addVote to                               height=6 round=0 from=0x598443f1880ef585b21f1d7585bd0577402861e5 success=true cm.coinbase=0x82a978b3f5962a5b0957d9ee9eef472ee55b42f1
INFO [10-29|14:40:39] ------in handle VoteMsg, success!------ 
INFO [10-29|14:40:39] Handle BFT Msg,                          msg="msg #17 (107 bytes)"
INFO [10-29|14:40:39] ------Received VoteMsg------ 
voteHR: H: 6 R: 0 voteType:: 1 voteHash: [8 209 54 232 3 139 88 200 135 8 252 108 155 4 164 26 227 232 10 39 61 60 230 219 128 195 239 31 52 135 103 29]
cmHR: H: 6 R: 0
INFO [10-29|14:40:39] --------------------------------------- 
INFO [10-29|14:40:39] addVote to                               height=6 round=0 from=0x7d577a597b2742b498cb5cf0c26cdcd726d39e6e success=true cm.coinbase=0x82a978b3f5962a5b0957d9ee9eef472ee55b42f1
INFO [10-29|14:40:39] ------in handle VoteMsg, success!------ 
INFO [10-29|14:40:39] received mp before p, wait for a while 
INFO [10-29|14:40:39] Handle BFT Msg,                          msg="msg #9 (3 bytes)"
INFO [10-29|14:40:39] -------GetLocksetsMsg------- 
GetLockSetsMsg request:  [{6}] from:  d9d5b902798f5c42
INFO [10-29|14:40:39] Request future block 
INFO [10-29|14:40:39] received mp before p, wait for a while 
INFO [10-29|14:40:39] received mp before p, wait for a while 
INFO [10-29|14:40:39] received NewBlockMsg! 
INFO [10-29|14:40:39] received mp before p, wait for a while 
INFO [10-29|14:40:39] ***in BFT.VVVVerifyHeader*** 
INFO [10-29|14:40:39] ***in BFT.verifyHeader*** 
INFO [10-29|14:40:39] ***in BFT.verifySeal*** 
INFO [10-29|14:40:39] In verifyVotes 
INFO [10-29|14:40:39] ***in sync.request()*** 
INFO [10-29|14:40:39] received mp before p, wait for a while 
INFO [10-29|14:40:39] received mp before p, wait for a while 
INFO [10-29|14:40:39] In verifyVotes 
INFO [10-29|14:40:39] ***in sync.request()*** 
INFO [10-29|14:40:40] received mp before p, wait for a while 
INFO [10-29|14:40:40] received mp before p, wait for a while 
INFO [10-29|14:40:40] In verifyVotes 
INFO [10-29|14:40:40] ***in sync.request()*** 
INFO [10-29|14:40:40] received mp before p, wait for a while 
INFO [10-29|14:40:40] received mp before p, wait for a while 
INFO [10-29|14:40:40] In verifyVotes 
INFO [10-29|14:40:40] ***in sync.request()*** 
INFO [10-29|14:40:40] received mp before p, wait for a while 
INFO [10-29|14:40:40] Commit new mining work                   number=6 txs=1602 uncles=0 elapsed=1.787s
INFO [10-29|14:40:40] Sealing                                  block n=6
StartConsensus, 1540795240478572000
INFO [10-29|14:40:40] Start Process 
INFO [10-29|14:40:40] in cm.Process, check lastCommittingLockset() 
INFO [10-29|14:40:40] In IsValid() 
len(lockset.Votes): 4 lockset.EligibleVotesNum: 4
INFO [10-29|14:40:40] in HasQuorum 
INFO [10-29|14:40:40] In IsValid() 
len(lockset.Votes): 4 lockset.EligibleVotesNum: 4
=====CM.COINBASE IS:===== [130 169 120 179 245 150 42 91 9 87 217 238 158 239 71 46 229 91 66 241] block number is: 6
INFO [10-29|14:40:40] case: default, cm.process 
ready: 4 need: 2.6666667
INFO [10-29|14:40:40] ---------------process------------------ 
INFO [10-29|14:40:40] In RM Process                            height=6 round=0
INFO [10-29|14:40:40] --------In rm.propose------- 
INFO [10-29|14:40:40] ---------------in rm.vote----------------- 
INFO [10-29|14:40:40] in vote in RM                            height=6 round=0
INFO [10-29|14:40:40] Timeout time not reach, curr vs timeout: curr=1540795240.000 timeout=1540795245.000
INFO [10-29|14:40:40] in rm.process, check lockset HasQuorum 
INFO [10-29|14:40:40] in HasQuorum 
INFO [10-29|14:40:40] In IsValid() 
len(lockset.Votes): 2 lockset.EligibleVotesNum: 4
INFO [10-29|14:40:40] rm lockset is not valid yet 
INFO [10-29|14:40:40] after cm.process() 
INFO [10-29|14:40:40] received mp before p, wait for a while 
INFO [10-29|14:40:40] In verifyVotes 
INFO [10-29|14:40:40] ***in sync.request()*** 
INFO [10-29|14:40:40] case: default, cm.process 
ready: 4 need: 2.6666667
INFO [10-29|14:40:40] ---------------process------------------ 
INFO [10-29|14:40:40] In RM Process                            height=6 round=0
INFO [10-29|14:40:40] --------In rm.propose------- 
INFO [10-29|14:40:40] ---------------in rm.vote----------------- 
INFO [10-29|14:40:40] in vote in RM                            height=6 round=0
INFO [10-29|14:40:40] Timeout time not reach, curr vs timeout: curr=1540795240.000 timeout=1540795245.000
INFO [10-29|14:40:40] in rm.process, check lockset HasQuorum 
INFO [10-29|14:40:40] in HasQuorum 
INFO [10-29|14:40:40] In IsValid() 
len(lockset.Votes): 2 lockset.EligibleVotesNum: 4
INFO [10-29|14:40:40] rm lockset is not valid yet 
INFO [10-29|14:40:40] after cm.process() 
INFO [10-29|14:40:40] received mp before p, wait for a while 
INFO [10-29|14:40:40] case: default, cm.process 
ready: 4 need: 2.6666667
INFO [10-29|14:40:40] ---------------process------------------ 
INFO [10-29|14:40:40] In RM Process                            height=6 round=0
INFO [10-29|14:40:40] --------In rm.propose------- 
INFO [10-29|14:40:40] ---------------in rm.vote----------------- 
INFO [10-29|14:40:40] in vote in RM                            height=6 round=0
INFO [10-29|14:40:40] Timeout time not reach, curr vs timeout: curr=1540795240.000 timeout=1540795245.000
INFO [10-29|14:40:40] in rm.process, check lockset HasQuorum 
INFO [10-29|14:40:40] in HasQuorum 
INFO [10-29|14:40:40] In IsValid() 
len(lockset.Votes): 2 lockset.EligibleVotesNum: 4
INFO [10-29|14:40:40] rm lockset is not valid yet 
INFO [10-29|14:40:40] after cm.process() 
INFO [10-29|14:40:40] received mp before p, wait for a while 
INFO [10-29|14:40:40] In verifyVotes 
INFO [10-29|14:40:40] ***in sync.request()*** 
INFO [10-29|14:40:40] Handle BFT Msg,                          msg="msg #10 (328 bytes)"
INFO [10-29|14:40:40] -------Received LocksetMsg------- 
lockset: &{<nil> 0 0 0 4 [0xc429726300 0xc429726420 0xc429726480] false}
INFO [10-29|14:40:40] in HasQuorum 
INFO [10-29|14:40:40] In IsValid() 
len(lockset.Votes): 3 lockset.EligibleVotesNum: 4
INFO [10-29|14:40:40] ---storeLockset--- 
INFO [10-29|14:40:40] case: default, cm.process 
ready: 4 need: 2.6666667
INFO [10-29|14:40:40] ---------------process------------------ 
INFO [10-29|14:40:40] In RM Process                            height=6 round=0
INFO [10-29|14:40:40] --------In rm.propose------- 
INFO [10-29|14:40:40] ---------------in rm.vote----------------- 
INFO [10-29|14:40:40] in vote in RM                            height=6 round=0
INFO [10-29|14:40:40] Timeout time not reach, curr vs timeout: curr=1540795240.000 timeout=1540795245.000
INFO [10-29|14:40:40] in rm.process, check lockset HasQuorum 
INFO [10-29|14:40:40] in HasQuorum 
INFO [10-29|14:40:40] In IsValid() 
len(lockset.Votes): 2 lockset.EligibleVotesNum: 4
INFO [10-29|14:40:40] rm lockset is not valid yet 
INFO [10-29|14:40:40] after cm.process() 
INFO [10-29|14:40:40] received mp before p, wait for a while 
INFO [10-29|14:40:40] case: default, cm.process 
ready: 4 need: 2.6666667
INFO [10-29|14:40:40] ---------------process------------------ 
INFO [10-29|14:40:40] In RM Process                            height=6 round=0
INFO [10-29|14:40:40] --------In rm.propose------- 
INFO [10-29|14:40:40] ---------------in rm.vote----------------- 
INFO [10-29|14:40:40] in vote in RM                            height=6 round=0
INFO [10-29|14:40:40] Timeout time not reach, curr vs timeout: curr=1540795240.000 timeout=1540795245.000
INFO [10-29|14:40:40] in rm.process, check lockset HasQuorum 
INFO [10-29|14:40:40] in HasQuorum 
INFO [10-29|14:40:40] In IsValid() 
len(lockset.Votes): 2 lockset.EligibleVotesNum: 4
INFO [10-29|14:40:40] rm lockset is not valid yet 
INFO [10-29|14:40:40] after cm.process() 
INFO [10-29|14:40:40] received mp before p, wait for a while 
INFO [10-29|14:40:40] In verifyVotes 
INFO [10-29|14:40:40] in HasQuorum 
INFO [10-29|14:40:40] In IsValid() 
len(lockset.Votes): 3 lockset.EligibleVotesNum: 4
INFO [10-29|14:40:40] ***in BFT.VerifyHeaderSSSS*** 
INFO [10-29|14:40:40] ***in BFT.verifyHeader*** 
INFO [10-29|14:40:40] ***in BFT.verifySeal*** 
INFO [10-29|14:40:40] In verifyVotes 
INFO [10-29|14:40:40] in HasQuorum 
INFO [10-29|14:40:40] In IsValid() 
len(lockset.Votes): 3 lockset.EligibleVotesNum: 4
INFO [10-29|14:40:40] case: default, cm.process 
ready: 4 need: 2.6666667
INFO [10-29|14:40:40] ---------------process------------------ 
INFO [10-29|14:40:40] In RM Process                            height=6 round=0
INFO [10-29|14:40:40] --------In rm.propose------- 
INFO [10-29|14:40:40] ---------------in rm.vote----------------- 
INFO [10-29|14:40:40] in vote in RM                            height=6 round=0
INFO [10-29|14:40:40] Timeout time not reach, curr vs timeout: curr=1540795240.000 timeout=1540795245.000
INFO [10-29|14:40:40] in rm.process, check lockset HasQuorum 
INFO [10-29|14:40:40] in HasQuorum 
INFO [10-29|14:40:40] In IsValid() 
len(lockset.Votes): 2 lockset.EligibleVotesNum: 4
INFO [10-29|14:40:40] rm lockset is not valid yet 
INFO [10-29|14:40:40] after cm.process() 
INFO [10-29|14:40:41] received mp before p, wait for a while 
INFO [10-29|14:40:41] case: default, cm.process 
ready: 4 need: 2.6666667
INFO [10-29|14:40:41] ---------------process------------------ 
INFO [10-29|14:40:41] In RM Process                            height=6 round=0
INFO [10-29|14:40:41] --------In rm.propose------- 
INFO [10-29|14:40:41] ---------------in rm.vote----------------- 
INFO [10-29|14:40:41] in vote in RM                            height=6 round=0
INFO [10-29|14:40:41] Timeout time not reach, curr vs timeout: curr=1540795241.000 timeout=1540795245.000
INFO [10-29|14:40:41] in rm.process, check lockset HasQuorum 
INFO [10-29|14:40:41] in HasQuorum 
INFO [10-29|14:40:41] In IsValid() 
len(lockset.Votes): 2 lockset.EligibleVotesNum: 4
INFO [10-29|14:40:41] rm lockset is not valid yet 
INFO [10-29|14:40:41] after cm.process() 
INFO [10-29|14:40:41] received mp before p, wait for a while 
INFO [10-29|14:40:41] case: default, cm.process 
ready: 4 need: 2.6666667
INFO [10-29|14:40:41] ---------------process------------------ 
INFO [10-29|14:40:41] In RM Process                            height=6 round=0
INFO [10-29|14:40:41] --------In rm.propose------- 
INFO [10-29|14:40:41] ---------------in rm.vote----------------- 
INFO [10-29|14:40:41] in vote in RM                            height=6 round=0
INFO [10-29|14:40:41] Timeout time not reach, curr vs timeout: curr=1540795241.000 timeout=1540795245.000
INFO [10-29|14:40:41] in rm.process, check lockset HasQuorum 
INFO [10-29|14:40:41] in HasQuorum 
INFO [10-29|14:40:41] In IsValid() 
len(lockset.Votes): 2 lockset.EligibleVotesNum: 4
INFO [10-29|14:40:41] rm lockset is not valid yet 
INFO [10-29|14:40:41] after cm.process() 
INFO [10-29|14:40:41] received mp before p, wait for a while 
INFO [10-29|14:40:41] case: default, cm.process 
ready: 4 need: 2.6666667
INFO [10-29|14:40:41] ---------------process------------------ 
INFO [10-29|14:40:41] In RM Process                            height=6 round=0
INFO [10-29|14:40:41] --------In rm.propose------- 
INFO [10-29|14:40:41] ---------------in rm.vote----------------- 
INFO [10-29|14:40:41] in vote in RM                            height=6 round=0
INFO [10-29|14:40:41] Timeout time not reach, curr vs timeout: curr=1540795241.000 timeout=1540795245.000
INFO [10-29|14:40:41] in rm.process, check lockset HasQuorum 
INFO [10-29|14:40:41] in HasQuorum 
INFO [10-29|14:40:41] In IsValid() 
len(lockset.Votes): 2 lockset.EligibleVotesNum: 4
INFO [10-29|14:40:41] rm lockset is not valid yet 
INFO [10-29|14:40:41] after cm.process() 
INFO [10-29|14:40:41] received mp before p, wait for a while 
INFO [10-29|14:40:41] case: default, cm.process 
ready: 4 need: 2.6666667
INFO [10-29|14:40:41] ---------------process------------------ 
INFO [10-29|14:40:41] In RM Process                            height=6 round=0
INFO [10-29|14:40:41] --------In rm.propose------- 
INFO [10-29|14:40:41] ---------------in rm.vote----------------- 
INFO [10-29|14:40:41] in vote in RM                            height=6 round=0
INFO [10-29|14:40:41] Timeout time not reach, curr vs timeout: curr=1540795241.000 timeout=1540795245.000
INFO [10-29|14:40:41] in rm.process, check lockset HasQuorum 
INFO [10-29|14:40:41] in HasQuorum 
INFO [10-29|14:40:41] In IsValid() 
len(lockset.Votes): 2 lockset.EligibleVotesNum: 4
INFO [10-29|14:40:41] rm lockset is not valid yet 
INFO [10-29|14:40:41] after cm.process() 
INFO [10-29|14:40:41] received mp before p, wait for a while 
INFO [10-29|14:40:41] case: default, cm.process 
ready: 4 need: 2.6666667
INFO [10-29|14:40:41] ---------------process------------------ 
INFO [10-29|14:40:41] In RM Process                            height=6 round=0
INFO [10-29|14:40:41] --------In rm.propose------- 
INFO [10-29|14:40:41] ---------------in rm.vote----------------- 
INFO [10-29|14:40:41] in vote in RM                            height=6 round=0
INFO [10-29|14:40:41] Timeout time not reach, curr vs timeout: curr=1540795241.000 timeout=1540795245.000
INFO [10-29|14:40:41] in rm.process, check lockset HasQuorum 
INFO [10-29|14:40:41] in HasQuorum 
INFO [10-29|14:40:41] In IsValid() 
len(lockset.Votes): 2 lockset.EligibleVotesNum: 4
INFO [10-29|14:40:41] rm lockset is not valid yet 
INFO [10-29|14:40:41] after cm.process() 
INFO [10-29|14:40:41] received mp before p, wait for a while 
INFO [10-29|14:40:41] case: default, cm.process 
ready: 4 need: 2.6666667
INFO [10-29|14:40:41] ---------------process------------------ 
INFO [10-29|14:40:41] In RM Process                            height=6 round=0
INFO [10-29|14:40:41] --------In rm.propose------- 
INFO [10-29|14:40:41] ---------------in rm.vote----------------- 
INFO [10-29|14:40:41] in vote in RM                            height=6 round=0
INFO [10-29|14:40:41] Timeout time not reach, curr vs timeout: curr=1540795241.000 timeout=1540795245.000
INFO [10-29|14:40:41] in rm.process, check lockset HasQuorum 
INFO [10-29|14:40:41] in HasQuorum 
INFO [10-29|14:40:41] In IsValid() 
len(lockset.Votes): 2 lockset.EligibleVotesNum: 4
INFO [10-29|14:40:41] rm lockset is not valid yet 
INFO [10-29|14:40:41] after cm.process() 
INFO [10-29|14:40:41] received mp before p, wait for a while 
INFO [10-29|14:40:41] case: default, cm.process 
ready: 4 need: 2.6666667
INFO [10-29|14:40:41] ---------------process------------------ 
INFO [10-29|14:40:41] In RM Process                            height=6 round=0
INFO [10-29|14:40:41] --------In rm.propose------- 
INFO [10-29|14:40:41] ---------------in rm.vote----------------- 
INFO [10-29|14:40:41] in vote in RM                            height=6 round=0
INFO [10-29|14:40:41] Timeout time not reach, curr vs timeout: curr=1540795241.000 timeout=1540795245.000
INFO [10-29|14:40:41] in rm.process, check lockset HasQuorum 
INFO [10-29|14:40:41] in HasQuorum 
INFO [10-29|14:40:41] In IsValid() 
len(lockset.Votes): 2 lockset.EligibleVotesNum: 4
INFO [10-29|14:40:41] rm lockset is not valid yet 
INFO [10-29|14:40:41] after cm.process() 
INFO [10-29|14:40:41] received mp before p, wait for a while 
INFO [10-29|14:40:41] case: default, cm.process 
ready: 4 need: 2.6666667
INFO [10-29|14:40:41] ---------------process------------------ 
INFO [10-29|14:40:41] In RM Process                            height=6 round=0
INFO [10-29|14:40:41] --------In rm.propose------- 
INFO [10-29|14:40:41] ---------------in rm.vote----------------- 
INFO [10-29|14:40:41] in vote in RM                            height=6 round=0
INFO [10-29|14:40:41] Timeout time not reach, curr vs timeout: curr=1540795241.000 timeout=1540795245.000
INFO [10-29|14:40:41] in rm.process, check lockset HasQuorum 
INFO [10-29|14:40:41] in HasQuorum 
INFO [10-29|14:40:41] In IsValid() 
len(lockset.Votes): 2 lockset.EligibleVotesNum: 4
INFO [10-29|14:40:41] rm lockset is not valid yet 
INFO [10-29|14:40:41] after cm.process() 
INFO [10-29|14:40:41] received mp before p, wait for a while 
INFO [10-29|14:40:41] case: default, cm.process 
ready: 4 need: 2.6666667
INFO [10-29|14:40:41] ---------------process------------------ 
INFO [10-29|14:40:41] In RM Process                            height=6 round=0
INFO [10-29|14:40:41] --------In rm.propose------- 
INFO [10-29|14:40:41] ---------------in rm.vote----------------- 
INFO [10-29|14:40:41] in vote in RM                            height=6 round=0
INFO [10-29|14:40:41] Timeout time not reach, curr vs timeout: curr=1540795241.000 timeout=1540795245.000
INFO [10-29|14:40:41] in rm.process, check lockset HasQuorum 
INFO [10-29|14:40:41] in HasQuorum 
INFO [10-29|14:40:41] In IsValid() 
len(lockset.Votes): 2 lockset.EligibleVotesNum: 4
INFO [10-29|14:40:41] rm lockset is not valid yet 
INFO [10-29|14:40:41] after cm.process() 
INFO [10-29|14:40:41] received mp before p, wait for a while 
INFO [10-29|14:40:42] case: default, cm.process 
ready: 4 need: 2.6666667
INFO [10-29|14:40:42] ---------------process------------------ 
INFO [10-29|14:40:42] In RM Process                            height=6 round=0
INFO [10-29|14:40:42] --------In rm.propose------- 
INFO [10-29|14:40:42] ---------------in rm.vote----------------- 
INFO [10-29|14:40:42] in vote in RM                            height=6 round=0
INFO [10-29|14:40:42] Timeout time not reach, curr vs timeout: curr=1540795242.000 timeout=1540795245.000
INFO [10-29|14:40:42] in rm.process, check lockset HasQuorum 
INFO [10-29|14:40:42] in HasQuorum 
INFO [10-29|14:40:42] In IsValid() 
len(lockset.Votes): 2 lockset.EligibleVotesNum: 4
INFO [10-29|14:40:42] rm lockset is not valid yet 
INFO [10-29|14:40:42] after cm.process() 
INFO [10-29|14:40:42] received mp before p, wait for a while 
INFO [10-29|14:40:42] case: default, cm.process 
ready: 4 need: 2.6666667
INFO [10-29|14:40:42] ---------------process------------------ 
INFO [10-29|14:40:42] In RM Process                            height=7 round=0
INFO [10-29|14:40:42] --------In rm.propose------- 
INFO [10-29|14:40:42] ---------------in rm.vote----------------- 
INFO [10-29|14:40:42] in vote in RM                            height=7 round=0
INFO [10-29|14:40:42] Timeout time not reach, curr vs timeout: curr=1540795242.000 timeout=1540795247.000
INFO [10-29|14:40:42] in rm.process, check lockset HasQuorum 
INFO [10-29|14:40:42] in HasQuorum 
INFO [10-29|14:40:42] In IsValid() 
len(lockset.Votes): 0 lockset.EligibleVotesNum: 4
INFO [10-29|14:40:42] rm lockset is not valid yet 
INFO [10-29|14:40:42] after cm.process() 
INFO [10-29|14:40:42] Imported new chain segment               blocks=1 txs=1602 mgas=33.642 elapsed=1.183s   mgasps=28.414 number=6 hash=08d136…87671d
FinishedPostExec, 1540795242133274000 , txs, 1602
PostExecTime, 1.183996091s
INFO [10-29|14:40:42] in pool.evenLoop, call pool.resetState 
INFO [10-29|14:40:42] received mp before p, wait for a while 
INFO [10-29|14:40:42] case: default, cm.process 
ready: 4 need: 2.6666667
INFO [10-29|14:40:42] ---------------process------------------ 
INFO [10-29|14:40:42] In RM Process                            height=7 round=0
INFO [10-29|14:40:42] --------In rm.propose------- 
INFO [10-29|14:40:42] ---------------in rm.vote----------------- 
INFO [10-29|14:40:42] in vote in RM                            height=7 round=0
INFO [10-29|14:40:42] Timeout time not reach, curr vs timeout: curr=1540795242.000 timeout=1540795247.000
INFO [10-29|14:40:42] in rm.process, check lockset HasQuorum 
INFO [10-29|14:40:42] in HasQuorum 
INFO [10-29|14:40:42] In IsValid() 
len(lockset.Votes): 0 lockset.EligibleVotesNum: 4
INFO [10-29|14:40:42] rm lockset is not valid yet 
INFO [10-29|14:40:42] after cm.process() 
INFO [10-29|14:40:42] received mp before p, wait for a while 
INFO [10-29|14:40:42] case: default, cm.process 
ready: 4 need: 2.6666667
INFO [10-29|14:40:42] ---------------process------------------ 
INFO [10-29|14:40:42] In RM Process                            height=7 round=0
INFO [10-29|14:40:42] --------In rm.propose------- 
INFO [10-29|14:40:42] ---------------in rm.vote----------------- 
INFO [10-29|14:40:42] in vote in RM                            height=7 round=0
INFO [10-29|14:40:42] Timeout time not reach, curr vs timeout: curr=1540795242.000 timeout=1540795247.000
INFO [10-29|14:40:42] in rm.process, check lockset HasQuorum 
INFO [10-29|14:40:42] in HasQuorum 
INFO [10-29|14:40:42] In IsValid() 
len(lockset.Votes): 0 lockset.EligibleVotesNum: 4
INFO [10-29|14:40:42] rm lockset is not valid yet 
INFO [10-29|14:40:42] after cm.process() 
INFO [10-29|14:40:42] received mp before p, wait for a while 
INFO [10-29|14:40:42] case: default, cm.process 
ready: 4 need: 2.6666667
INFO [10-29|14:40:42] ---------------process------------------ 
INFO [10-29|14:40:42] In RM Process                            height=7 round=0
INFO [10-29|14:40:42] --------In rm.propose------- 
INFO [10-29|14:40:42] ---------------in rm.vote----------------- 
INFO [10-29|14:40:42] in vote in RM                            height=7 round=0
INFO [10-29|14:40:42] Timeout time not reach, curr vs timeout: curr=1540795242.000 timeout=1540795247.000
INFO [10-29|14:40:42] in rm.process, check lockset HasQuorum 
INFO [10-29|14:40:42] in HasQuorum 
INFO [10-29|14:40:42] In IsValid() 
len(lockset.Votes): 0 lockset.EligibleVotesNum: 4
INFO [10-29|14:40:42] rm lockset is not valid yet 
INFO [10-29|14:40:42] after cm.process() 
INFO [10-29|14:40:42] received mp before p, wait for a while 
INFO [10-29|14:40:42] received mp before p, wait for a while 
INFO [10-29|14:40:42] case: default, cm.process 
ready: 4 need: 2.6666667
INFO [10-29|14:40:42] ---------------process------------------ 
INFO [10-29|14:40:42] In RM Process                            height=7 round=0
INFO [10-29|14:40:42] --------In rm.propose------- 
INFO [10-29|14:40:42] ---------------in rm.vote----------------- 
INFO [10-29|14:40:42] in vote in RM                            height=7 round=0
INFO [10-29|14:40:42] Timeout time not reach, curr vs timeout: curr=1540795242.000 timeout=1540795247.000
INFO [10-29|14:40:42] in rm.process, check lockset HasQuorum 
INFO [10-29|14:40:42] in HasQuorum 
INFO [10-29|14:40:42] In IsValid() 
len(lockset.Votes): 0 lockset.EligibleVotesNum: 4
INFO [10-29|14:40:42] rm lockset is not valid yet 
INFO [10-29|14:40:42] after cm.process() 
INFO [10-29|14:40:42] case: default, cm.process 
ready: 4 need: 2.6666667
INFO [10-29|14:40:42] ---------------process------------------ 
INFO [10-29|14:40:42] In RM Process                            height=7 round=0
INFO [10-29|14:40:42] --------In rm.propose------- 
INFO [10-29|14:40:42] ---------------in rm.vote----------------- 
INFO [10-29|14:40:42] in vote in RM                            height=7 round=0
INFO [10-29|14:40:42] Timeout time not reach, curr vs timeout: curr=1540795242.000 timeout=1540795247.000
INFO [10-29|14:40:42] in rm.process, check lockset HasQuorum 
INFO [10-29|14:40:42] in HasQuorum 
INFO [10-29|14:40:42] In IsValid() 
len(lockset.Votes): 0 lockset.EligibleVotesNum: 4
INFO [10-29|14:40:42] rm lockset is not valid yet 
INFO [10-29|14:40:42] after cm.process() 
INFO [10-29|14:40:42] received mp before p, wait for a while 
INFO [10-29|14:40:42] Handle BFT Msg,                          msg="msg #11 (174055 bytes)"
INFO [10-29|14:40:42] -------Received NewBlockProposalMsg------- 
bpHR: H: 7 R: 0
cmHR: H: 7 R: 0
INFO [10-29|14:40:42] --------------------------------------- 
# collMsig from = Peer d9d5b902798f5c42 [eth/63]
cmHR: H: 7 R: 0
this is rm.proposerPeer  Peer d9d5b902798f5c42 [eth/63]
INFO [10-29|14:40:42] In IsValid() 
len(lockset.Votes): 0 lockset.EligibleVotesNum: 0
INFO [10-29|14:40:42] cm add BlockProposal                     h=7 r=0
INFO [10-29|14:40:42] in HasQuorum 
INFO [10-29|14:40:42] In IsValid() 
len(lockset.Votes): 3 lockset.EligibleVotesNum: 4
INFO [10-29|14:40:42] in collectMsig, i am msig wintness 
INFO [10-29|14:40:42] Return MsigProposalMsg to                LOG15_ERROR=                                                   LOG15_ERROR="Normalized odd number of arguments by adding nil"
INFO [10-29|14:40:42] Sending MsigProposalMsg 
in cm.collectMsig, mp.MsigVs: [<nil> 28]
INFO [10-29|14:40:42] In addBlockCandidates!! 
INFO [10-29|14:40:42] -------in handle NewBlockProposalMsg, success!------- 
INFO [10-29|14:40:42] case: default, cm.process 
ready: 4 need: 2.6666667
INFO [10-29|14:40:42] ---------------process------------------ 
INFO [10-29|14:40:42] in MsigFinished 
len(mp.Msig.MsigVs): 2 mp.MsigVs: [0 27]
H====:  7 P==== 0
INFO [10-29|14:40:42] In RM Process                            height=7 round=0
INFO [10-29|14:40:42] --------In rm.propose------- 
INFO [10-29|14:40:42] ---------------in rm.vote----------------- 
INFO [10-29|14:40:42] in vote in RM                            height=7 round=0
INFO [10-29|14:40:42] vote mp 
INFO [10-29|14:40:42] Handle BFT Msg,                          msg="msg #18 (557 bytes)"
INFO [10-29|14:40:42] ------Received MsigProposalMsg------ 
mpHR: H: 7 R: 0 hash: [236 146 195 225 41 14 148 107 19 21 131 28 76 93 141 122 207 189 232 132 194 132 132 174 165 205 78 236 30 96 151 31]
cmHR: H: 7 R: 0
INFO [10-29|14:40:42] --------------------------------------- 
INFO [10-29|14:40:42] vote success in                          height=7 round=0
INFO [10-29|14:40:42] Send VoteMsg 
INFO [10-29|14:40:42] in msign, already sign 
INFO [10-29|14:40:42] in rm.process, check lockset HasQuorum 
INFO [10-29|14:40:42] in HasQuorum 
INFO [10-29|14:40:42] In IsValid() 
len(lockset.Votes): 1 lockset.EligibleVotesNum: 4
INFO [10-29|14:40:42] rm lockset is not valid yet 
INFO [10-29|14:40:42] after cm.process() 
INFO [10-29|14:40:42] ------addmsigproposal success!------- 
INFO [10-29|14:40:42] Handle BFT Msg,                          msg="msg #11 (174050 bytes)"
INFO [10-29|14:40:42] -------Received NewBlockProposalMsg------- 
bpHR: H: 6 R: 0
cmHR: H: 7 R: 0
INFO [10-29|14:40:42] --------------------------------------- 
# collMsig from = Peer 94dd98401cf6ca04 [eth/63]
cmHR: H: 7 R: 0
this is rm.proposerPeer  Peer 94dd98401cf6ca04 [eth/63]
INFO [10-29|14:40:42] In IsValid() 
len(lockset.Votes): 0 lockset.EligibleVotesNum: 0
INFO [10-29|14:40:42] cm add BlockProposal                     h=6 r=0
INFO [10-29|14:40:42] in HasQuorum 
INFO [10-29|14:40:42] In IsValid() 
len(lockset.Votes): 4 lockset.EligibleVotesNum: 4
INFO [10-29|14:40:42] In addBlockCandidates!! 
INFO [10-29|14:40:42] -------in handle NewBlockProposalMsg, success!------- 
INFO [10-29|14:40:42] Handle BFT Msg,                          msg="msg #17 (107 bytes)"
INFO [10-29|14:40:42] ------Received VoteMsg------ 
voteHR: H: 6 R: 0 voteType:: 1 voteHash: [8 209 54 232 3 139 88 200 135 8 252 108 155 4 164 26 227 232 10 39 61 60 230 219 128 195 239 31 52 135 103 29]
cmHR: H: 7 R: 0
INFO [10-29|14:40:42] --------------------------------------- 
INFO [10-29|14:40:42] addVote to                               height=6 round=0 from=0xdceceaf3fc5c0a63d195d69b1a90011b7b19650d success=false cm.coinbase=0x82a978b3f5962a5b0957d9ee9eef472ee55b42f1
INFO [10-29|14:40:42] received NewBlockMsg! 
INFO [10-29|14:40:42] Handle BFT Msg,                          msg="msg #17 (107 bytes)"
INFO [10-29|14:40:42] ------Received VoteMsg------ 
voteHR: H: 7 R: 0 voteType:: 1 voteHash: [236 146 195 225 41 14 148 107 19 21 131 28 76 93 141 122 207 189 232 132 194 132 132 174 165 205 78 236 30 96 151 31]
cmHR: H: 7 R: 0
INFO [10-29|14:40:42] --------------------------------------- 
INFO [10-29|14:40:42] addVote to                               height=7 round=0 from=0xdceceaf3fc5c0a63d195d69b1a90011b7b19650d success=true  cm.coinbase=0x82a978b3f5962a5b0957d9ee9eef472ee55b42f1
INFO [10-29|14:40:42] ------in handle VoteMsg, success!------ 
INFO [10-29|14:40:42] Handle BFT Msg,                          msg="msg #17 (107 bytes)"
INFO [10-29|14:40:42] ------Received VoteMsg------ 
voteHR: H: 7 R: 0 voteType:: 1 voteHash: [236 146 195 225 41 14 148 107 19 21 131 28 76 93 141 122 207 189 232 132 194 132 132 174 165 205 78 236 30 96 151 31]
cmHR: H: 7 R: 0
INFO [10-29|14:40:42] --------------------------------------- 
INFO [10-29|14:40:42] addVote to                               height=7 round=0 from=0x7d577a597b2742b498cb5cf0c26cdcd726d39e6e success=true  cm.coinbase=0x82a978b3f5962a5b0957d9ee9eef472ee55b42f1
INFO [10-29|14:40:42] ------in handle VoteMsg, success!------ 
INFO [10-29|14:40:42] Handle BFT Msg,                          msg="msg #9 (3 bytes)"
INFO [10-29|14:40:42] -------GetLocksetsMsg------- 
GetLockSetsMsg request:  [{7}] from:  d9d5b902798f5c42
INFO [10-29|14:40:42] Request future block 
INFO [10-29|14:40:42] case: default, cm.process 
ready: 4 need: 2.6666667
INFO [10-29|14:40:42] ---------------process------------------ 
INFO [10-29|14:40:42] In RM Process                            height=7 round=0
INFO [10-29|14:40:42] --------In rm.propose------- 
INFO [10-29|14:40:42] ---------------in rm.vote----------------- 
INFO [10-29|14:40:42] voted 
INFO [10-29|14:40:42] in rm.process, check lockset HasQuorum 
INFO [10-29|14:40:42] in HasQuorum 
INFO [10-29|14:40:42] In IsValid() 
len(lockset.Votes): 3 lockset.EligibleVotesNum: 4
INFO [10-29|14:40:42] There is a quorum                        height=7 round=0
--- in rm.process p.id: --- Peer 94dd98401cf6ca04 [eth/63]
INFO [10-29|14:40:42] ============in cm.commitLockset============ 
INFO [10-29|14:40:42] in commitLockset, check ls HasQuorum 
INFO [10-29|14:40:42] in HasQuorum 
INFO [10-29|14:40:42] In IsValid() 
len(lockset.Votes): 3 lockset.EligibleVotesNum: 4
INFO [10-29|14:40:42] cm.found is not nil 
INFO [10-29|14:40:42] store lockset 
peerid: 94dd98401cf6ca04
INFO [10-29|14:40:42] ---storeLockset--- 
INFO [10-29|14:40:42] after cm.process() 
cmH 7
INFO [10-29|14:40:42] in validatorCommit1 
pid: 94dd98401cf6ca04
block number 7
-------in NewBFTValidatorBlock-------
INFO [10-29|14:40:42] in validatorCommit2 
validatorCommit time: 55.173µs
INFO [10-29|14:40:42] **in eth.handler**, get result from ch 
INFO [10-29|14:40:42] ***in BFT.VVVVerifyHeader*** 
INFO [10-29|14:40:42] ***in BFT.verifyHeader*** 
INFO [10-29|14:40:42] ***in BFT.verifySeal*** 
INFO [10-29|14:40:42] In verifyVotes 
INFO [10-29|14:40:42] in HasQuorum 
INFO [10-29|14:40:42] In IsValid() 
len(lockset.Votes): 3 lockset.EligibleVotesNum: 4
INFO [10-29|14:40:42] ***in BFT.VerifyHeaderSSSS*** 
INFO [10-29|14:40:42] ***in BFT.verifyHeader*** 
INFO [10-29|14:40:42] ***in BFT.verifySeal*** 
INFO [10-29|14:40:42] In verifyVotes 
INFO [10-29|14:40:42] in HasQuorum 
INFO [10-29|14:40:42] In IsValid() 
len(lockset.Votes): 3 lockset.EligibleVotesNum: 4
INFO [10-29|14:40:42] have a consensus on the block 
INFO [10-29|14:40:42] result.Header().Coinbase != b.signer 
result.Header().Coinbase: [89 132 67 241 136 14 245 133 178 31 29 117 133 189 5 119 64 40 97 229] b.signer: [130 169 120 179 245 150 42 91 9 87 217 238 158 239 71 46 229 91 66 241]
ConsensusTime, 2401983913 , txs, 1603 , blockNum, 6
FinishedConsensus, 1540795242880572000
INFO [10-29|14:40:42] result is nil 
INFO [10-29|14:40:42] === Finished Mine() === 
INFO [10-29|14:40:42] Handle BFT Msg,                          msg="msg #17 (107 bytes)"
INFO [10-29|14:40:42] ------Received VoteMsg------ 
voteHR: H: 7 R: 0 voteType:: 1 voteHash: [236 146 195 225 41 14 148 107 19 21 131 28 76 93 141 122 207 189 232 132 194 132 132 174 165 205 78 236 30 96 151 31]
cmHR: H: 7 R: 0
INFO [10-29|14:40:42] --------------------------------------- 
INFO [10-29|14:40:42] addVote to                               height=7 round=0 from=0x598443f1880ef585b21f1d7585bd0577402861e5 success=true  cm.coinbase=0x82a978b3f5962a5b0957d9ee9eef472ee55b42f1
INFO [10-29|14:40:42] ------in handle VoteMsg, success!------ 
INFO [10-29|14:40:44] Imported new chain segment               blocks=1 txs=1603 mgas=33.663 elapsed=1.319s   mgasps=25.520 number=7 hash=ec92c3…60971f
FinishedPostExec, 1540795244199108000 , txs, 1603
PostExecTime, 1.31909407s
INFO [10-29|14:40:44] Commit new mining work                   number=7 txs=1603 uncles=0 elapsed=2.097s
INFO [10-29|14:40:44] Sealing                                  block n=7
StartConsensus, 1540795244231132000
INFO [10-29|14:40:44] Start Process 
INFO [10-29|14:40:44] in cm.Process, check lastCommittingLockset() 
INFO [10-29|14:40:44] In IsValid() 
len(lockset.Votes): 4 lockset.EligibleVotesNum: 4
INFO [10-29|14:40:44] in HasQuorum 
INFO [10-29|14:40:44] In IsValid() 
len(lockset.Votes): 4 lockset.EligibleVotesNum: 4
INFO [10-29|14:40:44] in pool.evenLoop, call pool.resetState 
INFO [10-29|14:40:45] Commit new mining work                   number=8 txs=1603 uncles=0 elapsed=1.670s
INFO [10-29|14:40:45] Sealing                                  block n=8
StartConsensus, 1540795245902000000
INFO [10-29|14:40:45] Start Process 
INFO [10-29|14:40:45] in cm.Process, check lastCommittingLockset() 
INFO [10-29|14:40:45] In IsValid() 
len(lockset.Votes): 4 lockset.EligibleVotesNum: 4
INFO [10-29|14:40:45] in HasQuorum 
INFO [10-29|14:40:45] In IsValid() 
len(lockset.Votes): 4 lockset.EligibleVotesNum: 4
=====CM.COINBASE IS:===== [130 169 120 179 245 150 42 91 9 87 217 238 158 239 71 46 229 91 66 241] block number is: 8
INFO [10-29|14:40:45] case: default, cm.process 
ready: 4 need: 2.6666667
INFO [10-29|14:40:45] ---------------process------------------ 
INFO [10-29|14:40:45] In RM Process                            height=8 round=0
INFO [10-29|14:40:45] --------In rm.propose------- 
INFO [10-29|14:40:45] I am a proposer in                       height=8 round=0
INFO [10-29|14:40:45] in propose, check lastRoundLockset 
lastRoundLockset, hm.activeround: 0
INFO [10-29|14:40:45] ------in mkProposal------ 
INFO [10-29|14:40:45] In IsValid() 
len(lockset.Votes): 4 lockset.EligibleVotesNum: 4
INFO [10-29|14:40:45] in HasQuorum 
INFO [10-29|14:40:45] In IsValid() 
len(lockset.Votes): 4 lockset.EligibleVotesNum: 4
INFO [10-29|14:40:45] LockSet(R-1) is nil (rm.round should equal to zero) 
INFO [10-29|14:40:45] in HasQuorum 
INFO [10-29|14:40:45] In IsValid() 
len(lockset.Votes): 4 lockset.EligibleVotesNum: 4
INFO [10-29|14:40:45] in HasQuorum 
INFO [10-29|14:40:45] In IsValid() 
len(lockset.Votes): 4 lockset.EligibleVotesNum: 4
INFO [10-29|14:40:45] stop by outside                          height=7
INFO [10-29|14:40:45] result is nil 
INFO [10-29|14:40:45] === Finished Mine() === 
Create block blockhash :  [228 108 107 26 15 107 230 99 228 157 48 79 46 34 1 107 75 182 193 98 212 71 92 141 91 165 126 245 34 76 129 143]
INFO [10-29|14:40:45] In addBlockCandidates!! 
INFO [10-29|14:40:45] Send NewBlockProposalMsg:                LOG15_ERROR=                                                   LOG15_ERROR="Normalized odd number of arguments by adding nil"
INFO [10-29|14:40:45] ---------------in rm.vote----------------- 
INFO [10-29|14:40:45] in vote in RM                            height=8 round=0
INFO [10-29|14:40:45] Timeout time not reach, curr vs timeout: curr=1540795245.000 timeout=1540795250.000
INFO [10-29|14:40:45] in rm.process, check lockset HasQuorum 
INFO [10-29|14:40:45] in HasQuorum 
INFO [10-29|14:40:45] In IsValid() 
len(lockset.Votes): 0 lockset.EligibleVotesNum: 4
INFO [10-29|14:40:45] rm lockset is not valid yet 
INFO [10-29|14:40:45] after cm.process() 
INFO [10-29|14:40:45] Handle BFT Msg,                          msg="msg #18 (662 bytes)"
INFO [10-29|14:40:45] ------Received MsigProposalMsg------ 
mpHR: H: 8 R: 0 hash: [228 108 107 26 15 107 230 99 228 157 48 79 46 34 1 107 75 182 193 98 212 71 92 141 91 165 126 245 34 76 129 143]
cmHR: H: 8 R: 0
INFO [10-29|14:40:45] --------------------------------------- 
INFO [10-29|14:40:45] in MsigFinished 
len(mp.Msig.MsigVs): 2 mp.MsigVs: [0 28]
H====:  8 P==== 0
INFO [10-29|14:40:45] In addMsig I am leader 
mp= &{0xc429167b80 28 28433658774104942732731308547363189851309293954998542324586176909417973265707 40907737836641816336217604580789336546793122062654663754998358236214074854240 0xc4200c2180 8 0 [228 108 107 26 15 107 230 99 228 157 48 79 46 34 1 107 75 182 193 98 212 71 92 141 91 165 126 245 34 76 129 143] 0xc42503a000 0xc42503a050}
INFO [10-29|14:40:45] in MsigFinished 
len(mp.Msig.MsigVs): 2 mp.MsigVs: [0 28]
INFO [10-29|14:40:45] in bfthandler Send MsigProposalMsg 
INFO [10-29|14:40:45] Sending MsigProposalMsg 
INFO [10-29|14:40:45] Sending MsigProposalMsg 
INFO [10-29|14:40:45] Sending MsigProposalMsg 
INFO [10-29|14:40:45] ------addmsigproposal success!------- 
INFO [10-29|14:40:45] Handle BFT Msg,                          msg="msg #17 (107 bytes)"
INFO [10-29|14:40:45] ------Received VoteMsg------ 
voteHR: H: 8 R: 0 voteType:: 1 voteHash: [228 108 107 26 15 107 230 99 228 157 48 79 46 34 1 107 75 182 193 98 212 71 92 141 91 165 126 245 34 76 129 143]
cmHR: H: 8 R: 0
INFO [10-29|14:40:45] --------------------------------------- 
INFO [10-29|14:40:45] addVote to                               height=8 round=0 from=0x7d577a597b2742b498cb5cf0c26cdcd726d39e6e success=true  cm.coinbase=0x82a978b3f5962a5b0957d9ee9eef472ee55b42f1
INFO [10-29|14:40:45] ------in handle VoteMsg, success!------ 
INFO [10-29|14:40:46] Handle BFT Msg,                          msg="msg #17 (107 bytes)"
INFO [10-29|14:40:46] ------Received VoteMsg------ 
voteHR: H: 8 R: 0 voteType:: 1 voteHash: [228 108 107 26 15 107 230 99 228 157 48 79 46 34 1 107 75 182 193 98 212 71 92 141 91 165 126 245 34 76 129 143]
cmHR: H: 8 R: 0
INFO [10-29|14:40:46] --------------------------------------- 
INFO [10-29|14:40:46] addVote to                               height=8 round=0 from=0xdceceaf3fc5c0a63d195d69b1a90011b7b19650d success=true  cm.coinbase=0x82a978b3f5962a5b0957d9ee9eef472ee55b42f1
INFO [10-29|14:40:46] ------in handle VoteMsg, success!------ 
INFO [10-29|14:40:46] case: default, cm.process 
ready: 4 need: 2.6666667
INFO [10-29|14:40:46] ---------------process------------------ 
INFO [10-29|14:40:46] In RM Process                            height=8 round=0
INFO [10-29|14:40:46] --------In rm.propose------- 
INFO [10-29|14:40:46] I am a proposer in                       height=8 round=0
INFO [10-29|14:40:46] ---------------in rm.vote----------------- 
INFO [10-29|14:40:46] in vote in RM                            height=8 round=0
INFO [10-29|14:40:46] vote mp 
INFO [10-29|14:40:46] vote success in                          height=8 round=0
INFO [10-29|14:40:46] Send VoteMsg 
INFO [10-29|14:40:46] in rm.process, check lockset HasQuorum 
INFO [10-29|14:40:46] in HasQuorum 
INFO [10-29|14:40:46] In IsValid() 
len(lockset.Votes): 3 lockset.EligibleVotesNum: 4
INFO [10-29|14:40:46] There is a quorum                        height=8 round=0
INFO [10-29|14:40:46] ============in cm.commitLockset============ 
INFO [10-29|14:40:46] in commitLockset, check ls HasQuorum 
INFO [10-29|14:40:46] in HasQuorum 
INFO [10-29|14:40:46] In IsValid() 
len(lockset.Votes): 3 lockset.EligibleVotesNum: 4
INFO [10-29|14:40:46] cm.found is not nil 
INFO [10-29|14:40:46] store lockset 
INFO [10-29|14:40:46] ---storeLockset--- 
INFO [10-29|14:40:46] after cm.process() 
INFO [10-29|14:40:46] have a consensus on the block 
ConsensusTime, 171551885 , txs, 1603 , blockNum, 8
FinishedConsensus, 1540795246073542000
INFO [10-29|14:40:46] Successfully sealed new block            number=8 hash=e46c6b…4c818f
INFO [10-29|14:40:46] === Finished Mine() === 
INFO [10-29|14:40:46] received NewBlockMsg! 
INFO [10-29|14:40:46] 🔨 mined potential block                  number=8 hash=e46c6b…4c818f
INFO [10-29|14:40:46] Handle BFT Msg,                          msg="msg #9 (3 bytes)"
INFO [10-29|14:40:46] -------GetLocksetsMsg------- 
GetLockSetsMsg request:  [{8}] from:  d9d5b902798f5c42
INFO [10-29|14:40:46]  Sending Lockset                         LOG15_ERROR=                                                   LOG15_ERROR="Normalized odd number of arguments by adding nil"
INFO [10-29|14:40:46] ---atomic.LoadInt32(&self.mining) == 1 && work.tcount == 0--- 
INFO [10-29|14:40:46] in pool.evenLoop, call pool.resetState 
INFO [10-29|14:40:49] Handle BFT Msg,                          msg="msg #11 (174165 bytes)"
INFO [10-29|14:40:49] -------Received NewBlockProposalMsg------- 
bpHR: H: 9 R: 0
cmHR: H: 9 R: 0
INFO [10-29|14:40:49] --------------------------------------- 
# collMsig from = Peer 6d11b37ef4fc909a [eth/63]
cmHR: H: 9 R: 0
this is rm.proposerPeer  Peer 6d11b37ef4fc909a [eth/63]
INFO [10-29|14:40:49] Handle BFT Msg,                          msg="msg #17 (107 bytes)"
INFO [10-29|14:40:49] ------Received VoteMsg------ 
voteHR: H: 9 R: 0 voteType:: 1 voteHash: [180 142 168 245 131 10 128 247 169 62 149 180 44 254 109 202 61 97 221 143 150 8 210 238 146 229 28 135 193 55 123 75]
cmHR: H: 9 R: 0
INFO [10-29|14:40:49] --------------------------------------- 
INFO [10-29|14:40:49] addVote to                               height=9 round=0 from=0xdceceaf3fc5c0a63d195d69b1a90011b7b19650d success=true  cm.coinbase=0x82a978b3f5962a5b0957d9ee9eef472ee55b42f1
INFO [10-29|14:40:49] ------in handle VoteMsg, success!------ 
INFO [10-29|14:40:49] In IsValid() 
len(lockset.Votes): 0 lockset.EligibleVotesNum: 0
INFO [10-29|14:40:49] cm add BlockProposal                     h=9 r=0
INFO [10-29|14:40:49] in HasQuorum 
INFO [10-29|14:40:49] In IsValid() 
len(lockset.Votes): 3 lockset.EligibleVotesNum: 4
INFO [10-29|14:40:49] In addBlockCandidates!! 
INFO [10-29|14:40:49] -------in handle NewBlockProposalMsg, success!------- 
INFO [10-29|14:40:49] Handle BFT Msg,                          msg="msg #18 (557 bytes)"
INFO [10-29|14:40:49] ------Received MsigProposalMsg------ 
mpHR: H: 9 R: 0 hash: [180 142 168 245 131 10 128 247 169 62 149 180 44 254 109 202 61 97 221 143 150 8 210 238 146 229 28 135 193 55 123 75]
cmHR: H: 9 R: 0
INFO [10-29|14:40:49] --------------------------------------- 
INFO [10-29|14:40:49] in MsigFinished 
len(mp.Msig.MsigVs): 2 mp.MsigVs: [0 27]
H====:  9 P==== 0
INFO [10-29|14:40:49] ------addmsigproposal success!------- 
INFO [10-29|14:40:49] Handle BFT Msg,                          msg="msg #17 (107 bytes)"
INFO [10-29|14:40:49] ------Received VoteMsg------ 
voteHR: H: 9 R: 0 voteType:: 1 voteHash: [180 142 168 245 131 10 128 247 169 62 149 180 44 254 109 202 61 97 221 143 150 8 210 238 146 229 28 135 193 55 123 75]
cmHR: H: 9 R: 0
INFO [10-29|14:40:49] --------------------------------------- 
INFO [10-29|14:40:49] addVote to                               height=9 round=0 from=0x7d577a597b2742b498cb5cf0c26cdcd726d39e6e success=true  cm.coinbase=0x82a978b3f5962a5b0957d9ee9eef472ee55b42f1
INFO [10-29|14:40:49] ------in handle VoteMsg, success!------ 
INFO [10-29|14:40:50] Handle BFT Msg,                          msg="msg #17 (107 bytes)"
INFO [10-29|14:40:50] ------Received VoteMsg------ 
voteHR: H: 9 R: 0 voteType:: 1 voteHash: [180 142 168 245 131 10 128 247 169 62 149 180 44 254 109 202 61 97 221 143 150 8 210 238 146 229 28 135 193 55 123 75]
cmHR: H: 9 R: 0
INFO [10-29|14:40:50] --------------------------------------- 
INFO [10-29|14:40:50] addVote to                               height=9 round=0 from=0x598443f1880ef585b21f1d7585bd0577402861e5 success=true  cm.coinbase=0x82a978b3f5962a5b0957d9ee9eef472ee55b42f1
INFO [10-29|14:40:50] ------in handle VoteMsg, success!------ 
INFO [10-29|14:40:50] received NewBlockMsg! 
INFO [10-29|14:40:50] ***in BFT.VVVVerifyHeader*** 
INFO [10-29|14:40:50] ***in BFT.verifyHeader*** 
INFO [10-29|14:40:50] ***in BFT.verifySeal*** 
INFO [10-29|14:40:50] In verifyVotes 
INFO [10-29|14:40:50] ***in sync.request()*** 
INFO [10-29|14:40:50] received NewBlockMsg! 
INFO [10-29|14:40:50] In verifyVotes 
INFO [10-29|14:40:50] ***in sync.request()*** 
INFO [10-29|14:40:50] In verifyVotes 
INFO [10-29|14:40:50] ***in sync.request()*** 
INFO [10-29|14:40:50] In verifyVotes 
INFO [10-29|14:40:50] ***in sync.request()*** 
INFO [10-29|14:40:50] In verifyVotes 
INFO [10-29|14:40:50] ***in sync.request()*** 
INFO [10-29|14:40:51] In verifyVotes 
INFO [10-29|14:40:51] ***in sync.request()*** 
INFO [10-29|14:40:51] Handle BFT Msg,                          msg="msg #0 (0 bytes)"
INFO [10-29|14:40:51] Ethereum message handling failed         id=6d11b37ef4fc909a conn=inbound err=EOF
INFO [10-29|14:40:51] Removing Ethereum peer                   peer=6d11b37ef4fc909a
./node1.sh: line 16:  2192 Terminated: 15          ../build/bin/geth --networkid 2234 --port 30303 --rpcport 8545 --datadir "data/node1" --nodiscover --rpc --rpccorsdomain "*" --rpcapi "eth,net,debug" --bft --allow-empty --num-validators 4 --node-num 0
