INFO [10-29|14:38:06] Starting peer-to-peer node               instance=Geth/v1.6.7-unstable-5328d2c7/darwin-amd64/go1.9.7
INFO [10-29|14:38:06] Allocated cache and file handles         database=/Users/sujianwei20/new_misgcode/go_ethereum_cosi/examples/data/node2/geth/chaindata cache=128 handles=1024
WARN [10-29|14:38:06] Upgrading chain database to use sequential keys 
INFO [10-29|14:38:06] Database conversion successful 
INFO [10-29|14:38:06] Initialised chain configuration          config="{ChainID: 2235 Homestead: 1 DAO: <nil> DAOSupport: false EIP150: 2 EIP155: 3 EIP158: 3 Metropolis: <nil> Engine: ethash}"
INFO [10-29|14:38:06] config bft is                            bft=true
WARN [10-29|14:38:06] Upgrading db log bloom bins 
INFO [10-29|14:38:06] Bloom-bin upgrade completed              elapsed=151.734µs
INFO [10-29|14:38:06] Initialising Ethereum protocol           versions="[63 62]" network=2234
INFO [10-29|14:38:06] Loaded most recent local header          number=0 hash=6f3c1c…1bf138 td=1048576
INFO [10-29|14:38:06] Loaded most recent local full block      number=0 hash=6f3c1c…1bf138 td=1048576
INFO [10-29|14:38:06] Loaded most recent local fast block      number=0 hash=6f3c1c…1bf138 td=1048576
INFO [10-29|14:38:06] in NewTxPool, call resetState 
INFO [10-29|14:38:06] in NewTxPool, call pool.eventLoog() 
INFO [10-29|14:38:06] Allocated cache and file handles         database=/Users/sujianwei20/new_misgcode/go_ethereum_cosi/examples/data/node2/geth/bftData   cache=128 handles=1024
INFO [10-29|14:38:06] addVote to                               height=0 round=0 from=0x7d577a597b2742b498cb5cf0c26cdcd726d39e6e success=true cm.coinbase=0x7d577a597b2742b498cb5cf0c26cdcd726d39e6e
ready: 1 need: 2.6666667
INFO [10-29|14:38:06] consensusManager not ready  
ready: 1 need: 2.6666667
INFO [10-29|14:38:06] Starting P2P networking 
INFO [10-29|14:38:06] RLPx listener up                         self="enode://6d11b37ef4fc909ae1ec6c63584f99843f04ea9466730f8e58950c8c7262e6933ca3dd37304995604f567517e8c6e6074de37eab843f91475f713bd062067e61@[::]:30304?discport=0"
INFO [10-29|14:38:06] ---In BFTvalidatorCommitBlock--- 
INFO [10-29|14:38:06] HTTP endpoint opened: http://127.0.0.1:8546 
INFO [10-29|14:38:06] IPC endpoint opened: /Users/sujianwei20/new_misgcode/go_ethereum_cosi/examples/data/node2/geth.ipc 
INFO [10-29|14:38:07] Handle BFT Msg,                          msg="msg #8 (78 bytes)"
INFO [10-29|14:38:07] ------Received ReadMsg------ 
AddReady from: [130 169 120 179 245 150 42 91 9 87 217 238 158 239 71 46 229 91 66 241]
INFO [10-29|14:38:07] send Ready msg 
INFO [10-29|14:38:07] send Ready msg 
INFO [10-29|14:38:07] send Ready msg 
INFO [10-29|14:38:07] Handle BFT Msg,                          msg="msg #8 (78 bytes)"
INFO [10-29|14:38:07] ------Received ReadMsg------ 
AddReady from: [130 169 120 179 245 150 42 91 9 87 217 238 158 239 71 46 229 91 66 241]
INFO [10-29|14:38:07] Handle BFT Msg,                          msg="msg #8 (78 bytes)"
INFO [10-29|14:38:07] ------Received ReadMsg------ 
INFO [10-29|14:38:07] Handle BFT Msg,                          msg="msg #8 (78 bytes)"
INFO [10-29|14:38:07] ------Received ReadMsg------ 
AddReady from: [130 169 120 179 245 150 42 91 9 87 217 238 158 239 71 46 229 91 66 241]
INFO [10-29|14:38:07] Handle BFT Msg,                          msg="msg #8 (78 bytes)"
INFO [10-29|14:38:07] ------Received ReadMsg------ 
AddReady from: [130 169 120 179 245 150 42 91 9 87 217 238 158 239 71 46 229 91 66 241]
AddReady from: [130 169 120 179 245 150 42 91 9 87 217 238 158 239 71 46 229 91 66 241]
INFO [10-29|14:38:07] Handle BFT Msg,                          msg="msg #8 (78 bytes)"
INFO [10-29|14:38:07] ------Received ReadMsg------ 
AddReady from: [89 132 67 241 136 14 245 133 178 31 29 117 133 189 5 119 64 40 97 229]
INFO [10-29|14:38:07] send Ready msg 
INFO [10-29|14:38:07] Handle BFT Msg,                          msg="msg #8 (78 bytes)"
INFO [10-29|14:38:07] ------Received ReadMsg------ 
INFO [10-29|14:38:07] send Ready msg 
INFO [10-29|14:38:07] send Ready msg 
AddReady from: [89 132 67 241 136 14 245 133 178 31 29 117 133 189 5 119 64 40 97 229]
INFO [10-29|14:38:07] Handle BFT Msg,                          msg="msg #8 (78 bytes)"
INFO [10-29|14:38:07] ------Received ReadMsg------ 
AddReady from: [89 132 67 241 136 14 245 133 178 31 29 117 133 189 5 119 64 40 97 229]
INFO [10-29|14:38:07] Handle BFT Msg,                          msg="msg #8 (78 bytes)"
INFO [10-29|14:38:07] ------Received ReadMsg------ 
AddReady from: [89 132 67 241 136 14 245 133 178 31 29 117 133 189 5 119 64 40 97 229]
INFO [10-29|14:38:07] Handle BFT Msg,                          msg="msg #8 (78 bytes)"
INFO [10-29|14:38:07] ------Received ReadMsg------ 
AddReady from: [220 236 234 243 252 92 10 99 209 149 214 155 26 144 1 27 123 25 101 13]
INFO [10-29|14:38:07] send Ready msg 
INFO [10-29|14:38:07] Handle BFT Msg,                          msg="msg #8 (78 bytes)"
INFO [10-29|14:38:07] ------Received ReadMsg------ 
AddReady from: [220 236 234 243 252 92 10 99 209 149 214 155 26 144 1 27 123 25 101 13]
INFO [10-29|14:38:07] send Ready msg 
INFO [10-29|14:38:07] Handle BFT Msg,                          msg="msg #8 (78 bytes)"
INFO [10-29|14:38:07] ------Received ReadMsg------ 
INFO [10-29|14:38:07] send Ready msg 
AddReady from: [220 236 234 243 252 92 10 99 209 149 214 155 26 144 1 27 123 25 101 13]
INFO [10-29|14:38:07] send Ready msg 
INFO [10-29|14:38:07] send Ready msg 
ready: 4 need: 2.6666667
ready: 4 need: 2.6666667
INFO [10-29|14:38:07] send Ready msg 
INFO [10-29|14:38:07] send Ready msg 
INFO [10-29|14:38:07] send Ready msg 
INFO [10-29|14:38:07] -----------------consensusManager Ready------------------------- 
INFO [10-29|14:38:07] Handle BFT Msg,                          msg="msg #8 (78 bytes)"
INFO [10-29|14:38:07] ------Received ReadMsg------ 
AddReady from: [125 87 122 89 123 39 66 180 152 203 92 240 194 108 220 215 38 211 158 110]
INFO [10-29|14:38:07] Handle BFT Msg,                          msg="msg #8 (78 bytes)"
INFO [10-29|14:38:07] ------Received ReadMsg------ 
INFO [10-29|14:38:07] Handle BFT Msg,                          msg="msg #8 (78 bytes)"
INFO [10-29|14:38:07] ------Received ReadMsg------ 
AddReady from: [125 87 122 89 123 39 66 180 152 203 92 240 194 108 220 215 38 211 158 110]
AddReady from: [125 87 122 89 123 39 66 180 152 203 92 240 194 108 220 215 38 211 158 110]
INFO [10-29|14:38:07] Handle BFT Msg,                          msg="msg #8 (78 bytes)"
INFO [10-29|14:38:07] ------Received ReadMsg------ 
AddReady from: [130 169 120 179 245 150 42 91 9 87 217 238 158 239 71 46 229 91 66 241]
INFO [10-29|14:38:07] send Ready msg 
INFO [10-29|14:38:07] send Ready msg 
INFO [10-29|14:38:07] send Ready msg 
INFO [10-29|14:38:07] Handle BFT Msg,                          msg="msg #8 (78 bytes)"
INFO [10-29|14:38:07] ------Received ReadMsg------ 
INFO [10-29|14:38:07] Handle BFT Msg,                          msg="msg #8 (78 bytes)"
INFO [10-29|14:38:07] ------Received ReadMsg------ 
AddReady from: [130 169 120 179 245 150 42 91 9 87 217 238 158 239 71 46 229 91 66 241]
AddReady from: [130 169 120 179 245 150 42 91 9 87 217 238 158 239 71 46 229 91 66 241]
INFO [10-29|14:38:07] Handle BFT Msg,                          msg="msg #8 (78 bytes)"
INFO [10-29|14:38:07] ------Received ReadMsg------ 
AddReady from: [89 132 67 241 136 14 245 133 178 31 29 117 133 189 5 119 64 40 97 229]
INFO [10-29|14:38:07] send Ready msg 
INFO [10-29|14:38:07] send Ready msg 
INFO [10-29|14:38:07] send Ready msg 
INFO [10-29|14:38:07] Handle BFT Msg,                          msg="msg #8 (78 bytes)"
INFO [10-29|14:38:07] ------Received ReadMsg------ 
AddReady from: [89 132 67 241 136 14 245 133 178 31 29 117 133 189 5 119 64 40 97 229]
INFO [10-29|14:38:07] Handle BFT Msg,                          msg="msg #8 (78 bytes)"
INFO [10-29|14:38:07] ------Received ReadMsg------ 
AddReady from: [89 132 67 241 136 14 245 133 178 31 29 117 133 189 5 119 64 40 97 229]
INFO [10-29|14:38:07] Handle BFT Msg,                          msg="msg #8 (78 bytes)"
INFO [10-29|14:38:07] ------Received ReadMsg------ 
AddReady from: [89 132 67 241 136 14 245 133 178 31 29 117 133 189 5 119 64 40 97 229]
INFO [10-29|14:40:20] Transaction pool price threshold updated price=18000000000
INFO [10-29|14:40:20] Starting mining operation 
INFO [10-29|14:40:22] Commit new mining work                   number=1 txs=1598 uncles=0 elapsed=1.998s
INFO [10-29|14:40:22] Sealing                                  block n=1
StartConsensus, 1540795222342695000
INFO [10-29|14:40:22] Start Process 
INFO [10-29|14:40:22] in cm.Process, check lastCommittingLockset() 
INFO [10-29|14:40:22] In IsValid() 
len(lockset.Votes): 1 lockset.EligibleVotesNum: 0
INFO [10-29|14:40:22] in HasQuorum 
INFO [10-29|14:40:22] In IsValid() 
len(lockset.Votes): 1 lockset.EligibleVotesNum: 0
=====CM.COINBASE IS:===== [125 87 122 89 123 39 66 180 152 203 92 240 194 108 220 215 38 211 158 110] block number is: 1
INFO [10-29|14:40:22] case: default, cm.process 
ready: 4 need: 2.6666667
INFO [10-29|14:40:22] ---------------process------------------ 
INFO [10-29|14:40:22] In RM Process                            height=1 round=0
INFO [10-29|14:40:22] --------In rm.propose------- 
INFO [10-29|14:40:22] I am a proposer in                       height=1 round=0
INFO [10-29|14:40:22] in propose, check lastRoundLockset 
lastRoundLockset, hm.activeround: 0
INFO [10-29|14:40:22] ------in mkProposal------ 
INFO [10-29|14:40:22] In IsValid() 
len(lockset.Votes): 1 lockset.EligibleVotesNum: 0
INFO [10-29|14:40:22] in HasQuorum 
INFO [10-29|14:40:22] In IsValid() 
len(lockset.Votes): 1 lockset.EligibleVotesNum: 0
INFO [10-29|14:40:22] LockSet(R-1) is nil (rm.round should equal to zero) 
INFO [10-29|14:40:22] in HasQuorum 
INFO [10-29|14:40:22] In IsValid() 
len(lockset.Votes): 1 lockset.EligibleVotesNum: 0
INFO [10-29|14:40:22] in HasQuorum 
INFO [10-29|14:40:22] In IsValid() 
len(lockset.Votes): 1 lockset.EligibleVotesNum: 0
Create block blockhash :  [254 233 180 60 190 117 81 223 0 97 101 51 228 111 176 20 196 205 217 226 112 254 144 83 96 164 247 224 100 129 27 14]
INFO [10-29|14:40:22] In addBlockCandidates!! 
INFO [10-29|14:40:22] Send NewBlockProposalMsg:                LOG15_ERROR= LOG15_ERROR="Normalized odd number of arguments by adding nil"
INFO [10-29|14:40:22] ---------------in rm.vote----------------- 
INFO [10-29|14:40:22] in vote in RM                            height=1 round=0
INFO [10-29|14:40:22] Timeout time not reach, curr vs timeout: curr=1540795222.000 timeout=1540795227.000
INFO [10-29|14:40:22] in rm.process, check lockset HasQuorum 
INFO [10-29|14:40:22] in HasQuorum 
INFO [10-29|14:40:22] In IsValid() 
len(lockset.Votes): 0 lockset.EligibleVotesNum: 4
INFO [10-29|14:40:22] rm lockset is not valid yet 
INFO [10-29|14:40:22] after cm.process() 
INFO [10-29|14:40:22] Handle BFT Msg,                          msg="msg #18 (345 bytes)"
INFO [10-29|14:40:22] ------Received MsigProposalMsg------ 
mpHR: H: 1 R: 0 hash: [254 233 180 60 190 117 81 223 0 97 101 51 228 111 176 20 196 205 217 226 112 254 144 83 96 164 247 224 100 129 27 14]
cmHR: H: 1 R: 0
INFO [10-29|14:40:22] --------------------------------------- 
INFO [10-29|14:40:22] in MsigFinished 
len(mp.Msig.MsigVs): 2 mp.MsigVs: [0 27]
H====:  1 P==== 0
INFO [10-29|14:40:22] In addMsig I am leader 
mp= &{0xc429aa97e0 27 109924710004234556200149755168498082357118672248213103778998854472128961165967 27645814600126365619440103906105385966202813219887092739188011652222041908341 0xc4282f4180 1 0 [254 233 180 60 190 117 81 223 0 97 101 51 228 111 176 20 196 205 217 226 112 254 144 83 96 164 247 224 100 129 27 14] 0xc4282b2050 0xc4282b20a0}
INFO [10-29|14:40:22] in MsigFinished 
len(mp.Msig.MsigVs): 2 mp.MsigVs: [0 27]
INFO [10-29|14:40:22] in bfthandler Send MsigProposalMsg 
INFO [10-29|14:40:22] Sending MsigProposalMsg 
INFO [10-29|14:40:22] Sending MsigProposalMsg 
INFO [10-29|14:40:22] Sending MsigProposalMsg 
INFO [10-29|14:40:22] ------addmsigproposal success!------- 
INFO [10-29|14:40:22] Handle BFT Msg,                          msg="msg #17 (107 bytes)"
INFO [10-29|14:40:22] ------Received VoteMsg------ 
voteHR: H: 1 R: 0 voteType:: 1 voteHash: [254 233 180 60 190 117 81 223 0 97 101 51 228 111 176 20 196 205 217 226 112 254 144 83 96 164 247 224 100 129 27 14]
cmHR: H: 1 R: 0
INFO [10-29|14:40:22] --------------------------------------- 
INFO [10-29|14:40:22] addVote to                               height=1 round=0 from=0x82a978b3f5962a5b0957d9ee9eef472ee55b42f1 success=true cm.coinbase=0x7d577a597b2742b498cb5cf0c26cdcd726d39e6e
INFO [10-29|14:40:22] ------in handle VoteMsg, success!------ 
INFO [10-29|14:40:22] case: default, cm.process 
ready: 4 need: 2.6666667
INFO [10-29|14:40:22] ---------------process------------------ 
INFO [10-29|14:40:22] In RM Process                            height=1 round=0
INFO [10-29|14:40:22] --------In rm.propose------- 
INFO [10-29|14:40:22] I am a proposer in                       height=1 round=0
INFO [10-29|14:40:22] ---------------in rm.vote----------------- 
INFO [10-29|14:40:22] in vote in RM                            height=1 round=0
INFO [10-29|14:40:22] vote mp 
INFO [10-29|14:40:22] vote success in                          height=1 round=0
INFO [10-29|14:40:22] Send VoteMsg 
INFO [10-29|14:40:22] in rm.process, check lockset HasQuorum 
INFO [10-29|14:40:22] in HasQuorum 
INFO [10-29|14:40:22] In IsValid() 
len(lockset.Votes): 2 lockset.EligibleVotesNum: 4
INFO [10-29|14:40:22] rm lockset is not valid yet 
INFO [10-29|14:40:22] after cm.process() 
INFO [10-29|14:40:22] case: default, cm.process 
ready: 4 need: 2.6666667
INFO [10-29|14:40:22] ---------------process------------------ 
INFO [10-29|14:40:22] In RM Process                            height=1 round=0
INFO [10-29|14:40:22] --------In rm.propose------- 
INFO [10-29|14:40:22] I am a proposer in                       height=1 round=0
INFO [10-29|14:40:22] ---------------in rm.vote----------------- 
INFO [10-29|14:40:22] voted 
INFO [10-29|14:40:22] in rm.process, check lockset HasQuorum 
INFO [10-29|14:40:22] in HasQuorum 
INFO [10-29|14:40:22] In IsValid() 
len(lockset.Votes): 2 lockset.EligibleVotesNum: 4
INFO [10-29|14:40:22] rm lockset is not valid yet 
INFO [10-29|14:40:22] after cm.process() 
INFO [10-29|14:40:22] Handle BFT Msg,                          msg="msg #17 (107 bytes)"
INFO [10-29|14:40:22] ------Received VoteMsg------ 
voteHR: H: 1 R: 0 voteType:: 1 voteHash: [254 233 180 60 190 117 81 223 0 97 101 51 228 111 176 20 196 205 217 226 112 254 144 83 96 164 247 224 100 129 27 14]
cmHR: H: 1 R: 0
INFO [10-29|14:40:22] --------------------------------------- 
INFO [10-29|14:40:22] addVote to                               height=1 round=0 from=0xdceceaf3fc5c0a63d195d69b1a90011b7b19650d success=true cm.coinbase=0x7d577a597b2742b498cb5cf0c26cdcd726d39e6e
INFO [10-29|14:40:22] ------in handle VoteMsg, success!------ 
INFO [10-29|14:40:22] Handle BFT Msg,                          msg="msg #17 (107 bytes)"
INFO [10-29|14:40:22] ------Received VoteMsg------ 
voteHR: H: 1 R: 0 voteType:: 1 voteHash: [254 233 180 60 190 117 81 223 0 97 101 51 228 111 176 20 196 205 217 226 112 254 144 83 96 164 247 224 100 129 27 14]
cmHR: H: 1 R: 0
INFO [10-29|14:40:22] --------------------------------------- 
INFO [10-29|14:40:22] addVote to                               height=1 round=0 from=0x598443f1880ef585b21f1d7585bd0577402861e5 success=true cm.coinbase=0x7d577a597b2742b498cb5cf0c26cdcd726d39e6e
INFO [10-29|14:40:22] ------in handle VoteMsg, success!------ 
INFO [10-29|14:40:22] case: default, cm.process 
ready: 4 need: 2.6666667
INFO [10-29|14:40:22] ---------------process------------------ 
INFO [10-29|14:40:22] In RM Process                            height=1 round=0
INFO [10-29|14:40:22] --------In rm.propose------- 
INFO [10-29|14:40:22] I am a proposer in                       height=1 round=0
INFO [10-29|14:40:22] ---------------in rm.vote----------------- 
INFO [10-29|14:40:22] voted 
INFO [10-29|14:40:22] in rm.process, check lockset HasQuorum 
INFO [10-29|14:40:22] in HasQuorum 
INFO [10-29|14:40:22] In IsValid() 
len(lockset.Votes): 4 lockset.EligibleVotesNum: 4
INFO [10-29|14:40:22] There is a quorum                        height=1 round=0
INFO [10-29|14:40:22] ============in cm.commitLockset============ 
INFO [10-29|14:40:22] in commitLockset, check ls HasQuorum 
INFO [10-29|14:40:22] in HasQuorum 
INFO [10-29|14:40:22] In IsValid() 
len(lockset.Votes): 4 lockset.EligibleVotesNum: 4
INFO [10-29|14:40:22] cm.found is not nil 
INFO [10-29|14:40:22] store lockset 
INFO [10-29|14:40:22] ---storeLockset--- 
INFO [10-29|14:40:22] after cm.process() 
INFO [10-29|14:40:22] have a consensus on the block 
ConsensusTime, 383544891 , txs, 1598 , blockNum, 1
FinishedConsensus, 1540795222726212000
INFO [10-29|14:40:22] Successfully sealed new block            number=1 hash=fee9b4…811b0e
INFO [10-29|14:40:22] === Finished Mine() === 
INFO [10-29|14:40:22] 🔨 mined potential block                  number=1 hash=fee9b4…811b0e
INFO [10-29|14:40:22] ---atomic.LoadInt32(&self.mining) == 1 && work.tcount == 0--- 
INFO [10-29|14:40:22] in pool.evenLoop, call pool.resetState 
INFO [10-29|14:40:25] Handle BFT Msg,                          msg="msg #11 (173334 bytes)"
INFO [10-29|14:40:25] -------Received NewBlockProposalMsg------- 
bpHR: H: 2 R: 0
cmHR: H: 2 R: 0
INFO [10-29|14:40:25] --------------------------------------- 
# collMsig from = Peer 94dd98401cf6ca04 [eth/63]
cmHR: H: 2 R: 0
this is rm.proposerPeer  Peer 94dd98401cf6ca04 [eth/63]
INFO [10-29|14:40:25] In IsValid() 
len(lockset.Votes): 0 lockset.EligibleVotesNum: 0
INFO [10-29|14:40:25] cm add BlockProposal                     h=2 r=0
INFO [10-29|14:40:25] in HasQuorum 
INFO [10-29|14:40:25] In IsValid() 
len(lockset.Votes): 4 lockset.EligibleVotesNum: 4
INFO [10-29|14:40:25] In addBlockCandidates!! 
INFO [10-29|14:40:25] -------in handle NewBlockProposalMsg, success!------- 
INFO [10-29|14:40:25] Handle BFT Msg,                          msg="msg #18 (662 bytes)"
INFO [10-29|14:40:25] ------Received MsigProposalMsg------ 
mpHR: H: 2 R: 0 hash: [4 81 98 225 118 159 194 55 56 48 130 163 70 64 221 117 251 190 192 210 190 83 173 224 26 80 143 133 42 107 31 38]
cmHR: H: 2 R: 0
INFO [10-29|14:40:25] --------------------------------------- 
INFO [10-29|14:40:25] in MsigFinished 
len(mp.Msig.MsigVs): 2 mp.MsigVs: [0 28]
H====:  2 P==== 0
INFO [10-29|14:40:25] ------addmsigproposal success!------- 
INFO [10-29|14:40:25] Handle BFT Msg,                          msg="msg #17 (107 bytes)"
INFO [10-29|14:40:25] ------Received VoteMsg------ 
voteHR: H: 2 R: 0 voteType:: 1 voteHash: [4 81 98 225 118 159 194 55 56 48 130 163 70 64 221 117 251 190 192 210 190 83 173 224 26 80 143 133 42 107 31 38]
cmHR: H: 2 R: 0
INFO [10-29|14:40:25] --------------------------------------- 
INFO [10-29|14:40:25] addVote to                               height=2 round=0 from=0x598443f1880ef585b21f1d7585bd0577402861e5 success=true cm.coinbase=0x7d577a597b2742b498cb5cf0c26cdcd726d39e6e
INFO [10-29|14:40:25] ------in handle VoteMsg, success!------ 
INFO [10-29|14:40:25] Handle BFT Msg,                          msg="msg #17 (107 bytes)"
INFO [10-29|14:40:25] ------Received VoteMsg------ 
voteHR: H: 2 R: 0 voteType:: 1 voteHash: [4 81 98 225 118 159 194 55 56 48 130 163 70 64 221 117 251 190 192 210 190 83 173 224 26 80 143 133 42 107 31 38]
cmHR: H: 2 R: 0
INFO [10-29|14:40:25] --------------------------------------- 
INFO [10-29|14:40:25] addVote to                               height=2 round=0 from=0xdceceaf3fc5c0a63d195d69b1a90011b7b19650d success=true cm.coinbase=0x7d577a597b2742b498cb5cf0c26cdcd726d39e6e
INFO [10-29|14:40:25] ------in handle VoteMsg, success!------ 
INFO [10-29|14:40:25] Handle BFT Msg,                          msg="msg #17 (106 bytes)"
INFO [10-29|14:40:25] ------Received VoteMsg------ 
voteHR: H: 2 R: 0 voteType:: 1 voteHash: [4 81 98 225 118 159 194 55 56 48 130 163 70 64 221 117 251 190 192 210 190 83 173 224 26 80 143 133 42 107 31 38]
cmHR: H: 2 R: 0
INFO [10-29|14:40:25] --------------------------------------- 
INFO [10-29|14:40:25] addVote to                               height=2 round=0 from=0x82a978b3f5962a5b0957d9ee9eef472ee55b42f1 success=true cm.coinbase=0x7d577a597b2742b498cb5cf0c26cdcd726d39e6e
INFO [10-29|14:40:25] ------in handle VoteMsg, success!------ 
INFO [10-29|14:40:25] received NewBlockMsg! 
INFO [10-29|14:40:25] ***in BFT.VVVVerifyHeader*** 
INFO [10-29|14:40:25] ***in BFT.verifyHeader*** 
INFO [10-29|14:40:25] ***in BFT.verifySeal*** 
INFO [10-29|14:40:25] In verifyVotes 
INFO [10-29|14:40:25] ***in sync.request()*** 
INFO [10-29|14:40:25] In verifyVotes 
INFO [10-29|14:40:25] ***in sync.request()*** 
INFO [10-29|14:40:26] In verifyVotes 
INFO [10-29|14:40:26] ***in sync.request()*** 
INFO [10-29|14:40:26] In verifyVotes 
INFO [10-29|14:40:26] ***in sync.request()*** 
INFO [10-29|14:40:26] In verifyVotes 
INFO [10-29|14:40:26] ***in sync.request()*** 
INFO [10-29|14:40:26] In verifyVotes 
INFO [10-29|14:40:26] ***in sync.request()*** 
INFO [10-29|14:40:26] In verifyVotes 
INFO [10-29|14:40:26] ***in sync.request()*** 
INFO [10-29|14:40:26] Handle BFT Msg,                          msg="msg #10 (327 bytes)"
INFO [10-29|14:40:26] -------Received LocksetMsg------- 
lockset: &{<nil> 0 0 0 4 [0xc4278c6000 0xc4278c6060 0xc4278c60c0] false}
INFO [10-29|14:40:26] in HasQuorum 
INFO [10-29|14:40:26] In IsValid() 
len(lockset.Votes): 3 lockset.EligibleVotesNum: 4
INFO [10-29|14:40:26] ---storeLockset--- 
INFO [10-29|14:40:27] In verifyVotes 
INFO [10-29|14:40:27] in HasQuorum 
INFO [10-29|14:40:27] In IsValid() 
len(lockset.Votes): 3 lockset.EligibleVotesNum: 4
INFO [10-29|14:40:27] ***in BFT.VerifyHeaderSSSS*** 
INFO [10-29|14:40:27] ***in BFT.verifyHeader*** 
INFO [10-29|14:40:27] ***in BFT.verifySeal*** 
INFO [10-29|14:40:27] In verifyVotes 
INFO [10-29|14:40:27] in HasQuorum 
INFO [10-29|14:40:27] In IsValid() 
len(lockset.Votes): 3 lockset.EligibleVotesNum: 4
INFO [10-29|14:40:28] Commit new mining work                   number=2 txs=1599 uncles=0 elapsed=2.305s
INFO [10-29|14:40:28] Sealing                                  block n=2
StartConsensus, 1540795228074032000
INFO [10-29|14:40:28] Start Process 
INFO [10-29|14:40:28] in cm.Process, check lastCommittingLockset() 
INFO [10-29|14:40:28] In IsValid() 
len(lockset.Votes): 4 lockset.EligibleVotesNum: 4
INFO [10-29|14:40:28] in HasQuorum 
INFO [10-29|14:40:28] In IsValid() 
len(lockset.Votes): 4 lockset.EligibleVotesNum: 4
=====CM.COINBASE IS:===== [125 87 122 89 123 39 66 180 152 203 92 240 194 108 220 215 38 211 158 110] block number is: 2
INFO [10-29|14:40:28] case: default, cm.process 
ready: 4 need: 2.6666667
INFO [10-29|14:40:28] ---------------process------------------ 
INFO [10-29|14:40:28] In RM Process                            height=2 round=0
INFO [10-29|14:40:28] --------In rm.propose------- 
INFO [10-29|14:40:28] ---------------in rm.vote----------------- 
INFO [10-29|14:40:28] in vote in RM                            height=2 round=0
INFO [10-29|14:40:28] vote mp 
INFO [10-29|14:40:28] vote success in                          height=2 round=0
INFO [10-29|14:40:28] Send VoteMsg 
INFO [10-29|14:40:28] in rm.process, check lockset HasQuorum 
INFO [10-29|14:40:28] in HasQuorum 
INFO [10-29|14:40:28] In IsValid() 
len(lockset.Votes): 4 lockset.EligibleVotesNum: 4
INFO [10-29|14:40:28] There is a quorum                        height=2 round=0
--- in rm.process p.id: --- Peer 94dd98401cf6ca04 [eth/63]
INFO [10-29|14:40:28] ============in cm.commitLockset============ 
INFO [10-29|14:40:28] in commitLockset, check ls HasQuorum 
INFO [10-29|14:40:28] in HasQuorum 
INFO [10-29|14:40:28] In IsValid() 
len(lockset.Votes): 4 lockset.EligibleVotesNum: 4
INFO [10-29|14:40:28] cm.found is not nil 
INFO [10-29|14:40:28] store lockset 
peerid: 94dd98401cf6ca04
INFO [10-29|14:40:28] have a consensus on the block 
cmH 2
INFO [10-29|14:40:28] result.Header().Coinbase != b.signer 
INFO [10-29|14:40:28] in validatorCommit1 
result.Header().Coinbase: [220 236 234 243 252 92 10 99 209 149 214 155 26 144 1 27 123 25 101 13] b.signer: [125 87 122 89 123 39 66 180 152 203 92 240 194 108 220 215 38 211 158 110]
INFO [10-29|14:40:28] ---storeLockset--- 
ConsensusTime, 1884860 , txs, 1599 , blockNum, 2
FinishedConsensus, 1540795228075955000
INFO [10-29|14:40:28] result is nil 
INFO [10-29|14:40:28] === Finished Mine() === 
pid: 94dd98401cf6ca04
INFO [10-29|14:40:28] after cm.process() 
block number 2
-------in NewBFTValidatorBlock-------
INFO [10-29|14:40:28] in validatorCommit2 
validatorCommit time: 244.261µs
INFO [10-29|14:40:28] **in eth.handler**, get result from ch 
INFO [10-29|14:40:28] Imported new chain segment               blocks=1 txs=1599 mgas=33.579 elapsed=1.307s    mgasps=25.675 number=2 hash=045162…6b1f26
FinishedPostExec, 1540795228348644000 , txs, 1599
PostExecTime, 1.30784983s
INFO [10-29|14:40:28] in pool.evenLoop, call pool.resetState 
INFO [10-29|14:40:28] Handle BFT Msg,                          msg="msg #11 (173335 bytes)"
INFO [10-29|14:40:28] -------Received NewBlockProposalMsg------- 
bpHR: H: 3 R: 0
cmHR: H: 3 R: 0
INFO [10-29|14:40:28] --------------------------------------- 
# collMsig from = Peer d9d5b902798f5c42 [eth/63]
cmHR: H: 3 R: 0
this is rm.proposerPeer  Peer d9d5b902798f5c42 [eth/63]
INFO [10-29|14:40:28] In IsValid() 
len(lockset.Votes): 0 lockset.EligibleVotesNum: 0
INFO [10-29|14:40:28] cm add BlockProposal                     h=3 r=0
INFO [10-29|14:40:28] in HasQuorum 
INFO [10-29|14:40:28] In IsValid() 
len(lockset.Votes): 4 lockset.EligibleVotesNum: 4
INFO [10-29|14:40:28] In addBlockCandidates!! 
INFO [10-29|14:40:28] -------in handle NewBlockProposalMsg, success!------- 
INFO [10-29|14:40:28] Handle BFT Msg,                          msg="msg #18 (661 bytes)"
INFO [10-29|14:40:28] ------Received MsigProposalMsg------ 
mpHR: H: 3 R: 0 hash: [105 181 104 101 17 214 115 133 143 238 153 69 28 43 199 193 110 39 98 199 207 161 177 145 119 29 47 123 139 208 15 29]
cmHR: H: 3 R: 0
INFO [10-29|14:40:28] --------------------------------------- 
INFO [10-29|14:40:28] in MsigFinished 
len(mp.Msig.MsigVs): 2 mp.MsigVs: [0 28]
H====:  3 P==== 0
INFO [10-29|14:40:28] ------addmsigproposal success!------- 
INFO [10-29|14:40:28] Handle BFT Msg,                          msg="msg #17 (107 bytes)"
INFO [10-29|14:40:28] ------Received VoteMsg------ 
voteHR: H: 3 R: 0 voteType:: 1 voteHash: [105 181 104 101 17 214 115 133 143 238 153 69 28 43 199 193 110 39 98 199 207 161 177 145 119 29 47 123 139 208 15 29]
cmHR: H: 3 R: 0
INFO [10-29|14:40:28] --------------------------------------- 
INFO [10-29|14:40:28] addVote to                               height=3 round=0 from=0x82a978b3f5962a5b0957d9ee9eef472ee55b42f1 success=true cm.coinbase=0x7d577a597b2742b498cb5cf0c26cdcd726d39e6e
INFO [10-29|14:40:28] ------in handle VoteMsg, success!------ 
INFO [10-29|14:40:28] Handle BFT Msg,                          msg="msg #17 (107 bytes)"
INFO [10-29|14:40:28] ------Received VoteMsg------ 
voteHR: H: 3 R: 0 voteType:: 1 voteHash: [105 181 104 101 17 214 115 133 143 238 153 69 28 43 199 193 110 39 98 199 207 161 177 145 119 29 47 123 139 208 15 29]
cmHR: H: 3 R: 0
INFO [10-29|14:40:28] --------------------------------------- 
INFO [10-29|14:40:28] addVote to                               height=3 round=0 from=0xdceceaf3fc5c0a63d195d69b1a90011b7b19650d success=true cm.coinbase=0x7d577a597b2742b498cb5cf0c26cdcd726d39e6e
INFO [10-29|14:40:28] ------in handle VoteMsg, success!------ 
INFO [10-29|14:40:28] Handle BFT Msg,                          msg="msg #17 (107 bytes)"
INFO [10-29|14:40:28] ------Received VoteMsg------ 
voteHR: H: 3 R: 0 voteType:: 1 voteHash: [105 181 104 101 17 214 115 133 143 238 153 69 28 43 199 193 110 39 98 199 207 161 177 145 119 29 47 123 139 208 15 29]
cmHR: H: 3 R: 0
INFO [10-29|14:40:28] --------------------------------------- 
INFO [10-29|14:40:28] addVote to                               height=3 round=0 from=0x598443f1880ef585b21f1d7585bd0577402861e5 success=true cm.coinbase=0x7d577a597b2742b498cb5cf0c26cdcd726d39e6e
INFO [10-29|14:40:28] ------in handle VoteMsg, success!------ 
INFO [10-29|14:40:29] ***in BFT.VVVVerifyHeader*** 
INFO [10-29|14:40:29] ***in BFT.verifyHeader*** 
INFO [10-29|14:40:29] ***in BFT.verifySeal*** 
INFO [10-29|14:40:29] In verifyVotes 
INFO [10-29|14:40:29] ***in sync.request()*** 
INFO [10-29|14:40:29] Handle BFT Msg,                          msg="msg #10 (328 bytes)"
INFO [10-29|14:40:29] -------Received LocksetMsg------- 
lockset: &{<nil> 0 0 0 4 [0xc42684e5a0 0xc42684e600 0xc42684e660] false}
INFO [10-29|14:40:29] in HasQuorum 
INFO [10-29|14:40:29] In IsValid() 
len(lockset.Votes): 3 lockset.EligibleVotesNum: 4
INFO [10-29|14:40:29] ---storeLockset--- 
INFO [10-29|14:40:29] In verifyVotes 
INFO [10-29|14:40:29] in HasQuorum 
INFO [10-29|14:40:29] In IsValid() 
len(lockset.Votes): 3 lockset.EligibleVotesNum: 4
INFO [10-29|14:40:29] ***in BFT.VerifyHeaderSSSS*** 
INFO [10-29|14:40:29] ***in BFT.verifyHeader*** 
INFO [10-29|14:40:29] ***in BFT.verifySeal*** 
INFO [10-29|14:40:29] In verifyVotes 
INFO [10-29|14:40:29] in HasQuorum 
INFO [10-29|14:40:29] In IsValid() 
len(lockset.Votes): 3 lockset.EligibleVotesNum: 4
INFO [10-29|14:40:30] Commit new mining work                   number=3 txs=1599 uncles=0 elapsed=2.069s
INFO [10-29|14:40:30] Sealing                                  block n=3
StartConsensus, 1540795230418289000
INFO [10-29|14:40:30] Start Process 
INFO [10-29|14:40:30] in cm.Process, check lastCommittingLockset() 
INFO [10-29|14:40:30] In IsValid() 
len(lockset.Votes): 4 lockset.EligibleVotesNum: 4
INFO [10-29|14:40:30] in HasQuorum 
INFO [10-29|14:40:30] In IsValid() 
len(lockset.Votes): 4 lockset.EligibleVotesNum: 4
=====CM.COINBASE IS:===== [125 87 122 89 123 39 66 180 152 203 92 240 194 108 220 215 38 211 158 110] block number is: 3
INFO [10-29|14:40:30] case: default, cm.process 
ready: 4 need: 2.6666667
INFO [10-29|14:40:30] ---------------process------------------ 
INFO [10-29|14:40:30] In RM Process                            height=3 round=0
INFO [10-29|14:40:30] --------In rm.propose------- 
INFO [10-29|14:40:30] ---------------in rm.vote----------------- 
INFO [10-29|14:40:30] in vote in RM                            height=3 round=0
INFO [10-29|14:40:30] vote mp 
INFO [10-29|14:40:30] vote success in                          height=3 round=0
INFO [10-29|14:40:30] Send VoteMsg 
INFO [10-29|14:40:30] in rm.process, check lockset HasQuorum 
INFO [10-29|14:40:30] in HasQuorum 
INFO [10-29|14:40:30] In IsValid() 
len(lockset.Votes): 4 lockset.EligibleVotesNum: 4
INFO [10-29|14:40:30] There is a quorum                        height=3 round=0
--- in rm.process p.id: --- Peer d9d5b902798f5c42 [eth/63]
INFO [10-29|14:40:30] ============in cm.commitLockset============ 
INFO [10-29|14:40:30] in commitLockset, check ls HasQuorum 
INFO [10-29|14:40:30] in HasQuorum 
INFO [10-29|14:40:30] In IsValid() 
len(lockset.Votes): 4 lockset.EligibleVotesNum: 4
INFO [10-29|14:40:30] cm.found is not nil 
INFO [10-29|14:40:30] store lockset 
peerid: d9d5b902798f5c42
INFO [10-29|14:40:30] ---storeLockset--- 
cmH 3
INFO [10-29|14:40:30] in validatorCommit1 
pid: d9d5b902798f5c42
block number 3
-------in NewBFTValidatorBlock-------
INFO [10-29|14:40:30] in validatorCommit2 
validatorCommit time: 87.217µs
INFO [10-29|14:40:30] **in eth.handler**, get result from ch 
INFO [10-29|14:40:30] have a consensus on the block 
INFO [10-29|14:40:30] result.Header().Coinbase != b.signer 
result.Header().Coinbase: [89 132 67 241 136 14 245 133 178 31 29 117 133 189 5 119 64 40 97 229] b.signer: [125 87 122 89 123 39 66 180 152 203 92 240 194 108 220 215 38 211 158 110]
ConsensusTime, 2534480 , txs, 1599 , blockNum, 3
FinishedConsensus, 1540795230420838000
INFO [10-29|14:40:30] result is nil 
INFO [10-29|14:40:30] === Finished Mine() === 
INFO [10-29|14:40:30] after cm.process() 
INFO [10-29|14:40:31] Imported new chain segment               blocks=1 txs=1599 mgas=33.579 elapsed=1.423s    mgasps=23.584 number=3 hash=69b568…d00f1d
FinishedPostExec, 1540795231248932000 , txs, 1599
PostExecTime, 1.423824768s
INFO [10-29|14:40:31] in pool.evenLoop, call pool.resetState 
INFO [10-29|14:40:32] Handle BFT Msg,                          msg="msg #11 (173453 bytes)"
INFO [10-29|14:40:32] -------Received NewBlockProposalMsg------- 
bpHR: H: 4 R: 0
cmHR: H: 4 R: 0
INFO [10-29|14:40:32] --------------------------------------- 
# collMsig from = Peer d67104e65b61fca1 [eth/63]
cmHR: H: 4 R: 0
this is rm.proposerPeer  Peer d67104e65b61fca1 [eth/63]
INFO [10-29|14:40:32] In IsValid() 
len(lockset.Votes): 0 lockset.EligibleVotesNum: 0
INFO [10-29|14:40:32] cm add BlockProposal                     h=4 r=0
INFO [10-29|14:40:32] in HasQuorum 
INFO [10-29|14:40:32] In IsValid() 
len(lockset.Votes): 4 lockset.EligibleVotesNum: 4
INFO [10-29|14:40:32] in collectMsig, i am msig wintness 
INFO [10-29|14:40:32] Return MsigProposalMsg to                LOG15_ERROR=                                                   LOG15_ERROR="Normalized odd number of arguments by adding nil"
INFO [10-29|14:40:32] Sending MsigProposalMsg 
in cm.collectMsig, mp.MsigVs: [<nil> 27]
INFO [10-29|14:40:32] In addBlockCandidates!! 
INFO [10-29|14:40:32] -------in handle NewBlockProposalMsg, success!------- 
INFO [10-29|14:40:32] Handle BFT Msg,                          msg="msg #18 (662 bytes)"
INFO [10-29|14:40:32] ------Received MsigProposalMsg------ 
mpHR: H: 4 R: 0 hash: [236 66 112 60 245 126 202 142 133 139 97 147 161 216 11 89 157 91 132 23 173 61 112 79 249 245 138 170 56 167 14 32]
cmHR: H: 4 R: 0
INFO [10-29|14:40:32] --------------------------------------- 
INFO [10-29|14:40:32] in msign, already sign 
INFO [10-29|14:40:32] Handle BFT Msg,                          msg="msg #17 (107 bytes)"
INFO [10-29|14:40:32] ------Received VoteMsg------ 
voteHR: H: 4 R: 0 voteType:: 1 voteHash: [236 66 112 60 245 126 202 142 133 139 97 147 161 216 11 89 157 91 132 23 173 61 112 79 249 245 138 170 56 167 14 32]
cmHR: H: 4 R: 0
INFO [10-29|14:40:32] --------------------------------------- 
INFO [10-29|14:40:32] addVote to                               height=4 round=0 from=0xdceceaf3fc5c0a63d195d69b1a90011b7b19650d success=true cm.coinbase=0x7d577a597b2742b498cb5cf0c26cdcd726d39e6e
INFO [10-29|14:40:32] ------in handle VoteMsg, success!------ 
INFO [10-29|14:40:32] Handle BFT Msg,                          msg="msg #17 (107 bytes)"
INFO [10-29|14:40:32] ------Received VoteMsg------ 
voteHR: H: 4 R: 0 voteType:: 1 voteHash: [236 66 112 60 245 126 202 142 133 139 97 147 161 216 11 89 157 91 132 23 173 61 112 79 249 245 138 170 56 167 14 32]
cmHR: H: 4 R: 0
INFO [10-29|14:40:32] --------------------------------------- 
INFO [10-29|14:40:32] addVote to                               height=4 round=0 from=0x82a978b3f5962a5b0957d9ee9eef472ee55b42f1 success=true cm.coinbase=0x7d577a597b2742b498cb5cf0c26cdcd726d39e6e
INFO [10-29|14:40:32] ------in handle VoteMsg, success!------ 
INFO [10-29|14:40:32] Handle BFT Msg,                          msg="msg #17 (107 bytes)"
INFO [10-29|14:40:32] ------Received VoteMsg------ 
voteHR: H: 4 R: 0 voteType:: 1 voteHash: [236 66 112 60 245 126 202 142 133 139 97 147 161 216 11 89 157 91 132 23 173 61 112 79 249 245 138 170 56 167 14 32]
cmHR: H: 4 R: 0
INFO [10-29|14:40:32] --------------------------------------- 
INFO [10-29|14:40:32] addVote to                               height=4 round=0 from=0x598443f1880ef585b21f1d7585bd0577402861e5 success=true cm.coinbase=0x7d577a597b2742b498cb5cf0c26cdcd726d39e6e
INFO [10-29|14:40:32] ------in handle VoteMsg, success!------ 
INFO [10-29|14:40:32] Handle BFT Msg,                          msg="msg #9 (3 bytes)"
INFO [10-29|14:40:32] -------GetLocksetsMsg------- 
GetLockSetsMsg request:  [{4}] from:  d67104e65b61fca1
INFO [10-29|14:40:32] Request future block 
INFO [10-29|14:40:32] received NewBlockMsg! 
INFO [10-29|14:40:32] ***in BFT.VVVVerifyHeader*** 
INFO [10-29|14:40:32] ***in BFT.verifyHeader*** 
INFO [10-29|14:40:32] ***in BFT.verifySeal*** 
INFO [10-29|14:40:32] In verifyVotes 
INFO [10-29|14:40:32] ***in sync.request()*** 
INFO [10-29|14:40:32] In verifyVotes 
INFO [10-29|14:40:32] ***in sync.request()*** 
INFO [10-29|14:40:32] Commit new mining work                   number=4 txs=1600 uncles=0 elapsed=1.602s
INFO [10-29|14:40:32] Sealing                                  block n=4
StartConsensus, 1540795232852081000
INFO [10-29|14:40:32] Start Process 
INFO [10-29|14:40:32] in cm.Process, check lastCommittingLockset() 
INFO [10-29|14:40:32] In IsValid() 
len(lockset.Votes): 4 lockset.EligibleVotesNum: 4
INFO [10-29|14:40:32] in HasQuorum 
INFO [10-29|14:40:32] In IsValid() 
len(lockset.Votes): 4 lockset.EligibleVotesNum: 4
=====CM.COINBASE IS:===== [125 87 122 89 123 39 66 180 152 203 92 240 194 108 220 215 38 211 158 110] block number is: 4
INFO [10-29|14:40:32] case: default, cm.process 
ready: 4 need: 2.6666667
INFO [10-29|14:40:32] ---------------process------------------ 
INFO [10-29|14:40:32] In RM Process                            height=4 round=0
INFO [10-29|14:40:32] --------In rm.propose------- 
INFO [10-29|14:40:32] ---------------in rm.vote----------------- 
INFO [10-29|14:40:32] in vote in RM                            height=4 round=0
INFO [10-29|14:40:32] vote mp 
INFO [10-29|14:40:32] vote success in                          height=4 round=0
INFO [10-29|14:40:32] Send VoteMsg 
INFO [10-29|14:40:32] in rm.process, check lockset HasQuorum 
INFO [10-29|14:40:32] in HasQuorum 
INFO [10-29|14:40:32] In IsValid() 
len(lockset.Votes): 4 lockset.EligibleVotesNum: 4
INFO [10-29|14:40:32] There is a quorum                        height=4 round=0
--- in rm.process p.id: --- Peer d67104e65b61fca1 [eth/63]
INFO [10-29|14:40:32] ============in cm.commitLockset============ 
INFO [10-29|14:40:32] in commitLockset, check ls HasQuorum 
INFO [10-29|14:40:32] in HasQuorum 
INFO [10-29|14:40:32] In IsValid() 
len(lockset.Votes): 4 lockset.EligibleVotesNum: 4
INFO [10-29|14:40:32] cm.found is not nil 
INFO [10-29|14:40:32] store lockset 
peerid: d67104e65b61fca1
cmH 4
INFO [10-29|14:40:32] have a consensus on the block 
INFO [10-29|14:40:32] in validatorCommit1 
INFO [10-29|14:40:32] ---storeLockset--- 
INFO [10-29|14:40:32] result.Header().Coinbase != b.signer 
result.Header().Coinbase: [130 169 120 179 245 150 42 91 9 87 217 238 158 239 71 46 229 91 66 241] b.signer: [125 87 122 89 123 39 66 180 152 203 92 240 194 108 220 215 38 211 158 110]
ConsensusTime, 6575194 , txs, 1600 , blockNum, 4
FinishedConsensus, 1540795232858675000
INFO [10-29|14:40:32] result is nil 
INFO [10-29|14:40:32] === Finished Mine() === 
INFO [10-29|14:40:32] after cm.process() 
pid: d67104e65b61fca1
block number 4
-------in NewBFTValidatorBlock-------
INFO [10-29|14:40:32] in validatorCommit2 
validatorCommit time: 348.295µs
INFO [10-29|14:40:32] **in eth.handler**, get result from ch 
INFO [10-29|14:40:33] In verifyVotes 
INFO [10-29|14:40:33] in HasQuorum 
INFO [10-29|14:40:33] In IsValid() 
len(lockset.Votes): 4 lockset.EligibleVotesNum: 4
INFO [10-29|14:40:33] ***in BFT.VerifyHeaderSSSS*** 
INFO [10-29|14:40:33] ***in BFT.verifyHeader*** 
INFO [10-29|14:40:33] ***in BFT.verifySeal*** 
INFO [10-29|14:40:33] In verifyVotes 
INFO [10-29|14:40:33] in HasQuorum 
INFO [10-29|14:40:33] In IsValid() 
len(lockset.Votes): 4 lockset.EligibleVotesNum: 4
INFO [10-29|14:40:34] Imported new chain segment               blocks=1 txs=1600 mgas=33.600 elapsed=1.020s    mgasps=32.926 number=4 hash=ec4270…a70e20
FinishedPostExec, 1540795234066536000 , txs, 1600
PostExecTime, 1.02048385s
INFO [10-29|14:40:34] in pool.evenLoop, call pool.resetState 
INFO [10-29|14:40:35] Commit new mining work                   number=5 txs=1601 uncles=0 elapsed=1.400s
INFO [10-29|14:40:35] Sealing                                  block n=5
StartConsensus, 1540795235467723000
INFO [10-29|14:40:35] Start Process 
INFO [10-29|14:40:35] in cm.Process, check lastCommittingLockset() 
INFO [10-29|14:40:35] In IsValid() 
len(lockset.Votes): 4 lockset.EligibleVotesNum: 4
INFO [10-29|14:40:35] in HasQuorum 
INFO [10-29|14:40:35] In IsValid() 
len(lockset.Votes): 4 lockset.EligibleVotesNum: 4
=====CM.COINBASE IS:===== [125 87 122 89 123 39 66 180 152 203 92 240 194 108 220 215 38 211 158 110] block number is: 5
INFO [10-29|14:40:35] case: default, cm.process 
ready: 4 need: 2.6666667
INFO [10-29|14:40:35] ---------------process------------------ 
INFO [10-29|14:40:35] In RM Process                            height=5 round=0
INFO [10-29|14:40:35] --------In rm.propose------- 
INFO [10-29|14:40:35] I am a proposer in                       height=5 round=0
INFO [10-29|14:40:35] in propose, check lastRoundLockset 
lastRoundLockset, hm.activeround: 0
INFO [10-29|14:40:35] ------in mkProposal------ 
INFO [10-29|14:40:35] In IsValid() 
len(lockset.Votes): 4 lockset.EligibleVotesNum: 4
INFO [10-29|14:40:35] in HasQuorum 
INFO [10-29|14:40:35] In IsValid() 
len(lockset.Votes): 4 lockset.EligibleVotesNum: 4
INFO [10-29|14:40:35] LockSet(R-1) is nil (rm.round should equal to zero) 
INFO [10-29|14:40:35] in HasQuorum 
INFO [10-29|14:40:35] In IsValid() 
len(lockset.Votes): 4 lockset.EligibleVotesNum: 4
INFO [10-29|14:40:35] in HasQuorum 
INFO [10-29|14:40:35] In IsValid() 
len(lockset.Votes): 4 lockset.EligibleVotesNum: 4
Create block blockhash :  [8 48 125 214 224 176 226 75 163 5 87 156 40 8 115 198 199 102 157 194 110 253 27 74 243 160 54 230 79 177 109 101]
INFO [10-29|14:40:35] In addBlockCandidates!! 
INFO [10-29|14:40:35] Send NewBlockProposalMsg:                LOG15_ERROR=                                                   LOG15_ERROR="Normalized odd number of arguments by adding nil"
INFO [10-29|14:40:35] ---------------in rm.vote----------------- 
INFO [10-29|14:40:35] in vote in RM                            height=5 round=0
INFO [10-29|14:40:35] Timeout time not reach, curr vs timeout: curr=1540795235.000 timeout=1540795240.000
INFO [10-29|14:40:35] in rm.process, check lockset HasQuorum 
INFO [10-29|14:40:35] in HasQuorum 
INFO [10-29|14:40:35] In IsValid() 
len(lockset.Votes): 0 lockset.EligibleVotesNum: 4
INFO [10-29|14:40:35] rm lockset is not valid yet 
INFO [10-29|14:40:35] after cm.process() 
INFO [10-29|14:40:35] Handle BFT Msg,                          msg="msg #18 (662 bytes)"
INFO [10-29|14:40:35] ------Received MsigProposalMsg------ 
mpHR: H: 5 R: 0 hash: [8 48 125 214 224 176 226 75 163 5 87 156 40 8 115 198 199 102 157 194 110 253 27 74 243 160 54 230 79 177 109 101]
cmHR: H: 5 R: 0
INFO [10-29|14:40:35] --------------------------------------- 
INFO [10-29|14:40:35] in MsigFinished 
len(mp.Msig.MsigVs): 2 mp.MsigVs: [0 28]
H====:  5 P==== 0
INFO [10-29|14:40:35] In addMsig I am leader 
mp= &{0xc42c0963c0 28 10936261689376588341507568955283942539208085786082713254966039447033488485949 27066866043974961479816426544089049988316364426952250365666477061834886695660 0xc427b20060 5 0 [8 48 125 214 224 176 226 75 163 5 87 156 40 8 115 198 199 102 157 194 110 253 27 74 243 160 54 230 79 177 109 101] 0xc42c0a2000 0xc42c0a2050}
INFO [10-29|14:40:35] in MsigFinished 
len(mp.Msig.MsigVs): 2 mp.MsigVs: [0 28]
INFO [10-29|14:40:35] in bfthandler Send MsigProposalMsg 
INFO [10-29|14:40:35] Sending MsigProposalMsg 
INFO [10-29|14:40:35] Sending MsigProposalMsg 
INFO [10-29|14:40:35] Sending MsigProposalMsg 
INFO [10-29|14:40:35] ------addmsigproposal success!------- 
INFO [10-29|14:40:35] Handle BFT Msg,                          msg="msg #17 (107 bytes)"
INFO [10-29|14:40:35] ------Received VoteMsg------ 
voteHR: H: 5 R: 0 voteType:: 1 voteHash: [8 48 125 214 224 176 226 75 163 5 87 156 40 8 115 198 199 102 157 194 110 253 27 74 243 160 54 230 79 177 109 101]
cmHR: H: 5 R: 0
INFO [10-29|14:40:35] --------------------------------------- 
INFO [10-29|14:40:35] addVote to                               height=5 round=0 from=0xdceceaf3fc5c0a63d195d69b1a90011b7b19650d success=true cm.coinbase=0x7d577a597b2742b498cb5cf0c26cdcd726d39e6e
INFO [10-29|14:40:35] ------in handle VoteMsg, success!------ 
INFO [10-29|14:40:35] case: default, cm.process 
ready: 4 need: 2.6666667
INFO [10-29|14:40:35] ---------------process------------------ 
INFO [10-29|14:40:35] In RM Process                            height=5 round=0
INFO [10-29|14:40:35] --------In rm.propose------- 
INFO [10-29|14:40:35] I am a proposer in                       height=5 round=0
INFO [10-29|14:40:35] ---------------in rm.vote----------------- 
INFO [10-29|14:40:35] in vote in RM                            height=5 round=0
INFO [10-29|14:40:35] vote mp 
INFO [10-29|14:40:35] vote success in                          height=5 round=0
INFO [10-29|14:40:35] Send VoteMsg 
INFO [10-29|14:40:35] in rm.process, check lockset HasQuorum 
INFO [10-29|14:40:35] in HasQuorum 
INFO [10-29|14:40:35] In IsValid() 
len(lockset.Votes): 2 lockset.EligibleVotesNum: 4
INFO [10-29|14:40:35] rm lockset is not valid yet 
INFO [10-29|14:40:35] after cm.process() 
INFO [10-29|14:40:35] Handle BFT Msg,                          msg="msg #17 (107 bytes)"
INFO [10-29|14:40:35] ------Received VoteMsg------ 
voteHR: H: 5 R: 0 voteType:: 1 voteHash: [8 48 125 214 224 176 226 75 163 5 87 156 40 8 115 198 199 102 157 194 110 253 27 74 243 160 54 230 79 177 109 101]
cmHR: H: 5 R: 0
INFO [10-29|14:40:35] --------------------------------------- 
INFO [10-29|14:40:35] addVote to                               height=5 round=0 from=0x598443f1880ef585b21f1d7585bd0577402861e5 success=true cm.coinbase=0x7d577a597b2742b498cb5cf0c26cdcd726d39e6e
INFO [10-29|14:40:35] ------in handle VoteMsg, success!------ 
INFO [10-29|14:40:35] case: default, cm.process 
ready: 4 need: 2.6666667
INFO [10-29|14:40:35] ---------------process------------------ 
INFO [10-29|14:40:35] In RM Process                            height=5 round=0
INFO [10-29|14:40:35] --------In rm.propose------- 
INFO [10-29|14:40:35] I am a proposer in                       height=5 round=0
INFO [10-29|14:40:35] ---------------in rm.vote----------------- 
INFO [10-29|14:40:35] voted 
INFO [10-29|14:40:35] in rm.process, check lockset HasQuorum 
INFO [10-29|14:40:35] in HasQuorum 
INFO [10-29|14:40:35] In IsValid() 
len(lockset.Votes): 3 lockset.EligibleVotesNum: 4
INFO [10-29|14:40:35] There is a quorum                        height=5 round=0
INFO [10-29|14:40:35] ============in cm.commitLockset============ 
INFO [10-29|14:40:35] in commitLockset, check ls HasQuorum 
INFO [10-29|14:40:35] in HasQuorum 
INFO [10-29|14:40:35] In IsValid() 
len(lockset.Votes): 3 lockset.EligibleVotesNum: 4
INFO [10-29|14:40:35] cm.found is not nil 
INFO [10-29|14:40:35] store lockset 
INFO [10-29|14:40:35] ---storeLockset--- 
INFO [10-29|14:40:35] have a consensus on the block 
ConsensusTime, 245889799 , txs, 1601 , blockNum, 5
INFO [10-29|14:40:35] after cm.process() 
FinishedConsensus, 1540795235713611000
INFO [10-29|14:40:35] Successfully sealed new block            number=5 hash=08307d…b16d65
INFO [10-29|14:40:35] === Finished Mine() === 
INFO [10-29|14:40:35] 🔨 mined potential block                  number=5 hash=08307d…b16d65
INFO [10-29|14:40:35] in pool.evenLoop, call pool.resetState 
INFO [10-29|14:40:37] Handle BFT Msg,                          msg="msg #9 (3 bytes)"
INFO [10-29|14:40:37] -------GetLocksetsMsg------- 
GetLockSetsMsg request:  [{5}] from:  d67104e65b61fca1
INFO [10-29|14:40:37]  Sending Lockset                         LOG15_ERROR=                                                   LOG15_ERROR="Normalized odd number of arguments by adding nil"
INFO [10-29|14:40:38] Handle BFT Msg,                          msg="msg #17 (107 bytes)"
INFO [10-29|14:40:38] ------Received VoteMsg------ 
voteHR: H: 5 R: 0 voteType:: 1 voteHash: [8 48 125 214 224 176 226 75 163 5 87 156 40 8 115 198 199 102 157 194 110 253 27 74 243 160 54 230 79 177 109 101]
cmHR: H: 6 R: 0
INFO [10-29|14:40:38] --------------------------------------- 
INFO [10-29|14:40:38] addVote to                               height=5 round=0 from=0x82a978b3f5962a5b0957d9ee9eef472ee55b42f1 success=true cm.coinbase=0x7d577a597b2742b498cb5cf0c26cdcd726d39e6e
INFO [10-29|14:40:38] ------in handle VoteMsg, success!------ 
INFO [10-29|14:40:38] Commit new mining work                   number=6 txs=1602 uncles=0 elapsed=2.462s
INFO [10-29|14:40:38] Sealing                                  block n=6
StartConsensus, 1540795238251118000
INFO [10-29|14:40:38] Start Process 
INFO [10-29|14:40:38] in cm.Process, check lastCommittingLockset() 
INFO [10-29|14:40:38] In IsValid() 
len(lockset.Votes): 4 lockset.EligibleVotesNum: 4
INFO [10-29|14:40:38] in HasQuorum 
INFO [10-29|14:40:38] In IsValid() 
len(lockset.Votes): 4 lockset.EligibleVotesNum: 4
=====CM.COINBASE IS:===== [125 87 122 89 123 39 66 180 152 203 92 240 194 108 220 215 38 211 158 110] block number is: 6
INFO [10-29|14:40:38] case: default, cm.process 
ready: 4 need: 2.6666667
INFO [10-29|14:40:38] ---------------process------------------ 
INFO [10-29|14:40:38] In RM Process                            height=6 round=0
INFO [10-29|14:40:38] --------In rm.propose------- 
INFO [10-29|14:40:38] ---------------in rm.vote----------------- 
INFO [10-29|14:40:38] in vote in RM                            height=6 round=0
INFO [10-29|14:40:38] Timeout time not reach, curr vs timeout: curr=1540795238.000 timeout=1540795243.000
INFO [10-29|14:40:38] in rm.process, check lockset HasQuorum 
INFO [10-29|14:40:38] in HasQuorum 
INFO [10-29|14:40:38] In IsValid() 
len(lockset.Votes): 0 lockset.EligibleVotesNum: 4
INFO [10-29|14:40:38] rm lockset is not valid yet 
INFO [10-29|14:40:38] after cm.process() 
INFO [10-29|14:40:38] case: default, cm.process 
ready: 4 need: 2.6666667
INFO [10-29|14:40:38] ---------------process------------------ 
INFO [10-29|14:40:38] In RM Process                            height=6 round=0
INFO [10-29|14:40:38] --------In rm.propose------- 
INFO [10-29|14:40:38] ---------------in rm.vote----------------- 
INFO [10-29|14:40:38] in vote in RM                            height=6 round=0
INFO [10-29|14:40:38] Timeout time not reach, curr vs timeout: curr=1540795238.000 timeout=1540795243.000
INFO [10-29|14:40:38] in rm.process, check lockset HasQuorum 
INFO [10-29|14:40:38] in HasQuorum 
INFO [10-29|14:40:38] In IsValid() 
len(lockset.Votes): 0 lockset.EligibleVotesNum: 4
INFO [10-29|14:40:38] rm lockset is not valid yet 
INFO [10-29|14:40:38] after cm.process() 
INFO [10-29|14:40:38] case: default, cm.process 
ready: 4 need: 2.6666667
INFO [10-29|14:40:38] ---------------process------------------ 
INFO [10-29|14:40:38] In RM Process                            height=6 round=0
INFO [10-29|14:40:38] --------In rm.propose------- 
INFO [10-29|14:40:38] ---------------in rm.vote----------------- 
INFO [10-29|14:40:38] in vote in RM                            height=6 round=0
INFO [10-29|14:40:38] Timeout time not reach, curr vs timeout: curr=1540795238.000 timeout=1540795243.000
INFO [10-29|14:40:38] in rm.process, check lockset HasQuorum 
INFO [10-29|14:40:38] in HasQuorum 
INFO [10-29|14:40:38] In IsValid() 
len(lockset.Votes): 0 lockset.EligibleVotesNum: 4
INFO [10-29|14:40:38] rm lockset is not valid yet 
INFO [10-29|14:40:38] after cm.process() 
INFO [10-29|14:40:38] case: default, cm.process 
ready: 4 need: 2.6666667
INFO [10-29|14:40:38] ---------------process------------------ 
INFO [10-29|14:40:38] In RM Process                            height=6 round=0
INFO [10-29|14:40:38] --------In rm.propose------- 
INFO [10-29|14:40:38] ---------------in rm.vote----------------- 
INFO [10-29|14:40:38] in vote in RM                            height=6 round=0
INFO [10-29|14:40:38] Timeout time not reach, curr vs timeout: curr=1540795238.000 timeout=1540795243.000
INFO [10-29|14:40:38] in rm.process, check lockset HasQuorum 
INFO [10-29|14:40:38] in HasQuorum 
INFO [10-29|14:40:38] In IsValid() 
len(lockset.Votes): 0 lockset.EligibleVotesNum: 4
INFO [10-29|14:40:38] rm lockset is not valid yet 
INFO [10-29|14:40:38] after cm.process() 
INFO [10-29|14:40:38] case: default, cm.process 
ready: 4 need: 2.6666667
INFO [10-29|14:40:38] ---------------process------------------ 
INFO [10-29|14:40:38] In RM Process                            height=6 round=0
INFO [10-29|14:40:38] --------In rm.propose------- 
INFO [10-29|14:40:38] ---------------in rm.vote----------------- 
INFO [10-29|14:40:38] in vote in RM                            height=6 round=0
INFO [10-29|14:40:38] Timeout time not reach, curr vs timeout: curr=1540795238.000 timeout=1540795243.000
INFO [10-29|14:40:38] in rm.process, check lockset HasQuorum 
INFO [10-29|14:40:38] in HasQuorum 
INFO [10-29|14:40:38] In IsValid() 
len(lockset.Votes): 0 lockset.EligibleVotesNum: 4
INFO [10-29|14:40:38] rm lockset is not valid yet 
INFO [10-29|14:40:38] after cm.process() 
INFO [10-29|14:40:38] case: default, cm.process 
ready: 4 need: 2.6666667
INFO [10-29|14:40:38] ---------------process------------------ 
INFO [10-29|14:40:38] In RM Process                            height=6 round=0
INFO [10-29|14:40:38] --------In rm.propose------- 
INFO [10-29|14:40:38] ---------------in rm.vote----------------- 
INFO [10-29|14:40:38] in vote in RM                            height=6 round=0
INFO [10-29|14:40:38] Timeout time not reach, curr vs timeout: curr=1540795238.000 timeout=1540795243.000
INFO [10-29|14:40:38] in rm.process, check lockset HasQuorum 
INFO [10-29|14:40:38] in HasQuorum 
INFO [10-29|14:40:38] In IsValid() 
len(lockset.Votes): 0 lockset.EligibleVotesNum: 4
INFO [10-29|14:40:38] rm lockset is not valid yet 
INFO [10-29|14:40:38] after cm.process() 
INFO [10-29|14:40:38] case: default, cm.process 
ready: 4 need: 2.6666667
INFO [10-29|14:40:38] ---------------process------------------ 
INFO [10-29|14:40:38] In RM Process                            height=6 round=0
INFO [10-29|14:40:38] --------In rm.propose------- 
INFO [10-29|14:40:38] ---------------in rm.vote----------------- 
INFO [10-29|14:40:38] in vote in RM                            height=6 round=0
INFO [10-29|14:40:38] Timeout time not reach, curr vs timeout: curr=1540795238.000 timeout=1540795243.000
INFO [10-29|14:40:38] in rm.process, check lockset HasQuorum 
INFO [10-29|14:40:38] in HasQuorum 
INFO [10-29|14:40:38] In IsValid() 
len(lockset.Votes): 0 lockset.EligibleVotesNum: 4
INFO [10-29|14:40:38] rm lockset is not valid yet 
INFO [10-29|14:40:38] after cm.process() 
INFO [10-29|14:40:38] case: default, cm.process 
ready: 4 need: 2.6666667
INFO [10-29|14:40:38] ---------------process------------------ 
INFO [10-29|14:40:38] In RM Process                            height=6 round=0
INFO [10-29|14:40:38] --------In rm.propose------- 
INFO [10-29|14:40:38] ---------------in rm.vote----------------- 
INFO [10-29|14:40:38] in vote in RM                            height=6 round=0
INFO [10-29|14:40:38] Timeout time not reach, curr vs timeout: curr=1540795238.000 timeout=1540795243.000
INFO [10-29|14:40:38] in rm.process, check lockset HasQuorum 
INFO [10-29|14:40:38] in HasQuorum 
INFO [10-29|14:40:38] In IsValid() 
len(lockset.Votes): 0 lockset.EligibleVotesNum: 4
INFO [10-29|14:40:38] rm lockset is not valid yet 
INFO [10-29|14:40:38] after cm.process() 
INFO [10-29|14:40:39] case: default, cm.process 
ready: 4 need: 2.6666667
INFO [10-29|14:40:39] ---------------process------------------ 
INFO [10-29|14:40:39] In RM Process                            height=6 round=0
INFO [10-29|14:40:39] --------In rm.propose------- 
INFO [10-29|14:40:39] ---------------in rm.vote----------------- 
INFO [10-29|14:40:39] in vote in RM                            height=6 round=0
INFO [10-29|14:40:39] Timeout time not reach, curr vs timeout: curr=1540795239.000 timeout=1540795243.000
INFO [10-29|14:40:39] in rm.process, check lockset HasQuorum 
INFO [10-29|14:40:39] in HasQuorum 
INFO [10-29|14:40:39] In IsValid() 
len(lockset.Votes): 0 lockset.EligibleVotesNum: 4
INFO [10-29|14:40:39] rm lockset is not valid yet 
INFO [10-29|14:40:39] after cm.process() 
INFO [10-29|14:40:39] case: default, cm.process 
ready: 4 need: 2.6666667
INFO [10-29|14:40:39] ---------------process------------------ 
INFO [10-29|14:40:39] In RM Process                            height=6 round=0
INFO [10-29|14:40:39] --------In rm.propose------- 
INFO [10-29|14:40:39] ---------------in rm.vote----------------- 
INFO [10-29|14:40:39] in vote in RM                            height=6 round=0
INFO [10-29|14:40:39] Timeout time not reach, curr vs timeout: curr=1540795239.000 timeout=1540795243.000
INFO [10-29|14:40:39] in rm.process, check lockset HasQuorum 
INFO [10-29|14:40:39] in HasQuorum 
INFO [10-29|14:40:39] In IsValid() 
len(lockset.Votes): 0 lockset.EligibleVotesNum: 4
INFO [10-29|14:40:39] rm lockset is not valid yet 
INFO [10-29|14:40:39] after cm.process() 
INFO [10-29|14:40:39] case: default, cm.process 
ready: 4 need: 2.6666667
INFO [10-29|14:40:39] ---------------process------------------ 
INFO [10-29|14:40:39] In RM Process                            height=6 round=0
INFO [10-29|14:40:39] --------In rm.propose------- 
INFO [10-29|14:40:39] ---------------in rm.vote----------------- 
INFO [10-29|14:40:39] in vote in RM                            height=6 round=0
INFO [10-29|14:40:39] Timeout time not reach, curr vs timeout: curr=1540795239.000 timeout=1540795243.000
INFO [10-29|14:40:39] in rm.process, check lockset HasQuorum 
INFO [10-29|14:40:39] in HasQuorum 
INFO [10-29|14:40:39] In IsValid() 
len(lockset.Votes): 0 lockset.EligibleVotesNum: 4
INFO [10-29|14:40:39] rm lockset is not valid yet 
INFO [10-29|14:40:39] after cm.process() 
INFO [10-29|14:40:39] Handle BFT Msg,                          msg="msg #11 (174050 bytes)"
INFO [10-29|14:40:39] -------Received NewBlockProposalMsg------- 
bpHR: H: 6 R: 0
cmHR: H: 6 R: 0
INFO [10-29|14:40:39] --------------------------------------- 
# collMsig from = Peer 94dd98401cf6ca04 [eth/63]
cmHR: H: 6 R: 0
this is rm.proposerPeer  Peer 94dd98401cf6ca04 [eth/63]
INFO [10-29|14:40:39] Handle BFT Msg,                          msg="msg #17 (107 bytes)"
INFO [10-29|14:40:39] ------Received VoteMsg------ 
voteHR: H: 6 R: 0 voteType:: 1 voteHash: [8 209 54 232 3 139 88 200 135 8 252 108 155 4 164 26 227 232 10 39 61 60 230 219 128 195 239 31 52 135 103 29]
cmHR: H: 6 R: 0
INFO [10-29|14:40:39] --------------------------------------- 
INFO [10-29|14:40:39] addVote to                               height=6 round=0 from=0x598443f1880ef585b21f1d7585bd0577402861e5 success=true cm.coinbase=0x7d577a597b2742b498cb5cf0c26cdcd726d39e6e
INFO [10-29|14:40:39] ------in handle VoteMsg, success!------ 
INFO [10-29|14:40:39] In IsValid() 
len(lockset.Votes): 0 lockset.EligibleVotesNum: 0
INFO [10-29|14:40:39] cm add BlockProposal                     h=6 r=0
INFO [10-29|14:40:39] in HasQuorum 
INFO [10-29|14:40:39] In IsValid() 
len(lockset.Votes): 4 lockset.EligibleVotesNum: 4
INFO [10-29|14:40:39] In addBlockCandidates!! 
INFO [10-29|14:40:39] -------in handle NewBlockProposalMsg, success!------- 
INFO [10-29|14:40:39] Handle BFT Msg,                          msg="msg #18 (662 bytes)"
INFO [10-29|14:40:39] ------Received MsigProposalMsg------ 
mpHR: H: 6 R: 0 hash: [8 209 54 232 3 139 88 200 135 8 252 108 155 4 164 26 227 232 10 39 61 60 230 219 128 195 239 31 52 135 103 29]
cmHR: H: 6 R: 0
INFO [10-29|14:40:39] --------------------------------------- 
INFO [10-29|14:40:39] in MsigFinished 
len(mp.Msig.MsigVs): 2 mp.MsigVs: [0 27]
H====:  6 P==== 0
INFO [10-29|14:40:39] ------addmsigproposal success!------- 
INFO [10-29|14:40:39] case: default, cm.process 
ready: 4 need: 2.6666667
INFO [10-29|14:40:39] ---------------process------------------ 
INFO [10-29|14:40:39] In RM Process                            height=6 round=0
INFO [10-29|14:40:39] --------In rm.propose------- 
INFO [10-29|14:40:39] ---------------in rm.vote----------------- 
INFO [10-29|14:40:39] in vote in RM                            height=6 round=0
INFO [10-29|14:40:39] vote mp 
INFO [10-29|14:40:39] vote success in                          height=6 round=0
INFO [10-29|14:40:39] Send VoteMsg 
INFO [10-29|14:40:39] in rm.process, check lockset HasQuorum 
INFO [10-29|14:40:39] in HasQuorum 
INFO [10-29|14:40:39] In IsValid() 
len(lockset.Votes): 2 lockset.EligibleVotesNum: 4
INFO [10-29|14:40:39] rm lockset is not valid yet 
INFO [10-29|14:40:39] after cm.process() 
INFO [10-29|14:40:39] Handle BFT Msg,                          msg="msg #17 (107 bytes)"
INFO [10-29|14:40:39] ------Received VoteMsg------ 
voteHR: H: 6 R: 0 voteType:: 1 voteHash: [8 209 54 232 3 139 88 200 135 8 252 108 155 4 164 26 227 232 10 39 61 60 230 219 128 195 239 31 52 135 103 29]
cmHR: H: 6 R: 0
INFO [10-29|14:40:39] --------------------------------------- 
INFO [10-29|14:40:39] addVote to                               height=6 round=0 from=0xdceceaf3fc5c0a63d195d69b1a90011b7b19650d success=true cm.coinbase=0x7d577a597b2742b498cb5cf0c26cdcd726d39e6e
INFO [10-29|14:40:39] ------in handle VoteMsg, success!------ 
INFO [10-29|14:40:39] case: default, cm.process 
ready: 4 need: 2.6666667
INFO [10-29|14:40:39] ---------------process------------------ 
INFO [10-29|14:40:39] In RM Process                            height=6 round=0
INFO [10-29|14:40:39] --------In rm.propose------- 
INFO [10-29|14:40:39] ---------------in rm.vote----------------- 
INFO [10-29|14:40:39] voted 
INFO [10-29|14:40:39] in rm.process, check lockset HasQuorum 
INFO [10-29|14:40:39] in HasQuorum 
INFO [10-29|14:40:39] In IsValid() 
len(lockset.Votes): 3 lockset.EligibleVotesNum: 4
INFO [10-29|14:40:39] There is a quorum                        height=6 round=0
--- in rm.process p.id: --- Peer 94dd98401cf6ca04 [eth/63]
INFO [10-29|14:40:39] ============in cm.commitLockset============ 
INFO [10-29|14:40:39] in commitLockset, check ls HasQuorum 
INFO [10-29|14:40:39] in HasQuorum 
INFO [10-29|14:40:39] In IsValid() 
len(lockset.Votes): 3 lockset.EligibleVotesNum: 4
INFO [10-29|14:40:39] cm.found is not nil 
INFO [10-29|14:40:39] store lockset 
peerid: 94dd98401cf6ca04
INFO [10-29|14:40:39] have a consensus on the block 
cmH 6
INFO [10-29|14:40:39] result.Header().Coinbase != b.signer 
INFO [10-29|14:40:39] in validatorCommit1 
result.Header().Coinbase: [220 236 234 243 252 92 10 99 209 149 214 155 26 144 1 27 123 25 101 13] b.signer: [125 87 122 89 123 39 66 180 152 203 92 240 194 108 220 215 38 211 158 110]
INFO [10-29|14:40:39] ---storeLockset--- 
ConsensusTime, 1234847103 , txs, 1602 , blockNum, 6
FinishedConsensus, 1540795239486015000
pid: 94dd98401cf6ca04
INFO [10-29|14:40:39] result is nil 
block number 6
-------in NewBFTValidatorBlock-------
INFO [10-29|14:40:39] === Finished Mine() === 
INFO [10-29|14:40:39] in validatorCommit2 
validatorCommit time: 198.356µs
INFO [10-29|14:40:39] after cm.process() 
INFO [10-29|14:40:39] **in eth.handler**, get result from ch 
INFO [10-29|14:40:39] ***in BFT.VVVVerifyHeader*** 
INFO [10-29|14:40:39] ***in BFT.verifyHeader*** 
INFO [10-29|14:40:39] ***in BFT.verifySeal*** 
INFO [10-29|14:40:39] In verifyVotes 
INFO [10-29|14:40:39] in HasQuorum 
INFO [10-29|14:40:39] In IsValid() 
len(lockset.Votes): 3 lockset.EligibleVotesNum: 4
INFO [10-29|14:40:39] ***in BFT.VerifyHeaderSSSS*** 
INFO [10-29|14:40:39] ***in BFT.verifyHeader*** 
INFO [10-29|14:40:39] ***in BFT.verifySeal*** 
INFO [10-29|14:40:39] In verifyVotes 
INFO [10-29|14:40:39] in HasQuorum 
INFO [10-29|14:40:39] In IsValid() 
len(lockset.Votes): 3 lockset.EligibleVotesNum: 4
INFO [10-29|14:40:40] Imported new chain segment               blocks=1 txs=1602 mgas=33.642 elapsed=1.224s    mgasps=27.475 number=6 hash=08d136…87671d
FinishedPostExec, 1540795240710992000 , txs, 1602
PostExecTime, 1.224445945s
INFO [10-29|14:40:40] in pool.evenLoop, call pool.resetState 
INFO [10-29|14:40:40] Handle BFT Msg,                          msg="msg #9 (3 bytes)"
INFO [10-29|14:40:40] -------GetLocksetsMsg------- 
GetLockSetsMsg request:  [{6}] from:  d67104e65b61fca1
INFO [10-29|14:40:40]  Sending Lockset                         LOG15_ERROR=                                                   LOG15_ERROR="Normalized odd number of arguments by adding nil"
INFO [10-29|14:40:42] Commit new mining work                   number=7 txs=1603 uncles=0 elapsed=2.022s
INFO [10-29|14:40:42] 🔗 block reached canonical chain          number=1 hash=fee9b4…811b0e
INFO [10-29|14:40:42] Sealing                                  block n=7
StartConsensus, 1540795242733558000
INFO [10-29|14:40:42] Start Process 
INFO [10-29|14:40:42] in cm.Process, check lastCommittingLockset() 
INFO [10-29|14:40:42] In IsValid() 
len(lockset.Votes): 3 lockset.EligibleVotesNum: 4
INFO [10-29|14:40:42] in HasQuorum 
INFO [10-29|14:40:42] In IsValid() 
len(lockset.Votes): 3 lockset.EligibleVotesNum: 4
=====CM.COINBASE IS:===== [125 87 122 89 123 39 66 180 152 203 92 240 194 108 220 215 38 211 158 110] block number is: 7
INFO [10-29|14:40:42] case: default, cm.process 
ready: 4 need: 2.6666667
INFO [10-29|14:40:42] ---------------process------------------ 
INFO [10-29|14:40:42] In RM Process                            height=7 round=0
INFO [10-29|14:40:42] --------In rm.propose------- 
INFO [10-29|14:40:42] ---------------in rm.vote----------------- 
INFO [10-29|14:40:42] in vote in RM                            height=7 round=0
INFO [10-29|14:40:42] Timeout time not reach, curr vs timeout: curr=1540795242.000 timeout=1540795247.000
INFO [10-29|14:40:42] in rm.process, check lockset HasQuorum 
INFO [10-29|14:40:42] in HasQuorum 
INFO [10-29|14:40:42] In IsValid() 
len(lockset.Votes): 0 lockset.EligibleVotesNum: 4
INFO [10-29|14:40:42] rm lockset is not valid yet 
INFO [10-29|14:40:42] after cm.process() 
INFO [10-29|14:40:42] Handle BFT Msg,                          msg="msg #17 (107 bytes)"
INFO [10-29|14:40:42] ------Received VoteMsg------ 
voteHR: H: 7 R: 0 voteType:: 1 voteHash: [236 146 195 225 41 14 148 107 19 21 131 28 76 93 141 122 207 189 232 132 194 132 132 174 165 205 78 236 30 96 151 31]
cmHR: H: 7 R: 0
INFO [10-29|14:40:42] --------------------------------------- 
INFO [10-29|14:40:42] addVote to                               height=7 round=0 from=0x82a978b3f5962a5b0957d9ee9eef472ee55b42f1 success=true cm.coinbase=0x7d577a597b2742b498cb5cf0c26cdcd726d39e6e
INFO [10-29|14:40:42] ------in handle VoteMsg, success!------ 
INFO [10-29|14:40:42] Handle BFT Msg,                          msg="msg #11 (174055 bytes)"
INFO [10-29|14:40:42] -------Received NewBlockProposalMsg------- 
INFO [10-29|14:40:42] Handle BFT Msg,                          msg="msg #17 (107 bytes)"
INFO [10-29|14:40:42] ------Received VoteMsg------ 
voteHR: H: 7 R: 0 voteType:: 1 voteHash: [236 146 195 225 41 14 148 107 19 21 131 28 76 93 141 122 207 189 232 132 194 132 132 174 165 205 78 236 30 96 151 31]
cmHR: H: 7 R: 0
INFO [10-29|14:40:42] --------------------------------------- 
INFO [10-29|14:40:42] addVote to                               height=7 round=0 from=0xdceceaf3fc5c0a63d195d69b1a90011b7b19650d success=true cm.coinbase=0x7d577a597b2742b498cb5cf0c26cdcd726d39e6e
INFO [10-29|14:40:42] ------in handle VoteMsg, success!------ 
bpHR: H: 7 R: 0
cmHR: H: 7 R: 0
INFO [10-29|14:40:42] --------------------------------------- 
# collMsig from = Peer d9d5b902798f5c42 [eth/63]
cmHR: H: 7 R: 0
this is rm.proposerPeer  Peer d9d5b902798f5c42 [eth/63]
INFO [10-29|14:40:42] In IsValid() 
len(lockset.Votes): 0 lockset.EligibleVotesNum: 0
INFO [10-29|14:40:42] cm add BlockProposal                     h=7 r=0
INFO [10-29|14:40:42] in HasQuorum 
INFO [10-29|14:40:42] In IsValid() 
len(lockset.Votes): 3 lockset.EligibleVotesNum: 4
INFO [10-29|14:40:42] In addBlockCandidates!! 
INFO [10-29|14:40:42] -------in handle NewBlockProposalMsg, success!------- 
INFO [10-29|14:40:42] Handle BFT Msg,                          msg="msg #18 (557 bytes)"
INFO [10-29|14:40:42] ------Received MsigProposalMsg------ 
mpHR: H: 7 R: 0 hash: [236 146 195 225 41 14 148 107 19 21 131 28 76 93 141 122 207 189 232 132 194 132 132 174 165 205 78 236 30 96 151 31]
cmHR: H: 7 R: 0
INFO [10-29|14:40:42] --------------------------------------- 
INFO [10-29|14:40:42] in MsigFinished 
len(mp.Msig.MsigVs): 2 mp.MsigVs: [0 28]
H====:  7 P==== 0
INFO [10-29|14:40:42] ------addmsigproposal success!------- 
INFO [10-29|14:40:42] case: default, cm.process 
ready: 4 need: 2.6666667
INFO [10-29|14:40:42] ---------------process------------------ 
INFO [10-29|14:40:42] In RM Process                            height=7 round=0
INFO [10-29|14:40:42] --------In rm.propose------- 
INFO [10-29|14:40:42] ---------------in rm.vote----------------- 
INFO [10-29|14:40:42] in vote in RM                            height=7 round=0
INFO [10-29|14:40:42] vote mp 
INFO [10-29|14:40:42] vote success in                          height=7 round=0
INFO [10-29|14:40:42] Send VoteMsg 
INFO [10-29|14:40:42] in rm.process, check lockset HasQuorum 
INFO [10-29|14:40:42] in HasQuorum 
INFO [10-29|14:40:42] In IsValid() 
len(lockset.Votes): 3 lockset.EligibleVotesNum: 4
INFO [10-29|14:40:42] There is a quorum                        height=7 round=0
--- in rm.process p.id: --- Peer d9d5b902798f5c42 [eth/63]
INFO [10-29|14:40:42] ============in cm.commitLockset============ 
INFO [10-29|14:40:42] in commitLockset, check ls HasQuorum 
INFO [10-29|14:40:42] in HasQuorum 
INFO [10-29|14:40:42] In IsValid() 
len(lockset.Votes): 3 lockset.EligibleVotesNum: 4
INFO [10-29|14:40:42] cm.found is not nil 
INFO [10-29|14:40:42] store lockset 
peerid: d9d5b902798f5c42
INFO [10-29|14:40:42] ---storeLockset--- 
cmH 7
INFO [10-29|14:40:42] have a consensus on the block 
INFO [10-29|14:40:42] after cm.process() 
INFO [10-29|14:40:42] in validatorCommit1 
pid: d9d5b902798f5c42
block number 7
-------in NewBFTValidatorBlock-------
INFO [10-29|14:40:42] in validatorCommit2 
validatorCommit time: 141.426µs
INFO [10-29|14:40:42] **in eth.handler**, get result from ch 
INFO [10-29|14:40:42] ***in BFT.VVVVerifyHeader*** 
INFO [10-29|14:40:42] result.Header().Coinbase != b.signer 
result.Header().Coinbase: [89 132 67 241 136 14 245 133 178 31 29 117 133 189 5 119 64 40 97 229] b.signer: [125 87 122 89 123 39 66 180 152 203 92 240 194 108 220 215 38 211 158 110]
INFO [10-29|14:40:42] ***in BFT.verifyHeader*** 
ConsensusTime, 104034238 , txs, 1603 , blockNum, 7
INFO [10-29|14:40:42] ***in BFT.verifySeal*** 
FinishedConsensus, 1540795242837655000
INFO [10-29|14:40:42] In verifyVotes 
INFO [10-29|14:40:42] result is nil 
INFO [10-29|14:40:42] === Finished Mine() === 
INFO [10-29|14:40:42] in HasQuorum 
INFO [10-29|14:40:42] In IsValid() 
len(lockset.Votes): 3 lockset.EligibleVotesNum: 4
INFO [10-29|14:40:42] ***in BFT.VerifyHeaderSSSS*** 
INFO [10-29|14:40:42] ***in BFT.verifyHeader*** 
INFO [10-29|14:40:42] ***in BFT.verifySeal*** 
INFO [10-29|14:40:42] In verifyVotes 
INFO [10-29|14:40:42] in HasQuorum 
INFO [10-29|14:40:42] In IsValid() 
len(lockset.Votes): 3 lockset.EligibleVotesNum: 4
INFO [10-29|14:40:42] Handle BFT Msg,                          msg="msg #17 (107 bytes)"
INFO [10-29|14:40:42] ------Received VoteMsg------ 
voteHR: H: 7 R: 0 voteType:: 1 voteHash: [236 146 195 225 41 14 148 107 19 21 131 28 76 93 141 122 207 189 232 132 194 132 132 174 165 205 78 236 30 96 151 31]
cmHR: H: 7 R: 0
INFO [10-29|14:40:42] --------------------------------------- 
INFO [10-29|14:40:42] addVote to                               height=7 round=0 from=0x598443f1880ef585b21f1d7585bd0577402861e5 success=true cm.coinbase=0x7d577a597b2742b498cb5cf0c26cdcd726d39e6e
INFO [10-29|14:40:42] ------in handle VoteMsg, success!------ 
INFO [10-29|14:40:44] Imported new chain segment               blocks=1 txs=1603 mgas=33.663 elapsed=1.437s    mgasps=23.426 number=7 hash=ec92c3…60971f
FinishedPostExec, 1540795244274890000 , txs, 1603
PostExecTime, 1.437019884s
INFO [10-29|14:40:44] in pool.evenLoop, call pool.resetState 
INFO [10-29|14:40:45] Commit new mining work                   number=8 txs=1603 uncles=0 elapsed=1.613s
INFO [10-29|14:40:45] Sealing                                  block n=8
StartConsensus, 1540795245888814000
INFO [10-29|14:40:45] Start Process 
INFO [10-29|14:40:45] in cm.Process, check lastCommittingLockset() 
INFO [10-29|14:40:45] In IsValid() 
len(lockset.Votes): 4 lockset.EligibleVotesNum: 4
INFO [10-29|14:40:45] in HasQuorum 
INFO [10-29|14:40:45] In IsValid() 
len(lockset.Votes): 4 lockset.EligibleVotesNum: 4
=====CM.COINBASE IS:===== [125 87 122 89 123 39 66 180 152 203 92 240 194 108 220 215 38 211 158 110] block number is: 8
INFO [10-29|14:40:45] case: default, cm.process 
ready: 4 need: 2.6666667
INFO [10-29|14:40:45] ---------------process------------------ 
INFO [10-29|14:40:45] In RM Process                            height=8 round=0
INFO [10-29|14:40:45] --------In rm.propose------- 
INFO [10-29|14:40:45] ---------------in rm.vote----------------- 
INFO [10-29|14:40:45] in vote in RM                            height=8 round=0
INFO [10-29|14:40:45] Timeout time not reach, curr vs timeout: curr=1540795245.000 timeout=1540795250.000
INFO [10-29|14:40:45] in rm.process, check lockset HasQuorum 
INFO [10-29|14:40:45] in HasQuorum 
INFO [10-29|14:40:45] In IsValid() 
len(lockset.Votes): 0 lockset.EligibleVotesNum: 4
INFO [10-29|14:40:45] rm lockset is not valid yet 
INFO [10-29|14:40:45] after cm.process() 
INFO [10-29|14:40:45] Handle BFT Msg,                          msg="msg #11 (174160 bytes)"
INFO [10-29|14:40:45] -------Received NewBlockProposalMsg------- 
bpHR: H: 8 R: 0
cmHR: H: 8 R: 0
INFO [10-29|14:40:45] --------------------------------------- 
# collMsig from = Peer d67104e65b61fca1 [eth/63]
cmHR: H: 8 R: 0
this is rm.proposerPeer  Peer d67104e65b61fca1 [eth/63]
INFO [10-29|14:40:45] In IsValid() 
len(lockset.Votes): 0 lockset.EligibleVotesNum: 0
INFO [10-29|14:40:45] cm add BlockProposal                     h=8 r=0
INFO [10-29|14:40:45] in HasQuorum 
INFO [10-29|14:40:45] In IsValid() 
len(lockset.Votes): 4 lockset.EligibleVotesNum: 4
INFO [10-29|14:40:45] in collectMsig, i am msig wintness 
INFO [10-29|14:40:45] Return MsigProposalMsg to                LOG15_ERROR=                                                   LOG15_ERROR="Normalized odd number of arguments by adding nil"
INFO [10-29|14:40:45] Sending MsigProposalMsg 
in cm.collectMsig, mp.MsigVs: [<nil> 28]
INFO [10-29|14:40:45] In addBlockCandidates!! 
INFO [10-29|14:40:45] -------in handle NewBlockProposalMsg, success!------- 
INFO [10-29|14:40:45] Handle BFT Msg,                          msg="msg #18 (662 bytes)"
INFO [10-29|14:40:45] ------Received MsigProposalMsg------ 
mpHR: H: 8 R: 0 hash: [228 108 107 26 15 107 230 99 228 157 48 79 46 34 1 107 75 182 193 98 212 71 92 141 91 165 126 245 34 76 129 143]
cmHR: H: 8 R: 0
INFO [10-29|14:40:45] --------------------------------------- 
INFO [10-29|14:40:45] in msign, already sign 
INFO [10-29|14:40:45] case: default, cm.process 
ready: 4 need: 2.6666667
INFO [10-29|14:40:45] ---------------process------------------ 
INFO [10-29|14:40:45] In RM Process                            height=8 round=0
INFO [10-29|14:40:45] --------In rm.propose------- 
INFO [10-29|14:40:45] ---------------in rm.vote----------------- 
INFO [10-29|14:40:45] in vote in RM                            height=8 round=0
INFO [10-29|14:40:45] vote mp 
INFO [10-29|14:40:45] vote success in                          height=8 round=0
INFO [10-29|14:40:45] Send VoteMsg 
INFO [10-29|14:40:45] in rm.process, check lockset HasQuorum 
INFO [10-29|14:40:45] in HasQuorum 
INFO [10-29|14:40:45] In IsValid() 
len(lockset.Votes): 1 lockset.EligibleVotesNum: 4
INFO [10-29|14:40:45] rm lockset is not valid yet 
INFO [10-29|14:40:45] after cm.process() 
INFO [10-29|14:40:46] Handle BFT Msg,                          msg="msg #17 (107 bytes)"
INFO [10-29|14:40:46] ------Received VoteMsg------ 
voteHR: H: 8 R: 0 voteType:: 1 voteHash: [228 108 107 26 15 107 230 99 228 157 48 79 46 34 1 107 75 182 193 98 212 71 92 141 91 165 126 245 34 76 129 143]
cmHR: H: 8 R: 0
INFO [10-29|14:40:46] --------------------------------------- 
INFO [10-29|14:40:46] addVote to                               height=8 round=0 from=0xdceceaf3fc5c0a63d195d69b1a90011b7b19650d success=true cm.coinbase=0x7d577a597b2742b498cb5cf0c26cdcd726d39e6e
INFO [10-29|14:40:46] ------in handle VoteMsg, success!------ 
INFO [10-29|14:40:46] Handle BFT Msg,                          msg="msg #17 (107 bytes)"
INFO [10-29|14:40:46] ------Received VoteMsg------ 
voteHR: H: 8 R: 0 voteType:: 1 voteHash: [228 108 107 26 15 107 230 99 228 157 48 79 46 34 1 107 75 182 193 98 212 71 92 141 91 165 126 245 34 76 129 143]
cmHR: H: 8 R: 0
INFO [10-29|14:40:46] --------------------------------------- 
INFO [10-29|14:40:46] addVote to                               height=8 round=0 from=0x82a978b3f5962a5b0957d9ee9eef472ee55b42f1 success=true cm.coinbase=0x7d577a597b2742b498cb5cf0c26cdcd726d39e6e
INFO [10-29|14:40:46] ------in handle VoteMsg, success!------ 
INFO [10-29|14:40:46] case: default, cm.process 
ready: 4 need: 2.6666667
INFO [10-29|14:40:46] ---------------process------------------ 
INFO [10-29|14:40:46] In RM Process                            height=8 round=0
INFO [10-29|14:40:46] --------In rm.propose------- 
INFO [10-29|14:40:46] ---------------in rm.vote----------------- 
INFO [10-29|14:40:46] voted 
INFO [10-29|14:40:46] in rm.process, check lockset HasQuorum 
INFO [10-29|14:40:46] in HasQuorum 
INFO [10-29|14:40:46] In IsValid() 
len(lockset.Votes): 3 lockset.EligibleVotesNum: 4
INFO [10-29|14:40:46] There is a quorum                        height=8 round=0
--- in rm.process p.id: --- Peer d67104e65b61fca1 [eth/63]
INFO [10-29|14:40:46] ============in cm.commitLockset============ 
INFO [10-29|14:40:46] in commitLockset, check ls HasQuorum 
INFO [10-29|14:40:46] in HasQuorum 
INFO [10-29|14:40:46] In IsValid() 
len(lockset.Votes): 3 lockset.EligibleVotesNum: 4
INFO [10-29|14:40:46] cm.found is not nil 
INFO [10-29|14:40:46] store lockset 
peerid: d67104e65b61fca1
INFO [10-29|14:40:46] ---storeLockset--- 
INFO [10-29|14:40:46] after cm.process() 
cmH 8
INFO [10-29|14:40:46] in validatorCommit1 
pid: d67104e65b61fca1
block number 8
-------in NewBFTValidatorBlock-------
INFO [10-29|14:40:46] in validatorCommit2 
validatorCommit time: 89.03µs
INFO [10-29|14:40:46] **in eth.handler**, get result from ch 
INFO [10-29|14:40:46] ***in BFT.VVVVerifyHeader*** 
INFO [10-29|14:40:46] ***in BFT.verifyHeader*** 
INFO [10-29|14:40:46] ***in BFT.verifySeal*** 
INFO [10-29|14:40:46] In verifyVotes 
INFO [10-29|14:40:46] in HasQuorum 
INFO [10-29|14:40:46] In IsValid() 
len(lockset.Votes): 3 lockset.EligibleVotesNum: 4
INFO [10-29|14:40:46] ***in BFT.VerifyHeaderSSSS*** 
INFO [10-29|14:40:46] ***in BFT.verifyHeader*** 
INFO [10-29|14:40:46] ***in BFT.verifySeal*** 
INFO [10-29|14:40:46] In verifyVotes 
INFO [10-29|14:40:46] in HasQuorum 
INFO [10-29|14:40:46] In IsValid() 
len(lockset.Votes): 3 lockset.EligibleVotesNum: 4
INFO [10-29|14:40:46] have a consensus on the block 
INFO [10-29|14:40:46] result.Header().Coinbase != b.signer 
result.Header().Coinbase: [130 169 120 179 245 150 42 91 9 87 217 238 158 239 71 46 229 91 66 241] b.signer: [125 87 122 89 123 39 66 180 152 203 92 240 194 108 220 215 38 211 158 110]
ConsensusTime, 242108629 , txs, 1603 , blockNum, 8
FinishedConsensus, 1540795246130966000
INFO [10-29|14:40:46] result is nil 
INFO [10-29|14:40:46] received NewBlockMsg! 
INFO [10-29|14:40:46] === Finished Mine() === 
INFO [10-29|14:40:47] Imported new chain segment               blocks=1 txs=1603 mgas=33.663 elapsed=1.523s    mgasps=22.094 number=8 hash=e46c6b…4c818f
FinishedPostExec, 1540795247620377000 , txs, 1603
PostExecTime, 1.523607018s
INFO [10-29|14:40:47] in pool.evenLoop, call pool.resetState 
INFO [10-29|14:40:49] Commit new mining work                   number=9 txs=1604 uncles=0 elapsed=1.744s
INFO [10-29|14:40:49] Sealing                                  block n=9
StartConsensus, 1540795249365519000
INFO [10-29|14:40:49] Start Process 
INFO [10-29|14:40:49] in cm.Process, check lastCommittingLockset() 
INFO [10-29|14:40:49] In IsValid() 
len(lockset.Votes): 3 lockset.EligibleVotesNum: 4
INFO [10-29|14:40:49] in HasQuorum 
INFO [10-29|14:40:49] In IsValid() 
len(lockset.Votes): 3 lockset.EligibleVotesNum: 4
=====CM.COINBASE IS:===== [125 87 122 89 123 39 66 180 152 203 92 240 194 108 220 215 38 211 158 110] block number is: 9
INFO [10-29|14:40:49] case: default, cm.process 
ready: 4 need: 2.6666667
INFO [10-29|14:40:49] ---------------process------------------ 
INFO [10-29|14:40:49] In RM Process                            height=9 round=0
INFO [10-29|14:40:49] --------In rm.propose------- 
INFO [10-29|14:40:49] I am a proposer in                       height=9 round=0
INFO [10-29|14:40:49] in propose, check lastRoundLockset 
lastRoundLockset, hm.activeround: 0
INFO [10-29|14:40:49] ------in mkProposal------ 
INFO [10-29|14:40:49] In IsValid() 
len(lockset.Votes): 3 lockset.EligibleVotesNum: 4
INFO [10-29|14:40:49] in HasQuorum 
INFO [10-29|14:40:49] In IsValid() 
len(lockset.Votes): 3 lockset.EligibleVotesNum: 4
INFO [10-29|14:40:49] LockSet(R-1) is nil (rm.round should equal to zero) 
INFO [10-29|14:40:49] in HasQuorum 
INFO [10-29|14:40:49] In IsValid() 
len(lockset.Votes): 3 lockset.EligibleVotesNum: 4
INFO [10-29|14:40:49] in HasQuorum 
INFO [10-29|14:40:49] In IsValid() 
len(lockset.Votes): 3 lockset.EligibleVotesNum: 4
Create block blockhash :  [180 142 168 245 131 10 128 247 169 62 149 180 44 254 109 202 61 97 221 143 150 8 210 238 146 229 28 135 193 55 123 75]
INFO [10-29|14:40:49] In addBlockCandidates!! 
INFO [10-29|14:40:49] Send NewBlockProposalMsg:                LOG15_ERROR=                                                   LOG15_ERROR="Normalized odd number of arguments by adding nil"
INFO [10-29|14:40:49] Handle BFT Msg,                          msg="msg #18 (557 bytes)"
INFO [10-29|14:40:49] ------Received MsigProposalMsg------ 
mpHR: H: 9 R: 0 hash: [180 142 168 245 131 10 128 247 169 62 149 180 44 254 109 202 61 97 221 143 150 8 210 238 146 229 28 135 193 55 123 75]
cmHR: H: 9 R: 0
INFO [10-29|14:40:49] --------------------------------------- 
INFO [10-29|14:40:49] in MsigFinished 
len(mp.Msig.MsigVs): 2 mp.MsigVs: [0 27]
H====:  9 P==== 0
INFO [10-29|14:40:49] In addMsig I am leader 
mp= &{0xc42b490880 27 37383872771962678374049895753823127788020217189212372473975986584209831097073 10728964968263740225087924762230101797118391760272696052049934242751309582041 0xc4299233e0 9 0 [180 142 168 245 131 10 128 247 169 62 149 180 44 254 109 202 61 97 221 143 150 8 210 238 146 229 28 135 193 55 123 75] 0xc4260459a0 0xc4260459f0}
INFO [10-29|14:40:49] in MsigFinished 
len(mp.Msig.MsigVs): 2 mp.MsigVs: [0 27]
INFO [10-29|14:40:49] in bfthandler Send MsigProposalMsg 
INFO [10-29|14:40:49] Sending MsigProposalMsg 
INFO [10-29|14:40:49] Sending MsigProposalMsg 
INFO [10-29|14:40:49] Sending MsigProposalMsg 
INFO [10-29|14:40:49] ---------------in rm.vote----------------- 
INFO [10-29|14:40:49] in vote in RM                            height=9 round=0
INFO [10-29|14:40:49] Timeout time not reach, curr vs timeout: curr=1540795249.000 timeout=1540795254.000
INFO [10-29|14:40:49] in rm.process, check lockset HasQuorum 
INFO [10-29|14:40:49] in HasQuorum 
INFO [10-29|14:40:49] In IsValid() 
len(lockset.Votes): 0 lockset.EligibleVotesNum: 4
INFO [10-29|14:40:49] rm lockset is not valid yet 
INFO [10-29|14:40:49] after cm.process() 
INFO [10-29|14:40:49] ------addmsigproposal success!------- 
INFO [10-29|14:40:49] Handle BFT Msg,                          msg="msg #17 (107 bytes)"
INFO [10-29|14:40:49] ------Received VoteMsg------ 
voteHR: H: 9 R: 0 voteType:: 1 voteHash: [180 142 168 245 131 10 128 247 169 62 149 180 44 254 109 202 61 97 221 143 150 8 210 238 146 229 28 135 193 55 123 75]
cmHR: H: 9 R: 0
INFO [10-29|14:40:49] --------------------------------------- 
INFO [10-29|14:40:49] addVote to                               height=9 round=0 from=0xdceceaf3fc5c0a63d195d69b1a90011b7b19650d success=true cm.coinbase=0x7d577a597b2742b498cb5cf0c26cdcd726d39e6e
INFO [10-29|14:40:49] ------in handle VoteMsg, success!------ 
INFO [10-29|14:40:49] case: default, cm.process 
ready: 4 need: 2.6666667
INFO [10-29|14:40:49] ---------------process------------------ 
INFO [10-29|14:40:49] In RM Process                            height=9 round=0
INFO [10-29|14:40:49] --------In rm.propose------- 
INFO [10-29|14:40:49] I am a proposer in                       height=9 round=0
INFO [10-29|14:40:49] ---------------in rm.vote----------------- 
INFO [10-29|14:40:49] in vote in RM                            height=9 round=0
INFO [10-29|14:40:49] vote mp 
INFO [10-29|14:40:49] vote success in                          height=9 round=0
INFO [10-29|14:40:49] Send VoteMsg 
INFO [10-29|14:40:49] in rm.process, check lockset HasQuorum 
INFO [10-29|14:40:49] in HasQuorum 
INFO [10-29|14:40:49] In IsValid() 
len(lockset.Votes): 2 lockset.EligibleVotesNum: 4
INFO [10-29|14:40:49] rm lockset is not valid yet 
INFO [10-29|14:40:49] after cm.process() 
INFO [10-29|14:40:49] case: default, cm.process 
ready: 4 need: 2.6666667
INFO [10-29|14:40:49] ---------------process------------------ 
INFO [10-29|14:40:49] In RM Process                            height=9 round=0
INFO [10-29|14:40:49] --------In rm.propose------- 
INFO [10-29|14:40:49] I am a proposer in                       height=9 round=0
INFO [10-29|14:40:49] ---------------in rm.vote----------------- 
INFO [10-29|14:40:49] voted 
INFO [10-29|14:40:49] in rm.process, check lockset HasQuorum 
INFO [10-29|14:40:49] in HasQuorum 
INFO [10-29|14:40:49] In IsValid() 
len(lockset.Votes): 2 lockset.EligibleVotesNum: 4
INFO [10-29|14:40:49] rm lockset is not valid yet 
INFO [10-29|14:40:49] after cm.process() 
INFO [10-29|14:40:49] case: default, cm.process 
ready: 4 need: 2.6666667
INFO [10-29|14:40:49] ---------------process------------------ 
INFO [10-29|14:40:49] In RM Process                            height=9 round=0
INFO [10-29|14:40:49] --------In rm.propose------- 
INFO [10-29|14:40:49] I am a proposer in                       height=9 round=0
INFO [10-29|14:40:49] ---------------in rm.vote----------------- 
INFO [10-29|14:40:49] voted 
INFO [10-29|14:40:49] in rm.process, check lockset HasQuorum 
INFO [10-29|14:40:49] in HasQuorum 
INFO [10-29|14:40:49] In IsValid() 
len(lockset.Votes): 2 lockset.EligibleVotesNum: 4
INFO [10-29|14:40:49] rm lockset is not valid yet 
INFO [10-29|14:40:49] after cm.process() 
INFO [10-29|14:40:49] case: default, cm.process 
ready: 4 need: 2.6666667
INFO [10-29|14:40:49] ---------------process------------------ 
INFO [10-29|14:40:49] In RM Process                            height=9 round=0
INFO [10-29|14:40:49] --------In rm.propose------- 
INFO [10-29|14:40:49] I am a proposer in                       height=9 round=0
INFO [10-29|14:40:49] ---------------in rm.vote----------------- 
INFO [10-29|14:40:49] voted 
INFO [10-29|14:40:49] in rm.process, check lockset HasQuorum 
INFO [10-29|14:40:49] in HasQuorum 
INFO [10-29|14:40:49] In IsValid() 
len(lockset.Votes): 2 lockset.EligibleVotesNum: 4
INFO [10-29|14:40:49] rm lockset is not valid yet 
INFO [10-29|14:40:49] after cm.process() 
INFO [10-29|14:40:50] Handle BFT Msg,                          msg="msg #17 (107 bytes)"
INFO [10-29|14:40:50] ------Received VoteMsg------ 
voteHR: H: 9 R: 0 voteType:: 1 voteHash: [180 142 168 245 131 10 128 247 169 62 149 180 44 254 109 202 61 97 221 143 150 8 210 238 146 229 28 135 193 55 123 75]
cmHR: H: 9 R: 0
INFO [10-29|14:40:50] --------------------------------------- 
INFO [10-29|14:40:50] addVote to                               height=9 round=0 from=0x598443f1880ef585b21f1d7585bd0577402861e5 success=true cm.coinbase=0x7d577a597b2742b498cb5cf0c26cdcd726d39e6e
INFO [10-29|14:40:50] ------in handle VoteMsg, success!------ 
INFO [10-29|14:40:50] case: default, cm.process 
ready: 4 need: 2.6666667
INFO [10-29|14:40:50] ---------------process------------------ 
INFO [10-29|14:40:50] In RM Process                            height=9 round=0
INFO [10-29|14:40:50] --------In rm.propose------- 
INFO [10-29|14:40:50] I am a proposer in                       height=9 round=0
INFO [10-29|14:40:50] ---------------in rm.vote----------------- 
INFO [10-29|14:40:50] voted 
INFO [10-29|14:40:50] in rm.process, check lockset HasQuorum 
INFO [10-29|14:40:50] in HasQuorum 
INFO [10-29|14:40:50] In IsValid() 
len(lockset.Votes): 3 lockset.EligibleVotesNum: 4
INFO [10-29|14:40:50] There is a quorum                        height=9 round=0
INFO [10-29|14:40:50] ============in cm.commitLockset============ 
INFO [10-29|14:40:50] in commitLockset, check ls HasQuorum 
INFO [10-29|14:40:50] in HasQuorum 
INFO [10-29|14:40:50] In IsValid() 
len(lockset.Votes): 3 lockset.EligibleVotesNum: 4
INFO [10-29|14:40:50] cm.found is not nil 
INFO [10-29|14:40:50] store lockset 
INFO [10-29|14:40:50] ---storeLockset--- 
INFO [10-29|14:40:50] after cm.process() 
INFO [10-29|14:40:50] have a consensus on the block 
ConsensusTime, 662914523 , txs, 1604 , blockNum, 9
FinishedConsensus, 1540795250028416000
INFO [10-29|14:40:50] Successfully sealed new block            number=9 hash=b48ea8…377b4b
INFO [10-29|14:40:50] === Finished Mine() === 
INFO [10-29|14:40:50] 🔨 mined potential block                  number=9 hash=b48ea8…377b4b
INFO [10-29|14:40:50] in pool.evenLoop, call pool.resetState 
./node2.sh: line 16:  2190 Terminated: 15          ../build/bin/geth --networkid 2234 --port 30304 --rpcport 8546 --datadir "data/node2" --nodiscover --rpc --rpccorsdomain "*" --rpcapi "eth,net,web3,debug" --bft --allow-empty --num-validators 4 --node-num 1
